[2024-09-08T18:01:00.391-0300] {local_task_job_runner.py:123} INFO - ::group::Pre task execution logs
[2024-09-08T18:01:00.403-0300] {taskinstance.py:2612} INFO - Dependencies all met for dep_context=non-requeueable deps ti=<TaskInstance: dag_save_database_raw.dag_save_database_raw scheduled__2024-08-12T00:01:00+00:00 [queued]>
[2024-09-08T18:01:00.410-0300] {taskinstance.py:2612} INFO - Dependencies all met for dep_context=requeueable deps ti=<TaskInstance: dag_save_database_raw.dag_save_database_raw scheduled__2024-08-12T00:01:00+00:00 [queued]>
[2024-09-08T18:01:00.412-0300] {taskinstance.py:2865} INFO - Starting attempt 1 of 11
[2024-09-08T18:01:00.436-0300] {taskinstance.py:2888} INFO - Executing <Task(BashOperator): dag_save_database_raw> on 2024-08-12 00:01:00+00:00
[2024-09-08T18:01:00.439-0300] {standard_task_runner.py:72} INFO - Started process 61137 to run task
[2024-09-08T18:01:00.440-0300] {standard_task_runner.py:104} INFO - Running: ['airflow', 'tasks', 'run', 'dag_save_database_raw', 'dag_save_database_raw', 'scheduled__2024-08-12T00:01:00+00:00', '--job-id', '16', '--raw', '--subdir', 'DAGS_FOLDER/dag_save_database_raw.py', '--cfg-path', '/tmp/tmpk661jw8x']
[2024-09-08T18:01:00.442-0300] {standard_task_runner.py:105} INFO - Job 16: Subtask dag_save_database_raw
[2024-09-08T18:01:00.494-0300] {task_command.py:467} INFO - Running <TaskInstance: dag_save_database_raw.dag_save_database_raw scheduled__2024-08-12T00:01:00+00:00 [running]> on host DESKTOP-0CT35O1.
[2024-09-08T18:01:00.569-0300] {taskinstance.py:3131} INFO - Exporting env vars: AIRFLOW_CTX_DAG_OWNER='Matheus' AIRFLOW_CTX_DAG_ID='dag_save_database_raw' AIRFLOW_CTX_TASK_ID='dag_save_database_raw' AIRFLOW_CTX_EXECUTION_DATE='2024-08-12T00:01:00+00:00' AIRFLOW_CTX_TRY_NUMBER='1' AIRFLOW_CTX_DAG_RUN_ID='scheduled__2024-08-12T00:01:00+00:00'
[2024-09-08T18:01:00.571-0300] {logging_mixin.py:190} INFO - Task instance is in running state
[2024-09-08T18:01:00.572-0300] {logging_mixin.py:190} INFO -  Previous state of the Task instance: queued
[2024-09-08T18:01:00.573-0300] {logging_mixin.py:190} INFO - Current task name:dag_save_database_raw state:running start_date:2024-09-08 21:01:00.404218+00:00
[2024-09-08T18:01:00.574-0300] {logging_mixin.py:190} INFO - Dag name:dag_save_database_raw and current dag run status:running
[2024-09-08T18:01:00.575-0300] {taskinstance.py:731} INFO - ::endgroup::
[2024-09-08T18:01:00.577-0300] {subprocess.py:63} INFO - Tmp dir root location: /tmp
[2024-09-08T18:01:00.579-0300] {subprocess.py:75} INFO - Running command: ['/usr/bin/bash', '-c', "python '/mnt/c/Users/teu20/Documents/Poli/Repo/eEDB011-20243/atividade 6 - WSL/save_database.py'"]
[2024-09-08T18:01:00.584-0300] {subprocess.py:86} INFO - Output:
[2024-09-08T18:01:05.273-0300] {subprocess.py:93} INFO - 24/09/08 18:01:05 WARN Utils: Your hostname, DESKTOP-0CT35O1 resolves to a loopback address: 127.0.1.1; using 10.255.255.254 instead (on interface lo)
[2024-09-08T18:01:05.276-0300] {subprocess.py:93} INFO - 24/09/08 18:01:05 WARN Utils: Set SPARK_LOCAL_IP if you need to bind to another address
[2024-09-08T18:01:05.772-0300] {subprocess.py:93} INFO - 24/09/08 18:01:05 WARN NativeCodeLoader: Unable to load native-hadoop library for your platform... using builtin-java classes where applicable
[2024-09-08T18:01:05.928-0300] {subprocess.py:93} INFO - Setting default log level to "WARN".
[2024-09-08T18:01:05.930-0300] {subprocess.py:93} INFO - To adjust logging level use sc.setLogLevel(newLevel). For SparkR, use setLogLevel(newLevel).
[2024-09-08T18:01:13.309-0300] {subprocess.py:93} INFO - [Stage 1:>                                                          (0 + 1) / 1]                                                                                24/09/08 18:01:13 WARN SparkStringUtils: Truncated the string representation of a plan since it was too large. This behavior can be adjusted by setting 'spark.sql.debug.maxToStringFields'.
[2024-09-08T18:01:14.789-0300] {subprocess.py:97} INFO - Command exited with return code 0
[2024-09-08T18:01:14.820-0300] {taskinstance.py:340} INFO - ::group::Post task execution logs
[2024-09-08T18:01:14.821-0300] {taskinstance.py:352} INFO - Marking task as SUCCESS. dag_id=dag_save_database_raw, task_id=dag_save_database_raw, run_id=scheduled__2024-08-12T00:01:00+00:00, execution_date=20240812T000100, start_date=20240908T210100, end_date=20240908T210114
[2024-09-08T18:01:14.843-0300] {logging_mixin.py:190} INFO - Task instance in success state
[2024-09-08T18:01:14.844-0300] {logging_mixin.py:190} INFO -  Previous state of the Task instance: running
[2024-09-08T18:01:14.845-0300] {logging_mixin.py:190} INFO - Dag name:dag_save_database_raw queued_at:2024-09-08 21:00:46.635709+00:00
[2024-09-08T18:01:14.846-0300] {logging_mixin.py:190} INFO - Task hostname:DESKTOP-0CT35O1. operator:BashOperator
[2024-09-08T18:01:14.852-0300] {local_task_job_runner.py:266} INFO - Task exited with return code 0
[2024-09-08T18:01:14.864-0300] {taskinstance.py:3900} INFO - 0 downstream tasks scheduled from follow-on schedule check
[2024-09-08T18:01:14.866-0300] {local_task_job_runner.py:245} INFO - ::endgroup::
