[2024-09-09T17:47:19.809-0300] {local_task_job_runner.py:123} INFO - ::group::Pre task execution logs
[2024-09-09T17:47:19.821-0300] {taskinstance.py:2612} INFO - Dependencies all met for dep_context=non-requeueable deps ti=<TaskInstance: get_data_raw.get_data_raw manual__2024-09-09T20:46:26.586302+00:00 [queued]>
[2024-09-09T17:47:19.830-0300] {taskinstance.py:2612} INFO - Dependencies all met for dep_context=requeueable deps ti=<TaskInstance: get_data_raw.get_data_raw manual__2024-09-09T20:46:26.586302+00:00 [queued]>
[2024-09-09T17:47:19.830-0300] {taskinstance.py:2865} INFO - Starting attempt 1 of 2
[2024-09-09T17:47:19.856-0300] {taskinstance.py:2888} INFO - Executing <Task(BashOperator): get_data_raw> on 2024-09-09 20:46:26.586302+00:00
[2024-09-09T17:47:19.859-0300] {standard_task_runner.py:72} INFO - Started process 162291 to run task
[2024-09-09T17:47:19.861-0300] {standard_task_runner.py:104} INFO - Running: ['airflow', 'tasks', 'run', 'get_data_raw', 'get_data_raw', 'manual__2024-09-09T20:46:26.586302+00:00', '--job-id', '41', '--raw', '--subdir', 'DAGS_FOLDER/dag_get_data_raw.py', '--cfg-path', '/tmp/tmp9w3g0uhe']
[2024-09-09T17:47:19.862-0300] {standard_task_runner.py:105} INFO - Job 41: Subtask get_data_raw
[2024-09-09T17:47:19.915-0300] {task_command.py:467} INFO - Running <TaskInstance: get_data_raw.get_data_raw manual__2024-09-09T20:46:26.586302+00:00 [running]> on host DESKTOP-0CT35O1.
[2024-09-09T17:47:19.994-0300] {taskinstance.py:3131} INFO - Exporting env vars: AIRFLOW_CTX_DAG_OWNER='Matheus' AIRFLOW_CTX_DAG_ID='get_data_raw' AIRFLOW_CTX_TASK_ID='get_data_raw' AIRFLOW_CTX_EXECUTION_DATE='2024-09-09T20:46:26.586302+00:00' AIRFLOW_CTX_TRY_NUMBER='1' AIRFLOW_CTX_DAG_RUN_ID='manual__2024-09-09T20:46:26.586302+00:00'
[2024-09-09T17:47:19.995-0300] {logging_mixin.py:190} INFO - Task instance is in running state
[2024-09-09T17:47:19.996-0300] {logging_mixin.py:190} INFO -  Previous state of the Task instance: queued
[2024-09-09T17:47:19.998-0300] {logging_mixin.py:190} INFO - Current task name:get_data_raw state:running start_date:2024-09-09 20:47:19.823116+00:00
[2024-09-09T17:47:19.999-0300] {logging_mixin.py:190} INFO - Dag name:get_data_raw and current dag run status:running
[2024-09-09T17:47:20.000-0300] {taskinstance.py:731} INFO - ::endgroup::
[2024-09-09T17:47:20.001-0300] {subprocess.py:63} INFO - Tmp dir root location: /tmp
[2024-09-09T17:47:20.004-0300] {subprocess.py:75} INFO - Running command: ['/usr/bin/bash', '-c', "python '/mnt/c/Users/teu20/Documents/Poli/Repo/eEDB011-20243/atividade 6 - WSL/get_data_raw.py'"]
[2024-09-09T17:47:20.008-0300] {subprocess.py:86} INFO - Output:
[2024-09-09T17:47:24.960-0300] {subprocess.py:93} INFO - 24/09/09 17:47:24 WARN Utils: Your hostname, DESKTOP-0CT35O1 resolves to a loopback address: 127.0.1.1; using 10.255.255.254 instead (on interface lo)
[2024-09-09T17:47:24.963-0300] {subprocess.py:93} INFO - 24/09/09 17:47:24 WARN Utils: Set SPARK_LOCAL_IP if you need to bind to another address
[2024-09-09T17:47:25.418-0300] {subprocess.py:93} INFO - Setting default log level to "WARN".
[2024-09-09T17:47:25.419-0300] {subprocess.py:93} INFO - To adjust logging level use sc.setLogLevel(newLevel). For SparkR, use setLogLevel(newLevel).
[2024-09-09T17:47:25.681-0300] {subprocess.py:93} INFO - 24/09/09 17:47:25 WARN NativeCodeLoader: Unable to load native-hadoop library for your platform... using builtin-java classes where applicable
[2024-09-09T17:47:35.795-0300] {subprocess.py:93} INFO - [Stage 1:>                                                          (0 + 1) / 1]
[2024-09-09T17:47:35.796-0300] {subprocess.py:97} INFO - Command exited with return code 0
[2024-09-09T17:47:35.827-0300] {taskinstance.py:340} INFO - ::group::Post task execution logs
[2024-09-09T17:47:35.828-0300] {taskinstance.py:352} INFO - Marking task as SUCCESS. dag_id=get_data_raw, task_id=get_data_raw, run_id=manual__2024-09-09T20:46:26.586302+00:00, execution_date=20240909T204626, start_date=20240909T204719, end_date=20240909T204735
[2024-09-09T17:47:35.849-0300] {logging_mixin.py:190} INFO - Task instance in success state
[2024-09-09T17:47:35.851-0300] {logging_mixin.py:190} INFO -  Previous state of the Task instance: running
[2024-09-09T17:47:35.852-0300] {logging_mixin.py:190} INFO - Dag name:get_data_raw queued_at:2024-09-09 20:46:26.630488+00:00
[2024-09-09T17:47:35.853-0300] {logging_mixin.py:190} INFO - Task hostname:DESKTOP-0CT35O1. operator:BashOperator
[2024-09-09T17:47:35.888-0300] {local_task_job_runner.py:266} INFO - Task exited with return code 0
[2024-09-09T17:47:35.900-0300] {taskinstance.py:3900} INFO - 0 downstream tasks scheduled from follow-on schedule check
[2024-09-09T17:47:35.902-0300] {local_task_job_runner.py:245} INFO - ::endgroup::
