[2024-09-08T19:03:53.546-0300] {local_task_job_runner.py:123} INFO - ::group::Pre task execution logs
[2024-09-08T19:03:53.558-0300] {taskinstance.py:2612} INFO - Dependencies all met for dep_context=non-requeueable deps ti=<TaskInstance: get_data_raw.get_data_raw manual__2024-09-08T22:03:06.466748+00:00 [queued]>
[2024-09-08T19:03:53.566-0300] {taskinstance.py:2612} INFO - Dependencies all met for dep_context=requeueable deps ti=<TaskInstance: get_data_raw.get_data_raw manual__2024-09-08T22:03:06.466748+00:00 [queued]>
[2024-09-08T19:03:53.567-0300] {taskinstance.py:2865} INFO - Starting attempt 1 of 11
[2024-09-08T19:03:53.592-0300] {taskinstance.py:2888} INFO - Executing <Task(BashOperator): get_data_raw> on 2024-09-08 22:03:06.466748+00:00
[2024-09-08T19:03:53.595-0300] {standard_task_runner.py:72} INFO - Started process 70173 to run task
[2024-09-08T19:03:53.597-0300] {standard_task_runner.py:104} INFO - Running: ['airflow', 'tasks', 'run', 'get_data_raw', 'get_data_raw', 'manual__2024-09-08T22:03:06.466748+00:00', '--job-id', '19', '--raw', '--subdir', 'DAGS_FOLDER/dag_get_data_raw.py', '--cfg-path', '/tmp/tmpetsyn3ss']
[2024-09-08T19:03:53.598-0300] {standard_task_runner.py:105} INFO - Job 19: Subtask get_data_raw
[2024-09-08T19:03:53.653-0300] {task_command.py:467} INFO - Running <TaskInstance: get_data_raw.get_data_raw manual__2024-09-08T22:03:06.466748+00:00 [running]> on host DESKTOP-0CT35O1.
[2024-09-08T19:03:53.727-0300] {taskinstance.py:3131} INFO - Exporting env vars: AIRFLOW_CTX_DAG_OWNER='Matheus' AIRFLOW_CTX_DAG_ID='get_data_raw' AIRFLOW_CTX_TASK_ID='get_data_raw' AIRFLOW_CTX_EXECUTION_DATE='2024-09-08T22:03:06.466748+00:00' AIRFLOW_CTX_TRY_NUMBER='1' AIRFLOW_CTX_DAG_RUN_ID='manual__2024-09-08T22:03:06.466748+00:00'
[2024-09-08T19:03:53.729-0300] {logging_mixin.py:190} INFO - Task instance is in running state
[2024-09-08T19:03:53.730-0300] {logging_mixin.py:190} INFO -  Previous state of the Task instance: queued
[2024-09-08T19:03:53.731-0300] {logging_mixin.py:190} INFO - Current task name:get_data_raw state:running start_date:2024-09-08 22:03:53.559937+00:00
[2024-09-08T19:03:53.732-0300] {logging_mixin.py:190} INFO - Dag name:get_data_raw and current dag run status:running
[2024-09-08T19:03:53.733-0300] {taskinstance.py:731} INFO - ::endgroup::
[2024-09-08T19:03:53.735-0300] {subprocess.py:63} INFO - Tmp dir root location: /tmp
[2024-09-08T19:03:53.736-0300] {subprocess.py:75} INFO - Running command: ['/usr/bin/bash', '-c', "python '/mnt/c/Users/teu20/Documents/Poli/Repo/eEDB011-20243/atividade 6 - WSL/get_data_raw.py'"]
[2024-09-08T19:03:53.741-0300] {subprocess.py:86} INFO - Output:
[2024-09-08T19:03:58.702-0300] {subprocess.py:93} INFO - 24/09/08 19:03:58 WARN Utils: Your hostname, DESKTOP-0CT35O1 resolves to a loopback address: 127.0.1.1; using 10.255.255.254 instead (on interface lo)
[2024-09-08T19:03:58.705-0300] {subprocess.py:93} INFO - 24/09/08 19:03:58 WARN Utils: Set SPARK_LOCAL_IP if you need to bind to another address
[2024-09-08T19:03:59.214-0300] {subprocess.py:93} INFO - Setting default log level to "WARN".
[2024-09-08T19:03:59.216-0300] {subprocess.py:93} INFO - To adjust logging level use sc.setLogLevel(newLevel). For SparkR, use setLogLevel(newLevel).
[2024-09-08T19:03:59.412-0300] {subprocess.py:93} INFO - 24/09/08 19:03:59 WARN NativeCodeLoader: Unable to load native-hadoop library for your platform... using builtin-java classes where applicable
[2024-09-08T19:04:07.868-0300] {subprocess.py:93} INFO - [Stage 1:>                                                          (0 + 1) / 1]                                                                                +----+---------+------------------------------------------------------+----------------+--------+----------------------------------------------------------------+------+-----------------------------------------------+--------------------------------------------+---------------------------------------+-------------------------------+----------------------------------------+----------------------------+----------------------------+
[2024-09-08T19:04:07.870-0300] {subprocess.py:93} INFO - |Ano |Trimestre|Categoria                                             |Tipo            |CNPJ IF |Instituição financeira                                          |Índice|Quantidade de reclamações reguladas procedentes|Quantidade de reclamações reguladas - outras|Quantidade de reclamações não reguladas|Quantidade total de reclamações|Quantidade total de clientes  CCS e SCR|Quantidade de clientes  CCS|Quantidade de clientes  SCR|
[2024-09-08T19:04:07.871-0300] {subprocess.py:93} INFO - +----+---------+------------------------------------------------------+----------------+--------+----------------------------------------------------------------+------+-----------------------------------------------+--------------------------------------------+---------------------------------------+-------------------------------+----------------------------------------+----------------------------+----------------------------+
[2024-09-08T19:04:07.873-0300] {subprocess.py:93} INFO - |2022|3º       |Demais Bancos, Financeiras e Instituições de Pagamento|Conglomerado    |        |ABC-BRASIL (conglomerado)                                       |      |4                                              |7                                           |3                                      |14                             |50720                                   |47485                       |6932                        |
[2024-09-08T19:04:07.874-0300] {subprocess.py:93} INFO - |2022|3º       |Demais Bancos, Financeiras e Instituições de Pagamento|Conglomerado    |        |ABN AMRO (conglomerado)                                         |      |0                                              |0                                           |1                                      |1                              |0                                       |0                           |                            |
[2024-09-08T19:04:07.875-0300] {subprocess.py:93} INFO - |2022|3º       |Demais Bancos, Financeiras e Instituições de Pagamento|Banco/financeira|13140088|ACESSO SOLUÇÕES DE PAGAMENTO S.A.                               |14,70 |75                                             |128                                         |9                                      |212                            |5098671                                 |5098661                     |19396                       |
[2024-09-08T19:04:07.876-0300] {subprocess.py:93} INFO - |2022|3º       |Demais Bancos, Financeiras e Instituições de Pagamento|Conglomerado    |        |AGIBANK (conglomerado)                                          |96,00 |182                                            |262                                         |95                                     |539                            |1895683                                 |1540134                     |1176067                     |
[2024-09-08T19:04:07.877-0300] {subprocess.py:93} INFO - |2022|3º       |Demais Bancos, Financeiras e Instituições de Pagamento|Banco/financeira|36321990|AGORACRED S/A SOCIEDADE DE CRÉDITO, FINANCIAMENTO E INVESTIMENTO|      |4                                              |4                                           |2                                      |10                             |534795                                  |133                         |534662                      |
[2024-09-08T19:04:07.878-0300] {subprocess.py:93} INFO - |2022|3º       |Demais Bancos, Financeiras e Instituições de Pagamento|Banco/financeira|27214112|AL5 S.A. CRÉDITO, FINANCIAMENTO E INVESTIMENTO                  |      |10                                             |3                                           |2                                      |15                             |30959                                   |19706                       |16841                       |
[2024-09-08T19:04:07.879-0300] {subprocess.py:93} INFO - |2022|3º       |Demais Bancos, Financeiras e Instituições de Pagamento|Conglomerado    |        |ALFA (conglomerado)                                             |      |23                                             |48                                          |9                                      |80                             |436746                                  |267423                      |170417                      |
[2024-09-08T19:04:07.881-0300] {subprocess.py:93} INFO - |2022|3º       |Demais Bancos, Financeiras e Instituições de Pagamento|Banco/financeira|32778350|AME DIGITAL BRASIL INSTITUICAO DE PAGAMENTO LTDA                |      |6                                              |31                                          |90                                     |127                            |0                                       |0                           |0                           |
[2024-09-08T19:04:07.882-0300] {subprocess.py:93} INFO - |2022|3º       |Demais Bancos, Financeiras e Instituições de Pagamento|Conglomerado    |        |ANDBANK (conglomerado)                                          |      |0                                              |2                                           |2                                      |4                              |4302                                    |4302                        |29                          |
[2024-09-08T19:04:07.883-0300] {subprocess.py:93} INFO - |2022|3º       |Demais Bancos, Financeiras e Instituições de Pagamento|Banco/financeira|19540550|ASAAS GESTÃO FINANCEIRA INSTITUIÇÃO DE PAGAMENTO S.A.           |      |8                                              |42                                          |5                                      |55                             |404447                                  |404447                      |                            |
[2024-09-08T19:04:07.884-0300] {subprocess.py:93} INFO - |2022|3º       |Demais Bancos, Financeiras e Instituições de Pagamento|Banco/financeira|54403563|BANCO ARBI S.A.                                                 |      |14                                             |8                                           |0                                      |22                             |84526                                   |75882                       |10846                       |
[2024-09-08T19:04:07.885-0300] {subprocess.py:93} INFO - |2022|3º       |Demais Bancos, Financeiras e Instituições de Pagamento|Banco/financeira|00997185|BANCO B3 S.A.                                                   |      |0                                              |1                                           |1                                      |2                              |896                                     |896                         |                            |
[2024-09-08T19:04:07.886-0300] {subprocess.py:93} INFO - |2022|3º       |Demais Bancos, Financeiras e Instituições de Pagamento|Banco/financeira|02658435|BANCO CATERPILLAR S.A.                                          |      |1                                              |0                                           |0                                      |1                              |3325                                    |                            |3325                        |
[2024-09-08T19:04:07.888-0300] {subprocess.py:93} INFO - |2022|3º       |Demais Bancos, Financeiras e Instituições de Pagamento|Banco/financeira|33132044|BANCO CEDULA S.A.                                               |      |0                                              |1                                           |1                                      |2                              |18010                                   |2805                        |15425                       |
[2024-09-08T19:04:07.889-0300] {subprocess.py:93} INFO - |2022|3º       |Demais Bancos, Financeiras e Instituições de Pagamento|Banco/financeira|02992446|BANCO CNH INDUSTRIAL CAPITAL S.A.                               |      |0                                              |2                                           |2                                      |4                              |28887                                   |1290                        |27778                       |
[2024-09-08T19:04:07.890-0300] {subprocess.py:93} INFO - |2022|3º       |Demais Bancos, Financeiras e Instituições de Pagamento|Banco/financeira|08357240|BANCO CSF S.A.                                                  |9,98  |77                                             |72                                          |43                                     |192                            |7707988                                 |                            |7707988                     |
[2024-09-08T19:04:07.891-0300] {subprocess.py:93} INFO - |2022|3º       |Demais Bancos, Financeiras e Instituições de Pagamento|Banco/financeira|04902979|BANCO DA AMAZONIA S.A.                                          |      |6                                              |7                                           |10                                     |23                             |507169                                  |507169                      |                            |
[2024-09-08T19:04:07.892-0300] {subprocess.py:93} INFO - |2022|3º       |Demais Bancos, Financeiras e Instituições de Pagamento|Banco/financeira|33042151|BANCO DE LA NACION ARGENTINA                                    |      |0                                              |2                                           |0                                      |2                              |267                                     |255                         |22                          |
[2024-09-08T19:04:07.893-0300] {subprocess.py:93} INFO - |2022|3º       |Demais Bancos, Financeiras e Instituições de Pagamento|Banco/financeira|05040481|BANCO DE LAGE LANDEN BRASIL S.A.                                |      |0                                              |0                                           |1                                      |1                              |35292                                   |4                           |35289                       |
[2024-09-08T19:04:07.894-0300] {subprocess.py:93} INFO - |2022|3º       |Demais Bancos, Financeiras e Instituições de Pagamento|Banco/financeira|92874270|BANCO DIGIMAIS S.A.                                             |424,80|132                                            |31                                          |33                                     |196                            |310734                                  |142304                      |203761                      |
[2024-09-08T19:04:07.896-0300] {subprocess.py:93} INFO - +----+---------+------------------------------------------------------+----------------+--------+----------------------------------------------------------------+------+-----------------------------------------------+--------------------------------------------+---------------------------------------+-------------------------------+----------------------------------------+----------------------------+----------------------------+
[2024-09-08T19:04:07.897-0300] {subprocess.py:93} INFO - only showing top 20 rows
[2024-09-08T19:04:08.592-0300] {subprocess.py:93} INFO - 
[2024-09-08T19:04:09.008-0300] {subprocess.py:97} INFO - Command exited with return code 0
[2024-09-08T19:04:09.040-0300] {taskinstance.py:340} INFO - ::group::Post task execution logs
[2024-09-08T19:04:09.042-0300] {taskinstance.py:352} INFO - Marking task as SUCCESS. dag_id=get_data_raw, task_id=get_data_raw, run_id=manual__2024-09-08T22:03:06.466748+00:00, execution_date=20240908T220306, start_date=20240908T220353, end_date=20240908T220409
[2024-09-08T19:04:09.062-0300] {logging_mixin.py:190} INFO - Task instance in success state
[2024-09-08T19:04:09.064-0300] {logging_mixin.py:190} INFO -  Previous state of the Task instance: running
[2024-09-08T19:04:09.065-0300] {logging_mixin.py:190} INFO - Dag name:get_data_raw queued_at:2024-09-08 22:03:06.511260+00:00
[2024-09-08T19:04:09.066-0300] {logging_mixin.py:190} INFO - Task hostname:DESKTOP-0CT35O1. operator:BashOperator
[2024-09-08T19:04:09.087-0300] {local_task_job_runner.py:266} INFO - Task exited with return code 0
[2024-09-08T19:04:09.099-0300] {taskinstance.py:3900} INFO - 0 downstream tasks scheduled from follow-on schedule check
[2024-09-08T19:04:09.101-0300] {local_task_job_runner.py:245} INFO - ::endgroup::
