[2024-09-09T21:00:22.643-0300] {processor.py:186} INFO - Started process (PID=261460) to work on /mnt/c/Users/teu20/Documents/Poli/Repo/eEDB011-20243/atividade 6 - WSL/airflow/airflow_env/lib/python3.10/site-packages/airflow/example_dags/example_dag_decorator.py
[2024-09-09T21:00:22.644-0300] {processor.py:914} INFO - Processing file /mnt/c/Users/teu20/Documents/Poli/Repo/eEDB011-20243/atividade 6 - WSL/airflow/airflow_env/lib/python3.10/site-packages/airflow/example_dags/example_dag_decorator.py for tasks to queue
[2024-09-09T21:00:22.646-0300] {logging_mixin.py:190} INFO - [2024-09-09T21:00:22.645-0300] {dagbag.py:587} INFO - Filling up the DagBag from /mnt/c/Users/teu20/Documents/Poli/Repo/eEDB011-20243/atividade 6 - WSL/airflow/airflow_env/lib/python3.10/site-packages/airflow/example_dags/example_dag_decorator.py
[2024-09-09T21:00:22.667-0300] {processor.py:925} INFO - DAG(s) 'example_dag_decorator' retrieved from /mnt/c/Users/teu20/Documents/Poli/Repo/eEDB011-20243/atividade 6 - WSL/airflow/airflow_env/lib/python3.10/site-packages/airflow/example_dags/example_dag_decorator.py
[2024-09-09T21:00:23.437-0300] {logging_mixin.py:190} INFO - [2024-09-09T21:00:23.437-0300] {dag.py:3229} INFO - Sync 1 DAGs
[2024-09-09T21:00:23.444-0300] {logging_mixin.py:190} INFO - [2024-09-09T21:00:23.444-0300] {dag.py:4156} INFO - Setting next_dagrun for example_dag_decorator to None, run_after=None
[2024-09-09T21:00:23.461-0300] {processor.py:208} INFO - Processing /mnt/c/Users/teu20/Documents/Poli/Repo/eEDB011-20243/atividade 6 - WSL/airflow/airflow_env/lib/python3.10/site-packages/airflow/example_dags/example_dag_decorator.py took 0.826 seconds
[2024-09-09T21:00:53.766-0300] {processor.py:186} INFO - Started process (PID=262204) to work on /mnt/c/Users/teu20/Documents/Poli/Repo/eEDB011-20243/atividade 6 - WSL/airflow/airflow_env/lib/python3.10/site-packages/airflow/example_dags/example_dag_decorator.py
[2024-09-09T21:00:53.767-0300] {processor.py:914} INFO - Processing file /mnt/c/Users/teu20/Documents/Poli/Repo/eEDB011-20243/atividade 6 - WSL/airflow/airflow_env/lib/python3.10/site-packages/airflow/example_dags/example_dag_decorator.py for tasks to queue
[2024-09-09T21:00:53.769-0300] {logging_mixin.py:190} INFO - [2024-09-09T21:00:53.768-0300] {dagbag.py:587} INFO - Filling up the DagBag from /mnt/c/Users/teu20/Documents/Poli/Repo/eEDB011-20243/atividade 6 - WSL/airflow/airflow_env/lib/python3.10/site-packages/airflow/example_dags/example_dag_decorator.py
[2024-09-09T21:00:53.786-0300] {processor.py:925} INFO - DAG(s) 'example_dag_decorator' retrieved from /mnt/c/Users/teu20/Documents/Poli/Repo/eEDB011-20243/atividade 6 - WSL/airflow/airflow_env/lib/python3.10/site-packages/airflow/example_dags/example_dag_decorator.py
[2024-09-09T21:00:54.548-0300] {logging_mixin.py:190} INFO - [2024-09-09T21:00:54.548-0300] {dag.py:3229} INFO - Sync 1 DAGs
[2024-09-09T21:00:54.555-0300] {logging_mixin.py:190} INFO - [2024-09-09T21:00:54.555-0300] {dag.py:4156} INFO - Setting next_dagrun for example_dag_decorator to None, run_after=None
[2024-09-09T21:00:54.571-0300] {processor.py:208} INFO - Processing /mnt/c/Users/teu20/Documents/Poli/Repo/eEDB011-20243/atividade 6 - WSL/airflow/airflow_env/lib/python3.10/site-packages/airflow/example_dags/example_dag_decorator.py took 0.812 seconds
[2024-09-09T21:01:24.806-0300] {processor.py:186} INFO - Started process (PID=262668) to work on /mnt/c/Users/teu20/Documents/Poli/Repo/eEDB011-20243/atividade 6 - WSL/airflow/airflow_env/lib/python3.10/site-packages/airflow/example_dags/example_dag_decorator.py
[2024-09-09T21:01:24.808-0300] {processor.py:914} INFO - Processing file /mnt/c/Users/teu20/Documents/Poli/Repo/eEDB011-20243/atividade 6 - WSL/airflow/airflow_env/lib/python3.10/site-packages/airflow/example_dags/example_dag_decorator.py for tasks to queue
[2024-09-09T21:01:24.809-0300] {logging_mixin.py:190} INFO - [2024-09-09T21:01:24.809-0300] {dagbag.py:587} INFO - Filling up the DagBag from /mnt/c/Users/teu20/Documents/Poli/Repo/eEDB011-20243/atividade 6 - WSL/airflow/airflow_env/lib/python3.10/site-packages/airflow/example_dags/example_dag_decorator.py
[2024-09-09T21:01:24.831-0300] {processor.py:925} INFO - DAG(s) 'example_dag_decorator' retrieved from /mnt/c/Users/teu20/Documents/Poli/Repo/eEDB011-20243/atividade 6 - WSL/airflow/airflow_env/lib/python3.10/site-packages/airflow/example_dags/example_dag_decorator.py
[2024-09-09T21:01:25.644-0300] {logging_mixin.py:190} INFO - [2024-09-09T21:01:25.643-0300] {dag.py:3229} INFO - Sync 1 DAGs
[2024-09-09T21:01:25.652-0300] {logging_mixin.py:190} INFO - [2024-09-09T21:01:25.651-0300] {dag.py:4156} INFO - Setting next_dagrun for example_dag_decorator to None, run_after=None
[2024-09-09T21:01:25.668-0300] {processor.py:208} INFO - Processing /mnt/c/Users/teu20/Documents/Poli/Repo/eEDB011-20243/atividade 6 - WSL/airflow/airflow_env/lib/python3.10/site-packages/airflow/example_dags/example_dag_decorator.py took 0.870 seconds
[2024-09-09T21:01:57.154-0300] {processor.py:186} INFO - Started process (PID=263161) to work on /mnt/c/Users/teu20/Documents/Poli/Repo/eEDB011-20243/atividade 6 - WSL/airflow/airflow_env/lib/python3.10/site-packages/airflow/example_dags/example_dag_decorator.py
[2024-09-09T21:01:57.155-0300] {processor.py:914} INFO - Processing file /mnt/c/Users/teu20/Documents/Poli/Repo/eEDB011-20243/atividade 6 - WSL/airflow/airflow_env/lib/python3.10/site-packages/airflow/example_dags/example_dag_decorator.py for tasks to queue
[2024-09-09T21:01:57.157-0300] {logging_mixin.py:190} INFO - [2024-09-09T21:01:57.157-0300] {dagbag.py:587} INFO - Filling up the DagBag from /mnt/c/Users/teu20/Documents/Poli/Repo/eEDB011-20243/atividade 6 - WSL/airflow/airflow_env/lib/python3.10/site-packages/airflow/example_dags/example_dag_decorator.py
[2024-09-09T21:01:57.180-0300] {processor.py:925} INFO - DAG(s) 'example_dag_decorator' retrieved from /mnt/c/Users/teu20/Documents/Poli/Repo/eEDB011-20243/atividade 6 - WSL/airflow/airflow_env/lib/python3.10/site-packages/airflow/example_dags/example_dag_decorator.py
[2024-09-09T21:01:57.969-0300] {logging_mixin.py:190} INFO - [2024-09-09T21:01:57.968-0300] {dag.py:3229} INFO - Sync 1 DAGs
[2024-09-09T21:01:57.979-0300] {logging_mixin.py:190} INFO - [2024-09-09T21:01:57.978-0300] {dag.py:4156} INFO - Setting next_dagrun for example_dag_decorator to None, run_after=None
[2024-09-09T21:01:57.997-0300] {processor.py:208} INFO - Processing /mnt/c/Users/teu20/Documents/Poli/Repo/eEDB011-20243/atividade 6 - WSL/airflow/airflow_env/lib/python3.10/site-packages/airflow/example_dags/example_dag_decorator.py took 0.851 seconds
[2024-09-09T21:02:28.402-0300] {processor.py:186} INFO - Started process (PID=263609) to work on /mnt/c/Users/teu20/Documents/Poli/Repo/eEDB011-20243/atividade 6 - WSL/airflow/airflow_env/lib/python3.10/site-packages/airflow/example_dags/example_dag_decorator.py
[2024-09-09T21:02:28.403-0300] {processor.py:914} INFO - Processing file /mnt/c/Users/teu20/Documents/Poli/Repo/eEDB011-20243/atividade 6 - WSL/airflow/airflow_env/lib/python3.10/site-packages/airflow/example_dags/example_dag_decorator.py for tasks to queue
[2024-09-09T21:02:28.404-0300] {logging_mixin.py:190} INFO - [2024-09-09T21:02:28.404-0300] {dagbag.py:587} INFO - Filling up the DagBag from /mnt/c/Users/teu20/Documents/Poli/Repo/eEDB011-20243/atividade 6 - WSL/airflow/airflow_env/lib/python3.10/site-packages/airflow/example_dags/example_dag_decorator.py
[2024-09-09T21:02:28.427-0300] {processor.py:925} INFO - DAG(s) 'example_dag_decorator' retrieved from /mnt/c/Users/teu20/Documents/Poli/Repo/eEDB011-20243/atividade 6 - WSL/airflow/airflow_env/lib/python3.10/site-packages/airflow/example_dags/example_dag_decorator.py
[2024-09-09T21:02:29.275-0300] {logging_mixin.py:190} INFO - [2024-09-09T21:02:29.274-0300] {dag.py:3229} INFO - Sync 1 DAGs
[2024-09-09T21:02:29.285-0300] {logging_mixin.py:190} INFO - [2024-09-09T21:02:29.284-0300] {dag.py:4156} INFO - Setting next_dagrun for example_dag_decorator to None, run_after=None
[2024-09-09T21:02:29.300-0300] {processor.py:208} INFO - Processing /mnt/c/Users/teu20/Documents/Poli/Repo/eEDB011-20243/atividade 6 - WSL/airflow/airflow_env/lib/python3.10/site-packages/airflow/example_dags/example_dag_decorator.py took 0.907 seconds
[2024-09-09T21:02:59.462-0300] {processor.py:186} INFO - Started process (PID=264069) to work on /mnt/c/Users/teu20/Documents/Poli/Repo/eEDB011-20243/atividade 6 - WSL/airflow/airflow_env/lib/python3.10/site-packages/airflow/example_dags/example_dag_decorator.py
[2024-09-09T21:02:59.463-0300] {processor.py:914} INFO - Processing file /mnt/c/Users/teu20/Documents/Poli/Repo/eEDB011-20243/atividade 6 - WSL/airflow/airflow_env/lib/python3.10/site-packages/airflow/example_dags/example_dag_decorator.py for tasks to queue
[2024-09-09T21:02:59.465-0300] {logging_mixin.py:190} INFO - [2024-09-09T21:02:59.464-0300] {dagbag.py:587} INFO - Filling up the DagBag from /mnt/c/Users/teu20/Documents/Poli/Repo/eEDB011-20243/atividade 6 - WSL/airflow/airflow_env/lib/python3.10/site-packages/airflow/example_dags/example_dag_decorator.py
[2024-09-09T21:02:59.484-0300] {processor.py:925} INFO - DAG(s) 'example_dag_decorator' retrieved from /mnt/c/Users/teu20/Documents/Poli/Repo/eEDB011-20243/atividade 6 - WSL/airflow/airflow_env/lib/python3.10/site-packages/airflow/example_dags/example_dag_decorator.py
[2024-09-09T21:03:00.268-0300] {logging_mixin.py:190} INFO - [2024-09-09T21:03:00.267-0300] {dag.py:3229} INFO - Sync 1 DAGs
[2024-09-09T21:03:00.277-0300] {logging_mixin.py:190} INFO - [2024-09-09T21:03:00.276-0300] {dag.py:4156} INFO - Setting next_dagrun for example_dag_decorator to None, run_after=None
[2024-09-09T21:03:00.293-0300] {processor.py:208} INFO - Processing /mnt/c/Users/teu20/Documents/Poli/Repo/eEDB011-20243/atividade 6 - WSL/airflow/airflow_env/lib/python3.10/site-packages/airflow/example_dags/example_dag_decorator.py took 0.838 seconds
[2024-09-09T21:03:30.511-0300] {processor.py:186} INFO - Started process (PID=264525) to work on /mnt/c/Users/teu20/Documents/Poli/Repo/eEDB011-20243/atividade 6 - WSL/airflow/airflow_env/lib/python3.10/site-packages/airflow/example_dags/example_dag_decorator.py
[2024-09-09T21:03:30.512-0300] {processor.py:914} INFO - Processing file /mnt/c/Users/teu20/Documents/Poli/Repo/eEDB011-20243/atividade 6 - WSL/airflow/airflow_env/lib/python3.10/site-packages/airflow/example_dags/example_dag_decorator.py for tasks to queue
[2024-09-09T21:03:30.515-0300] {logging_mixin.py:190} INFO - [2024-09-09T21:03:30.514-0300] {dagbag.py:587} INFO - Filling up the DagBag from /mnt/c/Users/teu20/Documents/Poli/Repo/eEDB011-20243/atividade 6 - WSL/airflow/airflow_env/lib/python3.10/site-packages/airflow/example_dags/example_dag_decorator.py
[2024-09-09T21:03:30.538-0300] {processor.py:925} INFO - DAG(s) 'example_dag_decorator' retrieved from /mnt/c/Users/teu20/Documents/Poli/Repo/eEDB011-20243/atividade 6 - WSL/airflow/airflow_env/lib/python3.10/site-packages/airflow/example_dags/example_dag_decorator.py
[2024-09-09T21:03:31.430-0300] {logging_mixin.py:190} INFO - [2024-09-09T21:03:31.429-0300] {dag.py:3229} INFO - Sync 1 DAGs
[2024-09-09T21:03:31.440-0300] {logging_mixin.py:190} INFO - [2024-09-09T21:03:31.439-0300] {dag.py:4156} INFO - Setting next_dagrun for example_dag_decorator to None, run_after=None
[2024-09-09T21:03:31.458-0300] {processor.py:208} INFO - Processing /mnt/c/Users/teu20/Documents/Poli/Repo/eEDB011-20243/atividade 6 - WSL/airflow/airflow_env/lib/python3.10/site-packages/airflow/example_dags/example_dag_decorator.py took 0.956 seconds
[2024-09-09T21:04:01.834-0300] {processor.py:186} INFO - Started process (PID=264965) to work on /mnt/c/Users/teu20/Documents/Poli/Repo/eEDB011-20243/atividade 6 - WSL/airflow/airflow_env/lib/python3.10/site-packages/airflow/example_dags/example_dag_decorator.py
[2024-09-09T21:04:01.836-0300] {processor.py:914} INFO - Processing file /mnt/c/Users/teu20/Documents/Poli/Repo/eEDB011-20243/atividade 6 - WSL/airflow/airflow_env/lib/python3.10/site-packages/airflow/example_dags/example_dag_decorator.py for tasks to queue
[2024-09-09T21:04:01.838-0300] {logging_mixin.py:190} INFO - [2024-09-09T21:04:01.837-0300] {dagbag.py:587} INFO - Filling up the DagBag from /mnt/c/Users/teu20/Documents/Poli/Repo/eEDB011-20243/atividade 6 - WSL/airflow/airflow_env/lib/python3.10/site-packages/airflow/example_dags/example_dag_decorator.py
[2024-09-09T21:04:01.863-0300] {processor.py:925} INFO - DAG(s) 'example_dag_decorator' retrieved from /mnt/c/Users/teu20/Documents/Poli/Repo/eEDB011-20243/atividade 6 - WSL/airflow/airflow_env/lib/python3.10/site-packages/airflow/example_dags/example_dag_decorator.py
[2024-09-09T21:04:02.682-0300] {logging_mixin.py:190} INFO - [2024-09-09T21:04:02.681-0300] {dag.py:3229} INFO - Sync 1 DAGs
[2024-09-09T21:04:02.690-0300] {logging_mixin.py:190} INFO - [2024-09-09T21:04:02.689-0300] {dag.py:4156} INFO - Setting next_dagrun for example_dag_decorator to None, run_after=None
[2024-09-09T21:04:02.708-0300] {processor.py:208} INFO - Processing /mnt/c/Users/teu20/Documents/Poli/Repo/eEDB011-20243/atividade 6 - WSL/airflow/airflow_env/lib/python3.10/site-packages/airflow/example_dags/example_dag_decorator.py took 0.882 seconds
[2024-09-09T21:04:33.380-0300] {processor.py:186} INFO - Started process (PID=265404) to work on /mnt/c/Users/teu20/Documents/Poli/Repo/eEDB011-20243/atividade 6 - WSL/airflow/airflow_env/lib/python3.10/site-packages/airflow/example_dags/example_dag_decorator.py
[2024-09-09T21:04:33.381-0300] {processor.py:914} INFO - Processing file /mnt/c/Users/teu20/Documents/Poli/Repo/eEDB011-20243/atividade 6 - WSL/airflow/airflow_env/lib/python3.10/site-packages/airflow/example_dags/example_dag_decorator.py for tasks to queue
[2024-09-09T21:04:33.383-0300] {logging_mixin.py:190} INFO - [2024-09-09T21:04:33.382-0300] {dagbag.py:587} INFO - Filling up the DagBag from /mnt/c/Users/teu20/Documents/Poli/Repo/eEDB011-20243/atividade 6 - WSL/airflow/airflow_env/lib/python3.10/site-packages/airflow/example_dags/example_dag_decorator.py
[2024-09-09T21:04:33.403-0300] {processor.py:925} INFO - DAG(s) 'example_dag_decorator' retrieved from /mnt/c/Users/teu20/Documents/Poli/Repo/eEDB011-20243/atividade 6 - WSL/airflow/airflow_env/lib/python3.10/site-packages/airflow/example_dags/example_dag_decorator.py
[2024-09-09T21:04:34.148-0300] {logging_mixin.py:190} INFO - [2024-09-09T21:04:34.147-0300] {dag.py:3229} INFO - Sync 1 DAGs
[2024-09-09T21:04:34.155-0300] {logging_mixin.py:190} INFO - [2024-09-09T21:04:34.154-0300] {dag.py:4156} INFO - Setting next_dagrun for example_dag_decorator to None, run_after=None
[2024-09-09T21:04:34.170-0300] {processor.py:208} INFO - Processing /mnt/c/Users/teu20/Documents/Poli/Repo/eEDB011-20243/atividade 6 - WSL/airflow/airflow_env/lib/python3.10/site-packages/airflow/example_dags/example_dag_decorator.py took 0.797 seconds
[2024-09-09T21:05:05.000-0300] {processor.py:186} INFO - Started process (PID=266722) to work on /mnt/c/Users/teu20/Documents/Poli/Repo/eEDB011-20243/atividade 6 - WSL/airflow/airflow_env/lib/python3.10/site-packages/airflow/example_dags/example_dag_decorator.py
[2024-09-09T21:05:05.001-0300] {processor.py:914} INFO - Processing file /mnt/c/Users/teu20/Documents/Poli/Repo/eEDB011-20243/atividade 6 - WSL/airflow/airflow_env/lib/python3.10/site-packages/airflow/example_dags/example_dag_decorator.py for tasks to queue
[2024-09-09T21:05:05.003-0300] {logging_mixin.py:190} INFO - [2024-09-09T21:05:05.002-0300] {dagbag.py:587} INFO - Filling up the DagBag from /mnt/c/Users/teu20/Documents/Poli/Repo/eEDB011-20243/atividade 6 - WSL/airflow/airflow_env/lib/python3.10/site-packages/airflow/example_dags/example_dag_decorator.py
[2024-09-09T21:05:05.022-0300] {processor.py:925} INFO - DAG(s) 'example_dag_decorator' retrieved from /mnt/c/Users/teu20/Documents/Poli/Repo/eEDB011-20243/atividade 6 - WSL/airflow/airflow_env/lib/python3.10/site-packages/airflow/example_dags/example_dag_decorator.py
[2024-09-09T21:05:05.792-0300] {logging_mixin.py:190} INFO - [2024-09-09T21:05:05.791-0300] {dag.py:3229} INFO - Sync 1 DAGs
[2024-09-09T21:05:05.799-0300] {logging_mixin.py:190} INFO - [2024-09-09T21:05:05.799-0300] {dag.py:4156} INFO - Setting next_dagrun for example_dag_decorator to None, run_after=None
[2024-09-09T21:05:05.815-0300] {processor.py:208} INFO - Processing /mnt/c/Users/teu20/Documents/Poli/Repo/eEDB011-20243/atividade 6 - WSL/airflow/airflow_env/lib/python3.10/site-packages/airflow/example_dags/example_dag_decorator.py took 0.822 seconds
[2024-09-09T21:05:36.532-0300] {processor.py:186} INFO - Started process (PID=267157) to work on /mnt/c/Users/teu20/Documents/Poli/Repo/eEDB011-20243/atividade 6 - WSL/airflow/airflow_env/lib/python3.10/site-packages/airflow/example_dags/example_dag_decorator.py
[2024-09-09T21:05:36.533-0300] {processor.py:914} INFO - Processing file /mnt/c/Users/teu20/Documents/Poli/Repo/eEDB011-20243/atividade 6 - WSL/airflow/airflow_env/lib/python3.10/site-packages/airflow/example_dags/example_dag_decorator.py for tasks to queue
[2024-09-09T21:05:36.535-0300] {logging_mixin.py:190} INFO - [2024-09-09T21:05:36.534-0300] {dagbag.py:587} INFO - Filling up the DagBag from /mnt/c/Users/teu20/Documents/Poli/Repo/eEDB011-20243/atividade 6 - WSL/airflow/airflow_env/lib/python3.10/site-packages/airflow/example_dags/example_dag_decorator.py
[2024-09-09T21:05:36.557-0300] {processor.py:925} INFO - DAG(s) 'example_dag_decorator' retrieved from /mnt/c/Users/teu20/Documents/Poli/Repo/eEDB011-20243/atividade 6 - WSL/airflow/airflow_env/lib/python3.10/site-packages/airflow/example_dags/example_dag_decorator.py
[2024-09-09T21:05:37.349-0300] {logging_mixin.py:190} INFO - [2024-09-09T21:05:37.348-0300] {dag.py:3229} INFO - Sync 1 DAGs
[2024-09-09T21:05:37.357-0300] {logging_mixin.py:190} INFO - [2024-09-09T21:05:37.357-0300] {dag.py:4156} INFO - Setting next_dagrun for example_dag_decorator to None, run_after=None
[2024-09-09T21:05:37.373-0300] {processor.py:208} INFO - Processing /mnt/c/Users/teu20/Documents/Poli/Repo/eEDB011-20243/atividade 6 - WSL/airflow/airflow_env/lib/python3.10/site-packages/airflow/example_dags/example_dag_decorator.py took 0.850 seconds
[2024-09-09T21:06:08.168-0300] {processor.py:186} INFO - Started process (PID=267591) to work on /mnt/c/Users/teu20/Documents/Poli/Repo/eEDB011-20243/atividade 6 - WSL/airflow/airflow_env/lib/python3.10/site-packages/airflow/example_dags/example_dag_decorator.py
[2024-09-09T21:06:08.169-0300] {processor.py:914} INFO - Processing file /mnt/c/Users/teu20/Documents/Poli/Repo/eEDB011-20243/atividade 6 - WSL/airflow/airflow_env/lib/python3.10/site-packages/airflow/example_dags/example_dag_decorator.py for tasks to queue
[2024-09-09T21:06:08.170-0300] {logging_mixin.py:190} INFO - [2024-09-09T21:06:08.170-0300] {dagbag.py:587} INFO - Filling up the DagBag from /mnt/c/Users/teu20/Documents/Poli/Repo/eEDB011-20243/atividade 6 - WSL/airflow/airflow_env/lib/python3.10/site-packages/airflow/example_dags/example_dag_decorator.py
[2024-09-09T21:06:08.189-0300] {processor.py:925} INFO - DAG(s) 'example_dag_decorator' retrieved from /mnt/c/Users/teu20/Documents/Poli/Repo/eEDB011-20243/atividade 6 - WSL/airflow/airflow_env/lib/python3.10/site-packages/airflow/example_dags/example_dag_decorator.py
[2024-09-09T21:06:08.940-0300] {logging_mixin.py:190} INFO - [2024-09-09T21:06:08.939-0300] {dag.py:3229} INFO - Sync 1 DAGs
[2024-09-09T21:06:08.947-0300] {logging_mixin.py:190} INFO - [2024-09-09T21:06:08.946-0300] {dag.py:4156} INFO - Setting next_dagrun for example_dag_decorator to None, run_after=None
[2024-09-09T21:06:08.964-0300] {processor.py:208} INFO - Processing /mnt/c/Users/teu20/Documents/Poli/Repo/eEDB011-20243/atividade 6 - WSL/airflow/airflow_env/lib/python3.10/site-packages/airflow/example_dags/example_dag_decorator.py took 0.805 seconds
[2024-09-09T21:06:39.682-0300] {processor.py:186} INFO - Started process (PID=268055) to work on /mnt/c/Users/teu20/Documents/Poli/Repo/eEDB011-20243/atividade 6 - WSL/airflow/airflow_env/lib/python3.10/site-packages/airflow/example_dags/example_dag_decorator.py
[2024-09-09T21:06:39.683-0300] {processor.py:914} INFO - Processing file /mnt/c/Users/teu20/Documents/Poli/Repo/eEDB011-20243/atividade 6 - WSL/airflow/airflow_env/lib/python3.10/site-packages/airflow/example_dags/example_dag_decorator.py for tasks to queue
[2024-09-09T21:06:39.685-0300] {logging_mixin.py:190} INFO - [2024-09-09T21:06:39.685-0300] {dagbag.py:587} INFO - Filling up the DagBag from /mnt/c/Users/teu20/Documents/Poli/Repo/eEDB011-20243/atividade 6 - WSL/airflow/airflow_env/lib/python3.10/site-packages/airflow/example_dags/example_dag_decorator.py
[2024-09-09T21:06:39.706-0300] {processor.py:925} INFO - DAG(s) 'example_dag_decorator' retrieved from /mnt/c/Users/teu20/Documents/Poli/Repo/eEDB011-20243/atividade 6 - WSL/airflow/airflow_env/lib/python3.10/site-packages/airflow/example_dags/example_dag_decorator.py
[2024-09-09T21:06:40.483-0300] {logging_mixin.py:190} INFO - [2024-09-09T21:06:40.483-0300] {dag.py:3229} INFO - Sync 1 DAGs
[2024-09-09T21:06:40.490-0300] {logging_mixin.py:190} INFO - [2024-09-09T21:06:40.490-0300] {dag.py:4156} INFO - Setting next_dagrun for example_dag_decorator to None, run_after=None
[2024-09-09T21:06:40.506-0300] {processor.py:208} INFO - Processing /mnt/c/Users/teu20/Documents/Poli/Repo/eEDB011-20243/atividade 6 - WSL/airflow/airflow_env/lib/python3.10/site-packages/airflow/example_dags/example_dag_decorator.py took 0.831 seconds
[2024-09-09T21:07:11.179-0300] {processor.py:186} INFO - Started process (PID=268674) to work on /mnt/c/Users/teu20/Documents/Poli/Repo/eEDB011-20243/atividade 6 - WSL/airflow/airflow_env/lib/python3.10/site-packages/airflow/example_dags/example_dag_decorator.py
[2024-09-09T21:07:11.181-0300] {processor.py:914} INFO - Processing file /mnt/c/Users/teu20/Documents/Poli/Repo/eEDB011-20243/atividade 6 - WSL/airflow/airflow_env/lib/python3.10/site-packages/airflow/example_dags/example_dag_decorator.py for tasks to queue
[2024-09-09T21:07:11.182-0300] {logging_mixin.py:190} INFO - [2024-09-09T21:07:11.182-0300] {dagbag.py:587} INFO - Filling up the DagBag from /mnt/c/Users/teu20/Documents/Poli/Repo/eEDB011-20243/atividade 6 - WSL/airflow/airflow_env/lib/python3.10/site-packages/airflow/example_dags/example_dag_decorator.py
[2024-09-09T21:07:11.202-0300] {processor.py:925} INFO - DAG(s) 'example_dag_decorator' retrieved from /mnt/c/Users/teu20/Documents/Poli/Repo/eEDB011-20243/atividade 6 - WSL/airflow/airflow_env/lib/python3.10/site-packages/airflow/example_dags/example_dag_decorator.py
[2024-09-09T21:07:11.991-0300] {logging_mixin.py:190} INFO - [2024-09-09T21:07:11.990-0300] {dag.py:3229} INFO - Sync 1 DAGs
[2024-09-09T21:07:11.999-0300] {logging_mixin.py:190} INFO - [2024-09-09T21:07:11.998-0300] {dag.py:4156} INFO - Setting next_dagrun for example_dag_decorator to None, run_after=None
[2024-09-09T21:07:12.016-0300] {processor.py:208} INFO - Processing /mnt/c/Users/teu20/Documents/Poli/Repo/eEDB011-20243/atividade 6 - WSL/airflow/airflow_env/lib/python3.10/site-packages/airflow/example_dags/example_dag_decorator.py took 0.844 seconds
[2024-09-09T21:07:42.904-0300] {processor.py:186} INFO - Started process (PID=269357) to work on /mnt/c/Users/teu20/Documents/Poli/Repo/eEDB011-20243/atividade 6 - WSL/airflow/airflow_env/lib/python3.10/site-packages/airflow/example_dags/example_dag_decorator.py
[2024-09-09T21:07:42.905-0300] {processor.py:914} INFO - Processing file /mnt/c/Users/teu20/Documents/Poli/Repo/eEDB011-20243/atividade 6 - WSL/airflow/airflow_env/lib/python3.10/site-packages/airflow/example_dags/example_dag_decorator.py for tasks to queue
[2024-09-09T21:07:42.907-0300] {logging_mixin.py:190} INFO - [2024-09-09T21:07:42.906-0300] {dagbag.py:587} INFO - Filling up the DagBag from /mnt/c/Users/teu20/Documents/Poli/Repo/eEDB011-20243/atividade 6 - WSL/airflow/airflow_env/lib/python3.10/site-packages/airflow/example_dags/example_dag_decorator.py
[2024-09-09T21:07:42.925-0300] {processor.py:925} INFO - DAG(s) 'example_dag_decorator' retrieved from /mnt/c/Users/teu20/Documents/Poli/Repo/eEDB011-20243/atividade 6 - WSL/airflow/airflow_env/lib/python3.10/site-packages/airflow/example_dags/example_dag_decorator.py
[2024-09-09T21:07:43.705-0300] {logging_mixin.py:190} INFO - [2024-09-09T21:07:43.704-0300] {dag.py:3229} INFO - Sync 1 DAGs
[2024-09-09T21:07:43.713-0300] {logging_mixin.py:190} INFO - [2024-09-09T21:07:43.712-0300] {dag.py:4156} INFO - Setting next_dagrun for example_dag_decorator to None, run_after=None
[2024-09-09T21:07:43.729-0300] {processor.py:208} INFO - Processing /mnt/c/Users/teu20/Documents/Poli/Repo/eEDB011-20243/atividade 6 - WSL/airflow/airflow_env/lib/python3.10/site-packages/airflow/example_dags/example_dag_decorator.py took 0.833 seconds
[2024-09-09T21:08:14.274-0300] {processor.py:186} INFO - Started process (PID=269942) to work on /mnt/c/Users/teu20/Documents/Poli/Repo/eEDB011-20243/atividade 6 - WSL/airflow/airflow_env/lib/python3.10/site-packages/airflow/example_dags/example_dag_decorator.py
[2024-09-09T21:08:14.275-0300] {processor.py:914} INFO - Processing file /mnt/c/Users/teu20/Documents/Poli/Repo/eEDB011-20243/atividade 6 - WSL/airflow/airflow_env/lib/python3.10/site-packages/airflow/example_dags/example_dag_decorator.py for tasks to queue
[2024-09-09T21:08:14.277-0300] {logging_mixin.py:190} INFO - [2024-09-09T21:08:14.276-0300] {dagbag.py:587} INFO - Filling up the DagBag from /mnt/c/Users/teu20/Documents/Poli/Repo/eEDB011-20243/atividade 6 - WSL/airflow/airflow_env/lib/python3.10/site-packages/airflow/example_dags/example_dag_decorator.py
[2024-09-09T21:08:14.297-0300] {processor.py:925} INFO - DAG(s) 'example_dag_decorator' retrieved from /mnt/c/Users/teu20/Documents/Poli/Repo/eEDB011-20243/atividade 6 - WSL/airflow/airflow_env/lib/python3.10/site-packages/airflow/example_dags/example_dag_decorator.py
[2024-09-09T21:08:15.029-0300] {logging_mixin.py:190} INFO - [2024-09-09T21:08:15.029-0300] {dag.py:3229} INFO - Sync 1 DAGs
[2024-09-09T21:08:15.036-0300] {logging_mixin.py:190} INFO - [2024-09-09T21:08:15.036-0300] {dag.py:4156} INFO - Setting next_dagrun for example_dag_decorator to None, run_after=None
[2024-09-09T21:08:15.051-0300] {processor.py:208} INFO - Processing /mnt/c/Users/teu20/Documents/Poli/Repo/eEDB011-20243/atividade 6 - WSL/airflow/airflow_env/lib/python3.10/site-packages/airflow/example_dags/example_dag_decorator.py took 0.785 seconds
