[2024-09-09T21:00:22.273-0300] {processor.py:186} INFO - Started process (PID=261438) to work on /mnt/c/Users/teu20/Documents/Poli/Repo/eEDB011-20243/atividade 6 - WSL/airflow/airflow_env/lib/python3.10/site-packages/airflow/example_dags/example_task_group_decorator.py
[2024-09-09T21:00:22.274-0300] {processor.py:914} INFO - Processing file /mnt/c/Users/teu20/Documents/Poli/Repo/eEDB011-20243/atividade 6 - WSL/airflow/airflow_env/lib/python3.10/site-packages/airflow/example_dags/example_task_group_decorator.py for tasks to queue
[2024-09-09T21:00:22.276-0300] {logging_mixin.py:190} INFO - [2024-09-09T21:00:22.275-0300] {dagbag.py:587} INFO - Filling up the DagBag from /mnt/c/Users/teu20/Documents/Poli/Repo/eEDB011-20243/atividade 6 - WSL/airflow/airflow_env/lib/python3.10/site-packages/airflow/example_dags/example_task_group_decorator.py
[2024-09-09T21:00:22.292-0300] {processor.py:925} INFO - DAG(s) 'example_task_group_decorator' retrieved from /mnt/c/Users/teu20/Documents/Poli/Repo/eEDB011-20243/atividade 6 - WSL/airflow/airflow_env/lib/python3.10/site-packages/airflow/example_dags/example_task_group_decorator.py
[2024-09-09T21:00:22.312-0300] {logging_mixin.py:190} INFO - [2024-09-09T21:00:22.311-0300] {dag.py:3229} INFO - Sync 1 DAGs
[2024-09-09T21:00:22.319-0300] {logging_mixin.py:190} INFO - [2024-09-09T21:00:22.319-0300] {dag.py:4156} INFO - Setting next_dagrun for example_task_group_decorator to None, run_after=None
[2024-09-09T21:00:22.334-0300] {processor.py:208} INFO - Processing /mnt/c/Users/teu20/Documents/Poli/Repo/eEDB011-20243/atividade 6 - WSL/airflow/airflow_env/lib/python3.10/site-packages/airflow/example_dags/example_task_group_decorator.py took 0.068 seconds
[2024-09-09T21:00:52.890-0300] {processor.py:186} INFO - Started process (PID=262148) to work on /mnt/c/Users/teu20/Documents/Poli/Repo/eEDB011-20243/atividade 6 - WSL/airflow/airflow_env/lib/python3.10/site-packages/airflow/example_dags/example_task_group_decorator.py
[2024-09-09T21:00:52.891-0300] {processor.py:914} INFO - Processing file /mnt/c/Users/teu20/Documents/Poli/Repo/eEDB011-20243/atividade 6 - WSL/airflow/airflow_env/lib/python3.10/site-packages/airflow/example_dags/example_task_group_decorator.py for tasks to queue
[2024-09-09T21:00:52.892-0300] {logging_mixin.py:190} INFO - [2024-09-09T21:00:52.892-0300] {dagbag.py:587} INFO - Filling up the DagBag from /mnt/c/Users/teu20/Documents/Poli/Repo/eEDB011-20243/atividade 6 - WSL/airflow/airflow_env/lib/python3.10/site-packages/airflow/example_dags/example_task_group_decorator.py
[2024-09-09T21:00:52.909-0300] {processor.py:925} INFO - DAG(s) 'example_task_group_decorator' retrieved from /mnt/c/Users/teu20/Documents/Poli/Repo/eEDB011-20243/atividade 6 - WSL/airflow/airflow_env/lib/python3.10/site-packages/airflow/example_dags/example_task_group_decorator.py
[2024-09-09T21:00:52.929-0300] {logging_mixin.py:190} INFO - [2024-09-09T21:00:52.928-0300] {dag.py:3229} INFO - Sync 1 DAGs
[2024-09-09T21:00:52.937-0300] {logging_mixin.py:190} INFO - [2024-09-09T21:00:52.936-0300] {dag.py:4156} INFO - Setting next_dagrun for example_task_group_decorator to None, run_after=None
[2024-09-09T21:00:52.951-0300] {processor.py:208} INFO - Processing /mnt/c/Users/teu20/Documents/Poli/Repo/eEDB011-20243/atividade 6 - WSL/airflow/airflow_env/lib/python3.10/site-packages/airflow/example_dags/example_task_group_decorator.py took 0.069 seconds
[2024-09-09T21:01:23.371-0300] {processor.py:186} INFO - Started process (PID=262582) to work on /mnt/c/Users/teu20/Documents/Poli/Repo/eEDB011-20243/atividade 6 - WSL/airflow/airflow_env/lib/python3.10/site-packages/airflow/example_dags/example_task_group_decorator.py
[2024-09-09T21:01:23.372-0300] {processor.py:914} INFO - Processing file /mnt/c/Users/teu20/Documents/Poli/Repo/eEDB011-20243/atividade 6 - WSL/airflow/airflow_env/lib/python3.10/site-packages/airflow/example_dags/example_task_group_decorator.py for tasks to queue
[2024-09-09T21:01:23.373-0300] {logging_mixin.py:190} INFO - [2024-09-09T21:01:23.373-0300] {dagbag.py:587} INFO - Filling up the DagBag from /mnt/c/Users/teu20/Documents/Poli/Repo/eEDB011-20243/atividade 6 - WSL/airflow/airflow_env/lib/python3.10/site-packages/airflow/example_dags/example_task_group_decorator.py
[2024-09-09T21:01:23.392-0300] {processor.py:925} INFO - DAG(s) 'example_task_group_decorator' retrieved from /mnt/c/Users/teu20/Documents/Poli/Repo/eEDB011-20243/atividade 6 - WSL/airflow/airflow_env/lib/python3.10/site-packages/airflow/example_dags/example_task_group_decorator.py
[2024-09-09T21:01:23.414-0300] {logging_mixin.py:190} INFO - [2024-09-09T21:01:23.413-0300] {dag.py:3229} INFO - Sync 1 DAGs
[2024-09-09T21:01:23.422-0300] {logging_mixin.py:190} INFO - [2024-09-09T21:01:23.421-0300] {dag.py:4156} INFO - Setting next_dagrun for example_task_group_decorator to None, run_after=None
[2024-09-09T21:01:23.438-0300] {processor.py:208} INFO - Processing /mnt/c/Users/teu20/Documents/Poli/Repo/eEDB011-20243/atividade 6 - WSL/airflow/airflow_env/lib/python3.10/site-packages/airflow/example_dags/example_task_group_decorator.py took 0.075 seconds
[2024-09-09T21:01:54.399-0300] {processor.py:186} INFO - Started process (PID=263017) to work on /mnt/c/Users/teu20/Documents/Poli/Repo/eEDB011-20243/atividade 6 - WSL/airflow/airflow_env/lib/python3.10/site-packages/airflow/example_dags/example_task_group_decorator.py
[2024-09-09T21:01:54.400-0300] {processor.py:914} INFO - Processing file /mnt/c/Users/teu20/Documents/Poli/Repo/eEDB011-20243/atividade 6 - WSL/airflow/airflow_env/lib/python3.10/site-packages/airflow/example_dags/example_task_group_decorator.py for tasks to queue
[2024-09-09T21:01:54.402-0300] {logging_mixin.py:190} INFO - [2024-09-09T21:01:54.401-0300] {dagbag.py:587} INFO - Filling up the DagBag from /mnt/c/Users/teu20/Documents/Poli/Repo/eEDB011-20243/atividade 6 - WSL/airflow/airflow_env/lib/python3.10/site-packages/airflow/example_dags/example_task_group_decorator.py
[2024-09-09T21:01:54.419-0300] {processor.py:925} INFO - DAG(s) 'example_task_group_decorator' retrieved from /mnt/c/Users/teu20/Documents/Poli/Repo/eEDB011-20243/atividade 6 - WSL/airflow/airflow_env/lib/python3.10/site-packages/airflow/example_dags/example_task_group_decorator.py
[2024-09-09T21:01:54.439-0300] {logging_mixin.py:190} INFO - [2024-09-09T21:01:54.438-0300] {dag.py:3229} INFO - Sync 1 DAGs
[2024-09-09T21:01:54.446-0300] {logging_mixin.py:190} INFO - [2024-09-09T21:01:54.446-0300] {dag.py:4156} INFO - Setting next_dagrun for example_task_group_decorator to None, run_after=None
[2024-09-09T21:01:54.461-0300] {processor.py:208} INFO - Processing /mnt/c/Users/teu20/Documents/Poli/Repo/eEDB011-20243/atividade 6 - WSL/airflow/airflow_env/lib/python3.10/site-packages/airflow/example_dags/example_task_group_decorator.py took 0.070 seconds
[2024-09-09T21:02:24.795-0300] {processor.py:186} INFO - Started process (PID=263447) to work on /mnt/c/Users/teu20/Documents/Poli/Repo/eEDB011-20243/atividade 6 - WSL/airflow/airflow_env/lib/python3.10/site-packages/airflow/example_dags/example_task_group_decorator.py
[2024-09-09T21:02:24.796-0300] {processor.py:914} INFO - Processing file /mnt/c/Users/teu20/Documents/Poli/Repo/eEDB011-20243/atividade 6 - WSL/airflow/airflow_env/lib/python3.10/site-packages/airflow/example_dags/example_task_group_decorator.py for tasks to queue
[2024-09-09T21:02:24.797-0300] {logging_mixin.py:190} INFO - [2024-09-09T21:02:24.797-0300] {dagbag.py:587} INFO - Filling up the DagBag from /mnt/c/Users/teu20/Documents/Poli/Repo/eEDB011-20243/atividade 6 - WSL/airflow/airflow_env/lib/python3.10/site-packages/airflow/example_dags/example_task_group_decorator.py
[2024-09-09T21:02:24.815-0300] {processor.py:925} INFO - DAG(s) 'example_task_group_decorator' retrieved from /mnt/c/Users/teu20/Documents/Poli/Repo/eEDB011-20243/atividade 6 - WSL/airflow/airflow_env/lib/python3.10/site-packages/airflow/example_dags/example_task_group_decorator.py
[2024-09-09T21:02:24.836-0300] {logging_mixin.py:190} INFO - [2024-09-09T21:02:24.836-0300] {dag.py:3229} INFO - Sync 1 DAGs
[2024-09-09T21:02:24.844-0300] {logging_mixin.py:190} INFO - [2024-09-09T21:02:24.843-0300] {dag.py:4156} INFO - Setting next_dagrun for example_task_group_decorator to None, run_after=None
[2024-09-09T21:02:24.858-0300] {processor.py:208} INFO - Processing /mnt/c/Users/teu20/Documents/Poli/Repo/eEDB011-20243/atividade 6 - WSL/airflow/airflow_env/lib/python3.10/site-packages/airflow/example_dags/example_task_group_decorator.py took 0.071 seconds
[2024-09-09T21:02:55.402-0300] {processor.py:186} INFO - Started process (PID=263878) to work on /mnt/c/Users/teu20/Documents/Poli/Repo/eEDB011-20243/atividade 6 - WSL/airflow/airflow_env/lib/python3.10/site-packages/airflow/example_dags/example_task_group_decorator.py
[2024-09-09T21:02:55.403-0300] {processor.py:914} INFO - Processing file /mnt/c/Users/teu20/Documents/Poli/Repo/eEDB011-20243/atividade 6 - WSL/airflow/airflow_env/lib/python3.10/site-packages/airflow/example_dags/example_task_group_decorator.py for tasks to queue
[2024-09-09T21:02:55.404-0300] {logging_mixin.py:190} INFO - [2024-09-09T21:02:55.404-0300] {dagbag.py:587} INFO - Filling up the DagBag from /mnt/c/Users/teu20/Documents/Poli/Repo/eEDB011-20243/atividade 6 - WSL/airflow/airflow_env/lib/python3.10/site-packages/airflow/example_dags/example_task_group_decorator.py
[2024-09-09T21:02:55.422-0300] {processor.py:925} INFO - DAG(s) 'example_task_group_decorator' retrieved from /mnt/c/Users/teu20/Documents/Poli/Repo/eEDB011-20243/atividade 6 - WSL/airflow/airflow_env/lib/python3.10/site-packages/airflow/example_dags/example_task_group_decorator.py
[2024-09-09T21:02:55.441-0300] {logging_mixin.py:190} INFO - [2024-09-09T21:02:55.440-0300] {dag.py:3229} INFO - Sync 1 DAGs
[2024-09-09T21:02:55.448-0300] {logging_mixin.py:190} INFO - [2024-09-09T21:02:55.447-0300] {dag.py:4156} INFO - Setting next_dagrun for example_task_group_decorator to None, run_after=None
[2024-09-09T21:02:55.462-0300] {processor.py:208} INFO - Processing /mnt/c/Users/teu20/Documents/Poli/Repo/eEDB011-20243/atividade 6 - WSL/airflow/airflow_env/lib/python3.10/site-packages/airflow/example_dags/example_task_group_decorator.py took 0.068 seconds
[2024-09-09T21:03:26.029-0300] {processor.py:186} INFO - Started process (PID=264308) to work on /mnt/c/Users/teu20/Documents/Poli/Repo/eEDB011-20243/atividade 6 - WSL/airflow/airflow_env/lib/python3.10/site-packages/airflow/example_dags/example_task_group_decorator.py
[2024-09-09T21:03:26.030-0300] {processor.py:914} INFO - Processing file /mnt/c/Users/teu20/Documents/Poli/Repo/eEDB011-20243/atividade 6 - WSL/airflow/airflow_env/lib/python3.10/site-packages/airflow/example_dags/example_task_group_decorator.py for tasks to queue
[2024-09-09T21:03:26.032-0300] {logging_mixin.py:190} INFO - [2024-09-09T21:03:26.032-0300] {dagbag.py:587} INFO - Filling up the DagBag from /mnt/c/Users/teu20/Documents/Poli/Repo/eEDB011-20243/atividade 6 - WSL/airflow/airflow_env/lib/python3.10/site-packages/airflow/example_dags/example_task_group_decorator.py
[2024-09-09T21:03:26.048-0300] {processor.py:925} INFO - DAG(s) 'example_task_group_decorator' retrieved from /mnt/c/Users/teu20/Documents/Poli/Repo/eEDB011-20243/atividade 6 - WSL/airflow/airflow_env/lib/python3.10/site-packages/airflow/example_dags/example_task_group_decorator.py
[2024-09-09T21:03:26.070-0300] {logging_mixin.py:190} INFO - [2024-09-09T21:03:26.069-0300] {dag.py:3229} INFO - Sync 1 DAGs
[2024-09-09T21:03:26.078-0300] {logging_mixin.py:190} INFO - [2024-09-09T21:03:26.077-0300] {dag.py:4156} INFO - Setting next_dagrun for example_task_group_decorator to None, run_after=None
[2024-09-09T21:03:26.095-0300] {processor.py:208} INFO - Processing /mnt/c/Users/teu20/Documents/Poli/Repo/eEDB011-20243/atividade 6 - WSL/airflow/airflow_env/lib/python3.10/site-packages/airflow/example_dags/example_task_group_decorator.py took 0.073 seconds
[2024-09-09T21:03:56.483-0300] {processor.py:186} INFO - Started process (PID=264747) to work on /mnt/c/Users/teu20/Documents/Poli/Repo/eEDB011-20243/atividade 6 - WSL/airflow/airflow_env/lib/python3.10/site-packages/airflow/example_dags/example_task_group_decorator.py
[2024-09-09T21:03:56.484-0300] {processor.py:914} INFO - Processing file /mnt/c/Users/teu20/Documents/Poli/Repo/eEDB011-20243/atividade 6 - WSL/airflow/airflow_env/lib/python3.10/site-packages/airflow/example_dags/example_task_group_decorator.py for tasks to queue
[2024-09-09T21:03:56.485-0300] {logging_mixin.py:190} INFO - [2024-09-09T21:03:56.485-0300] {dagbag.py:587} INFO - Filling up the DagBag from /mnt/c/Users/teu20/Documents/Poli/Repo/eEDB011-20243/atividade 6 - WSL/airflow/airflow_env/lib/python3.10/site-packages/airflow/example_dags/example_task_group_decorator.py
[2024-09-09T21:03:56.503-0300] {processor.py:925} INFO - DAG(s) 'example_task_group_decorator' retrieved from /mnt/c/Users/teu20/Documents/Poli/Repo/eEDB011-20243/atividade 6 - WSL/airflow/airflow_env/lib/python3.10/site-packages/airflow/example_dags/example_task_group_decorator.py
[2024-09-09T21:03:56.526-0300] {logging_mixin.py:190} INFO - [2024-09-09T21:03:56.526-0300] {dag.py:3229} INFO - Sync 1 DAGs
[2024-09-09T21:03:56.535-0300] {logging_mixin.py:190} INFO - [2024-09-09T21:03:56.534-0300] {dag.py:4156} INFO - Setting next_dagrun for example_task_group_decorator to None, run_after=None
[2024-09-09T21:03:56.550-0300] {processor.py:208} INFO - Processing /mnt/c/Users/teu20/Documents/Poli/Repo/eEDB011-20243/atividade 6 - WSL/airflow/airflow_env/lib/python3.10/site-packages/airflow/example_dags/example_task_group_decorator.py took 0.076 seconds
[2024-09-09T21:04:26.959-0300] {processor.py:186} INFO - Started process (PID=265184) to work on /mnt/c/Users/teu20/Documents/Poli/Repo/eEDB011-20243/atividade 6 - WSL/airflow/airflow_env/lib/python3.10/site-packages/airflow/example_dags/example_task_group_decorator.py
[2024-09-09T21:04:26.960-0300] {processor.py:914} INFO - Processing file /mnt/c/Users/teu20/Documents/Poli/Repo/eEDB011-20243/atividade 6 - WSL/airflow/airflow_env/lib/python3.10/site-packages/airflow/example_dags/example_task_group_decorator.py for tasks to queue
[2024-09-09T21:04:26.961-0300] {logging_mixin.py:190} INFO - [2024-09-09T21:04:26.961-0300] {dagbag.py:587} INFO - Filling up the DagBag from /mnt/c/Users/teu20/Documents/Poli/Repo/eEDB011-20243/atividade 6 - WSL/airflow/airflow_env/lib/python3.10/site-packages/airflow/example_dags/example_task_group_decorator.py
[2024-09-09T21:04:26.980-0300] {processor.py:925} INFO - DAG(s) 'example_task_group_decorator' retrieved from /mnt/c/Users/teu20/Documents/Poli/Repo/eEDB011-20243/atividade 6 - WSL/airflow/airflow_env/lib/python3.10/site-packages/airflow/example_dags/example_task_group_decorator.py
[2024-09-09T21:04:27.007-0300] {logging_mixin.py:190} INFO - [2024-09-09T21:04:27.006-0300] {dag.py:3229} INFO - Sync 1 DAGs
[2024-09-09T21:04:27.019-0300] {logging_mixin.py:190} INFO - [2024-09-09T21:04:27.018-0300] {dag.py:4156} INFO - Setting next_dagrun for example_task_group_decorator to None, run_after=None
[2024-09-09T21:04:27.040-0300] {processor.py:208} INFO - Processing /mnt/c/Users/teu20/Documents/Poli/Repo/eEDB011-20243/atividade 6 - WSL/airflow/airflow_env/lib/python3.10/site-packages/airflow/example_dags/example_task_group_decorator.py took 0.089 seconds
[2024-09-09T21:04:57.390-0300] {processor.py:186} INFO - Started process (PID=266335) to work on /mnt/c/Users/teu20/Documents/Poli/Repo/eEDB011-20243/atividade 6 - WSL/airflow/airflow_env/lib/python3.10/site-packages/airflow/example_dags/example_task_group_decorator.py
[2024-09-09T21:04:57.391-0300] {processor.py:914} INFO - Processing file /mnt/c/Users/teu20/Documents/Poli/Repo/eEDB011-20243/atividade 6 - WSL/airflow/airflow_env/lib/python3.10/site-packages/airflow/example_dags/example_task_group_decorator.py for tasks to queue
[2024-09-09T21:04:57.393-0300] {logging_mixin.py:190} INFO - [2024-09-09T21:04:57.393-0300] {dagbag.py:587} INFO - Filling up the DagBag from /mnt/c/Users/teu20/Documents/Poli/Repo/eEDB011-20243/atividade 6 - WSL/airflow/airflow_env/lib/python3.10/site-packages/airflow/example_dags/example_task_group_decorator.py
[2024-09-09T21:04:57.411-0300] {processor.py:925} INFO - DAG(s) 'example_task_group_decorator' retrieved from /mnt/c/Users/teu20/Documents/Poli/Repo/eEDB011-20243/atividade 6 - WSL/airflow/airflow_env/lib/python3.10/site-packages/airflow/example_dags/example_task_group_decorator.py
[2024-09-09T21:04:57.431-0300] {logging_mixin.py:190} INFO - [2024-09-09T21:04:57.430-0300] {dag.py:3229} INFO - Sync 1 DAGs
[2024-09-09T21:04:57.439-0300] {logging_mixin.py:190} INFO - [2024-09-09T21:04:57.438-0300] {dag.py:4156} INFO - Setting next_dagrun for example_task_group_decorator to None, run_after=None
[2024-09-09T21:04:57.454-0300] {processor.py:208} INFO - Processing /mnt/c/Users/teu20/Documents/Poli/Repo/eEDB011-20243/atividade 6 - WSL/airflow/airflow_env/lib/python3.10/site-packages/airflow/example_dags/example_task_group_decorator.py took 0.071 seconds
[2024-09-09T21:05:27.633-0300] {processor.py:186} INFO - Started process (PID=266924) to work on /mnt/c/Users/teu20/Documents/Poli/Repo/eEDB011-20243/atividade 6 - WSL/airflow/airflow_env/lib/python3.10/site-packages/airflow/example_dags/example_task_group_decorator.py
[2024-09-09T21:05:27.634-0300] {processor.py:914} INFO - Processing file /mnt/c/Users/teu20/Documents/Poli/Repo/eEDB011-20243/atividade 6 - WSL/airflow/airflow_env/lib/python3.10/site-packages/airflow/example_dags/example_task_group_decorator.py for tasks to queue
[2024-09-09T21:05:27.636-0300] {logging_mixin.py:190} INFO - [2024-09-09T21:05:27.635-0300] {dagbag.py:587} INFO - Filling up the DagBag from /mnt/c/Users/teu20/Documents/Poli/Repo/eEDB011-20243/atividade 6 - WSL/airflow/airflow_env/lib/python3.10/site-packages/airflow/example_dags/example_task_group_decorator.py
[2024-09-09T21:05:27.651-0300] {processor.py:925} INFO - DAG(s) 'example_task_group_decorator' retrieved from /mnt/c/Users/teu20/Documents/Poli/Repo/eEDB011-20243/atividade 6 - WSL/airflow/airflow_env/lib/python3.10/site-packages/airflow/example_dags/example_task_group_decorator.py
[2024-09-09T21:05:27.671-0300] {logging_mixin.py:190} INFO - [2024-09-09T21:05:27.670-0300] {dag.py:3229} INFO - Sync 1 DAGs
[2024-09-09T21:05:27.679-0300] {logging_mixin.py:190} INFO - [2024-09-09T21:05:27.679-0300] {dag.py:4156} INFO - Setting next_dagrun for example_task_group_decorator to None, run_after=None
[2024-09-09T21:05:27.694-0300] {processor.py:208} INFO - Processing /mnt/c/Users/teu20/Documents/Poli/Repo/eEDB011-20243/atividade 6 - WSL/airflow/airflow_env/lib/python3.10/site-packages/airflow/example_dags/example_task_group_decorator.py took 0.068 seconds
[2024-09-09T21:05:58.158-0300] {processor.py:186} INFO - Started process (PID=267357) to work on /mnt/c/Users/teu20/Documents/Poli/Repo/eEDB011-20243/atividade 6 - WSL/airflow/airflow_env/lib/python3.10/site-packages/airflow/example_dags/example_task_group_decorator.py
[2024-09-09T21:05:58.159-0300] {processor.py:914} INFO - Processing file /mnt/c/Users/teu20/Documents/Poli/Repo/eEDB011-20243/atividade 6 - WSL/airflow/airflow_env/lib/python3.10/site-packages/airflow/example_dags/example_task_group_decorator.py for tasks to queue
[2024-09-09T21:05:58.161-0300] {logging_mixin.py:190} INFO - [2024-09-09T21:05:58.160-0300] {dagbag.py:587} INFO - Filling up the DagBag from /mnt/c/Users/teu20/Documents/Poli/Repo/eEDB011-20243/atividade 6 - WSL/airflow/airflow_env/lib/python3.10/site-packages/airflow/example_dags/example_task_group_decorator.py
[2024-09-09T21:05:58.181-0300] {processor.py:925} INFO - DAG(s) 'example_task_group_decorator' retrieved from /mnt/c/Users/teu20/Documents/Poli/Repo/eEDB011-20243/atividade 6 - WSL/airflow/airflow_env/lib/python3.10/site-packages/airflow/example_dags/example_task_group_decorator.py
[2024-09-09T21:05:58.201-0300] {logging_mixin.py:190} INFO - [2024-09-09T21:05:58.201-0300] {dag.py:3229} INFO - Sync 1 DAGs
[2024-09-09T21:05:58.210-0300] {logging_mixin.py:190} INFO - [2024-09-09T21:05:58.209-0300] {dag.py:4156} INFO - Setting next_dagrun for example_task_group_decorator to None, run_after=None
[2024-09-09T21:05:58.225-0300] {processor.py:208} INFO - Processing /mnt/c/Users/teu20/Documents/Poli/Repo/eEDB011-20243/atividade 6 - WSL/airflow/airflow_env/lib/python3.10/site-packages/airflow/example_dags/example_task_group_decorator.py took 0.074 seconds
[2024-09-09T21:06:28.855-0300] {processor.py:186} INFO - Started process (PID=267811) to work on /mnt/c/Users/teu20/Documents/Poli/Repo/eEDB011-20243/atividade 6 - WSL/airflow/airflow_env/lib/python3.10/site-packages/airflow/example_dags/example_task_group_decorator.py
[2024-09-09T21:06:28.856-0300] {processor.py:914} INFO - Processing file /mnt/c/Users/teu20/Documents/Poli/Repo/eEDB011-20243/atividade 6 - WSL/airflow/airflow_env/lib/python3.10/site-packages/airflow/example_dags/example_task_group_decorator.py for tasks to queue
[2024-09-09T21:06:28.858-0300] {logging_mixin.py:190} INFO - [2024-09-09T21:06:28.857-0300] {dagbag.py:587} INFO - Filling up the DagBag from /mnt/c/Users/teu20/Documents/Poli/Repo/eEDB011-20243/atividade 6 - WSL/airflow/airflow_env/lib/python3.10/site-packages/airflow/example_dags/example_task_group_decorator.py
[2024-09-09T21:06:28.878-0300] {processor.py:925} INFO - DAG(s) 'example_task_group_decorator' retrieved from /mnt/c/Users/teu20/Documents/Poli/Repo/eEDB011-20243/atividade 6 - WSL/airflow/airflow_env/lib/python3.10/site-packages/airflow/example_dags/example_task_group_decorator.py
[2024-09-09T21:06:28.904-0300] {logging_mixin.py:190} INFO - [2024-09-09T21:06:28.903-0300] {dag.py:3229} INFO - Sync 1 DAGs
[2024-09-09T21:06:28.913-0300] {logging_mixin.py:190} INFO - [2024-09-09T21:06:28.913-0300] {dag.py:4156} INFO - Setting next_dagrun for example_task_group_decorator to None, run_after=None
[2024-09-09T21:06:28.929-0300] {processor.py:208} INFO - Processing /mnt/c/Users/teu20/Documents/Poli/Repo/eEDB011-20243/atividade 6 - WSL/airflow/airflow_env/lib/python3.10/site-packages/airflow/example_dags/example_task_group_decorator.py took 0.083 seconds
[2024-09-09T21:06:59.305-0300] {processor.py:186} INFO - Started process (PID=268432) to work on /mnt/c/Users/teu20/Documents/Poli/Repo/eEDB011-20243/atividade 6 - WSL/airflow/airflow_env/lib/python3.10/site-packages/airflow/example_dags/example_task_group_decorator.py
[2024-09-09T21:06:59.307-0300] {processor.py:914} INFO - Processing file /mnt/c/Users/teu20/Documents/Poli/Repo/eEDB011-20243/atividade 6 - WSL/airflow/airflow_env/lib/python3.10/site-packages/airflow/example_dags/example_task_group_decorator.py for tasks to queue
[2024-09-09T21:06:59.308-0300] {logging_mixin.py:190} INFO - [2024-09-09T21:06:59.308-0300] {dagbag.py:587} INFO - Filling up the DagBag from /mnt/c/Users/teu20/Documents/Poli/Repo/eEDB011-20243/atividade 6 - WSL/airflow/airflow_env/lib/python3.10/site-packages/airflow/example_dags/example_task_group_decorator.py
[2024-09-09T21:06:59.325-0300] {processor.py:925} INFO - DAG(s) 'example_task_group_decorator' retrieved from /mnt/c/Users/teu20/Documents/Poli/Repo/eEDB011-20243/atividade 6 - WSL/airflow/airflow_env/lib/python3.10/site-packages/airflow/example_dags/example_task_group_decorator.py
[2024-09-09T21:06:59.345-0300] {logging_mixin.py:190} INFO - [2024-09-09T21:06:59.345-0300] {dag.py:3229} INFO - Sync 1 DAGs
[2024-09-09T21:06:59.354-0300] {logging_mixin.py:190} INFO - [2024-09-09T21:06:59.353-0300] {dag.py:4156} INFO - Setting next_dagrun for example_task_group_decorator to None, run_after=None
[2024-09-09T21:06:59.368-0300] {processor.py:208} INFO - Processing /mnt/c/Users/teu20/Documents/Poli/Repo/eEDB011-20243/atividade 6 - WSL/airflow/airflow_env/lib/python3.10/site-packages/airflow/example_dags/example_task_group_decorator.py took 0.070 seconds
[2024-09-09T21:07:29.665-0300] {processor.py:186} INFO - Started process (PID=269100) to work on /mnt/c/Users/teu20/Documents/Poli/Repo/eEDB011-20243/atividade 6 - WSL/airflow/airflow_env/lib/python3.10/site-packages/airflow/example_dags/example_task_group_decorator.py
[2024-09-09T21:07:29.666-0300] {processor.py:914} INFO - Processing file /mnt/c/Users/teu20/Documents/Poli/Repo/eEDB011-20243/atividade 6 - WSL/airflow/airflow_env/lib/python3.10/site-packages/airflow/example_dags/example_task_group_decorator.py for tasks to queue
[2024-09-09T21:07:29.668-0300] {logging_mixin.py:190} INFO - [2024-09-09T21:07:29.667-0300] {dagbag.py:587} INFO - Filling up the DagBag from /mnt/c/Users/teu20/Documents/Poli/Repo/eEDB011-20243/atividade 6 - WSL/airflow/airflow_env/lib/python3.10/site-packages/airflow/example_dags/example_task_group_decorator.py
[2024-09-09T21:07:29.684-0300] {processor.py:925} INFO - DAG(s) 'example_task_group_decorator' retrieved from /mnt/c/Users/teu20/Documents/Poli/Repo/eEDB011-20243/atividade 6 - WSL/airflow/airflow_env/lib/python3.10/site-packages/airflow/example_dags/example_task_group_decorator.py
[2024-09-09T21:07:29.705-0300] {logging_mixin.py:190} INFO - [2024-09-09T21:07:29.704-0300] {dag.py:3229} INFO - Sync 1 DAGs
[2024-09-09T21:07:29.714-0300] {logging_mixin.py:190} INFO - [2024-09-09T21:07:29.713-0300] {dag.py:4156} INFO - Setting next_dagrun for example_task_group_decorator to None, run_after=None
[2024-09-09T21:07:29.729-0300] {processor.py:208} INFO - Processing /mnt/c/Users/teu20/Documents/Poli/Repo/eEDB011-20243/atividade 6 - WSL/airflow/airflow_env/lib/python3.10/site-packages/airflow/example_dags/example_task_group_decorator.py took 0.071 seconds
[2024-09-09T21:08:00.176-0300] {processor.py:186} INFO - Started process (PID=269597) to work on /mnt/c/Users/teu20/Documents/Poli/Repo/eEDB011-20243/atividade 6 - WSL/airflow/airflow_env/lib/python3.10/site-packages/airflow/example_dags/example_task_group_decorator.py
[2024-09-09T21:08:00.177-0300] {processor.py:914} INFO - Processing file /mnt/c/Users/teu20/Documents/Poli/Repo/eEDB011-20243/atividade 6 - WSL/airflow/airflow_env/lib/python3.10/site-packages/airflow/example_dags/example_task_group_decorator.py for tasks to queue
[2024-09-09T21:08:00.179-0300] {logging_mixin.py:190} INFO - [2024-09-09T21:08:00.178-0300] {dagbag.py:587} INFO - Filling up the DagBag from /mnt/c/Users/teu20/Documents/Poli/Repo/eEDB011-20243/atividade 6 - WSL/airflow/airflow_env/lib/python3.10/site-packages/airflow/example_dags/example_task_group_decorator.py
[2024-09-09T21:08:00.196-0300] {processor.py:925} INFO - DAG(s) 'example_task_group_decorator' retrieved from /mnt/c/Users/teu20/Documents/Poli/Repo/eEDB011-20243/atividade 6 - WSL/airflow/airflow_env/lib/python3.10/site-packages/airflow/example_dags/example_task_group_decorator.py
[2024-09-09T21:08:00.219-0300] {logging_mixin.py:190} INFO - [2024-09-09T21:08:00.218-0300] {dag.py:3229} INFO - Sync 1 DAGs
[2024-09-09T21:08:00.228-0300] {logging_mixin.py:190} INFO - [2024-09-09T21:08:00.227-0300] {dag.py:4156} INFO - Setting next_dagrun for example_task_group_decorator to None, run_after=None
[2024-09-09T21:08:00.245-0300] {processor.py:208} INFO - Processing /mnt/c/Users/teu20/Documents/Poli/Repo/eEDB011-20243/atividade 6 - WSL/airflow/airflow_env/lib/python3.10/site-packages/airflow/example_dags/example_task_group_decorator.py took 0.076 seconds
