[2024-09-09T21:00:23.479-0300] {processor.py:186} INFO - Started process (PID=261503) to work on /mnt/c/Users/teu20/Documents/Poli/Repo/eEDB011-20243/atividade 6 - WSL/airflow/airflow_env/lib/python3.10/site-packages/airflow/example_dags/example_python_operator.py
[2024-09-09T21:00:23.480-0300] {processor.py:914} INFO - Processing file /mnt/c/Users/teu20/Documents/Poli/Repo/eEDB011-20243/atividade 6 - WSL/airflow/airflow_env/lib/python3.10/site-packages/airflow/example_dags/example_python_operator.py for tasks to queue
[2024-09-09T21:00:23.482-0300] {logging_mixin.py:190} INFO - [2024-09-09T21:00:23.481-0300] {dagbag.py:587} INFO - Filling up the DagBag from /mnt/c/Users/teu20/Documents/Poli/Repo/eEDB011-20243/atividade 6 - WSL/airflow/airflow_env/lib/python3.10/site-packages/airflow/example_dags/example_python_operator.py
[2024-09-09T21:00:23.526-0300] {logging_mixin.py:190} INFO - [2024-09-09T21:00:23.526-0300] {example_python_operator.py:93} WARNING - The virtalenv_python example task requires virtualenv, please install it.
[2024-09-09T21:00:23.527-0300] {processor.py:925} INFO - DAG(s) 'example_python_operator' retrieved from /mnt/c/Users/teu20/Documents/Poli/Repo/eEDB011-20243/atividade 6 - WSL/airflow/airflow_env/lib/python3.10/site-packages/airflow/example_dags/example_python_operator.py
[2024-09-09T21:00:23.545-0300] {logging_mixin.py:190} INFO - [2024-09-09T21:00:23.544-0300] {dag.py:3229} INFO - Sync 1 DAGs
[2024-09-09T21:00:23.552-0300] {logging_mixin.py:190} INFO - [2024-09-09T21:00:23.552-0300] {dag.py:4156} INFO - Setting next_dagrun for example_python_operator to None, run_after=None
[2024-09-09T21:00:23.566-0300] {processor.py:208} INFO - Processing /mnt/c/Users/teu20/Documents/Poli/Repo/eEDB011-20243/atividade 6 - WSL/airflow/airflow_env/lib/python3.10/site-packages/airflow/example_dags/example_python_operator.py took 0.095 seconds
[2024-09-09T21:00:53.916-0300] {processor.py:186} INFO - Started process (PID=262210) to work on /mnt/c/Users/teu20/Documents/Poli/Repo/eEDB011-20243/atividade 6 - WSL/airflow/airflow_env/lib/python3.10/site-packages/airflow/example_dags/example_python_operator.py
[2024-09-09T21:00:53.917-0300] {processor.py:914} INFO - Processing file /mnt/c/Users/teu20/Documents/Poli/Repo/eEDB011-20243/atividade 6 - WSL/airflow/airflow_env/lib/python3.10/site-packages/airflow/example_dags/example_python_operator.py for tasks to queue
[2024-09-09T21:00:53.919-0300] {logging_mixin.py:190} INFO - [2024-09-09T21:00:53.918-0300] {dagbag.py:587} INFO - Filling up the DagBag from /mnt/c/Users/teu20/Documents/Poli/Repo/eEDB011-20243/atividade 6 - WSL/airflow/airflow_env/lib/python3.10/site-packages/airflow/example_dags/example_python_operator.py
[2024-09-09T21:00:53.961-0300] {logging_mixin.py:190} INFO - [2024-09-09T21:00:53.960-0300] {example_python_operator.py:93} WARNING - The virtalenv_python example task requires virtualenv, please install it.
[2024-09-09T21:00:53.962-0300] {processor.py:925} INFO - DAG(s) 'example_python_operator' retrieved from /mnt/c/Users/teu20/Documents/Poli/Repo/eEDB011-20243/atividade 6 - WSL/airflow/airflow_env/lib/python3.10/site-packages/airflow/example_dags/example_python_operator.py
[2024-09-09T21:00:53.981-0300] {logging_mixin.py:190} INFO - [2024-09-09T21:00:53.981-0300] {dag.py:3229} INFO - Sync 1 DAGs
[2024-09-09T21:00:53.989-0300] {logging_mixin.py:190} INFO - [2024-09-09T21:00:53.989-0300] {dag.py:4156} INFO - Setting next_dagrun for example_python_operator to None, run_after=None
[2024-09-09T21:00:54.004-0300] {processor.py:208} INFO - Processing /mnt/c/Users/teu20/Documents/Poli/Repo/eEDB011-20243/atividade 6 - WSL/airflow/airflow_env/lib/python3.10/site-packages/airflow/example_dags/example_python_operator.py took 0.095 seconds
[2024-09-09T21:01:24.370-0300] {processor.py:186} INFO - Started process (PID=262641) to work on /mnt/c/Users/teu20/Documents/Poli/Repo/eEDB011-20243/atividade 6 - WSL/airflow/airflow_env/lib/python3.10/site-packages/airflow/example_dags/example_python_operator.py
[2024-09-09T21:01:24.371-0300] {processor.py:914} INFO - Processing file /mnt/c/Users/teu20/Documents/Poli/Repo/eEDB011-20243/atividade 6 - WSL/airflow/airflow_env/lib/python3.10/site-packages/airflow/example_dags/example_python_operator.py for tasks to queue
[2024-09-09T21:01:24.373-0300] {logging_mixin.py:190} INFO - [2024-09-09T21:01:24.372-0300] {dagbag.py:587} INFO - Filling up the DagBag from /mnt/c/Users/teu20/Documents/Poli/Repo/eEDB011-20243/atividade 6 - WSL/airflow/airflow_env/lib/python3.10/site-packages/airflow/example_dags/example_python_operator.py
[2024-09-09T21:01:24.419-0300] {logging_mixin.py:190} INFO - [2024-09-09T21:01:24.418-0300] {example_python_operator.py:93} WARNING - The virtalenv_python example task requires virtualenv, please install it.
[2024-09-09T21:01:24.420-0300] {processor.py:925} INFO - DAG(s) 'example_python_operator' retrieved from /mnt/c/Users/teu20/Documents/Poli/Repo/eEDB011-20243/atividade 6 - WSL/airflow/airflow_env/lib/python3.10/site-packages/airflow/example_dags/example_python_operator.py
[2024-09-09T21:01:24.439-0300] {logging_mixin.py:190} INFO - [2024-09-09T21:01:24.438-0300] {dag.py:3229} INFO - Sync 1 DAGs
[2024-09-09T21:01:24.447-0300] {logging_mixin.py:190} INFO - [2024-09-09T21:01:24.447-0300] {dag.py:4156} INFO - Setting next_dagrun for example_python_operator to None, run_after=None
[2024-09-09T21:01:24.462-0300] {processor.py:208} INFO - Processing /mnt/c/Users/teu20/Documents/Poli/Repo/eEDB011-20243/atividade 6 - WSL/airflow/airflow_env/lib/python3.10/site-packages/airflow/example_dags/example_python_operator.py took 0.101 seconds
[2024-09-09T21:01:55.221-0300] {processor.py:186} INFO - Started process (PID=263075) to work on /mnt/c/Users/teu20/Documents/Poli/Repo/eEDB011-20243/atividade 6 - WSL/airflow/airflow_env/lib/python3.10/site-packages/airflow/example_dags/example_python_operator.py
[2024-09-09T21:01:55.223-0300] {processor.py:914} INFO - Processing file /mnt/c/Users/teu20/Documents/Poli/Repo/eEDB011-20243/atividade 6 - WSL/airflow/airflow_env/lib/python3.10/site-packages/airflow/example_dags/example_python_operator.py for tasks to queue
[2024-09-09T21:01:55.224-0300] {logging_mixin.py:190} INFO - [2024-09-09T21:01:55.224-0300] {dagbag.py:587} INFO - Filling up the DagBag from /mnt/c/Users/teu20/Documents/Poli/Repo/eEDB011-20243/atividade 6 - WSL/airflow/airflow_env/lib/python3.10/site-packages/airflow/example_dags/example_python_operator.py
[2024-09-09T21:01:55.274-0300] {logging_mixin.py:190} INFO - [2024-09-09T21:01:55.273-0300] {example_python_operator.py:93} WARNING - The virtalenv_python example task requires virtualenv, please install it.
[2024-09-09T21:01:55.275-0300] {processor.py:925} INFO - DAG(s) 'example_python_operator' retrieved from /mnt/c/Users/teu20/Documents/Poli/Repo/eEDB011-20243/atividade 6 - WSL/airflow/airflow_env/lib/python3.10/site-packages/airflow/example_dags/example_python_operator.py
[2024-09-09T21:01:55.294-0300] {logging_mixin.py:190} INFO - [2024-09-09T21:01:55.293-0300] {dag.py:3229} INFO - Sync 1 DAGs
[2024-09-09T21:01:55.302-0300] {logging_mixin.py:190} INFO - [2024-09-09T21:01:55.301-0300] {dag.py:4156} INFO - Setting next_dagrun for example_python_operator to None, run_after=None
[2024-09-09T21:01:55.317-0300] {processor.py:208} INFO - Processing /mnt/c/Users/teu20/Documents/Poli/Repo/eEDB011-20243/atividade 6 - WSL/airflow/airflow_env/lib/python3.10/site-packages/airflow/example_dags/example_python_operator.py took 0.105 seconds
[2024-09-09T21:02:25.730-0300] {processor.py:186} INFO - Started process (PID=263505) to work on /mnt/c/Users/teu20/Documents/Poli/Repo/eEDB011-20243/atividade 6 - WSL/airflow/airflow_env/lib/python3.10/site-packages/airflow/example_dags/example_python_operator.py
[2024-09-09T21:02:25.731-0300] {processor.py:914} INFO - Processing file /mnt/c/Users/teu20/Documents/Poli/Repo/eEDB011-20243/atividade 6 - WSL/airflow/airflow_env/lib/python3.10/site-packages/airflow/example_dags/example_python_operator.py for tasks to queue
[2024-09-09T21:02:25.733-0300] {logging_mixin.py:190} INFO - [2024-09-09T21:02:25.732-0300] {dagbag.py:587} INFO - Filling up the DagBag from /mnt/c/Users/teu20/Documents/Poli/Repo/eEDB011-20243/atividade 6 - WSL/airflow/airflow_env/lib/python3.10/site-packages/airflow/example_dags/example_python_operator.py
[2024-09-09T21:02:25.776-0300] {logging_mixin.py:190} INFO - [2024-09-09T21:02:25.775-0300] {example_python_operator.py:93} WARNING - The virtalenv_python example task requires virtualenv, please install it.
[2024-09-09T21:02:25.777-0300] {processor.py:925} INFO - DAG(s) 'example_python_operator' retrieved from /mnt/c/Users/teu20/Documents/Poli/Repo/eEDB011-20243/atividade 6 - WSL/airflow/airflow_env/lib/python3.10/site-packages/airflow/example_dags/example_python_operator.py
[2024-09-09T21:02:25.796-0300] {logging_mixin.py:190} INFO - [2024-09-09T21:02:25.795-0300] {dag.py:3229} INFO - Sync 1 DAGs
[2024-09-09T21:02:25.803-0300] {logging_mixin.py:190} INFO - [2024-09-09T21:02:25.803-0300] {dag.py:4156} INFO - Setting next_dagrun for example_python_operator to None, run_after=None
[2024-09-09T21:02:25.818-0300] {processor.py:208} INFO - Processing /mnt/c/Users/teu20/Documents/Poli/Repo/eEDB011-20243/atividade 6 - WSL/airflow/airflow_env/lib/python3.10/site-packages/airflow/example_dags/example_python_operator.py took 0.096 seconds
[2024-09-09T21:02:56.264-0300] {processor.py:186} INFO - Started process (PID=263936) to work on /mnt/c/Users/teu20/Documents/Poli/Repo/eEDB011-20243/atividade 6 - WSL/airflow/airflow_env/lib/python3.10/site-packages/airflow/example_dags/example_python_operator.py
[2024-09-09T21:02:56.265-0300] {processor.py:914} INFO - Processing file /mnt/c/Users/teu20/Documents/Poli/Repo/eEDB011-20243/atividade 6 - WSL/airflow/airflow_env/lib/python3.10/site-packages/airflow/example_dags/example_python_operator.py for tasks to queue
[2024-09-09T21:02:56.267-0300] {logging_mixin.py:190} INFO - [2024-09-09T21:02:56.266-0300] {dagbag.py:587} INFO - Filling up the DagBag from /mnt/c/Users/teu20/Documents/Poli/Repo/eEDB011-20243/atividade 6 - WSL/airflow/airflow_env/lib/python3.10/site-packages/airflow/example_dags/example_python_operator.py
[2024-09-09T21:02:56.312-0300] {logging_mixin.py:190} INFO - [2024-09-09T21:02:56.311-0300] {example_python_operator.py:93} WARNING - The virtalenv_python example task requires virtualenv, please install it.
[2024-09-09T21:02:56.313-0300] {processor.py:925} INFO - DAG(s) 'example_python_operator' retrieved from /mnt/c/Users/teu20/Documents/Poli/Repo/eEDB011-20243/atividade 6 - WSL/airflow/airflow_env/lib/python3.10/site-packages/airflow/example_dags/example_python_operator.py
[2024-09-09T21:02:56.332-0300] {logging_mixin.py:190} INFO - [2024-09-09T21:02:56.331-0300] {dag.py:3229} INFO - Sync 1 DAGs
[2024-09-09T21:02:56.340-0300] {logging_mixin.py:190} INFO - [2024-09-09T21:02:56.339-0300] {dag.py:4156} INFO - Setting next_dagrun for example_python_operator to None, run_after=None
[2024-09-09T21:02:56.354-0300] {processor.py:208} INFO - Processing /mnt/c/Users/teu20/Documents/Poli/Repo/eEDB011-20243/atividade 6 - WSL/airflow/airflow_env/lib/python3.10/site-packages/airflow/example_dags/example_python_operator.py took 0.097 seconds
[2024-09-09T21:03:26.814-0300] {processor.py:186} INFO - Started process (PID=264367) to work on /mnt/c/Users/teu20/Documents/Poli/Repo/eEDB011-20243/atividade 6 - WSL/airflow/airflow_env/lib/python3.10/site-packages/airflow/example_dags/example_python_operator.py
[2024-09-09T21:03:26.815-0300] {processor.py:914} INFO - Processing file /mnt/c/Users/teu20/Documents/Poli/Repo/eEDB011-20243/atividade 6 - WSL/airflow/airflow_env/lib/python3.10/site-packages/airflow/example_dags/example_python_operator.py for tasks to queue
[2024-09-09T21:03:26.817-0300] {logging_mixin.py:190} INFO - [2024-09-09T21:03:26.816-0300] {dagbag.py:587} INFO - Filling up the DagBag from /mnt/c/Users/teu20/Documents/Poli/Repo/eEDB011-20243/atividade 6 - WSL/airflow/airflow_env/lib/python3.10/site-packages/airflow/example_dags/example_python_operator.py
[2024-09-09T21:03:26.856-0300] {logging_mixin.py:190} INFO - [2024-09-09T21:03:26.855-0300] {example_python_operator.py:93} WARNING - The virtalenv_python example task requires virtualenv, please install it.
[2024-09-09T21:03:26.857-0300] {processor.py:925} INFO - DAG(s) 'example_python_operator' retrieved from /mnt/c/Users/teu20/Documents/Poli/Repo/eEDB011-20243/atividade 6 - WSL/airflow/airflow_env/lib/python3.10/site-packages/airflow/example_dags/example_python_operator.py
[2024-09-09T21:03:26.876-0300] {logging_mixin.py:190} INFO - [2024-09-09T21:03:26.875-0300] {dag.py:3229} INFO - Sync 1 DAGs
[2024-09-09T21:03:26.884-0300] {logging_mixin.py:190} INFO - [2024-09-09T21:03:26.883-0300] {dag.py:4156} INFO - Setting next_dagrun for example_python_operator to None, run_after=None
[2024-09-09T21:03:26.897-0300] {processor.py:208} INFO - Processing /mnt/c/Users/teu20/Documents/Poli/Repo/eEDB011-20243/atividade 6 - WSL/airflow/airflow_env/lib/python3.10/site-packages/airflow/example_dags/example_python_operator.py took 0.090 seconds
[2024-09-09T21:03:57.388-0300] {processor.py:186} INFO - Started process (PID=264807) to work on /mnt/c/Users/teu20/Documents/Poli/Repo/eEDB011-20243/atividade 6 - WSL/airflow/airflow_env/lib/python3.10/site-packages/airflow/example_dags/example_python_operator.py
[2024-09-09T21:03:57.389-0300] {processor.py:914} INFO - Processing file /mnt/c/Users/teu20/Documents/Poli/Repo/eEDB011-20243/atividade 6 - WSL/airflow/airflow_env/lib/python3.10/site-packages/airflow/example_dags/example_python_operator.py for tasks to queue
[2024-09-09T21:03:57.390-0300] {logging_mixin.py:190} INFO - [2024-09-09T21:03:57.390-0300] {dagbag.py:587} INFO - Filling up the DagBag from /mnt/c/Users/teu20/Documents/Poli/Repo/eEDB011-20243/atividade 6 - WSL/airflow/airflow_env/lib/python3.10/site-packages/airflow/example_dags/example_python_operator.py
[2024-09-09T21:03:57.434-0300] {logging_mixin.py:190} INFO - [2024-09-09T21:03:57.433-0300] {example_python_operator.py:93} WARNING - The virtalenv_python example task requires virtualenv, please install it.
[2024-09-09T21:03:57.435-0300] {processor.py:925} INFO - DAG(s) 'example_python_operator' retrieved from /mnt/c/Users/teu20/Documents/Poli/Repo/eEDB011-20243/atividade 6 - WSL/airflow/airflow_env/lib/python3.10/site-packages/airflow/example_dags/example_python_operator.py
[2024-09-09T21:03:57.455-0300] {logging_mixin.py:190} INFO - [2024-09-09T21:03:57.454-0300] {dag.py:3229} INFO - Sync 1 DAGs
[2024-09-09T21:03:57.464-0300] {logging_mixin.py:190} INFO - [2024-09-09T21:03:57.463-0300] {dag.py:4156} INFO - Setting next_dagrun for example_python_operator to None, run_after=None
[2024-09-09T21:03:57.479-0300] {processor.py:208} INFO - Processing /mnt/c/Users/teu20/Documents/Poli/Repo/eEDB011-20243/atividade 6 - WSL/airflow/airflow_env/lib/python3.10/site-packages/airflow/example_dags/example_python_operator.py took 0.099 seconds
[2024-09-09T21:04:27.912-0300] {processor.py:186} INFO - Started process (PID=265243) to work on /mnt/c/Users/teu20/Documents/Poli/Repo/eEDB011-20243/atividade 6 - WSL/airflow/airflow_env/lib/python3.10/site-packages/airflow/example_dags/example_python_operator.py
[2024-09-09T21:04:27.913-0300] {processor.py:914} INFO - Processing file /mnt/c/Users/teu20/Documents/Poli/Repo/eEDB011-20243/atividade 6 - WSL/airflow/airflow_env/lib/python3.10/site-packages/airflow/example_dags/example_python_operator.py for tasks to queue
[2024-09-09T21:04:27.915-0300] {logging_mixin.py:190} INFO - [2024-09-09T21:04:27.914-0300] {dagbag.py:587} INFO - Filling up the DagBag from /mnt/c/Users/teu20/Documents/Poli/Repo/eEDB011-20243/atividade 6 - WSL/airflow/airflow_env/lib/python3.10/site-packages/airflow/example_dags/example_python_operator.py
[2024-09-09T21:04:27.954-0300] {logging_mixin.py:190} INFO - [2024-09-09T21:04:27.953-0300] {example_python_operator.py:93} WARNING - The virtalenv_python example task requires virtualenv, please install it.
[2024-09-09T21:04:27.955-0300] {processor.py:925} INFO - DAG(s) 'example_python_operator' retrieved from /mnt/c/Users/teu20/Documents/Poli/Repo/eEDB011-20243/atividade 6 - WSL/airflow/airflow_env/lib/python3.10/site-packages/airflow/example_dags/example_python_operator.py
[2024-09-09T21:04:27.973-0300] {logging_mixin.py:190} INFO - [2024-09-09T21:04:27.972-0300] {dag.py:3229} INFO - Sync 1 DAGs
[2024-09-09T21:04:27.981-0300] {logging_mixin.py:190} INFO - [2024-09-09T21:04:27.980-0300] {dag.py:4156} INFO - Setting next_dagrun for example_python_operator to None, run_after=None
[2024-09-09T21:04:27.995-0300] {processor.py:208} INFO - Processing /mnt/c/Users/teu20/Documents/Poli/Repo/eEDB011-20243/atividade 6 - WSL/airflow/airflow_env/lib/python3.10/site-packages/airflow/example_dags/example_python_operator.py took 0.090 seconds
[2024-09-09T21:04:58.335-0300] {processor.py:186} INFO - Started process (PID=266394) to work on /mnt/c/Users/teu20/Documents/Poli/Repo/eEDB011-20243/atividade 6 - WSL/airflow/airflow_env/lib/python3.10/site-packages/airflow/example_dags/example_python_operator.py
[2024-09-09T21:04:58.336-0300] {processor.py:914} INFO - Processing file /mnt/c/Users/teu20/Documents/Poli/Repo/eEDB011-20243/atividade 6 - WSL/airflow/airflow_env/lib/python3.10/site-packages/airflow/example_dags/example_python_operator.py for tasks to queue
[2024-09-09T21:04:58.337-0300] {logging_mixin.py:190} INFO - [2024-09-09T21:04:58.337-0300] {dagbag.py:587} INFO - Filling up the DagBag from /mnt/c/Users/teu20/Documents/Poli/Repo/eEDB011-20243/atividade 6 - WSL/airflow/airflow_env/lib/python3.10/site-packages/airflow/example_dags/example_python_operator.py
[2024-09-09T21:04:58.380-0300] {logging_mixin.py:190} INFO - [2024-09-09T21:04:58.379-0300] {example_python_operator.py:93} WARNING - The virtalenv_python example task requires virtualenv, please install it.
[2024-09-09T21:04:58.381-0300] {processor.py:925} INFO - DAG(s) 'example_python_operator' retrieved from /mnt/c/Users/teu20/Documents/Poli/Repo/eEDB011-20243/atividade 6 - WSL/airflow/airflow_env/lib/python3.10/site-packages/airflow/example_dags/example_python_operator.py
[2024-09-09T21:04:58.399-0300] {logging_mixin.py:190} INFO - [2024-09-09T21:04:58.398-0300] {dag.py:3229} INFO - Sync 1 DAGs
[2024-09-09T21:04:58.407-0300] {logging_mixin.py:190} INFO - [2024-09-09T21:04:58.406-0300] {dag.py:4156} INFO - Setting next_dagrun for example_python_operator to None, run_after=None
[2024-09-09T21:04:58.421-0300] {processor.py:208} INFO - Processing /mnt/c/Users/teu20/Documents/Poli/Repo/eEDB011-20243/atividade 6 - WSL/airflow/airflow_env/lib/python3.10/site-packages/airflow/example_dags/example_python_operator.py took 0.094 seconds
[2024-09-09T21:05:28.764-0300] {processor.py:186} INFO - Started process (PID=266986) to work on /mnt/c/Users/teu20/Documents/Poli/Repo/eEDB011-20243/atividade 6 - WSL/airflow/airflow_env/lib/python3.10/site-packages/airflow/example_dags/example_python_operator.py
[2024-09-09T21:05:28.765-0300] {processor.py:914} INFO - Processing file /mnt/c/Users/teu20/Documents/Poli/Repo/eEDB011-20243/atividade 6 - WSL/airflow/airflow_env/lib/python3.10/site-packages/airflow/example_dags/example_python_operator.py for tasks to queue
[2024-09-09T21:05:28.767-0300] {logging_mixin.py:190} INFO - [2024-09-09T21:05:28.766-0300] {dagbag.py:587} INFO - Filling up the DagBag from /mnt/c/Users/teu20/Documents/Poli/Repo/eEDB011-20243/atividade 6 - WSL/airflow/airflow_env/lib/python3.10/site-packages/airflow/example_dags/example_python_operator.py
[2024-09-09T21:05:28.810-0300] {logging_mixin.py:190} INFO - [2024-09-09T21:05:28.809-0300] {example_python_operator.py:93} WARNING - The virtalenv_python example task requires virtualenv, please install it.
[2024-09-09T21:05:28.810-0300] {processor.py:925} INFO - DAG(s) 'example_python_operator' retrieved from /mnt/c/Users/teu20/Documents/Poli/Repo/eEDB011-20243/atividade 6 - WSL/airflow/airflow_env/lib/python3.10/site-packages/airflow/example_dags/example_python_operator.py
[2024-09-09T21:05:28.831-0300] {logging_mixin.py:190} INFO - [2024-09-09T21:05:28.830-0300] {dag.py:3229} INFO - Sync 1 DAGs
[2024-09-09T21:05:28.840-0300] {logging_mixin.py:190} INFO - [2024-09-09T21:05:28.839-0300] {dag.py:4156} INFO - Setting next_dagrun for example_python_operator to None, run_after=None
[2024-09-09T21:05:28.855-0300] {processor.py:208} INFO - Processing /mnt/c/Users/teu20/Documents/Poli/Repo/eEDB011-20243/atividade 6 - WSL/airflow/airflow_env/lib/python3.10/site-packages/airflow/example_dags/example_python_operator.py took 0.099 seconds
[2024-09-09T21:05:59.148-0300] {processor.py:186} INFO - Started process (PID=267416) to work on /mnt/c/Users/teu20/Documents/Poli/Repo/eEDB011-20243/atividade 6 - WSL/airflow/airflow_env/lib/python3.10/site-packages/airflow/example_dags/example_python_operator.py
[2024-09-09T21:05:59.149-0300] {processor.py:914} INFO - Processing file /mnt/c/Users/teu20/Documents/Poli/Repo/eEDB011-20243/atividade 6 - WSL/airflow/airflow_env/lib/python3.10/site-packages/airflow/example_dags/example_python_operator.py for tasks to queue
[2024-09-09T21:05:59.151-0300] {logging_mixin.py:190} INFO - [2024-09-09T21:05:59.150-0300] {dagbag.py:587} INFO - Filling up the DagBag from /mnt/c/Users/teu20/Documents/Poli/Repo/eEDB011-20243/atividade 6 - WSL/airflow/airflow_env/lib/python3.10/site-packages/airflow/example_dags/example_python_operator.py
[2024-09-09T21:05:59.196-0300] {logging_mixin.py:190} INFO - [2024-09-09T21:05:59.195-0300] {example_python_operator.py:93} WARNING - The virtalenv_python example task requires virtualenv, please install it.
[2024-09-09T21:05:59.197-0300] {processor.py:925} INFO - DAG(s) 'example_python_operator' retrieved from /mnt/c/Users/teu20/Documents/Poli/Repo/eEDB011-20243/atividade 6 - WSL/airflow/airflow_env/lib/python3.10/site-packages/airflow/example_dags/example_python_operator.py
[2024-09-09T21:05:59.217-0300] {logging_mixin.py:190} INFO - [2024-09-09T21:05:59.216-0300] {dag.py:3229} INFO - Sync 1 DAGs
[2024-09-09T21:05:59.226-0300] {logging_mixin.py:190} INFO - [2024-09-09T21:05:59.225-0300] {dag.py:4156} INFO - Setting next_dagrun for example_python_operator to None, run_after=None
[2024-09-09T21:05:59.242-0300] {processor.py:208} INFO - Processing /mnt/c/Users/teu20/Documents/Poli/Repo/eEDB011-20243/atividade 6 - WSL/airflow/airflow_env/lib/python3.10/site-packages/airflow/example_dags/example_python_operator.py took 0.102 seconds
[2024-09-09T21:06:29.679-0300] {processor.py:186} INFO - Started process (PID=267869) to work on /mnt/c/Users/teu20/Documents/Poli/Repo/eEDB011-20243/atividade 6 - WSL/airflow/airflow_env/lib/python3.10/site-packages/airflow/example_dags/example_python_operator.py
[2024-09-09T21:06:29.680-0300] {processor.py:914} INFO - Processing file /mnt/c/Users/teu20/Documents/Poli/Repo/eEDB011-20243/atividade 6 - WSL/airflow/airflow_env/lib/python3.10/site-packages/airflow/example_dags/example_python_operator.py for tasks to queue
[2024-09-09T21:06:29.682-0300] {logging_mixin.py:190} INFO - [2024-09-09T21:06:29.681-0300] {dagbag.py:587} INFO - Filling up the DagBag from /mnt/c/Users/teu20/Documents/Poli/Repo/eEDB011-20243/atividade 6 - WSL/airflow/airflow_env/lib/python3.10/site-packages/airflow/example_dags/example_python_operator.py
[2024-09-09T21:06:29.726-0300] {logging_mixin.py:190} INFO - [2024-09-09T21:06:29.725-0300] {example_python_operator.py:93} WARNING - The virtalenv_python example task requires virtualenv, please install it.
[2024-09-09T21:06:29.727-0300] {processor.py:925} INFO - DAG(s) 'example_python_operator' retrieved from /mnt/c/Users/teu20/Documents/Poli/Repo/eEDB011-20243/atividade 6 - WSL/airflow/airflow_env/lib/python3.10/site-packages/airflow/example_dags/example_python_operator.py
[2024-09-09T21:06:29.745-0300] {logging_mixin.py:190} INFO - [2024-09-09T21:06:29.744-0300] {dag.py:3229} INFO - Sync 1 DAGs
[2024-09-09T21:06:29.753-0300] {logging_mixin.py:190} INFO - [2024-09-09T21:06:29.752-0300] {dag.py:4156} INFO - Setting next_dagrun for example_python_operator to None, run_after=None
[2024-09-09T21:06:29.767-0300] {processor.py:208} INFO - Processing /mnt/c/Users/teu20/Documents/Poli/Repo/eEDB011-20243/atividade 6 - WSL/airflow/airflow_env/lib/python3.10/site-packages/airflow/example_dags/example_python_operator.py took 0.096 seconds
[2024-09-09T21:07:00.192-0300] {processor.py:186} INFO - Started process (PID=268491) to work on /mnt/c/Users/teu20/Documents/Poli/Repo/eEDB011-20243/atividade 6 - WSL/airflow/airflow_env/lib/python3.10/site-packages/airflow/example_dags/example_python_operator.py
[2024-09-09T21:07:00.193-0300] {processor.py:914} INFO - Processing file /mnt/c/Users/teu20/Documents/Poli/Repo/eEDB011-20243/atividade 6 - WSL/airflow/airflow_env/lib/python3.10/site-packages/airflow/example_dags/example_python_operator.py for tasks to queue
[2024-09-09T21:07:00.195-0300] {logging_mixin.py:190} INFO - [2024-09-09T21:07:00.195-0300] {dagbag.py:587} INFO - Filling up the DagBag from /mnt/c/Users/teu20/Documents/Poli/Repo/eEDB011-20243/atividade 6 - WSL/airflow/airflow_env/lib/python3.10/site-packages/airflow/example_dags/example_python_operator.py
[2024-09-09T21:07:00.239-0300] {logging_mixin.py:190} INFO - [2024-09-09T21:07:00.238-0300] {example_python_operator.py:93} WARNING - The virtalenv_python example task requires virtualenv, please install it.
[2024-09-09T21:07:00.240-0300] {processor.py:925} INFO - DAG(s) 'example_python_operator' retrieved from /mnt/c/Users/teu20/Documents/Poli/Repo/eEDB011-20243/atividade 6 - WSL/airflow/airflow_env/lib/python3.10/site-packages/airflow/example_dags/example_python_operator.py
[2024-09-09T21:07:00.258-0300] {logging_mixin.py:190} INFO - [2024-09-09T21:07:00.257-0300] {dag.py:3229} INFO - Sync 1 DAGs
[2024-09-09T21:07:00.266-0300] {logging_mixin.py:190} INFO - [2024-09-09T21:07:00.265-0300] {dag.py:4156} INFO - Setting next_dagrun for example_python_operator to None, run_after=None
[2024-09-09T21:07:00.280-0300] {processor.py:208} INFO - Processing /mnt/c/Users/teu20/Documents/Poli/Repo/eEDB011-20243/atividade 6 - WSL/airflow/airflow_env/lib/python3.10/site-packages/airflow/example_dags/example_python_operator.py took 0.095 seconds
[2024-09-09T21:07:30.631-0300] {processor.py:186} INFO - Started process (PID=269159) to work on /mnt/c/Users/teu20/Documents/Poli/Repo/eEDB011-20243/atividade 6 - WSL/airflow/airflow_env/lib/python3.10/site-packages/airflow/example_dags/example_python_operator.py
[2024-09-09T21:07:30.632-0300] {processor.py:914} INFO - Processing file /mnt/c/Users/teu20/Documents/Poli/Repo/eEDB011-20243/atividade 6 - WSL/airflow/airflow_env/lib/python3.10/site-packages/airflow/example_dags/example_python_operator.py for tasks to queue
[2024-09-09T21:07:30.634-0300] {logging_mixin.py:190} INFO - [2024-09-09T21:07:30.633-0300] {dagbag.py:587} INFO - Filling up the DagBag from /mnt/c/Users/teu20/Documents/Poli/Repo/eEDB011-20243/atividade 6 - WSL/airflow/airflow_env/lib/python3.10/site-packages/airflow/example_dags/example_python_operator.py
[2024-09-09T21:07:30.676-0300] {logging_mixin.py:190} INFO - [2024-09-09T21:07:30.675-0300] {example_python_operator.py:93} WARNING - The virtalenv_python example task requires virtualenv, please install it.
[2024-09-09T21:07:30.677-0300] {processor.py:925} INFO - DAG(s) 'example_python_operator' retrieved from /mnt/c/Users/teu20/Documents/Poli/Repo/eEDB011-20243/atividade 6 - WSL/airflow/airflow_env/lib/python3.10/site-packages/airflow/example_dags/example_python_operator.py
[2024-09-09T21:07:30.700-0300] {logging_mixin.py:190} INFO - [2024-09-09T21:07:30.699-0300] {dag.py:3229} INFO - Sync 1 DAGs
[2024-09-09T21:07:30.709-0300] {logging_mixin.py:190} INFO - [2024-09-09T21:07:30.708-0300] {dag.py:4156} INFO - Setting next_dagrun for example_python_operator to None, run_after=None
[2024-09-09T21:07:30.726-0300] {processor.py:208} INFO - Processing /mnt/c/Users/teu20/Documents/Poli/Repo/eEDB011-20243/atividade 6 - WSL/airflow/airflow_env/lib/python3.10/site-packages/airflow/example_dags/example_python_operator.py took 0.103 seconds
[2024-09-09T21:08:01.142-0300] {processor.py:186} INFO - Started process (PID=269657) to work on /mnt/c/Users/teu20/Documents/Poli/Repo/eEDB011-20243/atividade 6 - WSL/airflow/airflow_env/lib/python3.10/site-packages/airflow/example_dags/example_python_operator.py
[2024-09-09T21:08:01.143-0300] {processor.py:914} INFO - Processing file /mnt/c/Users/teu20/Documents/Poli/Repo/eEDB011-20243/atividade 6 - WSL/airflow/airflow_env/lib/python3.10/site-packages/airflow/example_dags/example_python_operator.py for tasks to queue
[2024-09-09T21:08:01.145-0300] {logging_mixin.py:190} INFO - [2024-09-09T21:08:01.145-0300] {dagbag.py:587} INFO - Filling up the DagBag from /mnt/c/Users/teu20/Documents/Poli/Repo/eEDB011-20243/atividade 6 - WSL/airflow/airflow_env/lib/python3.10/site-packages/airflow/example_dags/example_python_operator.py
[2024-09-09T21:08:01.190-0300] {logging_mixin.py:190} INFO - [2024-09-09T21:08:01.190-0300] {example_python_operator.py:93} WARNING - The virtalenv_python example task requires virtualenv, please install it.
[2024-09-09T21:08:01.191-0300] {processor.py:925} INFO - DAG(s) 'example_python_operator' retrieved from /mnt/c/Users/teu20/Documents/Poli/Repo/eEDB011-20243/atividade 6 - WSL/airflow/airflow_env/lib/python3.10/site-packages/airflow/example_dags/example_python_operator.py
[2024-09-09T21:08:01.211-0300] {logging_mixin.py:190} INFO - [2024-09-09T21:08:01.210-0300] {dag.py:3229} INFO - Sync 1 DAGs
[2024-09-09T21:08:01.219-0300] {logging_mixin.py:190} INFO - [2024-09-09T21:08:01.218-0300] {dag.py:4156} INFO - Setting next_dagrun for example_python_operator to None, run_after=None
[2024-09-09T21:08:01.240-0300] {processor.py:208} INFO - Processing /mnt/c/Users/teu20/Documents/Poli/Repo/eEDB011-20243/atividade 6 - WSL/airflow/airflow_env/lib/python3.10/site-packages/airflow/example_dags/example_python_operator.py took 0.105 seconds
