[2024-09-09T21:00:23.388-0300] {processor.py:186} INFO - Started process (PID=261498) to work on /mnt/c/Users/teu20/Documents/Poli/Repo/eEDB011-20243/atividade 6 - WSL/airflow/airflow_env/lib/python3.10/site-packages/airflow/example_dags/example_sensor_decorator.py
[2024-09-09T21:00:23.389-0300] {processor.py:914} INFO - Processing file /mnt/c/Users/teu20/Documents/Poli/Repo/eEDB011-20243/atividade 6 - WSL/airflow/airflow_env/lib/python3.10/site-packages/airflow/example_dags/example_sensor_decorator.py for tasks to queue
[2024-09-09T21:00:23.391-0300] {logging_mixin.py:190} INFO - [2024-09-09T21:00:23.390-0300] {dagbag.py:587} INFO - Filling up the DagBag from /mnt/c/Users/teu20/Documents/Poli/Repo/eEDB011-20243/atividade 6 - WSL/airflow/airflow_env/lib/python3.10/site-packages/airflow/example_dags/example_sensor_decorator.py
[2024-09-09T21:00:23.403-0300] {processor.py:925} INFO - DAG(s) 'example_sensor_decorator' retrieved from /mnt/c/Users/teu20/Documents/Poli/Repo/eEDB011-20243/atividade 6 - WSL/airflow/airflow_env/lib/python3.10/site-packages/airflow/example_dags/example_sensor_decorator.py
[2024-09-09T21:00:23.420-0300] {logging_mixin.py:190} INFO - [2024-09-09T21:00:23.420-0300] {dag.py:3229} INFO - Sync 1 DAGs
[2024-09-09T21:00:23.428-0300] {logging_mixin.py:190} INFO - [2024-09-09T21:00:23.428-0300] {dag.py:4156} INFO - Setting next_dagrun for example_sensor_decorator to None, run_after=None
[2024-09-09T21:00:23.442-0300] {processor.py:208} INFO - Processing /mnt/c/Users/teu20/Documents/Poli/Repo/eEDB011-20243/atividade 6 - WSL/airflow/airflow_env/lib/python3.10/site-packages/airflow/example_dags/example_sensor_decorator.py took 0.062 seconds
[2024-09-09T21:00:53.761-0300] {processor.py:186} INFO - Started process (PID=262201) to work on /mnt/c/Users/teu20/Documents/Poli/Repo/eEDB011-20243/atividade 6 - WSL/airflow/airflow_env/lib/python3.10/site-packages/airflow/example_dags/example_sensor_decorator.py
[2024-09-09T21:00:53.762-0300] {processor.py:914} INFO - Processing file /mnt/c/Users/teu20/Documents/Poli/Repo/eEDB011-20243/atividade 6 - WSL/airflow/airflow_env/lib/python3.10/site-packages/airflow/example_dags/example_sensor_decorator.py for tasks to queue
[2024-09-09T21:00:53.764-0300] {logging_mixin.py:190} INFO - [2024-09-09T21:00:53.764-0300] {dagbag.py:587} INFO - Filling up the DagBag from /mnt/c/Users/teu20/Documents/Poli/Repo/eEDB011-20243/atividade 6 - WSL/airflow/airflow_env/lib/python3.10/site-packages/airflow/example_dags/example_sensor_decorator.py
[2024-09-09T21:00:53.777-0300] {processor.py:925} INFO - DAG(s) 'example_sensor_decorator' retrieved from /mnt/c/Users/teu20/Documents/Poli/Repo/eEDB011-20243/atividade 6 - WSL/airflow/airflow_env/lib/python3.10/site-packages/airflow/example_dags/example_sensor_decorator.py
[2024-09-09T21:00:53.796-0300] {logging_mixin.py:190} INFO - [2024-09-09T21:00:53.795-0300] {dag.py:3229} INFO - Sync 1 DAGs
[2024-09-09T21:00:53.805-0300] {logging_mixin.py:190} INFO - [2024-09-09T21:00:53.804-0300] {dag.py:4156} INFO - Setting next_dagrun for example_sensor_decorator to None, run_after=None
[2024-09-09T21:00:53.819-0300] {processor.py:208} INFO - Processing /mnt/c/Users/teu20/Documents/Poli/Repo/eEDB011-20243/atividade 6 - WSL/airflow/airflow_env/lib/python3.10/site-packages/airflow/example_dags/example_sensor_decorator.py took 0.065 seconds
[2024-09-09T21:01:24.197-0300] {processor.py:186} INFO - Started process (PID=262636) to work on /mnt/c/Users/teu20/Documents/Poli/Repo/eEDB011-20243/atividade 6 - WSL/airflow/airflow_env/lib/python3.10/site-packages/airflow/example_dags/example_sensor_decorator.py
[2024-09-09T21:01:24.198-0300] {processor.py:914} INFO - Processing file /mnt/c/Users/teu20/Documents/Poli/Repo/eEDB011-20243/atividade 6 - WSL/airflow/airflow_env/lib/python3.10/site-packages/airflow/example_dags/example_sensor_decorator.py for tasks to queue
[2024-09-09T21:01:24.200-0300] {logging_mixin.py:190} INFO - [2024-09-09T21:01:24.199-0300] {dagbag.py:587} INFO - Filling up the DagBag from /mnt/c/Users/teu20/Documents/Poli/Repo/eEDB011-20243/atividade 6 - WSL/airflow/airflow_env/lib/python3.10/site-packages/airflow/example_dags/example_sensor_decorator.py
[2024-09-09T21:01:24.215-0300] {processor.py:925} INFO - DAG(s) 'example_sensor_decorator' retrieved from /mnt/c/Users/teu20/Documents/Poli/Repo/eEDB011-20243/atividade 6 - WSL/airflow/airflow_env/lib/python3.10/site-packages/airflow/example_dags/example_sensor_decorator.py
[2024-09-09T21:01:24.233-0300] {logging_mixin.py:190} INFO - [2024-09-09T21:01:24.232-0300] {dag.py:3229} INFO - Sync 1 DAGs
[2024-09-09T21:01:24.241-0300] {logging_mixin.py:190} INFO - [2024-09-09T21:01:24.241-0300] {dag.py:4156} INFO - Setting next_dagrun for example_sensor_decorator to None, run_after=None
[2024-09-09T21:01:24.257-0300] {processor.py:208} INFO - Processing /mnt/c/Users/teu20/Documents/Poli/Repo/eEDB011-20243/atividade 6 - WSL/airflow/airflow_env/lib/python3.10/site-packages/airflow/example_dags/example_sensor_decorator.py took 0.069 seconds
[2024-09-09T21:01:55.115-0300] {processor.py:186} INFO - Started process (PID=263070) to work on /mnt/c/Users/teu20/Documents/Poli/Repo/eEDB011-20243/atividade 6 - WSL/airflow/airflow_env/lib/python3.10/site-packages/airflow/example_dags/example_sensor_decorator.py
[2024-09-09T21:01:55.116-0300] {processor.py:914} INFO - Processing file /mnt/c/Users/teu20/Documents/Poli/Repo/eEDB011-20243/atividade 6 - WSL/airflow/airflow_env/lib/python3.10/site-packages/airflow/example_dags/example_sensor_decorator.py for tasks to queue
[2024-09-09T21:01:55.118-0300] {logging_mixin.py:190} INFO - [2024-09-09T21:01:55.117-0300] {dagbag.py:587} INFO - Filling up the DagBag from /mnt/c/Users/teu20/Documents/Poli/Repo/eEDB011-20243/atividade 6 - WSL/airflow/airflow_env/lib/python3.10/site-packages/airflow/example_dags/example_sensor_decorator.py
[2024-09-09T21:01:55.133-0300] {processor.py:925} INFO - DAG(s) 'example_sensor_decorator' retrieved from /mnt/c/Users/teu20/Documents/Poli/Repo/eEDB011-20243/atividade 6 - WSL/airflow/airflow_env/lib/python3.10/site-packages/airflow/example_dags/example_sensor_decorator.py
[2024-09-09T21:01:55.151-0300] {logging_mixin.py:190} INFO - [2024-09-09T21:01:55.151-0300] {dag.py:3229} INFO - Sync 1 DAGs
[2024-09-09T21:01:55.160-0300] {logging_mixin.py:190} INFO - [2024-09-09T21:01:55.159-0300] {dag.py:4156} INFO - Setting next_dagrun for example_sensor_decorator to None, run_after=None
[2024-09-09T21:01:55.175-0300] {processor.py:208} INFO - Processing /mnt/c/Users/teu20/Documents/Poli/Repo/eEDB011-20243/atividade 6 - WSL/airflow/airflow_env/lib/python3.10/site-packages/airflow/example_dags/example_sensor_decorator.py took 0.068 seconds
[2024-09-09T21:02:25.572-0300] {processor.py:186} INFO - Started process (PID=263498) to work on /mnt/c/Users/teu20/Documents/Poli/Repo/eEDB011-20243/atividade 6 - WSL/airflow/airflow_env/lib/python3.10/site-packages/airflow/example_dags/example_sensor_decorator.py
[2024-09-09T21:02:25.573-0300] {processor.py:914} INFO - Processing file /mnt/c/Users/teu20/Documents/Poli/Repo/eEDB011-20243/atividade 6 - WSL/airflow/airflow_env/lib/python3.10/site-packages/airflow/example_dags/example_sensor_decorator.py for tasks to queue
[2024-09-09T21:02:25.575-0300] {logging_mixin.py:190} INFO - [2024-09-09T21:02:25.574-0300] {dagbag.py:587} INFO - Filling up the DagBag from /mnt/c/Users/teu20/Documents/Poli/Repo/eEDB011-20243/atividade 6 - WSL/airflow/airflow_env/lib/python3.10/site-packages/airflow/example_dags/example_sensor_decorator.py
[2024-09-09T21:02:25.586-0300] {processor.py:925} INFO - DAG(s) 'example_sensor_decorator' retrieved from /mnt/c/Users/teu20/Documents/Poli/Repo/eEDB011-20243/atividade 6 - WSL/airflow/airflow_env/lib/python3.10/site-packages/airflow/example_dags/example_sensor_decorator.py
[2024-09-09T21:02:25.604-0300] {logging_mixin.py:190} INFO - [2024-09-09T21:02:25.603-0300] {dag.py:3229} INFO - Sync 1 DAGs
[2024-09-09T21:02:25.612-0300] {logging_mixin.py:190} INFO - [2024-09-09T21:02:25.611-0300] {dag.py:4156} INFO - Setting next_dagrun for example_sensor_decorator to None, run_after=None
[2024-09-09T21:02:25.627-0300] {processor.py:208} INFO - Processing /mnt/c/Users/teu20/Documents/Poli/Repo/eEDB011-20243/atividade 6 - WSL/airflow/airflow_env/lib/python3.10/site-packages/airflow/example_dags/example_sensor_decorator.py took 0.063 seconds
[2024-09-09T21:02:56.110-0300] {processor.py:186} INFO - Started process (PID=263928) to work on /mnt/c/Users/teu20/Documents/Poli/Repo/eEDB011-20243/atividade 6 - WSL/airflow/airflow_env/lib/python3.10/site-packages/airflow/example_dags/example_sensor_decorator.py
[2024-09-09T21:02:56.111-0300] {processor.py:914} INFO - Processing file /mnt/c/Users/teu20/Documents/Poli/Repo/eEDB011-20243/atividade 6 - WSL/airflow/airflow_env/lib/python3.10/site-packages/airflow/example_dags/example_sensor_decorator.py for tasks to queue
[2024-09-09T21:02:56.113-0300] {logging_mixin.py:190} INFO - [2024-09-09T21:02:56.112-0300] {dagbag.py:587} INFO - Filling up the DagBag from /mnt/c/Users/teu20/Documents/Poli/Repo/eEDB011-20243/atividade 6 - WSL/airflow/airflow_env/lib/python3.10/site-packages/airflow/example_dags/example_sensor_decorator.py
[2024-09-09T21:02:56.124-0300] {processor.py:925} INFO - DAG(s) 'example_sensor_decorator' retrieved from /mnt/c/Users/teu20/Documents/Poli/Repo/eEDB011-20243/atividade 6 - WSL/airflow/airflow_env/lib/python3.10/site-packages/airflow/example_dags/example_sensor_decorator.py
[2024-09-09T21:02:56.141-0300] {logging_mixin.py:190} INFO - [2024-09-09T21:02:56.140-0300] {dag.py:3229} INFO - Sync 1 DAGs
[2024-09-09T21:02:56.148-0300] {logging_mixin.py:190} INFO - [2024-09-09T21:02:56.148-0300] {dag.py:4156} INFO - Setting next_dagrun for example_sensor_decorator to None, run_after=None
[2024-09-09T21:02:56.162-0300] {processor.py:208} INFO - Processing /mnt/c/Users/teu20/Documents/Poli/Repo/eEDB011-20243/atividade 6 - WSL/airflow/airflow_env/lib/python3.10/site-packages/airflow/example_dags/example_sensor_decorator.py took 0.059 seconds
[2024-09-09T21:03:26.810-0300] {processor.py:186} INFO - Started process (PID=264364) to work on /mnt/c/Users/teu20/Documents/Poli/Repo/eEDB011-20243/atividade 6 - WSL/airflow/airflow_env/lib/python3.10/site-packages/airflow/example_dags/example_sensor_decorator.py
[2024-09-09T21:03:26.811-0300] {processor.py:914} INFO - Processing file /mnt/c/Users/teu20/Documents/Poli/Repo/eEDB011-20243/atividade 6 - WSL/airflow/airflow_env/lib/python3.10/site-packages/airflow/example_dags/example_sensor_decorator.py for tasks to queue
[2024-09-09T21:03:26.812-0300] {logging_mixin.py:190} INFO - [2024-09-09T21:03:26.812-0300] {dagbag.py:587} INFO - Filling up the DagBag from /mnt/c/Users/teu20/Documents/Poli/Repo/eEDB011-20243/atividade 6 - WSL/airflow/airflow_env/lib/python3.10/site-packages/airflow/example_dags/example_sensor_decorator.py
[2024-09-09T21:03:26.826-0300] {processor.py:925} INFO - DAG(s) 'example_sensor_decorator' retrieved from /mnt/c/Users/teu20/Documents/Poli/Repo/eEDB011-20243/atividade 6 - WSL/airflow/airflow_env/lib/python3.10/site-packages/airflow/example_dags/example_sensor_decorator.py
[2024-09-09T21:03:26.842-0300] {logging_mixin.py:190} INFO - [2024-09-09T21:03:26.842-0300] {dag.py:3229} INFO - Sync 1 DAGs
[2024-09-09T21:03:26.853-0300] {logging_mixin.py:190} INFO - [2024-09-09T21:03:26.852-0300] {dag.py:4156} INFO - Setting next_dagrun for example_sensor_decorator to None, run_after=None
[2024-09-09T21:03:26.870-0300] {processor.py:208} INFO - Processing /mnt/c/Users/teu20/Documents/Poli/Repo/eEDB011-20243/atividade 6 - WSL/airflow/airflow_env/lib/python3.10/site-packages/airflow/example_dags/example_sensor_decorator.py took 0.067 seconds
[2024-09-09T21:03:57.288-0300] {processor.py:186} INFO - Started process (PID=264802) to work on /mnt/c/Users/teu20/Documents/Poli/Repo/eEDB011-20243/atividade 6 - WSL/airflow/airflow_env/lib/python3.10/site-packages/airflow/example_dags/example_sensor_decorator.py
[2024-09-09T21:03:57.289-0300] {processor.py:914} INFO - Processing file /mnt/c/Users/teu20/Documents/Poli/Repo/eEDB011-20243/atividade 6 - WSL/airflow/airflow_env/lib/python3.10/site-packages/airflow/example_dags/example_sensor_decorator.py for tasks to queue
[2024-09-09T21:03:57.291-0300] {logging_mixin.py:190} INFO - [2024-09-09T21:03:57.290-0300] {dagbag.py:587} INFO - Filling up the DagBag from /mnt/c/Users/teu20/Documents/Poli/Repo/eEDB011-20243/atividade 6 - WSL/airflow/airflow_env/lib/python3.10/site-packages/airflow/example_dags/example_sensor_decorator.py
[2024-09-09T21:03:57.306-0300] {processor.py:925} INFO - DAG(s) 'example_sensor_decorator' retrieved from /mnt/c/Users/teu20/Documents/Poli/Repo/eEDB011-20243/atividade 6 - WSL/airflow/airflow_env/lib/python3.10/site-packages/airflow/example_dags/example_sensor_decorator.py
[2024-09-09T21:03:57.324-0300] {logging_mixin.py:190} INFO - [2024-09-09T21:03:57.323-0300] {dag.py:3229} INFO - Sync 1 DAGs
[2024-09-09T21:03:57.332-0300] {logging_mixin.py:190} INFO - [2024-09-09T21:03:57.332-0300] {dag.py:4156} INFO - Setting next_dagrun for example_sensor_decorator to None, run_after=None
[2024-09-09T21:03:57.347-0300] {processor.py:208} INFO - Processing /mnt/c/Users/teu20/Documents/Poli/Repo/eEDB011-20243/atividade 6 - WSL/airflow/airflow_env/lib/python3.10/site-packages/airflow/example_dags/example_sensor_decorator.py took 0.067 seconds
[2024-09-09T21:04:27.754-0300] {processor.py:186} INFO - Started process (PID=265235) to work on /mnt/c/Users/teu20/Documents/Poli/Repo/eEDB011-20243/atividade 6 - WSL/airflow/airflow_env/lib/python3.10/site-packages/airflow/example_dags/example_sensor_decorator.py
[2024-09-09T21:04:27.755-0300] {processor.py:914} INFO - Processing file /mnt/c/Users/teu20/Documents/Poli/Repo/eEDB011-20243/atividade 6 - WSL/airflow/airflow_env/lib/python3.10/site-packages/airflow/example_dags/example_sensor_decorator.py for tasks to queue
[2024-09-09T21:04:27.757-0300] {logging_mixin.py:190} INFO - [2024-09-09T21:04:27.756-0300] {dagbag.py:587} INFO - Filling up the DagBag from /mnt/c/Users/teu20/Documents/Poli/Repo/eEDB011-20243/atividade 6 - WSL/airflow/airflow_env/lib/python3.10/site-packages/airflow/example_dags/example_sensor_decorator.py
[2024-09-09T21:04:27.767-0300] {processor.py:925} INFO - DAG(s) 'example_sensor_decorator' retrieved from /mnt/c/Users/teu20/Documents/Poli/Repo/eEDB011-20243/atividade 6 - WSL/airflow/airflow_env/lib/python3.10/site-packages/airflow/example_dags/example_sensor_decorator.py
[2024-09-09T21:04:27.786-0300] {logging_mixin.py:190} INFO - [2024-09-09T21:04:27.785-0300] {dag.py:3229} INFO - Sync 1 DAGs
[2024-09-09T21:04:27.794-0300] {logging_mixin.py:190} INFO - [2024-09-09T21:04:27.794-0300] {dag.py:4156} INFO - Setting next_dagrun for example_sensor_decorator to None, run_after=None
[2024-09-09T21:04:27.810-0300] {processor.py:208} INFO - Processing /mnt/c/Users/teu20/Documents/Poli/Repo/eEDB011-20243/atividade 6 - WSL/airflow/airflow_env/lib/python3.10/site-packages/airflow/example_dags/example_sensor_decorator.py took 0.064 seconds
[2024-09-09T21:04:58.244-0300] {processor.py:186} INFO - Started process (PID=266386) to work on /mnt/c/Users/teu20/Documents/Poli/Repo/eEDB011-20243/atividade 6 - WSL/airflow/airflow_env/lib/python3.10/site-packages/airflow/example_dags/example_sensor_decorator.py
[2024-09-09T21:04:58.246-0300] {processor.py:914} INFO - Processing file /mnt/c/Users/teu20/Documents/Poli/Repo/eEDB011-20243/atividade 6 - WSL/airflow/airflow_env/lib/python3.10/site-packages/airflow/example_dags/example_sensor_decorator.py for tasks to queue
[2024-09-09T21:04:58.247-0300] {logging_mixin.py:190} INFO - [2024-09-09T21:04:58.247-0300] {dagbag.py:587} INFO - Filling up the DagBag from /mnt/c/Users/teu20/Documents/Poli/Repo/eEDB011-20243/atividade 6 - WSL/airflow/airflow_env/lib/python3.10/site-packages/airflow/example_dags/example_sensor_decorator.py
[2024-09-09T21:04:58.258-0300] {processor.py:925} INFO - DAG(s) 'example_sensor_decorator' retrieved from /mnt/c/Users/teu20/Documents/Poli/Repo/eEDB011-20243/atividade 6 - WSL/airflow/airflow_env/lib/python3.10/site-packages/airflow/example_dags/example_sensor_decorator.py
[2024-09-09T21:04:58.275-0300] {logging_mixin.py:190} INFO - [2024-09-09T21:04:58.274-0300] {dag.py:3229} INFO - Sync 1 DAGs
[2024-09-09T21:04:58.282-0300] {logging_mixin.py:190} INFO - [2024-09-09T21:04:58.282-0300] {dag.py:4156} INFO - Setting next_dagrun for example_sensor_decorator to None, run_after=None
[2024-09-09T21:04:58.297-0300] {processor.py:208} INFO - Processing /mnt/c/Users/teu20/Documents/Poli/Repo/eEDB011-20243/atividade 6 - WSL/airflow/airflow_env/lib/python3.10/site-packages/airflow/example_dags/example_sensor_decorator.py took 0.061 seconds
[2024-09-09T21:05:28.667-0300] {processor.py:186} INFO - Started process (PID=266979) to work on /mnt/c/Users/teu20/Documents/Poli/Repo/eEDB011-20243/atividade 6 - WSL/airflow/airflow_env/lib/python3.10/site-packages/airflow/example_dags/example_sensor_decorator.py
[2024-09-09T21:05:28.668-0300] {processor.py:914} INFO - Processing file /mnt/c/Users/teu20/Documents/Poli/Repo/eEDB011-20243/atividade 6 - WSL/airflow/airflow_env/lib/python3.10/site-packages/airflow/example_dags/example_sensor_decorator.py for tasks to queue
[2024-09-09T21:05:28.670-0300] {logging_mixin.py:190} INFO - [2024-09-09T21:05:28.669-0300] {dagbag.py:587} INFO - Filling up the DagBag from /mnt/c/Users/teu20/Documents/Poli/Repo/eEDB011-20243/atividade 6 - WSL/airflow/airflow_env/lib/python3.10/site-packages/airflow/example_dags/example_sensor_decorator.py
[2024-09-09T21:05:28.681-0300] {processor.py:925} INFO - DAG(s) 'example_sensor_decorator' retrieved from /mnt/c/Users/teu20/Documents/Poli/Repo/eEDB011-20243/atividade 6 - WSL/airflow/airflow_env/lib/python3.10/site-packages/airflow/example_dags/example_sensor_decorator.py
[2024-09-09T21:05:28.699-0300] {logging_mixin.py:190} INFO - [2024-09-09T21:05:28.698-0300] {dag.py:3229} INFO - Sync 1 DAGs
[2024-09-09T21:05:28.707-0300] {logging_mixin.py:190} INFO - [2024-09-09T21:05:28.707-0300] {dag.py:4156} INFO - Setting next_dagrun for example_sensor_decorator to None, run_after=None
[2024-09-09T21:05:28.723-0300] {processor.py:208} INFO - Processing /mnt/c/Users/teu20/Documents/Poli/Repo/eEDB011-20243/atividade 6 - WSL/airflow/airflow_env/lib/python3.10/site-packages/airflow/example_dags/example_sensor_decorator.py took 0.064 seconds
[2024-09-09T21:05:58.980-0300] {processor.py:186} INFO - Started process (PID=267408) to work on /mnt/c/Users/teu20/Documents/Poli/Repo/eEDB011-20243/atividade 6 - WSL/airflow/airflow_env/lib/python3.10/site-packages/airflow/example_dags/example_sensor_decorator.py
[2024-09-09T21:05:58.981-0300] {processor.py:914} INFO - Processing file /mnt/c/Users/teu20/Documents/Poli/Repo/eEDB011-20243/atividade 6 - WSL/airflow/airflow_env/lib/python3.10/site-packages/airflow/example_dags/example_sensor_decorator.py for tasks to queue
[2024-09-09T21:05:58.983-0300] {logging_mixin.py:190} INFO - [2024-09-09T21:05:58.982-0300] {dagbag.py:587} INFO - Filling up the DagBag from /mnt/c/Users/teu20/Documents/Poli/Repo/eEDB011-20243/atividade 6 - WSL/airflow/airflow_env/lib/python3.10/site-packages/airflow/example_dags/example_sensor_decorator.py
[2024-09-09T21:05:58.994-0300] {processor.py:925} INFO - DAG(s) 'example_sensor_decorator' retrieved from /mnt/c/Users/teu20/Documents/Poli/Repo/eEDB011-20243/atividade 6 - WSL/airflow/airflow_env/lib/python3.10/site-packages/airflow/example_dags/example_sensor_decorator.py
[2024-09-09T21:05:59.013-0300] {logging_mixin.py:190} INFO - [2024-09-09T21:05:59.012-0300] {dag.py:3229} INFO - Sync 1 DAGs
[2024-09-09T21:05:59.022-0300] {logging_mixin.py:190} INFO - [2024-09-09T21:05:59.021-0300] {dag.py:4156} INFO - Setting next_dagrun for example_sensor_decorator to None, run_after=None
[2024-09-09T21:05:59.038-0300] {processor.py:208} INFO - Processing /mnt/c/Users/teu20/Documents/Poli/Repo/eEDB011-20243/atividade 6 - WSL/airflow/airflow_env/lib/python3.10/site-packages/airflow/example_dags/example_sensor_decorator.py took 0.065 seconds
[2024-09-09T21:06:29.588-0300] {processor.py:186} INFO - Started process (PID=267862) to work on /mnt/c/Users/teu20/Documents/Poli/Repo/eEDB011-20243/atividade 6 - WSL/airflow/airflow_env/lib/python3.10/site-packages/airflow/example_dags/example_sensor_decorator.py
[2024-09-09T21:06:29.589-0300] {processor.py:914} INFO - Processing file /mnt/c/Users/teu20/Documents/Poli/Repo/eEDB011-20243/atividade 6 - WSL/airflow/airflow_env/lib/python3.10/site-packages/airflow/example_dags/example_sensor_decorator.py for tasks to queue
[2024-09-09T21:06:29.591-0300] {logging_mixin.py:190} INFO - [2024-09-09T21:06:29.590-0300] {dagbag.py:587} INFO - Filling up the DagBag from /mnt/c/Users/teu20/Documents/Poli/Repo/eEDB011-20243/atividade 6 - WSL/airflow/airflow_env/lib/python3.10/site-packages/airflow/example_dags/example_sensor_decorator.py
[2024-09-09T21:06:29.602-0300] {processor.py:925} INFO - DAG(s) 'example_sensor_decorator' retrieved from /mnt/c/Users/teu20/Documents/Poli/Repo/eEDB011-20243/atividade 6 - WSL/airflow/airflow_env/lib/python3.10/site-packages/airflow/example_dags/example_sensor_decorator.py
[2024-09-09T21:06:29.619-0300] {logging_mixin.py:190} INFO - [2024-09-09T21:06:29.618-0300] {dag.py:3229} INFO - Sync 1 DAGs
[2024-09-09T21:06:29.627-0300] {logging_mixin.py:190} INFO - [2024-09-09T21:06:29.626-0300] {dag.py:4156} INFO - Setting next_dagrun for example_sensor_decorator to None, run_after=None
[2024-09-09T21:06:29.641-0300] {processor.py:208} INFO - Processing /mnt/c/Users/teu20/Documents/Poli/Repo/eEDB011-20243/atividade 6 - WSL/airflow/airflow_env/lib/python3.10/site-packages/airflow/example_dags/example_sensor_decorator.py took 0.061 seconds
[2024-09-09T21:07:00.095-0300] {processor.py:186} INFO - Started process (PID=268483) to work on /mnt/c/Users/teu20/Documents/Poli/Repo/eEDB011-20243/atividade 6 - WSL/airflow/airflow_env/lib/python3.10/site-packages/airflow/example_dags/example_sensor_decorator.py
[2024-09-09T21:07:00.096-0300] {processor.py:914} INFO - Processing file /mnt/c/Users/teu20/Documents/Poli/Repo/eEDB011-20243/atividade 6 - WSL/airflow/airflow_env/lib/python3.10/site-packages/airflow/example_dags/example_sensor_decorator.py for tasks to queue
[2024-09-09T21:07:00.098-0300] {logging_mixin.py:190} INFO - [2024-09-09T21:07:00.098-0300] {dagbag.py:587} INFO - Filling up the DagBag from /mnt/c/Users/teu20/Documents/Poli/Repo/eEDB011-20243/atividade 6 - WSL/airflow/airflow_env/lib/python3.10/site-packages/airflow/example_dags/example_sensor_decorator.py
[2024-09-09T21:07:00.110-0300] {processor.py:925} INFO - DAG(s) 'example_sensor_decorator' retrieved from /mnt/c/Users/teu20/Documents/Poli/Repo/eEDB011-20243/atividade 6 - WSL/airflow/airflow_env/lib/python3.10/site-packages/airflow/example_dags/example_sensor_decorator.py
[2024-09-09T21:07:00.127-0300] {logging_mixin.py:190} INFO - [2024-09-09T21:07:00.127-0300] {dag.py:3229} INFO - Sync 1 DAGs
[2024-09-09T21:07:00.136-0300] {logging_mixin.py:190} INFO - [2024-09-09T21:07:00.135-0300] {dag.py:4156} INFO - Setting next_dagrun for example_sensor_decorator to None, run_after=None
[2024-09-09T21:07:00.153-0300] {processor.py:208} INFO - Processing /mnt/c/Users/teu20/Documents/Poli/Repo/eEDB011-20243/atividade 6 - WSL/airflow/airflow_env/lib/python3.10/site-packages/airflow/example_dags/example_sensor_decorator.py took 0.065 seconds
[2024-09-09T21:07:30.626-0300] {processor.py:186} INFO - Started process (PID=269156) to work on /mnt/c/Users/teu20/Documents/Poli/Repo/eEDB011-20243/atividade 6 - WSL/airflow/airflow_env/lib/python3.10/site-packages/airflow/example_dags/example_sensor_decorator.py
[2024-09-09T21:07:30.628-0300] {processor.py:914} INFO - Processing file /mnt/c/Users/teu20/Documents/Poli/Repo/eEDB011-20243/atividade 6 - WSL/airflow/airflow_env/lib/python3.10/site-packages/airflow/example_dags/example_sensor_decorator.py for tasks to queue
[2024-09-09T21:07:30.629-0300] {logging_mixin.py:190} INFO - [2024-09-09T21:07:30.629-0300] {dagbag.py:587} INFO - Filling up the DagBag from /mnt/c/Users/teu20/Documents/Poli/Repo/eEDB011-20243/atividade 6 - WSL/airflow/airflow_env/lib/python3.10/site-packages/airflow/example_dags/example_sensor_decorator.py
[2024-09-09T21:07:30.643-0300] {processor.py:925} INFO - DAG(s) 'example_sensor_decorator' retrieved from /mnt/c/Users/teu20/Documents/Poli/Repo/eEDB011-20243/atividade 6 - WSL/airflow/airflow_env/lib/python3.10/site-packages/airflow/example_dags/example_sensor_decorator.py
[2024-09-09T21:07:30.661-0300] {logging_mixin.py:190} INFO - [2024-09-09T21:07:30.660-0300] {dag.py:3229} INFO - Sync 1 DAGs
[2024-09-09T21:07:30.670-0300] {logging_mixin.py:190} INFO - [2024-09-09T21:07:30.669-0300] {dag.py:4156} INFO - Setting next_dagrun for example_sensor_decorator to None, run_after=None
[2024-09-09T21:07:30.692-0300] {processor.py:208} INFO - Processing /mnt/c/Users/teu20/Documents/Poli/Repo/eEDB011-20243/atividade 6 - WSL/airflow/airflow_env/lib/python3.10/site-packages/airflow/example_dags/example_sensor_decorator.py took 0.074 seconds
[2024-09-09T21:08:01.042-0300] {processor.py:186} INFO - Started process (PID=269652) to work on /mnt/c/Users/teu20/Documents/Poli/Repo/eEDB011-20243/atividade 6 - WSL/airflow/airflow_env/lib/python3.10/site-packages/airflow/example_dags/example_sensor_decorator.py
[2024-09-09T21:08:01.043-0300] {processor.py:914} INFO - Processing file /mnt/c/Users/teu20/Documents/Poli/Repo/eEDB011-20243/atividade 6 - WSL/airflow/airflow_env/lib/python3.10/site-packages/airflow/example_dags/example_sensor_decorator.py for tasks to queue
[2024-09-09T21:08:01.044-0300] {logging_mixin.py:190} INFO - [2024-09-09T21:08:01.044-0300] {dagbag.py:587} INFO - Filling up the DagBag from /mnt/c/Users/teu20/Documents/Poli/Repo/eEDB011-20243/atividade 6 - WSL/airflow/airflow_env/lib/python3.10/site-packages/airflow/example_dags/example_sensor_decorator.py
[2024-09-09T21:08:01.059-0300] {processor.py:925} INFO - DAG(s) 'example_sensor_decorator' retrieved from /mnt/c/Users/teu20/Documents/Poli/Repo/eEDB011-20243/atividade 6 - WSL/airflow/airflow_env/lib/python3.10/site-packages/airflow/example_dags/example_sensor_decorator.py
[2024-09-09T21:08:01.077-0300] {logging_mixin.py:190} INFO - [2024-09-09T21:08:01.076-0300] {dag.py:3229} INFO - Sync 1 DAGs
[2024-09-09T21:08:01.085-0300] {logging_mixin.py:190} INFO - [2024-09-09T21:08:01.085-0300] {dag.py:4156} INFO - Setting next_dagrun for example_sensor_decorator to None, run_after=None
[2024-09-09T21:08:01.101-0300] {processor.py:208} INFO - Processing /mnt/c/Users/teu20/Documents/Poli/Repo/eEDB011-20243/atividade 6 - WSL/airflow/airflow_env/lib/python3.10/site-packages/airflow/example_dags/example_sensor_decorator.py took 0.067 seconds
