[2024-09-09T21:00:22.434-0300] {processor.py:186} INFO - Started process (PID=261446) to work on /mnt/c/Users/teu20/Documents/Poli/Repo/eEDB011-20243/atividade 6 - WSL/airflow/airflow_env/lib/python3.10/site-packages/airflow/example_dags/example_task_group.py
[2024-09-09T21:00:22.436-0300] {processor.py:914} INFO - Processing file /mnt/c/Users/teu20/Documents/Poli/Repo/eEDB011-20243/atividade 6 - WSL/airflow/airflow_env/lib/python3.10/site-packages/airflow/example_dags/example_task_group.py for tasks to queue
[2024-09-09T21:00:22.437-0300] {logging_mixin.py:190} INFO - [2024-09-09T21:00:22.437-0300] {dagbag.py:587} INFO - Filling up the DagBag from /mnt/c/Users/teu20/Documents/Poli/Repo/eEDB011-20243/atividade 6 - WSL/airflow/airflow_env/lib/python3.10/site-packages/airflow/example_dags/example_task_group.py
[2024-09-09T21:00:22.453-0300] {processor.py:925} INFO - DAG(s) 'example_task_group' retrieved from /mnt/c/Users/teu20/Documents/Poli/Repo/eEDB011-20243/atividade 6 - WSL/airflow/airflow_env/lib/python3.10/site-packages/airflow/example_dags/example_task_group.py
[2024-09-09T21:00:22.471-0300] {logging_mixin.py:190} INFO - [2024-09-09T21:00:22.471-0300] {dag.py:3229} INFO - Sync 1 DAGs
[2024-09-09T21:00:22.479-0300] {logging_mixin.py:190} INFO - [2024-09-09T21:00:22.479-0300] {dag.py:4156} INFO - Setting next_dagrun for example_task_group to None, run_after=None
[2024-09-09T21:00:22.494-0300] {processor.py:208} INFO - Processing /mnt/c/Users/teu20/Documents/Poli/Repo/eEDB011-20243/atividade 6 - WSL/airflow/airflow_env/lib/python3.10/site-packages/airflow/example_dags/example_task_group.py took 0.067 seconds
[2024-09-09T21:00:52.894-0300] {processor.py:186} INFO - Started process (PID=262151) to work on /mnt/c/Users/teu20/Documents/Poli/Repo/eEDB011-20243/atividade 6 - WSL/airflow/airflow_env/lib/python3.10/site-packages/airflow/example_dags/example_task_group.py
[2024-09-09T21:00:52.895-0300] {processor.py:914} INFO - Processing file /mnt/c/Users/teu20/Documents/Poli/Repo/eEDB011-20243/atividade 6 - WSL/airflow/airflow_env/lib/python3.10/site-packages/airflow/example_dags/example_task_group.py for tasks to queue
[2024-09-09T21:00:52.897-0300] {logging_mixin.py:190} INFO - [2024-09-09T21:00:52.896-0300] {dagbag.py:587} INFO - Filling up the DagBag from /mnt/c/Users/teu20/Documents/Poli/Repo/eEDB011-20243/atividade 6 - WSL/airflow/airflow_env/lib/python3.10/site-packages/airflow/example_dags/example_task_group.py
[2024-09-09T21:00:52.908-0300] {processor.py:925} INFO - DAG(s) 'example_task_group' retrieved from /mnt/c/Users/teu20/Documents/Poli/Repo/eEDB011-20243/atividade 6 - WSL/airflow/airflow_env/lib/python3.10/site-packages/airflow/example_dags/example_task_group.py
[2024-09-09T21:00:52.926-0300] {logging_mixin.py:190} INFO - [2024-09-09T21:00:52.925-0300] {dag.py:3229} INFO - Sync 1 DAGs
[2024-09-09T21:00:52.934-0300] {logging_mixin.py:190} INFO - [2024-09-09T21:00:52.933-0300] {dag.py:4156} INFO - Setting next_dagrun for example_task_group to None, run_after=None
[2024-09-09T21:00:52.948-0300] {processor.py:208} INFO - Processing /mnt/c/Users/teu20/Documents/Poli/Repo/eEDB011-20243/atividade 6 - WSL/airflow/airflow_env/lib/python3.10/site-packages/airflow/example_dags/example_task_group.py took 0.062 seconds
[2024-09-09T21:01:23.479-0300] {processor.py:186} INFO - Started process (PID=262588) to work on /mnt/c/Users/teu20/Documents/Poli/Repo/eEDB011-20243/atividade 6 - WSL/airflow/airflow_env/lib/python3.10/site-packages/airflow/example_dags/example_task_group.py
[2024-09-09T21:01:23.480-0300] {processor.py:914} INFO - Processing file /mnt/c/Users/teu20/Documents/Poli/Repo/eEDB011-20243/atividade 6 - WSL/airflow/airflow_env/lib/python3.10/site-packages/airflow/example_dags/example_task_group.py for tasks to queue
[2024-09-09T21:01:23.482-0300] {logging_mixin.py:190} INFO - [2024-09-09T21:01:23.481-0300] {dagbag.py:587} INFO - Filling up the DagBag from /mnt/c/Users/teu20/Documents/Poli/Repo/eEDB011-20243/atividade 6 - WSL/airflow/airflow_env/lib/python3.10/site-packages/airflow/example_dags/example_task_group.py
[2024-09-09T21:01:23.496-0300] {processor.py:925} INFO - DAG(s) 'example_task_group' retrieved from /mnt/c/Users/teu20/Documents/Poli/Repo/eEDB011-20243/atividade 6 - WSL/airflow/airflow_env/lib/python3.10/site-packages/airflow/example_dags/example_task_group.py
[2024-09-09T21:01:23.515-0300] {logging_mixin.py:190} INFO - [2024-09-09T21:01:23.514-0300] {dag.py:3229} INFO - Sync 1 DAGs
[2024-09-09T21:01:23.523-0300] {logging_mixin.py:190} INFO - [2024-09-09T21:01:23.523-0300] {dag.py:4156} INFO - Setting next_dagrun for example_task_group to None, run_after=None
[2024-09-09T21:01:23.538-0300] {processor.py:208} INFO - Processing /mnt/c/Users/teu20/Documents/Poli/Repo/eEDB011-20243/atividade 6 - WSL/airflow/airflow_env/lib/python3.10/site-packages/airflow/example_dags/example_task_group.py took 0.067 seconds
[2024-09-09T21:01:54.403-0300] {processor.py:186} INFO - Started process (PID=263020) to work on /mnt/c/Users/teu20/Documents/Poli/Repo/eEDB011-20243/atividade 6 - WSL/airflow/airflow_env/lib/python3.10/site-packages/airflow/example_dags/example_task_group.py
[2024-09-09T21:01:54.404-0300] {processor.py:914} INFO - Processing file /mnt/c/Users/teu20/Documents/Poli/Repo/eEDB011-20243/atividade 6 - WSL/airflow/airflow_env/lib/python3.10/site-packages/airflow/example_dags/example_task_group.py for tasks to queue
[2024-09-09T21:01:54.406-0300] {logging_mixin.py:190} INFO - [2024-09-09T21:01:54.405-0300] {dagbag.py:587} INFO - Filling up the DagBag from /mnt/c/Users/teu20/Documents/Poli/Repo/eEDB011-20243/atividade 6 - WSL/airflow/airflow_env/lib/python3.10/site-packages/airflow/example_dags/example_task_group.py
[2024-09-09T21:01:54.417-0300] {processor.py:925} INFO - DAG(s) 'example_task_group' retrieved from /mnt/c/Users/teu20/Documents/Poli/Repo/eEDB011-20243/atividade 6 - WSL/airflow/airflow_env/lib/python3.10/site-packages/airflow/example_dags/example_task_group.py
[2024-09-09T21:01:54.437-0300] {logging_mixin.py:190} INFO - [2024-09-09T21:01:54.436-0300] {dag.py:3229} INFO - Sync 1 DAGs
[2024-09-09T21:01:54.445-0300] {logging_mixin.py:190} INFO - [2024-09-09T21:01:54.445-0300] {dag.py:4156} INFO - Setting next_dagrun for example_task_group to None, run_after=None
[2024-09-09T21:01:54.460-0300] {processor.py:208} INFO - Processing /mnt/c/Users/teu20/Documents/Poli/Repo/eEDB011-20243/atividade 6 - WSL/airflow/airflow_env/lib/python3.10/site-packages/airflow/example_dags/example_task_group.py took 0.065 seconds
[2024-09-09T21:02:24.799-0300] {processor.py:186} INFO - Started process (PID=263450) to work on /mnt/c/Users/teu20/Documents/Poli/Repo/eEDB011-20243/atividade 6 - WSL/airflow/airflow_env/lib/python3.10/site-packages/airflow/example_dags/example_task_group.py
[2024-09-09T21:02:24.800-0300] {processor.py:914} INFO - Processing file /mnt/c/Users/teu20/Documents/Poli/Repo/eEDB011-20243/atividade 6 - WSL/airflow/airflow_env/lib/python3.10/site-packages/airflow/example_dags/example_task_group.py for tasks to queue
[2024-09-09T21:02:24.801-0300] {logging_mixin.py:190} INFO - [2024-09-09T21:02:24.801-0300] {dagbag.py:587} INFO - Filling up the DagBag from /mnt/c/Users/teu20/Documents/Poli/Repo/eEDB011-20243/atividade 6 - WSL/airflow/airflow_env/lib/python3.10/site-packages/airflow/example_dags/example_task_group.py
[2024-09-09T21:02:24.813-0300] {processor.py:925} INFO - DAG(s) 'example_task_group' retrieved from /mnt/c/Users/teu20/Documents/Poli/Repo/eEDB011-20243/atividade 6 - WSL/airflow/airflow_env/lib/python3.10/site-packages/airflow/example_dags/example_task_group.py
[2024-09-09T21:02:24.834-0300] {logging_mixin.py:190} INFO - [2024-09-09T21:02:24.834-0300] {dag.py:3229} INFO - Sync 1 DAGs
[2024-09-09T21:02:24.842-0300] {logging_mixin.py:190} INFO - [2024-09-09T21:02:24.841-0300] {dag.py:4156} INFO - Setting next_dagrun for example_task_group to None, run_after=None
[2024-09-09T21:02:24.856-0300] {processor.py:208} INFO - Processing /mnt/c/Users/teu20/Documents/Poli/Repo/eEDB011-20243/atividade 6 - WSL/airflow/airflow_env/lib/python3.10/site-packages/airflow/example_dags/example_task_group.py took 0.064 seconds
[2024-09-09T21:02:55.406-0300] {processor.py:186} INFO - Started process (PID=263881) to work on /mnt/c/Users/teu20/Documents/Poli/Repo/eEDB011-20243/atividade 6 - WSL/airflow/airflow_env/lib/python3.10/site-packages/airflow/example_dags/example_task_group.py
[2024-09-09T21:02:55.407-0300] {processor.py:914} INFO - Processing file /mnt/c/Users/teu20/Documents/Poli/Repo/eEDB011-20243/atividade 6 - WSL/airflow/airflow_env/lib/python3.10/site-packages/airflow/example_dags/example_task_group.py for tasks to queue
[2024-09-09T21:02:55.408-0300] {logging_mixin.py:190} INFO - [2024-09-09T21:02:55.408-0300] {dagbag.py:587} INFO - Filling up the DagBag from /mnt/c/Users/teu20/Documents/Poli/Repo/eEDB011-20243/atividade 6 - WSL/airflow/airflow_env/lib/python3.10/site-packages/airflow/example_dags/example_task_group.py
[2024-09-09T21:02:55.420-0300] {processor.py:925} INFO - DAG(s) 'example_task_group' retrieved from /mnt/c/Users/teu20/Documents/Poli/Repo/eEDB011-20243/atividade 6 - WSL/airflow/airflow_env/lib/python3.10/site-packages/airflow/example_dags/example_task_group.py
[2024-09-09T21:02:55.438-0300] {logging_mixin.py:190} INFO - [2024-09-09T21:02:55.438-0300] {dag.py:3229} INFO - Sync 1 DAGs
[2024-09-09T21:02:55.446-0300] {logging_mixin.py:190} INFO - [2024-09-09T21:02:55.445-0300] {dag.py:4156} INFO - Setting next_dagrun for example_task_group to None, run_after=None
[2024-09-09T21:02:55.460-0300] {processor.py:208} INFO - Processing /mnt/c/Users/teu20/Documents/Poli/Repo/eEDB011-20243/atividade 6 - WSL/airflow/airflow_env/lib/python3.10/site-packages/airflow/example_dags/example_task_group.py took 0.062 seconds
[2024-09-09T21:03:26.123-0300] {processor.py:186} INFO - Started process (PID=264316) to work on /mnt/c/Users/teu20/Documents/Poli/Repo/eEDB011-20243/atividade 6 - WSL/airflow/airflow_env/lib/python3.10/site-packages/airflow/example_dags/example_task_group.py
[2024-09-09T21:03:26.125-0300] {processor.py:914} INFO - Processing file /mnt/c/Users/teu20/Documents/Poli/Repo/eEDB011-20243/atividade 6 - WSL/airflow/airflow_env/lib/python3.10/site-packages/airflow/example_dags/example_task_group.py for tasks to queue
[2024-09-09T21:03:26.126-0300] {logging_mixin.py:190} INFO - [2024-09-09T21:03:26.126-0300] {dagbag.py:587} INFO - Filling up the DagBag from /mnt/c/Users/teu20/Documents/Poli/Repo/eEDB011-20243/atividade 6 - WSL/airflow/airflow_env/lib/python3.10/site-packages/airflow/example_dags/example_task_group.py
[2024-09-09T21:03:26.141-0300] {processor.py:925} INFO - DAG(s) 'example_task_group' retrieved from /mnt/c/Users/teu20/Documents/Poli/Repo/eEDB011-20243/atividade 6 - WSL/airflow/airflow_env/lib/python3.10/site-packages/airflow/example_dags/example_task_group.py
[2024-09-09T21:03:26.159-0300] {logging_mixin.py:190} INFO - [2024-09-09T21:03:26.159-0300] {dag.py:3229} INFO - Sync 1 DAGs
[2024-09-09T21:03:26.167-0300] {logging_mixin.py:190} INFO - [2024-09-09T21:03:26.167-0300] {dag.py:4156} INFO - Setting next_dagrun for example_task_group to None, run_after=None
[2024-09-09T21:03:26.181-0300] {processor.py:208} INFO - Processing /mnt/c/Users/teu20/Documents/Poli/Repo/eEDB011-20243/atividade 6 - WSL/airflow/airflow_env/lib/python3.10/site-packages/airflow/example_dags/example_task_group.py took 0.065 seconds
[2024-09-09T21:03:56.582-0300] {processor.py:186} INFO - Started process (PID=264754) to work on /mnt/c/Users/teu20/Documents/Poli/Repo/eEDB011-20243/atividade 6 - WSL/airflow/airflow_env/lib/python3.10/site-packages/airflow/example_dags/example_task_group.py
[2024-09-09T21:03:56.583-0300] {processor.py:914} INFO - Processing file /mnt/c/Users/teu20/Documents/Poli/Repo/eEDB011-20243/atividade 6 - WSL/airflow/airflow_env/lib/python3.10/site-packages/airflow/example_dags/example_task_group.py for tasks to queue
[2024-09-09T21:03:56.585-0300] {logging_mixin.py:190} INFO - [2024-09-09T21:03:56.584-0300] {dagbag.py:587} INFO - Filling up the DagBag from /mnt/c/Users/teu20/Documents/Poli/Repo/eEDB011-20243/atividade 6 - WSL/airflow/airflow_env/lib/python3.10/site-packages/airflow/example_dags/example_task_group.py
[2024-09-09T21:03:56.600-0300] {processor.py:925} INFO - DAG(s) 'example_task_group' retrieved from /mnt/c/Users/teu20/Documents/Poli/Repo/eEDB011-20243/atividade 6 - WSL/airflow/airflow_env/lib/python3.10/site-packages/airflow/example_dags/example_task_group.py
[2024-09-09T21:03:56.620-0300] {logging_mixin.py:190} INFO - [2024-09-09T21:03:56.619-0300] {dag.py:3229} INFO - Sync 1 DAGs
[2024-09-09T21:03:56.629-0300] {logging_mixin.py:190} INFO - [2024-09-09T21:03:56.628-0300] {dag.py:4156} INFO - Setting next_dagrun for example_task_group to None, run_after=None
[2024-09-09T21:03:56.645-0300] {processor.py:208} INFO - Processing /mnt/c/Users/teu20/Documents/Poli/Repo/eEDB011-20243/atividade 6 - WSL/airflow/airflow_env/lib/python3.10/site-packages/airflow/example_dags/example_task_group.py took 0.071 seconds
[2024-09-09T21:04:27.165-0300] {processor.py:186} INFO - Started process (PID=265190) to work on /mnt/c/Users/teu20/Documents/Poli/Repo/eEDB011-20243/atividade 6 - WSL/airflow/airflow_env/lib/python3.10/site-packages/airflow/example_dags/example_task_group.py
[2024-09-09T21:04:27.167-0300] {processor.py:914} INFO - Processing file /mnt/c/Users/teu20/Documents/Poli/Repo/eEDB011-20243/atividade 6 - WSL/airflow/airflow_env/lib/python3.10/site-packages/airflow/example_dags/example_task_group.py for tasks to queue
[2024-09-09T21:04:27.169-0300] {logging_mixin.py:190} INFO - [2024-09-09T21:04:27.168-0300] {dagbag.py:587} INFO - Filling up the DagBag from /mnt/c/Users/teu20/Documents/Poli/Repo/eEDB011-20243/atividade 6 - WSL/airflow/airflow_env/lib/python3.10/site-packages/airflow/example_dags/example_task_group.py
[2024-09-09T21:04:27.184-0300] {processor.py:925} INFO - DAG(s) 'example_task_group' retrieved from /mnt/c/Users/teu20/Documents/Poli/Repo/eEDB011-20243/atividade 6 - WSL/airflow/airflow_env/lib/python3.10/site-packages/airflow/example_dags/example_task_group.py
[2024-09-09T21:04:27.204-0300] {logging_mixin.py:190} INFO - [2024-09-09T21:04:27.204-0300] {dag.py:3229} INFO - Sync 1 DAGs
[2024-09-09T21:04:27.217-0300] {logging_mixin.py:190} INFO - [2024-09-09T21:04:27.216-0300] {dag.py:4156} INFO - Setting next_dagrun for example_task_group to None, run_after=None
[2024-09-09T21:04:27.233-0300] {processor.py:208} INFO - Processing /mnt/c/Users/teu20/Documents/Poli/Repo/eEDB011-20243/atividade 6 - WSL/airflow/airflow_env/lib/python3.10/site-packages/airflow/example_dags/example_task_group.py took 0.076 seconds
[2024-09-09T21:04:57.395-0300] {processor.py:186} INFO - Started process (PID=266338) to work on /mnt/c/Users/teu20/Documents/Poli/Repo/eEDB011-20243/atividade 6 - WSL/airflow/airflow_env/lib/python3.10/site-packages/airflow/example_dags/example_task_group.py
[2024-09-09T21:04:57.396-0300] {processor.py:914} INFO - Processing file /mnt/c/Users/teu20/Documents/Poli/Repo/eEDB011-20243/atividade 6 - WSL/airflow/airflow_env/lib/python3.10/site-packages/airflow/example_dags/example_task_group.py for tasks to queue
[2024-09-09T21:04:57.398-0300] {logging_mixin.py:190} INFO - [2024-09-09T21:04:57.397-0300] {dagbag.py:587} INFO - Filling up the DagBag from /mnt/c/Users/teu20/Documents/Poli/Repo/eEDB011-20243/atividade 6 - WSL/airflow/airflow_env/lib/python3.10/site-packages/airflow/example_dags/example_task_group.py
[2024-09-09T21:04:57.411-0300] {processor.py:925} INFO - DAG(s) 'example_task_group' retrieved from /mnt/c/Users/teu20/Documents/Poli/Repo/eEDB011-20243/atividade 6 - WSL/airflow/airflow_env/lib/python3.10/site-packages/airflow/example_dags/example_task_group.py
[2024-09-09T21:04:57.431-0300] {logging_mixin.py:190} INFO - [2024-09-09T21:04:57.430-0300] {dag.py:3229} INFO - Sync 1 DAGs
[2024-09-09T21:04:57.440-0300] {logging_mixin.py:190} INFO - [2024-09-09T21:04:57.439-0300] {dag.py:4156} INFO - Setting next_dagrun for example_task_group to None, run_after=None
[2024-09-09T21:04:57.456-0300] {processor.py:208} INFO - Processing /mnt/c/Users/teu20/Documents/Poli/Repo/eEDB011-20243/atividade 6 - WSL/airflow/airflow_env/lib/python3.10/site-packages/airflow/example_dags/example_task_group.py took 0.069 seconds
[2024-09-09T21:05:27.788-0300] {processor.py:186} INFO - Started process (PID=266932) to work on /mnt/c/Users/teu20/Documents/Poli/Repo/eEDB011-20243/atividade 6 - WSL/airflow/airflow_env/lib/python3.10/site-packages/airflow/example_dags/example_task_group.py
[2024-09-09T21:05:27.789-0300] {processor.py:914} INFO - Processing file /mnt/c/Users/teu20/Documents/Poli/Repo/eEDB011-20243/atividade 6 - WSL/airflow/airflow_env/lib/python3.10/site-packages/airflow/example_dags/example_task_group.py for tasks to queue
[2024-09-09T21:05:27.791-0300] {logging_mixin.py:190} INFO - [2024-09-09T21:05:27.790-0300] {dagbag.py:587} INFO - Filling up the DagBag from /mnt/c/Users/teu20/Documents/Poli/Repo/eEDB011-20243/atividade 6 - WSL/airflow/airflow_env/lib/python3.10/site-packages/airflow/example_dags/example_task_group.py
[2024-09-09T21:05:27.806-0300] {processor.py:925} INFO - DAG(s) 'example_task_group' retrieved from /mnt/c/Users/teu20/Documents/Poli/Repo/eEDB011-20243/atividade 6 - WSL/airflow/airflow_env/lib/python3.10/site-packages/airflow/example_dags/example_task_group.py
[2024-09-09T21:05:27.824-0300] {logging_mixin.py:190} INFO - [2024-09-09T21:05:27.824-0300] {dag.py:3229} INFO - Sync 1 DAGs
[2024-09-09T21:05:27.832-0300] {logging_mixin.py:190} INFO - [2024-09-09T21:05:27.832-0300] {dag.py:4156} INFO - Setting next_dagrun for example_task_group to None, run_after=None
[2024-09-09T21:05:27.847-0300] {processor.py:208} INFO - Processing /mnt/c/Users/teu20/Documents/Poli/Repo/eEDB011-20243/atividade 6 - WSL/airflow/airflow_env/lib/python3.10/site-packages/airflow/example_dags/example_task_group.py took 0.066 seconds
[2024-09-09T21:05:58.342-0300] {processor.py:186} INFO - Started process (PID=267363) to work on /mnt/c/Users/teu20/Documents/Poli/Repo/eEDB011-20243/atividade 6 - WSL/airflow/airflow_env/lib/python3.10/site-packages/airflow/example_dags/example_task_group.py
[2024-09-09T21:05:58.343-0300] {processor.py:914} INFO - Processing file /mnt/c/Users/teu20/Documents/Poli/Repo/eEDB011-20243/atividade 6 - WSL/airflow/airflow_env/lib/python3.10/site-packages/airflow/example_dags/example_task_group.py for tasks to queue
[2024-09-09T21:05:58.345-0300] {logging_mixin.py:190} INFO - [2024-09-09T21:05:58.344-0300] {dagbag.py:587} INFO - Filling up the DagBag from /mnt/c/Users/teu20/Documents/Poli/Repo/eEDB011-20243/atividade 6 - WSL/airflow/airflow_env/lib/python3.10/site-packages/airflow/example_dags/example_task_group.py
[2024-09-09T21:05:58.359-0300] {processor.py:925} INFO - DAG(s) 'example_task_group' retrieved from /mnt/c/Users/teu20/Documents/Poli/Repo/eEDB011-20243/atividade 6 - WSL/airflow/airflow_env/lib/python3.10/site-packages/airflow/example_dags/example_task_group.py
[2024-09-09T21:05:58.378-0300] {logging_mixin.py:190} INFO - [2024-09-09T21:05:58.377-0300] {dag.py:3229} INFO - Sync 1 DAGs
[2024-09-09T21:05:58.386-0300] {logging_mixin.py:190} INFO - [2024-09-09T21:05:58.385-0300] {dag.py:4156} INFO - Setting next_dagrun for example_task_group to None, run_after=None
[2024-09-09T21:05:58.401-0300] {processor.py:208} INFO - Processing /mnt/c/Users/teu20/Documents/Poli/Repo/eEDB011-20243/atividade 6 - WSL/airflow/airflow_env/lib/python3.10/site-packages/airflow/example_dags/example_task_group.py took 0.067 seconds
[2024-09-09T21:06:29.039-0300] {processor.py:186} INFO - Started process (PID=267817) to work on /mnt/c/Users/teu20/Documents/Poli/Repo/eEDB011-20243/atividade 6 - WSL/airflow/airflow_env/lib/python3.10/site-packages/airflow/example_dags/example_task_group.py
[2024-09-09T21:06:29.040-0300] {processor.py:914} INFO - Processing file /mnt/c/Users/teu20/Documents/Poli/Repo/eEDB011-20243/atividade 6 - WSL/airflow/airflow_env/lib/python3.10/site-packages/airflow/example_dags/example_task_group.py for tasks to queue
[2024-09-09T21:06:29.042-0300] {logging_mixin.py:190} INFO - [2024-09-09T21:06:29.041-0300] {dagbag.py:587} INFO - Filling up the DagBag from /mnt/c/Users/teu20/Documents/Poli/Repo/eEDB011-20243/atividade 6 - WSL/airflow/airflow_env/lib/python3.10/site-packages/airflow/example_dags/example_task_group.py
[2024-09-09T21:06:29.057-0300] {processor.py:925} INFO - DAG(s) 'example_task_group' retrieved from /mnt/c/Users/teu20/Documents/Poli/Repo/eEDB011-20243/atividade 6 - WSL/airflow/airflow_env/lib/python3.10/site-packages/airflow/example_dags/example_task_group.py
[2024-09-09T21:06:29.079-0300] {logging_mixin.py:190} INFO - [2024-09-09T21:06:29.078-0300] {dag.py:3229} INFO - Sync 1 DAGs
[2024-09-09T21:06:29.088-0300] {logging_mixin.py:190} INFO - [2024-09-09T21:06:29.087-0300] {dag.py:4156} INFO - Setting next_dagrun for example_task_group to None, run_after=None
[2024-09-09T21:06:29.105-0300] {processor.py:208} INFO - Processing /mnt/c/Users/teu20/Documents/Poli/Repo/eEDB011-20243/atividade 6 - WSL/airflow/airflow_env/lib/python3.10/site-packages/airflow/example_dags/example_task_group.py took 0.075 seconds
[2024-09-09T21:06:59.310-0300] {processor.py:186} INFO - Started process (PID=268435) to work on /mnt/c/Users/teu20/Documents/Poli/Repo/eEDB011-20243/atividade 6 - WSL/airflow/airflow_env/lib/python3.10/site-packages/airflow/example_dags/example_task_group.py
[2024-09-09T21:06:59.311-0300] {processor.py:914} INFO - Processing file /mnt/c/Users/teu20/Documents/Poli/Repo/eEDB011-20243/atividade 6 - WSL/airflow/airflow_env/lib/python3.10/site-packages/airflow/example_dags/example_task_group.py for tasks to queue
[2024-09-09T21:06:59.313-0300] {logging_mixin.py:190} INFO - [2024-09-09T21:06:59.312-0300] {dagbag.py:587} INFO - Filling up the DagBag from /mnt/c/Users/teu20/Documents/Poli/Repo/eEDB011-20243/atividade 6 - WSL/airflow/airflow_env/lib/python3.10/site-packages/airflow/example_dags/example_task_group.py
[2024-09-09T21:06:59.324-0300] {processor.py:925} INFO - DAG(s) 'example_task_group' retrieved from /mnt/c/Users/teu20/Documents/Poli/Repo/eEDB011-20243/atividade 6 - WSL/airflow/airflow_env/lib/python3.10/site-packages/airflow/example_dags/example_task_group.py
[2024-09-09T21:06:59.342-0300] {logging_mixin.py:190} INFO - [2024-09-09T21:06:59.342-0300] {dag.py:3229} INFO - Sync 1 DAGs
[2024-09-09T21:06:59.351-0300] {logging_mixin.py:190} INFO - [2024-09-09T21:06:59.350-0300] {dag.py:4156} INFO - Setting next_dagrun for example_task_group to None, run_after=None
[2024-09-09T21:06:59.365-0300] {processor.py:208} INFO - Processing /mnt/c/Users/teu20/Documents/Poli/Repo/eEDB011-20243/atividade 6 - WSL/airflow/airflow_env/lib/python3.10/site-packages/airflow/example_dags/example_task_group.py took 0.062 seconds
[2024-09-09T21:07:29.757-0300] {processor.py:186} INFO - Started process (PID=269107) to work on /mnt/c/Users/teu20/Documents/Poli/Repo/eEDB011-20243/atividade 6 - WSL/airflow/airflow_env/lib/python3.10/site-packages/airflow/example_dags/example_task_group.py
[2024-09-09T21:07:29.758-0300] {processor.py:914} INFO - Processing file /mnt/c/Users/teu20/Documents/Poli/Repo/eEDB011-20243/atividade 6 - WSL/airflow/airflow_env/lib/python3.10/site-packages/airflow/example_dags/example_task_group.py for tasks to queue
[2024-09-09T21:07:29.760-0300] {logging_mixin.py:190} INFO - [2024-09-09T21:07:29.759-0300] {dagbag.py:587} INFO - Filling up the DagBag from /mnt/c/Users/teu20/Documents/Poli/Repo/eEDB011-20243/atividade 6 - WSL/airflow/airflow_env/lib/python3.10/site-packages/airflow/example_dags/example_task_group.py
[2024-09-09T21:07:29.774-0300] {processor.py:925} INFO - DAG(s) 'example_task_group' retrieved from /mnt/c/Users/teu20/Documents/Poli/Repo/eEDB011-20243/atividade 6 - WSL/airflow/airflow_env/lib/python3.10/site-packages/airflow/example_dags/example_task_group.py
[2024-09-09T21:07:29.793-0300] {logging_mixin.py:190} INFO - [2024-09-09T21:07:29.792-0300] {dag.py:3229} INFO - Sync 1 DAGs
[2024-09-09T21:07:29.801-0300] {logging_mixin.py:190} INFO - [2024-09-09T21:07:29.800-0300] {dag.py:4156} INFO - Setting next_dagrun for example_task_group to None, run_after=None
[2024-09-09T21:07:29.815-0300] {processor.py:208} INFO - Processing /mnt/c/Users/teu20/Documents/Poli/Repo/eEDB011-20243/atividade 6 - WSL/airflow/airflow_env/lib/python3.10/site-packages/airflow/example_dags/example_task_group.py took 0.065 seconds
[2024-09-09T21:08:00.273-0300] {processor.py:186} INFO - Started process (PID=269604) to work on /mnt/c/Users/teu20/Documents/Poli/Repo/eEDB011-20243/atividade 6 - WSL/airflow/airflow_env/lib/python3.10/site-packages/airflow/example_dags/example_task_group.py
[2024-09-09T21:08:00.274-0300] {processor.py:914} INFO - Processing file /mnt/c/Users/teu20/Documents/Poli/Repo/eEDB011-20243/atividade 6 - WSL/airflow/airflow_env/lib/python3.10/site-packages/airflow/example_dags/example_task_group.py for tasks to queue
[2024-09-09T21:08:00.276-0300] {logging_mixin.py:190} INFO - [2024-09-09T21:08:00.275-0300] {dagbag.py:587} INFO - Filling up the DagBag from /mnt/c/Users/teu20/Documents/Poli/Repo/eEDB011-20243/atividade 6 - WSL/airflow/airflow_env/lib/python3.10/site-packages/airflow/example_dags/example_task_group.py
[2024-09-09T21:08:00.291-0300] {processor.py:925} INFO - DAG(s) 'example_task_group' retrieved from /mnt/c/Users/teu20/Documents/Poli/Repo/eEDB011-20243/atividade 6 - WSL/airflow/airflow_env/lib/python3.10/site-packages/airflow/example_dags/example_task_group.py
[2024-09-09T21:08:00.310-0300] {logging_mixin.py:190} INFO - [2024-09-09T21:08:00.310-0300] {dag.py:3229} INFO - Sync 1 DAGs
[2024-09-09T21:08:00.319-0300] {logging_mixin.py:190} INFO - [2024-09-09T21:08:00.319-0300] {dag.py:4156} INFO - Setting next_dagrun for example_task_group to None, run_after=None
[2024-09-09T21:08:00.335-0300] {processor.py:208} INFO - Processing /mnt/c/Users/teu20/Documents/Poli/Repo/eEDB011-20243/atividade 6 - WSL/airflow/airflow_env/lib/python3.10/site-packages/airflow/example_dags/example_task_group.py took 0.071 seconds
