[2024-09-09T21:00:22.272-0300] {processor.py:186} INFO - Started process (PID=261435) to work on /mnt/c/Users/teu20/Documents/Poli/Repo/eEDB011-20243/atividade 6 - WSL/airflow/airflow_env/lib/python3.10/site-packages/airflow/example_dags/example_time_delta_sensor_async.py
[2024-09-09T21:00:22.273-0300] {processor.py:914} INFO - Processing file /mnt/c/Users/teu20/Documents/Poli/Repo/eEDB011-20243/atividade 6 - WSL/airflow/airflow_env/lib/python3.10/site-packages/airflow/example_dags/example_time_delta_sensor_async.py for tasks to queue
[2024-09-09T21:00:22.274-0300] {logging_mixin.py:190} INFO - [2024-09-09T21:00:22.274-0300] {dagbag.py:587} INFO - Filling up the DagBag from /mnt/c/Users/teu20/Documents/Poli/Repo/eEDB011-20243/atividade 6 - WSL/airflow/airflow_env/lib/python3.10/site-packages/airflow/example_dags/example_time_delta_sensor_async.py
[2024-09-09T21:00:22.286-0300] {processor.py:925} INFO - DAG(s) 'example_time_delta_sensor_async' retrieved from /mnt/c/Users/teu20/Documents/Poli/Repo/eEDB011-20243/atividade 6 - WSL/airflow/airflow_env/lib/python3.10/site-packages/airflow/example_dags/example_time_delta_sensor_async.py
[2024-09-09T21:00:22.304-0300] {logging_mixin.py:190} INFO - [2024-09-09T21:00:22.303-0300] {dag.py:3229} INFO - Sync 1 DAGs
[2024-09-09T21:00:22.312-0300] {logging_mixin.py:190} INFO - [2024-09-09T21:00:22.311-0300] {dag.py:4156} INFO - Setting next_dagrun for example_time_delta_sensor_async to None, run_after=None
[2024-09-09T21:00:22.326-0300] {processor.py:208} INFO - Processing /mnt/c/Users/teu20/Documents/Poli/Repo/eEDB011-20243/atividade 6 - WSL/airflow/airflow_env/lib/python3.10/site-packages/airflow/example_dags/example_time_delta_sensor_async.py took 0.062 seconds
[2024-09-09T21:00:52.720-0300] {processor.py:186} INFO - Started process (PID=262135) to work on /mnt/c/Users/teu20/Documents/Poli/Repo/eEDB011-20243/atividade 6 - WSL/airflow/airflow_env/lib/python3.10/site-packages/airflow/example_dags/example_time_delta_sensor_async.py
[2024-09-09T21:00:52.721-0300] {processor.py:914} INFO - Processing file /mnt/c/Users/teu20/Documents/Poli/Repo/eEDB011-20243/atividade 6 - WSL/airflow/airflow_env/lib/python3.10/site-packages/airflow/example_dags/example_time_delta_sensor_async.py for tasks to queue
[2024-09-09T21:00:52.723-0300] {logging_mixin.py:190} INFO - [2024-09-09T21:00:52.722-0300] {dagbag.py:587} INFO - Filling up the DagBag from /mnt/c/Users/teu20/Documents/Poli/Repo/eEDB011-20243/atividade 6 - WSL/airflow/airflow_env/lib/python3.10/site-packages/airflow/example_dags/example_time_delta_sensor_async.py
[2024-09-09T21:00:52.737-0300] {processor.py:925} INFO - DAG(s) 'example_time_delta_sensor_async' retrieved from /mnt/c/Users/teu20/Documents/Poli/Repo/eEDB011-20243/atividade 6 - WSL/airflow/airflow_env/lib/python3.10/site-packages/airflow/example_dags/example_time_delta_sensor_async.py
[2024-09-09T21:00:52.755-0300] {logging_mixin.py:190} INFO - [2024-09-09T21:00:52.754-0300] {dag.py:3229} INFO - Sync 1 DAGs
[2024-09-09T21:00:52.763-0300] {logging_mixin.py:190} INFO - [2024-09-09T21:00:52.762-0300] {dag.py:4156} INFO - Setting next_dagrun for example_time_delta_sensor_async to None, run_after=None
[2024-09-09T21:00:52.778-0300] {processor.py:208} INFO - Processing /mnt/c/Users/teu20/Documents/Poli/Repo/eEDB011-20243/atividade 6 - WSL/airflow/airflow_env/lib/python3.10/site-packages/airflow/example_dags/example_time_delta_sensor_async.py took 0.065 seconds
[2024-09-09T21:01:23.205-0300] {processor.py:186} INFO - Started process (PID=262575) to work on /mnt/c/Users/teu20/Documents/Poli/Repo/eEDB011-20243/atividade 6 - WSL/airflow/airflow_env/lib/python3.10/site-packages/airflow/example_dags/example_time_delta_sensor_async.py
[2024-09-09T21:01:23.207-0300] {processor.py:914} INFO - Processing file /mnt/c/Users/teu20/Documents/Poli/Repo/eEDB011-20243/atividade 6 - WSL/airflow/airflow_env/lib/python3.10/site-packages/airflow/example_dags/example_time_delta_sensor_async.py for tasks to queue
[2024-09-09T21:01:23.209-0300] {logging_mixin.py:190} INFO - [2024-09-09T21:01:23.208-0300] {dagbag.py:587} INFO - Filling up the DagBag from /mnt/c/Users/teu20/Documents/Poli/Repo/eEDB011-20243/atividade 6 - WSL/airflow/airflow_env/lib/python3.10/site-packages/airflow/example_dags/example_time_delta_sensor_async.py
[2024-09-09T21:01:23.220-0300] {processor.py:925} INFO - DAG(s) 'example_time_delta_sensor_async' retrieved from /mnt/c/Users/teu20/Documents/Poli/Repo/eEDB011-20243/atividade 6 - WSL/airflow/airflow_env/lib/python3.10/site-packages/airflow/example_dags/example_time_delta_sensor_async.py
[2024-09-09T21:01:23.237-0300] {logging_mixin.py:190} INFO - [2024-09-09T21:01:23.237-0300] {dag.py:3229} INFO - Sync 1 DAGs
[2024-09-09T21:01:23.246-0300] {logging_mixin.py:190} INFO - [2024-09-09T21:01:23.245-0300] {dag.py:4156} INFO - Setting next_dagrun for example_time_delta_sensor_async to None, run_after=None
[2024-09-09T21:01:23.264-0300] {processor.py:208} INFO - Processing /mnt/c/Users/teu20/Documents/Poli/Repo/eEDB011-20243/atividade 6 - WSL/airflow/airflow_env/lib/python3.10/site-packages/airflow/example_dags/example_time_delta_sensor_async.py took 0.066 seconds
[2024-09-09T21:01:54.302-0300] {processor.py:186} INFO - Started process (PID=263011) to work on /mnt/c/Users/teu20/Documents/Poli/Repo/eEDB011-20243/atividade 6 - WSL/airflow/airflow_env/lib/python3.10/site-packages/airflow/example_dags/example_time_delta_sensor_async.py
[2024-09-09T21:01:54.303-0300] {processor.py:914} INFO - Processing file /mnt/c/Users/teu20/Documents/Poli/Repo/eEDB011-20243/atividade 6 - WSL/airflow/airflow_env/lib/python3.10/site-packages/airflow/example_dags/example_time_delta_sensor_async.py for tasks to queue
[2024-09-09T21:01:54.305-0300] {logging_mixin.py:190} INFO - [2024-09-09T21:01:54.304-0300] {dagbag.py:587} INFO - Filling up the DagBag from /mnt/c/Users/teu20/Documents/Poli/Repo/eEDB011-20243/atividade 6 - WSL/airflow/airflow_env/lib/python3.10/site-packages/airflow/example_dags/example_time_delta_sensor_async.py
[2024-09-09T21:01:54.319-0300] {processor.py:925} INFO - DAG(s) 'example_time_delta_sensor_async' retrieved from /mnt/c/Users/teu20/Documents/Poli/Repo/eEDB011-20243/atividade 6 - WSL/airflow/airflow_env/lib/python3.10/site-packages/airflow/example_dags/example_time_delta_sensor_async.py
[2024-09-09T21:01:54.337-0300] {logging_mixin.py:190} INFO - [2024-09-09T21:01:54.336-0300] {dag.py:3229} INFO - Sync 1 DAGs
[2024-09-09T21:01:54.345-0300] {logging_mixin.py:190} INFO - [2024-09-09T21:01:54.344-0300] {dag.py:4156} INFO - Setting next_dagrun for example_time_delta_sensor_async to None, run_after=None
[2024-09-09T21:01:54.360-0300] {processor.py:208} INFO - Processing /mnt/c/Users/teu20/Documents/Poli/Repo/eEDB011-20243/atividade 6 - WSL/airflow/airflow_env/lib/python3.10/site-packages/airflow/example_dags/example_time_delta_sensor_async.py took 0.066 seconds
[2024-09-09T21:02:24.700-0300] {processor.py:186} INFO - Started process (PID=263441) to work on /mnt/c/Users/teu20/Documents/Poli/Repo/eEDB011-20243/atividade 6 - WSL/airflow/airflow_env/lib/python3.10/site-packages/airflow/example_dags/example_time_delta_sensor_async.py
[2024-09-09T21:02:24.701-0300] {processor.py:914} INFO - Processing file /mnt/c/Users/teu20/Documents/Poli/Repo/eEDB011-20243/atividade 6 - WSL/airflow/airflow_env/lib/python3.10/site-packages/airflow/example_dags/example_time_delta_sensor_async.py for tasks to queue
[2024-09-09T21:02:24.703-0300] {logging_mixin.py:190} INFO - [2024-09-09T21:02:24.702-0300] {dagbag.py:587} INFO - Filling up the DagBag from /mnt/c/Users/teu20/Documents/Poli/Repo/eEDB011-20243/atividade 6 - WSL/airflow/airflow_env/lib/python3.10/site-packages/airflow/example_dags/example_time_delta_sensor_async.py
[2024-09-09T21:02:24.717-0300] {processor.py:925} INFO - DAG(s) 'example_time_delta_sensor_async' retrieved from /mnt/c/Users/teu20/Documents/Poli/Repo/eEDB011-20243/atividade 6 - WSL/airflow/airflow_env/lib/python3.10/site-packages/airflow/example_dags/example_time_delta_sensor_async.py
[2024-09-09T21:02:24.734-0300] {logging_mixin.py:190} INFO - [2024-09-09T21:02:24.734-0300] {dag.py:3229} INFO - Sync 1 DAGs
[2024-09-09T21:02:24.742-0300] {logging_mixin.py:190} INFO - [2024-09-09T21:02:24.741-0300] {dag.py:4156} INFO - Setting next_dagrun for example_time_delta_sensor_async to None, run_after=None
[2024-09-09T21:02:24.756-0300] {processor.py:208} INFO - Processing /mnt/c/Users/teu20/Documents/Poli/Repo/eEDB011-20243/atividade 6 - WSL/airflow/airflow_env/lib/python3.10/site-packages/airflow/example_dags/example_time_delta_sensor_async.py took 0.064 seconds
[2024-09-09T21:02:55.308-0300] {processor.py:186} INFO - Started process (PID=263872) to work on /mnt/c/Users/teu20/Documents/Poli/Repo/eEDB011-20243/atividade 6 - WSL/airflow/airflow_env/lib/python3.10/site-packages/airflow/example_dags/example_time_delta_sensor_async.py
[2024-09-09T21:02:55.309-0300] {processor.py:914} INFO - Processing file /mnt/c/Users/teu20/Documents/Poli/Repo/eEDB011-20243/atividade 6 - WSL/airflow/airflow_env/lib/python3.10/site-packages/airflow/example_dags/example_time_delta_sensor_async.py for tasks to queue
[2024-09-09T21:02:55.311-0300] {logging_mixin.py:190} INFO - [2024-09-09T21:02:55.310-0300] {dagbag.py:587} INFO - Filling up the DagBag from /mnt/c/Users/teu20/Documents/Poli/Repo/eEDB011-20243/atividade 6 - WSL/airflow/airflow_env/lib/python3.10/site-packages/airflow/example_dags/example_time_delta_sensor_async.py
[2024-09-09T21:02:55.325-0300] {processor.py:925} INFO - DAG(s) 'example_time_delta_sensor_async' retrieved from /mnt/c/Users/teu20/Documents/Poli/Repo/eEDB011-20243/atividade 6 - WSL/airflow/airflow_env/lib/python3.10/site-packages/airflow/example_dags/example_time_delta_sensor_async.py
[2024-09-09T21:02:55.342-0300] {logging_mixin.py:190} INFO - [2024-09-09T21:02:55.341-0300] {dag.py:3229} INFO - Sync 1 DAGs
[2024-09-09T21:02:55.350-0300] {logging_mixin.py:190} INFO - [2024-09-09T21:02:55.349-0300] {dag.py:4156} INFO - Setting next_dagrun for example_time_delta_sensor_async to None, run_after=None
[2024-09-09T21:02:55.363-0300] {processor.py:208} INFO - Processing /mnt/c/Users/teu20/Documents/Poli/Repo/eEDB011-20243/atividade 6 - WSL/airflow/airflow_env/lib/python3.10/site-packages/airflow/example_dags/example_time_delta_sensor_async.py took 0.063 seconds
[2024-09-09T21:03:26.025-0300] {processor.py:186} INFO - Started process (PID=264305) to work on /mnt/c/Users/teu20/Documents/Poli/Repo/eEDB011-20243/atividade 6 - WSL/airflow/airflow_env/lib/python3.10/site-packages/airflow/example_dags/example_time_delta_sensor_async.py
[2024-09-09T21:03:26.027-0300] {processor.py:914} INFO - Processing file /mnt/c/Users/teu20/Documents/Poli/Repo/eEDB011-20243/atividade 6 - WSL/airflow/airflow_env/lib/python3.10/site-packages/airflow/example_dags/example_time_delta_sensor_async.py for tasks to queue
[2024-09-09T21:03:26.029-0300] {logging_mixin.py:190} INFO - [2024-09-09T21:03:26.028-0300] {dagbag.py:587} INFO - Filling up the DagBag from /mnt/c/Users/teu20/Documents/Poli/Repo/eEDB011-20243/atividade 6 - WSL/airflow/airflow_env/lib/python3.10/site-packages/airflow/example_dags/example_time_delta_sensor_async.py
[2024-09-09T21:03:26.041-0300] {processor.py:925} INFO - DAG(s) 'example_time_delta_sensor_async' retrieved from /mnt/c/Users/teu20/Documents/Poli/Repo/eEDB011-20243/atividade 6 - WSL/airflow/airflow_env/lib/python3.10/site-packages/airflow/example_dags/example_time_delta_sensor_async.py
[2024-09-09T21:03:26.059-0300] {logging_mixin.py:190} INFO - [2024-09-09T21:03:26.058-0300] {dag.py:3229} INFO - Sync 1 DAGs
[2024-09-09T21:03:26.068-0300] {logging_mixin.py:190} INFO - [2024-09-09T21:03:26.067-0300] {dag.py:4156} INFO - Setting next_dagrun for example_time_delta_sensor_async to None, run_after=None
[2024-09-09T21:03:26.084-0300] {processor.py:208} INFO - Processing /mnt/c/Users/teu20/Documents/Poli/Repo/eEDB011-20243/atividade 6 - WSL/airflow/airflow_env/lib/python3.10/site-packages/airflow/example_dags/example_time_delta_sensor_async.py took 0.067 seconds
[2024-09-09T21:03:56.479-0300] {processor.py:186} INFO - Started process (PID=264744) to work on /mnt/c/Users/teu20/Documents/Poli/Repo/eEDB011-20243/atividade 6 - WSL/airflow/airflow_env/lib/python3.10/site-packages/airflow/example_dags/example_time_delta_sensor_async.py
[2024-09-09T21:03:56.480-0300] {processor.py:914} INFO - Processing file /mnt/c/Users/teu20/Documents/Poli/Repo/eEDB011-20243/atividade 6 - WSL/airflow/airflow_env/lib/python3.10/site-packages/airflow/example_dags/example_time_delta_sensor_async.py for tasks to queue
[2024-09-09T21:03:56.481-0300] {logging_mixin.py:190} INFO - [2024-09-09T21:03:56.481-0300] {dagbag.py:587} INFO - Filling up the DagBag from /mnt/c/Users/teu20/Documents/Poli/Repo/eEDB011-20243/atividade 6 - WSL/airflow/airflow_env/lib/python3.10/site-packages/airflow/example_dags/example_time_delta_sensor_async.py
[2024-09-09T21:03:56.495-0300] {processor.py:925} INFO - DAG(s) 'example_time_delta_sensor_async' retrieved from /mnt/c/Users/teu20/Documents/Poli/Repo/eEDB011-20243/atividade 6 - WSL/airflow/airflow_env/lib/python3.10/site-packages/airflow/example_dags/example_time_delta_sensor_async.py
[2024-09-09T21:03:56.517-0300] {logging_mixin.py:190} INFO - [2024-09-09T21:03:56.516-0300] {dag.py:3229} INFO - Sync 1 DAGs
[2024-09-09T21:03:56.526-0300] {logging_mixin.py:190} INFO - [2024-09-09T21:03:56.525-0300] {dag.py:4156} INFO - Setting next_dagrun for example_time_delta_sensor_async to None, run_after=None
[2024-09-09T21:03:56.542-0300] {processor.py:208} INFO - Processing /mnt/c/Users/teu20/Documents/Poli/Repo/eEDB011-20243/atividade 6 - WSL/airflow/airflow_env/lib/python3.10/site-packages/airflow/example_dags/example_time_delta_sensor_async.py took 0.072 seconds
[2024-09-09T21:04:26.863-0300] {processor.py:186} INFO - Started process (PID=265177) to work on /mnt/c/Users/teu20/Documents/Poli/Repo/eEDB011-20243/atividade 6 - WSL/airflow/airflow_env/lib/python3.10/site-packages/airflow/example_dags/example_time_delta_sensor_async.py
[2024-09-09T21:04:26.864-0300] {processor.py:914} INFO - Processing file /mnt/c/Users/teu20/Documents/Poli/Repo/eEDB011-20243/atividade 6 - WSL/airflow/airflow_env/lib/python3.10/site-packages/airflow/example_dags/example_time_delta_sensor_async.py for tasks to queue
[2024-09-09T21:04:26.866-0300] {logging_mixin.py:190} INFO - [2024-09-09T21:04:26.865-0300] {dagbag.py:587} INFO - Filling up the DagBag from /mnt/c/Users/teu20/Documents/Poli/Repo/eEDB011-20243/atividade 6 - WSL/airflow/airflow_env/lib/python3.10/site-packages/airflow/example_dags/example_time_delta_sensor_async.py
[2024-09-09T21:04:26.878-0300] {processor.py:925} INFO - DAG(s) 'example_time_delta_sensor_async' retrieved from /mnt/c/Users/teu20/Documents/Poli/Repo/eEDB011-20243/atividade 6 - WSL/airflow/airflow_env/lib/python3.10/site-packages/airflow/example_dags/example_time_delta_sensor_async.py
[2024-09-09T21:04:26.895-0300] {logging_mixin.py:190} INFO - [2024-09-09T21:04:26.894-0300] {dag.py:3229} INFO - Sync 1 DAGs
[2024-09-09T21:04:26.904-0300] {logging_mixin.py:190} INFO - [2024-09-09T21:04:26.903-0300] {dag.py:4156} INFO - Setting next_dagrun for example_time_delta_sensor_async to None, run_after=None
[2024-09-09T21:04:26.919-0300] {processor.py:208} INFO - Processing /mnt/c/Users/teu20/Documents/Poli/Repo/eEDB011-20243/atividade 6 - WSL/airflow/airflow_env/lib/python3.10/site-packages/airflow/example_dags/example_time_delta_sensor_async.py took 0.064 seconds
[2024-09-09T21:04:57.228-0300] {processor.py:186} INFO - Started process (PID=266329) to work on /mnt/c/Users/teu20/Documents/Poli/Repo/eEDB011-20243/atividade 6 - WSL/airflow/airflow_env/lib/python3.10/site-packages/airflow/example_dags/example_time_delta_sensor_async.py
[2024-09-09T21:04:57.229-0300] {processor.py:914} INFO - Processing file /mnt/c/Users/teu20/Documents/Poli/Repo/eEDB011-20243/atividade 6 - WSL/airflow/airflow_env/lib/python3.10/site-packages/airflow/example_dags/example_time_delta_sensor_async.py for tasks to queue
[2024-09-09T21:04:57.231-0300] {logging_mixin.py:190} INFO - [2024-09-09T21:04:57.230-0300] {dagbag.py:587} INFO - Filling up the DagBag from /mnt/c/Users/teu20/Documents/Poli/Repo/eEDB011-20243/atividade 6 - WSL/airflow/airflow_env/lib/python3.10/site-packages/airflow/example_dags/example_time_delta_sensor_async.py
[2024-09-09T21:04:57.244-0300] {processor.py:925} INFO - DAG(s) 'example_time_delta_sensor_async' retrieved from /mnt/c/Users/teu20/Documents/Poli/Repo/eEDB011-20243/atividade 6 - WSL/airflow/airflow_env/lib/python3.10/site-packages/airflow/example_dags/example_time_delta_sensor_async.py
[2024-09-09T21:04:57.261-0300] {logging_mixin.py:190} INFO - [2024-09-09T21:04:57.260-0300] {dag.py:3229} INFO - Sync 1 DAGs
[2024-09-09T21:04:57.269-0300] {logging_mixin.py:190} INFO - [2024-09-09T21:04:57.268-0300] {dag.py:4156} INFO - Setting next_dagrun for example_time_delta_sensor_async to None, run_after=None
[2024-09-09T21:04:57.284-0300] {processor.py:208} INFO - Processing /mnt/c/Users/teu20/Documents/Poli/Repo/eEDB011-20243/atividade 6 - WSL/airflow/airflow_env/lib/python3.10/site-packages/airflow/example_dags/example_time_delta_sensor_async.py took 0.064 seconds
[2024-09-09T21:05:27.628-0300] {processor.py:186} INFO - Started process (PID=266921) to work on /mnt/c/Users/teu20/Documents/Poli/Repo/eEDB011-20243/atividade 6 - WSL/airflow/airflow_env/lib/python3.10/site-packages/airflow/example_dags/example_time_delta_sensor_async.py
[2024-09-09T21:05:27.629-0300] {processor.py:914} INFO - Processing file /mnt/c/Users/teu20/Documents/Poli/Repo/eEDB011-20243/atividade 6 - WSL/airflow/airflow_env/lib/python3.10/site-packages/airflow/example_dags/example_time_delta_sensor_async.py for tasks to queue
[2024-09-09T21:05:27.631-0300] {logging_mixin.py:190} INFO - [2024-09-09T21:05:27.631-0300] {dagbag.py:587} INFO - Filling up the DagBag from /mnt/c/Users/teu20/Documents/Poli/Repo/eEDB011-20243/atividade 6 - WSL/airflow/airflow_env/lib/python3.10/site-packages/airflow/example_dags/example_time_delta_sensor_async.py
[2024-09-09T21:05:27.643-0300] {processor.py:925} INFO - DAG(s) 'example_time_delta_sensor_async' retrieved from /mnt/c/Users/teu20/Documents/Poli/Repo/eEDB011-20243/atividade 6 - WSL/airflow/airflow_env/lib/python3.10/site-packages/airflow/example_dags/example_time_delta_sensor_async.py
[2024-09-09T21:05:27.661-0300] {logging_mixin.py:190} INFO - [2024-09-09T21:05:27.660-0300] {dag.py:3229} INFO - Sync 1 DAGs
[2024-09-09T21:05:27.669-0300] {logging_mixin.py:190} INFO - [2024-09-09T21:05:27.668-0300] {dag.py:4156} INFO - Setting next_dagrun for example_time_delta_sensor_async to None, run_after=None
[2024-09-09T21:05:27.683-0300] {processor.py:208} INFO - Processing /mnt/c/Users/teu20/Documents/Poli/Repo/eEDB011-20243/atividade 6 - WSL/airflow/airflow_env/lib/python3.10/site-packages/airflow/example_dags/example_time_delta_sensor_async.py took 0.062 seconds
[2024-09-09T21:05:58.063-0300] {processor.py:186} INFO - Started process (PID=267352) to work on /mnt/c/Users/teu20/Documents/Poli/Repo/eEDB011-20243/atividade 6 - WSL/airflow/airflow_env/lib/python3.10/site-packages/airflow/example_dags/example_time_delta_sensor_async.py
[2024-09-09T21:05:58.064-0300] {processor.py:914} INFO - Processing file /mnt/c/Users/teu20/Documents/Poli/Repo/eEDB011-20243/atividade 6 - WSL/airflow/airflow_env/lib/python3.10/site-packages/airflow/example_dags/example_time_delta_sensor_async.py for tasks to queue
[2024-09-09T21:05:58.066-0300] {logging_mixin.py:190} INFO - [2024-09-09T21:05:58.065-0300] {dagbag.py:587} INFO - Filling up the DagBag from /mnt/c/Users/teu20/Documents/Poli/Repo/eEDB011-20243/atividade 6 - WSL/airflow/airflow_env/lib/python3.10/site-packages/airflow/example_dags/example_time_delta_sensor_async.py
[2024-09-09T21:05:58.079-0300] {processor.py:925} INFO - DAG(s) 'example_time_delta_sensor_async' retrieved from /mnt/c/Users/teu20/Documents/Poli/Repo/eEDB011-20243/atividade 6 - WSL/airflow/airflow_env/lib/python3.10/site-packages/airflow/example_dags/example_time_delta_sensor_async.py
[2024-09-09T21:05:58.097-0300] {logging_mixin.py:190} INFO - [2024-09-09T21:05:58.097-0300] {dag.py:3229} INFO - Sync 1 DAGs
[2024-09-09T21:05:58.105-0300] {logging_mixin.py:190} INFO - [2024-09-09T21:05:58.105-0300] {dag.py:4156} INFO - Setting next_dagrun for example_time_delta_sensor_async to None, run_after=None
[2024-09-09T21:05:58.120-0300] {processor.py:208} INFO - Processing /mnt/c/Users/teu20/Documents/Poli/Repo/eEDB011-20243/atividade 6 - WSL/airflow/airflow_env/lib/python3.10/site-packages/airflow/example_dags/example_time_delta_sensor_async.py took 0.064 seconds
[2024-09-09T21:06:28.752-0300] {processor.py:186} INFO - Started process (PID=267806) to work on /mnt/c/Users/teu20/Documents/Poli/Repo/eEDB011-20243/atividade 6 - WSL/airflow/airflow_env/lib/python3.10/site-packages/airflow/example_dags/example_time_delta_sensor_async.py
[2024-09-09T21:06:28.753-0300] {processor.py:914} INFO - Processing file /mnt/c/Users/teu20/Documents/Poli/Repo/eEDB011-20243/atividade 6 - WSL/airflow/airflow_env/lib/python3.10/site-packages/airflow/example_dags/example_time_delta_sensor_async.py for tasks to queue
[2024-09-09T21:06:28.755-0300] {logging_mixin.py:190} INFO - [2024-09-09T21:06:28.754-0300] {dagbag.py:587} INFO - Filling up the DagBag from /mnt/c/Users/teu20/Documents/Poli/Repo/eEDB011-20243/atividade 6 - WSL/airflow/airflow_env/lib/python3.10/site-packages/airflow/example_dags/example_time_delta_sensor_async.py
[2024-09-09T21:06:28.770-0300] {processor.py:925} INFO - DAG(s) 'example_time_delta_sensor_async' retrieved from /mnt/c/Users/teu20/Documents/Poli/Repo/eEDB011-20243/atividade 6 - WSL/airflow/airflow_env/lib/python3.10/site-packages/airflow/example_dags/example_time_delta_sensor_async.py
[2024-09-09T21:06:28.789-0300] {logging_mixin.py:190} INFO - [2024-09-09T21:06:28.788-0300] {dag.py:3229} INFO - Sync 1 DAGs
[2024-09-09T21:06:28.798-0300] {logging_mixin.py:190} INFO - [2024-09-09T21:06:28.797-0300] {dag.py:4156} INFO - Setting next_dagrun for example_time_delta_sensor_async to None, run_after=None
[2024-09-09T21:06:28.814-0300] {processor.py:208} INFO - Processing /mnt/c/Users/teu20/Documents/Poli/Repo/eEDB011-20243/atividade 6 - WSL/airflow/airflow_env/lib/python3.10/site-packages/airflow/example_dags/example_time_delta_sensor_async.py took 0.070 seconds
[2024-09-09T21:06:59.141-0300] {processor.py:186} INFO - Started process (PID=268427) to work on /mnt/c/Users/teu20/Documents/Poli/Repo/eEDB011-20243/atividade 6 - WSL/airflow/airflow_env/lib/python3.10/site-packages/airflow/example_dags/example_time_delta_sensor_async.py
[2024-09-09T21:06:59.142-0300] {processor.py:914} INFO - Processing file /mnt/c/Users/teu20/Documents/Poli/Repo/eEDB011-20243/atividade 6 - WSL/airflow/airflow_env/lib/python3.10/site-packages/airflow/example_dags/example_time_delta_sensor_async.py for tasks to queue
[2024-09-09T21:06:59.144-0300] {logging_mixin.py:190} INFO - [2024-09-09T21:06:59.143-0300] {dagbag.py:587} INFO - Filling up the DagBag from /mnt/c/Users/teu20/Documents/Poli/Repo/eEDB011-20243/atividade 6 - WSL/airflow/airflow_env/lib/python3.10/site-packages/airflow/example_dags/example_time_delta_sensor_async.py
[2024-09-09T21:06:59.157-0300] {processor.py:925} INFO - DAG(s) 'example_time_delta_sensor_async' retrieved from /mnt/c/Users/teu20/Documents/Poli/Repo/eEDB011-20243/atividade 6 - WSL/airflow/airflow_env/lib/python3.10/site-packages/airflow/example_dags/example_time_delta_sensor_async.py
[2024-09-09T21:06:59.175-0300] {logging_mixin.py:190} INFO - [2024-09-09T21:06:59.175-0300] {dag.py:3229} INFO - Sync 1 DAGs
[2024-09-09T21:06:59.184-0300] {logging_mixin.py:190} INFO - [2024-09-09T21:06:59.183-0300] {dag.py:4156} INFO - Setting next_dagrun for example_time_delta_sensor_async to None, run_after=None
[2024-09-09T21:06:59.198-0300] {processor.py:208} INFO - Processing /mnt/c/Users/teu20/Documents/Poli/Repo/eEDB011-20243/atividade 6 - WSL/airflow/airflow_env/lib/python3.10/site-packages/airflow/example_dags/example_time_delta_sensor_async.py took 0.065 seconds
[2024-09-09T21:07:29.661-0300] {processor.py:186} INFO - Started process (PID=269097) to work on /mnt/c/Users/teu20/Documents/Poli/Repo/eEDB011-20243/atividade 6 - WSL/airflow/airflow_env/lib/python3.10/site-packages/airflow/example_dags/example_time_delta_sensor_async.py
[2024-09-09T21:07:29.662-0300] {processor.py:914} INFO - Processing file /mnt/c/Users/teu20/Documents/Poli/Repo/eEDB011-20243/atividade 6 - WSL/airflow/airflow_env/lib/python3.10/site-packages/airflow/example_dags/example_time_delta_sensor_async.py for tasks to queue
[2024-09-09T21:07:29.664-0300] {logging_mixin.py:190} INFO - [2024-09-09T21:07:29.663-0300] {dagbag.py:587} INFO - Filling up the DagBag from /mnt/c/Users/teu20/Documents/Poli/Repo/eEDB011-20243/atividade 6 - WSL/airflow/airflow_env/lib/python3.10/site-packages/airflow/example_dags/example_time_delta_sensor_async.py
[2024-09-09T21:07:29.677-0300] {processor.py:925} INFO - DAG(s) 'example_time_delta_sensor_async' retrieved from /mnt/c/Users/teu20/Documents/Poli/Repo/eEDB011-20243/atividade 6 - WSL/airflow/airflow_env/lib/python3.10/site-packages/airflow/example_dags/example_time_delta_sensor_async.py
[2024-09-09T21:07:29.695-0300] {logging_mixin.py:190} INFO - [2024-09-09T21:07:29.694-0300] {dag.py:3229} INFO - Sync 1 DAGs
[2024-09-09T21:07:29.703-0300] {logging_mixin.py:190} INFO - [2024-09-09T21:07:29.702-0300] {dag.py:4156} INFO - Setting next_dagrun for example_time_delta_sensor_async to None, run_after=None
[2024-09-09T21:07:29.718-0300] {processor.py:208} INFO - Processing /mnt/c/Users/teu20/Documents/Poli/Repo/eEDB011-20243/atividade 6 - WSL/airflow/airflow_env/lib/python3.10/site-packages/airflow/example_dags/example_time_delta_sensor_async.py took 0.064 seconds
[2024-09-09T21:08:00.172-0300] {processor.py:186} INFO - Started process (PID=269594) to work on /mnt/c/Users/teu20/Documents/Poli/Repo/eEDB011-20243/atividade 6 - WSL/airflow/airflow_env/lib/python3.10/site-packages/airflow/example_dags/example_time_delta_sensor_async.py
[2024-09-09T21:08:00.173-0300] {processor.py:914} INFO - Processing file /mnt/c/Users/teu20/Documents/Poli/Repo/eEDB011-20243/atividade 6 - WSL/airflow/airflow_env/lib/python3.10/site-packages/airflow/example_dags/example_time_delta_sensor_async.py for tasks to queue
[2024-09-09T21:08:00.175-0300] {logging_mixin.py:190} INFO - [2024-09-09T21:08:00.174-0300] {dagbag.py:587} INFO - Filling up the DagBag from /mnt/c/Users/teu20/Documents/Poli/Repo/eEDB011-20243/atividade 6 - WSL/airflow/airflow_env/lib/python3.10/site-packages/airflow/example_dags/example_time_delta_sensor_async.py
[2024-09-09T21:08:00.187-0300] {processor.py:925} INFO - DAG(s) 'example_time_delta_sensor_async' retrieved from /mnt/c/Users/teu20/Documents/Poli/Repo/eEDB011-20243/atividade 6 - WSL/airflow/airflow_env/lib/python3.10/site-packages/airflow/example_dags/example_time_delta_sensor_async.py
[2024-09-09T21:08:00.207-0300] {logging_mixin.py:190} INFO - [2024-09-09T21:08:00.206-0300] {dag.py:3229} INFO - Sync 1 DAGs
[2024-09-09T21:08:00.216-0300] {logging_mixin.py:190} INFO - [2024-09-09T21:08:00.215-0300] {dag.py:4156} INFO - Setting next_dagrun for example_time_delta_sensor_async to None, run_after=None
[2024-09-09T21:08:00.232-0300] {processor.py:208} INFO - Processing /mnt/c/Users/teu20/Documents/Poli/Repo/eEDB011-20243/atividade 6 - WSL/airflow/airflow_env/lib/python3.10/site-packages/airflow/example_dags/example_time_delta_sensor_async.py took 0.069 seconds
