[2024-09-09T21:00:23.823-0300] {processor.py:186} INFO - Started process (PID=261534) to work on /mnt/c/Users/teu20/Documents/Poli/Repo/eEDB011-20243/atividade 6 - WSL/airflow/airflow_env/lib/python3.10/site-packages/airflow/example_dags/example_nested_branch_dag.py
[2024-09-09T21:00:23.824-0300] {processor.py:914} INFO - Processing file /mnt/c/Users/teu20/Documents/Poli/Repo/eEDB011-20243/atividade 6 - WSL/airflow/airflow_env/lib/python3.10/site-packages/airflow/example_dags/example_nested_branch_dag.py for tasks to queue
[2024-09-09T21:00:23.826-0300] {logging_mixin.py:190} INFO - [2024-09-09T21:00:23.826-0300] {dagbag.py:587} INFO - Filling up the DagBag from /mnt/c/Users/teu20/Documents/Poli/Repo/eEDB011-20243/atividade 6 - WSL/airflow/airflow_env/lib/python3.10/site-packages/airflow/example_dags/example_nested_branch_dag.py
[2024-09-09T21:00:23.844-0300] {processor.py:925} INFO - DAG(s) 'example_nested_branch_dag' retrieved from /mnt/c/Users/teu20/Documents/Poli/Repo/eEDB011-20243/atividade 6 - WSL/airflow/airflow_env/lib/python3.10/site-packages/airflow/example_dags/example_nested_branch_dag.py
[2024-09-09T21:00:23.862-0300] {logging_mixin.py:190} INFO - [2024-09-09T21:00:23.862-0300] {dag.py:3229} INFO - Sync 1 DAGs
[2024-09-09T21:00:23.874-0300] {logging_mixin.py:190} INFO - [2024-09-09T21:00:23.874-0300] {dag.py:4156} INFO - Setting next_dagrun for example_nested_branch_dag to 2024-09-09 00:00:00+00:00, run_after=2024-09-10 00:00:00+00:00
[2024-09-09T21:00:23.890-0300] {processor.py:208} INFO - Processing /mnt/c/Users/teu20/Documents/Poli/Repo/eEDB011-20243/atividade 6 - WSL/airflow/airflow_env/lib/python3.10/site-packages/airflow/example_dags/example_nested_branch_dag.py took 0.074 seconds
[2024-09-09T21:00:54.607-0300] {processor.py:186} INFO - Started process (PID=262243) to work on /mnt/c/Users/teu20/Documents/Poli/Repo/eEDB011-20243/atividade 6 - WSL/airflow/airflow_env/lib/python3.10/site-packages/airflow/example_dags/example_nested_branch_dag.py
[2024-09-09T21:00:54.608-0300] {processor.py:914} INFO - Processing file /mnt/c/Users/teu20/Documents/Poli/Repo/eEDB011-20243/atividade 6 - WSL/airflow/airflow_env/lib/python3.10/site-packages/airflow/example_dags/example_nested_branch_dag.py for tasks to queue
[2024-09-09T21:00:54.610-0300] {logging_mixin.py:190} INFO - [2024-09-09T21:00:54.609-0300] {dagbag.py:587} INFO - Filling up the DagBag from /mnt/c/Users/teu20/Documents/Poli/Repo/eEDB011-20243/atividade 6 - WSL/airflow/airflow_env/lib/python3.10/site-packages/airflow/example_dags/example_nested_branch_dag.py
[2024-09-09T21:00:54.628-0300] {processor.py:925} INFO - DAG(s) 'example_nested_branch_dag' retrieved from /mnt/c/Users/teu20/Documents/Poli/Repo/eEDB011-20243/atividade 6 - WSL/airflow/airflow_env/lib/python3.10/site-packages/airflow/example_dags/example_nested_branch_dag.py
[2024-09-09T21:00:54.645-0300] {logging_mixin.py:190} INFO - [2024-09-09T21:00:54.645-0300] {dag.py:3229} INFO - Sync 1 DAGs
[2024-09-09T21:00:54.657-0300] {logging_mixin.py:190} INFO - [2024-09-09T21:00:54.657-0300] {dag.py:4156} INFO - Setting next_dagrun for example_nested_branch_dag to 2024-09-09 00:00:00+00:00, run_after=2024-09-10 00:00:00+00:00
[2024-09-09T21:00:54.672-0300] {processor.py:208} INFO - Processing /mnt/c/Users/teu20/Documents/Poli/Repo/eEDB011-20243/atividade 6 - WSL/airflow/airflow_env/lib/python3.10/site-packages/airflow/example_dags/example_nested_branch_dag.py took 0.073 seconds
[2024-09-09T21:01:25.786-0300] {processor.py:186} INFO - Started process (PID=262680) to work on /mnt/c/Users/teu20/Documents/Poli/Repo/eEDB011-20243/atividade 6 - WSL/airflow/airflow_env/lib/python3.10/site-packages/airflow/example_dags/example_nested_branch_dag.py
[2024-09-09T21:01:25.787-0300] {processor.py:914} INFO - Processing file /mnt/c/Users/teu20/Documents/Poli/Repo/eEDB011-20243/atividade 6 - WSL/airflow/airflow_env/lib/python3.10/site-packages/airflow/example_dags/example_nested_branch_dag.py for tasks to queue
[2024-09-09T21:01:25.789-0300] {logging_mixin.py:190} INFO - [2024-09-09T21:01:25.788-0300] {dagbag.py:587} INFO - Filling up the DagBag from /mnt/c/Users/teu20/Documents/Poli/Repo/eEDB011-20243/atividade 6 - WSL/airflow/airflow_env/lib/python3.10/site-packages/airflow/example_dags/example_nested_branch_dag.py
[2024-09-09T21:01:25.806-0300] {processor.py:925} INFO - DAG(s) 'example_nested_branch_dag' retrieved from /mnt/c/Users/teu20/Documents/Poli/Repo/eEDB011-20243/atividade 6 - WSL/airflow/airflow_env/lib/python3.10/site-packages/airflow/example_dags/example_nested_branch_dag.py
[2024-09-09T21:01:25.825-0300] {logging_mixin.py:190} INFO - [2024-09-09T21:01:25.824-0300] {dag.py:3229} INFO - Sync 1 DAGs
[2024-09-09T21:01:25.838-0300] {logging_mixin.py:190} INFO - [2024-09-09T21:01:25.838-0300] {dag.py:4156} INFO - Setting next_dagrun for example_nested_branch_dag to 2024-09-09 00:00:00+00:00, run_after=2024-09-10 00:00:00+00:00
[2024-09-09T21:01:25.853-0300] {processor.py:208} INFO - Processing /mnt/c/Users/teu20/Documents/Poli/Repo/eEDB011-20243/atividade 6 - WSL/airflow/airflow_env/lib/python3.10/site-packages/airflow/example_dags/example_nested_branch_dag.py took 0.075 seconds
[2024-09-09T21:01:56.562-0300] {processor.py:186} INFO - Started process (PID=263108) to work on /mnt/c/Users/teu20/Documents/Poli/Repo/eEDB011-20243/atividade 6 - WSL/airflow/airflow_env/lib/python3.10/site-packages/airflow/example_dags/example_nested_branch_dag.py
[2024-09-09T21:01:56.564-0300] {processor.py:914} INFO - Processing file /mnt/c/Users/teu20/Documents/Poli/Repo/eEDB011-20243/atividade 6 - WSL/airflow/airflow_env/lib/python3.10/site-packages/airflow/example_dags/example_nested_branch_dag.py for tasks to queue
[2024-09-09T21:01:56.565-0300] {logging_mixin.py:190} INFO - [2024-09-09T21:01:56.564-0300] {dagbag.py:587} INFO - Filling up the DagBag from /mnt/c/Users/teu20/Documents/Poli/Repo/eEDB011-20243/atividade 6 - WSL/airflow/airflow_env/lib/python3.10/site-packages/airflow/example_dags/example_nested_branch_dag.py
[2024-09-09T21:01:56.582-0300] {processor.py:925} INFO - DAG(s) 'example_nested_branch_dag' retrieved from /mnt/c/Users/teu20/Documents/Poli/Repo/eEDB011-20243/atividade 6 - WSL/airflow/airflow_env/lib/python3.10/site-packages/airflow/example_dags/example_nested_branch_dag.py
[2024-09-09T21:01:56.601-0300] {logging_mixin.py:190} INFO - [2024-09-09T21:01:56.600-0300] {dag.py:3229} INFO - Sync 1 DAGs
[2024-09-09T21:01:56.613-0300] {logging_mixin.py:190} INFO - [2024-09-09T21:01:56.613-0300] {dag.py:4156} INFO - Setting next_dagrun for example_nested_branch_dag to 2024-09-09 00:00:00+00:00, run_after=2024-09-10 00:00:00+00:00
[2024-09-09T21:01:56.628-0300] {processor.py:208} INFO - Processing /mnt/c/Users/teu20/Documents/Poli/Repo/eEDB011-20243/atividade 6 - WSL/airflow/airflow_env/lib/python3.10/site-packages/airflow/example_dags/example_nested_branch_dag.py took 0.072 seconds
[2024-09-09T21:02:27.174-0300] {processor.py:186} INFO - Started process (PID=263539) to work on /mnt/c/Users/teu20/Documents/Poli/Repo/eEDB011-20243/atividade 6 - WSL/airflow/airflow_env/lib/python3.10/site-packages/airflow/example_dags/example_nested_branch_dag.py
[2024-09-09T21:02:27.175-0300] {processor.py:914} INFO - Processing file /mnt/c/Users/teu20/Documents/Poli/Repo/eEDB011-20243/atividade 6 - WSL/airflow/airflow_env/lib/python3.10/site-packages/airflow/example_dags/example_nested_branch_dag.py for tasks to queue
[2024-09-09T21:02:27.177-0300] {logging_mixin.py:190} INFO - [2024-09-09T21:02:27.176-0300] {dagbag.py:587} INFO - Filling up the DagBag from /mnt/c/Users/teu20/Documents/Poli/Repo/eEDB011-20243/atividade 6 - WSL/airflow/airflow_env/lib/python3.10/site-packages/airflow/example_dags/example_nested_branch_dag.py
[2024-09-09T21:02:27.193-0300] {processor.py:925} INFO - DAG(s) 'example_nested_branch_dag' retrieved from /mnt/c/Users/teu20/Documents/Poli/Repo/eEDB011-20243/atividade 6 - WSL/airflow/airflow_env/lib/python3.10/site-packages/airflow/example_dags/example_nested_branch_dag.py
[2024-09-09T21:02:27.211-0300] {logging_mixin.py:190} INFO - [2024-09-09T21:02:27.211-0300] {dag.py:3229} INFO - Sync 1 DAGs
[2024-09-09T21:02:27.223-0300] {logging_mixin.py:190} INFO - [2024-09-09T21:02:27.223-0300] {dag.py:4156} INFO - Setting next_dagrun for example_nested_branch_dag to 2024-09-09 00:00:00+00:00, run_after=2024-09-10 00:00:00+00:00
[2024-09-09T21:02:27.237-0300] {processor.py:208} INFO - Processing /mnt/c/Users/teu20/Documents/Poli/Repo/eEDB011-20243/atividade 6 - WSL/airflow/airflow_env/lib/python3.10/site-packages/airflow/example_dags/example_nested_branch_dag.py took 0.070 seconds
[2024-09-09T21:02:57.766-0300] {processor.py:186} INFO - Started process (PID=263970) to work on /mnt/c/Users/teu20/Documents/Poli/Repo/eEDB011-20243/atividade 6 - WSL/airflow/airflow_env/lib/python3.10/site-packages/airflow/example_dags/example_nested_branch_dag.py
[2024-09-09T21:02:57.767-0300] {processor.py:914} INFO - Processing file /mnt/c/Users/teu20/Documents/Poli/Repo/eEDB011-20243/atividade 6 - WSL/airflow/airflow_env/lib/python3.10/site-packages/airflow/example_dags/example_nested_branch_dag.py for tasks to queue
[2024-09-09T21:02:57.769-0300] {logging_mixin.py:190} INFO - [2024-09-09T21:02:57.768-0300] {dagbag.py:587} INFO - Filling up the DagBag from /mnt/c/Users/teu20/Documents/Poli/Repo/eEDB011-20243/atividade 6 - WSL/airflow/airflow_env/lib/python3.10/site-packages/airflow/example_dags/example_nested_branch_dag.py
[2024-09-09T21:02:57.786-0300] {processor.py:925} INFO - DAG(s) 'example_nested_branch_dag' retrieved from /mnt/c/Users/teu20/Documents/Poli/Repo/eEDB011-20243/atividade 6 - WSL/airflow/airflow_env/lib/python3.10/site-packages/airflow/example_dags/example_nested_branch_dag.py
[2024-09-09T21:02:57.807-0300] {logging_mixin.py:190} INFO - [2024-09-09T21:02:57.807-0300] {dag.py:3229} INFO - Sync 1 DAGs
[2024-09-09T21:02:57.820-0300] {logging_mixin.py:190} INFO - [2024-09-09T21:02:57.819-0300] {dag.py:4156} INFO - Setting next_dagrun for example_nested_branch_dag to 2024-09-09 00:00:00+00:00, run_after=2024-09-10 00:00:00+00:00
[2024-09-09T21:02:57.835-0300] {processor.py:208} INFO - Processing /mnt/c/Users/teu20/Documents/Poli/Repo/eEDB011-20243/atividade 6 - WSL/airflow/airflow_env/lib/python3.10/site-packages/airflow/example_dags/example_nested_branch_dag.py took 0.077 seconds
[2024-09-09T21:03:28.304-0300] {processor.py:186} INFO - Started process (PID=264402) to work on /mnt/c/Users/teu20/Documents/Poli/Repo/eEDB011-20243/atividade 6 - WSL/airflow/airflow_env/lib/python3.10/site-packages/airflow/example_dags/example_nested_branch_dag.py
[2024-09-09T21:03:28.305-0300] {processor.py:914} INFO - Processing file /mnt/c/Users/teu20/Documents/Poli/Repo/eEDB011-20243/atividade 6 - WSL/airflow/airflow_env/lib/python3.10/site-packages/airflow/example_dags/example_nested_branch_dag.py for tasks to queue
[2024-09-09T21:03:28.307-0300] {logging_mixin.py:190} INFO - [2024-09-09T21:03:28.307-0300] {dagbag.py:587} INFO - Filling up the DagBag from /mnt/c/Users/teu20/Documents/Poli/Repo/eEDB011-20243/atividade 6 - WSL/airflow/airflow_env/lib/python3.10/site-packages/airflow/example_dags/example_nested_branch_dag.py
[2024-09-09T21:03:28.324-0300] {processor.py:925} INFO - DAG(s) 'example_nested_branch_dag' retrieved from /mnt/c/Users/teu20/Documents/Poli/Repo/eEDB011-20243/atividade 6 - WSL/airflow/airflow_env/lib/python3.10/site-packages/airflow/example_dags/example_nested_branch_dag.py
[2024-09-09T21:03:28.344-0300] {logging_mixin.py:190} INFO - [2024-09-09T21:03:28.343-0300] {dag.py:3229} INFO - Sync 1 DAGs
[2024-09-09T21:03:28.357-0300] {logging_mixin.py:190} INFO - [2024-09-09T21:03:28.357-0300] {dag.py:4156} INFO - Setting next_dagrun for example_nested_branch_dag to 2024-09-09 00:00:00+00:00, run_after=2024-09-10 00:00:00+00:00
[2024-09-09T21:03:28.373-0300] {processor.py:208} INFO - Processing /mnt/c/Users/teu20/Documents/Poli/Repo/eEDB011-20243/atividade 6 - WSL/airflow/airflow_env/lib/python3.10/site-packages/airflow/example_dags/example_nested_branch_dag.py took 0.078 seconds
[2024-09-09T21:03:58.907-0300] {processor.py:186} INFO - Started process (PID=264841) to work on /mnt/c/Users/teu20/Documents/Poli/Repo/eEDB011-20243/atividade 6 - WSL/airflow/airflow_env/lib/python3.10/site-packages/airflow/example_dags/example_nested_branch_dag.py
[2024-09-09T21:03:58.908-0300] {processor.py:914} INFO - Processing file /mnt/c/Users/teu20/Documents/Poli/Repo/eEDB011-20243/atividade 6 - WSL/airflow/airflow_env/lib/python3.10/site-packages/airflow/example_dags/example_nested_branch_dag.py for tasks to queue
[2024-09-09T21:03:58.909-0300] {logging_mixin.py:190} INFO - [2024-09-09T21:03:58.909-0300] {dagbag.py:587} INFO - Filling up the DagBag from /mnt/c/Users/teu20/Documents/Poli/Repo/eEDB011-20243/atividade 6 - WSL/airflow/airflow_env/lib/python3.10/site-packages/airflow/example_dags/example_nested_branch_dag.py
[2024-09-09T21:03:58.930-0300] {processor.py:925} INFO - DAG(s) 'example_nested_branch_dag' retrieved from /mnt/c/Users/teu20/Documents/Poli/Repo/eEDB011-20243/atividade 6 - WSL/airflow/airflow_env/lib/python3.10/site-packages/airflow/example_dags/example_nested_branch_dag.py
[2024-09-09T21:03:58.951-0300] {logging_mixin.py:190} INFO - [2024-09-09T21:03:58.950-0300] {dag.py:3229} INFO - Sync 1 DAGs
[2024-09-09T21:03:58.966-0300] {logging_mixin.py:190} INFO - [2024-09-09T21:03:58.965-0300] {dag.py:4156} INFO - Setting next_dagrun for example_nested_branch_dag to 2024-09-09 00:00:00+00:00, run_after=2024-09-10 00:00:00+00:00
[2024-09-09T21:03:58.981-0300] {processor.py:208} INFO - Processing /mnt/c/Users/teu20/Documents/Poli/Repo/eEDB011-20243/atividade 6 - WSL/airflow/airflow_env/lib/python3.10/site-packages/airflow/example_dags/example_nested_branch_dag.py took 0.082 seconds
[2024-09-09T21:04:29.406-0300] {processor.py:186} INFO - Started process (PID=265277) to work on /mnt/c/Users/teu20/Documents/Poli/Repo/eEDB011-20243/atividade 6 - WSL/airflow/airflow_env/lib/python3.10/site-packages/airflow/example_dags/example_nested_branch_dag.py
[2024-09-09T21:04:29.407-0300] {processor.py:914} INFO - Processing file /mnt/c/Users/teu20/Documents/Poli/Repo/eEDB011-20243/atividade 6 - WSL/airflow/airflow_env/lib/python3.10/site-packages/airflow/example_dags/example_nested_branch_dag.py for tasks to queue
[2024-09-09T21:04:29.409-0300] {logging_mixin.py:190} INFO - [2024-09-09T21:04:29.408-0300] {dagbag.py:587} INFO - Filling up the DagBag from /mnt/c/Users/teu20/Documents/Poli/Repo/eEDB011-20243/atividade 6 - WSL/airflow/airflow_env/lib/python3.10/site-packages/airflow/example_dags/example_nested_branch_dag.py
[2024-09-09T21:04:29.425-0300] {processor.py:925} INFO - DAG(s) 'example_nested_branch_dag' retrieved from /mnt/c/Users/teu20/Documents/Poli/Repo/eEDB011-20243/atividade 6 - WSL/airflow/airflow_env/lib/python3.10/site-packages/airflow/example_dags/example_nested_branch_dag.py
[2024-09-09T21:04:29.443-0300] {logging_mixin.py:190} INFO - [2024-09-09T21:04:29.442-0300] {dag.py:3229} INFO - Sync 1 DAGs
[2024-09-09T21:04:29.455-0300] {logging_mixin.py:190} INFO - [2024-09-09T21:04:29.454-0300] {dag.py:4156} INFO - Setting next_dagrun for example_nested_branch_dag to 2024-09-09 00:00:00+00:00, run_after=2024-09-10 00:00:00+00:00
[2024-09-09T21:04:29.469-0300] {processor.py:208} INFO - Processing /mnt/c/Users/teu20/Documents/Poli/Repo/eEDB011-20243/atividade 6 - WSL/airflow/airflow_env/lib/python3.10/site-packages/airflow/example_dags/example_nested_branch_dag.py took 0.070 seconds
[2024-09-09T21:04:59.840-0300] {processor.py:186} INFO - Started process (PID=266495) to work on /mnt/c/Users/teu20/Documents/Poli/Repo/eEDB011-20243/atividade 6 - WSL/airflow/airflow_env/lib/python3.10/site-packages/airflow/example_dags/example_nested_branch_dag.py
[2024-09-09T21:04:59.841-0300] {processor.py:914} INFO - Processing file /mnt/c/Users/teu20/Documents/Poli/Repo/eEDB011-20243/atividade 6 - WSL/airflow/airflow_env/lib/python3.10/site-packages/airflow/example_dags/example_nested_branch_dag.py for tasks to queue
[2024-09-09T21:04:59.843-0300] {logging_mixin.py:190} INFO - [2024-09-09T21:04:59.842-0300] {dagbag.py:587} INFO - Filling up the DagBag from /mnt/c/Users/teu20/Documents/Poli/Repo/eEDB011-20243/atividade 6 - WSL/airflow/airflow_env/lib/python3.10/site-packages/airflow/example_dags/example_nested_branch_dag.py
[2024-09-09T21:04:59.860-0300] {processor.py:925} INFO - DAG(s) 'example_nested_branch_dag' retrieved from /mnt/c/Users/teu20/Documents/Poli/Repo/eEDB011-20243/atividade 6 - WSL/airflow/airflow_env/lib/python3.10/site-packages/airflow/example_dags/example_nested_branch_dag.py
[2024-09-09T21:04:59.878-0300] {logging_mixin.py:190} INFO - [2024-09-09T21:04:59.877-0300] {dag.py:3229} INFO - Sync 1 DAGs
[2024-09-09T21:04:59.890-0300] {logging_mixin.py:190} INFO - [2024-09-09T21:04:59.889-0300] {dag.py:4156} INFO - Setting next_dagrun for example_nested_branch_dag to 2024-09-09 00:00:00+00:00, run_after=2024-09-10 00:00:00+00:00
[2024-09-09T21:04:59.904-0300] {processor.py:208} INFO - Processing /mnt/c/Users/teu20/Documents/Poli/Repo/eEDB011-20243/atividade 6 - WSL/airflow/airflow_env/lib/python3.10/site-packages/airflow/example_dags/example_nested_branch_dag.py took 0.072 seconds
[2024-09-09T21:05:30.282-0300] {processor.py:186} INFO - Started process (PID=267020) to work on /mnt/c/Users/teu20/Documents/Poli/Repo/eEDB011-20243/atividade 6 - WSL/airflow/airflow_env/lib/python3.10/site-packages/airflow/example_dags/example_nested_branch_dag.py
[2024-09-09T21:05:30.283-0300] {processor.py:914} INFO - Processing file /mnt/c/Users/teu20/Documents/Poli/Repo/eEDB011-20243/atividade 6 - WSL/airflow/airflow_env/lib/python3.10/site-packages/airflow/example_dags/example_nested_branch_dag.py for tasks to queue
[2024-09-09T21:05:30.285-0300] {logging_mixin.py:190} INFO - [2024-09-09T21:05:30.284-0300] {dagbag.py:587} INFO - Filling up the DagBag from /mnt/c/Users/teu20/Documents/Poli/Repo/eEDB011-20243/atividade 6 - WSL/airflow/airflow_env/lib/python3.10/site-packages/airflow/example_dags/example_nested_branch_dag.py
[2024-09-09T21:05:30.302-0300] {processor.py:925} INFO - DAG(s) 'example_nested_branch_dag' retrieved from /mnt/c/Users/teu20/Documents/Poli/Repo/eEDB011-20243/atividade 6 - WSL/airflow/airflow_env/lib/python3.10/site-packages/airflow/example_dags/example_nested_branch_dag.py
[2024-09-09T21:05:30.322-0300] {logging_mixin.py:190} INFO - [2024-09-09T21:05:30.322-0300] {dag.py:3229} INFO - Sync 1 DAGs
[2024-09-09T21:05:30.336-0300] {logging_mixin.py:190} INFO - [2024-09-09T21:05:30.335-0300] {dag.py:4156} INFO - Setting next_dagrun for example_nested_branch_dag to 2024-09-09 00:00:00+00:00, run_after=2024-09-10 00:00:00+00:00
[2024-09-09T21:05:30.354-0300] {processor.py:208} INFO - Processing /mnt/c/Users/teu20/Documents/Poli/Repo/eEDB011-20243/atividade 6 - WSL/airflow/airflow_env/lib/python3.10/site-packages/airflow/example_dags/example_nested_branch_dag.py took 0.080 seconds
[2024-09-09T21:06:00.737-0300] {processor.py:186} INFO - Started process (PID=267450) to work on /mnt/c/Users/teu20/Documents/Poli/Repo/eEDB011-20243/atividade 6 - WSL/airflow/airflow_env/lib/python3.10/site-packages/airflow/example_dags/example_nested_branch_dag.py
[2024-09-09T21:06:00.738-0300] {processor.py:914} INFO - Processing file /mnt/c/Users/teu20/Documents/Poli/Repo/eEDB011-20243/atividade 6 - WSL/airflow/airflow_env/lib/python3.10/site-packages/airflow/example_dags/example_nested_branch_dag.py for tasks to queue
[2024-09-09T21:06:00.739-0300] {logging_mixin.py:190} INFO - [2024-09-09T21:06:00.739-0300] {dagbag.py:587} INFO - Filling up the DagBag from /mnt/c/Users/teu20/Documents/Poli/Repo/eEDB011-20243/atividade 6 - WSL/airflow/airflow_env/lib/python3.10/site-packages/airflow/example_dags/example_nested_branch_dag.py
[2024-09-09T21:06:00.756-0300] {processor.py:925} INFO - DAG(s) 'example_nested_branch_dag' retrieved from /mnt/c/Users/teu20/Documents/Poli/Repo/eEDB011-20243/atividade 6 - WSL/airflow/airflow_env/lib/python3.10/site-packages/airflow/example_dags/example_nested_branch_dag.py
[2024-09-09T21:06:00.774-0300] {logging_mixin.py:190} INFO - [2024-09-09T21:06:00.773-0300] {dag.py:3229} INFO - Sync 1 DAGs
[2024-09-09T21:06:00.786-0300] {logging_mixin.py:190} INFO - [2024-09-09T21:06:00.786-0300] {dag.py:4156} INFO - Setting next_dagrun for example_nested_branch_dag to 2024-09-09 00:00:00+00:00, run_after=2024-09-10 00:00:00+00:00
[2024-09-09T21:06:00.801-0300] {processor.py:208} INFO - Processing /mnt/c/Users/teu20/Documents/Poli/Repo/eEDB011-20243/atividade 6 - WSL/airflow/airflow_env/lib/python3.10/site-packages/airflow/example_dags/example_nested_branch_dag.py took 0.071 seconds
[2024-09-09T21:06:31.205-0300] {processor.py:186} INFO - Started process (PID=267903) to work on /mnt/c/Users/teu20/Documents/Poli/Repo/eEDB011-20243/atividade 6 - WSL/airflow/airflow_env/lib/python3.10/site-packages/airflow/example_dags/example_nested_branch_dag.py
[2024-09-09T21:06:31.206-0300] {processor.py:914} INFO - Processing file /mnt/c/Users/teu20/Documents/Poli/Repo/eEDB011-20243/atividade 6 - WSL/airflow/airflow_env/lib/python3.10/site-packages/airflow/example_dags/example_nested_branch_dag.py for tasks to queue
[2024-09-09T21:06:31.208-0300] {logging_mixin.py:190} INFO - [2024-09-09T21:06:31.207-0300] {dagbag.py:587} INFO - Filling up the DagBag from /mnt/c/Users/teu20/Documents/Poli/Repo/eEDB011-20243/atividade 6 - WSL/airflow/airflow_env/lib/python3.10/site-packages/airflow/example_dags/example_nested_branch_dag.py
[2024-09-09T21:06:31.225-0300] {processor.py:925} INFO - DAG(s) 'example_nested_branch_dag' retrieved from /mnt/c/Users/teu20/Documents/Poli/Repo/eEDB011-20243/atividade 6 - WSL/airflow/airflow_env/lib/python3.10/site-packages/airflow/example_dags/example_nested_branch_dag.py
[2024-09-09T21:06:31.244-0300] {logging_mixin.py:190} INFO - [2024-09-09T21:06:31.243-0300] {dag.py:3229} INFO - Sync 1 DAGs
[2024-09-09T21:06:31.256-0300] {logging_mixin.py:190} INFO - [2024-09-09T21:06:31.256-0300] {dag.py:4156} INFO - Setting next_dagrun for example_nested_branch_dag to 2024-09-09 00:00:00+00:00, run_after=2024-09-10 00:00:00+00:00
[2024-09-09T21:06:31.272-0300] {processor.py:208} INFO - Processing /mnt/c/Users/teu20/Documents/Poli/Repo/eEDB011-20243/atividade 6 - WSL/airflow/airflow_env/lib/python3.10/site-packages/airflow/example_dags/example_nested_branch_dag.py took 0.074 seconds
[2024-09-09T21:07:01.696-0300] {processor.py:186} INFO - Started process (PID=268525) to work on /mnt/c/Users/teu20/Documents/Poli/Repo/eEDB011-20243/atividade 6 - WSL/airflow/airflow_env/lib/python3.10/site-packages/airflow/example_dags/example_nested_branch_dag.py
[2024-09-09T21:07:01.697-0300] {processor.py:914} INFO - Processing file /mnt/c/Users/teu20/Documents/Poli/Repo/eEDB011-20243/atividade 6 - WSL/airflow/airflow_env/lib/python3.10/site-packages/airflow/example_dags/example_nested_branch_dag.py for tasks to queue
[2024-09-09T21:07:01.699-0300] {logging_mixin.py:190} INFO - [2024-09-09T21:07:01.698-0300] {dagbag.py:587} INFO - Filling up the DagBag from /mnt/c/Users/teu20/Documents/Poli/Repo/eEDB011-20243/atividade 6 - WSL/airflow/airflow_env/lib/python3.10/site-packages/airflow/example_dags/example_nested_branch_dag.py
[2024-09-09T21:07:01.716-0300] {processor.py:925} INFO - DAG(s) 'example_nested_branch_dag' retrieved from /mnt/c/Users/teu20/Documents/Poli/Repo/eEDB011-20243/atividade 6 - WSL/airflow/airflow_env/lib/python3.10/site-packages/airflow/example_dags/example_nested_branch_dag.py
[2024-09-09T21:07:01.734-0300] {logging_mixin.py:190} INFO - [2024-09-09T21:07:01.734-0300] {dag.py:3229} INFO - Sync 1 DAGs
[2024-09-09T21:07:01.748-0300] {logging_mixin.py:190} INFO - [2024-09-09T21:07:01.747-0300] {dag.py:4156} INFO - Setting next_dagrun for example_nested_branch_dag to 2024-09-09 00:00:00+00:00, run_after=2024-09-10 00:00:00+00:00
[2024-09-09T21:07:01.764-0300] {processor.py:208} INFO - Processing /mnt/c/Users/teu20/Documents/Poli/Repo/eEDB011-20243/atividade 6 - WSL/airflow/airflow_env/lib/python3.10/site-packages/airflow/example_dags/example_nested_branch_dag.py took 0.076 seconds
[2024-09-09T21:07:32.065-0300] {processor.py:186} INFO - Started process (PID=269195) to work on /mnt/c/Users/teu20/Documents/Poli/Repo/eEDB011-20243/atividade 6 - WSL/airflow/airflow_env/lib/python3.10/site-packages/airflow/example_dags/example_nested_branch_dag.py
[2024-09-09T21:07:32.066-0300] {processor.py:914} INFO - Processing file /mnt/c/Users/teu20/Documents/Poli/Repo/eEDB011-20243/atividade 6 - WSL/airflow/airflow_env/lib/python3.10/site-packages/airflow/example_dags/example_nested_branch_dag.py for tasks to queue
[2024-09-09T21:07:32.068-0300] {logging_mixin.py:190} INFO - [2024-09-09T21:07:32.067-0300] {dagbag.py:587} INFO - Filling up the DagBag from /mnt/c/Users/teu20/Documents/Poli/Repo/eEDB011-20243/atividade 6 - WSL/airflow/airflow_env/lib/python3.10/site-packages/airflow/example_dags/example_nested_branch_dag.py
[2024-09-09T21:07:32.085-0300] {processor.py:925} INFO - DAG(s) 'example_nested_branch_dag' retrieved from /mnt/c/Users/teu20/Documents/Poli/Repo/eEDB011-20243/atividade 6 - WSL/airflow/airflow_env/lib/python3.10/site-packages/airflow/example_dags/example_nested_branch_dag.py
[2024-09-09T21:07:32.105-0300] {logging_mixin.py:190} INFO - [2024-09-09T21:07:32.104-0300] {dag.py:3229} INFO - Sync 1 DAGs
[2024-09-09T21:07:32.121-0300] {logging_mixin.py:190} INFO - [2024-09-09T21:07:32.120-0300] {dag.py:4156} INFO - Setting next_dagrun for example_nested_branch_dag to 2024-09-09 00:00:00+00:00, run_after=2024-09-10 00:00:00+00:00
[2024-09-09T21:07:32.137-0300] {processor.py:208} INFO - Processing /mnt/c/Users/teu20/Documents/Poli/Repo/eEDB011-20243/atividade 6 - WSL/airflow/airflow_env/lib/python3.10/site-packages/airflow/example_dags/example_nested_branch_dag.py took 0.080 seconds
[2024-09-09T21:08:02.587-0300] {processor.py:186} INFO - Started process (PID=269691) to work on /mnt/c/Users/teu20/Documents/Poli/Repo/eEDB011-20243/atividade 6 - WSL/airflow/airflow_env/lib/python3.10/site-packages/airflow/example_dags/example_nested_branch_dag.py
[2024-09-09T21:08:02.588-0300] {processor.py:914} INFO - Processing file /mnt/c/Users/teu20/Documents/Poli/Repo/eEDB011-20243/atividade 6 - WSL/airflow/airflow_env/lib/python3.10/site-packages/airflow/example_dags/example_nested_branch_dag.py for tasks to queue
[2024-09-09T21:08:02.590-0300] {logging_mixin.py:190} INFO - [2024-09-09T21:08:02.589-0300] {dagbag.py:587} INFO - Filling up the DagBag from /mnt/c/Users/teu20/Documents/Poli/Repo/eEDB011-20243/atividade 6 - WSL/airflow/airflow_env/lib/python3.10/site-packages/airflow/example_dags/example_nested_branch_dag.py
[2024-09-09T21:08:02.608-0300] {processor.py:925} INFO - DAG(s) 'example_nested_branch_dag' retrieved from /mnt/c/Users/teu20/Documents/Poli/Repo/eEDB011-20243/atividade 6 - WSL/airflow/airflow_env/lib/python3.10/site-packages/airflow/example_dags/example_nested_branch_dag.py
[2024-09-09T21:08:02.629-0300] {logging_mixin.py:190} INFO - [2024-09-09T21:08:02.628-0300] {dag.py:3229} INFO - Sync 1 DAGs
[2024-09-09T21:08:02.646-0300] {logging_mixin.py:190} INFO - [2024-09-09T21:08:02.645-0300] {dag.py:4156} INFO - Setting next_dagrun for example_nested_branch_dag to 2024-09-09 00:00:00+00:00, run_after=2024-09-10 00:00:00+00:00
[2024-09-09T21:08:02.665-0300] {processor.py:208} INFO - Processing /mnt/c/Users/teu20/Documents/Poli/Repo/eEDB011-20243/atividade 6 - WSL/airflow/airflow_env/lib/python3.10/site-packages/airflow/example_dags/example_nested_branch_dag.py took 0.085 seconds
