[2024-09-09T21:00:23.291-0300] {processor.py:186} INFO - Started process (PID=261492) to work on /mnt/c/Users/teu20/Documents/Poli/Repo/eEDB011-20243/atividade 6 - WSL/airflow/airflow_env/lib/python3.10/site-packages/airflow/example_dags/example_sensors.py
[2024-09-09T21:00:23.292-0300] {processor.py:914} INFO - Processing file /mnt/c/Users/teu20/Documents/Poli/Repo/eEDB011-20243/atividade 6 - WSL/airflow/airflow_env/lib/python3.10/site-packages/airflow/example_dags/example_sensors.py for tasks to queue
[2024-09-09T21:00:23.294-0300] {logging_mixin.py:190} INFO - [2024-09-09T21:00:23.293-0300] {dagbag.py:587} INFO - Filling up the DagBag from /mnt/c/Users/teu20/Documents/Poli/Repo/eEDB011-20243/atividade 6 - WSL/airflow/airflow_env/lib/python3.10/site-packages/airflow/example_dags/example_sensors.py
[2024-09-09T21:00:23.311-0300] {processor.py:925} INFO - DAG(s) 'example_sensors' retrieved from /mnt/c/Users/teu20/Documents/Poli/Repo/eEDB011-20243/atividade 6 - WSL/airflow/airflow_env/lib/python3.10/site-packages/airflow/example_dags/example_sensors.py
[2024-09-09T21:00:23.331-0300] {logging_mixin.py:190} INFO - [2024-09-09T21:00:23.331-0300] {dag.py:3229} INFO - Sync 1 DAGs
[2024-09-09T21:00:23.339-0300] {logging_mixin.py:190} INFO - [2024-09-09T21:00:23.338-0300] {dag.py:4156} INFO - Setting next_dagrun for example_sensors to None, run_after=None
[2024-09-09T21:00:23.353-0300] {processor.py:208} INFO - Processing /mnt/c/Users/teu20/Documents/Poli/Repo/eEDB011-20243/atividade 6 - WSL/airflow/airflow_env/lib/python3.10/site-packages/airflow/example_dags/example_sensors.py took 0.070 seconds
[2024-09-09T21:00:53.662-0300] {processor.py:186} INFO - Started process (PID=262196) to work on /mnt/c/Users/teu20/Documents/Poli/Repo/eEDB011-20243/atividade 6 - WSL/airflow/airflow_env/lib/python3.10/site-packages/airflow/example_dags/example_sensors.py
[2024-09-09T21:00:53.663-0300] {processor.py:914} INFO - Processing file /mnt/c/Users/teu20/Documents/Poli/Repo/eEDB011-20243/atividade 6 - WSL/airflow/airflow_env/lib/python3.10/site-packages/airflow/example_dags/example_sensors.py for tasks to queue
[2024-09-09T21:00:53.664-0300] {logging_mixin.py:190} INFO - [2024-09-09T21:00:53.664-0300] {dagbag.py:587} INFO - Filling up the DagBag from /mnt/c/Users/teu20/Documents/Poli/Repo/eEDB011-20243/atividade 6 - WSL/airflow/airflow_env/lib/python3.10/site-packages/airflow/example_dags/example_sensors.py
[2024-09-09T21:00:53.679-0300] {processor.py:925} INFO - DAG(s) 'example_sensors' retrieved from /mnt/c/Users/teu20/Documents/Poli/Repo/eEDB011-20243/atividade 6 - WSL/airflow/airflow_env/lib/python3.10/site-packages/airflow/example_dags/example_sensors.py
[2024-09-09T21:00:53.700-0300] {logging_mixin.py:190} INFO - [2024-09-09T21:00:53.699-0300] {dag.py:3229} INFO - Sync 1 DAGs
[2024-09-09T21:00:53.709-0300] {logging_mixin.py:190} INFO - [2024-09-09T21:00:53.708-0300] {dag.py:4156} INFO - Setting next_dagrun for example_sensors to None, run_after=None
[2024-09-09T21:00:53.723-0300] {processor.py:208} INFO - Processing /mnt/c/Users/teu20/Documents/Poli/Repo/eEDB011-20243/atividade 6 - WSL/airflow/airflow_env/lib/python3.10/site-packages/airflow/example_dags/example_sensors.py took 0.068 seconds
[2024-09-09T21:01:24.099-0300] {processor.py:186} INFO - Started process (PID=262628) to work on /mnt/c/Users/teu20/Documents/Poli/Repo/eEDB011-20243/atividade 6 - WSL/airflow/airflow_env/lib/python3.10/site-packages/airflow/example_dags/example_sensors.py
[2024-09-09T21:01:24.100-0300] {processor.py:914} INFO - Processing file /mnt/c/Users/teu20/Documents/Poli/Repo/eEDB011-20243/atividade 6 - WSL/airflow/airflow_env/lib/python3.10/site-packages/airflow/example_dags/example_sensors.py for tasks to queue
[2024-09-09T21:01:24.102-0300] {logging_mixin.py:190} INFO - [2024-09-09T21:01:24.101-0300] {dagbag.py:587} INFO - Filling up the DagBag from /mnt/c/Users/teu20/Documents/Poli/Repo/eEDB011-20243/atividade 6 - WSL/airflow/airflow_env/lib/python3.10/site-packages/airflow/example_dags/example_sensors.py
[2024-09-09T21:01:24.117-0300] {processor.py:925} INFO - DAG(s) 'example_sensors' retrieved from /mnt/c/Users/teu20/Documents/Poli/Repo/eEDB011-20243/atividade 6 - WSL/airflow/airflow_env/lib/python3.10/site-packages/airflow/example_dags/example_sensors.py
[2024-09-09T21:01:24.139-0300] {logging_mixin.py:190} INFO - [2024-09-09T21:01:24.138-0300] {dag.py:3229} INFO - Sync 1 DAGs
[2024-09-09T21:01:24.148-0300] {logging_mixin.py:190} INFO - [2024-09-09T21:01:24.148-0300] {dag.py:4156} INFO - Setting next_dagrun for example_sensors to None, run_after=None
[2024-09-09T21:01:24.164-0300] {processor.py:208} INFO - Processing /mnt/c/Users/teu20/Documents/Poli/Repo/eEDB011-20243/atividade 6 - WSL/airflow/airflow_env/lib/python3.10/site-packages/airflow/example_dags/example_sensors.py took 0.073 seconds
[2024-09-09T21:01:55.021-0300] {processor.py:186} INFO - Started process (PID=263062) to work on /mnt/c/Users/teu20/Documents/Poli/Repo/eEDB011-20243/atividade 6 - WSL/airflow/airflow_env/lib/python3.10/site-packages/airflow/example_dags/example_sensors.py
[2024-09-09T21:01:55.022-0300] {processor.py:914} INFO - Processing file /mnt/c/Users/teu20/Documents/Poli/Repo/eEDB011-20243/atividade 6 - WSL/airflow/airflow_env/lib/python3.10/site-packages/airflow/example_dags/example_sensors.py for tasks to queue
[2024-09-09T21:01:55.024-0300] {logging_mixin.py:190} INFO - [2024-09-09T21:01:55.024-0300] {dagbag.py:587} INFO - Filling up the DagBag from /mnt/c/Users/teu20/Documents/Poli/Repo/eEDB011-20243/atividade 6 - WSL/airflow/airflow_env/lib/python3.10/site-packages/airflow/example_dags/example_sensors.py
[2024-09-09T21:01:55.038-0300] {processor.py:925} INFO - DAG(s) 'example_sensors' retrieved from /mnt/c/Users/teu20/Documents/Poli/Repo/eEDB011-20243/atividade 6 - WSL/airflow/airflow_env/lib/python3.10/site-packages/airflow/example_dags/example_sensors.py
[2024-09-09T21:01:55.058-0300] {logging_mixin.py:190} INFO - [2024-09-09T21:01:55.057-0300] {dag.py:3229} INFO - Sync 1 DAGs
[2024-09-09T21:01:55.066-0300] {logging_mixin.py:190} INFO - [2024-09-09T21:01:55.065-0300] {dag.py:4156} INFO - Setting next_dagrun for example_sensors to None, run_after=None
[2024-09-09T21:01:55.080-0300] {processor.py:208} INFO - Processing /mnt/c/Users/teu20/Documents/Poli/Repo/eEDB011-20243/atividade 6 - WSL/airflow/airflow_env/lib/python3.10/site-packages/airflow/example_dags/example_sensors.py took 0.066 seconds
[2024-09-09T21:02:25.567-0300] {processor.py:186} INFO - Started process (PID=263495) to work on /mnt/c/Users/teu20/Documents/Poli/Repo/eEDB011-20243/atividade 6 - WSL/airflow/airflow_env/lib/python3.10/site-packages/airflow/example_dags/example_sensors.py
[2024-09-09T21:02:25.568-0300] {processor.py:914} INFO - Processing file /mnt/c/Users/teu20/Documents/Poli/Repo/eEDB011-20243/atividade 6 - WSL/airflow/airflow_env/lib/python3.10/site-packages/airflow/example_dags/example_sensors.py for tasks to queue
[2024-09-09T21:02:25.570-0300] {logging_mixin.py:190} INFO - [2024-09-09T21:02:25.569-0300] {dagbag.py:587} INFO - Filling up the DagBag from /mnt/c/Users/teu20/Documents/Poli/Repo/eEDB011-20243/atividade 6 - WSL/airflow/airflow_env/lib/python3.10/site-packages/airflow/example_dags/example_sensors.py
[2024-09-09T21:02:25.586-0300] {processor.py:925} INFO - DAG(s) 'example_sensors' retrieved from /mnt/c/Users/teu20/Documents/Poli/Repo/eEDB011-20243/atividade 6 - WSL/airflow/airflow_env/lib/python3.10/site-packages/airflow/example_dags/example_sensors.py
[2024-09-09T21:02:25.607-0300] {logging_mixin.py:190} INFO - [2024-09-09T21:02:25.607-0300] {dag.py:3229} INFO - Sync 1 DAGs
[2024-09-09T21:02:25.615-0300] {logging_mixin.py:190} INFO - [2024-09-09T21:02:25.614-0300] {dag.py:4156} INFO - Setting next_dagrun for example_sensors to None, run_after=None
[2024-09-09T21:02:25.629-0300] {processor.py:208} INFO - Processing /mnt/c/Users/teu20/Documents/Poli/Repo/eEDB011-20243/atividade 6 - WSL/airflow/airflow_env/lib/python3.10/site-packages/airflow/example_dags/example_sensors.py took 0.070 seconds
[2024-09-09T21:02:56.106-0300] {processor.py:186} INFO - Started process (PID=263925) to work on /mnt/c/Users/teu20/Documents/Poli/Repo/eEDB011-20243/atividade 6 - WSL/airflow/airflow_env/lib/python3.10/site-packages/airflow/example_dags/example_sensors.py
[2024-09-09T21:02:56.107-0300] {processor.py:914} INFO - Processing file /mnt/c/Users/teu20/Documents/Poli/Repo/eEDB011-20243/atividade 6 - WSL/airflow/airflow_env/lib/python3.10/site-packages/airflow/example_dags/example_sensors.py for tasks to queue
[2024-09-09T21:02:56.109-0300] {logging_mixin.py:190} INFO - [2024-09-09T21:02:56.108-0300] {dagbag.py:587} INFO - Filling up the DagBag from /mnt/c/Users/teu20/Documents/Poli/Repo/eEDB011-20243/atividade 6 - WSL/airflow/airflow_env/lib/python3.10/site-packages/airflow/example_dags/example_sensors.py
[2024-09-09T21:02:56.124-0300] {processor.py:925} INFO - DAG(s) 'example_sensors' retrieved from /mnt/c/Users/teu20/Documents/Poli/Repo/eEDB011-20243/atividade 6 - WSL/airflow/airflow_env/lib/python3.10/site-packages/airflow/example_dags/example_sensors.py
[2024-09-09T21:02:56.144-0300] {logging_mixin.py:190} INFO - [2024-09-09T21:02:56.143-0300] {dag.py:3229} INFO - Sync 1 DAGs
[2024-09-09T21:02:56.152-0300] {logging_mixin.py:190} INFO - [2024-09-09T21:02:56.151-0300] {dag.py:4156} INFO - Setting next_dagrun for example_sensors to None, run_after=None
[2024-09-09T21:02:56.166-0300] {processor.py:208} INFO - Processing /mnt/c/Users/teu20/Documents/Poli/Repo/eEDB011-20243/atividade 6 - WSL/airflow/airflow_env/lib/python3.10/site-packages/airflow/example_dags/example_sensors.py took 0.067 seconds
[2024-09-09T21:03:26.703-0300] {processor.py:186} INFO - Started process (PID=264358) to work on /mnt/c/Users/teu20/Documents/Poli/Repo/eEDB011-20243/atividade 6 - WSL/airflow/airflow_env/lib/python3.10/site-packages/airflow/example_dags/example_sensors.py
[2024-09-09T21:03:26.705-0300] {processor.py:914} INFO - Processing file /mnt/c/Users/teu20/Documents/Poli/Repo/eEDB011-20243/atividade 6 - WSL/airflow/airflow_env/lib/python3.10/site-packages/airflow/example_dags/example_sensors.py for tasks to queue
[2024-09-09T21:03:26.706-0300] {logging_mixin.py:190} INFO - [2024-09-09T21:03:26.706-0300] {dagbag.py:587} INFO - Filling up the DagBag from /mnt/c/Users/teu20/Documents/Poli/Repo/eEDB011-20243/atividade 6 - WSL/airflow/airflow_env/lib/python3.10/site-packages/airflow/example_dags/example_sensors.py
[2024-09-09T21:03:26.724-0300] {processor.py:925} INFO - DAG(s) 'example_sensors' retrieved from /mnt/c/Users/teu20/Documents/Poli/Repo/eEDB011-20243/atividade 6 - WSL/airflow/airflow_env/lib/python3.10/site-packages/airflow/example_dags/example_sensors.py
[2024-09-09T21:03:26.747-0300] {logging_mixin.py:190} INFO - [2024-09-09T21:03:26.746-0300] {dag.py:3229} INFO - Sync 1 DAGs
[2024-09-09T21:03:26.756-0300] {logging_mixin.py:190} INFO - [2024-09-09T21:03:26.755-0300] {dag.py:4156} INFO - Setting next_dagrun for example_sensors to None, run_after=None
[2024-09-09T21:03:26.770-0300] {processor.py:208} INFO - Processing /mnt/c/Users/teu20/Documents/Poli/Repo/eEDB011-20243/atividade 6 - WSL/airflow/airflow_env/lib/python3.10/site-packages/airflow/example_dags/example_sensors.py took 0.075 seconds
[2024-09-09T21:03:57.191-0300] {processor.py:186} INFO - Started process (PID=264794) to work on /mnt/c/Users/teu20/Documents/Poli/Repo/eEDB011-20243/atividade 6 - WSL/airflow/airflow_env/lib/python3.10/site-packages/airflow/example_dags/example_sensors.py
[2024-09-09T21:03:57.192-0300] {processor.py:914} INFO - Processing file /mnt/c/Users/teu20/Documents/Poli/Repo/eEDB011-20243/atividade 6 - WSL/airflow/airflow_env/lib/python3.10/site-packages/airflow/example_dags/example_sensors.py for tasks to queue
[2024-09-09T21:03:57.194-0300] {logging_mixin.py:190} INFO - [2024-09-09T21:03:57.193-0300] {dagbag.py:587} INFO - Filling up the DagBag from /mnt/c/Users/teu20/Documents/Poli/Repo/eEDB011-20243/atividade 6 - WSL/airflow/airflow_env/lib/python3.10/site-packages/airflow/example_dags/example_sensors.py
[2024-09-09T21:03:57.210-0300] {processor.py:925} INFO - DAG(s) 'example_sensors' retrieved from /mnt/c/Users/teu20/Documents/Poli/Repo/eEDB011-20243/atividade 6 - WSL/airflow/airflow_env/lib/python3.10/site-packages/airflow/example_dags/example_sensors.py
[2024-09-09T21:03:57.234-0300] {logging_mixin.py:190} INFO - [2024-09-09T21:03:57.233-0300] {dag.py:3229} INFO - Sync 1 DAGs
[2024-09-09T21:03:57.243-0300] {logging_mixin.py:190} INFO - [2024-09-09T21:03:57.242-0300] {dag.py:4156} INFO - Setting next_dagrun for example_sensors to None, run_after=None
[2024-09-09T21:03:57.260-0300] {processor.py:208} INFO - Processing /mnt/c/Users/teu20/Documents/Poli/Repo/eEDB011-20243/atividade 6 - WSL/airflow/airflow_env/lib/python3.10/site-packages/airflow/example_dags/example_sensors.py took 0.077 seconds
[2024-09-09T21:04:27.749-0300] {processor.py:186} INFO - Started process (PID=265232) to work on /mnt/c/Users/teu20/Documents/Poli/Repo/eEDB011-20243/atividade 6 - WSL/airflow/airflow_env/lib/python3.10/site-packages/airflow/example_dags/example_sensors.py
[2024-09-09T21:04:27.750-0300] {processor.py:914} INFO - Processing file /mnt/c/Users/teu20/Documents/Poli/Repo/eEDB011-20243/atividade 6 - WSL/airflow/airflow_env/lib/python3.10/site-packages/airflow/example_dags/example_sensors.py for tasks to queue
[2024-09-09T21:04:27.752-0300] {logging_mixin.py:190} INFO - [2024-09-09T21:04:27.752-0300] {dagbag.py:587} INFO - Filling up the DagBag from /mnt/c/Users/teu20/Documents/Poli/Repo/eEDB011-20243/atividade 6 - WSL/airflow/airflow_env/lib/python3.10/site-packages/airflow/example_dags/example_sensors.py
[2024-09-09T21:04:27.768-0300] {processor.py:925} INFO - DAG(s) 'example_sensors' retrieved from /mnt/c/Users/teu20/Documents/Poli/Repo/eEDB011-20243/atividade 6 - WSL/airflow/airflow_env/lib/python3.10/site-packages/airflow/example_dags/example_sensors.py
[2024-09-09T21:04:27.789-0300] {logging_mixin.py:190} INFO - [2024-09-09T21:04:27.789-0300] {dag.py:3229} INFO - Sync 1 DAGs
[2024-09-09T21:04:27.798-0300] {logging_mixin.py:190} INFO - [2024-09-09T21:04:27.798-0300] {dag.py:4156} INFO - Setting next_dagrun for example_sensors to None, run_after=None
[2024-09-09T21:04:27.813-0300] {processor.py:208} INFO - Processing /mnt/c/Users/teu20/Documents/Poli/Repo/eEDB011-20243/atividade 6 - WSL/airflow/airflow_env/lib/python3.10/site-packages/airflow/example_dags/example_sensors.py took 0.072 seconds
[2024-09-09T21:04:58.239-0300] {processor.py:186} INFO - Started process (PID=266383) to work on /mnt/c/Users/teu20/Documents/Poli/Repo/eEDB011-20243/atividade 6 - WSL/airflow/airflow_env/lib/python3.10/site-packages/airflow/example_dags/example_sensors.py
[2024-09-09T21:04:58.240-0300] {processor.py:914} INFO - Processing file /mnt/c/Users/teu20/Documents/Poli/Repo/eEDB011-20243/atividade 6 - WSL/airflow/airflow_env/lib/python3.10/site-packages/airflow/example_dags/example_sensors.py for tasks to queue
[2024-09-09T21:04:58.242-0300] {logging_mixin.py:190} INFO - [2024-09-09T21:04:58.242-0300] {dagbag.py:587} INFO - Filling up the DagBag from /mnt/c/Users/teu20/Documents/Poli/Repo/eEDB011-20243/atividade 6 - WSL/airflow/airflow_env/lib/python3.10/site-packages/airflow/example_dags/example_sensors.py
[2024-09-09T21:04:58.257-0300] {processor.py:925} INFO - DAG(s) 'example_sensors' retrieved from /mnt/c/Users/teu20/Documents/Poli/Repo/eEDB011-20243/atividade 6 - WSL/airflow/airflow_env/lib/python3.10/site-packages/airflow/example_dags/example_sensors.py
[2024-09-09T21:04:58.277-0300] {logging_mixin.py:190} INFO - [2024-09-09T21:04:58.277-0300] {dag.py:3229} INFO - Sync 1 DAGs
[2024-09-09T21:04:58.285-0300] {logging_mixin.py:190} INFO - [2024-09-09T21:04:58.285-0300] {dag.py:4156} INFO - Setting next_dagrun for example_sensors to None, run_after=None
[2024-09-09T21:04:58.299-0300] {processor.py:208} INFO - Processing /mnt/c/Users/teu20/Documents/Poli/Repo/eEDB011-20243/atividade 6 - WSL/airflow/airflow_env/lib/python3.10/site-packages/airflow/example_dags/example_sensors.py took 0.068 seconds
[2024-09-09T21:05:28.662-0300] {processor.py:186} INFO - Started process (PID=266975) to work on /mnt/c/Users/teu20/Documents/Poli/Repo/eEDB011-20243/atividade 6 - WSL/airflow/airflow_env/lib/python3.10/site-packages/airflow/example_dags/example_sensors.py
[2024-09-09T21:05:28.663-0300] {processor.py:914} INFO - Processing file /mnt/c/Users/teu20/Documents/Poli/Repo/eEDB011-20243/atividade 6 - WSL/airflow/airflow_env/lib/python3.10/site-packages/airflow/example_dags/example_sensors.py for tasks to queue
[2024-09-09T21:05:28.665-0300] {logging_mixin.py:190} INFO - [2024-09-09T21:05:28.664-0300] {dagbag.py:587} INFO - Filling up the DagBag from /mnt/c/Users/teu20/Documents/Poli/Repo/eEDB011-20243/atividade 6 - WSL/airflow/airflow_env/lib/python3.10/site-packages/airflow/example_dags/example_sensors.py
[2024-09-09T21:05:28.680-0300] {processor.py:925} INFO - DAG(s) 'example_sensors' retrieved from /mnt/c/Users/teu20/Documents/Poli/Repo/eEDB011-20243/atividade 6 - WSL/airflow/airflow_env/lib/python3.10/site-packages/airflow/example_dags/example_sensors.py
[2024-09-09T21:05:28.702-0300] {logging_mixin.py:190} INFO - [2024-09-09T21:05:28.701-0300] {dag.py:3229} INFO - Sync 1 DAGs
[2024-09-09T21:05:28.710-0300] {logging_mixin.py:190} INFO - [2024-09-09T21:05:28.709-0300] {dag.py:4156} INFO - Setting next_dagrun for example_sensors to None, run_after=None
[2024-09-09T21:05:28.724-0300] {processor.py:208} INFO - Processing /mnt/c/Users/teu20/Documents/Poli/Repo/eEDB011-20243/atividade 6 - WSL/airflow/airflow_env/lib/python3.10/site-packages/airflow/example_dags/example_sensors.py took 0.070 seconds
[2024-09-09T21:05:58.976-0300] {processor.py:186} INFO - Started process (PID=267405) to work on /mnt/c/Users/teu20/Documents/Poli/Repo/eEDB011-20243/atividade 6 - WSL/airflow/airflow_env/lib/python3.10/site-packages/airflow/example_dags/example_sensors.py
[2024-09-09T21:05:58.977-0300] {processor.py:914} INFO - Processing file /mnt/c/Users/teu20/Documents/Poli/Repo/eEDB011-20243/atividade 6 - WSL/airflow/airflow_env/lib/python3.10/site-packages/airflow/example_dags/example_sensors.py for tasks to queue
[2024-09-09T21:05:58.979-0300] {logging_mixin.py:190} INFO - [2024-09-09T21:05:58.978-0300] {dagbag.py:587} INFO - Filling up the DagBag from /mnt/c/Users/teu20/Documents/Poli/Repo/eEDB011-20243/atividade 6 - WSL/airflow/airflow_env/lib/python3.10/site-packages/airflow/example_dags/example_sensors.py
[2024-09-09T21:05:58.994-0300] {processor.py:925} INFO - DAG(s) 'example_sensors' retrieved from /mnt/c/Users/teu20/Documents/Poli/Repo/eEDB011-20243/atividade 6 - WSL/airflow/airflow_env/lib/python3.10/site-packages/airflow/example_dags/example_sensors.py
[2024-09-09T21:05:59.016-0300] {logging_mixin.py:190} INFO - [2024-09-09T21:05:59.015-0300] {dag.py:3229} INFO - Sync 1 DAGs
[2024-09-09T21:05:59.024-0300] {logging_mixin.py:190} INFO - [2024-09-09T21:05:59.024-0300] {dag.py:4156} INFO - Setting next_dagrun for example_sensors to None, run_after=None
[2024-09-09T21:05:59.041-0300] {processor.py:208} INFO - Processing /mnt/c/Users/teu20/Documents/Poli/Repo/eEDB011-20243/atividade 6 - WSL/airflow/airflow_env/lib/python3.10/site-packages/airflow/example_dags/example_sensors.py took 0.072 seconds
[2024-09-09T21:06:29.584-0300] {processor.py:186} INFO - Started process (PID=267859) to work on /mnt/c/Users/teu20/Documents/Poli/Repo/eEDB011-20243/atividade 6 - WSL/airflow/airflow_env/lib/python3.10/site-packages/airflow/example_dags/example_sensors.py
[2024-09-09T21:06:29.585-0300] {processor.py:914} INFO - Processing file /mnt/c/Users/teu20/Documents/Poli/Repo/eEDB011-20243/atividade 6 - WSL/airflow/airflow_env/lib/python3.10/site-packages/airflow/example_dags/example_sensors.py for tasks to queue
[2024-09-09T21:06:29.586-0300] {logging_mixin.py:190} INFO - [2024-09-09T21:06:29.586-0300] {dagbag.py:587} INFO - Filling up the DagBag from /mnt/c/Users/teu20/Documents/Poli/Repo/eEDB011-20243/atividade 6 - WSL/airflow/airflow_env/lib/python3.10/site-packages/airflow/example_dags/example_sensors.py
[2024-09-09T21:06:29.601-0300] {processor.py:925} INFO - DAG(s) 'example_sensors' retrieved from /mnt/c/Users/teu20/Documents/Poli/Repo/eEDB011-20243/atividade 6 - WSL/airflow/airflow_env/lib/python3.10/site-packages/airflow/example_dags/example_sensors.py
[2024-09-09T21:06:29.622-0300] {logging_mixin.py:190} INFO - [2024-09-09T21:06:29.622-0300] {dag.py:3229} INFO - Sync 1 DAGs
[2024-09-09T21:06:29.632-0300] {logging_mixin.py:190} INFO - [2024-09-09T21:06:29.631-0300] {dag.py:4156} INFO - Setting next_dagrun for example_sensors to None, run_after=None
[2024-09-09T21:06:29.648-0300] {processor.py:208} INFO - Processing /mnt/c/Users/teu20/Documents/Poli/Repo/eEDB011-20243/atividade 6 - WSL/airflow/airflow_env/lib/python3.10/site-packages/airflow/example_dags/example_sensors.py took 0.072 seconds
[2024-09-09T21:07:00.092-0300] {processor.py:186} INFO - Started process (PID=268480) to work on /mnt/c/Users/teu20/Documents/Poli/Repo/eEDB011-20243/atividade 6 - WSL/airflow/airflow_env/lib/python3.10/site-packages/airflow/example_dags/example_sensors.py
[2024-09-09T21:07:00.093-0300] {processor.py:914} INFO - Processing file /mnt/c/Users/teu20/Documents/Poli/Repo/eEDB011-20243/atividade 6 - WSL/airflow/airflow_env/lib/python3.10/site-packages/airflow/example_dags/example_sensors.py for tasks to queue
[2024-09-09T21:07:00.095-0300] {logging_mixin.py:190} INFO - [2024-09-09T21:07:00.094-0300] {dagbag.py:587} INFO - Filling up the DagBag from /mnt/c/Users/teu20/Documents/Poli/Repo/eEDB011-20243/atividade 6 - WSL/airflow/airflow_env/lib/python3.10/site-packages/airflow/example_dags/example_sensors.py
[2024-09-09T21:07:00.110-0300] {processor.py:925} INFO - DAG(s) 'example_sensors' retrieved from /mnt/c/Users/teu20/Documents/Poli/Repo/eEDB011-20243/atividade 6 - WSL/airflow/airflow_env/lib/python3.10/site-packages/airflow/example_dags/example_sensors.py
[2024-09-09T21:07:00.131-0300] {logging_mixin.py:190} INFO - [2024-09-09T21:07:00.130-0300] {dag.py:3229} INFO - Sync 1 DAGs
[2024-09-09T21:07:00.139-0300] {logging_mixin.py:190} INFO - [2024-09-09T21:07:00.138-0300] {dag.py:4156} INFO - Setting next_dagrun for example_sensors to None, run_after=None
[2024-09-09T21:07:00.155-0300] {processor.py:208} INFO - Processing /mnt/c/Users/teu20/Documents/Poli/Repo/eEDB011-20243/atividade 6 - WSL/airflow/airflow_env/lib/python3.10/site-packages/airflow/example_dags/example_sensors.py took 0.071 seconds
[2024-09-09T21:07:30.518-0300] {processor.py:186} INFO - Started process (PID=269150) to work on /mnt/c/Users/teu20/Documents/Poli/Repo/eEDB011-20243/atividade 6 - WSL/airflow/airflow_env/lib/python3.10/site-packages/airflow/example_dags/example_sensors.py
[2024-09-09T21:07:30.519-0300] {processor.py:914} INFO - Processing file /mnt/c/Users/teu20/Documents/Poli/Repo/eEDB011-20243/atividade 6 - WSL/airflow/airflow_env/lib/python3.10/site-packages/airflow/example_dags/example_sensors.py for tasks to queue
[2024-09-09T21:07:30.521-0300] {logging_mixin.py:190} INFO - [2024-09-09T21:07:30.520-0300] {dagbag.py:587} INFO - Filling up the DagBag from /mnt/c/Users/teu20/Documents/Poli/Repo/eEDB011-20243/atividade 6 - WSL/airflow/airflow_env/lib/python3.10/site-packages/airflow/example_dags/example_sensors.py
[2024-09-09T21:07:30.538-0300] {processor.py:925} INFO - DAG(s) 'example_sensors' retrieved from /mnt/c/Users/teu20/Documents/Poli/Repo/eEDB011-20243/atividade 6 - WSL/airflow/airflow_env/lib/python3.10/site-packages/airflow/example_dags/example_sensors.py
[2024-09-09T21:07:30.560-0300] {logging_mixin.py:190} INFO - [2024-09-09T21:07:30.559-0300] {dag.py:3229} INFO - Sync 1 DAGs
[2024-09-09T21:07:30.569-0300] {logging_mixin.py:190} INFO - [2024-09-09T21:07:30.568-0300] {dag.py:4156} INFO - Setting next_dagrun for example_sensors to None, run_after=None
[2024-09-09T21:07:30.585-0300] {processor.py:208} INFO - Processing /mnt/c/Users/teu20/Documents/Poli/Repo/eEDB011-20243/atividade 6 - WSL/airflow/airflow_env/lib/python3.10/site-packages/airflow/example_dags/example_sensors.py took 0.075 seconds
[2024-09-09T21:08:00.875-0300] {processor.py:186} INFO - Started process (PID=269644) to work on /mnt/c/Users/teu20/Documents/Poli/Repo/eEDB011-20243/atividade 6 - WSL/airflow/airflow_env/lib/python3.10/site-packages/airflow/example_dags/example_sensors.py
[2024-09-09T21:08:00.876-0300] {processor.py:914} INFO - Processing file /mnt/c/Users/teu20/Documents/Poli/Repo/eEDB011-20243/atividade 6 - WSL/airflow/airflow_env/lib/python3.10/site-packages/airflow/example_dags/example_sensors.py for tasks to queue
[2024-09-09T21:08:00.878-0300] {logging_mixin.py:190} INFO - [2024-09-09T21:08:00.877-0300] {dagbag.py:587} INFO - Filling up the DagBag from /mnt/c/Users/teu20/Documents/Poli/Repo/eEDB011-20243/atividade 6 - WSL/airflow/airflow_env/lib/python3.10/site-packages/airflow/example_dags/example_sensors.py
[2024-09-09T21:08:00.892-0300] {processor.py:925} INFO - DAG(s) 'example_sensors' retrieved from /mnt/c/Users/teu20/Documents/Poli/Repo/eEDB011-20243/atividade 6 - WSL/airflow/airflow_env/lib/python3.10/site-packages/airflow/example_dags/example_sensors.py
[2024-09-09T21:08:00.912-0300] {logging_mixin.py:190} INFO - [2024-09-09T21:08:00.912-0300] {dag.py:3229} INFO - Sync 1 DAGs
[2024-09-09T21:08:00.920-0300] {logging_mixin.py:190} INFO - [2024-09-09T21:08:00.920-0300] {dag.py:4156} INFO - Setting next_dagrun for example_sensors to None, run_after=None
[2024-09-09T21:08:00.936-0300] {processor.py:208} INFO - Processing /mnt/c/Users/teu20/Documents/Poli/Repo/eEDB011-20243/atividade 6 - WSL/airflow/airflow_env/lib/python3.10/site-packages/airflow/example_dags/example_sensors.py took 0.068 seconds
