[2024-09-09T21:00:25.481-0300] {processor.py:186} INFO - Started process (PID=261633) to work on /mnt/c/Users/teu20/Documents/Poli/Repo/eEDB011-20243/atividade 6 - WSL/airflow/airflow_env/lib/python3.10/site-packages/airflow/example_dags/example_branch_day_of_week_operator.py
[2024-09-09T21:00:25.483-0300] {processor.py:914} INFO - Processing file /mnt/c/Users/teu20/Documents/Poli/Repo/eEDB011-20243/atividade 6 - WSL/airflow/airflow_env/lib/python3.10/site-packages/airflow/example_dags/example_branch_day_of_week_operator.py for tasks to queue
[2024-09-09T21:00:25.485-0300] {logging_mixin.py:190} INFO - [2024-09-09T21:00:25.484-0300] {dagbag.py:587} INFO - Filling up the DagBag from /mnt/c/Users/teu20/Documents/Poli/Repo/eEDB011-20243/atividade 6 - WSL/airflow/airflow_env/lib/python3.10/site-packages/airflow/example_dags/example_branch_day_of_week_operator.py
[2024-09-09T21:00:25.502-0300] {processor.py:925} INFO - DAG(s) 'example_weekday_branch_operator' retrieved from /mnt/c/Users/teu20/Documents/Poli/Repo/eEDB011-20243/atividade 6 - WSL/airflow/airflow_env/lib/python3.10/site-packages/airflow/example_dags/example_branch_day_of_week_operator.py
[2024-09-09T21:00:25.521-0300] {logging_mixin.py:190} INFO - [2024-09-09T21:00:25.520-0300] {dag.py:3229} INFO - Sync 1 DAGs
[2024-09-09T21:00:25.533-0300] {logging_mixin.py:190} INFO - [2024-09-09T21:00:25.533-0300] {dag.py:4156} INFO - Setting next_dagrun for example_weekday_branch_operator to 2024-09-09 00:00:00+00:00, run_after=2024-09-10 00:00:00+00:00
[2024-09-09T21:00:25.548-0300] {processor.py:208} INFO - Processing /mnt/c/Users/teu20/Documents/Poli/Repo/eEDB011-20243/atividade 6 - WSL/airflow/airflow_env/lib/python3.10/site-packages/airflow/example_dags/example_branch_day_of_week_operator.py took 0.075 seconds
[2024-09-09T21:00:56.006-0300] {processor.py:186} INFO - Started process (PID=262340) to work on /mnt/c/Users/teu20/Documents/Poli/Repo/eEDB011-20243/atividade 6 - WSL/airflow/airflow_env/lib/python3.10/site-packages/airflow/example_dags/example_branch_day_of_week_operator.py
[2024-09-09T21:00:56.007-0300] {processor.py:914} INFO - Processing file /mnt/c/Users/teu20/Documents/Poli/Repo/eEDB011-20243/atividade 6 - WSL/airflow/airflow_env/lib/python3.10/site-packages/airflow/example_dags/example_branch_day_of_week_operator.py for tasks to queue
[2024-09-09T21:00:56.009-0300] {logging_mixin.py:190} INFO - [2024-09-09T21:00:56.008-0300] {dagbag.py:587} INFO - Filling up the DagBag from /mnt/c/Users/teu20/Documents/Poli/Repo/eEDB011-20243/atividade 6 - WSL/airflow/airflow_env/lib/python3.10/site-packages/airflow/example_dags/example_branch_day_of_week_operator.py
[2024-09-09T21:00:56.025-0300] {processor.py:925} INFO - DAG(s) 'example_weekday_branch_operator' retrieved from /mnt/c/Users/teu20/Documents/Poli/Repo/eEDB011-20243/atividade 6 - WSL/airflow/airflow_env/lib/python3.10/site-packages/airflow/example_dags/example_branch_day_of_week_operator.py
[2024-09-09T21:00:56.044-0300] {logging_mixin.py:190} INFO - [2024-09-09T21:00:56.043-0300] {dag.py:3229} INFO - Sync 1 DAGs
[2024-09-09T21:00:56.056-0300] {logging_mixin.py:190} INFO - [2024-09-09T21:00:56.055-0300] {dag.py:4156} INFO - Setting next_dagrun for example_weekday_branch_operator to 2024-09-09 00:00:00+00:00, run_after=2024-09-10 00:00:00+00:00
[2024-09-09T21:00:56.070-0300] {processor.py:208} INFO - Processing /mnt/c/Users/teu20/Documents/Poli/Repo/eEDB011-20243/atividade 6 - WSL/airflow/airflow_env/lib/python3.10/site-packages/airflow/example_dags/example_branch_day_of_week_operator.py took 0.072 seconds
[2024-09-09T21:01:27.002-0300] {processor.py:186} INFO - Started process (PID=262775) to work on /mnt/c/Users/teu20/Documents/Poli/Repo/eEDB011-20243/atividade 6 - WSL/airflow/airflow_env/lib/python3.10/site-packages/airflow/example_dags/example_branch_day_of_week_operator.py
[2024-09-09T21:01:27.003-0300] {processor.py:914} INFO - Processing file /mnt/c/Users/teu20/Documents/Poli/Repo/eEDB011-20243/atividade 6 - WSL/airflow/airflow_env/lib/python3.10/site-packages/airflow/example_dags/example_branch_day_of_week_operator.py for tasks to queue
[2024-09-09T21:01:27.005-0300] {logging_mixin.py:190} INFO - [2024-09-09T21:01:27.004-0300] {dagbag.py:587} INFO - Filling up the DagBag from /mnt/c/Users/teu20/Documents/Poli/Repo/eEDB011-20243/atividade 6 - WSL/airflow/airflow_env/lib/python3.10/site-packages/airflow/example_dags/example_branch_day_of_week_operator.py
[2024-09-09T21:01:27.022-0300] {processor.py:925} INFO - DAG(s) 'example_weekday_branch_operator' retrieved from /mnt/c/Users/teu20/Documents/Poli/Repo/eEDB011-20243/atividade 6 - WSL/airflow/airflow_env/lib/python3.10/site-packages/airflow/example_dags/example_branch_day_of_week_operator.py
[2024-09-09T21:01:27.041-0300] {logging_mixin.py:190} INFO - [2024-09-09T21:01:27.040-0300] {dag.py:3229} INFO - Sync 1 DAGs
[2024-09-09T21:01:27.055-0300] {logging_mixin.py:190} INFO - [2024-09-09T21:01:27.054-0300] {dag.py:4156} INFO - Setting next_dagrun for example_weekday_branch_operator to 2024-09-09 00:00:00+00:00, run_after=2024-09-10 00:00:00+00:00
[2024-09-09T21:01:27.071-0300] {processor.py:208} INFO - Processing /mnt/c/Users/teu20/Documents/Poli/Repo/eEDB011-20243/atividade 6 - WSL/airflow/airflow_env/lib/python3.10/site-packages/airflow/example_dags/example_branch_day_of_week_operator.py took 0.078 seconds
[2024-09-09T21:01:58.226-0300] {processor.py:186} INFO - Started process (PID=263212) to work on /mnt/c/Users/teu20/Documents/Poli/Repo/eEDB011-20243/atividade 6 - WSL/airflow/airflow_env/lib/python3.10/site-packages/airflow/example_dags/example_branch_day_of_week_operator.py
[2024-09-09T21:01:58.227-0300] {processor.py:914} INFO - Processing file /mnt/c/Users/teu20/Documents/Poli/Repo/eEDB011-20243/atividade 6 - WSL/airflow/airflow_env/lib/python3.10/site-packages/airflow/example_dags/example_branch_day_of_week_operator.py for tasks to queue
[2024-09-09T21:01:58.229-0300] {logging_mixin.py:190} INFO - [2024-09-09T21:01:58.228-0300] {dagbag.py:587} INFO - Filling up the DagBag from /mnt/c/Users/teu20/Documents/Poli/Repo/eEDB011-20243/atividade 6 - WSL/airflow/airflow_env/lib/python3.10/site-packages/airflow/example_dags/example_branch_day_of_week_operator.py
[2024-09-09T21:01:58.248-0300] {processor.py:925} INFO - DAG(s) 'example_weekday_branch_operator' retrieved from /mnt/c/Users/teu20/Documents/Poli/Repo/eEDB011-20243/atividade 6 - WSL/airflow/airflow_env/lib/python3.10/site-packages/airflow/example_dags/example_branch_day_of_week_operator.py
[2024-09-09T21:01:58.266-0300] {logging_mixin.py:190} INFO - [2024-09-09T21:01:58.266-0300] {dag.py:3229} INFO - Sync 1 DAGs
[2024-09-09T21:01:58.279-0300] {logging_mixin.py:190} INFO - [2024-09-09T21:01:58.278-0300] {dag.py:4156} INFO - Setting next_dagrun for example_weekday_branch_operator to 2024-09-09 00:00:00+00:00, run_after=2024-09-10 00:00:00+00:00
[2024-09-09T21:01:58.293-0300] {processor.py:208} INFO - Processing /mnt/c/Users/teu20/Documents/Poli/Repo/eEDB011-20243/atividade 6 - WSL/airflow/airflow_env/lib/python3.10/site-packages/airflow/example_dags/example_branch_day_of_week_operator.py took 0.075 seconds
[2024-09-09T21:02:29.013-0300] {processor.py:186} INFO - Started process (PID=263641) to work on /mnt/c/Users/teu20/Documents/Poli/Repo/eEDB011-20243/atividade 6 - WSL/airflow/airflow_env/lib/python3.10/site-packages/airflow/example_dags/example_branch_day_of_week_operator.py
[2024-09-09T21:02:29.014-0300] {processor.py:914} INFO - Processing file /mnt/c/Users/teu20/Documents/Poli/Repo/eEDB011-20243/atividade 6 - WSL/airflow/airflow_env/lib/python3.10/site-packages/airflow/example_dags/example_branch_day_of_week_operator.py for tasks to queue
[2024-09-09T21:02:29.016-0300] {logging_mixin.py:190} INFO - [2024-09-09T21:02:29.016-0300] {dagbag.py:587} INFO - Filling up the DagBag from /mnt/c/Users/teu20/Documents/Poli/Repo/eEDB011-20243/atividade 6 - WSL/airflow/airflow_env/lib/python3.10/site-packages/airflow/example_dags/example_branch_day_of_week_operator.py
[2024-09-09T21:02:29.037-0300] {processor.py:925} INFO - DAG(s) 'example_weekday_branch_operator' retrieved from /mnt/c/Users/teu20/Documents/Poli/Repo/eEDB011-20243/atividade 6 - WSL/airflow/airflow_env/lib/python3.10/site-packages/airflow/example_dags/example_branch_day_of_week_operator.py
[2024-09-09T21:02:29.056-0300] {logging_mixin.py:190} INFO - [2024-09-09T21:02:29.056-0300] {dag.py:3229} INFO - Sync 1 DAGs
[2024-09-09T21:02:29.069-0300] {logging_mixin.py:190} INFO - [2024-09-09T21:02:29.068-0300] {dag.py:4156} INFO - Setting next_dagrun for example_weekday_branch_operator to 2024-09-09 00:00:00+00:00, run_after=2024-09-10 00:00:00+00:00
[2024-09-09T21:02:29.083-0300] {processor.py:208} INFO - Processing /mnt/c/Users/teu20/Documents/Poli/Repo/eEDB011-20243/atividade 6 - WSL/airflow/airflow_env/lib/python3.10/site-packages/airflow/example_dags/example_branch_day_of_week_operator.py took 0.078 seconds
[2024-09-09T21:02:59.466-0300] {processor.py:186} INFO - Started process (PID=264072) to work on /mnt/c/Users/teu20/Documents/Poli/Repo/eEDB011-20243/atividade 6 - WSL/airflow/airflow_env/lib/python3.10/site-packages/airflow/example_dags/example_branch_day_of_week_operator.py
[2024-09-09T21:02:59.467-0300] {processor.py:914} INFO - Processing file /mnt/c/Users/teu20/Documents/Poli/Repo/eEDB011-20243/atividade 6 - WSL/airflow/airflow_env/lib/python3.10/site-packages/airflow/example_dags/example_branch_day_of_week_operator.py for tasks to queue
[2024-09-09T21:02:59.469-0300] {logging_mixin.py:190} INFO - [2024-09-09T21:02:59.468-0300] {dagbag.py:587} INFO - Filling up the DagBag from /mnt/c/Users/teu20/Documents/Poli/Repo/eEDB011-20243/atividade 6 - WSL/airflow/airflow_env/lib/python3.10/site-packages/airflow/example_dags/example_branch_day_of_week_operator.py
[2024-09-09T21:02:59.484-0300] {processor.py:925} INFO - DAG(s) 'example_weekday_branch_operator' retrieved from /mnt/c/Users/teu20/Documents/Poli/Repo/eEDB011-20243/atividade 6 - WSL/airflow/airflow_env/lib/python3.10/site-packages/airflow/example_dags/example_branch_day_of_week_operator.py
[2024-09-09T21:02:59.501-0300] {logging_mixin.py:190} INFO - [2024-09-09T21:02:59.500-0300] {dag.py:3229} INFO - Sync 1 DAGs
[2024-09-09T21:02:59.514-0300] {logging_mixin.py:190} INFO - [2024-09-09T21:02:59.513-0300] {dag.py:4156} INFO - Setting next_dagrun for example_weekday_branch_operator to 2024-09-09 00:00:00+00:00, run_after=2024-09-10 00:00:00+00:00
[2024-09-09T21:02:59.528-0300] {processor.py:208} INFO - Processing /mnt/c/Users/teu20/Documents/Poli/Repo/eEDB011-20243/atividade 6 - WSL/airflow/airflow_env/lib/python3.10/site-packages/airflow/example_dags/example_branch_day_of_week_operator.py took 0.069 seconds
[2024-09-09T21:03:29.788-0300] {processor.py:186} INFO - Started process (PID=264500) to work on /mnt/c/Users/teu20/Documents/Poli/Repo/eEDB011-20243/atividade 6 - WSL/airflow/airflow_env/lib/python3.10/site-packages/airflow/example_dags/example_branch_day_of_week_operator.py
[2024-09-09T21:03:29.789-0300] {processor.py:914} INFO - Processing file /mnt/c/Users/teu20/Documents/Poli/Repo/eEDB011-20243/atividade 6 - WSL/airflow/airflow_env/lib/python3.10/site-packages/airflow/example_dags/example_branch_day_of_week_operator.py for tasks to queue
[2024-09-09T21:03:29.791-0300] {logging_mixin.py:190} INFO - [2024-09-09T21:03:29.790-0300] {dagbag.py:587} INFO - Filling up the DagBag from /mnt/c/Users/teu20/Documents/Poli/Repo/eEDB011-20243/atividade 6 - WSL/airflow/airflow_env/lib/python3.10/site-packages/airflow/example_dags/example_branch_day_of_week_operator.py
[2024-09-09T21:03:29.815-0300] {processor.py:925} INFO - DAG(s) 'example_weekday_branch_operator' retrieved from /mnt/c/Users/teu20/Documents/Poli/Repo/eEDB011-20243/atividade 6 - WSL/airflow/airflow_env/lib/python3.10/site-packages/airflow/example_dags/example_branch_day_of_week_operator.py
[2024-09-09T21:03:29.839-0300] {logging_mixin.py:190} INFO - [2024-09-09T21:03:29.838-0300] {dag.py:3229} INFO - Sync 1 DAGs
[2024-09-09T21:03:29.861-0300] {logging_mixin.py:190} INFO - [2024-09-09T21:03:29.860-0300] {dag.py:4156} INFO - Setting next_dagrun for example_weekday_branch_operator to 2024-09-09 00:00:00+00:00, run_after=2024-09-10 00:00:00+00:00
[2024-09-09T21:03:29.884-0300] {processor.py:208} INFO - Processing /mnt/c/Users/teu20/Documents/Poli/Repo/eEDB011-20243/atividade 6 - WSL/airflow/airflow_env/lib/python3.10/site-packages/airflow/example_dags/example_branch_day_of_week_operator.py took 0.105 seconds
[2024-09-09T21:04:00.530-0300] {processor.py:186} INFO - Started process (PID=264940) to work on /mnt/c/Users/teu20/Documents/Poli/Repo/eEDB011-20243/atividade 6 - WSL/airflow/airflow_env/lib/python3.10/site-packages/airflow/example_dags/example_branch_day_of_week_operator.py
[2024-09-09T21:04:00.532-0300] {processor.py:914} INFO - Processing file /mnt/c/Users/teu20/Documents/Poli/Repo/eEDB011-20243/atividade 6 - WSL/airflow/airflow_env/lib/python3.10/site-packages/airflow/example_dags/example_branch_day_of_week_operator.py for tasks to queue
[2024-09-09T21:04:00.534-0300] {logging_mixin.py:190} INFO - [2024-09-09T21:04:00.533-0300] {dagbag.py:587} INFO - Filling up the DagBag from /mnt/c/Users/teu20/Documents/Poli/Repo/eEDB011-20243/atividade 6 - WSL/airflow/airflow_env/lib/python3.10/site-packages/airflow/example_dags/example_branch_day_of_week_operator.py
[2024-09-09T21:04:00.553-0300] {processor.py:925} INFO - DAG(s) 'example_weekday_branch_operator' retrieved from /mnt/c/Users/teu20/Documents/Poli/Repo/eEDB011-20243/atividade 6 - WSL/airflow/airflow_env/lib/python3.10/site-packages/airflow/example_dags/example_branch_day_of_week_operator.py
[2024-09-09T21:04:00.574-0300] {logging_mixin.py:190} INFO - [2024-09-09T21:04:00.574-0300] {dag.py:3229} INFO - Sync 1 DAGs
[2024-09-09T21:04:00.589-0300] {logging_mixin.py:190} INFO - [2024-09-09T21:04:00.588-0300] {dag.py:4156} INFO - Setting next_dagrun for example_weekday_branch_operator to 2024-09-09 00:00:00+00:00, run_after=2024-09-10 00:00:00+00:00
[2024-09-09T21:04:00.605-0300] {processor.py:208} INFO - Processing /mnt/c/Users/teu20/Documents/Poli/Repo/eEDB011-20243/atividade 6 - WSL/airflow/airflow_env/lib/python3.10/site-packages/airflow/example_dags/example_branch_day_of_week_operator.py took 0.083 seconds
[2024-09-09T21:04:31.089-0300] {processor.py:186} INFO - Started process (PID=265375) to work on /mnt/c/Users/teu20/Documents/Poli/Repo/eEDB011-20243/atividade 6 - WSL/airflow/airflow_env/lib/python3.10/site-packages/airflow/example_dags/example_branch_day_of_week_operator.py
[2024-09-09T21:04:31.090-0300] {processor.py:914} INFO - Processing file /mnt/c/Users/teu20/Documents/Poli/Repo/eEDB011-20243/atividade 6 - WSL/airflow/airflow_env/lib/python3.10/site-packages/airflow/example_dags/example_branch_day_of_week_operator.py for tasks to queue
[2024-09-09T21:04:31.092-0300] {logging_mixin.py:190} INFO - [2024-09-09T21:04:31.091-0300] {dagbag.py:587} INFO - Filling up the DagBag from /mnt/c/Users/teu20/Documents/Poli/Repo/eEDB011-20243/atividade 6 - WSL/airflow/airflow_env/lib/python3.10/site-packages/airflow/example_dags/example_branch_day_of_week_operator.py
[2024-09-09T21:04:31.110-0300] {processor.py:925} INFO - DAG(s) 'example_weekday_branch_operator' retrieved from /mnt/c/Users/teu20/Documents/Poli/Repo/eEDB011-20243/atividade 6 - WSL/airflow/airflow_env/lib/python3.10/site-packages/airflow/example_dags/example_branch_day_of_week_operator.py
[2024-09-09T21:04:31.129-0300] {logging_mixin.py:190} INFO - [2024-09-09T21:04:31.128-0300] {dag.py:3229} INFO - Sync 1 DAGs
[2024-09-09T21:04:31.142-0300] {logging_mixin.py:190} INFO - [2024-09-09T21:04:31.141-0300] {dag.py:4156} INFO - Setting next_dagrun for example_weekday_branch_operator to 2024-09-09 00:00:00+00:00, run_after=2024-09-10 00:00:00+00:00
[2024-09-09T21:04:31.159-0300] {processor.py:208} INFO - Processing /mnt/c/Users/teu20/Documents/Poli/Repo/eEDB011-20243/atividade 6 - WSL/airflow/airflow_env/lib/python3.10/site-packages/airflow/example_dags/example_branch_day_of_week_operator.py took 0.078 seconds
[2024-09-09T21:05:01.493-0300] {processor.py:186} INFO - Started process (PID=266593) to work on /mnt/c/Users/teu20/Documents/Poli/Repo/eEDB011-20243/atividade 6 - WSL/airflow/airflow_env/lib/python3.10/site-packages/airflow/example_dags/example_branch_day_of_week_operator.py
[2024-09-09T21:05:01.494-0300] {processor.py:914} INFO - Processing file /mnt/c/Users/teu20/Documents/Poli/Repo/eEDB011-20243/atividade 6 - WSL/airflow/airflow_env/lib/python3.10/site-packages/airflow/example_dags/example_branch_day_of_week_operator.py for tasks to queue
[2024-09-09T21:05:01.496-0300] {logging_mixin.py:190} INFO - [2024-09-09T21:05:01.495-0300] {dagbag.py:587} INFO - Filling up the DagBag from /mnt/c/Users/teu20/Documents/Poli/Repo/eEDB011-20243/atividade 6 - WSL/airflow/airflow_env/lib/python3.10/site-packages/airflow/example_dags/example_branch_day_of_week_operator.py
[2024-09-09T21:05:01.515-0300] {processor.py:925} INFO - DAG(s) 'example_weekday_branch_operator' retrieved from /mnt/c/Users/teu20/Documents/Poli/Repo/eEDB011-20243/atividade 6 - WSL/airflow/airflow_env/lib/python3.10/site-packages/airflow/example_dags/example_branch_day_of_week_operator.py
[2024-09-09T21:05:01.532-0300] {logging_mixin.py:190} INFO - [2024-09-09T21:05:01.531-0300] {dag.py:3229} INFO - Sync 1 DAGs
[2024-09-09T21:05:01.545-0300] {logging_mixin.py:190} INFO - [2024-09-09T21:05:01.544-0300] {dag.py:4156} INFO - Setting next_dagrun for example_weekday_branch_operator to 2024-09-09 00:00:00+00:00, run_after=2024-09-10 00:00:00+00:00
[2024-09-09T21:05:01.559-0300] {processor.py:208} INFO - Processing /mnt/c/Users/teu20/Documents/Poli/Repo/eEDB011-20243/atividade 6 - WSL/airflow/airflow_env/lib/python3.10/site-packages/airflow/example_dags/example_branch_day_of_week_operator.py took 0.074 seconds
[2024-09-09T21:05:31.918-0300] {processor.py:186} INFO - Started process (PID=267116) to work on /mnt/c/Users/teu20/Documents/Poli/Repo/eEDB011-20243/atividade 6 - WSL/airflow/airflow_env/lib/python3.10/site-packages/airflow/example_dags/example_branch_day_of_week_operator.py
[2024-09-09T21:05:31.920-0300] {processor.py:914} INFO - Processing file /mnt/c/Users/teu20/Documents/Poli/Repo/eEDB011-20243/atividade 6 - WSL/airflow/airflow_env/lib/python3.10/site-packages/airflow/example_dags/example_branch_day_of_week_operator.py for tasks to queue
[2024-09-09T21:05:31.921-0300] {logging_mixin.py:190} INFO - [2024-09-09T21:05:31.921-0300] {dagbag.py:587} INFO - Filling up the DagBag from /mnt/c/Users/teu20/Documents/Poli/Repo/eEDB011-20243/atividade 6 - WSL/airflow/airflow_env/lib/python3.10/site-packages/airflow/example_dags/example_branch_day_of_week_operator.py
[2024-09-09T21:05:31.939-0300] {processor.py:925} INFO - DAG(s) 'example_weekday_branch_operator' retrieved from /mnt/c/Users/teu20/Documents/Poli/Repo/eEDB011-20243/atividade 6 - WSL/airflow/airflow_env/lib/python3.10/site-packages/airflow/example_dags/example_branch_day_of_week_operator.py
[2024-09-09T21:05:31.959-0300] {logging_mixin.py:190} INFO - [2024-09-09T21:05:31.958-0300] {dag.py:3229} INFO - Sync 1 DAGs
[2024-09-09T21:05:31.974-0300] {logging_mixin.py:190} INFO - [2024-09-09T21:05:31.973-0300] {dag.py:4156} INFO - Setting next_dagrun for example_weekday_branch_operator to 2024-09-09 00:00:00+00:00, run_after=2024-09-10 00:00:00+00:00
[2024-09-09T21:05:31.989-0300] {processor.py:208} INFO - Processing /mnt/c/Users/teu20/Documents/Poli/Repo/eEDB011-20243/atividade 6 - WSL/airflow/airflow_env/lib/python3.10/site-packages/airflow/example_dags/example_branch_day_of_week_operator.py took 0.079 seconds
[2024-09-09T21:06:02.487-0300] {processor.py:186} INFO - Started process (PID=267547) to work on /mnt/c/Users/teu20/Documents/Poli/Repo/eEDB011-20243/atividade 6 - WSL/airflow/airflow_env/lib/python3.10/site-packages/airflow/example_dags/example_branch_day_of_week_operator.py
[2024-09-09T21:06:02.488-0300] {processor.py:914} INFO - Processing file /mnt/c/Users/teu20/Documents/Poli/Repo/eEDB011-20243/atividade 6 - WSL/airflow/airflow_env/lib/python3.10/site-packages/airflow/example_dags/example_branch_day_of_week_operator.py for tasks to queue
[2024-09-09T21:06:02.490-0300] {logging_mixin.py:190} INFO - [2024-09-09T21:06:02.489-0300] {dagbag.py:587} INFO - Filling up the DagBag from /mnt/c/Users/teu20/Documents/Poli/Repo/eEDB011-20243/atividade 6 - WSL/airflow/airflow_env/lib/python3.10/site-packages/airflow/example_dags/example_branch_day_of_week_operator.py
[2024-09-09T21:06:02.507-0300] {processor.py:925} INFO - DAG(s) 'example_weekday_branch_operator' retrieved from /mnt/c/Users/teu20/Documents/Poli/Repo/eEDB011-20243/atividade 6 - WSL/airflow/airflow_env/lib/python3.10/site-packages/airflow/example_dags/example_branch_day_of_week_operator.py
[2024-09-09T21:06:02.526-0300] {logging_mixin.py:190} INFO - [2024-09-09T21:06:02.525-0300] {dag.py:3229} INFO - Sync 1 DAGs
[2024-09-09T21:06:02.539-0300] {logging_mixin.py:190} INFO - [2024-09-09T21:06:02.538-0300] {dag.py:4156} INFO - Setting next_dagrun for example_weekday_branch_operator to 2024-09-09 00:00:00+00:00, run_after=2024-09-10 00:00:00+00:00
[2024-09-09T21:06:02.555-0300] {processor.py:208} INFO - Processing /mnt/c/Users/teu20/Documents/Poli/Repo/eEDB011-20243/atividade 6 - WSL/airflow/airflow_env/lib/python3.10/site-packages/airflow/example_dags/example_branch_day_of_week_operator.py took 0.076 seconds
[2024-09-09T21:06:32.900-0300] {processor.py:186} INFO - Started process (PID=268000) to work on /mnt/c/Users/teu20/Documents/Poli/Repo/eEDB011-20243/atividade 6 - WSL/airflow/airflow_env/lib/python3.10/site-packages/airflow/example_dags/example_branch_day_of_week_operator.py
[2024-09-09T21:06:32.901-0300] {processor.py:914} INFO - Processing file /mnt/c/Users/teu20/Documents/Poli/Repo/eEDB011-20243/atividade 6 - WSL/airflow/airflow_env/lib/python3.10/site-packages/airflow/example_dags/example_branch_day_of_week_operator.py for tasks to queue
[2024-09-09T21:06:32.903-0300] {logging_mixin.py:190} INFO - [2024-09-09T21:06:32.902-0300] {dagbag.py:587} INFO - Filling up the DagBag from /mnt/c/Users/teu20/Documents/Poli/Repo/eEDB011-20243/atividade 6 - WSL/airflow/airflow_env/lib/python3.10/site-packages/airflow/example_dags/example_branch_day_of_week_operator.py
[2024-09-09T21:06:32.920-0300] {processor.py:925} INFO - DAG(s) 'example_weekday_branch_operator' retrieved from /mnt/c/Users/teu20/Documents/Poli/Repo/eEDB011-20243/atividade 6 - WSL/airflow/airflow_env/lib/python3.10/site-packages/airflow/example_dags/example_branch_day_of_week_operator.py
[2024-09-09T21:06:32.939-0300] {logging_mixin.py:190} INFO - [2024-09-09T21:06:32.939-0300] {dag.py:3229} INFO - Sync 1 DAGs
[2024-09-09T21:06:32.952-0300] {logging_mixin.py:190} INFO - [2024-09-09T21:06:32.951-0300] {dag.py:4156} INFO - Setting next_dagrun for example_weekday_branch_operator to 2024-09-09 00:00:00+00:00, run_after=2024-09-10 00:00:00+00:00
[2024-09-09T21:06:32.967-0300] {processor.py:208} INFO - Processing /mnt/c/Users/teu20/Documents/Poli/Repo/eEDB011-20243/atividade 6 - WSL/airflow/airflow_env/lib/python3.10/site-packages/airflow/example_dags/example_branch_day_of_week_operator.py took 0.075 seconds
[2024-09-09T21:07:03.374-0300] {processor.py:186} INFO - Started process (PID=268623) to work on /mnt/c/Users/teu20/Documents/Poli/Repo/eEDB011-20243/atividade 6 - WSL/airflow/airflow_env/lib/python3.10/site-packages/airflow/example_dags/example_branch_day_of_week_operator.py
[2024-09-09T21:07:03.375-0300] {processor.py:914} INFO - Processing file /mnt/c/Users/teu20/Documents/Poli/Repo/eEDB011-20243/atividade 6 - WSL/airflow/airflow_env/lib/python3.10/site-packages/airflow/example_dags/example_branch_day_of_week_operator.py for tasks to queue
[2024-09-09T21:07:03.377-0300] {logging_mixin.py:190} INFO - [2024-09-09T21:07:03.376-0300] {dagbag.py:587} INFO - Filling up the DagBag from /mnt/c/Users/teu20/Documents/Poli/Repo/eEDB011-20243/atividade 6 - WSL/airflow/airflow_env/lib/python3.10/site-packages/airflow/example_dags/example_branch_day_of_week_operator.py
[2024-09-09T21:07:03.395-0300] {processor.py:925} INFO - DAG(s) 'example_weekday_branch_operator' retrieved from /mnt/c/Users/teu20/Documents/Poli/Repo/eEDB011-20243/atividade 6 - WSL/airflow/airflow_env/lib/python3.10/site-packages/airflow/example_dags/example_branch_day_of_week_operator.py
[2024-09-09T21:07:03.414-0300] {logging_mixin.py:190} INFO - [2024-09-09T21:07:03.413-0300] {dag.py:3229} INFO - Sync 1 DAGs
[2024-09-09T21:07:03.427-0300] {logging_mixin.py:190} INFO - [2024-09-09T21:07:03.426-0300] {dag.py:4156} INFO - Setting next_dagrun for example_weekday_branch_operator to 2024-09-09 00:00:00+00:00, run_after=2024-09-10 00:00:00+00:00
[2024-09-09T21:07:03.442-0300] {processor.py:208} INFO - Processing /mnt/c/Users/teu20/Documents/Poli/Repo/eEDB011-20243/atividade 6 - WSL/airflow/airflow_env/lib/python3.10/site-packages/airflow/example_dags/example_branch_day_of_week_operator.py took 0.075 seconds
[2024-09-09T21:07:33.972-0300] {processor.py:186} INFO - Started process (PID=269294) to work on /mnt/c/Users/teu20/Documents/Poli/Repo/eEDB011-20243/atividade 6 - WSL/airflow/airflow_env/lib/python3.10/site-packages/airflow/example_dags/example_branch_day_of_week_operator.py
[2024-09-09T21:07:33.973-0300] {processor.py:914} INFO - Processing file /mnt/c/Users/teu20/Documents/Poli/Repo/eEDB011-20243/atividade 6 - WSL/airflow/airflow_env/lib/python3.10/site-packages/airflow/example_dags/example_branch_day_of_week_operator.py for tasks to queue
[2024-09-09T21:07:33.975-0300] {logging_mixin.py:190} INFO - [2024-09-09T21:07:33.974-0300] {dagbag.py:587} INFO - Filling up the DagBag from /mnt/c/Users/teu20/Documents/Poli/Repo/eEDB011-20243/atividade 6 - WSL/airflow/airflow_env/lib/python3.10/site-packages/airflow/example_dags/example_branch_day_of_week_operator.py
[2024-09-09T21:07:33.994-0300] {processor.py:925} INFO - DAG(s) 'example_weekday_branch_operator' retrieved from /mnt/c/Users/teu20/Documents/Poli/Repo/eEDB011-20243/atividade 6 - WSL/airflow/airflow_env/lib/python3.10/site-packages/airflow/example_dags/example_branch_day_of_week_operator.py
[2024-09-09T21:07:34.014-0300] {logging_mixin.py:190} INFO - [2024-09-09T21:07:34.013-0300] {dag.py:3229} INFO - Sync 1 DAGs
[2024-09-09T21:07:34.028-0300] {logging_mixin.py:190} INFO - [2024-09-09T21:07:34.027-0300] {dag.py:4156} INFO - Setting next_dagrun for example_weekday_branch_operator to 2024-09-09 00:00:00+00:00, run_after=2024-09-10 00:00:00+00:00
[2024-09-09T21:07:34.044-0300] {processor.py:208} INFO - Processing /mnt/c/Users/teu20/Documents/Poli/Repo/eEDB011-20243/atividade 6 - WSL/airflow/airflow_env/lib/python3.10/site-packages/airflow/example_dags/example_branch_day_of_week_operator.py took 0.080 seconds
[2024-09-09T21:08:04.320-0300] {processor.py:186} INFO - Started process (PID=269788) to work on /mnt/c/Users/teu20/Documents/Poli/Repo/eEDB011-20243/atividade 6 - WSL/airflow/airflow_env/lib/python3.10/site-packages/airflow/example_dags/example_branch_day_of_week_operator.py
[2024-09-09T21:08:04.322-0300] {processor.py:914} INFO - Processing file /mnt/c/Users/teu20/Documents/Poli/Repo/eEDB011-20243/atividade 6 - WSL/airflow/airflow_env/lib/python3.10/site-packages/airflow/example_dags/example_branch_day_of_week_operator.py for tasks to queue
[2024-09-09T21:08:04.323-0300] {logging_mixin.py:190} INFO - [2024-09-09T21:08:04.323-0300] {dagbag.py:587} INFO - Filling up the DagBag from /mnt/c/Users/teu20/Documents/Poli/Repo/eEDB011-20243/atividade 6 - WSL/airflow/airflow_env/lib/python3.10/site-packages/airflow/example_dags/example_branch_day_of_week_operator.py
[2024-09-09T21:08:04.338-0300] {processor.py:925} INFO - DAG(s) 'example_weekday_branch_operator' retrieved from /mnt/c/Users/teu20/Documents/Poli/Repo/eEDB011-20243/atividade 6 - WSL/airflow/airflow_env/lib/python3.10/site-packages/airflow/example_dags/example_branch_day_of_week_operator.py
[2024-09-09T21:08:04.355-0300] {logging_mixin.py:190} INFO - [2024-09-09T21:08:04.354-0300] {dag.py:3229} INFO - Sync 1 DAGs
[2024-09-09T21:08:04.368-0300] {logging_mixin.py:190} INFO - [2024-09-09T21:08:04.367-0300] {dag.py:4156} INFO - Setting next_dagrun for example_weekday_branch_operator to 2024-09-09 00:00:00+00:00, run_after=2024-09-10 00:00:00+00:00
[2024-09-09T21:08:04.384-0300] {processor.py:208} INFO - Processing /mnt/c/Users/teu20/Documents/Poli/Repo/eEDB011-20243/atividade 6 - WSL/airflow/airflow_env/lib/python3.10/site-packages/airflow/example_dags/example_branch_day_of_week_operator.py took 0.070 seconds
