[2024-09-09T21:00:24.073-0300] {processor.py:186} INFO - Started process (PID=261550) to work on /mnt/c/Users/teu20/Documents/Poli/Repo/eEDB011-20243/atividade 6 - WSL/airflow/airflow_env/lib/python3.10/site-packages/airflow/example_dags/example_latest_only.py
[2024-09-09T21:00:24.074-0300] {processor.py:914} INFO - Processing file /mnt/c/Users/teu20/Documents/Poli/Repo/eEDB011-20243/atividade 6 - WSL/airflow/airflow_env/lib/python3.10/site-packages/airflow/example_dags/example_latest_only.py for tasks to queue
[2024-09-09T21:00:24.075-0300] {logging_mixin.py:190} INFO - [2024-09-09T21:00:24.074-0300] {dagbag.py:587} INFO - Filling up the DagBag from /mnt/c/Users/teu20/Documents/Poli/Repo/eEDB011-20243/atividade 6 - WSL/airflow/airflow_env/lib/python3.10/site-packages/airflow/example_dags/example_latest_only.py
[2024-09-09T21:00:24.085-0300] {processor.py:925} INFO - DAG(s) 'latest_only' retrieved from /mnt/c/Users/teu20/Documents/Poli/Repo/eEDB011-20243/atividade 6 - WSL/airflow/airflow_env/lib/python3.10/site-packages/airflow/example_dags/example_latest_only.py
[2024-09-09T21:00:24.102-0300] {logging_mixin.py:190} INFO - [2024-09-09T21:00:24.102-0300] {dag.py:3229} INFO - Sync 1 DAGs
[2024-09-09T21:00:24.116-0300] {logging_mixin.py:190} INFO - [2024-09-09T21:00:24.116-0300] {dag.py:4156} INFO - Setting next_dagrun for latest_only to 2024-09-09 20:00:00+00:00, run_after=2024-09-10 00:00:00+00:00
[2024-09-09T21:00:24.131-0300] {processor.py:208} INFO - Processing /mnt/c/Users/teu20/Documents/Poli/Repo/eEDB011-20243/atividade 6 - WSL/airflow/airflow_env/lib/python3.10/site-packages/airflow/example_dags/example_latest_only.py took 0.066 seconds
[2024-09-09T21:00:54.773-0300] {processor.py:186} INFO - Started process (PID=262258) to work on /mnt/c/Users/teu20/Documents/Poli/Repo/eEDB011-20243/atividade 6 - WSL/airflow/airflow_env/lib/python3.10/site-packages/airflow/example_dags/example_latest_only.py
[2024-09-09T21:00:54.774-0300] {processor.py:914} INFO - Processing file /mnt/c/Users/teu20/Documents/Poli/Repo/eEDB011-20243/atividade 6 - WSL/airflow/airflow_env/lib/python3.10/site-packages/airflow/example_dags/example_latest_only.py for tasks to queue
[2024-09-09T21:00:54.776-0300] {logging_mixin.py:190} INFO - [2024-09-09T21:00:54.775-0300] {dagbag.py:587} INFO - Filling up the DagBag from /mnt/c/Users/teu20/Documents/Poli/Repo/eEDB011-20243/atividade 6 - WSL/airflow/airflow_env/lib/python3.10/site-packages/airflow/example_dags/example_latest_only.py
[2024-09-09T21:00:54.790-0300] {processor.py:925} INFO - DAG(s) 'latest_only' retrieved from /mnt/c/Users/teu20/Documents/Poli/Repo/eEDB011-20243/atividade 6 - WSL/airflow/airflow_env/lib/python3.10/site-packages/airflow/example_dags/example_latest_only.py
[2024-09-09T21:00:54.807-0300] {logging_mixin.py:190} INFO - [2024-09-09T21:00:54.806-0300] {dag.py:3229} INFO - Sync 1 DAGs
[2024-09-09T21:00:54.822-0300] {logging_mixin.py:190} INFO - [2024-09-09T21:00:54.821-0300] {dag.py:4156} INFO - Setting next_dagrun for latest_only to 2024-09-09 20:00:00+00:00, run_after=2024-09-10 00:00:00+00:00
[2024-09-09T21:00:54.836-0300] {processor.py:208} INFO - Processing /mnt/c/Users/teu20/Documents/Poli/Repo/eEDB011-20243/atividade 6 - WSL/airflow/airflow_env/lib/python3.10/site-packages/airflow/example_dags/example_latest_only.py took 0.070 seconds
[2024-09-09T21:01:25.985-0300] {processor.py:186} INFO - Started process (PID=262696) to work on /mnt/c/Users/teu20/Documents/Poli/Repo/eEDB011-20243/atividade 6 - WSL/airflow/airflow_env/lib/python3.10/site-packages/airflow/example_dags/example_latest_only.py
[2024-09-09T21:01:25.986-0300] {processor.py:914} INFO - Processing file /mnt/c/Users/teu20/Documents/Poli/Repo/eEDB011-20243/atividade 6 - WSL/airflow/airflow_env/lib/python3.10/site-packages/airflow/example_dags/example_latest_only.py for tasks to queue
[2024-09-09T21:01:25.988-0300] {logging_mixin.py:190} INFO - [2024-09-09T21:01:25.987-0300] {dagbag.py:587} INFO - Filling up the DagBag from /mnt/c/Users/teu20/Documents/Poli/Repo/eEDB011-20243/atividade 6 - WSL/airflow/airflow_env/lib/python3.10/site-packages/airflow/example_dags/example_latest_only.py
[2024-09-09T21:01:26.003-0300] {processor.py:925} INFO - DAG(s) 'latest_only' retrieved from /mnt/c/Users/teu20/Documents/Poli/Repo/eEDB011-20243/atividade 6 - WSL/airflow/airflow_env/lib/python3.10/site-packages/airflow/example_dags/example_latest_only.py
[2024-09-09T21:01:26.021-0300] {logging_mixin.py:190} INFO - [2024-09-09T21:01:26.020-0300] {dag.py:3229} INFO - Sync 1 DAGs
[2024-09-09T21:01:26.037-0300] {logging_mixin.py:190} INFO - [2024-09-09T21:01:26.036-0300] {dag.py:4156} INFO - Setting next_dagrun for latest_only to 2024-09-09 20:00:00+00:00, run_after=2024-09-10 00:00:00+00:00
[2024-09-09T21:01:26.052-0300] {processor.py:208} INFO - Processing /mnt/c/Users/teu20/Documents/Poli/Repo/eEDB011-20243/atividade 6 - WSL/airflow/airflow_env/lib/python3.10/site-packages/airflow/example_dags/example_latest_only.py took 0.075 seconds
[2024-09-09T21:01:56.758-0300] {processor.py:186} INFO - Started process (PID=263124) to work on /mnt/c/Users/teu20/Documents/Poli/Repo/eEDB011-20243/atividade 6 - WSL/airflow/airflow_env/lib/python3.10/site-packages/airflow/example_dags/example_latest_only.py
[2024-09-09T21:01:56.759-0300] {processor.py:914} INFO - Processing file /mnt/c/Users/teu20/Documents/Poli/Repo/eEDB011-20243/atividade 6 - WSL/airflow/airflow_env/lib/python3.10/site-packages/airflow/example_dags/example_latest_only.py for tasks to queue
[2024-09-09T21:01:56.761-0300] {logging_mixin.py:190} INFO - [2024-09-09T21:01:56.760-0300] {dagbag.py:587} INFO - Filling up the DagBag from /mnt/c/Users/teu20/Documents/Poli/Repo/eEDB011-20243/atividade 6 - WSL/airflow/airflow_env/lib/python3.10/site-packages/airflow/example_dags/example_latest_only.py
[2024-09-09T21:01:56.776-0300] {processor.py:925} INFO - DAG(s) 'latest_only' retrieved from /mnt/c/Users/teu20/Documents/Poli/Repo/eEDB011-20243/atividade 6 - WSL/airflow/airflow_env/lib/python3.10/site-packages/airflow/example_dags/example_latest_only.py
[2024-09-09T21:01:56.797-0300] {logging_mixin.py:190} INFO - [2024-09-09T21:01:56.796-0300] {dag.py:3229} INFO - Sync 1 DAGs
[2024-09-09T21:01:56.818-0300] {logging_mixin.py:190} INFO - [2024-09-09T21:01:56.818-0300] {dag.py:4156} INFO - Setting next_dagrun for latest_only to 2024-09-09 20:00:00+00:00, run_after=2024-09-10 00:00:00+00:00
[2024-09-09T21:01:56.835-0300] {processor.py:208} INFO - Processing /mnt/c/Users/teu20/Documents/Poli/Repo/eEDB011-20243/atividade 6 - WSL/airflow/airflow_env/lib/python3.10/site-packages/airflow/example_dags/example_latest_only.py took 0.085 seconds
[2024-09-09T21:02:27.445-0300] {processor.py:186} INFO - Started process (PID=263555) to work on /mnt/c/Users/teu20/Documents/Poli/Repo/eEDB011-20243/atividade 6 - WSL/airflow/airflow_env/lib/python3.10/site-packages/airflow/example_dags/example_latest_only.py
[2024-09-09T21:02:27.446-0300] {processor.py:914} INFO - Processing file /mnt/c/Users/teu20/Documents/Poli/Repo/eEDB011-20243/atividade 6 - WSL/airflow/airflow_env/lib/python3.10/site-packages/airflow/example_dags/example_latest_only.py for tasks to queue
[2024-09-09T21:02:27.448-0300] {logging_mixin.py:190} INFO - [2024-09-09T21:02:27.447-0300] {dagbag.py:587} INFO - Filling up the DagBag from /mnt/c/Users/teu20/Documents/Poli/Repo/eEDB011-20243/atividade 6 - WSL/airflow/airflow_env/lib/python3.10/site-packages/airflow/example_dags/example_latest_only.py
[2024-09-09T21:02:27.464-0300] {processor.py:925} INFO - DAG(s) 'latest_only' retrieved from /mnt/c/Users/teu20/Documents/Poli/Repo/eEDB011-20243/atividade 6 - WSL/airflow/airflow_env/lib/python3.10/site-packages/airflow/example_dags/example_latest_only.py
[2024-09-09T21:02:27.482-0300] {logging_mixin.py:190} INFO - [2024-09-09T21:02:27.482-0300] {dag.py:3229} INFO - Sync 1 DAGs
[2024-09-09T21:02:27.502-0300] {logging_mixin.py:190} INFO - [2024-09-09T21:02:27.501-0300] {dag.py:4156} INFO - Setting next_dagrun for latest_only to 2024-09-09 20:00:00+00:00, run_after=2024-09-10 00:00:00+00:00
[2024-09-09T21:02:27.521-0300] {processor.py:208} INFO - Processing /mnt/c/Users/teu20/Documents/Poli/Repo/eEDB011-20243/atividade 6 - WSL/airflow/airflow_env/lib/python3.10/site-packages/airflow/example_dags/example_latest_only.py took 0.086 seconds
[2024-09-09T21:02:58.052-0300] {processor.py:186} INFO - Started process (PID=263988) to work on /mnt/c/Users/teu20/Documents/Poli/Repo/eEDB011-20243/atividade 6 - WSL/airflow/airflow_env/lib/python3.10/site-packages/airflow/example_dags/example_latest_only.py
[2024-09-09T21:02:58.053-0300] {processor.py:914} INFO - Processing file /mnt/c/Users/teu20/Documents/Poli/Repo/eEDB011-20243/atividade 6 - WSL/airflow/airflow_env/lib/python3.10/site-packages/airflow/example_dags/example_latest_only.py for tasks to queue
[2024-09-09T21:02:58.055-0300] {logging_mixin.py:190} INFO - [2024-09-09T21:02:58.054-0300] {dagbag.py:587} INFO - Filling up the DagBag from /mnt/c/Users/teu20/Documents/Poli/Repo/eEDB011-20243/atividade 6 - WSL/airflow/airflow_env/lib/python3.10/site-packages/airflow/example_dags/example_latest_only.py
[2024-09-09T21:02:58.068-0300] {processor.py:925} INFO - DAG(s) 'latest_only' retrieved from /mnt/c/Users/teu20/Documents/Poli/Repo/eEDB011-20243/atividade 6 - WSL/airflow/airflow_env/lib/python3.10/site-packages/airflow/example_dags/example_latest_only.py
[2024-09-09T21:02:58.086-0300] {logging_mixin.py:190} INFO - [2024-09-09T21:02:58.085-0300] {dag.py:3229} INFO - Sync 1 DAGs
[2024-09-09T21:02:58.101-0300] {logging_mixin.py:190} INFO - [2024-09-09T21:02:58.100-0300] {dag.py:4156} INFO - Setting next_dagrun for latest_only to 2024-09-09 20:00:00+00:00, run_after=2024-09-10 00:00:00+00:00
[2024-09-09T21:02:58.115-0300] {processor.py:208} INFO - Processing /mnt/c/Users/teu20/Documents/Poli/Repo/eEDB011-20243/atividade 6 - WSL/airflow/airflow_env/lib/python3.10/site-packages/airflow/example_dags/example_latest_only.py took 0.070 seconds
[2024-09-09T21:03:28.591-0300] {processor.py:186} INFO - Started process (PID=264421) to work on /mnt/c/Users/teu20/Documents/Poli/Repo/eEDB011-20243/atividade 6 - WSL/airflow/airflow_env/lib/python3.10/site-packages/airflow/example_dags/example_latest_only.py
[2024-09-09T21:03:28.592-0300] {processor.py:914} INFO - Processing file /mnt/c/Users/teu20/Documents/Poli/Repo/eEDB011-20243/atividade 6 - WSL/airflow/airflow_env/lib/python3.10/site-packages/airflow/example_dags/example_latest_only.py for tasks to queue
[2024-09-09T21:03:28.594-0300] {logging_mixin.py:190} INFO - [2024-09-09T21:03:28.593-0300] {dagbag.py:587} INFO - Filling up the DagBag from /mnt/c/Users/teu20/Documents/Poli/Repo/eEDB011-20243/atividade 6 - WSL/airflow/airflow_env/lib/python3.10/site-packages/airflow/example_dags/example_latest_only.py
[2024-09-09T21:03:28.607-0300] {processor.py:925} INFO - DAG(s) 'latest_only' retrieved from /mnt/c/Users/teu20/Documents/Poli/Repo/eEDB011-20243/atividade 6 - WSL/airflow/airflow_env/lib/python3.10/site-packages/airflow/example_dags/example_latest_only.py
[2024-09-09T21:03:28.625-0300] {logging_mixin.py:190} INFO - [2024-09-09T21:03:28.624-0300] {dag.py:3229} INFO - Sync 1 DAGs
[2024-09-09T21:03:28.641-0300] {logging_mixin.py:190} INFO - [2024-09-09T21:03:28.640-0300] {dag.py:4156} INFO - Setting next_dagrun for latest_only to 2024-09-09 20:00:00+00:00, run_after=2024-09-10 00:00:00+00:00
[2024-09-09T21:03:28.655-0300] {processor.py:208} INFO - Processing /mnt/c/Users/teu20/Documents/Poli/Repo/eEDB011-20243/atividade 6 - WSL/airflow/airflow_env/lib/python3.10/site-packages/airflow/example_dags/example_latest_only.py took 0.073 seconds
[2024-09-09T21:03:59.198-0300] {processor.py:186} INFO - Started process (PID=264859) to work on /mnt/c/Users/teu20/Documents/Poli/Repo/eEDB011-20243/atividade 6 - WSL/airflow/airflow_env/lib/python3.10/site-packages/airflow/example_dags/example_latest_only.py
[2024-09-09T21:03:59.200-0300] {processor.py:914} INFO - Processing file /mnt/c/Users/teu20/Documents/Poli/Repo/eEDB011-20243/atividade 6 - WSL/airflow/airflow_env/lib/python3.10/site-packages/airflow/example_dags/example_latest_only.py for tasks to queue
[2024-09-09T21:03:59.201-0300] {logging_mixin.py:190} INFO - [2024-09-09T21:03:59.201-0300] {dagbag.py:587} INFO - Filling up the DagBag from /mnt/c/Users/teu20/Documents/Poli/Repo/eEDB011-20243/atividade 6 - WSL/airflow/airflow_env/lib/python3.10/site-packages/airflow/example_dags/example_latest_only.py
[2024-09-09T21:03:59.216-0300] {processor.py:925} INFO - DAG(s) 'latest_only' retrieved from /mnt/c/Users/teu20/Documents/Poli/Repo/eEDB011-20243/atividade 6 - WSL/airflow/airflow_env/lib/python3.10/site-packages/airflow/example_dags/example_latest_only.py
[2024-09-09T21:03:59.237-0300] {logging_mixin.py:190} INFO - [2024-09-09T21:03:59.236-0300] {dag.py:3229} INFO - Sync 1 DAGs
[2024-09-09T21:03:59.255-0300] {logging_mixin.py:190} INFO - [2024-09-09T21:03:59.254-0300] {dag.py:4156} INFO - Setting next_dagrun for latest_only to 2024-09-09 20:00:00+00:00, run_after=2024-09-10 00:00:00+00:00
[2024-09-09T21:03:59.272-0300] {processor.py:208} INFO - Processing /mnt/c/Users/teu20/Documents/Poli/Repo/eEDB011-20243/atividade 6 - WSL/airflow/airflow_env/lib/python3.10/site-packages/airflow/example_dags/example_latest_only.py took 0.082 seconds
[2024-09-09T21:04:29.820-0300] {processor.py:186} INFO - Started process (PID=265300) to work on /mnt/c/Users/teu20/Documents/Poli/Repo/eEDB011-20243/atividade 6 - WSL/airflow/airflow_env/lib/python3.10/site-packages/airflow/example_dags/example_latest_only.py
[2024-09-09T21:04:29.822-0300] {processor.py:914} INFO - Processing file /mnt/c/Users/teu20/Documents/Poli/Repo/eEDB011-20243/atividade 6 - WSL/airflow/airflow_env/lib/python3.10/site-packages/airflow/example_dags/example_latest_only.py for tasks to queue
[2024-09-09T21:04:29.823-0300] {logging_mixin.py:190} INFO - [2024-09-09T21:04:29.823-0300] {dagbag.py:587} INFO - Filling up the DagBag from /mnt/c/Users/teu20/Documents/Poli/Repo/eEDB011-20243/atividade 6 - WSL/airflow/airflow_env/lib/python3.10/site-packages/airflow/example_dags/example_latest_only.py
[2024-09-09T21:04:29.836-0300] {processor.py:925} INFO - DAG(s) 'latest_only' retrieved from /mnt/c/Users/teu20/Documents/Poli/Repo/eEDB011-20243/atividade 6 - WSL/airflow/airflow_env/lib/python3.10/site-packages/airflow/example_dags/example_latest_only.py
[2024-09-09T21:04:29.853-0300] {logging_mixin.py:190} INFO - [2024-09-09T21:04:29.853-0300] {dag.py:3229} INFO - Sync 1 DAGs
[2024-09-09T21:04:29.869-0300] {logging_mixin.py:190} INFO - [2024-09-09T21:04:29.868-0300] {dag.py:4156} INFO - Setting next_dagrun for latest_only to 2024-09-09 20:00:00+00:00, run_after=2024-09-10 00:00:00+00:00
[2024-09-09T21:04:29.884-0300] {processor.py:208} INFO - Processing /mnt/c/Users/teu20/Documents/Poli/Repo/eEDB011-20243/atividade 6 - WSL/airflow/airflow_env/lib/python3.10/site-packages/airflow/example_dags/example_latest_only.py took 0.072 seconds
[2024-09-09T21:05:00.157-0300] {processor.py:186} INFO - Started process (PID=266518) to work on /mnt/c/Users/teu20/Documents/Poli/Repo/eEDB011-20243/atividade 6 - WSL/airflow/airflow_env/lib/python3.10/site-packages/airflow/example_dags/example_latest_only.py
[2024-09-09T21:05:00.158-0300] {processor.py:914} INFO - Processing file /mnt/c/Users/teu20/Documents/Poli/Repo/eEDB011-20243/atividade 6 - WSL/airflow/airflow_env/lib/python3.10/site-packages/airflow/example_dags/example_latest_only.py for tasks to queue
[2024-09-09T21:05:00.160-0300] {logging_mixin.py:190} INFO - [2024-09-09T21:05:00.159-0300] {dagbag.py:587} INFO - Filling up the DagBag from /mnt/c/Users/teu20/Documents/Poli/Repo/eEDB011-20243/atividade 6 - WSL/airflow/airflow_env/lib/python3.10/site-packages/airflow/example_dags/example_latest_only.py
[2024-09-09T21:05:00.174-0300] {processor.py:925} INFO - DAG(s) 'latest_only' retrieved from /mnt/c/Users/teu20/Documents/Poli/Repo/eEDB011-20243/atividade 6 - WSL/airflow/airflow_env/lib/python3.10/site-packages/airflow/example_dags/example_latest_only.py
[2024-09-09T21:05:00.191-0300] {logging_mixin.py:190} INFO - [2024-09-09T21:05:00.190-0300] {dag.py:3229} INFO - Sync 1 DAGs
[2024-09-09T21:05:00.207-0300] {logging_mixin.py:190} INFO - [2024-09-09T21:05:00.206-0300] {dag.py:4156} INFO - Setting next_dagrun for latest_only to 2024-09-09 20:00:00+00:00, run_after=2024-09-10 00:00:00+00:00
[2024-09-09T21:05:00.221-0300] {processor.py:208} INFO - Processing /mnt/c/Users/teu20/Documents/Poli/Repo/eEDB011-20243/atividade 6 - WSL/airflow/airflow_env/lib/python3.10/site-packages/airflow/example_dags/example_latest_only.py took 0.071 seconds
[2024-09-09T21:05:30.707-0300] {processor.py:186} INFO - Started process (PID=267044) to work on /mnt/c/Users/teu20/Documents/Poli/Repo/eEDB011-20243/atividade 6 - WSL/airflow/airflow_env/lib/python3.10/site-packages/airflow/example_dags/example_latest_only.py
[2024-09-09T21:05:30.708-0300] {processor.py:914} INFO - Processing file /mnt/c/Users/teu20/Documents/Poli/Repo/eEDB011-20243/atividade 6 - WSL/airflow/airflow_env/lib/python3.10/site-packages/airflow/example_dags/example_latest_only.py for tasks to queue
[2024-09-09T21:05:30.710-0300] {logging_mixin.py:190} INFO - [2024-09-09T21:05:30.709-0300] {dagbag.py:587} INFO - Filling up the DagBag from /mnt/c/Users/teu20/Documents/Poli/Repo/eEDB011-20243/atividade 6 - WSL/airflow/airflow_env/lib/python3.10/site-packages/airflow/example_dags/example_latest_only.py
[2024-09-09T21:05:30.723-0300] {processor.py:925} INFO - DAG(s) 'latest_only' retrieved from /mnt/c/Users/teu20/Documents/Poli/Repo/eEDB011-20243/atividade 6 - WSL/airflow/airflow_env/lib/python3.10/site-packages/airflow/example_dags/example_latest_only.py
[2024-09-09T21:05:30.740-0300] {logging_mixin.py:190} INFO - [2024-09-09T21:05:30.739-0300] {dag.py:3229} INFO - Sync 1 DAGs
[2024-09-09T21:05:30.755-0300] {logging_mixin.py:190} INFO - [2024-09-09T21:05:30.754-0300] {dag.py:4156} INFO - Setting next_dagrun for latest_only to 2024-09-09 20:00:00+00:00, run_after=2024-09-10 00:00:00+00:00
[2024-09-09T21:05:30.770-0300] {processor.py:208} INFO - Processing /mnt/c/Users/teu20/Documents/Poli/Repo/eEDB011-20243/atividade 6 - WSL/airflow/airflow_env/lib/python3.10/site-packages/airflow/example_dags/example_latest_only.py took 0.070 seconds
[2024-09-09T21:06:01.177-0300] {processor.py:186} INFO - Started process (PID=267474) to work on /mnt/c/Users/teu20/Documents/Poli/Repo/eEDB011-20243/atividade 6 - WSL/airflow/airflow_env/lib/python3.10/site-packages/airflow/example_dags/example_latest_only.py
[2024-09-09T21:06:01.178-0300] {processor.py:914} INFO - Processing file /mnt/c/Users/teu20/Documents/Poli/Repo/eEDB011-20243/atividade 6 - WSL/airflow/airflow_env/lib/python3.10/site-packages/airflow/example_dags/example_latest_only.py for tasks to queue
[2024-09-09T21:06:01.180-0300] {logging_mixin.py:190} INFO - [2024-09-09T21:06:01.179-0300] {dagbag.py:587} INFO - Filling up the DagBag from /mnt/c/Users/teu20/Documents/Poli/Repo/eEDB011-20243/atividade 6 - WSL/airflow/airflow_env/lib/python3.10/site-packages/airflow/example_dags/example_latest_only.py
[2024-09-09T21:06:01.194-0300] {processor.py:925} INFO - DAG(s) 'latest_only' retrieved from /mnt/c/Users/teu20/Documents/Poli/Repo/eEDB011-20243/atividade 6 - WSL/airflow/airflow_env/lib/python3.10/site-packages/airflow/example_dags/example_latest_only.py
[2024-09-09T21:06:01.214-0300] {logging_mixin.py:190} INFO - [2024-09-09T21:06:01.213-0300] {dag.py:3229} INFO - Sync 1 DAGs
[2024-09-09T21:06:01.232-0300] {logging_mixin.py:190} INFO - [2024-09-09T21:06:01.231-0300] {dag.py:4156} INFO - Setting next_dagrun for latest_only to 2024-09-09 20:00:00+00:00, run_after=2024-09-10 00:00:00+00:00
[2024-09-09T21:06:01.249-0300] {processor.py:208} INFO - Processing /mnt/c/Users/teu20/Documents/Poli/Repo/eEDB011-20243/atividade 6 - WSL/airflow/airflow_env/lib/python3.10/site-packages/airflow/example_dags/example_latest_only.py took 0.081 seconds
[2024-09-09T21:06:31.579-0300] {processor.py:186} INFO - Started process (PID=267927) to work on /mnt/c/Users/teu20/Documents/Poli/Repo/eEDB011-20243/atividade 6 - WSL/airflow/airflow_env/lib/python3.10/site-packages/airflow/example_dags/example_latest_only.py
[2024-09-09T21:06:31.580-0300] {processor.py:914} INFO - Processing file /mnt/c/Users/teu20/Documents/Poli/Repo/eEDB011-20243/atividade 6 - WSL/airflow/airflow_env/lib/python3.10/site-packages/airflow/example_dags/example_latest_only.py for tasks to queue
[2024-09-09T21:06:31.582-0300] {logging_mixin.py:190} INFO - [2024-09-09T21:06:31.581-0300] {dagbag.py:587} INFO - Filling up the DagBag from /mnt/c/Users/teu20/Documents/Poli/Repo/eEDB011-20243/atividade 6 - WSL/airflow/airflow_env/lib/python3.10/site-packages/airflow/example_dags/example_latest_only.py
[2024-09-09T21:06:31.596-0300] {processor.py:925} INFO - DAG(s) 'latest_only' retrieved from /mnt/c/Users/teu20/Documents/Poli/Repo/eEDB011-20243/atividade 6 - WSL/airflow/airflow_env/lib/python3.10/site-packages/airflow/example_dags/example_latest_only.py
[2024-09-09T21:06:31.613-0300] {logging_mixin.py:190} INFO - [2024-09-09T21:06:31.613-0300] {dag.py:3229} INFO - Sync 1 DAGs
[2024-09-09T21:06:31.629-0300] {logging_mixin.py:190} INFO - [2024-09-09T21:06:31.628-0300] {dag.py:4156} INFO - Setting next_dagrun for latest_only to 2024-09-09 20:00:00+00:00, run_after=2024-09-10 00:00:00+00:00
[2024-09-09T21:06:31.643-0300] {processor.py:208} INFO - Processing /mnt/c/Users/teu20/Documents/Poli/Repo/eEDB011-20243/atividade 6 - WSL/airflow/airflow_env/lib/python3.10/site-packages/airflow/example_dags/example_latest_only.py took 0.072 seconds
[2024-09-09T21:07:02.116-0300] {processor.py:186} INFO - Started process (PID=268548) to work on /mnt/c/Users/teu20/Documents/Poli/Repo/eEDB011-20243/atividade 6 - WSL/airflow/airflow_env/lib/python3.10/site-packages/airflow/example_dags/example_latest_only.py
[2024-09-09T21:07:02.117-0300] {processor.py:914} INFO - Processing file /mnt/c/Users/teu20/Documents/Poli/Repo/eEDB011-20243/atividade 6 - WSL/airflow/airflow_env/lib/python3.10/site-packages/airflow/example_dags/example_latest_only.py for tasks to queue
[2024-09-09T21:07:02.119-0300] {logging_mixin.py:190} INFO - [2024-09-09T21:07:02.118-0300] {dagbag.py:587} INFO - Filling up the DagBag from /mnt/c/Users/teu20/Documents/Poli/Repo/eEDB011-20243/atividade 6 - WSL/airflow/airflow_env/lib/python3.10/site-packages/airflow/example_dags/example_latest_only.py
[2024-09-09T21:07:02.132-0300] {processor.py:925} INFO - DAG(s) 'latest_only' retrieved from /mnt/c/Users/teu20/Documents/Poli/Repo/eEDB011-20243/atividade 6 - WSL/airflow/airflow_env/lib/python3.10/site-packages/airflow/example_dags/example_latest_only.py
[2024-09-09T21:07:02.149-0300] {logging_mixin.py:190} INFO - [2024-09-09T21:07:02.148-0300] {dag.py:3229} INFO - Sync 1 DAGs
[2024-09-09T21:07:02.164-0300] {logging_mixin.py:190} INFO - [2024-09-09T21:07:02.164-0300] {dag.py:4156} INFO - Setting next_dagrun for latest_only to 2024-09-09 20:00:00+00:00, run_after=2024-09-10 00:00:00+00:00
[2024-09-09T21:07:02.179-0300] {processor.py:208} INFO - Processing /mnt/c/Users/teu20/Documents/Poli/Repo/eEDB011-20243/atividade 6 - WSL/airflow/airflow_env/lib/python3.10/site-packages/airflow/example_dags/example_latest_only.py took 0.071 seconds
[2024-09-09T21:07:32.454-0300] {processor.py:186} INFO - Started process (PID=269213) to work on /mnt/c/Users/teu20/Documents/Poli/Repo/eEDB011-20243/atividade 6 - WSL/airflow/airflow_env/lib/python3.10/site-packages/airflow/example_dags/example_latest_only.py
[2024-09-09T21:07:32.455-0300] {processor.py:914} INFO - Processing file /mnt/c/Users/teu20/Documents/Poli/Repo/eEDB011-20243/atividade 6 - WSL/airflow/airflow_env/lib/python3.10/site-packages/airflow/example_dags/example_latest_only.py for tasks to queue
[2024-09-09T21:07:32.457-0300] {logging_mixin.py:190} INFO - [2024-09-09T21:07:32.456-0300] {dagbag.py:587} INFO - Filling up the DagBag from /mnt/c/Users/teu20/Documents/Poli/Repo/eEDB011-20243/atividade 6 - WSL/airflow/airflow_env/lib/python3.10/site-packages/airflow/example_dags/example_latest_only.py
[2024-09-09T21:07:32.472-0300] {processor.py:925} INFO - DAG(s) 'latest_only' retrieved from /mnt/c/Users/teu20/Documents/Poli/Repo/eEDB011-20243/atividade 6 - WSL/airflow/airflow_env/lib/python3.10/site-packages/airflow/example_dags/example_latest_only.py
[2024-09-09T21:07:32.491-0300] {logging_mixin.py:190} INFO - [2024-09-09T21:07:32.490-0300] {dag.py:3229} INFO - Sync 1 DAGs
[2024-09-09T21:07:32.510-0300] {logging_mixin.py:190} INFO - [2024-09-09T21:07:32.509-0300] {dag.py:4156} INFO - Setting next_dagrun for latest_only to 2024-09-09 20:00:00+00:00, run_after=2024-09-10 00:00:00+00:00
[2024-09-09T21:07:32.527-0300] {processor.py:208} INFO - Processing /mnt/c/Users/teu20/Documents/Poli/Repo/eEDB011-20243/atividade 6 - WSL/airflow/airflow_env/lib/python3.10/site-packages/airflow/example_dags/example_latest_only.py took 0.082 seconds
[2024-09-09T21:08:02.964-0300] {processor.py:186} INFO - Started process (PID=269710) to work on /mnt/c/Users/teu20/Documents/Poli/Repo/eEDB011-20243/atividade 6 - WSL/airflow/airflow_env/lib/python3.10/site-packages/airflow/example_dags/example_latest_only.py
[2024-09-09T21:08:02.965-0300] {processor.py:914} INFO - Processing file /mnt/c/Users/teu20/Documents/Poli/Repo/eEDB011-20243/atividade 6 - WSL/airflow/airflow_env/lib/python3.10/site-packages/airflow/example_dags/example_latest_only.py for tasks to queue
[2024-09-09T21:08:02.967-0300] {logging_mixin.py:190} INFO - [2024-09-09T21:08:02.966-0300] {dagbag.py:587} INFO - Filling up the DagBag from /mnt/c/Users/teu20/Documents/Poli/Repo/eEDB011-20243/atividade 6 - WSL/airflow/airflow_env/lib/python3.10/site-packages/airflow/example_dags/example_latest_only.py
[2024-09-09T21:08:02.981-0300] {processor.py:925} INFO - DAG(s) 'latest_only' retrieved from /mnt/c/Users/teu20/Documents/Poli/Repo/eEDB011-20243/atividade 6 - WSL/airflow/airflow_env/lib/python3.10/site-packages/airflow/example_dags/example_latest_only.py
[2024-09-09T21:08:03.000-0300] {logging_mixin.py:190} INFO - [2024-09-09T21:08:02.999-0300] {dag.py:3229} INFO - Sync 1 DAGs
[2024-09-09T21:08:03.017-0300] {logging_mixin.py:190} INFO - [2024-09-09T21:08:03.017-0300] {dag.py:4156} INFO - Setting next_dagrun for latest_only to 2024-09-09 20:00:00+00:00, run_after=2024-09-10 00:00:00+00:00
[2024-09-09T21:08:03.033-0300] {processor.py:208} INFO - Processing /mnt/c/Users/teu20/Documents/Poli/Repo/eEDB011-20243/atividade 6 - WSL/airflow/airflow_env/lib/python3.10/site-packages/airflow/example_dags/example_latest_only.py took 0.077 seconds
