[2024-09-09T21:00:24.904-0300] {processor.py:186} INFO - Started process (PID=261596) to work on /mnt/c/Users/teu20/Documents/Poli/Repo/eEDB011-20243/atividade 6 - WSL/airflow/airflow_env/lib/python3.10/site-packages/airflow/example_dags/example_datasets.py
[2024-09-09T21:00:24.905-0300] {processor.py:914} INFO - Processing file /mnt/c/Users/teu20/Documents/Poli/Repo/eEDB011-20243/atividade 6 - WSL/airflow/airflow_env/lib/python3.10/site-packages/airflow/example_dags/example_datasets.py for tasks to queue
[2024-09-09T21:00:24.907-0300] {logging_mixin.py:190} INFO - [2024-09-09T21:00:24.907-0300] {dagbag.py:587} INFO - Filling up the DagBag from /mnt/c/Users/teu20/Documents/Poli/Repo/eEDB011-20243/atividade 6 - WSL/airflow/airflow_env/lib/python3.10/site-packages/airflow/example_dags/example_datasets.py
[2024-09-09T21:00:24.949-0300] {processor.py:925} INFO - DAG(s) 'dataset_produces_1', 'conditional_dataset_and_time_based_timetable', 'dataset_consumes_1_and_2', 'consume_1_or_both_2_and_3_with_dataset_expressions', 'dataset_consumes_1_never_scheduled', 'dataset_consumes_unknown_never_scheduled', 'consume_1_or_2_with_dataset_expressions', 'consume_1_and_2_with_dataset_expressions', 'dataset_produces_2', 'dataset_consumes_1' retrieved from /mnt/c/Users/teu20/Documents/Poli/Repo/eEDB011-20243/atividade 6 - WSL/airflow/airflow_env/lib/python3.10/site-packages/airflow/example_dags/example_datasets.py
[2024-09-09T21:00:24.982-0300] {logging_mixin.py:190} INFO - [2024-09-09T21:00:24.981-0300] {dag.py:3229} INFO - Sync 10 DAGs
[2024-09-09T21:00:24.995-0300] {logging_mixin.py:190} INFO - [2024-09-09T21:00:24.994-0300] {dag.py:4156} INFO - Setting next_dagrun for conditional_dataset_and_time_based_timetable to 2024-09-04 01:00:00+00:00, run_after=2024-09-04 01:00:00+00:00
[2024-09-09T21:00:24.998-0300] {logging_mixin.py:190} INFO - [2024-09-09T21:00:24.997-0300] {dag.py:4156} INFO - Setting next_dagrun for consume_1_and_2_with_dataset_expressions to None, run_after=None
[2024-09-09T21:00:25.000-0300] {logging_mixin.py:190} INFO - [2024-09-09T21:00:24.999-0300] {dag.py:4156} INFO - Setting next_dagrun for consume_1_or_2_with_dataset_expressions to None, run_after=None
[2024-09-09T21:00:25.002-0300] {logging_mixin.py:190} INFO - [2024-09-09T21:00:25.001-0300] {dag.py:4156} INFO - Setting next_dagrun for consume_1_or_both_2_and_3_with_dataset_expressions to None, run_after=None
[2024-09-09T21:00:25.004-0300] {logging_mixin.py:190} INFO - [2024-09-09T21:00:25.003-0300] {dag.py:4156} INFO - Setting next_dagrun for dataset_consumes_1 to None, run_after=None
[2024-09-09T21:00:25.006-0300] {logging_mixin.py:190} INFO - [2024-09-09T21:00:25.005-0300] {dag.py:4156} INFO - Setting next_dagrun for dataset_consumes_1_and_2 to None, run_after=None
[2024-09-09T21:00:25.008-0300] {logging_mixin.py:190} INFO - [2024-09-09T21:00:25.007-0300] {dag.py:4156} INFO - Setting next_dagrun for dataset_consumes_1_never_scheduled to None, run_after=None
[2024-09-09T21:00:25.010-0300] {logging_mixin.py:190} INFO - [2024-09-09T21:00:25.009-0300] {dag.py:4156} INFO - Setting next_dagrun for dataset_consumes_unknown_never_scheduled to None, run_after=None
[2024-09-09T21:00:25.012-0300] {logging_mixin.py:190} INFO - [2024-09-09T21:00:25.012-0300] {dag.py:4156} INFO - Setting next_dagrun for dataset_produces_1 to 2024-09-09 00:00:00+00:00, run_after=2024-09-10 00:00:00+00:00
[2024-09-09T21:00:25.014-0300] {logging_mixin.py:190} INFO - [2024-09-09T21:00:25.013-0300] {dag.py:4156} INFO - Setting next_dagrun for dataset_produces_2 to None, run_after=None
[2024-09-09T21:00:25.043-0300] {processor.py:208} INFO - Processing /mnt/c/Users/teu20/Documents/Poli/Repo/eEDB011-20243/atividade 6 - WSL/airflow/airflow_env/lib/python3.10/site-packages/airflow/example_dags/example_datasets.py took 0.146 seconds
[2024-09-09T21:00:55.502-0300] {processor.py:186} INFO - Started process (PID=262303) to work on /mnt/c/Users/teu20/Documents/Poli/Repo/eEDB011-20243/atividade 6 - WSL/airflow/airflow_env/lib/python3.10/site-packages/airflow/example_dags/example_datasets.py
[2024-09-09T21:00:55.503-0300] {processor.py:914} INFO - Processing file /mnt/c/Users/teu20/Documents/Poli/Repo/eEDB011-20243/atividade 6 - WSL/airflow/airflow_env/lib/python3.10/site-packages/airflow/example_dags/example_datasets.py for tasks to queue
[2024-09-09T21:00:55.505-0300] {logging_mixin.py:190} INFO - [2024-09-09T21:00:55.504-0300] {dagbag.py:587} INFO - Filling up the DagBag from /mnt/c/Users/teu20/Documents/Poli/Repo/eEDB011-20243/atividade 6 - WSL/airflow/airflow_env/lib/python3.10/site-packages/airflow/example_dags/example_datasets.py
[2024-09-09T21:00:55.548-0300] {processor.py:925} INFO - DAG(s) 'dataset_produces_1', 'dataset_consumes_unknown_never_scheduled', 'dataset_consumes_1', 'conditional_dataset_and_time_based_timetable', 'dataset_produces_2', 'dataset_consumes_1_never_scheduled', 'consume_1_and_2_with_dataset_expressions', 'dataset_consumes_1_and_2', 'consume_1_or_2_with_dataset_expressions', 'consume_1_or_both_2_and_3_with_dataset_expressions' retrieved from /mnt/c/Users/teu20/Documents/Poli/Repo/eEDB011-20243/atividade 6 - WSL/airflow/airflow_env/lib/python3.10/site-packages/airflow/example_dags/example_datasets.py
[2024-09-09T21:00:55.580-0300] {logging_mixin.py:190} INFO - [2024-09-09T21:00:55.579-0300] {dag.py:3229} INFO - Sync 10 DAGs
[2024-09-09T21:00:55.595-0300] {logging_mixin.py:190} INFO - [2024-09-09T21:00:55.594-0300] {dag.py:4156} INFO - Setting next_dagrun for conditional_dataset_and_time_based_timetable to 2024-09-04 01:00:00+00:00, run_after=2024-09-04 01:00:00+00:00
[2024-09-09T21:00:55.598-0300] {logging_mixin.py:190} INFO - [2024-09-09T21:00:55.597-0300] {dag.py:4156} INFO - Setting next_dagrun for consume_1_and_2_with_dataset_expressions to None, run_after=None
[2024-09-09T21:00:55.600-0300] {logging_mixin.py:190} INFO - [2024-09-09T21:00:55.599-0300] {dag.py:4156} INFO - Setting next_dagrun for consume_1_or_2_with_dataset_expressions to None, run_after=None
[2024-09-09T21:00:55.602-0300] {logging_mixin.py:190} INFO - [2024-09-09T21:00:55.601-0300] {dag.py:4156} INFO - Setting next_dagrun for consume_1_or_both_2_and_3_with_dataset_expressions to None, run_after=None
[2024-09-09T21:00:55.604-0300] {logging_mixin.py:190} INFO - [2024-09-09T21:00:55.603-0300] {dag.py:4156} INFO - Setting next_dagrun for dataset_consumes_1 to None, run_after=None
[2024-09-09T21:00:55.606-0300] {logging_mixin.py:190} INFO - [2024-09-09T21:00:55.605-0300] {dag.py:4156} INFO - Setting next_dagrun for dataset_consumes_1_and_2 to None, run_after=None
[2024-09-09T21:00:55.608-0300] {logging_mixin.py:190} INFO - [2024-09-09T21:00:55.607-0300] {dag.py:4156} INFO - Setting next_dagrun for dataset_consumes_1_never_scheduled to None, run_after=None
[2024-09-09T21:00:55.609-0300] {logging_mixin.py:190} INFO - [2024-09-09T21:00:55.609-0300] {dag.py:4156} INFO - Setting next_dagrun for dataset_consumes_unknown_never_scheduled to None, run_after=None
[2024-09-09T21:00:55.612-0300] {logging_mixin.py:190} INFO - [2024-09-09T21:00:55.611-0300] {dag.py:4156} INFO - Setting next_dagrun for dataset_produces_1 to 2024-09-09 00:00:00+00:00, run_after=2024-09-10 00:00:00+00:00
[2024-09-09T21:00:55.614-0300] {logging_mixin.py:190} INFO - [2024-09-09T21:00:55.613-0300] {dag.py:4156} INFO - Setting next_dagrun for dataset_produces_2 to None, run_after=None
[2024-09-09T21:00:55.643-0300] {processor.py:208} INFO - Processing /mnt/c/Users/teu20/Documents/Poli/Repo/eEDB011-20243/atividade 6 - WSL/airflow/airflow_env/lib/python3.10/site-packages/airflow/example_dags/example_datasets.py took 0.149 seconds
[2024-09-09T21:01:26.370-0300] {processor.py:186} INFO - Started process (PID=262732) to work on /mnt/c/Users/teu20/Documents/Poli/Repo/eEDB011-20243/atividade 6 - WSL/airflow/airflow_env/lib/python3.10/site-packages/airflow/example_dags/example_datasets.py
[2024-09-09T21:01:26.372-0300] {processor.py:914} INFO - Processing file /mnt/c/Users/teu20/Documents/Poli/Repo/eEDB011-20243/atividade 6 - WSL/airflow/airflow_env/lib/python3.10/site-packages/airflow/example_dags/example_datasets.py for tasks to queue
[2024-09-09T21:01:26.374-0300] {logging_mixin.py:190} INFO - [2024-09-09T21:01:26.373-0300] {dagbag.py:587} INFO - Filling up the DagBag from /mnt/c/Users/teu20/Documents/Poli/Repo/eEDB011-20243/atividade 6 - WSL/airflow/airflow_env/lib/python3.10/site-packages/airflow/example_dags/example_datasets.py
[2024-09-09T21:01:26.461-0300] {processor.py:925} INFO - DAG(s) 'dataset_produces_1', 'consume_1_or_2_with_dataset_expressions', 'consume_1_or_both_2_and_3_with_dataset_expressions', 'dataset_consumes_1_and_2', 'dataset_produces_2', 'dataset_consumes_1_never_scheduled', 'dataset_consumes_unknown_never_scheduled', 'consume_1_and_2_with_dataset_expressions', 'conditional_dataset_and_time_based_timetable', 'dataset_consumes_1' retrieved from /mnt/c/Users/teu20/Documents/Poli/Repo/eEDB011-20243/atividade 6 - WSL/airflow/airflow_env/lib/python3.10/site-packages/airflow/example_dags/example_datasets.py
[2024-09-09T21:01:26.498-0300] {logging_mixin.py:190} INFO - [2024-09-09T21:01:26.497-0300] {dag.py:3229} INFO - Sync 10 DAGs
[2024-09-09T21:01:26.516-0300] {logging_mixin.py:190} INFO - [2024-09-09T21:01:26.515-0300] {dag.py:4156} INFO - Setting next_dagrun for conditional_dataset_and_time_based_timetable to 2024-09-04 01:00:00+00:00, run_after=2024-09-04 01:00:00+00:00
[2024-09-09T21:01:26.519-0300] {logging_mixin.py:190} INFO - [2024-09-09T21:01:26.519-0300] {dag.py:4156} INFO - Setting next_dagrun for consume_1_and_2_with_dataset_expressions to None, run_after=None
[2024-09-09T21:01:26.521-0300] {logging_mixin.py:190} INFO - [2024-09-09T21:01:26.520-0300] {dag.py:4156} INFO - Setting next_dagrun for consume_1_or_2_with_dataset_expressions to None, run_after=None
[2024-09-09T21:01:26.523-0300] {logging_mixin.py:190} INFO - [2024-09-09T21:01:26.523-0300] {dag.py:4156} INFO - Setting next_dagrun for consume_1_or_both_2_and_3_with_dataset_expressions to None, run_after=None
[2024-09-09T21:01:26.525-0300] {logging_mixin.py:190} INFO - [2024-09-09T21:01:26.525-0300] {dag.py:4156} INFO - Setting next_dagrun for dataset_consumes_1 to None, run_after=None
[2024-09-09T21:01:26.527-0300] {logging_mixin.py:190} INFO - [2024-09-09T21:01:26.526-0300] {dag.py:4156} INFO - Setting next_dagrun for dataset_consumes_1_and_2 to None, run_after=None
[2024-09-09T21:01:26.530-0300] {logging_mixin.py:190} INFO - [2024-09-09T21:01:26.529-0300] {dag.py:4156} INFO - Setting next_dagrun for dataset_consumes_1_never_scheduled to None, run_after=None
[2024-09-09T21:01:26.532-0300] {logging_mixin.py:190} INFO - [2024-09-09T21:01:26.531-0300] {dag.py:4156} INFO - Setting next_dagrun for dataset_consumes_unknown_never_scheduled to None, run_after=None
[2024-09-09T21:01:26.534-0300] {logging_mixin.py:190} INFO - [2024-09-09T21:01:26.534-0300] {dag.py:4156} INFO - Setting next_dagrun for dataset_produces_1 to 2024-09-09 00:00:00+00:00, run_after=2024-09-10 00:00:00+00:00
[2024-09-09T21:01:26.536-0300] {logging_mixin.py:190} INFO - [2024-09-09T21:01:26.536-0300] {dag.py:4156} INFO - Setting next_dagrun for dataset_produces_2 to None, run_after=None
[2024-09-09T21:01:26.565-0300] {processor.py:208} INFO - Processing /mnt/c/Users/teu20/Documents/Poli/Repo/eEDB011-20243/atividade 6 - WSL/airflow/airflow_env/lib/python3.10/site-packages/airflow/example_dags/example_datasets.py took 0.204 seconds
[2024-09-09T21:01:57.286-0300] {processor.py:186} INFO - Started process (PID=263166) to work on /mnt/c/Users/teu20/Documents/Poli/Repo/eEDB011-20243/atividade 6 - WSL/airflow/airflow_env/lib/python3.10/site-packages/airflow/example_dags/example_datasets.py
[2024-09-09T21:01:57.287-0300] {processor.py:914} INFO - Processing file /mnt/c/Users/teu20/Documents/Poli/Repo/eEDB011-20243/atividade 6 - WSL/airflow/airflow_env/lib/python3.10/site-packages/airflow/example_dags/example_datasets.py for tasks to queue
[2024-09-09T21:01:57.289-0300] {logging_mixin.py:190} INFO - [2024-09-09T21:01:57.288-0300] {dagbag.py:587} INFO - Filling up the DagBag from /mnt/c/Users/teu20/Documents/Poli/Repo/eEDB011-20243/atividade 6 - WSL/airflow/airflow_env/lib/python3.10/site-packages/airflow/example_dags/example_datasets.py
[2024-09-09T21:01:57.351-0300] {processor.py:925} INFO - DAG(s) 'consume_1_or_2_with_dataset_expressions', 'dataset_produces_1', 'conditional_dataset_and_time_based_timetable', 'dataset_consumes_1_and_2', 'consume_1_and_2_with_dataset_expressions', 'consume_1_or_both_2_and_3_with_dataset_expressions', 'dataset_produces_2', 'dataset_consumes_unknown_never_scheduled', 'dataset_consumes_1_never_scheduled', 'dataset_consumes_1' retrieved from /mnt/c/Users/teu20/Documents/Poli/Repo/eEDB011-20243/atividade 6 - WSL/airflow/airflow_env/lib/python3.10/site-packages/airflow/example_dags/example_datasets.py
[2024-09-09T21:01:57.384-0300] {logging_mixin.py:190} INFO - [2024-09-09T21:01:57.383-0300] {dag.py:3229} INFO - Sync 10 DAGs
[2024-09-09T21:01:57.398-0300] {logging_mixin.py:190} INFO - [2024-09-09T21:01:57.397-0300] {dag.py:4156} INFO - Setting next_dagrun for conditional_dataset_and_time_based_timetable to 2024-09-04 01:00:00+00:00, run_after=2024-09-04 01:00:00+00:00
[2024-09-09T21:01:57.401-0300] {logging_mixin.py:190} INFO - [2024-09-09T21:01:57.400-0300] {dag.py:4156} INFO - Setting next_dagrun for consume_1_and_2_with_dataset_expressions to None, run_after=None
[2024-09-09T21:01:57.403-0300] {logging_mixin.py:190} INFO - [2024-09-09T21:01:57.402-0300] {dag.py:4156} INFO - Setting next_dagrun for consume_1_or_2_with_dataset_expressions to None, run_after=None
[2024-09-09T21:01:57.405-0300] {logging_mixin.py:190} INFO - [2024-09-09T21:01:57.404-0300] {dag.py:4156} INFO - Setting next_dagrun for consume_1_or_both_2_and_3_with_dataset_expressions to None, run_after=None
[2024-09-09T21:01:57.407-0300] {logging_mixin.py:190} INFO - [2024-09-09T21:01:57.406-0300] {dag.py:4156} INFO - Setting next_dagrun for dataset_consumes_1 to None, run_after=None
[2024-09-09T21:01:57.408-0300] {logging_mixin.py:190} INFO - [2024-09-09T21:01:57.408-0300] {dag.py:4156} INFO - Setting next_dagrun for dataset_consumes_1_and_2 to None, run_after=None
[2024-09-09T21:01:57.410-0300] {logging_mixin.py:190} INFO - [2024-09-09T21:01:57.410-0300] {dag.py:4156} INFO - Setting next_dagrun for dataset_consumes_1_never_scheduled to None, run_after=None
[2024-09-09T21:01:57.412-0300] {logging_mixin.py:190} INFO - [2024-09-09T21:01:57.411-0300] {dag.py:4156} INFO - Setting next_dagrun for dataset_consumes_unknown_never_scheduled to None, run_after=None
[2024-09-09T21:01:57.415-0300] {logging_mixin.py:190} INFO - [2024-09-09T21:01:57.414-0300] {dag.py:4156} INFO - Setting next_dagrun for dataset_produces_1 to 2024-09-09 00:00:00+00:00, run_after=2024-09-10 00:00:00+00:00
[2024-09-09T21:01:57.417-0300] {logging_mixin.py:190} INFO - [2024-09-09T21:01:57.416-0300] {dag.py:4156} INFO - Setting next_dagrun for dataset_produces_2 to None, run_after=None
[2024-09-09T21:01:57.445-0300] {processor.py:208} INFO - Processing /mnt/c/Users/teu20/Documents/Poli/Repo/eEDB011-20243/atividade 6 - WSL/airflow/airflow_env/lib/python3.10/site-packages/airflow/example_dags/example_datasets.py took 0.168 seconds
[2024-09-09T21:02:28.142-0300] {processor.py:186} INFO - Started process (PID=263595) to work on /mnt/c/Users/teu20/Documents/Poli/Repo/eEDB011-20243/atividade 6 - WSL/airflow/airflow_env/lib/python3.10/site-packages/airflow/example_dags/example_datasets.py
[2024-09-09T21:02:28.143-0300] {processor.py:914} INFO - Processing file /mnt/c/Users/teu20/Documents/Poli/Repo/eEDB011-20243/atividade 6 - WSL/airflow/airflow_env/lib/python3.10/site-packages/airflow/example_dags/example_datasets.py for tasks to queue
[2024-09-09T21:02:28.145-0300] {logging_mixin.py:190} INFO - [2024-09-09T21:02:28.144-0300] {dagbag.py:587} INFO - Filling up the DagBag from /mnt/c/Users/teu20/Documents/Poli/Repo/eEDB011-20243/atividade 6 - WSL/airflow/airflow_env/lib/python3.10/site-packages/airflow/example_dags/example_datasets.py
[2024-09-09T21:02:28.194-0300] {processor.py:925} INFO - DAG(s) 'dataset_produces_1', 'dataset_produces_2', 'dataset_consumes_unknown_never_scheduled', 'conditional_dataset_and_time_based_timetable', 'consume_1_and_2_with_dataset_expressions', 'consume_1_or_both_2_and_3_with_dataset_expressions', 'dataset_consumes_1_and_2', 'dataset_consumes_1_never_scheduled', 'dataset_consumes_1', 'consume_1_or_2_with_dataset_expressions' retrieved from /mnt/c/Users/teu20/Documents/Poli/Repo/eEDB011-20243/atividade 6 - WSL/airflow/airflow_env/lib/python3.10/site-packages/airflow/example_dags/example_datasets.py
[2024-09-09T21:02:28.232-0300] {logging_mixin.py:190} INFO - [2024-09-09T21:02:28.231-0300] {dag.py:3229} INFO - Sync 10 DAGs
[2024-09-09T21:02:28.248-0300] {logging_mixin.py:190} INFO - [2024-09-09T21:02:28.247-0300] {dag.py:4156} INFO - Setting next_dagrun for conditional_dataset_and_time_based_timetable to 2024-09-04 01:00:00+00:00, run_after=2024-09-04 01:00:00+00:00
[2024-09-09T21:02:28.251-0300] {logging_mixin.py:190} INFO - [2024-09-09T21:02:28.250-0300] {dag.py:4156} INFO - Setting next_dagrun for consume_1_and_2_with_dataset_expressions to None, run_after=None
[2024-09-09T21:02:28.253-0300] {logging_mixin.py:190} INFO - [2024-09-09T21:02:28.252-0300] {dag.py:4156} INFO - Setting next_dagrun for consume_1_or_2_with_dataset_expressions to None, run_after=None
[2024-09-09T21:02:28.255-0300] {logging_mixin.py:190} INFO - [2024-09-09T21:02:28.255-0300] {dag.py:4156} INFO - Setting next_dagrun for consume_1_or_both_2_and_3_with_dataset_expressions to None, run_after=None
[2024-09-09T21:02:28.257-0300] {logging_mixin.py:190} INFO - [2024-09-09T21:02:28.257-0300] {dag.py:4156} INFO - Setting next_dagrun for dataset_consumes_1 to None, run_after=None
[2024-09-09T21:02:28.260-0300] {logging_mixin.py:190} INFO - [2024-09-09T21:02:28.259-0300] {dag.py:4156} INFO - Setting next_dagrun for dataset_consumes_1_and_2 to None, run_after=None
[2024-09-09T21:02:28.262-0300] {logging_mixin.py:190} INFO - [2024-09-09T21:02:28.261-0300] {dag.py:4156} INFO - Setting next_dagrun for dataset_consumes_1_never_scheduled to None, run_after=None
[2024-09-09T21:02:28.264-0300] {logging_mixin.py:190} INFO - [2024-09-09T21:02:28.264-0300] {dag.py:4156} INFO - Setting next_dagrun for dataset_consumes_unknown_never_scheduled to None, run_after=None
[2024-09-09T21:02:28.267-0300] {logging_mixin.py:190} INFO - [2024-09-09T21:02:28.267-0300] {dag.py:4156} INFO - Setting next_dagrun for dataset_produces_1 to 2024-09-09 00:00:00+00:00, run_after=2024-09-10 00:00:00+00:00
[2024-09-09T21:02:28.269-0300] {logging_mixin.py:190} INFO - [2024-09-09T21:02:28.269-0300] {dag.py:4156} INFO - Setting next_dagrun for dataset_produces_2 to None, run_after=None
[2024-09-09T21:02:28.300-0300] {processor.py:208} INFO - Processing /mnt/c/Users/teu20/Documents/Poli/Repo/eEDB011-20243/atividade 6 - WSL/airflow/airflow_env/lib/python3.10/site-packages/airflow/example_dags/example_datasets.py took 0.167 seconds
[2024-09-09T21:02:58.616-0300] {processor.py:186} INFO - Started process (PID=264023) to work on /mnt/c/Users/teu20/Documents/Poli/Repo/eEDB011-20243/atividade 6 - WSL/airflow/airflow_env/lib/python3.10/site-packages/airflow/example_dags/example_datasets.py
[2024-09-09T21:02:58.617-0300] {processor.py:914} INFO - Processing file /mnt/c/Users/teu20/Documents/Poli/Repo/eEDB011-20243/atividade 6 - WSL/airflow/airflow_env/lib/python3.10/site-packages/airflow/example_dags/example_datasets.py for tasks to queue
[2024-09-09T21:02:58.619-0300] {logging_mixin.py:190} INFO - [2024-09-09T21:02:58.618-0300] {dagbag.py:587} INFO - Filling up the DagBag from /mnt/c/Users/teu20/Documents/Poli/Repo/eEDB011-20243/atividade 6 - WSL/airflow/airflow_env/lib/python3.10/site-packages/airflow/example_dags/example_datasets.py
[2024-09-09T21:02:58.696-0300] {processor.py:925} INFO - DAG(s) 'consume_1_and_2_with_dataset_expressions', 'dataset_consumes_1', 'dataset_produces_1', 'consume_1_or_2_with_dataset_expressions', 'dataset_consumes_unknown_never_scheduled', 'dataset_consumes_1_never_scheduled', 'dataset_consumes_1_and_2', 'dataset_produces_2', 'consume_1_or_both_2_and_3_with_dataset_expressions', 'conditional_dataset_and_time_based_timetable' retrieved from /mnt/c/Users/teu20/Documents/Poli/Repo/eEDB011-20243/atividade 6 - WSL/airflow/airflow_env/lib/python3.10/site-packages/airflow/example_dags/example_datasets.py
[2024-09-09T21:02:58.728-0300] {logging_mixin.py:190} INFO - [2024-09-09T21:02:58.727-0300] {dag.py:3229} INFO - Sync 10 DAGs
[2024-09-09T21:02:58.742-0300] {logging_mixin.py:190} INFO - [2024-09-09T21:02:58.741-0300] {dag.py:4156} INFO - Setting next_dagrun for conditional_dataset_and_time_based_timetable to 2024-09-04 01:00:00+00:00, run_after=2024-09-04 01:00:00+00:00
[2024-09-09T21:02:58.745-0300] {logging_mixin.py:190} INFO - [2024-09-09T21:02:58.744-0300] {dag.py:4156} INFO - Setting next_dagrun for consume_1_and_2_with_dataset_expressions to None, run_after=None
[2024-09-09T21:02:58.747-0300] {logging_mixin.py:190} INFO - [2024-09-09T21:02:58.746-0300] {dag.py:4156} INFO - Setting next_dagrun for consume_1_or_2_with_dataset_expressions to None, run_after=None
[2024-09-09T21:02:58.749-0300] {logging_mixin.py:190} INFO - [2024-09-09T21:02:58.748-0300] {dag.py:4156} INFO - Setting next_dagrun for consume_1_or_both_2_and_3_with_dataset_expressions to None, run_after=None
[2024-09-09T21:02:58.750-0300] {logging_mixin.py:190} INFO - [2024-09-09T21:02:58.750-0300] {dag.py:4156} INFO - Setting next_dagrun for dataset_consumes_1 to None, run_after=None
[2024-09-09T21:02:58.752-0300] {logging_mixin.py:190} INFO - [2024-09-09T21:02:58.752-0300] {dag.py:4156} INFO - Setting next_dagrun for dataset_consumes_1_and_2 to None, run_after=None
[2024-09-09T21:02:58.754-0300] {logging_mixin.py:190} INFO - [2024-09-09T21:02:58.754-0300] {dag.py:4156} INFO - Setting next_dagrun for dataset_consumes_1_never_scheduled to None, run_after=None
[2024-09-09T21:02:58.756-0300] {logging_mixin.py:190} INFO - [2024-09-09T21:02:58.756-0300] {dag.py:4156} INFO - Setting next_dagrun for dataset_consumes_unknown_never_scheduled to None, run_after=None
[2024-09-09T21:02:58.759-0300] {logging_mixin.py:190} INFO - [2024-09-09T21:02:58.758-0300] {dag.py:4156} INFO - Setting next_dagrun for dataset_produces_1 to 2024-09-09 00:00:00+00:00, run_after=2024-09-10 00:00:00+00:00
[2024-09-09T21:02:58.761-0300] {logging_mixin.py:190} INFO - [2024-09-09T21:02:58.760-0300] {dag.py:4156} INFO - Setting next_dagrun for dataset_produces_2 to None, run_after=None
[2024-09-09T21:02:58.790-0300] {processor.py:208} INFO - Processing /mnt/c/Users/teu20/Documents/Poli/Repo/eEDB011-20243/atividade 6 - WSL/airflow/airflow_env/lib/python3.10/site-packages/airflow/example_dags/example_datasets.py took 0.181 seconds
[2024-09-09T21:03:29.195-0300] {processor.py:186} INFO - Started process (PID=264456) to work on /mnt/c/Users/teu20/Documents/Poli/Repo/eEDB011-20243/atividade 6 - WSL/airflow/airflow_env/lib/python3.10/site-packages/airflow/example_dags/example_datasets.py
[2024-09-09T21:03:29.196-0300] {processor.py:914} INFO - Processing file /mnt/c/Users/teu20/Documents/Poli/Repo/eEDB011-20243/atividade 6 - WSL/airflow/airflow_env/lib/python3.10/site-packages/airflow/example_dags/example_datasets.py for tasks to queue
[2024-09-09T21:03:29.198-0300] {logging_mixin.py:190} INFO - [2024-09-09T21:03:29.197-0300] {dagbag.py:587} INFO - Filling up the DagBag from /mnt/c/Users/teu20/Documents/Poli/Repo/eEDB011-20243/atividade 6 - WSL/airflow/airflow_env/lib/python3.10/site-packages/airflow/example_dags/example_datasets.py
[2024-09-09T21:03:29.279-0300] {processor.py:925} INFO - DAG(s) 'consume_1_or_both_2_and_3_with_dataset_expressions', 'dataset_consumes_1', 'conditional_dataset_and_time_based_timetable', 'consume_1_and_2_with_dataset_expressions', 'dataset_produces_1', 'dataset_consumes_unknown_never_scheduled', 'dataset_consumes_1_never_scheduled', 'consume_1_or_2_with_dataset_expressions', 'dataset_consumes_1_and_2', 'dataset_produces_2' retrieved from /mnt/c/Users/teu20/Documents/Poli/Repo/eEDB011-20243/atividade 6 - WSL/airflow/airflow_env/lib/python3.10/site-packages/airflow/example_dags/example_datasets.py
[2024-09-09T21:03:29.310-0300] {logging_mixin.py:190} INFO - [2024-09-09T21:03:29.309-0300] {dag.py:3229} INFO - Sync 10 DAGs
[2024-09-09T21:03:29.324-0300] {logging_mixin.py:190} INFO - [2024-09-09T21:03:29.323-0300] {dag.py:4156} INFO - Setting next_dagrun for conditional_dataset_and_time_based_timetable to 2024-09-04 01:00:00+00:00, run_after=2024-09-04 01:00:00+00:00
[2024-09-09T21:03:29.327-0300] {logging_mixin.py:190} INFO - [2024-09-09T21:03:29.326-0300] {dag.py:4156} INFO - Setting next_dagrun for consume_1_and_2_with_dataset_expressions to None, run_after=None
[2024-09-09T21:03:29.329-0300] {logging_mixin.py:190} INFO - [2024-09-09T21:03:29.328-0300] {dag.py:4156} INFO - Setting next_dagrun for consume_1_or_2_with_dataset_expressions to None, run_after=None
[2024-09-09T21:03:29.331-0300] {logging_mixin.py:190} INFO - [2024-09-09T21:03:29.330-0300] {dag.py:4156} INFO - Setting next_dagrun for consume_1_or_both_2_and_3_with_dataset_expressions to None, run_after=None
[2024-09-09T21:03:29.332-0300] {logging_mixin.py:190} INFO - [2024-09-09T21:03:29.332-0300] {dag.py:4156} INFO - Setting next_dagrun for dataset_consumes_1 to None, run_after=None
[2024-09-09T21:03:29.334-0300] {logging_mixin.py:190} INFO - [2024-09-09T21:03:29.334-0300] {dag.py:4156} INFO - Setting next_dagrun for dataset_consumes_1_and_2 to None, run_after=None
[2024-09-09T21:03:29.336-0300] {logging_mixin.py:190} INFO - [2024-09-09T21:03:29.336-0300] {dag.py:4156} INFO - Setting next_dagrun for dataset_consumes_1_never_scheduled to None, run_after=None
[2024-09-09T21:03:29.338-0300] {logging_mixin.py:190} INFO - [2024-09-09T21:03:29.338-0300] {dag.py:4156} INFO - Setting next_dagrun for dataset_consumes_unknown_never_scheduled to None, run_after=None
[2024-09-09T21:03:29.342-0300] {logging_mixin.py:190} INFO - [2024-09-09T21:03:29.341-0300] {dag.py:4156} INFO - Setting next_dagrun for dataset_produces_1 to 2024-09-09 00:00:00+00:00, run_after=2024-09-10 00:00:00+00:00
[2024-09-09T21:03:29.344-0300] {logging_mixin.py:190} INFO - [2024-09-09T21:03:29.343-0300] {dag.py:4156} INFO - Setting next_dagrun for dataset_produces_2 to None, run_after=None
[2024-09-09T21:03:29.373-0300] {processor.py:208} INFO - Processing /mnt/c/Users/teu20/Documents/Poli/Repo/eEDB011-20243/atividade 6 - WSL/airflow/airflow_env/lib/python3.10/site-packages/airflow/example_dags/example_datasets.py took 0.185 seconds
[2024-09-09T21:03:59.820-0300] {processor.py:186} INFO - Started process (PID=264895) to work on /mnt/c/Users/teu20/Documents/Poli/Repo/eEDB011-20243/atividade 6 - WSL/airflow/airflow_env/lib/python3.10/site-packages/airflow/example_dags/example_datasets.py
[2024-09-09T21:03:59.821-0300] {processor.py:914} INFO - Processing file /mnt/c/Users/teu20/Documents/Poli/Repo/eEDB011-20243/atividade 6 - WSL/airflow/airflow_env/lib/python3.10/site-packages/airflow/example_dags/example_datasets.py for tasks to queue
[2024-09-09T21:03:59.823-0300] {logging_mixin.py:190} INFO - [2024-09-09T21:03:59.823-0300] {dagbag.py:587} INFO - Filling up the DagBag from /mnt/c/Users/teu20/Documents/Poli/Repo/eEDB011-20243/atividade 6 - WSL/airflow/airflow_env/lib/python3.10/site-packages/airflow/example_dags/example_datasets.py
[2024-09-09T21:03:59.903-0300] {processor.py:925} INFO - DAG(s) 'dataset_consumes_1_and_2', 'consume_1_or_2_with_dataset_expressions', 'dataset_produces_2', 'dataset_consumes_1', 'conditional_dataset_and_time_based_timetable', 'consume_1_and_2_with_dataset_expressions', 'consume_1_or_both_2_and_3_with_dataset_expressions', 'dataset_consumes_1_never_scheduled', 'dataset_consumes_unknown_never_scheduled', 'dataset_produces_1' retrieved from /mnt/c/Users/teu20/Documents/Poli/Repo/eEDB011-20243/atividade 6 - WSL/airflow/airflow_env/lib/python3.10/site-packages/airflow/example_dags/example_datasets.py
[2024-09-09T21:03:59.940-0300] {logging_mixin.py:190} INFO - [2024-09-09T21:03:59.939-0300] {dag.py:3229} INFO - Sync 10 DAGs
[2024-09-09T21:03:59.957-0300] {logging_mixin.py:190} INFO - [2024-09-09T21:03:59.956-0300] {dag.py:4156} INFO - Setting next_dagrun for conditional_dataset_and_time_based_timetable to 2024-09-04 01:00:00+00:00, run_after=2024-09-04 01:00:00+00:00
[2024-09-09T21:03:59.959-0300] {logging_mixin.py:190} INFO - [2024-09-09T21:03:59.959-0300] {dag.py:4156} INFO - Setting next_dagrun for consume_1_and_2_with_dataset_expressions to None, run_after=None
[2024-09-09T21:03:59.961-0300] {logging_mixin.py:190} INFO - [2024-09-09T21:03:59.961-0300] {dag.py:4156} INFO - Setting next_dagrun for consume_1_or_2_with_dataset_expressions to None, run_after=None
[2024-09-09T21:03:59.964-0300] {logging_mixin.py:190} INFO - [2024-09-09T21:03:59.963-0300] {dag.py:4156} INFO - Setting next_dagrun for consume_1_or_both_2_and_3_with_dataset_expressions to None, run_after=None
[2024-09-09T21:03:59.966-0300] {logging_mixin.py:190} INFO - [2024-09-09T21:03:59.965-0300] {dag.py:4156} INFO - Setting next_dagrun for dataset_consumes_1 to None, run_after=None
[2024-09-09T21:03:59.967-0300] {logging_mixin.py:190} INFO - [2024-09-09T21:03:59.967-0300] {dag.py:4156} INFO - Setting next_dagrun for dataset_consumes_1_and_2 to None, run_after=None
[2024-09-09T21:03:59.970-0300] {logging_mixin.py:190} INFO - [2024-09-09T21:03:59.969-0300] {dag.py:4156} INFO - Setting next_dagrun for dataset_consumes_1_never_scheduled to None, run_after=None
[2024-09-09T21:03:59.971-0300] {logging_mixin.py:190} INFO - [2024-09-09T21:03:59.971-0300] {dag.py:4156} INFO - Setting next_dagrun for dataset_consumes_unknown_never_scheduled to None, run_after=None
[2024-09-09T21:03:59.974-0300] {logging_mixin.py:190} INFO - [2024-09-09T21:03:59.974-0300] {dag.py:4156} INFO - Setting next_dagrun for dataset_produces_1 to 2024-09-09 00:00:00+00:00, run_after=2024-09-10 00:00:00+00:00
[2024-09-09T21:03:59.976-0300] {logging_mixin.py:190} INFO - [2024-09-09T21:03:59.976-0300] {dag.py:4156} INFO - Setting next_dagrun for dataset_produces_2 to None, run_after=None
[2024-09-09T21:04:00.007-0300] {processor.py:208} INFO - Processing /mnt/c/Users/teu20/Documents/Poli/Repo/eEDB011-20243/atividade 6 - WSL/airflow/airflow_env/lib/python3.10/site-packages/airflow/example_dags/example_datasets.py took 0.195 seconds
[2024-09-09T21:04:30.256-0300] {processor.py:186} INFO - Started process (PID=265332) to work on /mnt/c/Users/teu20/Documents/Poli/Repo/eEDB011-20243/atividade 6 - WSL/airflow/airflow_env/lib/python3.10/site-packages/airflow/example_dags/example_datasets.py
[2024-09-09T21:04:30.257-0300] {processor.py:914} INFO - Processing file /mnt/c/Users/teu20/Documents/Poli/Repo/eEDB011-20243/atividade 6 - WSL/airflow/airflow_env/lib/python3.10/site-packages/airflow/example_dags/example_datasets.py for tasks to queue
[2024-09-09T21:04:30.259-0300] {logging_mixin.py:190} INFO - [2024-09-09T21:04:30.258-0300] {dagbag.py:587} INFO - Filling up the DagBag from /mnt/c/Users/teu20/Documents/Poli/Repo/eEDB011-20243/atividade 6 - WSL/airflow/airflow_env/lib/python3.10/site-packages/airflow/example_dags/example_datasets.py
[2024-09-09T21:04:30.329-0300] {processor.py:925} INFO - DAG(s) 'dataset_consumes_1_never_scheduled', 'dataset_produces_1', 'consume_1_or_2_with_dataset_expressions', 'dataset_consumes_1_and_2', 'dataset_consumes_unknown_never_scheduled', 'conditional_dataset_and_time_based_timetable', 'consume_1_or_both_2_and_3_with_dataset_expressions', 'dataset_consumes_1', 'dataset_produces_2', 'consume_1_and_2_with_dataset_expressions' retrieved from /mnt/c/Users/teu20/Documents/Poli/Repo/eEDB011-20243/atividade 6 - WSL/airflow/airflow_env/lib/python3.10/site-packages/airflow/example_dags/example_datasets.py
[2024-09-09T21:04:30.364-0300] {logging_mixin.py:190} INFO - [2024-09-09T21:04:30.363-0300] {dag.py:3229} INFO - Sync 10 DAGs
[2024-09-09T21:04:30.381-0300] {logging_mixin.py:190} INFO - [2024-09-09T21:04:30.380-0300] {dag.py:4156} INFO - Setting next_dagrun for conditional_dataset_and_time_based_timetable to 2024-09-04 01:00:00+00:00, run_after=2024-09-04 01:00:00+00:00
[2024-09-09T21:04:30.385-0300] {logging_mixin.py:190} INFO - [2024-09-09T21:04:30.384-0300] {dag.py:4156} INFO - Setting next_dagrun for consume_1_and_2_with_dataset_expressions to None, run_after=None
[2024-09-09T21:04:30.387-0300] {logging_mixin.py:190} INFO - [2024-09-09T21:04:30.386-0300] {dag.py:4156} INFO - Setting next_dagrun for consume_1_or_2_with_dataset_expressions to None, run_after=None
[2024-09-09T21:04:30.389-0300] {logging_mixin.py:190} INFO - [2024-09-09T21:04:30.388-0300] {dag.py:4156} INFO - Setting next_dagrun for consume_1_or_both_2_and_3_with_dataset_expressions to None, run_after=None
[2024-09-09T21:04:30.391-0300] {logging_mixin.py:190} INFO - [2024-09-09T21:04:30.390-0300] {dag.py:4156} INFO - Setting next_dagrun for dataset_consumes_1 to None, run_after=None
[2024-09-09T21:04:30.393-0300] {logging_mixin.py:190} INFO - [2024-09-09T21:04:30.392-0300] {dag.py:4156} INFO - Setting next_dagrun for dataset_consumes_1_and_2 to None, run_after=None
[2024-09-09T21:04:30.395-0300] {logging_mixin.py:190} INFO - [2024-09-09T21:04:30.395-0300] {dag.py:4156} INFO - Setting next_dagrun for dataset_consumes_1_never_scheduled to None, run_after=None
[2024-09-09T21:04:30.397-0300] {logging_mixin.py:190} INFO - [2024-09-09T21:04:30.397-0300] {dag.py:4156} INFO - Setting next_dagrun for dataset_consumes_unknown_never_scheduled to None, run_after=None
[2024-09-09T21:04:30.400-0300] {logging_mixin.py:190} INFO - [2024-09-09T21:04:30.399-0300] {dag.py:4156} INFO - Setting next_dagrun for dataset_produces_1 to 2024-09-09 00:00:00+00:00, run_after=2024-09-10 00:00:00+00:00
[2024-09-09T21:04:30.402-0300] {logging_mixin.py:190} INFO - [2024-09-09T21:04:30.401-0300] {dag.py:4156} INFO - Setting next_dagrun for dataset_produces_2 to None, run_after=None
[2024-09-09T21:04:30.433-0300] {processor.py:208} INFO - Processing /mnt/c/Users/teu20/Documents/Poli/Repo/eEDB011-20243/atividade 6 - WSL/airflow/airflow_env/lib/python3.10/site-packages/airflow/example_dags/example_datasets.py took 0.185 seconds
[2024-09-09T21:05:00.750-0300] {processor.py:186} INFO - Started process (PID=266550) to work on /mnt/c/Users/teu20/Documents/Poli/Repo/eEDB011-20243/atividade 6 - WSL/airflow/airflow_env/lib/python3.10/site-packages/airflow/example_dags/example_datasets.py
[2024-09-09T21:05:00.751-0300] {processor.py:914} INFO - Processing file /mnt/c/Users/teu20/Documents/Poli/Repo/eEDB011-20243/atividade 6 - WSL/airflow/airflow_env/lib/python3.10/site-packages/airflow/example_dags/example_datasets.py for tasks to queue
[2024-09-09T21:05:00.753-0300] {logging_mixin.py:190} INFO - [2024-09-09T21:05:00.752-0300] {dagbag.py:587} INFO - Filling up the DagBag from /mnt/c/Users/teu20/Documents/Poli/Repo/eEDB011-20243/atividade 6 - WSL/airflow/airflow_env/lib/python3.10/site-packages/airflow/example_dags/example_datasets.py
[2024-09-09T21:05:00.795-0300] {processor.py:925} INFO - DAG(s) 'conditional_dataset_and_time_based_timetable', 'dataset_produces_2', 'dataset_produces_1', 'consume_1_or_both_2_and_3_with_dataset_expressions', 'dataset_consumes_1_never_scheduled', 'dataset_consumes_unknown_never_scheduled', 'consume_1_and_2_with_dataset_expressions', 'consume_1_or_2_with_dataset_expressions', 'dataset_consumes_1', 'dataset_consumes_1_and_2' retrieved from /mnt/c/Users/teu20/Documents/Poli/Repo/eEDB011-20243/atividade 6 - WSL/airflow/airflow_env/lib/python3.10/site-packages/airflow/example_dags/example_datasets.py
[2024-09-09T21:05:00.827-0300] {logging_mixin.py:190} INFO - [2024-09-09T21:05:00.826-0300] {dag.py:3229} INFO - Sync 10 DAGs
[2024-09-09T21:05:00.841-0300] {logging_mixin.py:190} INFO - [2024-09-09T21:05:00.840-0300] {dag.py:4156} INFO - Setting next_dagrun for conditional_dataset_and_time_based_timetable to 2024-09-04 01:00:00+00:00, run_after=2024-09-04 01:00:00+00:00
[2024-09-09T21:05:00.844-0300] {logging_mixin.py:190} INFO - [2024-09-09T21:05:00.843-0300] {dag.py:4156} INFO - Setting next_dagrun for consume_1_and_2_with_dataset_expressions to None, run_after=None
[2024-09-09T21:05:00.845-0300] {logging_mixin.py:190} INFO - [2024-09-09T21:05:00.845-0300] {dag.py:4156} INFO - Setting next_dagrun for consume_1_or_2_with_dataset_expressions to None, run_after=None
[2024-09-09T21:05:00.847-0300] {logging_mixin.py:190} INFO - [2024-09-09T21:05:00.847-0300] {dag.py:4156} INFO - Setting next_dagrun for consume_1_or_both_2_and_3_with_dataset_expressions to None, run_after=None
[2024-09-09T21:05:00.849-0300] {logging_mixin.py:190} INFO - [2024-09-09T21:05:00.849-0300] {dag.py:4156} INFO - Setting next_dagrun for dataset_consumes_1 to None, run_after=None
[2024-09-09T21:05:00.851-0300] {logging_mixin.py:190} INFO - [2024-09-09T21:05:00.851-0300] {dag.py:4156} INFO - Setting next_dagrun for dataset_consumes_1_and_2 to None, run_after=None
[2024-09-09T21:05:00.853-0300] {logging_mixin.py:190} INFO - [2024-09-09T21:05:00.853-0300] {dag.py:4156} INFO - Setting next_dagrun for dataset_consumes_1_never_scheduled to None, run_after=None
[2024-09-09T21:05:00.855-0300] {logging_mixin.py:190} INFO - [2024-09-09T21:05:00.854-0300] {dag.py:4156} INFO - Setting next_dagrun for dataset_consumes_unknown_never_scheduled to None, run_after=None
[2024-09-09T21:05:00.858-0300] {logging_mixin.py:190} INFO - [2024-09-09T21:05:00.857-0300] {dag.py:4156} INFO - Setting next_dagrun for dataset_produces_1 to 2024-09-09 00:00:00+00:00, run_after=2024-09-10 00:00:00+00:00
[2024-09-09T21:05:00.860-0300] {logging_mixin.py:190} INFO - [2024-09-09T21:05:00.859-0300] {dag.py:4156} INFO - Setting next_dagrun for dataset_produces_2 to None, run_after=None
[2024-09-09T21:05:00.888-0300] {processor.py:208} INFO - Processing /mnt/c/Users/teu20/Documents/Poli/Repo/eEDB011-20243/atividade 6 - WSL/airflow/airflow_env/lib/python3.10/site-packages/airflow/example_dags/example_datasets.py took 0.146 seconds
[2024-09-09T21:05:31.151-0300] {processor.py:186} INFO - Started process (PID=267075) to work on /mnt/c/Users/teu20/Documents/Poli/Repo/eEDB011-20243/atividade 6 - WSL/airflow/airflow_env/lib/python3.10/site-packages/airflow/example_dags/example_datasets.py
[2024-09-09T21:05:31.152-0300] {processor.py:914} INFO - Processing file /mnt/c/Users/teu20/Documents/Poli/Repo/eEDB011-20243/atividade 6 - WSL/airflow/airflow_env/lib/python3.10/site-packages/airflow/example_dags/example_datasets.py for tasks to queue
[2024-09-09T21:05:31.154-0300] {logging_mixin.py:190} INFO - [2024-09-09T21:05:31.153-0300] {dagbag.py:587} INFO - Filling up the DagBag from /mnt/c/Users/teu20/Documents/Poli/Repo/eEDB011-20243/atividade 6 - WSL/airflow/airflow_env/lib/python3.10/site-packages/airflow/example_dags/example_datasets.py
[2024-09-09T21:05:31.198-0300] {processor.py:925} INFO - DAG(s) 'consume_1_and_2_with_dataset_expressions', 'dataset_consumes_1', 'dataset_produces_1', 'dataset_produces_2', 'dataset_consumes_unknown_never_scheduled', 'conditional_dataset_and_time_based_timetable', 'consume_1_or_both_2_and_3_with_dataset_expressions', 'dataset_consumes_1_and_2', 'consume_1_or_2_with_dataset_expressions', 'dataset_consumes_1_never_scheduled' retrieved from /mnt/c/Users/teu20/Documents/Poli/Repo/eEDB011-20243/atividade 6 - WSL/airflow/airflow_env/lib/python3.10/site-packages/airflow/example_dags/example_datasets.py
[2024-09-09T21:05:31.231-0300] {logging_mixin.py:190} INFO - [2024-09-09T21:05:31.230-0300] {dag.py:3229} INFO - Sync 10 DAGs
[2024-09-09T21:05:31.247-0300] {logging_mixin.py:190} INFO - [2024-09-09T21:05:31.246-0300] {dag.py:4156} INFO - Setting next_dagrun for conditional_dataset_and_time_based_timetable to 2024-09-04 01:00:00+00:00, run_after=2024-09-04 01:00:00+00:00
[2024-09-09T21:05:31.250-0300] {logging_mixin.py:190} INFO - [2024-09-09T21:05:31.249-0300] {dag.py:4156} INFO - Setting next_dagrun for consume_1_and_2_with_dataset_expressions to None, run_after=None
[2024-09-09T21:05:31.252-0300] {logging_mixin.py:190} INFO - [2024-09-09T21:05:31.251-0300] {dag.py:4156} INFO - Setting next_dagrun for consume_1_or_2_with_dataset_expressions to None, run_after=None
[2024-09-09T21:05:31.254-0300] {logging_mixin.py:190} INFO - [2024-09-09T21:05:31.253-0300] {dag.py:4156} INFO - Setting next_dagrun for consume_1_or_both_2_and_3_with_dataset_expressions to None, run_after=None
[2024-09-09T21:05:31.256-0300] {logging_mixin.py:190} INFO - [2024-09-09T21:05:31.255-0300] {dag.py:4156} INFO - Setting next_dagrun for dataset_consumes_1 to None, run_after=None
[2024-09-09T21:05:31.260-0300] {logging_mixin.py:190} INFO - [2024-09-09T21:05:31.260-0300] {dag.py:4156} INFO - Setting next_dagrun for dataset_consumes_1_and_2 to None, run_after=None
[2024-09-09T21:05:31.262-0300] {logging_mixin.py:190} INFO - [2024-09-09T21:05:31.262-0300] {dag.py:4156} INFO - Setting next_dagrun for dataset_consumes_1_never_scheduled to None, run_after=None
[2024-09-09T21:05:31.264-0300] {logging_mixin.py:190} INFO - [2024-09-09T21:05:31.263-0300] {dag.py:4156} INFO - Setting next_dagrun for dataset_consumes_unknown_never_scheduled to None, run_after=None
[2024-09-09T21:05:31.267-0300] {logging_mixin.py:190} INFO - [2024-09-09T21:05:31.266-0300] {dag.py:4156} INFO - Setting next_dagrun for dataset_produces_1 to 2024-09-09 00:00:00+00:00, run_after=2024-09-10 00:00:00+00:00
[2024-09-09T21:05:31.269-0300] {logging_mixin.py:190} INFO - [2024-09-09T21:05:31.268-0300] {dag.py:4156} INFO - Setting next_dagrun for dataset_produces_2 to None, run_after=None
[2024-09-09T21:05:31.298-0300] {processor.py:208} INFO - Processing /mnt/c/Users/teu20/Documents/Poli/Repo/eEDB011-20243/atividade 6 - WSL/airflow/airflow_env/lib/python3.10/site-packages/airflow/example_dags/example_datasets.py took 0.155 seconds
[2024-09-09T21:06:01.641-0300] {processor.py:186} INFO - Started process (PID=267506) to work on /mnt/c/Users/teu20/Documents/Poli/Repo/eEDB011-20243/atividade 6 - WSL/airflow/airflow_env/lib/python3.10/site-packages/airflow/example_dags/example_datasets.py
[2024-09-09T21:06:01.642-0300] {processor.py:914} INFO - Processing file /mnt/c/Users/teu20/Documents/Poli/Repo/eEDB011-20243/atividade 6 - WSL/airflow/airflow_env/lib/python3.10/site-packages/airflow/example_dags/example_datasets.py for tasks to queue
[2024-09-09T21:06:01.644-0300] {logging_mixin.py:190} INFO - [2024-09-09T21:06:01.643-0300] {dagbag.py:587} INFO - Filling up the DagBag from /mnt/c/Users/teu20/Documents/Poli/Repo/eEDB011-20243/atividade 6 - WSL/airflow/airflow_env/lib/python3.10/site-packages/airflow/example_dags/example_datasets.py
[2024-09-09T21:06:01.688-0300] {processor.py:925} INFO - DAG(s) 'dataset_consumes_unknown_never_scheduled', 'dataset_consumes_1_never_scheduled', 'conditional_dataset_and_time_based_timetable', 'consume_1_or_both_2_and_3_with_dataset_expressions', 'dataset_consumes_1', 'consume_1_and_2_with_dataset_expressions', 'dataset_produces_1', 'dataset_consumes_1_and_2', 'consume_1_or_2_with_dataset_expressions', 'dataset_produces_2' retrieved from /mnt/c/Users/teu20/Documents/Poli/Repo/eEDB011-20243/atividade 6 - WSL/airflow/airflow_env/lib/python3.10/site-packages/airflow/example_dags/example_datasets.py
[2024-09-09T21:06:01.723-0300] {logging_mixin.py:190} INFO - [2024-09-09T21:06:01.722-0300] {dag.py:3229} INFO - Sync 10 DAGs
[2024-09-09T21:06:01.739-0300] {logging_mixin.py:190} INFO - [2024-09-09T21:06:01.738-0300] {dag.py:4156} INFO - Setting next_dagrun for conditional_dataset_and_time_based_timetable to 2024-09-04 01:00:00+00:00, run_after=2024-09-04 01:00:00+00:00
[2024-09-09T21:06:01.741-0300] {logging_mixin.py:190} INFO - [2024-09-09T21:06:01.741-0300] {dag.py:4156} INFO - Setting next_dagrun for consume_1_and_2_with_dataset_expressions to None, run_after=None
[2024-09-09T21:06:01.744-0300] {logging_mixin.py:190} INFO - [2024-09-09T21:06:01.743-0300] {dag.py:4156} INFO - Setting next_dagrun for consume_1_or_2_with_dataset_expressions to None, run_after=None
[2024-09-09T21:06:01.746-0300] {logging_mixin.py:190} INFO - [2024-09-09T21:06:01.745-0300] {dag.py:4156} INFO - Setting next_dagrun for consume_1_or_both_2_and_3_with_dataset_expressions to None, run_after=None
[2024-09-09T21:06:01.748-0300] {logging_mixin.py:190} INFO - [2024-09-09T21:06:01.747-0300] {dag.py:4156} INFO - Setting next_dagrun for dataset_consumes_1 to None, run_after=None
[2024-09-09T21:06:01.750-0300] {logging_mixin.py:190} INFO - [2024-09-09T21:06:01.749-0300] {dag.py:4156} INFO - Setting next_dagrun for dataset_consumes_1_and_2 to None, run_after=None
[2024-09-09T21:06:01.752-0300] {logging_mixin.py:190} INFO - [2024-09-09T21:06:01.751-0300] {dag.py:4156} INFO - Setting next_dagrun for dataset_consumes_1_never_scheduled to None, run_after=None
[2024-09-09T21:06:01.754-0300] {logging_mixin.py:190} INFO - [2024-09-09T21:06:01.753-0300] {dag.py:4156} INFO - Setting next_dagrun for dataset_consumes_unknown_never_scheduled to None, run_after=None
[2024-09-09T21:06:01.757-0300] {logging_mixin.py:190} INFO - [2024-09-09T21:06:01.756-0300] {dag.py:4156} INFO - Setting next_dagrun for dataset_produces_1 to 2024-09-09 00:00:00+00:00, run_after=2024-09-10 00:00:00+00:00
[2024-09-09T21:06:01.759-0300] {logging_mixin.py:190} INFO - [2024-09-09T21:06:01.758-0300] {dag.py:4156} INFO - Setting next_dagrun for dataset_produces_2 to None, run_after=None
[2024-09-09T21:06:01.790-0300] {processor.py:208} INFO - Processing /mnt/c/Users/teu20/Documents/Poli/Repo/eEDB011-20243/atividade 6 - WSL/airflow/airflow_env/lib/python3.10/site-packages/airflow/example_dags/example_datasets.py took 0.156 seconds
[2024-09-09T21:06:32.196-0300] {processor.py:186} INFO - Started process (PID=267964) to work on /mnt/c/Users/teu20/Documents/Poli/Repo/eEDB011-20243/atividade 6 - WSL/airflow/airflow_env/lib/python3.10/site-packages/airflow/example_dags/example_datasets.py
[2024-09-09T21:06:32.197-0300] {processor.py:914} INFO - Processing file /mnt/c/Users/teu20/Documents/Poli/Repo/eEDB011-20243/atividade 6 - WSL/airflow/airflow_env/lib/python3.10/site-packages/airflow/example_dags/example_datasets.py for tasks to queue
[2024-09-09T21:06:32.199-0300] {logging_mixin.py:190} INFO - [2024-09-09T21:06:32.199-0300] {dagbag.py:587} INFO - Filling up the DagBag from /mnt/c/Users/teu20/Documents/Poli/Repo/eEDB011-20243/atividade 6 - WSL/airflow/airflow_env/lib/python3.10/site-packages/airflow/example_dags/example_datasets.py
[2024-09-09T21:06:32.249-0300] {processor.py:925} INFO - DAG(s) 'dataset_consumes_1_and_2', 'consume_1_or_both_2_and_3_with_dataset_expressions', 'dataset_produces_1', 'consume_1_or_2_with_dataset_expressions', 'dataset_consumes_1', 'consume_1_and_2_with_dataset_expressions', 'dataset_produces_2', 'dataset_consumes_1_never_scheduled', 'dataset_consumes_unknown_never_scheduled', 'conditional_dataset_and_time_based_timetable' retrieved from /mnt/c/Users/teu20/Documents/Poli/Repo/eEDB011-20243/atividade 6 - WSL/airflow/airflow_env/lib/python3.10/site-packages/airflow/example_dags/example_datasets.py
[2024-09-09T21:06:32.282-0300] {logging_mixin.py:190} INFO - [2024-09-09T21:06:32.282-0300] {dag.py:3229} INFO - Sync 10 DAGs
[2024-09-09T21:06:32.297-0300] {logging_mixin.py:190} INFO - [2024-09-09T21:06:32.296-0300] {dag.py:4156} INFO - Setting next_dagrun for conditional_dataset_and_time_based_timetable to 2024-09-04 01:00:00+00:00, run_after=2024-09-04 01:00:00+00:00
[2024-09-09T21:06:32.300-0300] {logging_mixin.py:190} INFO - [2024-09-09T21:06:32.299-0300] {dag.py:4156} INFO - Setting next_dagrun for consume_1_and_2_with_dataset_expressions to None, run_after=None
[2024-09-09T21:06:32.302-0300] {logging_mixin.py:190} INFO - [2024-09-09T21:06:32.302-0300] {dag.py:4156} INFO - Setting next_dagrun for consume_1_or_2_with_dataset_expressions to None, run_after=None
[2024-09-09T21:06:32.304-0300] {logging_mixin.py:190} INFO - [2024-09-09T21:06:32.304-0300] {dag.py:4156} INFO - Setting next_dagrun for consume_1_or_both_2_and_3_with_dataset_expressions to None, run_after=None
[2024-09-09T21:06:32.306-0300] {logging_mixin.py:190} INFO - [2024-09-09T21:06:32.306-0300] {dag.py:4156} INFO - Setting next_dagrun for dataset_consumes_1 to None, run_after=None
[2024-09-09T21:06:32.308-0300] {logging_mixin.py:190} INFO - [2024-09-09T21:06:32.308-0300] {dag.py:4156} INFO - Setting next_dagrun for dataset_consumes_1_and_2 to None, run_after=None
[2024-09-09T21:06:32.311-0300] {logging_mixin.py:190} INFO - [2024-09-09T21:06:32.310-0300] {dag.py:4156} INFO - Setting next_dagrun for dataset_consumes_1_never_scheduled to None, run_after=None
[2024-09-09T21:06:32.313-0300] {logging_mixin.py:190} INFO - [2024-09-09T21:06:32.312-0300] {dag.py:4156} INFO - Setting next_dagrun for dataset_consumes_unknown_never_scheduled to None, run_after=None
[2024-09-09T21:06:32.317-0300] {logging_mixin.py:190} INFO - [2024-09-09T21:06:32.316-0300] {dag.py:4156} INFO - Setting next_dagrun for dataset_produces_1 to 2024-09-09 00:00:00+00:00, run_after=2024-09-10 00:00:00+00:00
[2024-09-09T21:06:32.319-0300] {logging_mixin.py:190} INFO - [2024-09-09T21:06:32.319-0300] {dag.py:4156} INFO - Setting next_dagrun for dataset_produces_2 to None, run_after=None
[2024-09-09T21:06:32.351-0300] {processor.py:208} INFO - Processing /mnt/c/Users/teu20/Documents/Poli/Repo/eEDB011-20243/atividade 6 - WSL/airflow/airflow_env/lib/python3.10/site-packages/airflow/example_dags/example_datasets.py took 0.162 seconds
[2024-09-09T21:07:02.786-0300] {processor.py:186} INFO - Started process (PID=268591) to work on /mnt/c/Users/teu20/Documents/Poli/Repo/eEDB011-20243/atividade 6 - WSL/airflow/airflow_env/lib/python3.10/site-packages/airflow/example_dags/example_datasets.py
[2024-09-09T21:07:02.787-0300] {processor.py:914} INFO - Processing file /mnt/c/Users/teu20/Documents/Poli/Repo/eEDB011-20243/atividade 6 - WSL/airflow/airflow_env/lib/python3.10/site-packages/airflow/example_dags/example_datasets.py for tasks to queue
[2024-09-09T21:07:02.789-0300] {logging_mixin.py:190} INFO - [2024-09-09T21:07:02.788-0300] {dagbag.py:587} INFO - Filling up the DagBag from /mnt/c/Users/teu20/Documents/Poli/Repo/eEDB011-20243/atividade 6 - WSL/airflow/airflow_env/lib/python3.10/site-packages/airflow/example_dags/example_datasets.py
[2024-09-09T21:07:02.865-0300] {processor.py:925} INFO - DAG(s) 'dataset_produces_2', 'dataset_consumes_1_and_2', 'conditional_dataset_and_time_based_timetable', 'dataset_produces_1', 'consume_1_or_both_2_and_3_with_dataset_expressions', 'consume_1_and_2_with_dataset_expressions', 'dataset_consumes_1_never_scheduled', 'dataset_consumes_unknown_never_scheduled', 'consume_1_or_2_with_dataset_expressions', 'dataset_consumes_1' retrieved from /mnt/c/Users/teu20/Documents/Poli/Repo/eEDB011-20243/atividade 6 - WSL/airflow/airflow_env/lib/python3.10/site-packages/airflow/example_dags/example_datasets.py
[2024-09-09T21:07:02.899-0300] {logging_mixin.py:190} INFO - [2024-09-09T21:07:02.898-0300] {dag.py:3229} INFO - Sync 10 DAGs
[2024-09-09T21:07:02.913-0300] {logging_mixin.py:190} INFO - [2024-09-09T21:07:02.912-0300] {dag.py:4156} INFO - Setting next_dagrun for conditional_dataset_and_time_based_timetable to 2024-09-04 01:00:00+00:00, run_after=2024-09-04 01:00:00+00:00
[2024-09-09T21:07:02.916-0300] {logging_mixin.py:190} INFO - [2024-09-09T21:07:02.915-0300] {dag.py:4156} INFO - Setting next_dagrun for consume_1_and_2_with_dataset_expressions to None, run_after=None
[2024-09-09T21:07:02.918-0300] {logging_mixin.py:190} INFO - [2024-09-09T21:07:02.917-0300] {dag.py:4156} INFO - Setting next_dagrun for consume_1_or_2_with_dataset_expressions to None, run_after=None
[2024-09-09T21:07:02.920-0300] {logging_mixin.py:190} INFO - [2024-09-09T21:07:02.919-0300] {dag.py:4156} INFO - Setting next_dagrun for consume_1_or_both_2_and_3_with_dataset_expressions to None, run_after=None
[2024-09-09T21:07:02.921-0300] {logging_mixin.py:190} INFO - [2024-09-09T21:07:02.921-0300] {dag.py:4156} INFO - Setting next_dagrun for dataset_consumes_1 to None, run_after=None
[2024-09-09T21:07:02.923-0300] {logging_mixin.py:190} INFO - [2024-09-09T21:07:02.923-0300] {dag.py:4156} INFO - Setting next_dagrun for dataset_consumes_1_and_2 to None, run_after=None
[2024-09-09T21:07:02.925-0300] {logging_mixin.py:190} INFO - [2024-09-09T21:07:02.925-0300] {dag.py:4156} INFO - Setting next_dagrun for dataset_consumes_1_never_scheduled to None, run_after=None
[2024-09-09T21:07:02.927-0300] {logging_mixin.py:190} INFO - [2024-09-09T21:07:02.927-0300] {dag.py:4156} INFO - Setting next_dagrun for dataset_consumes_unknown_never_scheduled to None, run_after=None
[2024-09-09T21:07:02.930-0300] {logging_mixin.py:190} INFO - [2024-09-09T21:07:02.929-0300] {dag.py:4156} INFO - Setting next_dagrun for dataset_produces_1 to 2024-09-09 00:00:00+00:00, run_after=2024-09-10 00:00:00+00:00
[2024-09-09T21:07:02.932-0300] {logging_mixin.py:190} INFO - [2024-09-09T21:07:02.931-0300] {dag.py:4156} INFO - Setting next_dagrun for dataset_produces_2 to None, run_after=None
[2024-09-09T21:07:02.962-0300] {processor.py:208} INFO - Processing /mnt/c/Users/teu20/Documents/Poli/Repo/eEDB011-20243/atividade 6 - WSL/airflow/airflow_env/lib/python3.10/site-packages/airflow/example_dags/example_datasets.py took 0.184 seconds
[2024-09-09T21:07:33.484-0300] {processor.py:186} INFO - Started process (PID=269262) to work on /mnt/c/Users/teu20/Documents/Poli/Repo/eEDB011-20243/atividade 6 - WSL/airflow/airflow_env/lib/python3.10/site-packages/airflow/example_dags/example_datasets.py
[2024-09-09T21:07:33.486-0300] {processor.py:914} INFO - Processing file /mnt/c/Users/teu20/Documents/Poli/Repo/eEDB011-20243/atividade 6 - WSL/airflow/airflow_env/lib/python3.10/site-packages/airflow/example_dags/example_datasets.py for tasks to queue
[2024-09-09T21:07:33.487-0300] {logging_mixin.py:190} INFO - [2024-09-09T21:07:33.487-0300] {dagbag.py:587} INFO - Filling up the DagBag from /mnt/c/Users/teu20/Documents/Poli/Repo/eEDB011-20243/atividade 6 - WSL/airflow/airflow_env/lib/python3.10/site-packages/airflow/example_dags/example_datasets.py
[2024-09-09T21:07:33.571-0300] {processor.py:925} INFO - DAG(s) 'dataset_produces_2', 'dataset_produces_1', 'dataset_consumes_1_and_2', 'dataset_consumes_1', 'consume_1_or_both_2_and_3_with_dataset_expressions', 'dataset_consumes_1_never_scheduled', 'dataset_consumes_unknown_never_scheduled', 'consume_1_or_2_with_dataset_expressions', 'conditional_dataset_and_time_based_timetable', 'consume_1_and_2_with_dataset_expressions' retrieved from /mnt/c/Users/teu20/Documents/Poli/Repo/eEDB011-20243/atividade 6 - WSL/airflow/airflow_env/lib/python3.10/site-packages/airflow/example_dags/example_datasets.py
[2024-09-09T21:07:33.605-0300] {logging_mixin.py:190} INFO - [2024-09-09T21:07:33.604-0300] {dag.py:3229} INFO - Sync 10 DAGs
[2024-09-09T21:07:33.621-0300] {logging_mixin.py:190} INFO - [2024-09-09T21:07:33.620-0300] {dag.py:4156} INFO - Setting next_dagrun for conditional_dataset_and_time_based_timetable to 2024-09-04 01:00:00+00:00, run_after=2024-09-04 01:00:00+00:00
[2024-09-09T21:07:33.624-0300] {logging_mixin.py:190} INFO - [2024-09-09T21:07:33.623-0300] {dag.py:4156} INFO - Setting next_dagrun for consume_1_and_2_with_dataset_expressions to None, run_after=None
[2024-09-09T21:07:33.625-0300] {logging_mixin.py:190} INFO - [2024-09-09T21:07:33.625-0300] {dag.py:4156} INFO - Setting next_dagrun for consume_1_or_2_with_dataset_expressions to None, run_after=None
[2024-09-09T21:07:33.627-0300] {logging_mixin.py:190} INFO - [2024-09-09T21:07:33.627-0300] {dag.py:4156} INFO - Setting next_dagrun for consume_1_or_both_2_and_3_with_dataset_expressions to None, run_after=None
[2024-09-09T21:07:33.629-0300] {logging_mixin.py:190} INFO - [2024-09-09T21:07:33.629-0300] {dag.py:4156} INFO - Setting next_dagrun for dataset_consumes_1 to None, run_after=None
[2024-09-09T21:07:33.631-0300] {logging_mixin.py:190} INFO - [2024-09-09T21:07:33.630-0300] {dag.py:4156} INFO - Setting next_dagrun for dataset_consumes_1_and_2 to None, run_after=None
[2024-09-09T21:07:33.633-0300] {logging_mixin.py:190} INFO - [2024-09-09T21:07:33.632-0300] {dag.py:4156} INFO - Setting next_dagrun for dataset_consumes_1_never_scheduled to None, run_after=None
[2024-09-09T21:07:33.635-0300] {logging_mixin.py:190} INFO - [2024-09-09T21:07:33.634-0300] {dag.py:4156} INFO - Setting next_dagrun for dataset_consumes_unknown_never_scheduled to None, run_after=None
[2024-09-09T21:07:33.637-0300] {logging_mixin.py:190} INFO - [2024-09-09T21:07:33.637-0300] {dag.py:4156} INFO - Setting next_dagrun for dataset_produces_1 to 2024-09-09 00:00:00+00:00, run_after=2024-09-10 00:00:00+00:00
[2024-09-09T21:07:33.639-0300] {logging_mixin.py:190} INFO - [2024-09-09T21:07:33.639-0300] {dag.py:4156} INFO - Setting next_dagrun for dataset_produces_2 to None, run_after=None
[2024-09-09T21:07:33.670-0300] {processor.py:208} INFO - Processing /mnt/c/Users/teu20/Documents/Poli/Repo/eEDB011-20243/atividade 6 - WSL/airflow/airflow_env/lib/python3.10/site-packages/airflow/example_dags/example_datasets.py took 0.193 seconds
[2024-09-09T21:08:03.949-0300] {processor.py:186} INFO - Started process (PID=269763) to work on /mnt/c/Users/teu20/Documents/Poli/Repo/eEDB011-20243/atividade 6 - WSL/airflow/airflow_env/lib/python3.10/site-packages/airflow/example_dags/example_datasets.py
[2024-09-09T21:08:03.950-0300] {processor.py:914} INFO - Processing file /mnt/c/Users/teu20/Documents/Poli/Repo/eEDB011-20243/atividade 6 - WSL/airflow/airflow_env/lib/python3.10/site-packages/airflow/example_dags/example_datasets.py for tasks to queue
[2024-09-09T21:08:03.952-0300] {logging_mixin.py:190} INFO - [2024-09-09T21:08:03.951-0300] {dagbag.py:587} INFO - Filling up the DagBag from /mnt/c/Users/teu20/Documents/Poli/Repo/eEDB011-20243/atividade 6 - WSL/airflow/airflow_env/lib/python3.10/site-packages/airflow/example_dags/example_datasets.py
[2024-09-09T21:08:04.027-0300] {processor.py:925} INFO - DAG(s) 'dataset_consumes_1_never_scheduled', 'consume_1_or_2_with_dataset_expressions', 'dataset_produces_1', 'dataset_consumes_1', 'dataset_produces_2', 'dataset_consumes_unknown_never_scheduled', 'consume_1_or_both_2_and_3_with_dataset_expressions', 'dataset_consumes_1_and_2', 'consume_1_and_2_with_dataset_expressions', 'conditional_dataset_and_time_based_timetable' retrieved from /mnt/c/Users/teu20/Documents/Poli/Repo/eEDB011-20243/atividade 6 - WSL/airflow/airflow_env/lib/python3.10/site-packages/airflow/example_dags/example_datasets.py
[2024-09-09T21:08:04.059-0300] {logging_mixin.py:190} INFO - [2024-09-09T21:08:04.059-0300] {dag.py:3229} INFO - Sync 10 DAGs
[2024-09-09T21:08:04.073-0300] {logging_mixin.py:190} INFO - [2024-09-09T21:08:04.073-0300] {dag.py:4156} INFO - Setting next_dagrun for conditional_dataset_and_time_based_timetable to 2024-09-04 01:00:00+00:00, run_after=2024-09-04 01:00:00+00:00
[2024-09-09T21:08:04.076-0300] {logging_mixin.py:190} INFO - [2024-09-09T21:08:04.075-0300] {dag.py:4156} INFO - Setting next_dagrun for consume_1_and_2_with_dataset_expressions to None, run_after=None
[2024-09-09T21:08:04.078-0300] {logging_mixin.py:190} INFO - [2024-09-09T21:08:04.077-0300] {dag.py:4156} INFO - Setting next_dagrun for consume_1_or_2_with_dataset_expressions to None, run_after=None
[2024-09-09T21:08:04.080-0300] {logging_mixin.py:190} INFO - [2024-09-09T21:08:04.079-0300] {dag.py:4156} INFO - Setting next_dagrun for consume_1_or_both_2_and_3_with_dataset_expressions to None, run_after=None
[2024-09-09T21:08:04.082-0300] {logging_mixin.py:190} INFO - [2024-09-09T21:08:04.081-0300] {dag.py:4156} INFO - Setting next_dagrun for dataset_consumes_1 to None, run_after=None
[2024-09-09T21:08:04.084-0300] {logging_mixin.py:190} INFO - [2024-09-09T21:08:04.083-0300] {dag.py:4156} INFO - Setting next_dagrun for dataset_consumes_1_and_2 to None, run_after=None
[2024-09-09T21:08:04.086-0300] {logging_mixin.py:190} INFO - [2024-09-09T21:08:04.085-0300] {dag.py:4156} INFO - Setting next_dagrun for dataset_consumes_1_never_scheduled to None, run_after=None
[2024-09-09T21:08:04.088-0300] {logging_mixin.py:190} INFO - [2024-09-09T21:08:04.087-0300] {dag.py:4156} INFO - Setting next_dagrun for dataset_consumes_unknown_never_scheduled to None, run_after=None
[2024-09-09T21:08:04.090-0300] {logging_mixin.py:190} INFO - [2024-09-09T21:08:04.090-0300] {dag.py:4156} INFO - Setting next_dagrun for dataset_produces_1 to 2024-09-09 00:00:00+00:00, run_after=2024-09-10 00:00:00+00:00
[2024-09-09T21:08:04.092-0300] {logging_mixin.py:190} INFO - [2024-09-09T21:08:04.092-0300] {dag.py:4156} INFO - Setting next_dagrun for dataset_produces_2 to None, run_after=None
[2024-09-09T21:08:04.122-0300] {processor.py:208} INFO - Processing /mnt/c/Users/teu20/Documents/Poli/Repo/eEDB011-20243/atividade 6 - WSL/airflow/airflow_env/lib/python3.10/site-packages/airflow/example_dags/example_datasets.py took 0.181 seconds
