[2024-09-09T21:00:22.836-0300] {processor.py:186} INFO - Started process (PID=261470) to work on /mnt/c/Users/teu20/Documents/Poli/Repo/eEDB011-20243/atividade 6 - WSL/airflow/airflow_env/lib/python3.10/site-packages/airflow/example_dags/example_short_circuit_operator.py
[2024-09-09T21:00:22.837-0300] {processor.py:914} INFO - Processing file /mnt/c/Users/teu20/Documents/Poli/Repo/eEDB011-20243/atividade 6 - WSL/airflow/airflow_env/lib/python3.10/site-packages/airflow/example_dags/example_short_circuit_operator.py for tasks to queue
[2024-09-09T21:00:22.838-0300] {logging_mixin.py:190} INFO - [2024-09-09T21:00:22.838-0300] {dagbag.py:587} INFO - Filling up the DagBag from /mnt/c/Users/teu20/Documents/Poli/Repo/eEDB011-20243/atividade 6 - WSL/airflow/airflow_env/lib/python3.10/site-packages/airflow/example_dags/example_short_circuit_operator.py
[2024-09-09T21:00:22.852-0300] {processor.py:925} INFO - DAG(s) 'example_short_circuit_operator' retrieved from /mnt/c/Users/teu20/Documents/Poli/Repo/eEDB011-20243/atividade 6 - WSL/airflow/airflow_env/lib/python3.10/site-packages/airflow/example_dags/example_short_circuit_operator.py
[2024-09-09T21:00:22.873-0300] {logging_mixin.py:190} INFO - [2024-09-09T21:00:22.873-0300] {dag.py:3229} INFO - Sync 1 DAGs
[2024-09-09T21:00:22.882-0300] {logging_mixin.py:190} INFO - [2024-09-09T21:00:22.881-0300] {dag.py:4156} INFO - Setting next_dagrun for example_short_circuit_operator to None, run_after=None
[2024-09-09T21:00:22.897-0300] {processor.py:208} INFO - Processing /mnt/c/Users/teu20/Documents/Poli/Repo/eEDB011-20243/atividade 6 - WSL/airflow/airflow_env/lib/python3.10/site-packages/airflow/example_dags/example_short_circuit_operator.py took 0.069 seconds
[2024-09-09T21:00:53.307-0300] {processor.py:186} INFO - Started process (PID=262173) to work on /mnt/c/Users/teu20/Documents/Poli/Repo/eEDB011-20243/atividade 6 - WSL/airflow/airflow_env/lib/python3.10/site-packages/airflow/example_dags/example_short_circuit_operator.py
[2024-09-09T21:00:53.309-0300] {processor.py:914} INFO - Processing file /mnt/c/Users/teu20/Documents/Poli/Repo/eEDB011-20243/atividade 6 - WSL/airflow/airflow_env/lib/python3.10/site-packages/airflow/example_dags/example_short_circuit_operator.py for tasks to queue
[2024-09-09T21:00:53.311-0300] {logging_mixin.py:190} INFO - [2024-09-09T21:00:53.310-0300] {dagbag.py:587} INFO - Filling up the DagBag from /mnt/c/Users/teu20/Documents/Poli/Repo/eEDB011-20243/atividade 6 - WSL/airflow/airflow_env/lib/python3.10/site-packages/airflow/example_dags/example_short_circuit_operator.py
[2024-09-09T21:00:53.325-0300] {processor.py:925} INFO - DAG(s) 'example_short_circuit_operator' retrieved from /mnt/c/Users/teu20/Documents/Poli/Repo/eEDB011-20243/atividade 6 - WSL/airflow/airflow_env/lib/python3.10/site-packages/airflow/example_dags/example_short_circuit_operator.py
[2024-09-09T21:00:53.346-0300] {logging_mixin.py:190} INFO - [2024-09-09T21:00:53.346-0300] {dag.py:3229} INFO - Sync 1 DAGs
[2024-09-09T21:00:53.356-0300] {logging_mixin.py:190} INFO - [2024-09-09T21:00:53.355-0300] {dag.py:4156} INFO - Setting next_dagrun for example_short_circuit_operator to None, run_after=None
[2024-09-09T21:00:53.371-0300] {processor.py:208} INFO - Processing /mnt/c/Users/teu20/Documents/Poli/Repo/eEDB011-20243/atividade 6 - WSL/airflow/airflow_env/lib/python3.10/site-packages/airflow/example_dags/example_short_circuit_operator.py took 0.072 seconds
[2024-09-09T21:01:23.810-0300] {processor.py:186} INFO - Started process (PID=262609) to work on /mnt/c/Users/teu20/Documents/Poli/Repo/eEDB011-20243/atividade 6 - WSL/airflow/airflow_env/lib/python3.10/site-packages/airflow/example_dags/example_short_circuit_operator.py
[2024-09-09T21:01:23.811-0300] {processor.py:914} INFO - Processing file /mnt/c/Users/teu20/Documents/Poli/Repo/eEDB011-20243/atividade 6 - WSL/airflow/airflow_env/lib/python3.10/site-packages/airflow/example_dags/example_short_circuit_operator.py for tasks to queue
[2024-09-09T21:01:23.813-0300] {logging_mixin.py:190} INFO - [2024-09-09T21:01:23.813-0300] {dagbag.py:587} INFO - Filling up the DagBag from /mnt/c/Users/teu20/Documents/Poli/Repo/eEDB011-20243/atividade 6 - WSL/airflow/airflow_env/lib/python3.10/site-packages/airflow/example_dags/example_short_circuit_operator.py
[2024-09-09T21:01:23.827-0300] {processor.py:925} INFO - DAG(s) 'example_short_circuit_operator' retrieved from /mnt/c/Users/teu20/Documents/Poli/Repo/eEDB011-20243/atividade 6 - WSL/airflow/airflow_env/lib/python3.10/site-packages/airflow/example_dags/example_short_circuit_operator.py
[2024-09-09T21:01:23.848-0300] {logging_mixin.py:190} INFO - [2024-09-09T21:01:23.847-0300] {dag.py:3229} INFO - Sync 1 DAGs
[2024-09-09T21:01:23.857-0300] {logging_mixin.py:190} INFO - [2024-09-09T21:01:23.856-0300] {dag.py:4156} INFO - Setting next_dagrun for example_short_circuit_operator to None, run_after=None
[2024-09-09T21:01:23.873-0300] {processor.py:208} INFO - Processing /mnt/c/Users/teu20/Documents/Poli/Repo/eEDB011-20243/atividade 6 - WSL/airflow/airflow_env/lib/python3.10/site-packages/airflow/example_dags/example_short_circuit_operator.py took 0.071 seconds
[2024-09-09T21:01:54.747-0300] {processor.py:186} INFO - Started process (PID=263043) to work on /mnt/c/Users/teu20/Documents/Poli/Repo/eEDB011-20243/atividade 6 - WSL/airflow/airflow_env/lib/python3.10/site-packages/airflow/example_dags/example_short_circuit_operator.py
[2024-09-09T21:01:54.748-0300] {processor.py:914} INFO - Processing file /mnt/c/Users/teu20/Documents/Poli/Repo/eEDB011-20243/atividade 6 - WSL/airflow/airflow_env/lib/python3.10/site-packages/airflow/example_dags/example_short_circuit_operator.py for tasks to queue
[2024-09-09T21:01:54.750-0300] {logging_mixin.py:190} INFO - [2024-09-09T21:01:54.749-0300] {dagbag.py:587} INFO - Filling up the DagBag from /mnt/c/Users/teu20/Documents/Poli/Repo/eEDB011-20243/atividade 6 - WSL/airflow/airflow_env/lib/python3.10/site-packages/airflow/example_dags/example_short_circuit_operator.py
[2024-09-09T21:01:54.765-0300] {processor.py:925} INFO - DAG(s) 'example_short_circuit_operator' retrieved from /mnt/c/Users/teu20/Documents/Poli/Repo/eEDB011-20243/atividade 6 - WSL/airflow/airflow_env/lib/python3.10/site-packages/airflow/example_dags/example_short_circuit_operator.py
[2024-09-09T21:01:54.784-0300] {logging_mixin.py:190} INFO - [2024-09-09T21:01:54.784-0300] {dag.py:3229} INFO - Sync 1 DAGs
[2024-09-09T21:01:54.792-0300] {logging_mixin.py:190} INFO - [2024-09-09T21:01:54.792-0300] {dag.py:4156} INFO - Setting next_dagrun for example_short_circuit_operator to None, run_after=None
[2024-09-09T21:01:54.807-0300] {processor.py:208} INFO - Processing /mnt/c/Users/teu20/Documents/Poli/Repo/eEDB011-20243/atividade 6 - WSL/airflow/airflow_env/lib/python3.10/site-packages/airflow/example_dags/example_short_circuit_operator.py took 0.067 seconds
[2024-09-09T21:02:25.208-0300] {processor.py:186} INFO - Started process (PID=263473) to work on /mnt/c/Users/teu20/Documents/Poli/Repo/eEDB011-20243/atividade 6 - WSL/airflow/airflow_env/lib/python3.10/site-packages/airflow/example_dags/example_short_circuit_operator.py
[2024-09-09T21:02:25.210-0300] {processor.py:914} INFO - Processing file /mnt/c/Users/teu20/Documents/Poli/Repo/eEDB011-20243/atividade 6 - WSL/airflow/airflow_env/lib/python3.10/site-packages/airflow/example_dags/example_short_circuit_operator.py for tasks to queue
[2024-09-09T21:02:25.211-0300] {logging_mixin.py:190} INFO - [2024-09-09T21:02:25.211-0300] {dagbag.py:587} INFO - Filling up the DagBag from /mnt/c/Users/teu20/Documents/Poli/Repo/eEDB011-20243/atividade 6 - WSL/airflow/airflow_env/lib/python3.10/site-packages/airflow/example_dags/example_short_circuit_operator.py
[2024-09-09T21:02:25.228-0300] {processor.py:925} INFO - DAG(s) 'example_short_circuit_operator' retrieved from /mnt/c/Users/teu20/Documents/Poli/Repo/eEDB011-20243/atividade 6 - WSL/airflow/airflow_env/lib/python3.10/site-packages/airflow/example_dags/example_short_circuit_operator.py
[2024-09-09T21:02:25.247-0300] {logging_mixin.py:190} INFO - [2024-09-09T21:02:25.246-0300] {dag.py:3229} INFO - Sync 1 DAGs
[2024-09-09T21:02:25.256-0300] {logging_mixin.py:190} INFO - [2024-09-09T21:02:25.255-0300] {dag.py:4156} INFO - Setting next_dagrun for example_short_circuit_operator to None, run_after=None
[2024-09-09T21:02:25.271-0300] {processor.py:208} INFO - Processing /mnt/c/Users/teu20/Documents/Poli/Repo/eEDB011-20243/atividade 6 - WSL/airflow/airflow_env/lib/python3.10/site-packages/airflow/example_dags/example_short_circuit_operator.py took 0.070 seconds
[2024-09-09T21:02:55.815-0300] {processor.py:186} INFO - Started process (PID=263904) to work on /mnt/c/Users/teu20/Documents/Poli/Repo/eEDB011-20243/atividade 6 - WSL/airflow/airflow_env/lib/python3.10/site-packages/airflow/example_dags/example_short_circuit_operator.py
[2024-09-09T21:02:55.816-0300] {processor.py:914} INFO - Processing file /mnt/c/Users/teu20/Documents/Poli/Repo/eEDB011-20243/atividade 6 - WSL/airflow/airflow_env/lib/python3.10/site-packages/airflow/example_dags/example_short_circuit_operator.py for tasks to queue
[2024-09-09T21:02:55.818-0300] {logging_mixin.py:190} INFO - [2024-09-09T21:02:55.817-0300] {dagbag.py:587} INFO - Filling up the DagBag from /mnt/c/Users/teu20/Documents/Poli/Repo/eEDB011-20243/atividade 6 - WSL/airflow/airflow_env/lib/python3.10/site-packages/airflow/example_dags/example_short_circuit_operator.py
[2024-09-09T21:02:55.833-0300] {processor.py:925} INFO - DAG(s) 'example_short_circuit_operator' retrieved from /mnt/c/Users/teu20/Documents/Poli/Repo/eEDB011-20243/atividade 6 - WSL/airflow/airflow_env/lib/python3.10/site-packages/airflow/example_dags/example_short_circuit_operator.py
[2024-09-09T21:02:55.852-0300] {logging_mixin.py:190} INFO - [2024-09-09T21:02:55.852-0300] {dag.py:3229} INFO - Sync 1 DAGs
[2024-09-09T21:02:55.860-0300] {logging_mixin.py:190} INFO - [2024-09-09T21:02:55.860-0300] {dag.py:4156} INFO - Setting next_dagrun for example_short_circuit_operator to None, run_after=None
[2024-09-09T21:02:55.877-0300] {processor.py:208} INFO - Processing /mnt/c/Users/teu20/Documents/Poli/Repo/eEDB011-20243/atividade 6 - WSL/airflow/airflow_env/lib/python3.10/site-packages/airflow/example_dags/example_short_circuit_operator.py took 0.069 seconds
[2024-09-09T21:03:26.358-0300] {processor.py:186} INFO - Started process (PID=264335) to work on /mnt/c/Users/teu20/Documents/Poli/Repo/eEDB011-20243/atividade 6 - WSL/airflow/airflow_env/lib/python3.10/site-packages/airflow/example_dags/example_short_circuit_operator.py
[2024-09-09T21:03:26.359-0300] {processor.py:914} INFO - Processing file /mnt/c/Users/teu20/Documents/Poli/Repo/eEDB011-20243/atividade 6 - WSL/airflow/airflow_env/lib/python3.10/site-packages/airflow/example_dags/example_short_circuit_operator.py for tasks to queue
[2024-09-09T21:03:26.360-0300] {logging_mixin.py:190} INFO - [2024-09-09T21:03:26.360-0300] {dagbag.py:587} INFO - Filling up the DagBag from /mnt/c/Users/teu20/Documents/Poli/Repo/eEDB011-20243/atividade 6 - WSL/airflow/airflow_env/lib/python3.10/site-packages/airflow/example_dags/example_short_circuit_operator.py
[2024-09-09T21:03:26.375-0300] {processor.py:925} INFO - DAG(s) 'example_short_circuit_operator' retrieved from /mnt/c/Users/teu20/Documents/Poli/Repo/eEDB011-20243/atividade 6 - WSL/airflow/airflow_env/lib/python3.10/site-packages/airflow/example_dags/example_short_circuit_operator.py
[2024-09-09T21:03:26.394-0300] {logging_mixin.py:190} INFO - [2024-09-09T21:03:26.393-0300] {dag.py:3229} INFO - Sync 1 DAGs
[2024-09-09T21:03:26.402-0300] {logging_mixin.py:190} INFO - [2024-09-09T21:03:26.401-0300] {dag.py:4156} INFO - Setting next_dagrun for example_short_circuit_operator to None, run_after=None
[2024-09-09T21:03:26.416-0300] {processor.py:208} INFO - Processing /mnt/c/Users/teu20/Documents/Poli/Repo/eEDB011-20243/atividade 6 - WSL/airflow/airflow_env/lib/python3.10/site-packages/airflow/example_dags/example_short_circuit_operator.py took 0.067 seconds
[2024-09-09T21:03:56.900-0300] {processor.py:186} INFO - Started process (PID=264773) to work on /mnt/c/Users/teu20/Documents/Poli/Repo/eEDB011-20243/atividade 6 - WSL/airflow/airflow_env/lib/python3.10/site-packages/airflow/example_dags/example_short_circuit_operator.py
[2024-09-09T21:03:56.901-0300] {processor.py:914} INFO - Processing file /mnt/c/Users/teu20/Documents/Poli/Repo/eEDB011-20243/atividade 6 - WSL/airflow/airflow_env/lib/python3.10/site-packages/airflow/example_dags/example_short_circuit_operator.py for tasks to queue
[2024-09-09T21:03:56.903-0300] {logging_mixin.py:190} INFO - [2024-09-09T21:03:56.902-0300] {dagbag.py:587} INFO - Filling up the DagBag from /mnt/c/Users/teu20/Documents/Poli/Repo/eEDB011-20243/atividade 6 - WSL/airflow/airflow_env/lib/python3.10/site-packages/airflow/example_dags/example_short_circuit_operator.py
[2024-09-09T21:03:56.920-0300] {processor.py:925} INFO - DAG(s) 'example_short_circuit_operator' retrieved from /mnt/c/Users/teu20/Documents/Poli/Repo/eEDB011-20243/atividade 6 - WSL/airflow/airflow_env/lib/python3.10/site-packages/airflow/example_dags/example_short_circuit_operator.py
[2024-09-09T21:03:56.941-0300] {logging_mixin.py:190} INFO - [2024-09-09T21:03:56.940-0300] {dag.py:3229} INFO - Sync 1 DAGs
[2024-09-09T21:03:56.951-0300] {logging_mixin.py:190} INFO - [2024-09-09T21:03:56.950-0300] {dag.py:4156} INFO - Setting next_dagrun for example_short_circuit_operator to None, run_after=None
[2024-09-09T21:03:56.972-0300] {processor.py:208} INFO - Processing /mnt/c/Users/teu20/Documents/Poli/Repo/eEDB011-20243/atividade 6 - WSL/airflow/airflow_env/lib/python3.10/site-packages/airflow/example_dags/example_short_circuit_operator.py took 0.081 seconds
[2024-09-09T21:04:27.404-0300] {processor.py:186} INFO - Started process (PID=265209) to work on /mnt/c/Users/teu20/Documents/Poli/Repo/eEDB011-20243/atividade 6 - WSL/airflow/airflow_env/lib/python3.10/site-packages/airflow/example_dags/example_short_circuit_operator.py
[2024-09-09T21:04:27.405-0300] {processor.py:914} INFO - Processing file /mnt/c/Users/teu20/Documents/Poli/Repo/eEDB011-20243/atividade 6 - WSL/airflow/airflow_env/lib/python3.10/site-packages/airflow/example_dags/example_short_circuit_operator.py for tasks to queue
[2024-09-09T21:04:27.407-0300] {logging_mixin.py:190} INFO - [2024-09-09T21:04:27.406-0300] {dagbag.py:587} INFO - Filling up the DagBag from /mnt/c/Users/teu20/Documents/Poli/Repo/eEDB011-20243/atividade 6 - WSL/airflow/airflow_env/lib/python3.10/site-packages/airflow/example_dags/example_short_circuit_operator.py
[2024-09-09T21:04:27.424-0300] {processor.py:925} INFO - DAG(s) 'example_short_circuit_operator' retrieved from /mnt/c/Users/teu20/Documents/Poli/Repo/eEDB011-20243/atividade 6 - WSL/airflow/airflow_env/lib/python3.10/site-packages/airflow/example_dags/example_short_circuit_operator.py
[2024-09-09T21:04:27.446-0300] {logging_mixin.py:190} INFO - [2024-09-09T21:04:27.445-0300] {dag.py:3229} INFO - Sync 1 DAGs
[2024-09-09T21:04:27.454-0300] {logging_mixin.py:190} INFO - [2024-09-09T21:04:27.453-0300] {dag.py:4156} INFO - Setting next_dagrun for example_short_circuit_operator to None, run_after=None
[2024-09-09T21:04:27.471-0300] {processor.py:208} INFO - Processing /mnt/c/Users/teu20/Documents/Poli/Repo/eEDB011-20243/atividade 6 - WSL/airflow/airflow_env/lib/python3.10/site-packages/airflow/example_dags/example_short_circuit_operator.py took 0.076 seconds
[2024-09-09T21:04:57.884-0300] {processor.py:186} INFO - Started process (PID=266362) to work on /mnt/c/Users/teu20/Documents/Poli/Repo/eEDB011-20243/atividade 6 - WSL/airflow/airflow_env/lib/python3.10/site-packages/airflow/example_dags/example_short_circuit_operator.py
[2024-09-09T21:04:57.886-0300] {processor.py:914} INFO - Processing file /mnt/c/Users/teu20/Documents/Poli/Repo/eEDB011-20243/atividade 6 - WSL/airflow/airflow_env/lib/python3.10/site-packages/airflow/example_dags/example_short_circuit_operator.py for tasks to queue
[2024-09-09T21:04:57.887-0300] {logging_mixin.py:190} INFO - [2024-09-09T21:04:57.887-0300] {dagbag.py:587} INFO - Filling up the DagBag from /mnt/c/Users/teu20/Documents/Poli/Repo/eEDB011-20243/atividade 6 - WSL/airflow/airflow_env/lib/python3.10/site-packages/airflow/example_dags/example_short_circuit_operator.py
[2024-09-09T21:04:57.902-0300] {processor.py:925} INFO - DAG(s) 'example_short_circuit_operator' retrieved from /mnt/c/Users/teu20/Documents/Poli/Repo/eEDB011-20243/atividade 6 - WSL/airflow/airflow_env/lib/python3.10/site-packages/airflow/example_dags/example_short_circuit_operator.py
[2024-09-09T21:04:57.921-0300] {logging_mixin.py:190} INFO - [2024-09-09T21:04:57.921-0300] {dag.py:3229} INFO - Sync 1 DAGs
[2024-09-09T21:04:57.929-0300] {logging_mixin.py:190} INFO - [2024-09-09T21:04:57.929-0300] {dag.py:4156} INFO - Setting next_dagrun for example_short_circuit_operator to None, run_after=None
[2024-09-09T21:04:57.944-0300] {processor.py:208} INFO - Processing /mnt/c/Users/teu20/Documents/Poli/Repo/eEDB011-20243/atividade 6 - WSL/airflow/airflow_env/lib/python3.10/site-packages/airflow/example_dags/example_short_circuit_operator.py took 0.067 seconds
[2024-09-09T21:05:28.215-0300] {processor.py:186} INFO - Started process (PID=266954) to work on /mnt/c/Users/teu20/Documents/Poli/Repo/eEDB011-20243/atividade 6 - WSL/airflow/airflow_env/lib/python3.10/site-packages/airflow/example_dags/example_short_circuit_operator.py
[2024-09-09T21:05:28.216-0300] {processor.py:914} INFO - Processing file /mnt/c/Users/teu20/Documents/Poli/Repo/eEDB011-20243/atividade 6 - WSL/airflow/airflow_env/lib/python3.10/site-packages/airflow/example_dags/example_short_circuit_operator.py for tasks to queue
[2024-09-09T21:05:28.218-0300] {logging_mixin.py:190} INFO - [2024-09-09T21:05:28.217-0300] {dagbag.py:587} INFO - Filling up the DagBag from /mnt/c/Users/teu20/Documents/Poli/Repo/eEDB011-20243/atividade 6 - WSL/airflow/airflow_env/lib/python3.10/site-packages/airflow/example_dags/example_short_circuit_operator.py
[2024-09-09T21:05:28.233-0300] {processor.py:925} INFO - DAG(s) 'example_short_circuit_operator' retrieved from /mnt/c/Users/teu20/Documents/Poli/Repo/eEDB011-20243/atividade 6 - WSL/airflow/airflow_env/lib/python3.10/site-packages/airflow/example_dags/example_short_circuit_operator.py
[2024-09-09T21:05:28.253-0300] {logging_mixin.py:190} INFO - [2024-09-09T21:05:28.252-0300] {dag.py:3229} INFO - Sync 1 DAGs
[2024-09-09T21:05:28.261-0300] {logging_mixin.py:190} INFO - [2024-09-09T21:05:28.261-0300] {dag.py:4156} INFO - Setting next_dagrun for example_short_circuit_operator to None, run_after=None
[2024-09-09T21:05:28.276-0300] {processor.py:208} INFO - Processing /mnt/c/Users/teu20/Documents/Poli/Repo/eEDB011-20243/atividade 6 - WSL/airflow/airflow_env/lib/python3.10/site-packages/airflow/example_dags/example_short_circuit_operator.py took 0.070 seconds
[2024-09-09T21:05:58.616-0300] {processor.py:186} INFO - Started process (PID=267384) to work on /mnt/c/Users/teu20/Documents/Poli/Repo/eEDB011-20243/atividade 6 - WSL/airflow/airflow_env/lib/python3.10/site-packages/airflow/example_dags/example_short_circuit_operator.py
[2024-09-09T21:05:58.617-0300] {processor.py:914} INFO - Processing file /mnt/c/Users/teu20/Documents/Poli/Repo/eEDB011-20243/atividade 6 - WSL/airflow/airflow_env/lib/python3.10/site-packages/airflow/example_dags/example_short_circuit_operator.py for tasks to queue
[2024-09-09T21:05:58.619-0300] {logging_mixin.py:190} INFO - [2024-09-09T21:05:58.618-0300] {dagbag.py:587} INFO - Filling up the DagBag from /mnt/c/Users/teu20/Documents/Poli/Repo/eEDB011-20243/atividade 6 - WSL/airflow/airflow_env/lib/python3.10/site-packages/airflow/example_dags/example_short_circuit_operator.py
[2024-09-09T21:05:58.634-0300] {processor.py:925} INFO - DAG(s) 'example_short_circuit_operator' retrieved from /mnt/c/Users/teu20/Documents/Poli/Repo/eEDB011-20243/atividade 6 - WSL/airflow/airflow_env/lib/python3.10/site-packages/airflow/example_dags/example_short_circuit_operator.py
[2024-09-09T21:05:58.653-0300] {logging_mixin.py:190} INFO - [2024-09-09T21:05:58.652-0300] {dag.py:3229} INFO - Sync 1 DAGs
[2024-09-09T21:05:58.661-0300] {logging_mixin.py:190} INFO - [2024-09-09T21:05:58.661-0300] {dag.py:4156} INFO - Setting next_dagrun for example_short_circuit_operator to None, run_after=None
[2024-09-09T21:05:58.676-0300] {processor.py:208} INFO - Processing /mnt/c/Users/teu20/Documents/Poli/Repo/eEDB011-20243/atividade 6 - WSL/airflow/airflow_env/lib/python3.10/site-packages/airflow/example_dags/example_short_circuit_operator.py took 0.068 seconds
[2024-09-09T21:06:29.265-0300] {processor.py:186} INFO - Started process (PID=267836) to work on /mnt/c/Users/teu20/Documents/Poli/Repo/eEDB011-20243/atividade 6 - WSL/airflow/airflow_env/lib/python3.10/site-packages/airflow/example_dags/example_short_circuit_operator.py
[2024-09-09T21:06:29.267-0300] {processor.py:914} INFO - Processing file /mnt/c/Users/teu20/Documents/Poli/Repo/eEDB011-20243/atividade 6 - WSL/airflow/airflow_env/lib/python3.10/site-packages/airflow/example_dags/example_short_circuit_operator.py for tasks to queue
[2024-09-09T21:06:29.269-0300] {logging_mixin.py:190} INFO - [2024-09-09T21:06:29.268-0300] {dagbag.py:587} INFO - Filling up the DagBag from /mnt/c/Users/teu20/Documents/Poli/Repo/eEDB011-20243/atividade 6 - WSL/airflow/airflow_env/lib/python3.10/site-packages/airflow/example_dags/example_short_circuit_operator.py
[2024-09-09T21:06:29.286-0300] {processor.py:925} INFO - DAG(s) 'example_short_circuit_operator' retrieved from /mnt/c/Users/teu20/Documents/Poli/Repo/eEDB011-20243/atividade 6 - WSL/airflow/airflow_env/lib/python3.10/site-packages/airflow/example_dags/example_short_circuit_operator.py
[2024-09-09T21:06:29.307-0300] {logging_mixin.py:190} INFO - [2024-09-09T21:06:29.306-0300] {dag.py:3229} INFO - Sync 1 DAGs
[2024-09-09T21:06:29.316-0300] {logging_mixin.py:190} INFO - [2024-09-09T21:06:29.316-0300] {dag.py:4156} INFO - Setting next_dagrun for example_short_circuit_operator to None, run_after=None
[2024-09-09T21:06:29.331-0300] {processor.py:208} INFO - Processing /mnt/c/Users/teu20/Documents/Poli/Repo/eEDB011-20243/atividade 6 - WSL/airflow/airflow_env/lib/python3.10/site-packages/airflow/example_dags/example_short_circuit_operator.py took 0.075 seconds
[2024-09-09T21:06:59.727-0300] {processor.py:186} INFO - Started process (PID=268459) to work on /mnt/c/Users/teu20/Documents/Poli/Repo/eEDB011-20243/atividade 6 - WSL/airflow/airflow_env/lib/python3.10/site-packages/airflow/example_dags/example_short_circuit_operator.py
[2024-09-09T21:06:59.728-0300] {processor.py:914} INFO - Processing file /mnt/c/Users/teu20/Documents/Poli/Repo/eEDB011-20243/atividade 6 - WSL/airflow/airflow_env/lib/python3.10/site-packages/airflow/example_dags/example_short_circuit_operator.py for tasks to queue
[2024-09-09T21:06:59.730-0300] {logging_mixin.py:190} INFO - [2024-09-09T21:06:59.729-0300] {dagbag.py:587} INFO - Filling up the DagBag from /mnt/c/Users/teu20/Documents/Poli/Repo/eEDB011-20243/atividade 6 - WSL/airflow/airflow_env/lib/python3.10/site-packages/airflow/example_dags/example_short_circuit_operator.py
[2024-09-09T21:06:59.746-0300] {processor.py:925} INFO - DAG(s) 'example_short_circuit_operator' retrieved from /mnt/c/Users/teu20/Documents/Poli/Repo/eEDB011-20243/atividade 6 - WSL/airflow/airflow_env/lib/python3.10/site-packages/airflow/example_dags/example_short_circuit_operator.py
[2024-09-09T21:06:59.765-0300] {logging_mixin.py:190} INFO - [2024-09-09T21:06:59.765-0300] {dag.py:3229} INFO - Sync 1 DAGs
[2024-09-09T21:06:59.773-0300] {logging_mixin.py:190} INFO - [2024-09-09T21:06:59.773-0300] {dag.py:4156} INFO - Setting next_dagrun for example_short_circuit_operator to None, run_after=None
[2024-09-09T21:06:59.787-0300] {processor.py:208} INFO - Processing /mnt/c/Users/teu20/Documents/Poli/Repo/eEDB011-20243/atividade 6 - WSL/airflow/airflow_env/lib/python3.10/site-packages/airflow/example_dags/example_short_circuit_operator.py took 0.068 seconds
[2024-09-09T21:07:30.067-0300] {processor.py:186} INFO - Started process (PID=269127) to work on /mnt/c/Users/teu20/Documents/Poli/Repo/eEDB011-20243/atividade 6 - WSL/airflow/airflow_env/lib/python3.10/site-packages/airflow/example_dags/example_short_circuit_operator.py
[2024-09-09T21:07:30.068-0300] {processor.py:914} INFO - Processing file /mnt/c/Users/teu20/Documents/Poli/Repo/eEDB011-20243/atividade 6 - WSL/airflow/airflow_env/lib/python3.10/site-packages/airflow/example_dags/example_short_circuit_operator.py for tasks to queue
[2024-09-09T21:07:30.070-0300] {logging_mixin.py:190} INFO - [2024-09-09T21:07:30.069-0300] {dagbag.py:587} INFO - Filling up the DagBag from /mnt/c/Users/teu20/Documents/Poli/Repo/eEDB011-20243/atividade 6 - WSL/airflow/airflow_env/lib/python3.10/site-packages/airflow/example_dags/example_short_circuit_operator.py
[2024-09-09T21:07:30.084-0300] {processor.py:925} INFO - DAG(s) 'example_short_circuit_operator' retrieved from /mnt/c/Users/teu20/Documents/Poli/Repo/eEDB011-20243/atividade 6 - WSL/airflow/airflow_env/lib/python3.10/site-packages/airflow/example_dags/example_short_circuit_operator.py
[2024-09-09T21:07:30.104-0300] {logging_mixin.py:190} INFO - [2024-09-09T21:07:30.104-0300] {dag.py:3229} INFO - Sync 1 DAGs
[2024-09-09T21:07:30.115-0300] {logging_mixin.py:190} INFO - [2024-09-09T21:07:30.114-0300] {dag.py:4156} INFO - Setting next_dagrun for example_short_circuit_operator to None, run_after=None
[2024-09-09T21:07:30.130-0300] {processor.py:208} INFO - Processing /mnt/c/Users/teu20/Documents/Poli/Repo/eEDB011-20243/atividade 6 - WSL/airflow/airflow_env/lib/python3.10/site-packages/airflow/example_dags/example_short_circuit_operator.py took 0.070 seconds
[2024-09-09T21:08:00.597-0300] {processor.py:186} INFO - Started process (PID=269623) to work on /mnt/c/Users/teu20/Documents/Poli/Repo/eEDB011-20243/atividade 6 - WSL/airflow/airflow_env/lib/python3.10/site-packages/airflow/example_dags/example_short_circuit_operator.py
[2024-09-09T21:08:00.598-0300] {processor.py:914} INFO - Processing file /mnt/c/Users/teu20/Documents/Poli/Repo/eEDB011-20243/atividade 6 - WSL/airflow/airflow_env/lib/python3.10/site-packages/airflow/example_dags/example_short_circuit_operator.py for tasks to queue
[2024-09-09T21:08:00.600-0300] {logging_mixin.py:190} INFO - [2024-09-09T21:08:00.599-0300] {dagbag.py:587} INFO - Filling up the DagBag from /mnt/c/Users/teu20/Documents/Poli/Repo/eEDB011-20243/atividade 6 - WSL/airflow/airflow_env/lib/python3.10/site-packages/airflow/example_dags/example_short_circuit_operator.py
[2024-09-09T21:08:00.616-0300] {processor.py:925} INFO - DAG(s) 'example_short_circuit_operator' retrieved from /mnt/c/Users/teu20/Documents/Poli/Repo/eEDB011-20243/atividade 6 - WSL/airflow/airflow_env/lib/python3.10/site-packages/airflow/example_dags/example_short_circuit_operator.py
[2024-09-09T21:08:00.636-0300] {logging_mixin.py:190} INFO - [2024-09-09T21:08:00.635-0300] {dag.py:3229} INFO - Sync 1 DAGs
[2024-09-09T21:08:00.645-0300] {logging_mixin.py:190} INFO - [2024-09-09T21:08:00.644-0300] {dag.py:4156} INFO - Setting next_dagrun for example_short_circuit_operator to None, run_after=None
[2024-09-09T21:08:00.660-0300] {processor.py:208} INFO - Processing /mnt/c/Users/teu20/Documents/Poli/Repo/eEDB011-20243/atividade 6 - WSL/airflow/airflow_env/lib/python3.10/site-packages/airflow/example_dags/example_short_circuit_operator.py took 0.071 seconds
