[2024-09-09T21:00:22.737-0300] {processor.py:186} INFO - Started process (PID=261465) to work on /mnt/c/Users/teu20/Documents/Poli/Repo/eEDB011-20243/atividade 6 - WSL/airflow/airflow_env/lib/python3.10/site-packages/airflow/example_dags/example_skip_dag.py
[2024-09-09T21:00:22.738-0300] {processor.py:914} INFO - Processing file /mnt/c/Users/teu20/Documents/Poli/Repo/eEDB011-20243/atividade 6 - WSL/airflow/airflow_env/lib/python3.10/site-packages/airflow/example_dags/example_skip_dag.py for tasks to queue
[2024-09-09T21:00:22.740-0300] {logging_mixin.py:190} INFO - [2024-09-09T21:00:22.739-0300] {dagbag.py:587} INFO - Filling up the DagBag from /mnt/c/Users/teu20/Documents/Poli/Repo/eEDB011-20243/atividade 6 - WSL/airflow/airflow_env/lib/python3.10/site-packages/airflow/example_dags/example_skip_dag.py
[2024-09-09T21:00:22.753-0300] {processor.py:925} INFO - DAG(s) 'example_skip_dag' retrieved from /mnt/c/Users/teu20/Documents/Poli/Repo/eEDB011-20243/atividade 6 - WSL/airflow/airflow_env/lib/python3.10/site-packages/airflow/example_dags/example_skip_dag.py
[2024-09-09T21:00:22.771-0300] {logging_mixin.py:190} INFO - [2024-09-09T21:00:22.770-0300] {dag.py:3229} INFO - Sync 1 DAGs
[2024-09-09T21:00:22.786-0300] {logging_mixin.py:190} INFO - [2024-09-09T21:00:22.785-0300] {dag.py:4156} INFO - Setting next_dagrun for example_skip_dag to 2024-09-09 00:00:00+00:00, run_after=2024-09-10 00:00:00+00:00
[2024-09-09T21:00:22.800-0300] {processor.py:208} INFO - Processing /mnt/c/Users/teu20/Documents/Poli/Repo/eEDB011-20243/atividade 6 - WSL/airflow/airflow_env/lib/python3.10/site-packages/airflow/example_dags/example_skip_dag.py took 0.071 seconds
[2024-09-09T21:00:53.302-0300] {processor.py:186} INFO - Started process (PID=262170) to work on /mnt/c/Users/teu20/Documents/Poli/Repo/eEDB011-20243/atividade 6 - WSL/airflow/airflow_env/lib/python3.10/site-packages/airflow/example_dags/example_skip_dag.py
[2024-09-09T21:00:53.303-0300] {processor.py:914} INFO - Processing file /mnt/c/Users/teu20/Documents/Poli/Repo/eEDB011-20243/atividade 6 - WSL/airflow/airflow_env/lib/python3.10/site-packages/airflow/example_dags/example_skip_dag.py for tasks to queue
[2024-09-09T21:00:53.305-0300] {logging_mixin.py:190} INFO - [2024-09-09T21:00:53.304-0300] {dagbag.py:587} INFO - Filling up the DagBag from /mnt/c/Users/teu20/Documents/Poli/Repo/eEDB011-20243/atividade 6 - WSL/airflow/airflow_env/lib/python3.10/site-packages/airflow/example_dags/example_skip_dag.py
[2024-09-09T21:00:53.319-0300] {processor.py:925} INFO - DAG(s) 'example_skip_dag' retrieved from /mnt/c/Users/teu20/Documents/Poli/Repo/eEDB011-20243/atividade 6 - WSL/airflow/airflow_env/lib/python3.10/site-packages/airflow/example_dags/example_skip_dag.py
[2024-09-09T21:00:53.338-0300] {logging_mixin.py:190} INFO - [2024-09-09T21:00:53.337-0300] {dag.py:3229} INFO - Sync 1 DAGs
[2024-09-09T21:00:53.353-0300] {logging_mixin.py:190} INFO - [2024-09-09T21:00:53.353-0300] {dag.py:4156} INFO - Setting next_dagrun for example_skip_dag to 2024-09-09 00:00:00+00:00, run_after=2024-09-10 00:00:00+00:00
[2024-09-09T21:00:53.367-0300] {processor.py:208} INFO - Processing /mnt/c/Users/teu20/Documents/Poli/Repo/eEDB011-20243/atividade 6 - WSL/airflow/airflow_env/lib/python3.10/site-packages/airflow/example_dags/example_skip_dag.py took 0.073 seconds
[2024-09-09T21:01:23.697-0300] {processor.py:186} INFO - Started process (PID=262604) to work on /mnt/c/Users/teu20/Documents/Poli/Repo/eEDB011-20243/atividade 6 - WSL/airflow/airflow_env/lib/python3.10/site-packages/airflow/example_dags/example_skip_dag.py
[2024-09-09T21:01:23.698-0300] {processor.py:914} INFO - Processing file /mnt/c/Users/teu20/Documents/Poli/Repo/eEDB011-20243/atividade 6 - WSL/airflow/airflow_env/lib/python3.10/site-packages/airflow/example_dags/example_skip_dag.py for tasks to queue
[2024-09-09T21:01:23.700-0300] {logging_mixin.py:190} INFO - [2024-09-09T21:01:23.699-0300] {dagbag.py:587} INFO - Filling up the DagBag from /mnt/c/Users/teu20/Documents/Poli/Repo/eEDB011-20243/atividade 6 - WSL/airflow/airflow_env/lib/python3.10/site-packages/airflow/example_dags/example_skip_dag.py
[2024-09-09T21:01:23.716-0300] {processor.py:925} INFO - DAG(s) 'example_skip_dag' retrieved from /mnt/c/Users/teu20/Documents/Poli/Repo/eEDB011-20243/atividade 6 - WSL/airflow/airflow_env/lib/python3.10/site-packages/airflow/example_dags/example_skip_dag.py
[2024-09-09T21:01:23.735-0300] {logging_mixin.py:190} INFO - [2024-09-09T21:01:23.735-0300] {dag.py:3229} INFO - Sync 1 DAGs
[2024-09-09T21:01:23.751-0300] {logging_mixin.py:190} INFO - [2024-09-09T21:01:23.750-0300] {dag.py:4156} INFO - Setting next_dagrun for example_skip_dag to 2024-09-09 00:00:00+00:00, run_after=2024-09-10 00:00:00+00:00
[2024-09-09T21:01:23.767-0300] {processor.py:208} INFO - Processing /mnt/c/Users/teu20/Documents/Poli/Repo/eEDB011-20243/atividade 6 - WSL/airflow/airflow_env/lib/python3.10/site-packages/airflow/example_dags/example_skip_dag.py took 0.079 seconds
[2024-09-09T21:01:54.645-0300] {processor.py:186} INFO - Started process (PID=263036) to work on /mnt/c/Users/teu20/Documents/Poli/Repo/eEDB011-20243/atividade 6 - WSL/airflow/airflow_env/lib/python3.10/site-packages/airflow/example_dags/example_skip_dag.py
[2024-09-09T21:01:54.646-0300] {processor.py:914} INFO - Processing file /mnt/c/Users/teu20/Documents/Poli/Repo/eEDB011-20243/atividade 6 - WSL/airflow/airflow_env/lib/python3.10/site-packages/airflow/example_dags/example_skip_dag.py for tasks to queue
[2024-09-09T21:01:54.648-0300] {logging_mixin.py:190} INFO - [2024-09-09T21:01:54.647-0300] {dagbag.py:587} INFO - Filling up the DagBag from /mnt/c/Users/teu20/Documents/Poli/Repo/eEDB011-20243/atividade 6 - WSL/airflow/airflow_env/lib/python3.10/site-packages/airflow/example_dags/example_skip_dag.py
[2024-09-09T21:01:54.659-0300] {processor.py:925} INFO - DAG(s) 'example_skip_dag' retrieved from /mnt/c/Users/teu20/Documents/Poli/Repo/eEDB011-20243/atividade 6 - WSL/airflow/airflow_env/lib/python3.10/site-packages/airflow/example_dags/example_skip_dag.py
[2024-09-09T21:01:54.676-0300] {logging_mixin.py:190} INFO - [2024-09-09T21:01:54.675-0300] {dag.py:3229} INFO - Sync 1 DAGs
[2024-09-09T21:01:54.691-0300] {logging_mixin.py:190} INFO - [2024-09-09T21:01:54.691-0300] {dag.py:4156} INFO - Setting next_dagrun for example_skip_dag to 2024-09-09 00:00:00+00:00, run_after=2024-09-10 00:00:00+00:00
[2024-09-09T21:01:54.708-0300] {processor.py:208} INFO - Processing /mnt/c/Users/teu20/Documents/Poli/Repo/eEDB011-20243/atividade 6 - WSL/airflow/airflow_env/lib/python3.10/site-packages/airflow/example_dags/example_skip_dag.py took 0.071 seconds
[2024-09-09T21:02:25.108-0300] {processor.py:186} INFO - Started process (PID=263466) to work on /mnt/c/Users/teu20/Documents/Poli/Repo/eEDB011-20243/atividade 6 - WSL/airflow/airflow_env/lib/python3.10/site-packages/airflow/example_dags/example_skip_dag.py
[2024-09-09T21:02:25.109-0300] {processor.py:914} INFO - Processing file /mnt/c/Users/teu20/Documents/Poli/Repo/eEDB011-20243/atividade 6 - WSL/airflow/airflow_env/lib/python3.10/site-packages/airflow/example_dags/example_skip_dag.py for tasks to queue
[2024-09-09T21:02:25.111-0300] {logging_mixin.py:190} INFO - [2024-09-09T21:02:25.110-0300] {dagbag.py:587} INFO - Filling up the DagBag from /mnt/c/Users/teu20/Documents/Poli/Repo/eEDB011-20243/atividade 6 - WSL/airflow/airflow_env/lib/python3.10/site-packages/airflow/example_dags/example_skip_dag.py
[2024-09-09T21:02:25.122-0300] {processor.py:925} INFO - DAG(s) 'example_skip_dag' retrieved from /mnt/c/Users/teu20/Documents/Poli/Repo/eEDB011-20243/atividade 6 - WSL/airflow/airflow_env/lib/python3.10/site-packages/airflow/example_dags/example_skip_dag.py
[2024-09-09T21:02:25.139-0300] {logging_mixin.py:190} INFO - [2024-09-09T21:02:25.139-0300] {dag.py:3229} INFO - Sync 1 DAGs
[2024-09-09T21:02:25.155-0300] {logging_mixin.py:190} INFO - [2024-09-09T21:02:25.155-0300] {dag.py:4156} INFO - Setting next_dagrun for example_skip_dag to 2024-09-09 00:00:00+00:00, run_after=2024-09-10 00:00:00+00:00
[2024-09-09T21:02:25.170-0300] {processor.py:208} INFO - Processing /mnt/c/Users/teu20/Documents/Poli/Repo/eEDB011-20243/atividade 6 - WSL/airflow/airflow_env/lib/python3.10/site-packages/airflow/example_dags/example_skip_dag.py took 0.069 seconds
[2024-09-09T21:02:55.645-0300] {processor.py:186} INFO - Started process (PID=263897) to work on /mnt/c/Users/teu20/Documents/Poli/Repo/eEDB011-20243/atividade 6 - WSL/airflow/airflow_env/lib/python3.10/site-packages/airflow/example_dags/example_skip_dag.py
[2024-09-09T21:02:55.646-0300] {processor.py:914} INFO - Processing file /mnt/c/Users/teu20/Documents/Poli/Repo/eEDB011-20243/atividade 6 - WSL/airflow/airflow_env/lib/python3.10/site-packages/airflow/example_dags/example_skip_dag.py for tasks to queue
[2024-09-09T21:02:55.648-0300] {logging_mixin.py:190} INFO - [2024-09-09T21:02:55.647-0300] {dagbag.py:587} INFO - Filling up the DagBag from /mnt/c/Users/teu20/Documents/Poli/Repo/eEDB011-20243/atividade 6 - WSL/airflow/airflow_env/lib/python3.10/site-packages/airflow/example_dags/example_skip_dag.py
[2024-09-09T21:02:55.659-0300] {processor.py:925} INFO - DAG(s) 'example_skip_dag' retrieved from /mnt/c/Users/teu20/Documents/Poli/Repo/eEDB011-20243/atividade 6 - WSL/airflow/airflow_env/lib/python3.10/site-packages/airflow/example_dags/example_skip_dag.py
[2024-09-09T21:02:55.677-0300] {logging_mixin.py:190} INFO - [2024-09-09T21:02:55.676-0300] {dag.py:3229} INFO - Sync 1 DAGs
[2024-09-09T21:02:55.691-0300] {logging_mixin.py:190} INFO - [2024-09-09T21:02:55.691-0300] {dag.py:4156} INFO - Setting next_dagrun for example_skip_dag to 2024-09-09 00:00:00+00:00, run_after=2024-09-10 00:00:00+00:00
[2024-09-09T21:02:55.706-0300] {processor.py:208} INFO - Processing /mnt/c/Users/teu20/Documents/Poli/Repo/eEDB011-20243/atividade 6 - WSL/airflow/airflow_env/lib/python3.10/site-packages/airflow/example_dags/example_skip_dag.py took 0.068 seconds
[2024-09-09T21:03:26.332-0300] {processor.py:186} INFO - Started process (PID=264330) to work on /mnt/c/Users/teu20/Documents/Poli/Repo/eEDB011-20243/atividade 6 - WSL/airflow/airflow_env/lib/python3.10/site-packages/airflow/example_dags/example_skip_dag.py
[2024-09-09T21:03:26.333-0300] {processor.py:914} INFO - Processing file /mnt/c/Users/teu20/Documents/Poli/Repo/eEDB011-20243/atividade 6 - WSL/airflow/airflow_env/lib/python3.10/site-packages/airflow/example_dags/example_skip_dag.py for tasks to queue
[2024-09-09T21:03:26.335-0300] {logging_mixin.py:190} INFO - [2024-09-09T21:03:26.334-0300] {dagbag.py:587} INFO - Filling up the DagBag from /mnt/c/Users/teu20/Documents/Poli/Repo/eEDB011-20243/atividade 6 - WSL/airflow/airflow_env/lib/python3.10/site-packages/airflow/example_dags/example_skip_dag.py
[2024-09-09T21:03:26.349-0300] {processor.py:925} INFO - DAG(s) 'example_skip_dag' retrieved from /mnt/c/Users/teu20/Documents/Poli/Repo/eEDB011-20243/atividade 6 - WSL/airflow/airflow_env/lib/python3.10/site-packages/airflow/example_dags/example_skip_dag.py
[2024-09-09T21:03:26.367-0300] {logging_mixin.py:190} INFO - [2024-09-09T21:03:26.366-0300] {dag.py:3229} INFO - Sync 1 DAGs
[2024-09-09T21:03:26.382-0300] {logging_mixin.py:190} INFO - [2024-09-09T21:03:26.381-0300] {dag.py:4156} INFO - Setting next_dagrun for example_skip_dag to 2024-09-09 00:00:00+00:00, run_after=2024-09-10 00:00:00+00:00
[2024-09-09T21:03:26.396-0300] {processor.py:208} INFO - Processing /mnt/c/Users/teu20/Documents/Poli/Repo/eEDB011-20243/atividade 6 - WSL/airflow/airflow_env/lib/python3.10/site-packages/airflow/example_dags/example_skip_dag.py took 0.072 seconds
[2024-09-09T21:03:56.866-0300] {processor.py:186} INFO - Started process (PID=264768) to work on /mnt/c/Users/teu20/Documents/Poli/Repo/eEDB011-20243/atividade 6 - WSL/airflow/airflow_env/lib/python3.10/site-packages/airflow/example_dags/example_skip_dag.py
[2024-09-09T21:03:56.867-0300] {processor.py:914} INFO - Processing file /mnt/c/Users/teu20/Documents/Poli/Repo/eEDB011-20243/atividade 6 - WSL/airflow/airflow_env/lib/python3.10/site-packages/airflow/example_dags/example_skip_dag.py for tasks to queue
[2024-09-09T21:03:56.868-0300] {logging_mixin.py:190} INFO - [2024-09-09T21:03:56.868-0300] {dagbag.py:587} INFO - Filling up the DagBag from /mnt/c/Users/teu20/Documents/Poli/Repo/eEDB011-20243/atividade 6 - WSL/airflow/airflow_env/lib/python3.10/site-packages/airflow/example_dags/example_skip_dag.py
[2024-09-09T21:03:56.883-0300] {processor.py:925} INFO - DAG(s) 'example_skip_dag' retrieved from /mnt/c/Users/teu20/Documents/Poli/Repo/eEDB011-20243/atividade 6 - WSL/airflow/airflow_env/lib/python3.10/site-packages/airflow/example_dags/example_skip_dag.py
[2024-09-09T21:03:56.903-0300] {logging_mixin.py:190} INFO - [2024-09-09T21:03:56.902-0300] {dag.py:3229} INFO - Sync 1 DAGs
[2024-09-09T21:03:56.920-0300] {logging_mixin.py:190} INFO - [2024-09-09T21:03:56.919-0300] {dag.py:4156} INFO - Setting next_dagrun for example_skip_dag to 2024-09-09 00:00:00+00:00, run_after=2024-09-10 00:00:00+00:00
[2024-09-09T21:03:56.936-0300] {processor.py:208} INFO - Processing /mnt/c/Users/teu20/Documents/Poli/Repo/eEDB011-20243/atividade 6 - WSL/airflow/airflow_env/lib/python3.10/site-packages/airflow/example_dags/example_skip_dag.py took 0.079 seconds
[2024-09-09T21:04:27.340-0300] {processor.py:186} INFO - Started process (PID=265203) to work on /mnt/c/Users/teu20/Documents/Poli/Repo/eEDB011-20243/atividade 6 - WSL/airflow/airflow_env/lib/python3.10/site-packages/airflow/example_dags/example_skip_dag.py
[2024-09-09T21:04:27.341-0300] {processor.py:914} INFO - Processing file /mnt/c/Users/teu20/Documents/Poli/Repo/eEDB011-20243/atividade 6 - WSL/airflow/airflow_env/lib/python3.10/site-packages/airflow/example_dags/example_skip_dag.py for tasks to queue
[2024-09-09T21:04:27.343-0300] {logging_mixin.py:190} INFO - [2024-09-09T21:04:27.342-0300] {dagbag.py:587} INFO - Filling up the DagBag from /mnt/c/Users/teu20/Documents/Poli/Repo/eEDB011-20243/atividade 6 - WSL/airflow/airflow_env/lib/python3.10/site-packages/airflow/example_dags/example_skip_dag.py
[2024-09-09T21:04:27.361-0300] {processor.py:925} INFO - DAG(s) 'example_skip_dag' retrieved from /mnt/c/Users/teu20/Documents/Poli/Repo/eEDB011-20243/atividade 6 - WSL/airflow/airflow_env/lib/python3.10/site-packages/airflow/example_dags/example_skip_dag.py
[2024-09-09T21:04:27.383-0300] {logging_mixin.py:190} INFO - [2024-09-09T21:04:27.382-0300] {dag.py:3229} INFO - Sync 1 DAGs
[2024-09-09T21:04:27.401-0300] {logging_mixin.py:190} INFO - [2024-09-09T21:04:27.400-0300] {dag.py:4156} INFO - Setting next_dagrun for example_skip_dag to 2024-09-09 00:00:00+00:00, run_after=2024-09-10 00:00:00+00:00
[2024-09-09T21:04:27.419-0300] {processor.py:208} INFO - Processing /mnt/c/Users/teu20/Documents/Poli/Repo/eEDB011-20243/atividade 6 - WSL/airflow/airflow_env/lib/python3.10/site-packages/airflow/example_dags/example_skip_dag.py took 0.088 seconds
[2024-09-09T21:04:57.717-0300] {processor.py:186} INFO - Started process (PID=266354) to work on /mnt/c/Users/teu20/Documents/Poli/Repo/eEDB011-20243/atividade 6 - WSL/airflow/airflow_env/lib/python3.10/site-packages/airflow/example_dags/example_skip_dag.py
[2024-09-09T21:04:57.718-0300] {processor.py:914} INFO - Processing file /mnt/c/Users/teu20/Documents/Poli/Repo/eEDB011-20243/atividade 6 - WSL/airflow/airflow_env/lib/python3.10/site-packages/airflow/example_dags/example_skip_dag.py for tasks to queue
[2024-09-09T21:04:57.720-0300] {logging_mixin.py:190} INFO - [2024-09-09T21:04:57.719-0300] {dagbag.py:587} INFO - Filling up the DagBag from /mnt/c/Users/teu20/Documents/Poli/Repo/eEDB011-20243/atividade 6 - WSL/airflow/airflow_env/lib/python3.10/site-packages/airflow/example_dags/example_skip_dag.py
[2024-09-09T21:04:57.733-0300] {processor.py:925} INFO - DAG(s) 'example_skip_dag' retrieved from /mnt/c/Users/teu20/Documents/Poli/Repo/eEDB011-20243/atividade 6 - WSL/airflow/airflow_env/lib/python3.10/site-packages/airflow/example_dags/example_skip_dag.py
[2024-09-09T21:04:57.750-0300] {logging_mixin.py:190} INFO - [2024-09-09T21:04:57.750-0300] {dag.py:3229} INFO - Sync 1 DAGs
[2024-09-09T21:04:57.766-0300] {logging_mixin.py:190} INFO - [2024-09-09T21:04:57.766-0300] {dag.py:4156} INFO - Setting next_dagrun for example_skip_dag to 2024-09-09 00:00:00+00:00, run_after=2024-09-10 00:00:00+00:00
[2024-09-09T21:04:57.781-0300] {processor.py:208} INFO - Processing /mnt/c/Users/teu20/Documents/Poli/Repo/eEDB011-20243/atividade 6 - WSL/airflow/airflow_env/lib/python3.10/site-packages/airflow/example_dags/example_skip_dag.py took 0.072 seconds
[2024-09-09T21:05:28.112-0300] {processor.py:186} INFO - Started process (PID=266946) to work on /mnt/c/Users/teu20/Documents/Poli/Repo/eEDB011-20243/atividade 6 - WSL/airflow/airflow_env/lib/python3.10/site-packages/airflow/example_dags/example_skip_dag.py
[2024-09-09T21:05:28.113-0300] {processor.py:914} INFO - Processing file /mnt/c/Users/teu20/Documents/Poli/Repo/eEDB011-20243/atividade 6 - WSL/airflow/airflow_env/lib/python3.10/site-packages/airflow/example_dags/example_skip_dag.py for tasks to queue
[2024-09-09T21:05:28.115-0300] {logging_mixin.py:190} INFO - [2024-09-09T21:05:28.114-0300] {dagbag.py:587} INFO - Filling up the DagBag from /mnt/c/Users/teu20/Documents/Poli/Repo/eEDB011-20243/atividade 6 - WSL/airflow/airflow_env/lib/python3.10/site-packages/airflow/example_dags/example_skip_dag.py
[2024-09-09T21:05:28.126-0300] {processor.py:925} INFO - DAG(s) 'example_skip_dag' retrieved from /mnt/c/Users/teu20/Documents/Poli/Repo/eEDB011-20243/atividade 6 - WSL/airflow/airflow_env/lib/python3.10/site-packages/airflow/example_dags/example_skip_dag.py
[2024-09-09T21:05:28.143-0300] {logging_mixin.py:190} INFO - [2024-09-09T21:05:28.143-0300] {dag.py:3229} INFO - Sync 1 DAGs
[2024-09-09T21:05:28.159-0300] {logging_mixin.py:190} INFO - [2024-09-09T21:05:28.158-0300] {dag.py:4156} INFO - Setting next_dagrun for example_skip_dag to 2024-09-09 00:00:00+00:00, run_after=2024-09-10 00:00:00+00:00
[2024-09-09T21:05:28.173-0300] {processor.py:208} INFO - Processing /mnt/c/Users/teu20/Documents/Poli/Repo/eEDB011-20243/atividade 6 - WSL/airflow/airflow_env/lib/python3.10/site-packages/airflow/example_dags/example_skip_dag.py took 0.068 seconds
[2024-09-09T21:05:58.491-0300] {processor.py:186} INFO - Started process (PID=267376) to work on /mnt/c/Users/teu20/Documents/Poli/Repo/eEDB011-20243/atividade 6 - WSL/airflow/airflow_env/lib/python3.10/site-packages/airflow/example_dags/example_skip_dag.py
[2024-09-09T21:05:58.492-0300] {processor.py:914} INFO - Processing file /mnt/c/Users/teu20/Documents/Poli/Repo/eEDB011-20243/atividade 6 - WSL/airflow/airflow_env/lib/python3.10/site-packages/airflow/example_dags/example_skip_dag.py for tasks to queue
[2024-09-09T21:05:58.494-0300] {logging_mixin.py:190} INFO - [2024-09-09T21:05:58.493-0300] {dagbag.py:587} INFO - Filling up the DagBag from /mnt/c/Users/teu20/Documents/Poli/Repo/eEDB011-20243/atividade 6 - WSL/airflow/airflow_env/lib/python3.10/site-packages/airflow/example_dags/example_skip_dag.py
[2024-09-09T21:05:58.510-0300] {processor.py:925} INFO - DAG(s) 'example_skip_dag' retrieved from /mnt/c/Users/teu20/Documents/Poli/Repo/eEDB011-20243/atividade 6 - WSL/airflow/airflow_env/lib/python3.10/site-packages/airflow/example_dags/example_skip_dag.py
[2024-09-09T21:05:58.529-0300] {logging_mixin.py:190} INFO - [2024-09-09T21:05:58.528-0300] {dag.py:3229} INFO - Sync 1 DAGs
[2024-09-09T21:05:58.544-0300] {logging_mixin.py:190} INFO - [2024-09-09T21:05:58.544-0300] {dag.py:4156} INFO - Setting next_dagrun for example_skip_dag to 2024-09-09 00:00:00+00:00, run_after=2024-09-10 00:00:00+00:00
[2024-09-09T21:05:58.558-0300] {processor.py:208} INFO - Processing /mnt/c/Users/teu20/Documents/Poli/Repo/eEDB011-20243/atividade 6 - WSL/airflow/airflow_env/lib/python3.10/site-packages/airflow/example_dags/example_skip_dag.py took 0.075 seconds
[2024-09-09T21:06:29.199-0300] {processor.py:186} INFO - Started process (PID=267830) to work on /mnt/c/Users/teu20/Documents/Poli/Repo/eEDB011-20243/atividade 6 - WSL/airflow/airflow_env/lib/python3.10/site-packages/airflow/example_dags/example_skip_dag.py
[2024-09-09T21:06:29.200-0300] {processor.py:914} INFO - Processing file /mnt/c/Users/teu20/Documents/Poli/Repo/eEDB011-20243/atividade 6 - WSL/airflow/airflow_env/lib/python3.10/site-packages/airflow/example_dags/example_skip_dag.py for tasks to queue
[2024-09-09T21:06:29.202-0300] {logging_mixin.py:190} INFO - [2024-09-09T21:06:29.201-0300] {dagbag.py:587} INFO - Filling up the DagBag from /mnt/c/Users/teu20/Documents/Poli/Repo/eEDB011-20243/atividade 6 - WSL/airflow/airflow_env/lib/python3.10/site-packages/airflow/example_dags/example_skip_dag.py
[2024-09-09T21:06:29.218-0300] {processor.py:925} INFO - DAG(s) 'example_skip_dag' retrieved from /mnt/c/Users/teu20/Documents/Poli/Repo/eEDB011-20243/atividade 6 - WSL/airflow/airflow_env/lib/python3.10/site-packages/airflow/example_dags/example_skip_dag.py
[2024-09-09T21:06:29.239-0300] {logging_mixin.py:190} INFO - [2024-09-09T21:06:29.238-0300] {dag.py:3229} INFO - Sync 1 DAGs
[2024-09-09T21:06:29.256-0300] {logging_mixin.py:190} INFO - [2024-09-09T21:06:29.255-0300] {dag.py:4156} INFO - Setting next_dagrun for example_skip_dag to 2024-09-09 00:00:00+00:00, run_after=2024-09-10 00:00:00+00:00
[2024-09-09T21:06:29.272-0300] {processor.py:208} INFO - Processing /mnt/c/Users/teu20/Documents/Poli/Repo/eEDB011-20243/atividade 6 - WSL/airflow/airflow_env/lib/python3.10/site-packages/airflow/example_dags/example_skip_dag.py took 0.082 seconds
[2024-09-09T21:06:59.625-0300] {processor.py:186} INFO - Started process (PID=268452) to work on /mnt/c/Users/teu20/Documents/Poli/Repo/eEDB011-20243/atividade 6 - WSL/airflow/airflow_env/lib/python3.10/site-packages/airflow/example_dags/example_skip_dag.py
[2024-09-09T21:06:59.627-0300] {processor.py:914} INFO - Processing file /mnt/c/Users/teu20/Documents/Poli/Repo/eEDB011-20243/atividade 6 - WSL/airflow/airflow_env/lib/python3.10/site-packages/airflow/example_dags/example_skip_dag.py for tasks to queue
[2024-09-09T21:06:59.628-0300] {logging_mixin.py:190} INFO - [2024-09-09T21:06:59.628-0300] {dagbag.py:587} INFO - Filling up the DagBag from /mnt/c/Users/teu20/Documents/Poli/Repo/eEDB011-20243/atividade 6 - WSL/airflow/airflow_env/lib/python3.10/site-packages/airflow/example_dags/example_skip_dag.py
[2024-09-09T21:06:59.640-0300] {processor.py:925} INFO - DAG(s) 'example_skip_dag' retrieved from /mnt/c/Users/teu20/Documents/Poli/Repo/eEDB011-20243/atividade 6 - WSL/airflow/airflow_env/lib/python3.10/site-packages/airflow/example_dags/example_skip_dag.py
[2024-09-09T21:06:59.657-0300] {logging_mixin.py:190} INFO - [2024-09-09T21:06:59.657-0300] {dag.py:3229} INFO - Sync 1 DAGs
[2024-09-09T21:06:59.672-0300] {logging_mixin.py:190} INFO - [2024-09-09T21:06:59.672-0300] {dag.py:4156} INFO - Setting next_dagrun for example_skip_dag to 2024-09-09 00:00:00+00:00, run_after=2024-09-10 00:00:00+00:00
[2024-09-09T21:06:59.687-0300] {processor.py:208} INFO - Processing /mnt/c/Users/teu20/Documents/Poli/Repo/eEDB011-20243/atividade 6 - WSL/airflow/airflow_env/lib/python3.10/site-packages/airflow/example_dags/example_skip_dag.py took 0.070 seconds
[2024-09-09T21:07:30.034-0300] {processor.py:186} INFO - Started process (PID=269122) to work on /mnt/c/Users/teu20/Documents/Poli/Repo/eEDB011-20243/atividade 6 - WSL/airflow/airflow_env/lib/python3.10/site-packages/airflow/example_dags/example_skip_dag.py
[2024-09-09T21:07:30.035-0300] {processor.py:914} INFO - Processing file /mnt/c/Users/teu20/Documents/Poli/Repo/eEDB011-20243/atividade 6 - WSL/airflow/airflow_env/lib/python3.10/site-packages/airflow/example_dags/example_skip_dag.py for tasks to queue
[2024-09-09T21:07:30.037-0300] {logging_mixin.py:190} INFO - [2024-09-09T21:07:30.036-0300] {dagbag.py:587} INFO - Filling up the DagBag from /mnt/c/Users/teu20/Documents/Poli/Repo/eEDB011-20243/atividade 6 - WSL/airflow/airflow_env/lib/python3.10/site-packages/airflow/example_dags/example_skip_dag.py
[2024-09-09T21:07:30.051-0300] {processor.py:925} INFO - DAG(s) 'example_skip_dag' retrieved from /mnt/c/Users/teu20/Documents/Poli/Repo/eEDB011-20243/atividade 6 - WSL/airflow/airflow_env/lib/python3.10/site-packages/airflow/example_dags/example_skip_dag.py
[2024-09-09T21:07:30.069-0300] {logging_mixin.py:190} INFO - [2024-09-09T21:07:30.068-0300] {dag.py:3229} INFO - Sync 1 DAGs
[2024-09-09T21:07:30.084-0300] {logging_mixin.py:190} INFO - [2024-09-09T21:07:30.083-0300] {dag.py:4156} INFO - Setting next_dagrun for example_skip_dag to 2024-09-09 00:00:00+00:00, run_after=2024-09-10 00:00:00+00:00
[2024-09-09T21:07:30.101-0300] {processor.py:208} INFO - Processing /mnt/c/Users/teu20/Documents/Poli/Repo/eEDB011-20243/atividade 6 - WSL/airflow/airflow_env/lib/python3.10/site-packages/airflow/example_dags/example_skip_dag.py took 0.075 seconds
[2024-09-09T21:08:00.566-0300] {processor.py:186} INFO - Started process (PID=269618) to work on /mnt/c/Users/teu20/Documents/Poli/Repo/eEDB011-20243/atividade 6 - WSL/airflow/airflow_env/lib/python3.10/site-packages/airflow/example_dags/example_skip_dag.py
[2024-09-09T21:08:00.567-0300] {processor.py:914} INFO - Processing file /mnt/c/Users/teu20/Documents/Poli/Repo/eEDB011-20243/atividade 6 - WSL/airflow/airflow_env/lib/python3.10/site-packages/airflow/example_dags/example_skip_dag.py for tasks to queue
[2024-09-09T21:08:00.569-0300] {logging_mixin.py:190} INFO - [2024-09-09T21:08:00.568-0300] {dagbag.py:587} INFO - Filling up the DagBag from /mnt/c/Users/teu20/Documents/Poli/Repo/eEDB011-20243/atividade 6 - WSL/airflow/airflow_env/lib/python3.10/site-packages/airflow/example_dags/example_skip_dag.py
[2024-09-09T21:08:00.585-0300] {processor.py:925} INFO - DAG(s) 'example_skip_dag' retrieved from /mnt/c/Users/teu20/Documents/Poli/Repo/eEDB011-20243/atividade 6 - WSL/airflow/airflow_env/lib/python3.10/site-packages/airflow/example_dags/example_skip_dag.py
[2024-09-09T21:08:00.604-0300] {logging_mixin.py:190} INFO - [2024-09-09T21:08:00.603-0300] {dag.py:3229} INFO - Sync 1 DAGs
[2024-09-09T21:08:00.620-0300] {logging_mixin.py:190} INFO - [2024-09-09T21:08:00.619-0300] {dag.py:4156} INFO - Setting next_dagrun for example_skip_dag to 2024-09-09 00:00:00+00:00, run_after=2024-09-10 00:00:00+00:00
[2024-09-09T21:08:00.635-0300] {processor.py:208} INFO - Processing /mnt/c/Users/teu20/Documents/Poli/Repo/eEDB011-20243/atividade 6 - WSL/airflow/airflow_env/lib/python3.10/site-packages/airflow/example_dags/example_skip_dag.py took 0.078 seconds
