[2024-09-09T21:00:23.123-0300] {processor.py:186} INFO - Started process (PID=261487) to work on /mnt/c/Users/teu20/Documents/Poli/Repo/eEDB011-20243/atividade 6 - WSL/airflow/airflow_env/lib/python3.10/site-packages/airflow/example_dags/example_setup_teardown.py
[2024-09-09T21:00:23.124-0300] {processor.py:914} INFO - Processing file /mnt/c/Users/teu20/Documents/Poli/Repo/eEDB011-20243/atividade 6 - WSL/airflow/airflow_env/lib/python3.10/site-packages/airflow/example_dags/example_setup_teardown.py for tasks to queue
[2024-09-09T21:00:23.126-0300] {logging_mixin.py:190} INFO - [2024-09-09T21:00:23.125-0300] {dagbag.py:587} INFO - Filling up the DagBag from /mnt/c/Users/teu20/Documents/Poli/Repo/eEDB011-20243/atividade 6 - WSL/airflow/airflow_env/lib/python3.10/site-packages/airflow/example_dags/example_setup_teardown.py
[2024-09-09T21:00:23.141-0300] {processor.py:925} INFO - DAG(s) 'example_setup_teardown' retrieved from /mnt/c/Users/teu20/Documents/Poli/Repo/eEDB011-20243/atividade 6 - WSL/airflow/airflow_env/lib/python3.10/site-packages/airflow/example_dags/example_setup_teardown.py
[2024-09-09T21:00:23.160-0300] {logging_mixin.py:190} INFO - [2024-09-09T21:00:23.159-0300] {dag.py:3229} INFO - Sync 1 DAGs
[2024-09-09T21:00:23.169-0300] {logging_mixin.py:190} INFO - [2024-09-09T21:00:23.168-0300] {dag.py:4156} INFO - Setting next_dagrun for example_setup_teardown to None, run_after=None
[2024-09-09T21:00:23.184-0300] {processor.py:208} INFO - Processing /mnt/c/Users/teu20/Documents/Poli/Repo/eEDB011-20243/atividade 6 - WSL/airflow/airflow_env/lib/python3.10/site-packages/airflow/example_dags/example_setup_teardown.py took 0.069 seconds
[2024-09-09T21:00:53.505-0300] {processor.py:186} INFO - Started process (PID=262188) to work on /mnt/c/Users/teu20/Documents/Poli/Repo/eEDB011-20243/atividade 6 - WSL/airflow/airflow_env/lib/python3.10/site-packages/airflow/example_dags/example_setup_teardown.py
[2024-09-09T21:00:53.506-0300] {processor.py:914} INFO - Processing file /mnt/c/Users/teu20/Documents/Poli/Repo/eEDB011-20243/atividade 6 - WSL/airflow/airflow_env/lib/python3.10/site-packages/airflow/example_dags/example_setup_teardown.py for tasks to queue
[2024-09-09T21:00:53.508-0300] {logging_mixin.py:190} INFO - [2024-09-09T21:00:53.507-0300] {dagbag.py:587} INFO - Filling up the DagBag from /mnt/c/Users/teu20/Documents/Poli/Repo/eEDB011-20243/atividade 6 - WSL/airflow/airflow_env/lib/python3.10/site-packages/airflow/example_dags/example_setup_teardown.py
[2024-09-09T21:00:53.518-0300] {processor.py:925} INFO - DAG(s) 'example_setup_teardown' retrieved from /mnt/c/Users/teu20/Documents/Poli/Repo/eEDB011-20243/atividade 6 - WSL/airflow/airflow_env/lib/python3.10/site-packages/airflow/example_dags/example_setup_teardown.py
[2024-09-09T21:00:53.536-0300] {logging_mixin.py:190} INFO - [2024-09-09T21:00:53.535-0300] {dag.py:3229} INFO - Sync 1 DAGs
[2024-09-09T21:00:53.544-0300] {logging_mixin.py:190} INFO - [2024-09-09T21:00:53.543-0300] {dag.py:4156} INFO - Setting next_dagrun for example_setup_teardown to None, run_after=None
[2024-09-09T21:00:53.557-0300] {processor.py:208} INFO - Processing /mnt/c/Users/teu20/Documents/Poli/Repo/eEDB011-20243/atividade 6 - WSL/airflow/airflow_env/lib/python3.10/site-packages/airflow/example_dags/example_setup_teardown.py took 0.060 seconds
[2024-09-09T21:01:23.916-0300] {processor.py:186} INFO - Started process (PID=262619) to work on /mnt/c/Users/teu20/Documents/Poli/Repo/eEDB011-20243/atividade 6 - WSL/airflow/airflow_env/lib/python3.10/site-packages/airflow/example_dags/example_setup_teardown.py
[2024-09-09T21:01:23.917-0300] {processor.py:914} INFO - Processing file /mnt/c/Users/teu20/Documents/Poli/Repo/eEDB011-20243/atividade 6 - WSL/airflow/airflow_env/lib/python3.10/site-packages/airflow/example_dags/example_setup_teardown.py for tasks to queue
[2024-09-09T21:01:23.918-0300] {logging_mixin.py:190} INFO - [2024-09-09T21:01:23.918-0300] {dagbag.py:587} INFO - Filling up the DagBag from /mnt/c/Users/teu20/Documents/Poli/Repo/eEDB011-20243/atividade 6 - WSL/airflow/airflow_env/lib/python3.10/site-packages/airflow/example_dags/example_setup_teardown.py
[2024-09-09T21:01:23.936-0300] {processor.py:925} INFO - DAG(s) 'example_setup_teardown' retrieved from /mnt/c/Users/teu20/Documents/Poli/Repo/eEDB011-20243/atividade 6 - WSL/airflow/airflow_env/lib/python3.10/site-packages/airflow/example_dags/example_setup_teardown.py
[2024-09-09T21:01:23.957-0300] {logging_mixin.py:190} INFO - [2024-09-09T21:01:23.956-0300] {dag.py:3229} INFO - Sync 1 DAGs
[2024-09-09T21:01:23.966-0300] {logging_mixin.py:190} INFO - [2024-09-09T21:01:23.966-0300] {dag.py:4156} INFO - Setting next_dagrun for example_setup_teardown to None, run_after=None
[2024-09-09T21:01:23.982-0300] {processor.py:208} INFO - Processing /mnt/c/Users/teu20/Documents/Poli/Repo/eEDB011-20243/atividade 6 - WSL/airflow/airflow_env/lib/python3.10/site-packages/airflow/example_dags/example_setup_teardown.py took 0.075 seconds
[2024-09-09T21:01:54.851-0300] {processor.py:186} INFO - Started process (PID=263052) to work on /mnt/c/Users/teu20/Documents/Poli/Repo/eEDB011-20243/atividade 6 - WSL/airflow/airflow_env/lib/python3.10/site-packages/airflow/example_dags/example_setup_teardown.py
[2024-09-09T21:01:54.852-0300] {processor.py:914} INFO - Processing file /mnt/c/Users/teu20/Documents/Poli/Repo/eEDB011-20243/atividade 6 - WSL/airflow/airflow_env/lib/python3.10/site-packages/airflow/example_dags/example_setup_teardown.py for tasks to queue
[2024-09-09T21:01:54.854-0300] {logging_mixin.py:190} INFO - [2024-09-09T21:01:54.853-0300] {dagbag.py:587} INFO - Filling up the DagBag from /mnt/c/Users/teu20/Documents/Poli/Repo/eEDB011-20243/atividade 6 - WSL/airflow/airflow_env/lib/python3.10/site-packages/airflow/example_dags/example_setup_teardown.py
[2024-09-09T21:01:54.866-0300] {processor.py:925} INFO - DAG(s) 'example_setup_teardown' retrieved from /mnt/c/Users/teu20/Documents/Poli/Repo/eEDB011-20243/atividade 6 - WSL/airflow/airflow_env/lib/python3.10/site-packages/airflow/example_dags/example_setup_teardown.py
[2024-09-09T21:01:54.883-0300] {logging_mixin.py:190} INFO - [2024-09-09T21:01:54.883-0300] {dag.py:3229} INFO - Sync 1 DAGs
[2024-09-09T21:01:54.891-0300] {logging_mixin.py:190} INFO - [2024-09-09T21:01:54.891-0300] {dag.py:4156} INFO - Setting next_dagrun for example_setup_teardown to None, run_after=None
[2024-09-09T21:01:54.906-0300] {processor.py:208} INFO - Processing /mnt/c/Users/teu20/Documents/Poli/Repo/eEDB011-20243/atividade 6 - WSL/airflow/airflow_env/lib/python3.10/site-packages/airflow/example_dags/example_setup_teardown.py took 0.062 seconds
[2024-09-09T21:02:25.469-0300] {processor.py:186} INFO - Started process (PID=263489) to work on /mnt/c/Users/teu20/Documents/Poli/Repo/eEDB011-20243/atividade 6 - WSL/airflow/airflow_env/lib/python3.10/site-packages/airflow/example_dags/example_setup_teardown.py
[2024-09-09T21:02:25.470-0300] {processor.py:914} INFO - Processing file /mnt/c/Users/teu20/Documents/Poli/Repo/eEDB011-20243/atividade 6 - WSL/airflow/airflow_env/lib/python3.10/site-packages/airflow/example_dags/example_setup_teardown.py for tasks to queue
[2024-09-09T21:02:25.473-0300] {logging_mixin.py:190} INFO - [2024-09-09T21:02:25.471-0300] {dagbag.py:587} INFO - Filling up the DagBag from /mnt/c/Users/teu20/Documents/Poli/Repo/eEDB011-20243/atividade 6 - WSL/airflow/airflow_env/lib/python3.10/site-packages/airflow/example_dags/example_setup_teardown.py
[2024-09-09T21:02:25.488-0300] {processor.py:925} INFO - DAG(s) 'example_setup_teardown' retrieved from /mnt/c/Users/teu20/Documents/Poli/Repo/eEDB011-20243/atividade 6 - WSL/airflow/airflow_env/lib/python3.10/site-packages/airflow/example_dags/example_setup_teardown.py
[2024-09-09T21:02:25.506-0300] {logging_mixin.py:190} INFO - [2024-09-09T21:02:25.505-0300] {dag.py:3229} INFO - Sync 1 DAGs
[2024-09-09T21:02:25.514-0300] {logging_mixin.py:190} INFO - [2024-09-09T21:02:25.513-0300] {dag.py:4156} INFO - Setting next_dagrun for example_setup_teardown to None, run_after=None
[2024-09-09T21:02:25.528-0300] {processor.py:208} INFO - Processing /mnt/c/Users/teu20/Documents/Poli/Repo/eEDB011-20243/atividade 6 - WSL/airflow/airflow_env/lib/python3.10/site-packages/airflow/example_dags/example_setup_teardown.py took 0.067 seconds
[2024-09-09T21:02:56.011-0300] {processor.py:186} INFO - Started process (PID=263920) to work on /mnt/c/Users/teu20/Documents/Poli/Repo/eEDB011-20243/atividade 6 - WSL/airflow/airflow_env/lib/python3.10/site-packages/airflow/example_dags/example_setup_teardown.py
[2024-09-09T21:02:56.012-0300] {processor.py:914} INFO - Processing file /mnt/c/Users/teu20/Documents/Poli/Repo/eEDB011-20243/atividade 6 - WSL/airflow/airflow_env/lib/python3.10/site-packages/airflow/example_dags/example_setup_teardown.py for tasks to queue
[2024-09-09T21:02:56.014-0300] {logging_mixin.py:190} INFO - [2024-09-09T21:02:56.013-0300] {dagbag.py:587} INFO - Filling up the DagBag from /mnt/c/Users/teu20/Documents/Poli/Repo/eEDB011-20243/atividade 6 - WSL/airflow/airflow_env/lib/python3.10/site-packages/airflow/example_dags/example_setup_teardown.py
[2024-09-09T21:02:56.028-0300] {processor.py:925} INFO - DAG(s) 'example_setup_teardown' retrieved from /mnt/c/Users/teu20/Documents/Poli/Repo/eEDB011-20243/atividade 6 - WSL/airflow/airflow_env/lib/python3.10/site-packages/airflow/example_dags/example_setup_teardown.py
[2024-09-09T21:02:56.045-0300] {logging_mixin.py:190} INFO - [2024-09-09T21:02:56.044-0300] {dag.py:3229} INFO - Sync 1 DAGs
[2024-09-09T21:02:56.053-0300] {logging_mixin.py:190} INFO - [2024-09-09T21:02:56.053-0300] {dag.py:4156} INFO - Setting next_dagrun for example_setup_teardown to None, run_after=None
[2024-09-09T21:02:56.067-0300] {processor.py:208} INFO - Processing /mnt/c/Users/teu20/Documents/Poli/Repo/eEDB011-20243/atividade 6 - WSL/airflow/airflow_env/lib/python3.10/site-packages/airflow/example_dags/example_setup_teardown.py took 0.064 seconds
[2024-09-09T21:03:26.609-0300] {processor.py:186} INFO - Started process (PID=264351) to work on /mnt/c/Users/teu20/Documents/Poli/Repo/eEDB011-20243/atividade 6 - WSL/airflow/airflow_env/lib/python3.10/site-packages/airflow/example_dags/example_setup_teardown.py
[2024-09-09T21:03:26.610-0300] {processor.py:914} INFO - Processing file /mnt/c/Users/teu20/Documents/Poli/Repo/eEDB011-20243/atividade 6 - WSL/airflow/airflow_env/lib/python3.10/site-packages/airflow/example_dags/example_setup_teardown.py for tasks to queue
[2024-09-09T21:03:26.611-0300] {logging_mixin.py:190} INFO - [2024-09-09T21:03:26.611-0300] {dagbag.py:587} INFO - Filling up the DagBag from /mnt/c/Users/teu20/Documents/Poli/Repo/eEDB011-20243/atividade 6 - WSL/airflow/airflow_env/lib/python3.10/site-packages/airflow/example_dags/example_setup_teardown.py
[2024-09-09T21:03:26.623-0300] {processor.py:925} INFO - DAG(s) 'example_setup_teardown' retrieved from /mnt/c/Users/teu20/Documents/Poli/Repo/eEDB011-20243/atividade 6 - WSL/airflow/airflow_env/lib/python3.10/site-packages/airflow/example_dags/example_setup_teardown.py
[2024-09-09T21:03:26.640-0300] {logging_mixin.py:190} INFO - [2024-09-09T21:03:26.639-0300] {dag.py:3229} INFO - Sync 1 DAGs
[2024-09-09T21:03:26.648-0300] {logging_mixin.py:190} INFO - [2024-09-09T21:03:26.647-0300] {dag.py:4156} INFO - Setting next_dagrun for example_setup_teardown to None, run_after=None
[2024-09-09T21:03:26.663-0300] {processor.py:208} INFO - Processing /mnt/c/Users/teu20/Documents/Poli/Repo/eEDB011-20243/atividade 6 - WSL/airflow/airflow_env/lib/python3.10/site-packages/airflow/example_dags/example_setup_teardown.py took 0.062 seconds
[2024-09-09T21:03:57.186-0300] {processor.py:186} INFO - Started process (PID=264791) to work on /mnt/c/Users/teu20/Documents/Poli/Repo/eEDB011-20243/atividade 6 - WSL/airflow/airflow_env/lib/python3.10/site-packages/airflow/example_dags/example_setup_teardown.py
[2024-09-09T21:03:57.187-0300] {processor.py:914} INFO - Processing file /mnt/c/Users/teu20/Documents/Poli/Repo/eEDB011-20243/atividade 6 - WSL/airflow/airflow_env/lib/python3.10/site-packages/airflow/example_dags/example_setup_teardown.py for tasks to queue
[2024-09-09T21:03:57.188-0300] {logging_mixin.py:190} INFO - [2024-09-09T21:03:57.188-0300] {dagbag.py:587} INFO - Filling up the DagBag from /mnt/c/Users/teu20/Documents/Poli/Repo/eEDB011-20243/atividade 6 - WSL/airflow/airflow_env/lib/python3.10/site-packages/airflow/example_dags/example_setup_teardown.py
[2024-09-09T21:03:57.202-0300] {processor.py:925} INFO - DAG(s) 'example_setup_teardown' retrieved from /mnt/c/Users/teu20/Documents/Poli/Repo/eEDB011-20243/atividade 6 - WSL/airflow/airflow_env/lib/python3.10/site-packages/airflow/example_dags/example_setup_teardown.py
[2024-09-09T21:03:57.223-0300] {logging_mixin.py:190} INFO - [2024-09-09T21:03:57.222-0300] {dag.py:3229} INFO - Sync 1 DAGs
[2024-09-09T21:03:57.232-0300] {logging_mixin.py:190} INFO - [2024-09-09T21:03:57.231-0300] {dag.py:4156} INFO - Setting next_dagrun for example_setup_teardown to None, run_after=None
[2024-09-09T21:03:57.248-0300] {processor.py:208} INFO - Processing /mnt/c/Users/teu20/Documents/Poli/Repo/eEDB011-20243/atividade 6 - WSL/airflow/airflow_env/lib/python3.10/site-packages/airflow/example_dags/example_setup_teardown.py took 0.071 seconds
[2024-09-09T21:04:27.651-0300] {processor.py:186} INFO - Started process (PID=265225) to work on /mnt/c/Users/teu20/Documents/Poli/Repo/eEDB011-20243/atividade 6 - WSL/airflow/airflow_env/lib/python3.10/site-packages/airflow/example_dags/example_setup_teardown.py
[2024-09-09T21:04:27.652-0300] {processor.py:914} INFO - Processing file /mnt/c/Users/teu20/Documents/Poli/Repo/eEDB011-20243/atividade 6 - WSL/airflow/airflow_env/lib/python3.10/site-packages/airflow/example_dags/example_setup_teardown.py for tasks to queue
[2024-09-09T21:04:27.654-0300] {logging_mixin.py:190} INFO - [2024-09-09T21:04:27.653-0300] {dagbag.py:587} INFO - Filling up the DagBag from /mnt/c/Users/teu20/Documents/Poli/Repo/eEDB011-20243/atividade 6 - WSL/airflow/airflow_env/lib/python3.10/site-packages/airflow/example_dags/example_setup_teardown.py
[2024-09-09T21:04:27.666-0300] {processor.py:925} INFO - DAG(s) 'example_setup_teardown' retrieved from /mnt/c/Users/teu20/Documents/Poli/Repo/eEDB011-20243/atividade 6 - WSL/airflow/airflow_env/lib/python3.10/site-packages/airflow/example_dags/example_setup_teardown.py
[2024-09-09T21:04:27.684-0300] {logging_mixin.py:190} INFO - [2024-09-09T21:04:27.684-0300] {dag.py:3229} INFO - Sync 1 DAGs
[2024-09-09T21:04:27.693-0300] {logging_mixin.py:190} INFO - [2024-09-09T21:04:27.692-0300] {dag.py:4156} INFO - Setting next_dagrun for example_setup_teardown to None, run_after=None
[2024-09-09T21:04:27.708-0300] {processor.py:208} INFO - Processing /mnt/c/Users/teu20/Documents/Poli/Repo/eEDB011-20243/atividade 6 - WSL/airflow/airflow_env/lib/python3.10/site-packages/airflow/example_dags/example_setup_teardown.py took 0.065 seconds
[2024-09-09T21:04:58.078-0300] {processor.py:186} INFO - Started process (PID=266378) to work on /mnt/c/Users/teu20/Documents/Poli/Repo/eEDB011-20243/atividade 6 - WSL/airflow/airflow_env/lib/python3.10/site-packages/airflow/example_dags/example_setup_teardown.py
[2024-09-09T21:04:58.080-0300] {processor.py:914} INFO - Processing file /mnt/c/Users/teu20/Documents/Poli/Repo/eEDB011-20243/atividade 6 - WSL/airflow/airflow_env/lib/python3.10/site-packages/airflow/example_dags/example_setup_teardown.py for tasks to queue
[2024-09-09T21:04:58.081-0300] {logging_mixin.py:190} INFO - [2024-09-09T21:04:58.081-0300] {dagbag.py:587} INFO - Filling up the DagBag from /mnt/c/Users/teu20/Documents/Poli/Repo/eEDB011-20243/atividade 6 - WSL/airflow/airflow_env/lib/python3.10/site-packages/airflow/example_dags/example_setup_teardown.py
[2024-09-09T21:04:58.095-0300] {processor.py:925} INFO - DAG(s) 'example_setup_teardown' retrieved from /mnt/c/Users/teu20/Documents/Poli/Repo/eEDB011-20243/atividade 6 - WSL/airflow/airflow_env/lib/python3.10/site-packages/airflow/example_dags/example_setup_teardown.py
[2024-09-09T21:04:58.114-0300] {logging_mixin.py:190} INFO - [2024-09-09T21:04:58.113-0300] {dag.py:3229} INFO - Sync 1 DAGs
[2024-09-09T21:04:58.122-0300] {logging_mixin.py:190} INFO - [2024-09-09T21:04:58.121-0300] {dag.py:4156} INFO - Setting next_dagrun for example_setup_teardown to None, run_after=None
[2024-09-09T21:04:58.136-0300] {processor.py:208} INFO - Processing /mnt/c/Users/teu20/Documents/Poli/Repo/eEDB011-20243/atividade 6 - WSL/airflow/airflow_env/lib/python3.10/site-packages/airflow/example_dags/example_setup_teardown.py took 0.065 seconds
[2024-09-09T21:05:28.493-0300] {processor.py:186} INFO - Started process (PID=266970) to work on /mnt/c/Users/teu20/Documents/Poli/Repo/eEDB011-20243/atividade 6 - WSL/airflow/airflow_env/lib/python3.10/site-packages/airflow/example_dags/example_setup_teardown.py
[2024-09-09T21:05:28.494-0300] {processor.py:914} INFO - Processing file /mnt/c/Users/teu20/Documents/Poli/Repo/eEDB011-20243/atividade 6 - WSL/airflow/airflow_env/lib/python3.10/site-packages/airflow/example_dags/example_setup_teardown.py for tasks to queue
[2024-09-09T21:05:28.496-0300] {logging_mixin.py:190} INFO - [2024-09-09T21:05:28.495-0300] {dagbag.py:587} INFO - Filling up the DagBag from /mnt/c/Users/teu20/Documents/Poli/Repo/eEDB011-20243/atividade 6 - WSL/airflow/airflow_env/lib/python3.10/site-packages/airflow/example_dags/example_setup_teardown.py
[2024-09-09T21:05:28.510-0300] {processor.py:925} INFO - DAG(s) 'example_setup_teardown' retrieved from /mnt/c/Users/teu20/Documents/Poli/Repo/eEDB011-20243/atividade 6 - WSL/airflow/airflow_env/lib/python3.10/site-packages/airflow/example_dags/example_setup_teardown.py
[2024-09-09T21:05:28.527-0300] {logging_mixin.py:190} INFO - [2024-09-09T21:05:28.527-0300] {dag.py:3229} INFO - Sync 1 DAGs
[2024-09-09T21:05:28.535-0300] {logging_mixin.py:190} INFO - [2024-09-09T21:05:28.534-0300] {dag.py:4156} INFO - Setting next_dagrun for example_setup_teardown to None, run_after=None
[2024-09-09T21:05:28.549-0300] {processor.py:208} INFO - Processing /mnt/c/Users/teu20/Documents/Poli/Repo/eEDB011-20243/atividade 6 - WSL/airflow/airflow_env/lib/python3.10/site-packages/airflow/example_dags/example_setup_teardown.py took 0.064 seconds
[2024-09-09T21:05:58.881-0300] {processor.py:186} INFO - Started process (PID=267400) to work on /mnt/c/Users/teu20/Documents/Poli/Repo/eEDB011-20243/atividade 6 - WSL/airflow/airflow_env/lib/python3.10/site-packages/airflow/example_dags/example_setup_teardown.py
[2024-09-09T21:05:58.882-0300] {processor.py:914} INFO - Processing file /mnt/c/Users/teu20/Documents/Poli/Repo/eEDB011-20243/atividade 6 - WSL/airflow/airflow_env/lib/python3.10/site-packages/airflow/example_dags/example_setup_teardown.py for tasks to queue
[2024-09-09T21:05:58.884-0300] {logging_mixin.py:190} INFO - [2024-09-09T21:05:58.883-0300] {dagbag.py:587} INFO - Filling up the DagBag from /mnt/c/Users/teu20/Documents/Poli/Repo/eEDB011-20243/atividade 6 - WSL/airflow/airflow_env/lib/python3.10/site-packages/airflow/example_dags/example_setup_teardown.py
[2024-09-09T21:05:58.898-0300] {processor.py:925} INFO - DAG(s) 'example_setup_teardown' retrieved from /mnt/c/Users/teu20/Documents/Poli/Repo/eEDB011-20243/atividade 6 - WSL/airflow/airflow_env/lib/python3.10/site-packages/airflow/example_dags/example_setup_teardown.py
[2024-09-09T21:05:58.915-0300] {logging_mixin.py:190} INFO - [2024-09-09T21:05:58.915-0300] {dag.py:3229} INFO - Sync 1 DAGs
[2024-09-09T21:05:58.923-0300] {logging_mixin.py:190} INFO - [2024-09-09T21:05:58.923-0300] {dag.py:4156} INFO - Setting next_dagrun for example_setup_teardown to None, run_after=None
[2024-09-09T21:05:58.938-0300] {processor.py:208} INFO - Processing /mnt/c/Users/teu20/Documents/Poli/Repo/eEDB011-20243/atividade 6 - WSL/airflow/airflow_env/lib/python3.10/site-packages/airflow/example_dags/example_setup_teardown.py took 0.064 seconds
[2024-09-09T21:06:29.486-0300] {processor.py:186} INFO - Started process (PID=267854) to work on /mnt/c/Users/teu20/Documents/Poli/Repo/eEDB011-20243/atividade 6 - WSL/airflow/airflow_env/lib/python3.10/site-packages/airflow/example_dags/example_setup_teardown.py
[2024-09-09T21:06:29.487-0300] {processor.py:914} INFO - Processing file /mnt/c/Users/teu20/Documents/Poli/Repo/eEDB011-20243/atividade 6 - WSL/airflow/airflow_env/lib/python3.10/site-packages/airflow/example_dags/example_setup_teardown.py for tasks to queue
[2024-09-09T21:06:29.489-0300] {logging_mixin.py:190} INFO - [2024-09-09T21:06:29.488-0300] {dagbag.py:587} INFO - Filling up the DagBag from /mnt/c/Users/teu20/Documents/Poli/Repo/eEDB011-20243/atividade 6 - WSL/airflow/airflow_env/lib/python3.10/site-packages/airflow/example_dags/example_setup_teardown.py
[2024-09-09T21:06:29.504-0300] {processor.py:925} INFO - DAG(s) 'example_setup_teardown' retrieved from /mnt/c/Users/teu20/Documents/Poli/Repo/eEDB011-20243/atividade 6 - WSL/airflow/airflow_env/lib/python3.10/site-packages/airflow/example_dags/example_setup_teardown.py
[2024-09-09T21:06:29.521-0300] {logging_mixin.py:190} INFO - [2024-09-09T21:06:29.521-0300] {dag.py:3229} INFO - Sync 1 DAGs
[2024-09-09T21:06:29.530-0300] {logging_mixin.py:190} INFO - [2024-09-09T21:06:29.529-0300] {dag.py:4156} INFO - Setting next_dagrun for example_setup_teardown to None, run_after=None
[2024-09-09T21:06:29.544-0300] {processor.py:208} INFO - Processing /mnt/c/Users/teu20/Documents/Poli/Repo/eEDB011-20243/atividade 6 - WSL/airflow/airflow_env/lib/python3.10/site-packages/airflow/example_dags/example_setup_teardown.py took 0.066 seconds
[2024-09-09T21:06:59.992-0300] {processor.py:186} INFO - Started process (PID=268475) to work on /mnt/c/Users/teu20/Documents/Poli/Repo/eEDB011-20243/atividade 6 - WSL/airflow/airflow_env/lib/python3.10/site-packages/airflow/example_dags/example_setup_teardown.py
[2024-09-09T21:06:59.993-0300] {processor.py:914} INFO - Processing file /mnt/c/Users/teu20/Documents/Poli/Repo/eEDB011-20243/atividade 6 - WSL/airflow/airflow_env/lib/python3.10/site-packages/airflow/example_dags/example_setup_teardown.py for tasks to queue
[2024-09-09T21:06:59.994-0300] {logging_mixin.py:190} INFO - [2024-09-09T21:06:59.994-0300] {dagbag.py:587} INFO - Filling up the DagBag from /mnt/c/Users/teu20/Documents/Poli/Repo/eEDB011-20243/atividade 6 - WSL/airflow/airflow_env/lib/python3.10/site-packages/airflow/example_dags/example_setup_teardown.py
[2024-09-09T21:07:00.009-0300] {processor.py:925} INFO - DAG(s) 'example_setup_teardown' retrieved from /mnt/c/Users/teu20/Documents/Poli/Repo/eEDB011-20243/atividade 6 - WSL/airflow/airflow_env/lib/python3.10/site-packages/airflow/example_dags/example_setup_teardown.py
[2024-09-09T21:07:00.029-0300] {logging_mixin.py:190} INFO - [2024-09-09T21:07:00.028-0300] {dag.py:3229} INFO - Sync 1 DAGs
[2024-09-09T21:07:00.038-0300] {logging_mixin.py:190} INFO - [2024-09-09T21:07:00.038-0300] {dag.py:4156} INFO - Setting next_dagrun for example_setup_teardown to None, run_after=None
[2024-09-09T21:07:00.053-0300] {processor.py:208} INFO - Processing /mnt/c/Users/teu20/Documents/Poli/Repo/eEDB011-20243/atividade 6 - WSL/airflow/airflow_env/lib/python3.10/site-packages/airflow/example_dags/example_setup_teardown.py took 0.069 seconds
[2024-09-09T21:07:30.338-0300] {processor.py:186} INFO - Started process (PID=269143) to work on /mnt/c/Users/teu20/Documents/Poli/Repo/eEDB011-20243/atividade 6 - WSL/airflow/airflow_env/lib/python3.10/site-packages/airflow/example_dags/example_setup_teardown.py
[2024-09-09T21:07:30.339-0300] {processor.py:914} INFO - Processing file /mnt/c/Users/teu20/Documents/Poli/Repo/eEDB011-20243/atividade 6 - WSL/airflow/airflow_env/lib/python3.10/site-packages/airflow/example_dags/example_setup_teardown.py for tasks to queue
[2024-09-09T21:07:30.341-0300] {logging_mixin.py:190} INFO - [2024-09-09T21:07:30.341-0300] {dagbag.py:587} INFO - Filling up the DagBag from /mnt/c/Users/teu20/Documents/Poli/Repo/eEDB011-20243/atividade 6 - WSL/airflow/airflow_env/lib/python3.10/site-packages/airflow/example_dags/example_setup_teardown.py
[2024-09-09T21:07:30.354-0300] {processor.py:925} INFO - DAG(s) 'example_setup_teardown' retrieved from /mnt/c/Users/teu20/Documents/Poli/Repo/eEDB011-20243/atividade 6 - WSL/airflow/airflow_env/lib/python3.10/site-packages/airflow/example_dags/example_setup_teardown.py
[2024-09-09T21:07:30.374-0300] {logging_mixin.py:190} INFO - [2024-09-09T21:07:30.373-0300] {dag.py:3229} INFO - Sync 1 DAGs
[2024-09-09T21:07:30.383-0300] {logging_mixin.py:190} INFO - [2024-09-09T21:07:30.382-0300] {dag.py:4156} INFO - Setting next_dagrun for example_setup_teardown to None, run_after=None
[2024-09-09T21:07:30.400-0300] {processor.py:208} INFO - Processing /mnt/c/Users/teu20/Documents/Poli/Repo/eEDB011-20243/atividade 6 - WSL/airflow/airflow_env/lib/python3.10/site-packages/airflow/example_dags/example_setup_teardown.py took 0.071 seconds
[2024-09-09T21:08:00.870-0300] {processor.py:186} INFO - Started process (PID=269641) to work on /mnt/c/Users/teu20/Documents/Poli/Repo/eEDB011-20243/atividade 6 - WSL/airflow/airflow_env/lib/python3.10/site-packages/airflow/example_dags/example_setup_teardown.py
[2024-09-09T21:08:00.871-0300] {processor.py:914} INFO - Processing file /mnt/c/Users/teu20/Documents/Poli/Repo/eEDB011-20243/atividade 6 - WSL/airflow/airflow_env/lib/python3.10/site-packages/airflow/example_dags/example_setup_teardown.py for tasks to queue
[2024-09-09T21:08:00.873-0300] {logging_mixin.py:190} INFO - [2024-09-09T21:08:00.873-0300] {dagbag.py:587} INFO - Filling up the DagBag from /mnt/c/Users/teu20/Documents/Poli/Repo/eEDB011-20243/atividade 6 - WSL/airflow/airflow_env/lib/python3.10/site-packages/airflow/example_dags/example_setup_teardown.py
[2024-09-09T21:08:00.887-0300] {processor.py:925} INFO - DAG(s) 'example_setup_teardown' retrieved from /mnt/c/Users/teu20/Documents/Poli/Repo/eEDB011-20243/atividade 6 - WSL/airflow/airflow_env/lib/python3.10/site-packages/airflow/example_dags/example_setup_teardown.py
[2024-09-09T21:08:00.906-0300] {logging_mixin.py:190} INFO - [2024-09-09T21:08:00.905-0300] {dag.py:3229} INFO - Sync 1 DAGs
[2024-09-09T21:08:00.914-0300] {logging_mixin.py:190} INFO - [2024-09-09T21:08:00.913-0300] {dag.py:4156} INFO - Setting next_dagrun for example_setup_teardown to None, run_after=None
[2024-09-09T21:08:00.929-0300] {processor.py:208} INFO - Processing /mnt/c/Users/teu20/Documents/Poli/Repo/eEDB011-20243/atividade 6 - WSL/airflow/airflow_env/lib/python3.10/site-packages/airflow/example_dags/example_setup_teardown.py took 0.066 seconds
