[2024-09-09T21:00:22.537-0300] {processor.py:186} INFO - Started process (PID=261454) to work on /mnt/c/Users/teu20/Documents/Poli/Repo/eEDB011-20243/atividade 6 - WSL/airflow/airflow_env/lib/python3.10/site-packages/airflow/example_dags/example_sla_dag.py
[2024-09-09T21:00:22.538-0300] {processor.py:914} INFO - Processing file /mnt/c/Users/teu20/Documents/Poli/Repo/eEDB011-20243/atividade 6 - WSL/airflow/airflow_env/lib/python3.10/site-packages/airflow/example_dags/example_sla_dag.py for tasks to queue
[2024-09-09T21:00:22.540-0300] {logging_mixin.py:190} INFO - [2024-09-09T21:00:22.539-0300] {dagbag.py:587} INFO - Filling up the DagBag from /mnt/c/Users/teu20/Documents/Poli/Repo/eEDB011-20243/atividade 6 - WSL/airflow/airflow_env/lib/python3.10/site-packages/airflow/example_dags/example_sla_dag.py
[2024-09-09T21:00:22.554-0300] {processor.py:925} INFO - DAG(s) 'example_sla_dag' retrieved from /mnt/c/Users/teu20/Documents/Poli/Repo/eEDB011-20243/atividade 6 - WSL/airflow/airflow_env/lib/python3.10/site-packages/airflow/example_dags/example_sla_dag.py
[2024-09-09T21:00:22.572-0300] {logging_mixin.py:190} INFO - [2024-09-09T21:00:22.571-0300] {dag.py:3229} INFO - Sync 1 DAGs
[2024-09-09T21:00:22.592-0300] {logging_mixin.py:190} INFO - [2024-09-09T21:00:22.592-0300] {dag.py:4156} INFO - Setting next_dagrun for example_sla_dag to 2024-09-09 23:58:00+00:00, run_after=2024-09-10 00:00:00+00:00
[2024-09-09T21:00:22.607-0300] {processor.py:208} INFO - Processing /mnt/c/Users/teu20/Documents/Poli/Repo/eEDB011-20243/atividade 6 - WSL/airflow/airflow_env/lib/python3.10/site-packages/airflow/example_dags/example_sla_dag.py took 0.078 seconds
[2024-09-09T21:00:53.127-0300] {processor.py:186} INFO - Started process (PID=262164) to work on /mnt/c/Users/teu20/Documents/Poli/Repo/eEDB011-20243/atividade 6 - WSL/airflow/airflow_env/lib/python3.10/site-packages/airflow/example_dags/example_sla_dag.py
[2024-09-09T21:00:53.128-0300] {processor.py:914} INFO - Processing file /mnt/c/Users/teu20/Documents/Poli/Repo/eEDB011-20243/atividade 6 - WSL/airflow/airflow_env/lib/python3.10/site-packages/airflow/example_dags/example_sla_dag.py for tasks to queue
[2024-09-09T21:00:53.130-0300] {logging_mixin.py:190} INFO - [2024-09-09T21:00:53.129-0300] {dagbag.py:587} INFO - Filling up the DagBag from /mnt/c/Users/teu20/Documents/Poli/Repo/eEDB011-20243/atividade 6 - WSL/airflow/airflow_env/lib/python3.10/site-packages/airflow/example_dags/example_sla_dag.py
[2024-09-09T21:00:53.146-0300] {processor.py:925} INFO - DAG(s) 'example_sla_dag' retrieved from /mnt/c/Users/teu20/Documents/Poli/Repo/eEDB011-20243/atividade 6 - WSL/airflow/airflow_env/lib/python3.10/site-packages/airflow/example_dags/example_sla_dag.py
[2024-09-09T21:00:53.163-0300] {logging_mixin.py:190} INFO - [2024-09-09T21:00:53.162-0300] {dag.py:3229} INFO - Sync 1 DAGs
[2024-09-09T21:00:53.183-0300] {logging_mixin.py:190} INFO - [2024-09-09T21:00:53.182-0300] {dag.py:4156} INFO - Setting next_dagrun for example_sla_dag to 2024-09-09 23:58:00+00:00, run_after=2024-09-10 00:00:00+00:00
[2024-09-09T21:00:53.197-0300] {processor.py:208} INFO - Processing /mnt/c/Users/teu20/Documents/Poli/Repo/eEDB011-20243/atividade 6 - WSL/airflow/airflow_env/lib/python3.10/site-packages/airflow/example_dags/example_sla_dag.py took 0.077 seconds
[2024-09-09T21:01:23.573-0300] {processor.py:186} INFO - Started process (PID=262596) to work on /mnt/c/Users/teu20/Documents/Poli/Repo/eEDB011-20243/atividade 6 - WSL/airflow/airflow_env/lib/python3.10/site-packages/airflow/example_dags/example_sla_dag.py
[2024-09-09T21:01:23.574-0300] {processor.py:914} INFO - Processing file /mnt/c/Users/teu20/Documents/Poli/Repo/eEDB011-20243/atividade 6 - WSL/airflow/airflow_env/lib/python3.10/site-packages/airflow/example_dags/example_sla_dag.py for tasks to queue
[2024-09-09T21:01:23.576-0300] {logging_mixin.py:190} INFO - [2024-09-09T21:01:23.575-0300] {dagbag.py:587} INFO - Filling up the DagBag from /mnt/c/Users/teu20/Documents/Poli/Repo/eEDB011-20243/atividade 6 - WSL/airflow/airflow_env/lib/python3.10/site-packages/airflow/example_dags/example_sla_dag.py
[2024-09-09T21:01:23.595-0300] {processor.py:925} INFO - DAG(s) 'example_sla_dag' retrieved from /mnt/c/Users/teu20/Documents/Poli/Repo/eEDB011-20243/atividade 6 - WSL/airflow/airflow_env/lib/python3.10/site-packages/airflow/example_dags/example_sla_dag.py
[2024-09-09T21:01:23.613-0300] {logging_mixin.py:190} INFO - [2024-09-09T21:01:23.612-0300] {dag.py:3229} INFO - Sync 1 DAGs
[2024-09-09T21:01:23.634-0300] {logging_mixin.py:190} INFO - [2024-09-09T21:01:23.633-0300] {dag.py:4156} INFO - Setting next_dagrun for example_sla_dag to 2024-09-09 23:58:00+00:00, run_after=2024-09-10 00:00:00+00:00
[2024-09-09T21:01:23.649-0300] {processor.py:208} INFO - Processing /mnt/c/Users/teu20/Documents/Poli/Repo/eEDB011-20243/atividade 6 - WSL/airflow/airflow_env/lib/python3.10/site-packages/airflow/example_dags/example_sla_dag.py took 0.084 seconds
[2024-09-09T21:01:54.641-0300] {processor.py:186} INFO - Started process (PID=263033) to work on /mnt/c/Users/teu20/Documents/Poli/Repo/eEDB011-20243/atividade 6 - WSL/airflow/airflow_env/lib/python3.10/site-packages/airflow/example_dags/example_sla_dag.py
[2024-09-09T21:01:54.642-0300] {processor.py:914} INFO - Processing file /mnt/c/Users/teu20/Documents/Poli/Repo/eEDB011-20243/atividade 6 - WSL/airflow/airflow_env/lib/python3.10/site-packages/airflow/example_dags/example_sla_dag.py for tasks to queue
[2024-09-09T21:01:54.644-0300] {logging_mixin.py:190} INFO - [2024-09-09T21:01:54.643-0300] {dagbag.py:587} INFO - Filling up the DagBag from /mnt/c/Users/teu20/Documents/Poli/Repo/eEDB011-20243/atividade 6 - WSL/airflow/airflow_env/lib/python3.10/site-packages/airflow/example_dags/example_sla_dag.py
[2024-09-09T21:01:54.659-0300] {processor.py:925} INFO - DAG(s) 'example_sla_dag' retrieved from /mnt/c/Users/teu20/Documents/Poli/Repo/eEDB011-20243/atividade 6 - WSL/airflow/airflow_env/lib/python3.10/site-packages/airflow/example_dags/example_sla_dag.py
[2024-09-09T21:01:54.676-0300] {logging_mixin.py:190} INFO - [2024-09-09T21:01:54.676-0300] {dag.py:3229} INFO - Sync 1 DAGs
[2024-09-09T21:01:54.697-0300] {logging_mixin.py:190} INFO - [2024-09-09T21:01:54.696-0300] {dag.py:4156} INFO - Setting next_dagrun for example_sla_dag to 2024-09-09 23:58:00+00:00, run_after=2024-09-10 00:00:00+00:00
[2024-09-09T21:01:54.712-0300] {processor.py:208} INFO - Processing /mnt/c/Users/teu20/Documents/Poli/Repo/eEDB011-20243/atividade 6 - WSL/airflow/airflow_env/lib/python3.10/site-packages/airflow/example_dags/example_sla_dag.py took 0.078 seconds
[2024-09-09T21:02:25.104-0300] {processor.py:186} INFO - Started process (PID=263463) to work on /mnt/c/Users/teu20/Documents/Poli/Repo/eEDB011-20243/atividade 6 - WSL/airflow/airflow_env/lib/python3.10/site-packages/airflow/example_dags/example_sla_dag.py
[2024-09-09T21:02:25.105-0300] {processor.py:914} INFO - Processing file /mnt/c/Users/teu20/Documents/Poli/Repo/eEDB011-20243/atividade 6 - WSL/airflow/airflow_env/lib/python3.10/site-packages/airflow/example_dags/example_sla_dag.py for tasks to queue
[2024-09-09T21:02:25.106-0300] {logging_mixin.py:190} INFO - [2024-09-09T21:02:25.106-0300] {dagbag.py:587} INFO - Filling up the DagBag from /mnt/c/Users/teu20/Documents/Poli/Repo/eEDB011-20243/atividade 6 - WSL/airflow/airflow_env/lib/python3.10/site-packages/airflow/example_dags/example_sla_dag.py
[2024-09-09T21:02:25.122-0300] {processor.py:925} INFO - DAG(s) 'example_sla_dag' retrieved from /mnt/c/Users/teu20/Documents/Poli/Repo/eEDB011-20243/atividade 6 - WSL/airflow/airflow_env/lib/python3.10/site-packages/airflow/example_dags/example_sla_dag.py
[2024-09-09T21:02:25.139-0300] {logging_mixin.py:190} INFO - [2024-09-09T21:02:25.139-0300] {dag.py:3229} INFO - Sync 1 DAGs
[2024-09-09T21:02:25.159-0300] {logging_mixin.py:190} INFO - [2024-09-09T21:02:25.159-0300] {dag.py:4156} INFO - Setting next_dagrun for example_sla_dag to 2024-09-10 00:00:00+00:00, run_after=2024-09-10 00:02:00+00:00
[2024-09-09T21:02:25.174-0300] {processor.py:208} INFO - Processing /mnt/c/Users/teu20/Documents/Poli/Repo/eEDB011-20243/atividade 6 - WSL/airflow/airflow_env/lib/python3.10/site-packages/airflow/example_dags/example_sla_dag.py took 0.077 seconds
[2024-09-09T21:02:55.641-0300] {processor.py:186} INFO - Started process (PID=263894) to work on /mnt/c/Users/teu20/Documents/Poli/Repo/eEDB011-20243/atividade 6 - WSL/airflow/airflow_env/lib/python3.10/site-packages/airflow/example_dags/example_sla_dag.py
[2024-09-09T21:02:55.642-0300] {processor.py:914} INFO - Processing file /mnt/c/Users/teu20/Documents/Poli/Repo/eEDB011-20243/atividade 6 - WSL/airflow/airflow_env/lib/python3.10/site-packages/airflow/example_dags/example_sla_dag.py for tasks to queue
[2024-09-09T21:02:55.644-0300] {logging_mixin.py:190} INFO - [2024-09-09T21:02:55.643-0300] {dagbag.py:587} INFO - Filling up the DagBag from /mnt/c/Users/teu20/Documents/Poli/Repo/eEDB011-20243/atividade 6 - WSL/airflow/airflow_env/lib/python3.10/site-packages/airflow/example_dags/example_sla_dag.py
[2024-09-09T21:02:55.659-0300] {processor.py:925} INFO - DAG(s) 'example_sla_dag' retrieved from /mnt/c/Users/teu20/Documents/Poli/Repo/eEDB011-20243/atividade 6 - WSL/airflow/airflow_env/lib/python3.10/site-packages/airflow/example_dags/example_sla_dag.py
[2024-09-09T21:02:55.676-0300] {logging_mixin.py:190} INFO - [2024-09-09T21:02:55.676-0300] {dag.py:3229} INFO - Sync 1 DAGs
[2024-09-09T21:02:55.695-0300] {logging_mixin.py:190} INFO - [2024-09-09T21:02:55.695-0300] {dag.py:4156} INFO - Setting next_dagrun for example_sla_dag to 2024-09-10 00:00:00+00:00, run_after=2024-09-10 00:02:00+00:00
[2024-09-09T21:02:55.709-0300] {processor.py:208} INFO - Processing /mnt/c/Users/teu20/Documents/Poli/Repo/eEDB011-20243/atividade 6 - WSL/airflow/airflow_env/lib/python3.10/site-packages/airflow/example_dags/example_sla_dag.py took 0.076 seconds
[2024-09-09T21:03:26.223-0300] {processor.py:186} INFO - Started process (PID=264324) to work on /mnt/c/Users/teu20/Documents/Poli/Repo/eEDB011-20243/atividade 6 - WSL/airflow/airflow_env/lib/python3.10/site-packages/airflow/example_dags/example_sla_dag.py
[2024-09-09T21:03:26.224-0300] {processor.py:914} INFO - Processing file /mnt/c/Users/teu20/Documents/Poli/Repo/eEDB011-20243/atividade 6 - WSL/airflow/airflow_env/lib/python3.10/site-packages/airflow/example_dags/example_sla_dag.py for tasks to queue
[2024-09-09T21:03:26.226-0300] {logging_mixin.py:190} INFO - [2024-09-09T21:03:26.225-0300] {dagbag.py:587} INFO - Filling up the DagBag from /mnt/c/Users/teu20/Documents/Poli/Repo/eEDB011-20243/atividade 6 - WSL/airflow/airflow_env/lib/python3.10/site-packages/airflow/example_dags/example_sla_dag.py
[2024-09-09T21:03:26.241-0300] {processor.py:925} INFO - DAG(s) 'example_sla_dag' retrieved from /mnt/c/Users/teu20/Documents/Poli/Repo/eEDB011-20243/atividade 6 - WSL/airflow/airflow_env/lib/python3.10/site-packages/airflow/example_dags/example_sla_dag.py
[2024-09-09T21:03:26.261-0300] {logging_mixin.py:190} INFO - [2024-09-09T21:03:26.260-0300] {dag.py:3229} INFO - Sync 1 DAGs
[2024-09-09T21:03:26.282-0300] {logging_mixin.py:190} INFO - [2024-09-09T21:03:26.281-0300] {dag.py:4156} INFO - Setting next_dagrun for example_sla_dag to 2024-09-10 00:00:00+00:00, run_after=2024-09-10 00:02:00+00:00
[2024-09-09T21:03:26.297-0300] {processor.py:208} INFO - Processing /mnt/c/Users/teu20/Documents/Poli/Repo/eEDB011-20243/atividade 6 - WSL/airflow/airflow_env/lib/python3.10/site-packages/airflow/example_dags/example_sla_dag.py took 0.081 seconds
[2024-09-09T21:03:56.759-0300] {processor.py:186} INFO - Started process (PID=264763) to work on /mnt/c/Users/teu20/Documents/Poli/Repo/eEDB011-20243/atividade 6 - WSL/airflow/airflow_env/lib/python3.10/site-packages/airflow/example_dags/example_sla_dag.py
[2024-09-09T21:03:56.760-0300] {processor.py:914} INFO - Processing file /mnt/c/Users/teu20/Documents/Poli/Repo/eEDB011-20243/atividade 6 - WSL/airflow/airflow_env/lib/python3.10/site-packages/airflow/example_dags/example_sla_dag.py for tasks to queue
[2024-09-09T21:03:56.762-0300] {logging_mixin.py:190} INFO - [2024-09-09T21:03:56.761-0300] {dagbag.py:587} INFO - Filling up the DagBag from /mnt/c/Users/teu20/Documents/Poli/Repo/eEDB011-20243/atividade 6 - WSL/airflow/airflow_env/lib/python3.10/site-packages/airflow/example_dags/example_sla_dag.py
[2024-09-09T21:03:56.777-0300] {processor.py:925} INFO - DAG(s) 'example_sla_dag' retrieved from /mnt/c/Users/teu20/Documents/Poli/Repo/eEDB011-20243/atividade 6 - WSL/airflow/airflow_env/lib/python3.10/site-packages/airflow/example_dags/example_sla_dag.py
[2024-09-09T21:03:56.794-0300] {logging_mixin.py:190} INFO - [2024-09-09T21:03:56.793-0300] {dag.py:3229} INFO - Sync 1 DAGs
[2024-09-09T21:03:56.814-0300] {logging_mixin.py:190} INFO - [2024-09-09T21:03:56.813-0300] {dag.py:4156} INFO - Setting next_dagrun for example_sla_dag to 2024-09-10 00:00:00+00:00, run_after=2024-09-10 00:02:00+00:00
[2024-09-09T21:03:56.829-0300] {processor.py:208} INFO - Processing /mnt/c/Users/teu20/Documents/Poli/Repo/eEDB011-20243/atividade 6 - WSL/airflow/airflow_env/lib/python3.10/site-packages/airflow/example_dags/example_sla_dag.py took 0.078 seconds
[2024-09-09T21:04:27.273-0300] {processor.py:186} INFO - Started process (PID=265198) to work on /mnt/c/Users/teu20/Documents/Poli/Repo/eEDB011-20243/atividade 6 - WSL/airflow/airflow_env/lib/python3.10/site-packages/airflow/example_dags/example_sla_dag.py
[2024-09-09T21:04:27.275-0300] {processor.py:914} INFO - Processing file /mnt/c/Users/teu20/Documents/Poli/Repo/eEDB011-20243/atividade 6 - WSL/airflow/airflow_env/lib/python3.10/site-packages/airflow/example_dags/example_sla_dag.py for tasks to queue
[2024-09-09T21:04:27.276-0300] {logging_mixin.py:190} INFO - [2024-09-09T21:04:27.276-0300] {dagbag.py:587} INFO - Filling up the DagBag from /mnt/c/Users/teu20/Documents/Poli/Repo/eEDB011-20243/atividade 6 - WSL/airflow/airflow_env/lib/python3.10/site-packages/airflow/example_dags/example_sla_dag.py
[2024-09-09T21:04:27.298-0300] {processor.py:925} INFO - DAG(s) 'example_sla_dag' retrieved from /mnt/c/Users/teu20/Documents/Poli/Repo/eEDB011-20243/atividade 6 - WSL/airflow/airflow_env/lib/python3.10/site-packages/airflow/example_dags/example_sla_dag.py
[2024-09-09T21:04:27.319-0300] {logging_mixin.py:190} INFO - [2024-09-09T21:04:27.318-0300] {dag.py:3229} INFO - Sync 1 DAGs
[2024-09-09T21:04:27.344-0300] {logging_mixin.py:190} INFO - [2024-09-09T21:04:27.344-0300] {dag.py:4156} INFO - Setting next_dagrun for example_sla_dag to 2024-09-10 00:02:00+00:00, run_after=2024-09-10 00:04:00+00:00
[2024-09-09T21:04:27.363-0300] {processor.py:208} INFO - Processing /mnt/c/Users/teu20/Documents/Poli/Repo/eEDB011-20243/atividade 6 - WSL/airflow/airflow_env/lib/python3.10/site-packages/airflow/example_dags/example_sla_dag.py took 0.099 seconds
[2024-09-09T21:04:57.713-0300] {processor.py:186} INFO - Started process (PID=266351) to work on /mnt/c/Users/teu20/Documents/Poli/Repo/eEDB011-20243/atividade 6 - WSL/airflow/airflow_env/lib/python3.10/site-packages/airflow/example_dags/example_sla_dag.py
[2024-09-09T21:04:57.714-0300] {processor.py:914} INFO - Processing file /mnt/c/Users/teu20/Documents/Poli/Repo/eEDB011-20243/atividade 6 - WSL/airflow/airflow_env/lib/python3.10/site-packages/airflow/example_dags/example_sla_dag.py for tasks to queue
[2024-09-09T21:04:57.716-0300] {logging_mixin.py:190} INFO - [2024-09-09T21:04:57.715-0300] {dagbag.py:587} INFO - Filling up the DagBag from /mnt/c/Users/teu20/Documents/Poli/Repo/eEDB011-20243/atividade 6 - WSL/airflow/airflow_env/lib/python3.10/site-packages/airflow/example_dags/example_sla_dag.py
[2024-09-09T21:04:57.732-0300] {processor.py:925} INFO - DAG(s) 'example_sla_dag' retrieved from /mnt/c/Users/teu20/Documents/Poli/Repo/eEDB011-20243/atividade 6 - WSL/airflow/airflow_env/lib/python3.10/site-packages/airflow/example_dags/example_sla_dag.py
[2024-09-09T21:04:57.750-0300] {logging_mixin.py:190} INFO - [2024-09-09T21:04:57.749-0300] {dag.py:3229} INFO - Sync 1 DAGs
[2024-09-09T21:04:57.771-0300] {logging_mixin.py:190} INFO - [2024-09-09T21:04:57.770-0300] {dag.py:4156} INFO - Setting next_dagrun for example_sla_dag to 2024-09-10 00:02:00+00:00, run_after=2024-09-10 00:04:00+00:00
[2024-09-09T21:04:57.785-0300] {processor.py:208} INFO - Processing /mnt/c/Users/teu20/Documents/Poli/Repo/eEDB011-20243/atividade 6 - WSL/airflow/airflow_env/lib/python3.10/site-packages/airflow/example_dags/example_sla_dag.py took 0.080 seconds
[2024-09-09T21:05:28.108-0300] {processor.py:186} INFO - Started process (PID=266943) to work on /mnt/c/Users/teu20/Documents/Poli/Repo/eEDB011-20243/atividade 6 - WSL/airflow/airflow_env/lib/python3.10/site-packages/airflow/example_dags/example_sla_dag.py
[2024-09-09T21:05:28.109-0300] {processor.py:914} INFO - Processing file /mnt/c/Users/teu20/Documents/Poli/Repo/eEDB011-20243/atividade 6 - WSL/airflow/airflow_env/lib/python3.10/site-packages/airflow/example_dags/example_sla_dag.py for tasks to queue
[2024-09-09T21:05:28.110-0300] {logging_mixin.py:190} INFO - [2024-09-09T21:05:28.110-0300] {dagbag.py:587} INFO - Filling up the DagBag from /mnt/c/Users/teu20/Documents/Poli/Repo/eEDB011-20243/atividade 6 - WSL/airflow/airflow_env/lib/python3.10/site-packages/airflow/example_dags/example_sla_dag.py
[2024-09-09T21:05:28.126-0300] {processor.py:925} INFO - DAG(s) 'example_sla_dag' retrieved from /mnt/c/Users/teu20/Documents/Poli/Repo/eEDB011-20243/atividade 6 - WSL/airflow/airflow_env/lib/python3.10/site-packages/airflow/example_dags/example_sla_dag.py
[2024-09-09T21:05:28.143-0300] {logging_mixin.py:190} INFO - [2024-09-09T21:05:28.143-0300] {dag.py:3229} INFO - Sync 1 DAGs
[2024-09-09T21:05:28.164-0300] {logging_mixin.py:190} INFO - [2024-09-09T21:05:28.163-0300] {dag.py:4156} INFO - Setting next_dagrun for example_sla_dag to 2024-09-10 00:02:00+00:00, run_after=2024-09-10 00:04:00+00:00
[2024-09-09T21:05:28.178-0300] {processor.py:208} INFO - Processing /mnt/c/Users/teu20/Documents/Poli/Repo/eEDB011-20243/atividade 6 - WSL/airflow/airflow_env/lib/python3.10/site-packages/airflow/example_dags/example_sla_dag.py took 0.078 seconds
[2024-09-09T21:05:58.437-0300] {processor.py:186} INFO - Started process (PID=267371) to work on /mnt/c/Users/teu20/Documents/Poli/Repo/eEDB011-20243/atividade 6 - WSL/airflow/airflow_env/lib/python3.10/site-packages/airflow/example_dags/example_sla_dag.py
[2024-09-09T21:05:58.438-0300] {processor.py:914} INFO - Processing file /mnt/c/Users/teu20/Documents/Poli/Repo/eEDB011-20243/atividade 6 - WSL/airflow/airflow_env/lib/python3.10/site-packages/airflow/example_dags/example_sla_dag.py for tasks to queue
[2024-09-09T21:05:58.440-0300] {logging_mixin.py:190} INFO - [2024-09-09T21:05:58.439-0300] {dagbag.py:587} INFO - Filling up the DagBag from /mnt/c/Users/teu20/Documents/Poli/Repo/eEDB011-20243/atividade 6 - WSL/airflow/airflow_env/lib/python3.10/site-packages/airflow/example_dags/example_sla_dag.py
[2024-09-09T21:05:58.458-0300] {processor.py:925} INFO - DAG(s) 'example_sla_dag' retrieved from /mnt/c/Users/teu20/Documents/Poli/Repo/eEDB011-20243/atividade 6 - WSL/airflow/airflow_env/lib/python3.10/site-packages/airflow/example_dags/example_sla_dag.py
[2024-09-09T21:05:58.475-0300] {logging_mixin.py:190} INFO - [2024-09-09T21:05:58.475-0300] {dag.py:3229} INFO - Sync 1 DAGs
[2024-09-09T21:05:58.496-0300] {logging_mixin.py:190} INFO - [2024-09-09T21:05:58.495-0300] {dag.py:4156} INFO - Setting next_dagrun for example_sla_dag to 2024-09-10 00:02:00+00:00, run_after=2024-09-10 00:04:00+00:00
[2024-09-09T21:05:58.510-0300] {processor.py:208} INFO - Processing /mnt/c/Users/teu20/Documents/Poli/Repo/eEDB011-20243/atividade 6 - WSL/airflow/airflow_env/lib/python3.10/site-packages/airflow/example_dags/example_sla_dag.py took 0.081 seconds
[2024-09-09T21:06:29.143-0300] {processor.py:186} INFO - Started process (PID=267825) to work on /mnt/c/Users/teu20/Documents/Poli/Repo/eEDB011-20243/atividade 6 - WSL/airflow/airflow_env/lib/python3.10/site-packages/airflow/example_dags/example_sla_dag.py
[2024-09-09T21:06:29.144-0300] {processor.py:914} INFO - Processing file /mnt/c/Users/teu20/Documents/Poli/Repo/eEDB011-20243/atividade 6 - WSL/airflow/airflow_env/lib/python3.10/site-packages/airflow/example_dags/example_sla_dag.py for tasks to queue
[2024-09-09T21:06:29.146-0300] {logging_mixin.py:190} INFO - [2024-09-09T21:06:29.145-0300] {dagbag.py:587} INFO - Filling up the DagBag from /mnt/c/Users/teu20/Documents/Poli/Repo/eEDB011-20243/atividade 6 - WSL/airflow/airflow_env/lib/python3.10/site-packages/airflow/example_dags/example_sla_dag.py
[2024-09-09T21:06:29.166-0300] {processor.py:925} INFO - DAG(s) 'example_sla_dag' retrieved from /mnt/c/Users/teu20/Documents/Poli/Repo/eEDB011-20243/atividade 6 - WSL/airflow/airflow_env/lib/python3.10/site-packages/airflow/example_dags/example_sla_dag.py
[2024-09-09T21:06:29.186-0300] {logging_mixin.py:190} INFO - [2024-09-09T21:06:29.186-0300] {dag.py:3229} INFO - Sync 1 DAGs
[2024-09-09T21:06:29.209-0300] {logging_mixin.py:190} INFO - [2024-09-09T21:06:29.209-0300] {dag.py:4156} INFO - Setting next_dagrun for example_sla_dag to 2024-09-10 00:04:00+00:00, run_after=2024-09-10 00:06:00+00:00
[2024-09-09T21:06:29.226-0300] {processor.py:208} INFO - Processing /mnt/c/Users/teu20/Documents/Poli/Repo/eEDB011-20243/atividade 6 - WSL/airflow/airflow_env/lib/python3.10/site-packages/airflow/example_dags/example_sla_dag.py took 0.092 seconds
[2024-09-09T21:06:59.621-0300] {processor.py:186} INFO - Started process (PID=268449) to work on /mnt/c/Users/teu20/Documents/Poli/Repo/eEDB011-20243/atividade 6 - WSL/airflow/airflow_env/lib/python3.10/site-packages/airflow/example_dags/example_sla_dag.py
[2024-09-09T21:06:59.622-0300] {processor.py:914} INFO - Processing file /mnt/c/Users/teu20/Documents/Poli/Repo/eEDB011-20243/atividade 6 - WSL/airflow/airflow_env/lib/python3.10/site-packages/airflow/example_dags/example_sla_dag.py for tasks to queue
[2024-09-09T21:06:59.624-0300] {logging_mixin.py:190} INFO - [2024-09-09T21:06:59.623-0300] {dagbag.py:587} INFO - Filling up the DagBag from /mnt/c/Users/teu20/Documents/Poli/Repo/eEDB011-20243/atividade 6 - WSL/airflow/airflow_env/lib/python3.10/site-packages/airflow/example_dags/example_sla_dag.py
[2024-09-09T21:06:59.640-0300] {processor.py:925} INFO - DAG(s) 'example_sla_dag' retrieved from /mnt/c/Users/teu20/Documents/Poli/Repo/eEDB011-20243/atividade 6 - WSL/airflow/airflow_env/lib/python3.10/site-packages/airflow/example_dags/example_sla_dag.py
[2024-09-09T21:06:59.657-0300] {logging_mixin.py:190} INFO - [2024-09-09T21:06:59.657-0300] {dag.py:3229} INFO - Sync 1 DAGs
[2024-09-09T21:06:59.676-0300] {logging_mixin.py:190} INFO - [2024-09-09T21:06:59.676-0300] {dag.py:4156} INFO - Setting next_dagrun for example_sla_dag to 2024-09-10 00:04:00+00:00, run_after=2024-09-10 00:06:00+00:00
[2024-09-09T21:06:59.690-0300] {processor.py:208} INFO - Processing /mnt/c/Users/teu20/Documents/Poli/Repo/eEDB011-20243/atividade 6 - WSL/airflow/airflow_env/lib/python3.10/site-packages/airflow/example_dags/example_sla_dag.py took 0.077 seconds
[2024-09-09T21:07:29.928-0300] {processor.py:186} INFO - Started process (PID=269116) to work on /mnt/c/Users/teu20/Documents/Poli/Repo/eEDB011-20243/atividade 6 - WSL/airflow/airflow_env/lib/python3.10/site-packages/airflow/example_dags/example_sla_dag.py
[2024-09-09T21:07:29.929-0300] {processor.py:914} INFO - Processing file /mnt/c/Users/teu20/Documents/Poli/Repo/eEDB011-20243/atividade 6 - WSL/airflow/airflow_env/lib/python3.10/site-packages/airflow/example_dags/example_sla_dag.py for tasks to queue
[2024-09-09T21:07:29.931-0300] {logging_mixin.py:190} INFO - [2024-09-09T21:07:29.930-0300] {dagbag.py:587} INFO - Filling up the DagBag from /mnt/c/Users/teu20/Documents/Poli/Repo/eEDB011-20243/atividade 6 - WSL/airflow/airflow_env/lib/python3.10/site-packages/airflow/example_dags/example_sla_dag.py
[2024-09-09T21:07:29.945-0300] {processor.py:925} INFO - DAG(s) 'example_sla_dag' retrieved from /mnt/c/Users/teu20/Documents/Poli/Repo/eEDB011-20243/atividade 6 - WSL/airflow/airflow_env/lib/python3.10/site-packages/airflow/example_dags/example_sla_dag.py
[2024-09-09T21:07:29.962-0300] {logging_mixin.py:190} INFO - [2024-09-09T21:07:29.961-0300] {dag.py:3229} INFO - Sync 1 DAGs
[2024-09-09T21:07:29.983-0300] {logging_mixin.py:190} INFO - [2024-09-09T21:07:29.983-0300] {dag.py:4156} INFO - Setting next_dagrun for example_sla_dag to 2024-09-10 00:04:00+00:00, run_after=2024-09-10 00:06:00+00:00
[2024-09-09T21:07:29.999-0300] {processor.py:208} INFO - Processing /mnt/c/Users/teu20/Documents/Poli/Repo/eEDB011-20243/atividade 6 - WSL/airflow/airflow_env/lib/python3.10/site-packages/airflow/example_dags/example_sla_dag.py took 0.078 seconds
[2024-09-09T21:08:00.453-0300] {processor.py:186} INFO - Started process (PID=269613) to work on /mnt/c/Users/teu20/Documents/Poli/Repo/eEDB011-20243/atividade 6 - WSL/airflow/airflow_env/lib/python3.10/site-packages/airflow/example_dags/example_sla_dag.py
[2024-09-09T21:08:00.454-0300] {processor.py:914} INFO - Processing file /mnt/c/Users/teu20/Documents/Poli/Repo/eEDB011-20243/atividade 6 - WSL/airflow/airflow_env/lib/python3.10/site-packages/airflow/example_dags/example_sla_dag.py for tasks to queue
[2024-09-09T21:08:00.456-0300] {logging_mixin.py:190} INFO - [2024-09-09T21:08:00.455-0300] {dagbag.py:587} INFO - Filling up the DagBag from /mnt/c/Users/teu20/Documents/Poli/Repo/eEDB011-20243/atividade 6 - WSL/airflow/airflow_env/lib/python3.10/site-packages/airflow/example_dags/example_sla_dag.py
[2024-09-09T21:08:00.472-0300] {processor.py:925} INFO - DAG(s) 'example_sla_dag' retrieved from /mnt/c/Users/teu20/Documents/Poli/Repo/eEDB011-20243/atividade 6 - WSL/airflow/airflow_env/lib/python3.10/site-packages/airflow/example_dags/example_sla_dag.py
[2024-09-09T21:08:00.490-0300] {logging_mixin.py:190} INFO - [2024-09-09T21:08:00.489-0300] {dag.py:3229} INFO - Sync 1 DAGs
[2024-09-09T21:08:00.512-0300] {logging_mixin.py:190} INFO - [2024-09-09T21:08:00.512-0300] {dag.py:4156} INFO - Setting next_dagrun for example_sla_dag to 2024-09-10 00:06:00+00:00, run_after=2024-09-10 00:08:00+00:00
[2024-09-09T21:08:00.528-0300] {processor.py:208} INFO - Processing /mnt/c/Users/teu20/Documents/Poli/Repo/eEDB011-20243/atividade 6 - WSL/airflow/airflow_env/lib/python3.10/site-packages/airflow/example_dags/example_sla_dag.py took 0.084 seconds
