[2024-09-09T21:00:24.567-0300] {processor.py:186} INFO - Started process (PID=261584) to work on /mnt/c/Users/teu20/Documents/Poli/Repo/eEDB011-20243/atividade 6 - WSL/airflow/airflow_env/lib/python3.10/site-packages/airflow/example_dags/example_display_name.py
[2024-09-09T21:00:24.568-0300] {processor.py:914} INFO - Processing file /mnt/c/Users/teu20/Documents/Poli/Repo/eEDB011-20243/atividade 6 - WSL/airflow/airflow_env/lib/python3.10/site-packages/airflow/example_dags/example_display_name.py for tasks to queue
[2024-09-09T21:00:24.569-0300] {logging_mixin.py:190} INFO - [2024-09-09T21:00:24.569-0300] {dagbag.py:587} INFO - Filling up the DagBag from /mnt/c/Users/teu20/Documents/Poli/Repo/eEDB011-20243/atividade 6 - WSL/airflow/airflow_env/lib/python3.10/site-packages/airflow/example_dags/example_display_name.py
[2024-09-09T21:00:24.583-0300] {processor.py:925} INFO - DAG(s) 'example_display_name' retrieved from /mnt/c/Users/teu20/Documents/Poli/Repo/eEDB011-20243/atividade 6 - WSL/airflow/airflow_env/lib/python3.10/site-packages/airflow/example_dags/example_display_name.py
[2024-09-09T21:00:24.600-0300] {logging_mixin.py:190} INFO - [2024-09-09T21:00:24.599-0300] {dag.py:3229} INFO - Sync 1 DAGs
[2024-09-09T21:00:24.608-0300] {logging_mixin.py:190} INFO - [2024-09-09T21:00:24.607-0300] {dag.py:4156} INFO - Setting next_dagrun for example_display_name to None, run_after=None
[2024-09-09T21:00:24.622-0300] {processor.py:208} INFO - Processing /mnt/c/Users/teu20/Documents/Poli/Repo/eEDB011-20243/atividade 6 - WSL/airflow/airflow_env/lib/python3.10/site-packages/airflow/example_dags/example_display_name.py took 0.063 seconds
[2024-09-09T21:00:55.169-0300] {processor.py:186} INFO - Started process (PID=262290) to work on /mnt/c/Users/teu20/Documents/Poli/Repo/eEDB011-20243/atividade 6 - WSL/airflow/airflow_env/lib/python3.10/site-packages/airflow/example_dags/example_display_name.py
[2024-09-09T21:00:55.170-0300] {processor.py:914} INFO - Processing file /mnt/c/Users/teu20/Documents/Poli/Repo/eEDB011-20243/atividade 6 - WSL/airflow/airflow_env/lib/python3.10/site-packages/airflow/example_dags/example_display_name.py for tasks to queue
[2024-09-09T21:00:55.172-0300] {logging_mixin.py:190} INFO - [2024-09-09T21:00:55.171-0300] {dagbag.py:587} INFO - Filling up the DagBag from /mnt/c/Users/teu20/Documents/Poli/Repo/eEDB011-20243/atividade 6 - WSL/airflow/airflow_env/lib/python3.10/site-packages/airflow/example_dags/example_display_name.py
[2024-09-09T21:00:55.183-0300] {processor.py:925} INFO - DAG(s) 'example_display_name' retrieved from /mnt/c/Users/teu20/Documents/Poli/Repo/eEDB011-20243/atividade 6 - WSL/airflow/airflow_env/lib/python3.10/site-packages/airflow/example_dags/example_display_name.py
[2024-09-09T21:00:55.199-0300] {logging_mixin.py:190} INFO - [2024-09-09T21:00:55.198-0300] {dag.py:3229} INFO - Sync 1 DAGs
[2024-09-09T21:00:55.207-0300] {logging_mixin.py:190} INFO - [2024-09-09T21:00:55.206-0300] {dag.py:4156} INFO - Setting next_dagrun for example_display_name to None, run_after=None
[2024-09-09T21:00:55.223-0300] {processor.py:208} INFO - Processing /mnt/c/Users/teu20/Documents/Poli/Repo/eEDB011-20243/atividade 6 - WSL/airflow/airflow_env/lib/python3.10/site-packages/airflow/example_dags/example_display_name.py took 0.061 seconds
[2024-09-09T21:01:26.342-0300] {processor.py:186} INFO - Started process (PID=262727) to work on /mnt/c/Users/teu20/Documents/Poli/Repo/eEDB011-20243/atividade 6 - WSL/airflow/airflow_env/lib/python3.10/site-packages/airflow/example_dags/example_display_name.py
[2024-09-09T21:01:26.343-0300] {processor.py:914} INFO - Processing file /mnt/c/Users/teu20/Documents/Poli/Repo/eEDB011-20243/atividade 6 - WSL/airflow/airflow_env/lib/python3.10/site-packages/airflow/example_dags/example_display_name.py for tasks to queue
[2024-09-09T21:01:26.345-0300] {logging_mixin.py:190} INFO - [2024-09-09T21:01:26.344-0300] {dagbag.py:587} INFO - Filling up the DagBag from /mnt/c/Users/teu20/Documents/Poli/Repo/eEDB011-20243/atividade 6 - WSL/airflow/airflow_env/lib/python3.10/site-packages/airflow/example_dags/example_display_name.py
[2024-09-09T21:01:26.359-0300] {processor.py:925} INFO - DAG(s) 'example_display_name' retrieved from /mnt/c/Users/teu20/Documents/Poli/Repo/eEDB011-20243/atividade 6 - WSL/airflow/airflow_env/lib/python3.10/site-packages/airflow/example_dags/example_display_name.py
[2024-09-09T21:01:26.379-0300] {logging_mixin.py:190} INFO - [2024-09-09T21:01:26.378-0300] {dag.py:3229} INFO - Sync 1 DAGs
[2024-09-09T21:01:26.387-0300] {logging_mixin.py:190} INFO - [2024-09-09T21:01:26.387-0300] {dag.py:4156} INFO - Setting next_dagrun for example_display_name to None, run_after=None
[2024-09-09T21:01:26.402-0300] {processor.py:208} INFO - Processing /mnt/c/Users/teu20/Documents/Poli/Repo/eEDB011-20243/atividade 6 - WSL/airflow/airflow_env/lib/python3.10/site-packages/airflow/example_dags/example_display_name.py took 0.069 seconds
[2024-09-09T21:01:57.121-0300] {processor.py:186} INFO - Started process (PID=263156) to work on /mnt/c/Users/teu20/Documents/Poli/Repo/eEDB011-20243/atividade 6 - WSL/airflow/airflow_env/lib/python3.10/site-packages/airflow/example_dags/example_display_name.py
[2024-09-09T21:01:57.122-0300] {processor.py:914} INFO - Processing file /mnt/c/Users/teu20/Documents/Poli/Repo/eEDB011-20243/atividade 6 - WSL/airflow/airflow_env/lib/python3.10/site-packages/airflow/example_dags/example_display_name.py for tasks to queue
[2024-09-09T21:01:57.124-0300] {logging_mixin.py:190} INFO - [2024-09-09T21:01:57.124-0300] {dagbag.py:587} INFO - Filling up the DagBag from /mnt/c/Users/teu20/Documents/Poli/Repo/eEDB011-20243/atividade 6 - WSL/airflow/airflow_env/lib/python3.10/site-packages/airflow/example_dags/example_display_name.py
[2024-09-09T21:01:57.140-0300] {processor.py:925} INFO - DAG(s) 'example_display_name' retrieved from /mnt/c/Users/teu20/Documents/Poli/Repo/eEDB011-20243/atividade 6 - WSL/airflow/airflow_env/lib/python3.10/site-packages/airflow/example_dags/example_display_name.py
[2024-09-09T21:01:57.159-0300] {logging_mixin.py:190} INFO - [2024-09-09T21:01:57.158-0300] {dag.py:3229} INFO - Sync 1 DAGs
[2024-09-09T21:01:57.169-0300] {logging_mixin.py:190} INFO - [2024-09-09T21:01:57.168-0300] {dag.py:4156} INFO - Setting next_dagrun for example_display_name to None, run_after=None
[2024-09-09T21:01:57.185-0300] {processor.py:208} INFO - Processing /mnt/c/Users/teu20/Documents/Poli/Repo/eEDB011-20243/atividade 6 - WSL/airflow/airflow_env/lib/python3.10/site-packages/airflow/example_dags/example_display_name.py took 0.073 seconds
[2024-09-09T21:02:28.042-0300] {processor.py:186} INFO - Started process (PID=263590) to work on /mnt/c/Users/teu20/Documents/Poli/Repo/eEDB011-20243/atividade 6 - WSL/airflow/airflow_env/lib/python3.10/site-packages/airflow/example_dags/example_display_name.py
[2024-09-09T21:02:28.043-0300] {processor.py:914} INFO - Processing file /mnt/c/Users/teu20/Documents/Poli/Repo/eEDB011-20243/atividade 6 - WSL/airflow/airflow_env/lib/python3.10/site-packages/airflow/example_dags/example_display_name.py for tasks to queue
[2024-09-09T21:02:28.045-0300] {logging_mixin.py:190} INFO - [2024-09-09T21:02:28.044-0300] {dagbag.py:587} INFO - Filling up the DagBag from /mnt/c/Users/teu20/Documents/Poli/Repo/eEDB011-20243/atividade 6 - WSL/airflow/airflow_env/lib/python3.10/site-packages/airflow/example_dags/example_display_name.py
[2024-09-09T21:02:28.060-0300] {processor.py:925} INFO - DAG(s) 'example_display_name' retrieved from /mnt/c/Users/teu20/Documents/Poli/Repo/eEDB011-20243/atividade 6 - WSL/airflow/airflow_env/lib/python3.10/site-packages/airflow/example_dags/example_display_name.py
[2024-09-09T21:02:28.077-0300] {logging_mixin.py:190} INFO - [2024-09-09T21:02:28.077-0300] {dag.py:3229} INFO - Sync 1 DAGs
[2024-09-09T21:02:28.086-0300] {logging_mixin.py:190} INFO - [2024-09-09T21:02:28.085-0300] {dag.py:4156} INFO - Setting next_dagrun for example_display_name to None, run_after=None
[2024-09-09T21:02:28.100-0300] {processor.py:208} INFO - Processing /mnt/c/Users/teu20/Documents/Poli/Repo/eEDB011-20243/atividade 6 - WSL/airflow/airflow_env/lib/python3.10/site-packages/airflow/example_dags/example_display_name.py took 0.067 seconds
[2024-09-09T21:02:58.612-0300] {processor.py:186} INFO - Started process (PID=264020) to work on /mnt/c/Users/teu20/Documents/Poli/Repo/eEDB011-20243/atividade 6 - WSL/airflow/airflow_env/lib/python3.10/site-packages/airflow/example_dags/example_display_name.py
[2024-09-09T21:02:58.613-0300] {processor.py:914} INFO - Processing file /mnt/c/Users/teu20/Documents/Poli/Repo/eEDB011-20243/atividade 6 - WSL/airflow/airflow_env/lib/python3.10/site-packages/airflow/example_dags/example_display_name.py for tasks to queue
[2024-09-09T21:02:58.615-0300] {logging_mixin.py:190} INFO - [2024-09-09T21:02:58.614-0300] {dagbag.py:587} INFO - Filling up the DagBag from /mnt/c/Users/teu20/Documents/Poli/Repo/eEDB011-20243/atividade 6 - WSL/airflow/airflow_env/lib/python3.10/site-packages/airflow/example_dags/example_display_name.py
[2024-09-09T21:02:58.627-0300] {processor.py:925} INFO - DAG(s) 'example_display_name' retrieved from /mnt/c/Users/teu20/Documents/Poli/Repo/eEDB011-20243/atividade 6 - WSL/airflow/airflow_env/lib/python3.10/site-packages/airflow/example_dags/example_display_name.py
[2024-09-09T21:02:58.644-0300] {logging_mixin.py:190} INFO - [2024-09-09T21:02:58.643-0300] {dag.py:3229} INFO - Sync 1 DAGs
[2024-09-09T21:02:58.653-0300] {logging_mixin.py:190} INFO - [2024-09-09T21:02:58.652-0300] {dag.py:4156} INFO - Setting next_dagrun for example_display_name to None, run_after=None
[2024-09-09T21:02:58.667-0300] {processor.py:208} INFO - Processing /mnt/c/Users/teu20/Documents/Poli/Repo/eEDB011-20243/atividade 6 - WSL/airflow/airflow_env/lib/python3.10/site-packages/airflow/example_dags/example_display_name.py took 0.063 seconds
[2024-09-09T21:03:29.191-0300] {processor.py:186} INFO - Started process (PID=264453) to work on /mnt/c/Users/teu20/Documents/Poli/Repo/eEDB011-20243/atividade 6 - WSL/airflow/airflow_env/lib/python3.10/site-packages/airflow/example_dags/example_display_name.py
[2024-09-09T21:03:29.192-0300] {processor.py:914} INFO - Processing file /mnt/c/Users/teu20/Documents/Poli/Repo/eEDB011-20243/atividade 6 - WSL/airflow/airflow_env/lib/python3.10/site-packages/airflow/example_dags/example_display_name.py for tasks to queue
[2024-09-09T21:03:29.193-0300] {logging_mixin.py:190} INFO - [2024-09-09T21:03:29.193-0300] {dagbag.py:587} INFO - Filling up the DagBag from /mnt/c/Users/teu20/Documents/Poli/Repo/eEDB011-20243/atividade 6 - WSL/airflow/airflow_env/lib/python3.10/site-packages/airflow/example_dags/example_display_name.py
[2024-09-09T21:03:29.206-0300] {processor.py:925} INFO - DAG(s) 'example_display_name' retrieved from /mnt/c/Users/teu20/Documents/Poli/Repo/eEDB011-20243/atividade 6 - WSL/airflow/airflow_env/lib/python3.10/site-packages/airflow/example_dags/example_display_name.py
[2024-09-09T21:03:29.225-0300] {logging_mixin.py:190} INFO - [2024-09-09T21:03:29.224-0300] {dag.py:3229} INFO - Sync 1 DAGs
[2024-09-09T21:03:29.234-0300] {logging_mixin.py:190} INFO - [2024-09-09T21:03:29.233-0300] {dag.py:4156} INFO - Setting next_dagrun for example_display_name to None, run_after=None
[2024-09-09T21:03:29.248-0300] {processor.py:208} INFO - Processing /mnt/c/Users/teu20/Documents/Poli/Repo/eEDB011-20243/atividade 6 - WSL/airflow/airflow_env/lib/python3.10/site-packages/airflow/example_dags/example_display_name.py took 0.066 seconds
[2024-09-09T21:03:59.816-0300] {processor.py:186} INFO - Started process (PID=264892) to work on /mnt/c/Users/teu20/Documents/Poli/Repo/eEDB011-20243/atividade 6 - WSL/airflow/airflow_env/lib/python3.10/site-packages/airflow/example_dags/example_display_name.py
[2024-09-09T21:03:59.817-0300] {processor.py:914} INFO - Processing file /mnt/c/Users/teu20/Documents/Poli/Repo/eEDB011-20243/atividade 6 - WSL/airflow/airflow_env/lib/python3.10/site-packages/airflow/example_dags/example_display_name.py for tasks to queue
[2024-09-09T21:03:59.819-0300] {logging_mixin.py:190} INFO - [2024-09-09T21:03:59.818-0300] {dagbag.py:587} INFO - Filling up the DagBag from /mnt/c/Users/teu20/Documents/Poli/Repo/eEDB011-20243/atividade 6 - WSL/airflow/airflow_env/lib/python3.10/site-packages/airflow/example_dags/example_display_name.py
[2024-09-09T21:03:59.832-0300] {processor.py:925} INFO - DAG(s) 'example_display_name' retrieved from /mnt/c/Users/teu20/Documents/Poli/Repo/eEDB011-20243/atividade 6 - WSL/airflow/airflow_env/lib/python3.10/site-packages/airflow/example_dags/example_display_name.py
[2024-09-09T21:03:59.851-0300] {logging_mixin.py:190} INFO - [2024-09-09T21:03:59.850-0300] {dag.py:3229} INFO - Sync 1 DAGs
[2024-09-09T21:03:59.859-0300] {logging_mixin.py:190} INFO - [2024-09-09T21:03:59.859-0300] {dag.py:4156} INFO - Setting next_dagrun for example_display_name to None, run_after=None
[2024-09-09T21:03:59.875-0300] {processor.py:208} INFO - Processing /mnt/c/Users/teu20/Documents/Poli/Repo/eEDB011-20243/atividade 6 - WSL/airflow/airflow_env/lib/python3.10/site-packages/airflow/example_dags/example_display_name.py took 0.067 seconds
[2024-09-09T21:04:30.160-0300] {processor.py:186} INFO - Started process (PID=265327) to work on /mnt/c/Users/teu20/Documents/Poli/Repo/eEDB011-20243/atividade 6 - WSL/airflow/airflow_env/lib/python3.10/site-packages/airflow/example_dags/example_display_name.py
[2024-09-09T21:04:30.161-0300] {processor.py:914} INFO - Processing file /mnt/c/Users/teu20/Documents/Poli/Repo/eEDB011-20243/atividade 6 - WSL/airflow/airflow_env/lib/python3.10/site-packages/airflow/example_dags/example_display_name.py for tasks to queue
[2024-09-09T21:04:30.163-0300] {logging_mixin.py:190} INFO - [2024-09-09T21:04:30.162-0300] {dagbag.py:587} INFO - Filling up the DagBag from /mnt/c/Users/teu20/Documents/Poli/Repo/eEDB011-20243/atividade 6 - WSL/airflow/airflow_env/lib/python3.10/site-packages/airflow/example_dags/example_display_name.py
[2024-09-09T21:04:30.177-0300] {processor.py:925} INFO - DAG(s) 'example_display_name' retrieved from /mnt/c/Users/teu20/Documents/Poli/Repo/eEDB011-20243/atividade 6 - WSL/airflow/airflow_env/lib/python3.10/site-packages/airflow/example_dags/example_display_name.py
[2024-09-09T21:04:30.195-0300] {logging_mixin.py:190} INFO - [2024-09-09T21:04:30.194-0300] {dag.py:3229} INFO - Sync 1 DAGs
[2024-09-09T21:04:30.203-0300] {logging_mixin.py:190} INFO - [2024-09-09T21:04:30.203-0300] {dag.py:4156} INFO - Setting next_dagrun for example_display_name to None, run_after=None
[2024-09-09T21:04:30.218-0300] {processor.py:208} INFO - Processing /mnt/c/Users/teu20/Documents/Poli/Repo/eEDB011-20243/atividade 6 - WSL/airflow/airflow_env/lib/python3.10/site-packages/airflow/example_dags/example_display_name.py took 0.066 seconds
[2024-09-09T21:05:00.589-0300] {processor.py:186} INFO - Started process (PID=266545) to work on /mnt/c/Users/teu20/Documents/Poli/Repo/eEDB011-20243/atividade 6 - WSL/airflow/airflow_env/lib/python3.10/site-packages/airflow/example_dags/example_display_name.py
[2024-09-09T21:05:00.591-0300] {processor.py:914} INFO - Processing file /mnt/c/Users/teu20/Documents/Poli/Repo/eEDB011-20243/atividade 6 - WSL/airflow/airflow_env/lib/python3.10/site-packages/airflow/example_dags/example_display_name.py for tasks to queue
[2024-09-09T21:05:00.593-0300] {logging_mixin.py:190} INFO - [2024-09-09T21:05:00.592-0300] {dagbag.py:587} INFO - Filling up the DagBag from /mnt/c/Users/teu20/Documents/Poli/Repo/eEDB011-20243/atividade 6 - WSL/airflow/airflow_env/lib/python3.10/site-packages/airflow/example_dags/example_display_name.py
[2024-09-09T21:05:00.607-0300] {processor.py:925} INFO - DAG(s) 'example_display_name' retrieved from /mnt/c/Users/teu20/Documents/Poli/Repo/eEDB011-20243/atividade 6 - WSL/airflow/airflow_env/lib/python3.10/site-packages/airflow/example_dags/example_display_name.py
[2024-09-09T21:05:00.626-0300] {logging_mixin.py:190} INFO - [2024-09-09T21:05:00.626-0300] {dag.py:3229} INFO - Sync 1 DAGs
[2024-09-09T21:05:00.635-0300] {logging_mixin.py:190} INFO - [2024-09-09T21:05:00.634-0300] {dag.py:4156} INFO - Setting next_dagrun for example_display_name to None, run_after=None
[2024-09-09T21:05:00.649-0300] {processor.py:208} INFO - Processing /mnt/c/Users/teu20/Documents/Poli/Repo/eEDB011-20243/atividade 6 - WSL/airflow/airflow_env/lib/python3.10/site-packages/airflow/example_dags/example_display_name.py took 0.068 seconds
[2024-09-09T21:05:31.053-0300] {processor.py:186} INFO - Started process (PID=267070) to work on /mnt/c/Users/teu20/Documents/Poli/Repo/eEDB011-20243/atividade 6 - WSL/airflow/airflow_env/lib/python3.10/site-packages/airflow/example_dags/example_display_name.py
[2024-09-09T21:05:31.054-0300] {processor.py:914} INFO - Processing file /mnt/c/Users/teu20/Documents/Poli/Repo/eEDB011-20243/atividade 6 - WSL/airflow/airflow_env/lib/python3.10/site-packages/airflow/example_dags/example_display_name.py for tasks to queue
[2024-09-09T21:05:31.056-0300] {logging_mixin.py:190} INFO - [2024-09-09T21:05:31.056-0300] {dagbag.py:587} INFO - Filling up the DagBag from /mnt/c/Users/teu20/Documents/Poli/Repo/eEDB011-20243/atividade 6 - WSL/airflow/airflow_env/lib/python3.10/site-packages/airflow/example_dags/example_display_name.py
[2024-09-09T21:05:31.070-0300] {processor.py:925} INFO - DAG(s) 'example_display_name' retrieved from /mnt/c/Users/teu20/Documents/Poli/Repo/eEDB011-20243/atividade 6 - WSL/airflow/airflow_env/lib/python3.10/site-packages/airflow/example_dags/example_display_name.py
[2024-09-09T21:05:31.088-0300] {logging_mixin.py:190} INFO - [2024-09-09T21:05:31.088-0300] {dag.py:3229} INFO - Sync 1 DAGs
[2024-09-09T21:05:31.096-0300] {logging_mixin.py:190} INFO - [2024-09-09T21:05:31.096-0300] {dag.py:4156} INFO - Setting next_dagrun for example_display_name to None, run_after=None
[2024-09-09T21:05:31.111-0300] {processor.py:208} INFO - Processing /mnt/c/Users/teu20/Documents/Poli/Repo/eEDB011-20243/atividade 6 - WSL/airflow/airflow_env/lib/python3.10/site-packages/airflow/example_dags/example_display_name.py took 0.065 seconds
[2024-09-09T21:06:01.541-0300] {processor.py:186} INFO - Started process (PID=267500) to work on /mnt/c/Users/teu20/Documents/Poli/Repo/eEDB011-20243/atividade 6 - WSL/airflow/airflow_env/lib/python3.10/site-packages/airflow/example_dags/example_display_name.py
[2024-09-09T21:06:01.542-0300] {processor.py:914} INFO - Processing file /mnt/c/Users/teu20/Documents/Poli/Repo/eEDB011-20243/atividade 6 - WSL/airflow/airflow_env/lib/python3.10/site-packages/airflow/example_dags/example_display_name.py for tasks to queue
[2024-09-09T21:06:01.544-0300] {logging_mixin.py:190} INFO - [2024-09-09T21:06:01.544-0300] {dagbag.py:587} INFO - Filling up the DagBag from /mnt/c/Users/teu20/Documents/Poli/Repo/eEDB011-20243/atividade 6 - WSL/airflow/airflow_env/lib/python3.10/site-packages/airflow/example_dags/example_display_name.py
[2024-09-09T21:06:01.560-0300] {processor.py:925} INFO - DAG(s) 'example_display_name' retrieved from /mnt/c/Users/teu20/Documents/Poli/Repo/eEDB011-20243/atividade 6 - WSL/airflow/airflow_env/lib/python3.10/site-packages/airflow/example_dags/example_display_name.py
[2024-09-09T21:06:01.578-0300] {logging_mixin.py:190} INFO - [2024-09-09T21:06:01.577-0300] {dag.py:3229} INFO - Sync 1 DAGs
[2024-09-09T21:06:01.586-0300] {logging_mixin.py:190} INFO - [2024-09-09T21:06:01.585-0300] {dag.py:4156} INFO - Setting next_dagrun for example_display_name to None, run_after=None
[2024-09-09T21:06:01.600-0300] {processor.py:208} INFO - Processing /mnt/c/Users/teu20/Documents/Poli/Repo/eEDB011-20243/atividade 6 - WSL/airflow/airflow_env/lib/python3.10/site-packages/airflow/example_dags/example_display_name.py took 0.067 seconds
[2024-09-09T21:06:32.028-0300] {processor.py:186} INFO - Started process (PID=267954) to work on /mnt/c/Users/teu20/Documents/Poli/Repo/eEDB011-20243/atividade 6 - WSL/airflow/airflow_env/lib/python3.10/site-packages/airflow/example_dags/example_display_name.py
[2024-09-09T21:06:32.029-0300] {processor.py:914} INFO - Processing file /mnt/c/Users/teu20/Documents/Poli/Repo/eEDB011-20243/atividade 6 - WSL/airflow/airflow_env/lib/python3.10/site-packages/airflow/example_dags/example_display_name.py for tasks to queue
[2024-09-09T21:06:32.031-0300] {logging_mixin.py:190} INFO - [2024-09-09T21:06:32.030-0300] {dagbag.py:587} INFO - Filling up the DagBag from /mnt/c/Users/teu20/Documents/Poli/Repo/eEDB011-20243/atividade 6 - WSL/airflow/airflow_env/lib/python3.10/site-packages/airflow/example_dags/example_display_name.py
[2024-09-09T21:06:32.044-0300] {processor.py:925} INFO - DAG(s) 'example_display_name' retrieved from /mnt/c/Users/teu20/Documents/Poli/Repo/eEDB011-20243/atividade 6 - WSL/airflow/airflow_env/lib/python3.10/site-packages/airflow/example_dags/example_display_name.py
[2024-09-09T21:06:32.062-0300] {logging_mixin.py:190} INFO - [2024-09-09T21:06:32.061-0300] {dag.py:3229} INFO - Sync 1 DAGs
[2024-09-09T21:06:32.071-0300] {logging_mixin.py:190} INFO - [2024-09-09T21:06:32.070-0300] {dag.py:4156} INFO - Setting next_dagrun for example_display_name to None, run_after=None
[2024-09-09T21:06:32.085-0300] {processor.py:208} INFO - Processing /mnt/c/Users/teu20/Documents/Poli/Repo/eEDB011-20243/atividade 6 - WSL/airflow/airflow_env/lib/python3.10/site-packages/airflow/example_dags/example_display_name.py took 0.065 seconds
[2024-09-09T21:07:02.468-0300] {processor.py:186} INFO - Started process (PID=268575) to work on /mnt/c/Users/teu20/Documents/Poli/Repo/eEDB011-20243/atividade 6 - WSL/airflow/airflow_env/lib/python3.10/site-packages/airflow/example_dags/example_display_name.py
[2024-09-09T21:07:02.469-0300] {processor.py:914} INFO - Processing file /mnt/c/Users/teu20/Documents/Poli/Repo/eEDB011-20243/atividade 6 - WSL/airflow/airflow_env/lib/python3.10/site-packages/airflow/example_dags/example_display_name.py for tasks to queue
[2024-09-09T21:07:02.471-0300] {logging_mixin.py:190} INFO - [2024-09-09T21:07:02.471-0300] {dagbag.py:587} INFO - Filling up the DagBag from /mnt/c/Users/teu20/Documents/Poli/Repo/eEDB011-20243/atividade 6 - WSL/airflow/airflow_env/lib/python3.10/site-packages/airflow/example_dags/example_display_name.py
[2024-09-09T21:07:02.486-0300] {processor.py:925} INFO - DAG(s) 'example_display_name' retrieved from /mnt/c/Users/teu20/Documents/Poli/Repo/eEDB011-20243/atividade 6 - WSL/airflow/airflow_env/lib/python3.10/site-packages/airflow/example_dags/example_display_name.py
[2024-09-09T21:07:02.504-0300] {logging_mixin.py:190} INFO - [2024-09-09T21:07:02.504-0300] {dag.py:3229} INFO - Sync 1 DAGs
[2024-09-09T21:07:02.513-0300] {logging_mixin.py:190} INFO - [2024-09-09T21:07:02.512-0300] {dag.py:4156} INFO - Setting next_dagrun for example_display_name to None, run_after=None
[2024-09-09T21:07:02.528-0300] {processor.py:208} INFO - Processing /mnt/c/Users/teu20/Documents/Poli/Repo/eEDB011-20243/atividade 6 - WSL/airflow/airflow_env/lib/python3.10/site-packages/airflow/example_dags/example_display_name.py took 0.068 seconds
[2024-09-09T21:07:32.874-0300] {processor.py:186} INFO - Started process (PID=269243) to work on /mnt/c/Users/teu20/Documents/Poli/Repo/eEDB011-20243/atividade 6 - WSL/airflow/airflow_env/lib/python3.10/site-packages/airflow/example_dags/example_display_name.py
[2024-09-09T21:07:32.875-0300] {processor.py:914} INFO - Processing file /mnt/c/Users/teu20/Documents/Poli/Repo/eEDB011-20243/atividade 6 - WSL/airflow/airflow_env/lib/python3.10/site-packages/airflow/example_dags/example_display_name.py for tasks to queue
[2024-09-09T21:07:32.877-0300] {logging_mixin.py:190} INFO - [2024-09-09T21:07:32.876-0300] {dagbag.py:587} INFO - Filling up the DagBag from /mnt/c/Users/teu20/Documents/Poli/Repo/eEDB011-20243/atividade 6 - WSL/airflow/airflow_env/lib/python3.10/site-packages/airflow/example_dags/example_display_name.py
[2024-09-09T21:07:32.887-0300] {processor.py:925} INFO - DAG(s) 'example_display_name' retrieved from /mnt/c/Users/teu20/Documents/Poli/Repo/eEDB011-20243/atividade 6 - WSL/airflow/airflow_env/lib/python3.10/site-packages/airflow/example_dags/example_display_name.py
[2024-09-09T21:07:32.905-0300] {logging_mixin.py:190} INFO - [2024-09-09T21:07:32.904-0300] {dag.py:3229} INFO - Sync 1 DAGs
[2024-09-09T21:07:32.914-0300] {logging_mixin.py:190} INFO - [2024-09-09T21:07:32.913-0300] {dag.py:4156} INFO - Setting next_dagrun for example_display_name to None, run_after=None
[2024-09-09T21:07:32.930-0300] {processor.py:208} INFO - Processing /mnt/c/Users/teu20/Documents/Poli/Repo/eEDB011-20243/atividade 6 - WSL/airflow/airflow_env/lib/python3.10/site-packages/airflow/example_dags/example_display_name.py took 0.065 seconds
[2024-09-09T21:08:03.377-0300] {processor.py:186} INFO - Started process (PID=269741) to work on /mnt/c/Users/teu20/Documents/Poli/Repo/eEDB011-20243/atividade 6 - WSL/airflow/airflow_env/lib/python3.10/site-packages/airflow/example_dags/example_display_name.py
[2024-09-09T21:08:03.378-0300] {processor.py:914} INFO - Processing file /mnt/c/Users/teu20/Documents/Poli/Repo/eEDB011-20243/atividade 6 - WSL/airflow/airflow_env/lib/python3.10/site-packages/airflow/example_dags/example_display_name.py for tasks to queue
[2024-09-09T21:08:03.379-0300] {logging_mixin.py:190} INFO - [2024-09-09T21:08:03.379-0300] {dagbag.py:587} INFO - Filling up the DagBag from /mnt/c/Users/teu20/Documents/Poli/Repo/eEDB011-20243/atividade 6 - WSL/airflow/airflow_env/lib/python3.10/site-packages/airflow/example_dags/example_display_name.py
[2024-09-09T21:08:03.394-0300] {processor.py:925} INFO - DAG(s) 'example_display_name' retrieved from /mnt/c/Users/teu20/Documents/Poli/Repo/eEDB011-20243/atividade 6 - WSL/airflow/airflow_env/lib/python3.10/site-packages/airflow/example_dags/example_display_name.py
[2024-09-09T21:08:03.413-0300] {logging_mixin.py:190} INFO - [2024-09-09T21:08:03.412-0300] {dag.py:3229} INFO - Sync 1 DAGs
[2024-09-09T21:08:03.421-0300] {logging_mixin.py:190} INFO - [2024-09-09T21:08:03.420-0300] {dag.py:4156} INFO - Setting next_dagrun for example_display_name to None, run_after=None
[2024-09-09T21:08:03.437-0300] {processor.py:208} INFO - Processing /mnt/c/Users/teu20/Documents/Poli/Repo/eEDB011-20243/atividade 6 - WSL/airflow/airflow_env/lib/python3.10/site-packages/airflow/example_dags/example_display_name.py took 0.069 seconds
