[2024-09-09T21:00:21.799-0300] {processor.py:186} INFO - Started process (PID=261408) to work on /mnt/c/Users/teu20/Documents/Poli/Repo/eEDB011-20243/atividade 6 - WSL/airflow/airflow_env/lib/python3.10/site-packages/airflow/example_dags/example_xcomargs.py
[2024-09-09T21:00:21.800-0300] {processor.py:914} INFO - Processing file /mnt/c/Users/teu20/Documents/Poli/Repo/eEDB011-20243/atividade 6 - WSL/airflow/airflow_env/lib/python3.10/site-packages/airflow/example_dags/example_xcomargs.py for tasks to queue
[2024-09-09T21:00:21.802-0300] {logging_mixin.py:190} INFO - [2024-09-09T21:00:21.802-0300] {dagbag.py:587} INFO - Filling up the DagBag from /mnt/c/Users/teu20/Documents/Poli/Repo/eEDB011-20243/atividade 6 - WSL/airflow/airflow_env/lib/python3.10/site-packages/airflow/example_dags/example_xcomargs.py
[2024-09-09T21:00:21.818-0300] {processor.py:925} INFO - DAG(s) 'example_xcom_args', 'example_xcom_args_with_operators' retrieved from /mnt/c/Users/teu20/Documents/Poli/Repo/eEDB011-20243/atividade 6 - WSL/airflow/airflow_env/lib/python3.10/site-packages/airflow/example_dags/example_xcomargs.py
[2024-09-09T21:00:21.839-0300] {logging_mixin.py:190} INFO - [2024-09-09T21:00:21.838-0300] {dag.py:3229} INFO - Sync 2 DAGs
[2024-09-09T21:00:21.847-0300] {logging_mixin.py:190} INFO - [2024-09-09T21:00:21.846-0300] {dag.py:4156} INFO - Setting next_dagrun for example_xcom_args to None, run_after=None
[2024-09-09T21:00:21.850-0300] {logging_mixin.py:190} INFO - [2024-09-09T21:00:21.849-0300] {dag.py:4156} INFO - Setting next_dagrun for example_xcom_args_with_operators to None, run_after=None
[2024-09-09T21:00:21.863-0300] {processor.py:208} INFO - Processing /mnt/c/Users/teu20/Documents/Poli/Repo/eEDB011-20243/atividade 6 - WSL/airflow/airflow_env/lib/python3.10/site-packages/airflow/example_dags/example_xcomargs.py took 0.071 seconds
[2024-09-09T21:00:52.266-0300] {processor.py:186} INFO - Started process (PID=262058) to work on /mnt/c/Users/teu20/Documents/Poli/Repo/eEDB011-20243/atividade 6 - WSL/airflow/airflow_env/lib/python3.10/site-packages/airflow/example_dags/example_xcomargs.py
[2024-09-09T21:00:52.267-0300] {processor.py:914} INFO - Processing file /mnt/c/Users/teu20/Documents/Poli/Repo/eEDB011-20243/atividade 6 - WSL/airflow/airflow_env/lib/python3.10/site-packages/airflow/example_dags/example_xcomargs.py for tasks to queue
[2024-09-09T21:00:52.268-0300] {logging_mixin.py:190} INFO - [2024-09-09T21:00:52.267-0300] {dagbag.py:587} INFO - Filling up the DagBag from /mnt/c/Users/teu20/Documents/Poli/Repo/eEDB011-20243/atividade 6 - WSL/airflow/airflow_env/lib/python3.10/site-packages/airflow/example_dags/example_xcomargs.py
[2024-09-09T21:00:52.280-0300] {processor.py:925} INFO - DAG(s) 'example_xcom_args_with_operators', 'example_xcom_args' retrieved from /mnt/c/Users/teu20/Documents/Poli/Repo/eEDB011-20243/atividade 6 - WSL/airflow/airflow_env/lib/python3.10/site-packages/airflow/example_dags/example_xcomargs.py
[2024-09-09T21:00:52.299-0300] {logging_mixin.py:190} INFO - [2024-09-09T21:00:52.299-0300] {dag.py:3229} INFO - Sync 2 DAGs
[2024-09-09T21:00:52.307-0300] {logging_mixin.py:190} INFO - [2024-09-09T21:00:52.307-0300] {dag.py:4156} INFO - Setting next_dagrun for example_xcom_args to None, run_after=None
[2024-09-09T21:00:52.310-0300] {logging_mixin.py:190} INFO - [2024-09-09T21:00:52.309-0300] {dag.py:4156} INFO - Setting next_dagrun for example_xcom_args_with_operators to None, run_after=None
[2024-09-09T21:00:52.325-0300] {processor.py:208} INFO - Processing /mnt/c/Users/teu20/Documents/Poli/Repo/eEDB011-20243/atividade 6 - WSL/airflow/airflow_env/lib/python3.10/site-packages/airflow/example_dags/example_xcomargs.py took 0.067 seconds
[2024-09-09T21:01:22.813-0300] {processor.py:186} INFO - Started process (PID=262548) to work on /mnt/c/Users/teu20/Documents/Poli/Repo/eEDB011-20243/atividade 6 - WSL/airflow/airflow_env/lib/python3.10/site-packages/airflow/example_dags/example_xcomargs.py
[2024-09-09T21:01:22.815-0300] {processor.py:914} INFO - Processing file /mnt/c/Users/teu20/Documents/Poli/Repo/eEDB011-20243/atividade 6 - WSL/airflow/airflow_env/lib/python3.10/site-packages/airflow/example_dags/example_xcomargs.py for tasks to queue
[2024-09-09T21:01:22.816-0300] {logging_mixin.py:190} INFO - [2024-09-09T21:01:22.816-0300] {dagbag.py:587} INFO - Filling up the DagBag from /mnt/c/Users/teu20/Documents/Poli/Repo/eEDB011-20243/atividade 6 - WSL/airflow/airflow_env/lib/python3.10/site-packages/airflow/example_dags/example_xcomargs.py
[2024-09-09T21:01:22.830-0300] {processor.py:925} INFO - DAG(s) 'example_xcom_args', 'example_xcom_args_with_operators' retrieved from /mnt/c/Users/teu20/Documents/Poli/Repo/eEDB011-20243/atividade 6 - WSL/airflow/airflow_env/lib/python3.10/site-packages/airflow/example_dags/example_xcomargs.py
[2024-09-09T21:01:22.850-0300] {logging_mixin.py:190} INFO - [2024-09-09T21:01:22.850-0300] {dag.py:3229} INFO - Sync 2 DAGs
[2024-09-09T21:01:22.859-0300] {logging_mixin.py:190} INFO - [2024-09-09T21:01:22.858-0300] {dag.py:4156} INFO - Setting next_dagrun for example_xcom_args to None, run_after=None
[2024-09-09T21:01:22.862-0300] {logging_mixin.py:190} INFO - [2024-09-09T21:01:22.862-0300] {dag.py:4156} INFO - Setting next_dagrun for example_xcom_args_with_operators to None, run_after=None
[2024-09-09T21:01:22.877-0300] {processor.py:208} INFO - Processing /mnt/c/Users/teu20/Documents/Poli/Repo/eEDB011-20243/atividade 6 - WSL/airflow/airflow_env/lib/python3.10/site-packages/airflow/example_dags/example_xcomargs.py took 0.072 seconds
[2024-09-09T21:01:53.810-0300] {processor.py:186} INFO - Started process (PID=262982) to work on /mnt/c/Users/teu20/Documents/Poli/Repo/eEDB011-20243/atividade 6 - WSL/airflow/airflow_env/lib/python3.10/site-packages/airflow/example_dags/example_xcomargs.py
[2024-09-09T21:01:53.811-0300] {processor.py:914} INFO - Processing file /mnt/c/Users/teu20/Documents/Poli/Repo/eEDB011-20243/atividade 6 - WSL/airflow/airflow_env/lib/python3.10/site-packages/airflow/example_dags/example_xcomargs.py for tasks to queue
[2024-09-09T21:01:53.812-0300] {logging_mixin.py:190} INFO - [2024-09-09T21:01:53.812-0300] {dagbag.py:587} INFO - Filling up the DagBag from /mnt/c/Users/teu20/Documents/Poli/Repo/eEDB011-20243/atividade 6 - WSL/airflow/airflow_env/lib/python3.10/site-packages/airflow/example_dags/example_xcomargs.py
[2024-09-09T21:01:53.826-0300] {processor.py:925} INFO - DAG(s) 'example_xcom_args', 'example_xcom_args_with_operators' retrieved from /mnt/c/Users/teu20/Documents/Poli/Repo/eEDB011-20243/atividade 6 - WSL/airflow/airflow_env/lib/python3.10/site-packages/airflow/example_dags/example_xcomargs.py
[2024-09-09T21:01:53.846-0300] {logging_mixin.py:190} INFO - [2024-09-09T21:01:53.845-0300] {dag.py:3229} INFO - Sync 2 DAGs
[2024-09-09T21:01:53.854-0300] {logging_mixin.py:190} INFO - [2024-09-09T21:01:53.853-0300] {dag.py:4156} INFO - Setting next_dagrun for example_xcom_args to None, run_after=None
[2024-09-09T21:01:53.857-0300] {logging_mixin.py:190} INFO - [2024-09-09T21:01:53.857-0300] {dag.py:4156} INFO - Setting next_dagrun for example_xcom_args_with_operators to None, run_after=None
[2024-09-09T21:01:53.874-0300] {processor.py:208} INFO - Processing /mnt/c/Users/teu20/Documents/Poli/Repo/eEDB011-20243/atividade 6 - WSL/airflow/airflow_env/lib/python3.10/site-packages/airflow/example_dags/example_xcomargs.py took 0.073 seconds
[2024-09-09T21:02:24.238-0300] {processor.py:186} INFO - Started process (PID=263413) to work on /mnt/c/Users/teu20/Documents/Poli/Repo/eEDB011-20243/atividade 6 - WSL/airflow/airflow_env/lib/python3.10/site-packages/airflow/example_dags/example_xcomargs.py
[2024-09-09T21:02:24.239-0300] {processor.py:914} INFO - Processing file /mnt/c/Users/teu20/Documents/Poli/Repo/eEDB011-20243/atividade 6 - WSL/airflow/airflow_env/lib/python3.10/site-packages/airflow/example_dags/example_xcomargs.py for tasks to queue
[2024-09-09T21:02:24.240-0300] {logging_mixin.py:190} INFO - [2024-09-09T21:02:24.240-0300] {dagbag.py:587} INFO - Filling up the DagBag from /mnt/c/Users/teu20/Documents/Poli/Repo/eEDB011-20243/atividade 6 - WSL/airflow/airflow_env/lib/python3.10/site-packages/airflow/example_dags/example_xcomargs.py
[2024-09-09T21:02:24.253-0300] {processor.py:925} INFO - DAG(s) 'example_xcom_args_with_operators', 'example_xcom_args' retrieved from /mnt/c/Users/teu20/Documents/Poli/Repo/eEDB011-20243/atividade 6 - WSL/airflow/airflow_env/lib/python3.10/site-packages/airflow/example_dags/example_xcomargs.py
[2024-09-09T21:02:24.271-0300] {logging_mixin.py:190} INFO - [2024-09-09T21:02:24.271-0300] {dag.py:3229} INFO - Sync 2 DAGs
[2024-09-09T21:02:24.280-0300] {logging_mixin.py:190} INFO - [2024-09-09T21:02:24.279-0300] {dag.py:4156} INFO - Setting next_dagrun for example_xcom_args to None, run_after=None
[2024-09-09T21:02:24.283-0300] {logging_mixin.py:190} INFO - [2024-09-09T21:02:24.283-0300] {dag.py:4156} INFO - Setting next_dagrun for example_xcom_args_with_operators to None, run_after=None
[2024-09-09T21:02:24.297-0300] {processor.py:208} INFO - Processing /mnt/c/Users/teu20/Documents/Poli/Repo/eEDB011-20243/atividade 6 - WSL/airflow/airflow_env/lib/python3.10/site-packages/airflow/example_dags/example_xcomargs.py took 0.067 seconds
[2024-09-09T21:02:54.949-0300] {processor.py:186} INFO - Started process (PID=263846) to work on /mnt/c/Users/teu20/Documents/Poli/Repo/eEDB011-20243/atividade 6 - WSL/airflow/airflow_env/lib/python3.10/site-packages/airflow/example_dags/example_xcomargs.py
[2024-09-09T21:02:54.950-0300] {processor.py:914} INFO - Processing file /mnt/c/Users/teu20/Documents/Poli/Repo/eEDB011-20243/atividade 6 - WSL/airflow/airflow_env/lib/python3.10/site-packages/airflow/example_dags/example_xcomargs.py for tasks to queue
[2024-09-09T21:02:54.952-0300] {logging_mixin.py:190} INFO - [2024-09-09T21:02:54.951-0300] {dagbag.py:587} INFO - Filling up the DagBag from /mnt/c/Users/teu20/Documents/Poli/Repo/eEDB011-20243/atividade 6 - WSL/airflow/airflow_env/lib/python3.10/site-packages/airflow/example_dags/example_xcomargs.py
[2024-09-09T21:02:54.966-0300] {processor.py:925} INFO - DAG(s) 'example_xcom_args_with_operators', 'example_xcom_args' retrieved from /mnt/c/Users/teu20/Documents/Poli/Repo/eEDB011-20243/atividade 6 - WSL/airflow/airflow_env/lib/python3.10/site-packages/airflow/example_dags/example_xcomargs.py
[2024-09-09T21:02:54.985-0300] {logging_mixin.py:190} INFO - [2024-09-09T21:02:54.985-0300] {dag.py:3229} INFO - Sync 2 DAGs
[2024-09-09T21:02:54.993-0300] {logging_mixin.py:190} INFO - [2024-09-09T21:02:54.992-0300] {dag.py:4156} INFO - Setting next_dagrun for example_xcom_args to None, run_after=None
[2024-09-09T21:02:54.996-0300] {logging_mixin.py:190} INFO - [2024-09-09T21:02:54.995-0300] {dag.py:4156} INFO - Setting next_dagrun for example_xcom_args_with_operators to None, run_after=None
[2024-09-09T21:02:55.009-0300] {processor.py:208} INFO - Processing /mnt/c/Users/teu20/Documents/Poli/Repo/eEDB011-20243/atividade 6 - WSL/airflow/airflow_env/lib/python3.10/site-packages/airflow/example_dags/example_xcomargs.py took 0.067 seconds
[2024-09-09T21:03:25.538-0300] {processor.py:186} INFO - Started process (PID=264277) to work on /mnt/c/Users/teu20/Documents/Poli/Repo/eEDB011-20243/atividade 6 - WSL/airflow/airflow_env/lib/python3.10/site-packages/airflow/example_dags/example_xcomargs.py
[2024-09-09T21:03:25.539-0300] {processor.py:914} INFO - Processing file /mnt/c/Users/teu20/Documents/Poli/Repo/eEDB011-20243/atividade 6 - WSL/airflow/airflow_env/lib/python3.10/site-packages/airflow/example_dags/example_xcomargs.py for tasks to queue
[2024-09-09T21:03:25.541-0300] {logging_mixin.py:190} INFO - [2024-09-09T21:03:25.540-0300] {dagbag.py:587} INFO - Filling up the DagBag from /mnt/c/Users/teu20/Documents/Poli/Repo/eEDB011-20243/atividade 6 - WSL/airflow/airflow_env/lib/python3.10/site-packages/airflow/example_dags/example_xcomargs.py
[2024-09-09T21:03:25.557-0300] {processor.py:925} INFO - DAG(s) 'example_xcom_args_with_operators', 'example_xcom_args' retrieved from /mnt/c/Users/teu20/Documents/Poli/Repo/eEDB011-20243/atividade 6 - WSL/airflow/airflow_env/lib/python3.10/site-packages/airflow/example_dags/example_xcomargs.py
[2024-09-09T21:03:25.581-0300] {logging_mixin.py:190} INFO - [2024-09-09T21:03:25.581-0300] {dag.py:3229} INFO - Sync 2 DAGs
[2024-09-09T21:03:25.593-0300] {logging_mixin.py:190} INFO - [2024-09-09T21:03:25.592-0300] {dag.py:4156} INFO - Setting next_dagrun for example_xcom_args to None, run_after=None
[2024-09-09T21:03:25.597-0300] {logging_mixin.py:190} INFO - [2024-09-09T21:03:25.596-0300] {dag.py:4156} INFO - Setting next_dagrun for example_xcom_args_with_operators to None, run_after=None
[2024-09-09T21:03:25.613-0300] {processor.py:208} INFO - Processing /mnt/c/Users/teu20/Documents/Poli/Repo/eEDB011-20243/atividade 6 - WSL/airflow/airflow_env/lib/python3.10/site-packages/airflow/example_dags/example_xcomargs.py took 0.085 seconds
[2024-09-09T21:03:55.987-0300] {processor.py:186} INFO - Started process (PID=264715) to work on /mnt/c/Users/teu20/Documents/Poli/Repo/eEDB011-20243/atividade 6 - WSL/airflow/airflow_env/lib/python3.10/site-packages/airflow/example_dags/example_xcomargs.py
[2024-09-09T21:03:55.988-0300] {processor.py:914} INFO - Processing file /mnt/c/Users/teu20/Documents/Poli/Repo/eEDB011-20243/atividade 6 - WSL/airflow/airflow_env/lib/python3.10/site-packages/airflow/example_dags/example_xcomargs.py for tasks to queue
[2024-09-09T21:03:55.990-0300] {logging_mixin.py:190} INFO - [2024-09-09T21:03:55.989-0300] {dagbag.py:587} INFO - Filling up the DagBag from /mnt/c/Users/teu20/Documents/Poli/Repo/eEDB011-20243/atividade 6 - WSL/airflow/airflow_env/lib/python3.10/site-packages/airflow/example_dags/example_xcomargs.py
[2024-09-09T21:03:56.004-0300] {processor.py:925} INFO - DAG(s) 'example_xcom_args_with_operators', 'example_xcom_args' retrieved from /mnt/c/Users/teu20/Documents/Poli/Repo/eEDB011-20243/atividade 6 - WSL/airflow/airflow_env/lib/python3.10/site-packages/airflow/example_dags/example_xcomargs.py
[2024-09-09T21:03:56.025-0300] {logging_mixin.py:190} INFO - [2024-09-09T21:03:56.024-0300] {dag.py:3229} INFO - Sync 2 DAGs
[2024-09-09T21:03:56.033-0300] {logging_mixin.py:190} INFO - [2024-09-09T21:03:56.033-0300] {dag.py:4156} INFO - Setting next_dagrun for example_xcom_args to None, run_after=None
[2024-09-09T21:03:56.037-0300] {logging_mixin.py:190} INFO - [2024-09-09T21:03:56.036-0300] {dag.py:4156} INFO - Setting next_dagrun for example_xcom_args_with_operators to None, run_after=None
[2024-09-09T21:03:56.053-0300] {processor.py:208} INFO - Processing /mnt/c/Users/teu20/Documents/Poli/Repo/eEDB011-20243/atividade 6 - WSL/airflow/airflow_env/lib/python3.10/site-packages/airflow/example_dags/example_xcomargs.py took 0.074 seconds
[2024-09-09T21:04:26.433-0300] {processor.py:186} INFO - Started process (PID=265150) to work on /mnt/c/Users/teu20/Documents/Poli/Repo/eEDB011-20243/atividade 6 - WSL/airflow/airflow_env/lib/python3.10/site-packages/airflow/example_dags/example_xcomargs.py
[2024-09-09T21:04:26.434-0300] {processor.py:914} INFO - Processing file /mnt/c/Users/teu20/Documents/Poli/Repo/eEDB011-20243/atividade 6 - WSL/airflow/airflow_env/lib/python3.10/site-packages/airflow/example_dags/example_xcomargs.py for tasks to queue
[2024-09-09T21:04:26.436-0300] {logging_mixin.py:190} INFO - [2024-09-09T21:04:26.435-0300] {dagbag.py:587} INFO - Filling up the DagBag from /mnt/c/Users/teu20/Documents/Poli/Repo/eEDB011-20243/atividade 6 - WSL/airflow/airflow_env/lib/python3.10/site-packages/airflow/example_dags/example_xcomargs.py
[2024-09-09T21:04:26.451-0300] {processor.py:925} INFO - DAG(s) 'example_xcom_args', 'example_xcom_args_with_operators' retrieved from /mnt/c/Users/teu20/Documents/Poli/Repo/eEDB011-20243/atividade 6 - WSL/airflow/airflow_env/lib/python3.10/site-packages/airflow/example_dags/example_xcomargs.py
[2024-09-09T21:04:26.474-0300] {logging_mixin.py:190} INFO - [2024-09-09T21:04:26.474-0300] {dag.py:3229} INFO - Sync 2 DAGs
[2024-09-09T21:04:26.493-0300] {logging_mixin.py:190} INFO - [2024-09-09T21:04:26.492-0300] {dag.py:4156} INFO - Setting next_dagrun for example_xcom_args to None, run_after=None
[2024-09-09T21:04:26.498-0300] {logging_mixin.py:190} INFO - [2024-09-09T21:04:26.498-0300] {dag.py:4156} INFO - Setting next_dagrun for example_xcom_args_with_operators to None, run_after=None
[2024-09-09T21:04:26.523-0300] {processor.py:208} INFO - Processing /mnt/c/Users/teu20/Documents/Poli/Repo/eEDB011-20243/atividade 6 - WSL/airflow/airflow_env/lib/python3.10/site-packages/airflow/example_dags/example_xcomargs.py took 0.098 seconds
[2024-09-09T21:04:56.703-0300] {processor.py:186} INFO - Started process (PID=266300) to work on /mnt/c/Users/teu20/Documents/Poli/Repo/eEDB011-20243/atividade 6 - WSL/airflow/airflow_env/lib/python3.10/site-packages/airflow/example_dags/example_xcomargs.py
[2024-09-09T21:04:56.704-0300] {processor.py:914} INFO - Processing file /mnt/c/Users/teu20/Documents/Poli/Repo/eEDB011-20243/atividade 6 - WSL/airflow/airflow_env/lib/python3.10/site-packages/airflow/example_dags/example_xcomargs.py for tasks to queue
[2024-09-09T21:04:56.705-0300] {logging_mixin.py:190} INFO - [2024-09-09T21:04:56.705-0300] {dagbag.py:587} INFO - Filling up the DagBag from /mnt/c/Users/teu20/Documents/Poli/Repo/eEDB011-20243/atividade 6 - WSL/airflow/airflow_env/lib/python3.10/site-packages/airflow/example_dags/example_xcomargs.py
[2024-09-09T21:04:56.717-0300] {processor.py:925} INFO - DAG(s) 'example_xcom_args_with_operators', 'example_xcom_args' retrieved from /mnt/c/Users/teu20/Documents/Poli/Repo/eEDB011-20243/atividade 6 - WSL/airflow/airflow_env/lib/python3.10/site-packages/airflow/example_dags/example_xcomargs.py
[2024-09-09T21:04:56.736-0300] {logging_mixin.py:190} INFO - [2024-09-09T21:04:56.735-0300] {dag.py:3229} INFO - Sync 2 DAGs
[2024-09-09T21:04:56.743-0300] {logging_mixin.py:190} INFO - [2024-09-09T21:04:56.743-0300] {dag.py:4156} INFO - Setting next_dagrun for example_xcom_args to None, run_after=None
[2024-09-09T21:04:56.746-0300] {logging_mixin.py:190} INFO - [2024-09-09T21:04:56.745-0300] {dag.py:4156} INFO - Setting next_dagrun for example_xcom_args_with_operators to None, run_after=None
[2024-09-09T21:04:56.760-0300] {processor.py:208} INFO - Processing /mnt/c/Users/teu20/Documents/Poli/Repo/eEDB011-20243/atividade 6 - WSL/airflow/airflow_env/lib/python3.10/site-packages/airflow/example_dags/example_xcomargs.py took 0.065 seconds
[2024-09-09T21:05:27.095-0300] {processor.py:186} INFO - Started process (PID=266892) to work on /mnt/c/Users/teu20/Documents/Poli/Repo/eEDB011-20243/atividade 6 - WSL/airflow/airflow_env/lib/python3.10/site-packages/airflow/example_dags/example_xcomargs.py
[2024-09-09T21:05:27.096-0300] {processor.py:914} INFO - Processing file /mnt/c/Users/teu20/Documents/Poli/Repo/eEDB011-20243/atividade 6 - WSL/airflow/airflow_env/lib/python3.10/site-packages/airflow/example_dags/example_xcomargs.py for tasks to queue
[2024-09-09T21:05:27.098-0300] {logging_mixin.py:190} INFO - [2024-09-09T21:05:27.097-0300] {dagbag.py:587} INFO - Filling up the DagBag from /mnt/c/Users/teu20/Documents/Poli/Repo/eEDB011-20243/atividade 6 - WSL/airflow/airflow_env/lib/python3.10/site-packages/airflow/example_dags/example_xcomargs.py
[2024-09-09T21:05:27.110-0300] {processor.py:925} INFO - DAG(s) 'example_xcom_args', 'example_xcom_args_with_operators' retrieved from /mnt/c/Users/teu20/Documents/Poli/Repo/eEDB011-20243/atividade 6 - WSL/airflow/airflow_env/lib/python3.10/site-packages/airflow/example_dags/example_xcomargs.py
[2024-09-09T21:05:27.130-0300] {logging_mixin.py:190} INFO - [2024-09-09T21:05:27.129-0300] {dag.py:3229} INFO - Sync 2 DAGs
[2024-09-09T21:05:27.138-0300] {logging_mixin.py:190} INFO - [2024-09-09T21:05:27.138-0300] {dag.py:4156} INFO - Setting next_dagrun for example_xcom_args to None, run_after=None
[2024-09-09T21:05:27.141-0300] {logging_mixin.py:190} INFO - [2024-09-09T21:05:27.140-0300] {dag.py:4156} INFO - Setting next_dagrun for example_xcom_args_with_operators to None, run_after=None
[2024-09-09T21:05:27.155-0300] {processor.py:208} INFO - Processing /mnt/c/Users/teu20/Documents/Poli/Repo/eEDB011-20243/atividade 6 - WSL/airflow/airflow_env/lib/python3.10/site-packages/airflow/example_dags/example_xcomargs.py took 0.068 seconds
[2024-09-09T21:05:57.707-0300] {processor.py:186} INFO - Started process (PID=267325) to work on /mnt/c/Users/teu20/Documents/Poli/Repo/eEDB011-20243/atividade 6 - WSL/airflow/airflow_env/lib/python3.10/site-packages/airflow/example_dags/example_xcomargs.py
[2024-09-09T21:05:57.708-0300] {processor.py:914} INFO - Processing file /mnt/c/Users/teu20/Documents/Poli/Repo/eEDB011-20243/atividade 6 - WSL/airflow/airflow_env/lib/python3.10/site-packages/airflow/example_dags/example_xcomargs.py for tasks to queue
[2024-09-09T21:05:57.710-0300] {logging_mixin.py:190} INFO - [2024-09-09T21:05:57.710-0300] {dagbag.py:587} INFO - Filling up the DagBag from /mnt/c/Users/teu20/Documents/Poli/Repo/eEDB011-20243/atividade 6 - WSL/airflow/airflow_env/lib/python3.10/site-packages/airflow/example_dags/example_xcomargs.py
[2024-09-09T21:05:57.724-0300] {processor.py:925} INFO - DAG(s) 'example_xcom_args_with_operators', 'example_xcom_args' retrieved from /mnt/c/Users/teu20/Documents/Poli/Repo/eEDB011-20243/atividade 6 - WSL/airflow/airflow_env/lib/python3.10/site-packages/airflow/example_dags/example_xcomargs.py
[2024-09-09T21:05:57.744-0300] {logging_mixin.py:190} INFO - [2024-09-09T21:05:57.744-0300] {dag.py:3229} INFO - Sync 2 DAGs
[2024-09-09T21:05:57.752-0300] {logging_mixin.py:190} INFO - [2024-09-09T21:05:57.751-0300] {dag.py:4156} INFO - Setting next_dagrun for example_xcom_args to None, run_after=None
[2024-09-09T21:05:57.754-0300] {logging_mixin.py:190} INFO - [2024-09-09T21:05:57.754-0300] {dag.py:4156} INFO - Setting next_dagrun for example_xcom_args_with_operators to None, run_after=None
[2024-09-09T21:05:57.770-0300] {processor.py:208} INFO - Processing /mnt/c/Users/teu20/Documents/Poli/Repo/eEDB011-20243/atividade 6 - WSL/airflow/airflow_env/lib/python3.10/site-packages/airflow/example_dags/example_xcomargs.py took 0.070 seconds
[2024-09-09T21:06:28.354-0300] {processor.py:186} INFO - Started process (PID=267767) to work on /mnt/c/Users/teu20/Documents/Poli/Repo/eEDB011-20243/atividade 6 - WSL/airflow/airflow_env/lib/python3.10/site-packages/airflow/example_dags/example_xcomargs.py
[2024-09-09T21:06:28.356-0300] {processor.py:914} INFO - Processing file /mnt/c/Users/teu20/Documents/Poli/Repo/eEDB011-20243/atividade 6 - WSL/airflow/airflow_env/lib/python3.10/site-packages/airflow/example_dags/example_xcomargs.py for tasks to queue
[2024-09-09T21:06:28.358-0300] {logging_mixin.py:190} INFO - [2024-09-09T21:06:28.357-0300] {dagbag.py:587} INFO - Filling up the DagBag from /mnt/c/Users/teu20/Documents/Poli/Repo/eEDB011-20243/atividade 6 - WSL/airflow/airflow_env/lib/python3.10/site-packages/airflow/example_dags/example_xcomargs.py
[2024-09-09T21:06:28.378-0300] {processor.py:925} INFO - DAG(s) 'example_xcom_args', 'example_xcom_args_with_operators' retrieved from /mnt/c/Users/teu20/Documents/Poli/Repo/eEDB011-20243/atividade 6 - WSL/airflow/airflow_env/lib/python3.10/site-packages/airflow/example_dags/example_xcomargs.py
[2024-09-09T21:06:28.408-0300] {logging_mixin.py:190} INFO - [2024-09-09T21:06:28.407-0300] {dag.py:3229} INFO - Sync 2 DAGs
[2024-09-09T21:06:28.420-0300] {logging_mixin.py:190} INFO - [2024-09-09T21:06:28.420-0300] {dag.py:4156} INFO - Setting next_dagrun for example_xcom_args to None, run_after=None
[2024-09-09T21:06:28.424-0300] {logging_mixin.py:190} INFO - [2024-09-09T21:06:28.423-0300] {dag.py:4156} INFO - Setting next_dagrun for example_xcom_args_with_operators to None, run_after=None
[2024-09-09T21:06:28.444-0300] {processor.py:208} INFO - Processing /mnt/c/Users/teu20/Documents/Poli/Repo/eEDB011-20243/atividade 6 - WSL/airflow/airflow_env/lib/python3.10/site-packages/airflow/example_dags/example_xcomargs.py took 0.099 seconds
[2024-09-09T21:06:58.663-0300] {processor.py:186} INFO - Started process (PID=268398) to work on /mnt/c/Users/teu20/Documents/Poli/Repo/eEDB011-20243/atividade 6 - WSL/airflow/airflow_env/lib/python3.10/site-packages/airflow/example_dags/example_xcomargs.py
[2024-09-09T21:06:58.664-0300] {processor.py:914} INFO - Processing file /mnt/c/Users/teu20/Documents/Poli/Repo/eEDB011-20243/atividade 6 - WSL/airflow/airflow_env/lib/python3.10/site-packages/airflow/example_dags/example_xcomargs.py for tasks to queue
[2024-09-09T21:06:58.666-0300] {logging_mixin.py:190} INFO - [2024-09-09T21:06:58.666-0300] {dagbag.py:587} INFO - Filling up the DagBag from /mnt/c/Users/teu20/Documents/Poli/Repo/eEDB011-20243/atividade 6 - WSL/airflow/airflow_env/lib/python3.10/site-packages/airflow/example_dags/example_xcomargs.py
[2024-09-09T21:06:58.679-0300] {processor.py:925} INFO - DAG(s) 'example_xcom_args_with_operators', 'example_xcom_args' retrieved from /mnt/c/Users/teu20/Documents/Poli/Repo/eEDB011-20243/atividade 6 - WSL/airflow/airflow_env/lib/python3.10/site-packages/airflow/example_dags/example_xcomargs.py
[2024-09-09T21:06:58.697-0300] {logging_mixin.py:190} INFO - [2024-09-09T21:06:58.696-0300] {dag.py:3229} INFO - Sync 2 DAGs
[2024-09-09T21:06:58.705-0300] {logging_mixin.py:190} INFO - [2024-09-09T21:06:58.704-0300] {dag.py:4156} INFO - Setting next_dagrun for example_xcom_args to None, run_after=None
[2024-09-09T21:06:58.708-0300] {logging_mixin.py:190} INFO - [2024-09-09T21:06:58.707-0300] {dag.py:4156} INFO - Setting next_dagrun for example_xcom_args_with_operators to None, run_after=None
[2024-09-09T21:06:58.722-0300] {processor.py:208} INFO - Processing /mnt/c/Users/teu20/Documents/Poli/Repo/eEDB011-20243/atividade 6 - WSL/airflow/airflow_env/lib/python3.10/site-packages/airflow/example_dags/example_xcomargs.py took 0.067 seconds
[2024-09-09T21:07:29.180-0300] {processor.py:186} INFO - Started process (PID=269068) to work on /mnt/c/Users/teu20/Documents/Poli/Repo/eEDB011-20243/atividade 6 - WSL/airflow/airflow_env/lib/python3.10/site-packages/airflow/example_dags/example_xcomargs.py
[2024-09-09T21:07:29.181-0300] {processor.py:914} INFO - Processing file /mnt/c/Users/teu20/Documents/Poli/Repo/eEDB011-20243/atividade 6 - WSL/airflow/airflow_env/lib/python3.10/site-packages/airflow/example_dags/example_xcomargs.py for tasks to queue
[2024-09-09T21:07:29.183-0300] {logging_mixin.py:190} INFO - [2024-09-09T21:07:29.183-0300] {dagbag.py:587} INFO - Filling up the DagBag from /mnt/c/Users/teu20/Documents/Poli/Repo/eEDB011-20243/atividade 6 - WSL/airflow/airflow_env/lib/python3.10/site-packages/airflow/example_dags/example_xcomargs.py
[2024-09-09T21:07:29.196-0300] {processor.py:925} INFO - DAG(s) 'example_xcom_args', 'example_xcom_args_with_operators' retrieved from /mnt/c/Users/teu20/Documents/Poli/Repo/eEDB011-20243/atividade 6 - WSL/airflow/airflow_env/lib/python3.10/site-packages/airflow/example_dags/example_xcomargs.py
[2024-09-09T21:07:29.215-0300] {logging_mixin.py:190} INFO - [2024-09-09T21:07:29.215-0300] {dag.py:3229} INFO - Sync 2 DAGs
[2024-09-09T21:07:29.224-0300] {logging_mixin.py:190} INFO - [2024-09-09T21:07:29.223-0300] {dag.py:4156} INFO - Setting next_dagrun for example_xcom_args to None, run_after=None
[2024-09-09T21:07:29.226-0300] {logging_mixin.py:190} INFO - [2024-09-09T21:07:29.226-0300] {dag.py:4156} INFO - Setting next_dagrun for example_xcom_args_with_operators to None, run_after=None
[2024-09-09T21:07:29.240-0300] {processor.py:208} INFO - Processing /mnt/c/Users/teu20/Documents/Poli/Repo/eEDB011-20243/atividade 6 - WSL/airflow/airflow_env/lib/python3.10/site-packages/airflow/example_dags/example_xcomargs.py took 0.068 seconds
[2024-09-09T21:07:59.678-0300] {processor.py:186} INFO - Started process (PID=269567) to work on /mnt/c/Users/teu20/Documents/Poli/Repo/eEDB011-20243/atividade 6 - WSL/airflow/airflow_env/lib/python3.10/site-packages/airflow/example_dags/example_xcomargs.py
[2024-09-09T21:07:59.679-0300] {processor.py:914} INFO - Processing file /mnt/c/Users/teu20/Documents/Poli/Repo/eEDB011-20243/atividade 6 - WSL/airflow/airflow_env/lib/python3.10/site-packages/airflow/example_dags/example_xcomargs.py for tasks to queue
[2024-09-09T21:07:59.681-0300] {logging_mixin.py:190} INFO - [2024-09-09T21:07:59.681-0300] {dagbag.py:587} INFO - Filling up the DagBag from /mnt/c/Users/teu20/Documents/Poli/Repo/eEDB011-20243/atividade 6 - WSL/airflow/airflow_env/lib/python3.10/site-packages/airflow/example_dags/example_xcomargs.py
[2024-09-09T21:07:59.698-0300] {processor.py:925} INFO - DAG(s) 'example_xcom_args', 'example_xcom_args_with_operators' retrieved from /mnt/c/Users/teu20/Documents/Poli/Repo/eEDB011-20243/atividade 6 - WSL/airflow/airflow_env/lib/python3.10/site-packages/airflow/example_dags/example_xcomargs.py
[2024-09-09T21:07:59.718-0300] {logging_mixin.py:190} INFO - [2024-09-09T21:07:59.717-0300] {dag.py:3229} INFO - Sync 2 DAGs
[2024-09-09T21:07:59.727-0300] {logging_mixin.py:190} INFO - [2024-09-09T21:07:59.726-0300] {dag.py:4156} INFO - Setting next_dagrun for example_xcom_args to None, run_after=None
[2024-09-09T21:07:59.730-0300] {logging_mixin.py:190} INFO - [2024-09-09T21:07:59.729-0300] {dag.py:4156} INFO - Setting next_dagrun for example_xcom_args_with_operators to None, run_after=None
[2024-09-09T21:07:59.744-0300] {processor.py:208} INFO - Processing /mnt/c/Users/teu20/Documents/Poli/Repo/eEDB011-20243/atividade 6 - WSL/airflow/airflow_env/lib/python3.10/site-packages/airflow/example_dags/example_xcomargs.py took 0.074 seconds
