[2024-09-09T21:00:24.908-0300] {processor.py:186} INFO - Started process (PID=261599) to work on /mnt/c/Users/teu20/Documents/Poli/Repo/eEDB011-20243/atividade 6 - WSL/airflow/airflow_env/lib/python3.10/site-packages/airflow/example_dags/example_dataset_alias.py
[2024-09-09T21:00:24.909-0300] {processor.py:914} INFO - Processing file /mnt/c/Users/teu20/Documents/Poli/Repo/eEDB011-20243/atividade 6 - WSL/airflow/airflow_env/lib/python3.10/site-packages/airflow/example_dags/example_dataset_alias.py for tasks to queue
[2024-09-09T21:00:24.911-0300] {logging_mixin.py:190} INFO - [2024-09-09T21:00:24.910-0300] {dagbag.py:587} INFO - Filling up the DagBag from /mnt/c/Users/teu20/Documents/Poli/Repo/eEDB011-20243/atividade 6 - WSL/airflow/airflow_env/lib/python3.10/site-packages/airflow/example_dags/example_dataset_alias.py
[2024-09-09T21:00:24.952-0300] {processor.py:925} INFO - DAG(s) 'dataset_s3_bucket_producer', 'dataset_alias_example_alias_producer', 'dataset_s3_bucket_consumer', 'dataset_alias_example_alias_consumer' retrieved from /mnt/c/Users/teu20/Documents/Poli/Repo/eEDB011-20243/atividade 6 - WSL/airflow/airflow_env/lib/python3.10/site-packages/airflow/example_dags/example_dataset_alias.py
[2024-09-09T21:00:24.967-0300] {logging_mixin.py:190} INFO - [2024-09-09T21:00:24.967-0300] {dag.py:3229} INFO - Sync 4 DAGs
[2024-09-09T21:00:24.979-0300] {logging_mixin.py:190} INFO - [2024-09-09T21:00:24.978-0300] {dag.py:4156} INFO - Setting next_dagrun for dataset_alias_example_alias_consumer to None, run_after=None
[2024-09-09T21:00:24.982-0300] {logging_mixin.py:190} INFO - [2024-09-09T21:00:24.981-0300] {dag.py:4156} INFO - Setting next_dagrun for dataset_alias_example_alias_producer to None, run_after=None
[2024-09-09T21:00:24.983-0300] {logging_mixin.py:190} INFO - [2024-09-09T21:00:24.983-0300] {dag.py:4156} INFO - Setting next_dagrun for dataset_s3_bucket_consumer to None, run_after=None
[2024-09-09T21:00:24.985-0300] {logging_mixin.py:190} INFO - [2024-09-09T21:00:24.985-0300] {dag.py:4156} INFO - Setting next_dagrun for dataset_s3_bucket_producer to None, run_after=None
[2024-09-09T21:00:25.003-0300] {processor.py:208} INFO - Processing /mnt/c/Users/teu20/Documents/Poli/Repo/eEDB011-20243/atividade 6 - WSL/airflow/airflow_env/lib/python3.10/site-packages/airflow/example_dags/example_dataset_alias.py took 0.103 seconds
[2024-09-09T21:00:55.506-0300] {processor.py:186} INFO - Started process (PID=262306) to work on /mnt/c/Users/teu20/Documents/Poli/Repo/eEDB011-20243/atividade 6 - WSL/airflow/airflow_env/lib/python3.10/site-packages/airflow/example_dags/example_dataset_alias.py
[2024-09-09T21:00:55.507-0300] {processor.py:914} INFO - Processing file /mnt/c/Users/teu20/Documents/Poli/Repo/eEDB011-20243/atividade 6 - WSL/airflow/airflow_env/lib/python3.10/site-packages/airflow/example_dags/example_dataset_alias.py for tasks to queue
[2024-09-09T21:00:55.509-0300] {logging_mixin.py:190} INFO - [2024-09-09T21:00:55.508-0300] {dagbag.py:587} INFO - Filling up the DagBag from /mnt/c/Users/teu20/Documents/Poli/Repo/eEDB011-20243/atividade 6 - WSL/airflow/airflow_env/lib/python3.10/site-packages/airflow/example_dags/example_dataset_alias.py
[2024-09-09T21:00:55.552-0300] {processor.py:925} INFO - DAG(s) 'dataset_s3_bucket_consumer', 'dataset_alias_example_alias_consumer', 'dataset_alias_example_alias_producer', 'dataset_s3_bucket_producer' retrieved from /mnt/c/Users/teu20/Documents/Poli/Repo/eEDB011-20243/atividade 6 - WSL/airflow/airflow_env/lib/python3.10/site-packages/airflow/example_dags/example_dataset_alias.py
[2024-09-09T21:00:55.568-0300] {logging_mixin.py:190} INFO - [2024-09-09T21:00:55.568-0300] {dag.py:3229} INFO - Sync 4 DAGs
[2024-09-09T21:00:55.580-0300] {logging_mixin.py:190} INFO - [2024-09-09T21:00:55.579-0300] {dag.py:4156} INFO - Setting next_dagrun for dataset_alias_example_alias_consumer to None, run_after=None
[2024-09-09T21:00:55.583-0300] {logging_mixin.py:190} INFO - [2024-09-09T21:00:55.582-0300] {dag.py:4156} INFO - Setting next_dagrun for dataset_alias_example_alias_producer to None, run_after=None
[2024-09-09T21:00:55.585-0300] {logging_mixin.py:190} INFO - [2024-09-09T21:00:55.584-0300] {dag.py:4156} INFO - Setting next_dagrun for dataset_s3_bucket_consumer to None, run_after=None
[2024-09-09T21:00:55.586-0300] {logging_mixin.py:190} INFO - [2024-09-09T21:00:55.586-0300] {dag.py:4156} INFO - Setting next_dagrun for dataset_s3_bucket_producer to None, run_after=None
[2024-09-09T21:00:55.604-0300] {processor.py:208} INFO - Processing /mnt/c/Users/teu20/Documents/Poli/Repo/eEDB011-20243/atividade 6 - WSL/airflow/airflow_env/lib/python3.10/site-packages/airflow/example_dags/example_dataset_alias.py took 0.106 seconds
[2024-09-09T21:01:26.602-0300] {processor.py:186} INFO - Started process (PID=262743) to work on /mnt/c/Users/teu20/Documents/Poli/Repo/eEDB011-20243/atividade 6 - WSL/airflow/airflow_env/lib/python3.10/site-packages/airflow/example_dags/example_dataset_alias.py
[2024-09-09T21:01:26.604-0300] {processor.py:914} INFO - Processing file /mnt/c/Users/teu20/Documents/Poli/Repo/eEDB011-20243/atividade 6 - WSL/airflow/airflow_env/lib/python3.10/site-packages/airflow/example_dags/example_dataset_alias.py for tasks to queue
[2024-09-09T21:01:26.605-0300] {logging_mixin.py:190} INFO - [2024-09-09T21:01:26.605-0300] {dagbag.py:587} INFO - Filling up the DagBag from /mnt/c/Users/teu20/Documents/Poli/Repo/eEDB011-20243/atividade 6 - WSL/airflow/airflow_env/lib/python3.10/site-packages/airflow/example_dags/example_dataset_alias.py
[2024-09-09T21:01:26.685-0300] {processor.py:925} INFO - DAG(s) 'dataset_s3_bucket_consumer', 'dataset_s3_bucket_producer', 'dataset_alias_example_alias_producer', 'dataset_alias_example_alias_consumer' retrieved from /mnt/c/Users/teu20/Documents/Poli/Repo/eEDB011-20243/atividade 6 - WSL/airflow/airflow_env/lib/python3.10/site-packages/airflow/example_dags/example_dataset_alias.py
[2024-09-09T21:01:26.703-0300] {logging_mixin.py:190} INFO - [2024-09-09T21:01:26.702-0300] {dag.py:3229} INFO - Sync 4 DAGs
[2024-09-09T21:01:26.716-0300] {logging_mixin.py:190} INFO - [2024-09-09T21:01:26.715-0300] {dag.py:4156} INFO - Setting next_dagrun for dataset_alias_example_alias_consumer to None, run_after=None
[2024-09-09T21:01:26.719-0300] {logging_mixin.py:190} INFO - [2024-09-09T21:01:26.718-0300] {dag.py:4156} INFO - Setting next_dagrun for dataset_alias_example_alias_producer to None, run_after=None
[2024-09-09T21:01:26.721-0300] {logging_mixin.py:190} INFO - [2024-09-09T21:01:26.720-0300] {dag.py:4156} INFO - Setting next_dagrun for dataset_s3_bucket_consumer to None, run_after=None
[2024-09-09T21:01:26.723-0300] {logging_mixin.py:190} INFO - [2024-09-09T21:01:26.722-0300] {dag.py:4156} INFO - Setting next_dagrun for dataset_s3_bucket_producer to None, run_after=None
[2024-09-09T21:01:26.742-0300] {processor.py:208} INFO - Processing /mnt/c/Users/teu20/Documents/Poli/Repo/eEDB011-20243/atividade 6 - WSL/airflow/airflow_env/lib/python3.10/site-packages/airflow/example_dags/example_dataset_alias.py took 0.148 seconds
[2024-09-09T21:01:57.657-0300] {processor.py:186} INFO - Started process (PID=263178) to work on /mnt/c/Users/teu20/Documents/Poli/Repo/eEDB011-20243/atividade 6 - WSL/airflow/airflow_env/lib/python3.10/site-packages/airflow/example_dags/example_dataset_alias.py
[2024-09-09T21:01:57.658-0300] {processor.py:914} INFO - Processing file /mnt/c/Users/teu20/Documents/Poli/Repo/eEDB011-20243/atividade 6 - WSL/airflow/airflow_env/lib/python3.10/site-packages/airflow/example_dags/example_dataset_alias.py for tasks to queue
[2024-09-09T21:01:57.660-0300] {logging_mixin.py:190} INFO - [2024-09-09T21:01:57.659-0300] {dagbag.py:587} INFO - Filling up the DagBag from /mnt/c/Users/teu20/Documents/Poli/Repo/eEDB011-20243/atividade 6 - WSL/airflow/airflow_env/lib/python3.10/site-packages/airflow/example_dags/example_dataset_alias.py
[2024-09-09T21:01:57.744-0300] {processor.py:925} INFO - DAG(s) 'dataset_alias_example_alias_producer', 'dataset_s3_bucket_producer', 'dataset_s3_bucket_consumer', 'dataset_alias_example_alias_consumer' retrieved from /mnt/c/Users/teu20/Documents/Poli/Repo/eEDB011-20243/atividade 6 - WSL/airflow/airflow_env/lib/python3.10/site-packages/airflow/example_dags/example_dataset_alias.py
[2024-09-09T21:01:57.760-0300] {logging_mixin.py:190} INFO - [2024-09-09T21:01:57.759-0300] {dag.py:3229} INFO - Sync 4 DAGs
[2024-09-09T21:01:57.772-0300] {logging_mixin.py:190} INFO - [2024-09-09T21:01:57.771-0300] {dag.py:4156} INFO - Setting next_dagrun for dataset_alias_example_alias_consumer to None, run_after=None
[2024-09-09T21:01:57.775-0300] {logging_mixin.py:190} INFO - [2024-09-09T21:01:57.774-0300] {dag.py:4156} INFO - Setting next_dagrun for dataset_alias_example_alias_producer to None, run_after=None
[2024-09-09T21:01:57.777-0300] {logging_mixin.py:190} INFO - [2024-09-09T21:01:57.776-0300] {dag.py:4156} INFO - Setting next_dagrun for dataset_s3_bucket_consumer to None, run_after=None
[2024-09-09T21:01:57.779-0300] {logging_mixin.py:190} INFO - [2024-09-09T21:01:57.778-0300] {dag.py:4156} INFO - Setting next_dagrun for dataset_s3_bucket_producer to None, run_after=None
[2024-09-09T21:01:57.796-0300] {processor.py:208} INFO - Processing /mnt/c/Users/teu20/Documents/Poli/Repo/eEDB011-20243/atividade 6 - WSL/airflow/airflow_env/lib/python3.10/site-packages/airflow/example_dags/example_dataset_alias.py took 0.147 seconds
[2024-09-09T21:02:28.298-0300] {processor.py:186} INFO - Started process (PID=263604) to work on /mnt/c/Users/teu20/Documents/Poli/Repo/eEDB011-20243/atividade 6 - WSL/airflow/airflow_env/lib/python3.10/site-packages/airflow/example_dags/example_dataset_alias.py
[2024-09-09T21:02:28.299-0300] {processor.py:914} INFO - Processing file /mnt/c/Users/teu20/Documents/Poli/Repo/eEDB011-20243/atividade 6 - WSL/airflow/airflow_env/lib/python3.10/site-packages/airflow/example_dags/example_dataset_alias.py for tasks to queue
[2024-09-09T21:02:28.301-0300] {logging_mixin.py:190} INFO - [2024-09-09T21:02:28.300-0300] {dagbag.py:587} INFO - Filling up the DagBag from /mnt/c/Users/teu20/Documents/Poli/Repo/eEDB011-20243/atividade 6 - WSL/airflow/airflow_env/lib/python3.10/site-packages/airflow/example_dags/example_dataset_alias.py
[2024-09-09T21:02:28.386-0300] {processor.py:925} INFO - DAG(s) 'dataset_s3_bucket_producer', 'dataset_alias_example_alias_consumer', 'dataset_alias_example_alias_producer', 'dataset_s3_bucket_consumer' retrieved from /mnt/c/Users/teu20/Documents/Poli/Repo/eEDB011-20243/atividade 6 - WSL/airflow/airflow_env/lib/python3.10/site-packages/airflow/example_dags/example_dataset_alias.py
[2024-09-09T21:02:28.402-0300] {logging_mixin.py:190} INFO - [2024-09-09T21:02:28.402-0300] {dag.py:3229} INFO - Sync 4 DAGs
[2024-09-09T21:02:28.415-0300] {logging_mixin.py:190} INFO - [2024-09-09T21:02:28.414-0300] {dag.py:4156} INFO - Setting next_dagrun for dataset_alias_example_alias_consumer to None, run_after=None
[2024-09-09T21:02:28.418-0300] {logging_mixin.py:190} INFO - [2024-09-09T21:02:28.417-0300] {dag.py:4156} INFO - Setting next_dagrun for dataset_alias_example_alias_producer to None, run_after=None
[2024-09-09T21:02:28.420-0300] {logging_mixin.py:190} INFO - [2024-09-09T21:02:28.419-0300] {dag.py:4156} INFO - Setting next_dagrun for dataset_s3_bucket_consumer to None, run_after=None
[2024-09-09T21:02:28.422-0300] {logging_mixin.py:190} INFO - [2024-09-09T21:02:28.421-0300] {dag.py:4156} INFO - Setting next_dagrun for dataset_s3_bucket_producer to None, run_after=None
[2024-09-09T21:02:28.441-0300] {processor.py:208} INFO - Processing /mnt/c/Users/teu20/Documents/Poli/Repo/eEDB011-20243/atividade 6 - WSL/airflow/airflow_env/lib/python3.10/site-packages/airflow/example_dags/example_dataset_alias.py took 0.152 seconds
[2024-09-09T21:02:58.824-0300] {processor.py:186} INFO - Started process (PID=264034) to work on /mnt/c/Users/teu20/Documents/Poli/Repo/eEDB011-20243/atividade 6 - WSL/airflow/airflow_env/lib/python3.10/site-packages/airflow/example_dags/example_dataset_alias.py
[2024-09-09T21:02:58.825-0300] {processor.py:914} INFO - Processing file /mnt/c/Users/teu20/Documents/Poli/Repo/eEDB011-20243/atividade 6 - WSL/airflow/airflow_env/lib/python3.10/site-packages/airflow/example_dags/example_dataset_alias.py for tasks to queue
[2024-09-09T21:02:58.827-0300] {logging_mixin.py:190} INFO - [2024-09-09T21:02:58.827-0300] {dagbag.py:587} INFO - Filling up the DagBag from /mnt/c/Users/teu20/Documents/Poli/Repo/eEDB011-20243/atividade 6 - WSL/airflow/airflow_env/lib/python3.10/site-packages/airflow/example_dags/example_dataset_alias.py
[2024-09-09T21:02:58.905-0300] {processor.py:925} INFO - DAG(s) 'dataset_alias_example_alias_consumer', 'dataset_s3_bucket_consumer', 'dataset_s3_bucket_producer', 'dataset_alias_example_alias_producer' retrieved from /mnt/c/Users/teu20/Documents/Poli/Repo/eEDB011-20243/atividade 6 - WSL/airflow/airflow_env/lib/python3.10/site-packages/airflow/example_dags/example_dataset_alias.py
[2024-09-09T21:02:58.921-0300] {logging_mixin.py:190} INFO - [2024-09-09T21:02:58.920-0300] {dag.py:3229} INFO - Sync 4 DAGs
[2024-09-09T21:02:58.933-0300] {logging_mixin.py:190} INFO - [2024-09-09T21:02:58.933-0300] {dag.py:4156} INFO - Setting next_dagrun for dataset_alias_example_alias_consumer to None, run_after=None
[2024-09-09T21:02:58.936-0300] {logging_mixin.py:190} INFO - [2024-09-09T21:02:58.935-0300] {dag.py:4156} INFO - Setting next_dagrun for dataset_alias_example_alias_producer to None, run_after=None
[2024-09-09T21:02:58.938-0300] {logging_mixin.py:190} INFO - [2024-09-09T21:02:58.937-0300] {dag.py:4156} INFO - Setting next_dagrun for dataset_s3_bucket_consumer to None, run_after=None
[2024-09-09T21:02:58.940-0300] {logging_mixin.py:190} INFO - [2024-09-09T21:02:58.939-0300] {dag.py:4156} INFO - Setting next_dagrun for dataset_s3_bucket_producer to None, run_after=None
[2024-09-09T21:02:58.957-0300] {processor.py:208} INFO - Processing /mnt/c/Users/teu20/Documents/Poli/Repo/eEDB011-20243/atividade 6 - WSL/airflow/airflow_env/lib/python3.10/site-packages/airflow/example_dags/example_dataset_alias.py took 0.140 seconds
[2024-09-09T21:03:29.410-0300] {processor.py:186} INFO - Started process (PID=264467) to work on /mnt/c/Users/teu20/Documents/Poli/Repo/eEDB011-20243/atividade 6 - WSL/airflow/airflow_env/lib/python3.10/site-packages/airflow/example_dags/example_dataset_alias.py
[2024-09-09T21:03:29.411-0300] {processor.py:914} INFO - Processing file /mnt/c/Users/teu20/Documents/Poli/Repo/eEDB011-20243/atividade 6 - WSL/airflow/airflow_env/lib/python3.10/site-packages/airflow/example_dags/example_dataset_alias.py for tasks to queue
[2024-09-09T21:03:29.413-0300] {logging_mixin.py:190} INFO - [2024-09-09T21:03:29.412-0300] {dagbag.py:587} INFO - Filling up the DagBag from /mnt/c/Users/teu20/Documents/Poli/Repo/eEDB011-20243/atividade 6 - WSL/airflow/airflow_env/lib/python3.10/site-packages/airflow/example_dags/example_dataset_alias.py
[2024-09-09T21:03:29.499-0300] {processor.py:925} INFO - DAG(s) 'dataset_alias_example_alias_producer', 'dataset_alias_example_alias_consumer', 'dataset_s3_bucket_producer', 'dataset_s3_bucket_consumer' retrieved from /mnt/c/Users/teu20/Documents/Poli/Repo/eEDB011-20243/atividade 6 - WSL/airflow/airflow_env/lib/python3.10/site-packages/airflow/example_dags/example_dataset_alias.py
[2024-09-09T21:03:29.515-0300] {logging_mixin.py:190} INFO - [2024-09-09T21:03:29.514-0300] {dag.py:3229} INFO - Sync 4 DAGs
[2024-09-09T21:03:29.527-0300] {logging_mixin.py:190} INFO - [2024-09-09T21:03:29.527-0300] {dag.py:4156} INFO - Setting next_dagrun for dataset_alias_example_alias_consumer to None, run_after=None
[2024-09-09T21:03:29.530-0300] {logging_mixin.py:190} INFO - [2024-09-09T21:03:29.530-0300] {dag.py:4156} INFO - Setting next_dagrun for dataset_alias_example_alias_producer to None, run_after=None
[2024-09-09T21:03:29.532-0300] {logging_mixin.py:190} INFO - [2024-09-09T21:03:29.532-0300] {dag.py:4156} INFO - Setting next_dagrun for dataset_s3_bucket_consumer to None, run_after=None
[2024-09-09T21:03:29.534-0300] {logging_mixin.py:190} INFO - [2024-09-09T21:03:29.534-0300] {dag.py:4156} INFO - Setting next_dagrun for dataset_s3_bucket_producer to None, run_after=None
[2024-09-09T21:03:29.554-0300] {processor.py:208} INFO - Processing /mnt/c/Users/teu20/Documents/Poli/Repo/eEDB011-20243/atividade 6 - WSL/airflow/airflow_env/lib/python3.10/site-packages/airflow/example_dags/example_dataset_alias.py took 0.153 seconds
[2024-09-09T21:04:00.047-0300] {processor.py:186} INFO - Started process (PID=264906) to work on /mnt/c/Users/teu20/Documents/Poli/Repo/eEDB011-20243/atividade 6 - WSL/airflow/airflow_env/lib/python3.10/site-packages/airflow/example_dags/example_dataset_alias.py
[2024-09-09T21:04:00.048-0300] {processor.py:914} INFO - Processing file /mnt/c/Users/teu20/Documents/Poli/Repo/eEDB011-20243/atividade 6 - WSL/airflow/airflow_env/lib/python3.10/site-packages/airflow/example_dags/example_dataset_alias.py for tasks to queue
[2024-09-09T21:04:00.050-0300] {logging_mixin.py:190} INFO - [2024-09-09T21:04:00.049-0300] {dagbag.py:587} INFO - Filling up the DagBag from /mnt/c/Users/teu20/Documents/Poli/Repo/eEDB011-20243/atividade 6 - WSL/airflow/airflow_env/lib/python3.10/site-packages/airflow/example_dags/example_dataset_alias.py
[2024-09-09T21:04:00.138-0300] {processor.py:925} INFO - DAG(s) 'dataset_s3_bucket_consumer', 'dataset_alias_example_alias_producer', 'dataset_s3_bucket_producer', 'dataset_alias_example_alias_consumer' retrieved from /mnt/c/Users/teu20/Documents/Poli/Repo/eEDB011-20243/atividade 6 - WSL/airflow/airflow_env/lib/python3.10/site-packages/airflow/example_dags/example_dataset_alias.py
[2024-09-09T21:04:00.159-0300] {logging_mixin.py:190} INFO - [2024-09-09T21:04:00.158-0300] {dag.py:3229} INFO - Sync 4 DAGs
[2024-09-09T21:04:00.175-0300] {logging_mixin.py:190} INFO - [2024-09-09T21:04:00.174-0300] {dag.py:4156} INFO - Setting next_dagrun for dataset_alias_example_alias_consumer to None, run_after=None
[2024-09-09T21:04:00.178-0300] {logging_mixin.py:190} INFO - [2024-09-09T21:04:00.178-0300] {dag.py:4156} INFO - Setting next_dagrun for dataset_alias_example_alias_producer to None, run_after=None
[2024-09-09T21:04:00.181-0300] {logging_mixin.py:190} INFO - [2024-09-09T21:04:00.180-0300] {dag.py:4156} INFO - Setting next_dagrun for dataset_s3_bucket_consumer to None, run_after=None
[2024-09-09T21:04:00.183-0300] {logging_mixin.py:190} INFO - [2024-09-09T21:04:00.183-0300] {dag.py:4156} INFO - Setting next_dagrun for dataset_s3_bucket_producer to None, run_after=None
[2024-09-09T21:04:00.205-0300] {processor.py:208} INFO - Processing /mnt/c/Users/teu20/Documents/Poli/Repo/eEDB011-20243/atividade 6 - WSL/airflow/airflow_env/lib/python3.10/site-packages/airflow/example_dags/example_dataset_alias.py took 0.167 seconds
[2024-09-09T21:04:30.538-0300] {processor.py:186} INFO - Started process (PID=265341) to work on /mnt/c/Users/teu20/Documents/Poli/Repo/eEDB011-20243/atividade 6 - WSL/airflow/airflow_env/lib/python3.10/site-packages/airflow/example_dags/example_dataset_alias.py
[2024-09-09T21:04:30.539-0300] {processor.py:914} INFO - Processing file /mnt/c/Users/teu20/Documents/Poli/Repo/eEDB011-20243/atividade 6 - WSL/airflow/airflow_env/lib/python3.10/site-packages/airflow/example_dags/example_dataset_alias.py for tasks to queue
[2024-09-09T21:04:30.541-0300] {logging_mixin.py:190} INFO - [2024-09-09T21:04:30.540-0300] {dagbag.py:587} INFO - Filling up the DagBag from /mnt/c/Users/teu20/Documents/Poli/Repo/eEDB011-20243/atividade 6 - WSL/airflow/airflow_env/lib/python3.10/site-packages/airflow/example_dags/example_dataset_alias.py
[2024-09-09T21:04:30.587-0300] {processor.py:925} INFO - DAG(s) 'dataset_s3_bucket_producer', 'dataset_alias_example_alias_producer', 'dataset_s3_bucket_consumer', 'dataset_alias_example_alias_consumer' retrieved from /mnt/c/Users/teu20/Documents/Poli/Repo/eEDB011-20243/atividade 6 - WSL/airflow/airflow_env/lib/python3.10/site-packages/airflow/example_dags/example_dataset_alias.py
[2024-09-09T21:04:30.605-0300] {logging_mixin.py:190} INFO - [2024-09-09T21:04:30.604-0300] {dag.py:3229} INFO - Sync 4 DAGs
[2024-09-09T21:04:30.619-0300] {logging_mixin.py:190} INFO - [2024-09-09T21:04:30.618-0300] {dag.py:4156} INFO - Setting next_dagrun for dataset_alias_example_alias_consumer to None, run_after=None
[2024-09-09T21:04:30.623-0300] {logging_mixin.py:190} INFO - [2024-09-09T21:04:30.622-0300] {dag.py:4156} INFO - Setting next_dagrun for dataset_alias_example_alias_producer to None, run_after=None
[2024-09-09T21:04:30.625-0300] {logging_mixin.py:190} INFO - [2024-09-09T21:04:30.624-0300] {dag.py:4156} INFO - Setting next_dagrun for dataset_s3_bucket_consumer to None, run_after=None
[2024-09-09T21:04:30.627-0300] {logging_mixin.py:190} INFO - [2024-09-09T21:04:30.626-0300] {dag.py:4156} INFO - Setting next_dagrun for dataset_s3_bucket_producer to None, run_after=None
[2024-09-09T21:04:30.645-0300] {processor.py:208} INFO - Processing /mnt/c/Users/teu20/Documents/Poli/Repo/eEDB011-20243/atividade 6 - WSL/airflow/airflow_env/lib/python3.10/site-packages/airflow/example_dags/example_dataset_alias.py took 0.115 seconds
[2024-09-09T21:05:00.754-0300] {processor.py:186} INFO - Started process (PID=266553) to work on /mnt/c/Users/teu20/Documents/Poli/Repo/eEDB011-20243/atividade 6 - WSL/airflow/airflow_env/lib/python3.10/site-packages/airflow/example_dags/example_dataset_alias.py
[2024-09-09T21:05:00.755-0300] {processor.py:914} INFO - Processing file /mnt/c/Users/teu20/Documents/Poli/Repo/eEDB011-20243/atividade 6 - WSL/airflow/airflow_env/lib/python3.10/site-packages/airflow/example_dags/example_dataset_alias.py for tasks to queue
[2024-09-09T21:05:00.757-0300] {logging_mixin.py:190} INFO - [2024-09-09T21:05:00.756-0300] {dagbag.py:587} INFO - Filling up the DagBag from /mnt/c/Users/teu20/Documents/Poli/Repo/eEDB011-20243/atividade 6 - WSL/airflow/airflow_env/lib/python3.10/site-packages/airflow/example_dags/example_dataset_alias.py
[2024-09-09T21:05:00.799-0300] {processor.py:925} INFO - DAG(s) 'dataset_s3_bucket_consumer', 'dataset_alias_example_alias_producer', 'dataset_s3_bucket_producer', 'dataset_alias_example_alias_consumer' retrieved from /mnt/c/Users/teu20/Documents/Poli/Repo/eEDB011-20243/atividade 6 - WSL/airflow/airflow_env/lib/python3.10/site-packages/airflow/example_dags/example_dataset_alias.py
[2024-09-09T21:05:00.815-0300] {logging_mixin.py:190} INFO - [2024-09-09T21:05:00.814-0300] {dag.py:3229} INFO - Sync 4 DAGs
[2024-09-09T21:05:00.827-0300] {logging_mixin.py:190} INFO - [2024-09-09T21:05:00.826-0300] {dag.py:4156} INFO - Setting next_dagrun for dataset_alias_example_alias_consumer to None, run_after=None
[2024-09-09T21:05:00.829-0300] {logging_mixin.py:190} INFO - [2024-09-09T21:05:00.829-0300] {dag.py:4156} INFO - Setting next_dagrun for dataset_alias_example_alias_producer to None, run_after=None
[2024-09-09T21:05:00.831-0300] {logging_mixin.py:190} INFO - [2024-09-09T21:05:00.831-0300] {dag.py:4156} INFO - Setting next_dagrun for dataset_s3_bucket_consumer to None, run_after=None
[2024-09-09T21:05:00.833-0300] {logging_mixin.py:190} INFO - [2024-09-09T21:05:00.832-0300] {dag.py:4156} INFO - Setting next_dagrun for dataset_s3_bucket_producer to None, run_after=None
[2024-09-09T21:05:00.851-0300] {processor.py:208} INFO - Processing /mnt/c/Users/teu20/Documents/Poli/Repo/eEDB011-20243/atividade 6 - WSL/airflow/airflow_env/lib/python3.10/site-packages/airflow/example_dags/example_dataset_alias.py took 0.104 seconds
[2024-09-09T21:05:31.155-0300] {processor.py:186} INFO - Started process (PID=267078) to work on /mnt/c/Users/teu20/Documents/Poli/Repo/eEDB011-20243/atividade 6 - WSL/airflow/airflow_env/lib/python3.10/site-packages/airflow/example_dags/example_dataset_alias.py
[2024-09-09T21:05:31.156-0300] {processor.py:914} INFO - Processing file /mnt/c/Users/teu20/Documents/Poli/Repo/eEDB011-20243/atividade 6 - WSL/airflow/airflow_env/lib/python3.10/site-packages/airflow/example_dags/example_dataset_alias.py for tasks to queue
[2024-09-09T21:05:31.158-0300] {logging_mixin.py:190} INFO - [2024-09-09T21:05:31.157-0300] {dagbag.py:587} INFO - Filling up the DagBag from /mnt/c/Users/teu20/Documents/Poli/Repo/eEDB011-20243/atividade 6 - WSL/airflow/airflow_env/lib/python3.10/site-packages/airflow/example_dags/example_dataset_alias.py
[2024-09-09T21:05:31.202-0300] {processor.py:925} INFO - DAG(s) 'dataset_s3_bucket_consumer', 'dataset_alias_example_alias_producer', 'dataset_s3_bucket_producer', 'dataset_alias_example_alias_consumer' retrieved from /mnt/c/Users/teu20/Documents/Poli/Repo/eEDB011-20243/atividade 6 - WSL/airflow/airflow_env/lib/python3.10/site-packages/airflow/example_dags/example_dataset_alias.py
[2024-09-09T21:05:31.218-0300] {logging_mixin.py:190} INFO - [2024-09-09T21:05:31.218-0300] {dag.py:3229} INFO - Sync 4 DAGs
[2024-09-09T21:05:31.231-0300] {logging_mixin.py:190} INFO - [2024-09-09T21:05:31.230-0300] {dag.py:4156} INFO - Setting next_dagrun for dataset_alias_example_alias_consumer to None, run_after=None
[2024-09-09T21:05:31.233-0300] {logging_mixin.py:190} INFO - [2024-09-09T21:05:31.233-0300] {dag.py:4156} INFO - Setting next_dagrun for dataset_alias_example_alias_producer to None, run_after=None
[2024-09-09T21:05:31.235-0300] {logging_mixin.py:190} INFO - [2024-09-09T21:05:31.235-0300] {dag.py:4156} INFO - Setting next_dagrun for dataset_s3_bucket_consumer to None, run_after=None
[2024-09-09T21:05:31.237-0300] {logging_mixin.py:190} INFO - [2024-09-09T21:05:31.237-0300] {dag.py:4156} INFO - Setting next_dagrun for dataset_s3_bucket_producer to None, run_after=None
[2024-09-09T21:05:31.256-0300] {processor.py:208} INFO - Processing /mnt/c/Users/teu20/Documents/Poli/Repo/eEDB011-20243/atividade 6 - WSL/airflow/airflow_env/lib/python3.10/site-packages/airflow/example_dags/example_dataset_alias.py took 0.108 seconds
[2024-09-09T21:06:01.645-0300] {processor.py:186} INFO - Started process (PID=267509) to work on /mnt/c/Users/teu20/Documents/Poli/Repo/eEDB011-20243/atividade 6 - WSL/airflow/airflow_env/lib/python3.10/site-packages/airflow/example_dags/example_dataset_alias.py
[2024-09-09T21:06:01.647-0300] {processor.py:914} INFO - Processing file /mnt/c/Users/teu20/Documents/Poli/Repo/eEDB011-20243/atividade 6 - WSL/airflow/airflow_env/lib/python3.10/site-packages/airflow/example_dags/example_dataset_alias.py for tasks to queue
[2024-09-09T21:06:01.648-0300] {logging_mixin.py:190} INFO - [2024-09-09T21:06:01.648-0300] {dagbag.py:587} INFO - Filling up the DagBag from /mnt/c/Users/teu20/Documents/Poli/Repo/eEDB011-20243/atividade 6 - WSL/airflow/airflow_env/lib/python3.10/site-packages/airflow/example_dags/example_dataset_alias.py
[2024-09-09T21:06:01.692-0300] {processor.py:925} INFO - DAG(s) 'dataset_s3_bucket_consumer', 'dataset_alias_example_alias_producer', 'dataset_s3_bucket_producer', 'dataset_alias_example_alias_consumer' retrieved from /mnt/c/Users/teu20/Documents/Poli/Repo/eEDB011-20243/atividade 6 - WSL/airflow/airflow_env/lib/python3.10/site-packages/airflow/example_dags/example_dataset_alias.py
[2024-09-09T21:06:01.709-0300] {logging_mixin.py:190} INFO - [2024-09-09T21:06:01.708-0300] {dag.py:3229} INFO - Sync 4 DAGs
[2024-09-09T21:06:01.721-0300] {logging_mixin.py:190} INFO - [2024-09-09T21:06:01.721-0300] {dag.py:4156} INFO - Setting next_dagrun for dataset_alias_example_alias_consumer to None, run_after=None
[2024-09-09T21:06:01.724-0300] {logging_mixin.py:190} INFO - [2024-09-09T21:06:01.724-0300] {dag.py:4156} INFO - Setting next_dagrun for dataset_alias_example_alias_producer to None, run_after=None
[2024-09-09T21:06:01.726-0300] {logging_mixin.py:190} INFO - [2024-09-09T21:06:01.725-0300] {dag.py:4156} INFO - Setting next_dagrun for dataset_s3_bucket_consumer to None, run_after=None
[2024-09-09T21:06:01.728-0300] {logging_mixin.py:190} INFO - [2024-09-09T21:06:01.728-0300] {dag.py:4156} INFO - Setting next_dagrun for dataset_s3_bucket_producer to None, run_after=None
[2024-09-09T21:06:01.748-0300] {processor.py:208} INFO - Processing /mnt/c/Users/teu20/Documents/Poli/Repo/eEDB011-20243/atividade 6 - WSL/airflow/airflow_env/lib/python3.10/site-packages/airflow/example_dags/example_dataset_alias.py took 0.110 seconds
[2024-09-09T21:06:32.033-0300] {processor.py:186} INFO - Started process (PID=267957) to work on /mnt/c/Users/teu20/Documents/Poli/Repo/eEDB011-20243/atividade 6 - WSL/airflow/airflow_env/lib/python3.10/site-packages/airflow/example_dags/example_dataset_alias.py
[2024-09-09T21:06:32.034-0300] {processor.py:914} INFO - Processing file /mnt/c/Users/teu20/Documents/Poli/Repo/eEDB011-20243/atividade 6 - WSL/airflow/airflow_env/lib/python3.10/site-packages/airflow/example_dags/example_dataset_alias.py for tasks to queue
[2024-09-09T21:06:32.036-0300] {logging_mixin.py:190} INFO - [2024-09-09T21:06:32.035-0300] {dagbag.py:587} INFO - Filling up the DagBag from /mnt/c/Users/teu20/Documents/Poli/Repo/eEDB011-20243/atividade 6 - WSL/airflow/airflow_env/lib/python3.10/site-packages/airflow/example_dags/example_dataset_alias.py
[2024-09-09T21:06:32.118-0300] {processor.py:925} INFO - DAG(s) 'dataset_alias_example_alias_consumer', 'dataset_s3_bucket_producer', 'dataset_alias_example_alias_producer', 'dataset_s3_bucket_consumer' retrieved from /mnt/c/Users/teu20/Documents/Poli/Repo/eEDB011-20243/atividade 6 - WSL/airflow/airflow_env/lib/python3.10/site-packages/airflow/example_dags/example_dataset_alias.py
[2024-09-09T21:06:32.134-0300] {logging_mixin.py:190} INFO - [2024-09-09T21:06:32.133-0300] {dag.py:3229} INFO - Sync 4 DAGs
[2024-09-09T21:06:32.146-0300] {logging_mixin.py:190} INFO - [2024-09-09T21:06:32.146-0300] {dag.py:4156} INFO - Setting next_dagrun for dataset_alias_example_alias_consumer to None, run_after=None
[2024-09-09T21:06:32.149-0300] {logging_mixin.py:190} INFO - [2024-09-09T21:06:32.148-0300] {dag.py:4156} INFO - Setting next_dagrun for dataset_alias_example_alias_producer to None, run_after=None
[2024-09-09T21:06:32.151-0300] {logging_mixin.py:190} INFO - [2024-09-09T21:06:32.150-0300] {dag.py:4156} INFO - Setting next_dagrun for dataset_s3_bucket_consumer to None, run_after=None
[2024-09-09T21:06:32.153-0300] {logging_mixin.py:190} INFO - [2024-09-09T21:06:32.152-0300] {dag.py:4156} INFO - Setting next_dagrun for dataset_s3_bucket_producer to None, run_after=None
[2024-09-09T21:06:32.170-0300] {processor.py:208} INFO - Processing /mnt/c/Users/teu20/Documents/Poli/Repo/eEDB011-20243/atividade 6 - WSL/airflow/airflow_env/lib/python3.10/site-packages/airflow/example_dags/example_dataset_alias.py took 0.145 seconds
[2024-09-09T21:07:02.575-0300] {processor.py:186} INFO - Started process (PID=268583) to work on /mnt/c/Users/teu20/Documents/Poli/Repo/eEDB011-20243/atividade 6 - WSL/airflow/airflow_env/lib/python3.10/site-packages/airflow/example_dags/example_dataset_alias.py
[2024-09-09T21:07:02.576-0300] {processor.py:914} INFO - Processing file /mnt/c/Users/teu20/Documents/Poli/Repo/eEDB011-20243/atividade 6 - WSL/airflow/airflow_env/lib/python3.10/site-packages/airflow/example_dags/example_dataset_alias.py for tasks to queue
[2024-09-09T21:07:02.578-0300] {logging_mixin.py:190} INFO - [2024-09-09T21:07:02.578-0300] {dagbag.py:587} INFO - Filling up the DagBag from /mnt/c/Users/teu20/Documents/Poli/Repo/eEDB011-20243/atividade 6 - WSL/airflow/airflow_env/lib/python3.10/site-packages/airflow/example_dags/example_dataset_alias.py
[2024-09-09T21:07:02.622-0300] {processor.py:925} INFO - DAG(s) 'dataset_alias_example_alias_consumer', 'dataset_alias_example_alias_producer', 'dataset_s3_bucket_producer', 'dataset_s3_bucket_consumer' retrieved from /mnt/c/Users/teu20/Documents/Poli/Repo/eEDB011-20243/atividade 6 - WSL/airflow/airflow_env/lib/python3.10/site-packages/airflow/example_dags/example_dataset_alias.py
[2024-09-09T21:07:02.640-0300] {logging_mixin.py:190} INFO - [2024-09-09T21:07:02.639-0300] {dag.py:3229} INFO - Sync 4 DAGs
[2024-09-09T21:07:02.652-0300] {logging_mixin.py:190} INFO - [2024-09-09T21:07:02.651-0300] {dag.py:4156} INFO - Setting next_dagrun for dataset_alias_example_alias_consumer to None, run_after=None
[2024-09-09T21:07:02.655-0300] {logging_mixin.py:190} INFO - [2024-09-09T21:07:02.655-0300] {dag.py:4156} INFO - Setting next_dagrun for dataset_alias_example_alias_producer to None, run_after=None
[2024-09-09T21:07:02.658-0300] {logging_mixin.py:190} INFO - [2024-09-09T21:07:02.657-0300] {dag.py:4156} INFO - Setting next_dagrun for dataset_s3_bucket_consumer to None, run_after=None
[2024-09-09T21:07:02.660-0300] {logging_mixin.py:190} INFO - [2024-09-09T21:07:02.660-0300] {dag.py:4156} INFO - Setting next_dagrun for dataset_s3_bucket_producer to None, run_after=None
[2024-09-09T21:07:02.683-0300] {processor.py:208} INFO - Processing /mnt/c/Users/teu20/Documents/Poli/Repo/eEDB011-20243/atividade 6 - WSL/airflow/airflow_env/lib/python3.10/site-packages/airflow/example_dags/example_dataset_alias.py took 0.115 seconds
[2024-09-09T21:07:33.230-0300] {processor.py:186} INFO - Started process (PID=269256) to work on /mnt/c/Users/teu20/Documents/Poli/Repo/eEDB011-20243/atividade 6 - WSL/airflow/airflow_env/lib/python3.10/site-packages/airflow/example_dags/example_dataset_alias.py
[2024-09-09T21:07:33.231-0300] {processor.py:914} INFO - Processing file /mnt/c/Users/teu20/Documents/Poli/Repo/eEDB011-20243/atividade 6 - WSL/airflow/airflow_env/lib/python3.10/site-packages/airflow/example_dags/example_dataset_alias.py for tasks to queue
[2024-09-09T21:07:33.233-0300] {logging_mixin.py:190} INFO - [2024-09-09T21:07:33.232-0300] {dagbag.py:587} INFO - Filling up the DagBag from /mnt/c/Users/teu20/Documents/Poli/Repo/eEDB011-20243/atividade 6 - WSL/airflow/airflow_env/lib/python3.10/site-packages/airflow/example_dags/example_dataset_alias.py
[2024-09-09T21:07:33.316-0300] {processor.py:925} INFO - DAG(s) 'dataset_s3_bucket_consumer', 'dataset_alias_example_alias_producer', 'dataset_alias_example_alias_consumer', 'dataset_s3_bucket_producer' retrieved from /mnt/c/Users/teu20/Documents/Poli/Repo/eEDB011-20243/atividade 6 - WSL/airflow/airflow_env/lib/python3.10/site-packages/airflow/example_dags/example_dataset_alias.py
[2024-09-09T21:07:33.332-0300] {logging_mixin.py:190} INFO - [2024-09-09T21:07:33.332-0300] {dag.py:3229} INFO - Sync 4 DAGs
[2024-09-09T21:07:33.345-0300] {logging_mixin.py:190} INFO - [2024-09-09T21:07:33.345-0300] {dag.py:4156} INFO - Setting next_dagrun for dataset_alias_example_alias_consumer to None, run_after=None
[2024-09-09T21:07:33.348-0300] {logging_mixin.py:190} INFO - [2024-09-09T21:07:33.347-0300] {dag.py:4156} INFO - Setting next_dagrun for dataset_alias_example_alias_producer to None, run_after=None
[2024-09-09T21:07:33.350-0300] {logging_mixin.py:190} INFO - [2024-09-09T21:07:33.350-0300] {dag.py:4156} INFO - Setting next_dagrun for dataset_s3_bucket_consumer to None, run_after=None
[2024-09-09T21:07:33.352-0300] {logging_mixin.py:190} INFO - [2024-09-09T21:07:33.351-0300] {dag.py:4156} INFO - Setting next_dagrun for dataset_s3_bucket_producer to None, run_after=None
[2024-09-09T21:07:33.371-0300] {processor.py:208} INFO - Processing /mnt/c/Users/teu20/Documents/Poli/Repo/eEDB011-20243/atividade 6 - WSL/airflow/airflow_env/lib/python3.10/site-packages/airflow/example_dags/example_dataset_alias.py took 0.148 seconds
[2024-09-09T21:08:03.554-0300] {processor.py:186} INFO - Started process (PID=269750) to work on /mnt/c/Users/teu20/Documents/Poli/Repo/eEDB011-20243/atividade 6 - WSL/airflow/airflow_env/lib/python3.10/site-packages/airflow/example_dags/example_dataset_alias.py
[2024-09-09T21:08:03.555-0300] {processor.py:914} INFO - Processing file /mnt/c/Users/teu20/Documents/Poli/Repo/eEDB011-20243/atividade 6 - WSL/airflow/airflow_env/lib/python3.10/site-packages/airflow/example_dags/example_dataset_alias.py for tasks to queue
[2024-09-09T21:08:03.558-0300] {logging_mixin.py:190} INFO - [2024-09-09T21:08:03.557-0300] {dagbag.py:587} INFO - Filling up the DagBag from /mnt/c/Users/teu20/Documents/Poli/Repo/eEDB011-20243/atividade 6 - WSL/airflow/airflow_env/lib/python3.10/site-packages/airflow/example_dags/example_dataset_alias.py
[2024-09-09T21:08:03.604-0300] {processor.py:925} INFO - DAG(s) 'dataset_alias_example_alias_producer', 'dataset_s3_bucket_producer', 'dataset_s3_bucket_consumer', 'dataset_alias_example_alias_consumer' retrieved from /mnt/c/Users/teu20/Documents/Poli/Repo/eEDB011-20243/atividade 6 - WSL/airflow/airflow_env/lib/python3.10/site-packages/airflow/example_dags/example_dataset_alias.py
[2024-09-09T21:08:03.619-0300] {logging_mixin.py:190} INFO - [2024-09-09T21:08:03.619-0300] {dag.py:3229} INFO - Sync 4 DAGs
[2024-09-09T21:08:03.632-0300] {logging_mixin.py:190} INFO - [2024-09-09T21:08:03.631-0300] {dag.py:4156} INFO - Setting next_dagrun for dataset_alias_example_alias_consumer to None, run_after=None
[2024-09-09T21:08:03.635-0300] {logging_mixin.py:190} INFO - [2024-09-09T21:08:03.634-0300] {dag.py:4156} INFO - Setting next_dagrun for dataset_alias_example_alias_producer to None, run_after=None
[2024-09-09T21:08:03.637-0300] {logging_mixin.py:190} INFO - [2024-09-09T21:08:03.637-0300] {dag.py:4156} INFO - Setting next_dagrun for dataset_s3_bucket_consumer to None, run_after=None
[2024-09-09T21:08:03.639-0300] {logging_mixin.py:190} INFO - [2024-09-09T21:08:03.638-0300] {dag.py:4156} INFO - Setting next_dagrun for dataset_s3_bucket_producer to None, run_after=None
[2024-09-09T21:08:03.658-0300] {processor.py:208} INFO - Processing /mnt/c/Users/teu20/Documents/Poli/Repo/eEDB011-20243/atividade 6 - WSL/airflow/airflow_env/lib/python3.10/site-packages/airflow/example_dags/example_dataset_alias.py took 0.111 seconds
