[2024-09-09T21:00:22.079-0300] {processor.py:186} INFO - Started process (PID=261422) to work on /mnt/c/Users/teu20/Documents/Poli/Repo/eEDB011-20243/atividade 6 - WSL/airflow/airflow_env/lib/python3.10/site-packages/airflow/example_dags/example_trigger_target_dag.py
[2024-09-09T21:00:22.080-0300] {processor.py:914} INFO - Processing file /mnt/c/Users/teu20/Documents/Poli/Repo/eEDB011-20243/atividade 6 - WSL/airflow/airflow_env/lib/python3.10/site-packages/airflow/example_dags/example_trigger_target_dag.py for tasks to queue
[2024-09-09T21:00:22.082-0300] {logging_mixin.py:190} INFO - [2024-09-09T21:00:22.081-0300] {dagbag.py:587} INFO - Filling up the DagBag from /mnt/c/Users/teu20/Documents/Poli/Repo/eEDB011-20243/atividade 6 - WSL/airflow/airflow_env/lib/python3.10/site-packages/airflow/example_dags/example_trigger_target_dag.py
[2024-09-09T21:00:22.092-0300] {processor.py:925} INFO - DAG(s) 'example_trigger_target_dag' retrieved from /mnt/c/Users/teu20/Documents/Poli/Repo/eEDB011-20243/atividade 6 - WSL/airflow/airflow_env/lib/python3.10/site-packages/airflow/example_dags/example_trigger_target_dag.py
[2024-09-09T21:00:22.107-0300] {logging_mixin.py:190} INFO - [2024-09-09T21:00:22.106-0300] {dag.py:3229} INFO - Sync 1 DAGs
[2024-09-09T21:00:22.115-0300] {logging_mixin.py:190} INFO - [2024-09-09T21:00:22.114-0300] {dag.py:4156} INFO - Setting next_dagrun for example_trigger_target_dag to None, run_after=None
[2024-09-09T21:00:22.130-0300] {processor.py:208} INFO - Processing /mnt/c/Users/teu20/Documents/Poli/Repo/eEDB011-20243/atividade 6 - WSL/airflow/airflow_env/lib/python3.10/site-packages/airflow/example_dags/example_trigger_target_dag.py took 0.059 seconds
[2024-09-09T21:00:52.529-0300] {processor.py:186} INFO - Started process (PID=262074) to work on /mnt/c/Users/teu20/Documents/Poli/Repo/eEDB011-20243/atividade 6 - WSL/airflow/airflow_env/lib/python3.10/site-packages/airflow/example_dags/example_trigger_target_dag.py
[2024-09-09T21:00:52.530-0300] {processor.py:914} INFO - Processing file /mnt/c/Users/teu20/Documents/Poli/Repo/eEDB011-20243/atividade 6 - WSL/airflow/airflow_env/lib/python3.10/site-packages/airflow/example_dags/example_trigger_target_dag.py for tasks to queue
[2024-09-09T21:00:52.531-0300] {logging_mixin.py:190} INFO - [2024-09-09T21:00:52.531-0300] {dagbag.py:587} INFO - Filling up the DagBag from /mnt/c/Users/teu20/Documents/Poli/Repo/eEDB011-20243/atividade 6 - WSL/airflow/airflow_env/lib/python3.10/site-packages/airflow/example_dags/example_trigger_target_dag.py
[2024-09-09T21:00:52.543-0300] {processor.py:925} INFO - DAG(s) 'example_trigger_target_dag' retrieved from /mnt/c/Users/teu20/Documents/Poli/Repo/eEDB011-20243/atividade 6 - WSL/airflow/airflow_env/lib/python3.10/site-packages/airflow/example_dags/example_trigger_target_dag.py
[2024-09-09T21:00:52.559-0300] {logging_mixin.py:190} INFO - [2024-09-09T21:00:52.559-0300] {dag.py:3229} INFO - Sync 1 DAGs
[2024-09-09T21:00:52.567-0300] {logging_mixin.py:190} INFO - [2024-09-09T21:00:52.566-0300] {dag.py:4156} INFO - Setting next_dagrun for example_trigger_target_dag to None, run_after=None
[2024-09-09T21:00:52.581-0300] {processor.py:208} INFO - Processing /mnt/c/Users/teu20/Documents/Poli/Repo/eEDB011-20243/atividade 6 - WSL/airflow/airflow_env/lib/python3.10/site-packages/airflow/example_dags/example_trigger_target_dag.py took 0.059 seconds
[2024-09-09T21:01:23.098-0300] {processor.py:186} INFO - Started process (PID=262566) to work on /mnt/c/Users/teu20/Documents/Poli/Repo/eEDB011-20243/atividade 6 - WSL/airflow/airflow_env/lib/python3.10/site-packages/airflow/example_dags/example_trigger_target_dag.py
[2024-09-09T21:01:23.099-0300] {processor.py:914} INFO - Processing file /mnt/c/Users/teu20/Documents/Poli/Repo/eEDB011-20243/atividade 6 - WSL/airflow/airflow_env/lib/python3.10/site-packages/airflow/example_dags/example_trigger_target_dag.py for tasks to queue
[2024-09-09T21:01:23.101-0300] {logging_mixin.py:190} INFO - [2024-09-09T21:01:23.100-0300] {dagbag.py:587} INFO - Filling up the DagBag from /mnt/c/Users/teu20/Documents/Poli/Repo/eEDB011-20243/atividade 6 - WSL/airflow/airflow_env/lib/python3.10/site-packages/airflow/example_dags/example_trigger_target_dag.py
[2024-09-09T21:01:23.115-0300] {processor.py:925} INFO - DAG(s) 'example_trigger_target_dag' retrieved from /mnt/c/Users/teu20/Documents/Poli/Repo/eEDB011-20243/atividade 6 - WSL/airflow/airflow_env/lib/python3.10/site-packages/airflow/example_dags/example_trigger_target_dag.py
[2024-09-09T21:01:23.134-0300] {logging_mixin.py:190} INFO - [2024-09-09T21:01:23.133-0300] {dag.py:3229} INFO - Sync 1 DAGs
[2024-09-09T21:01:23.142-0300] {logging_mixin.py:190} INFO - [2024-09-09T21:01:23.142-0300] {dag.py:4156} INFO - Setting next_dagrun for example_trigger_target_dag to None, run_after=None
[2024-09-09T21:01:23.158-0300] {processor.py:208} INFO - Processing /mnt/c/Users/teu20/Documents/Poli/Repo/eEDB011-20243/atividade 6 - WSL/airflow/airflow_env/lib/python3.10/site-packages/airflow/example_dags/example_trigger_target_dag.py took 0.068 seconds
[2024-09-09T21:01:54.204-0300] {processor.py:186} INFO - Started process (PID=263001) to work on /mnt/c/Users/teu20/Documents/Poli/Repo/eEDB011-20243/atividade 6 - WSL/airflow/airflow_env/lib/python3.10/site-packages/airflow/example_dags/example_trigger_target_dag.py
[2024-09-09T21:01:54.205-0300] {processor.py:914} INFO - Processing file /mnt/c/Users/teu20/Documents/Poli/Repo/eEDB011-20243/atividade 6 - WSL/airflow/airflow_env/lib/python3.10/site-packages/airflow/example_dags/example_trigger_target_dag.py for tasks to queue
[2024-09-09T21:01:54.207-0300] {logging_mixin.py:190} INFO - [2024-09-09T21:01:54.206-0300] {dagbag.py:587} INFO - Filling up the DagBag from /mnt/c/Users/teu20/Documents/Poli/Repo/eEDB011-20243/atividade 6 - WSL/airflow/airflow_env/lib/python3.10/site-packages/airflow/example_dags/example_trigger_target_dag.py
[2024-09-09T21:01:54.220-0300] {processor.py:925} INFO - DAG(s) 'example_trigger_target_dag' retrieved from /mnt/c/Users/teu20/Documents/Poli/Repo/eEDB011-20243/atividade 6 - WSL/airflow/airflow_env/lib/python3.10/site-packages/airflow/example_dags/example_trigger_target_dag.py
[2024-09-09T21:01:54.238-0300] {logging_mixin.py:190} INFO - [2024-09-09T21:01:54.238-0300] {dag.py:3229} INFO - Sync 1 DAGs
[2024-09-09T21:01:54.246-0300] {logging_mixin.py:190} INFO - [2024-09-09T21:01:54.246-0300] {dag.py:4156} INFO - Setting next_dagrun for example_trigger_target_dag to None, run_after=None
[2024-09-09T21:01:54.262-0300] {processor.py:208} INFO - Processing /mnt/c/Users/teu20/Documents/Poli/Repo/eEDB011-20243/atividade 6 - WSL/airflow/airflow_env/lib/python3.10/site-packages/airflow/example_dags/example_trigger_target_dag.py took 0.065 seconds
[2024-09-09T21:02:24.607-0300] {processor.py:186} INFO - Started process (PID=263431) to work on /mnt/c/Users/teu20/Documents/Poli/Repo/eEDB011-20243/atividade 6 - WSL/airflow/airflow_env/lib/python3.10/site-packages/airflow/example_dags/example_trigger_target_dag.py
[2024-09-09T21:02:24.608-0300] {processor.py:914} INFO - Processing file /mnt/c/Users/teu20/Documents/Poli/Repo/eEDB011-20243/atividade 6 - WSL/airflow/airflow_env/lib/python3.10/site-packages/airflow/example_dags/example_trigger_target_dag.py for tasks to queue
[2024-09-09T21:02:24.609-0300] {logging_mixin.py:190} INFO - [2024-09-09T21:02:24.609-0300] {dagbag.py:587} INFO - Filling up the DagBag from /mnt/c/Users/teu20/Documents/Poli/Repo/eEDB011-20243/atividade 6 - WSL/airflow/airflow_env/lib/python3.10/site-packages/airflow/example_dags/example_trigger_target_dag.py
[2024-09-09T21:02:24.621-0300] {processor.py:925} INFO - DAG(s) 'example_trigger_target_dag' retrieved from /mnt/c/Users/teu20/Documents/Poli/Repo/eEDB011-20243/atividade 6 - WSL/airflow/airflow_env/lib/python3.10/site-packages/airflow/example_dags/example_trigger_target_dag.py
[2024-09-09T21:02:24.639-0300] {logging_mixin.py:190} INFO - [2024-09-09T21:02:24.638-0300] {dag.py:3229} INFO - Sync 1 DAGs
[2024-09-09T21:02:24.647-0300] {logging_mixin.py:190} INFO - [2024-09-09T21:02:24.646-0300] {dag.py:4156} INFO - Setting next_dagrun for example_trigger_target_dag to None, run_after=None
[2024-09-09T21:02:24.662-0300] {processor.py:208} INFO - Processing /mnt/c/Users/teu20/Documents/Poli/Repo/eEDB011-20243/atividade 6 - WSL/airflow/airflow_env/lib/python3.10/site-packages/airflow/example_dags/example_trigger_target_dag.py took 0.062 seconds
[2024-09-09T21:02:55.148-0300] {processor.py:186} INFO - Started process (PID=263862) to work on /mnt/c/Users/teu20/Documents/Poli/Repo/eEDB011-20243/atividade 6 - WSL/airflow/airflow_env/lib/python3.10/site-packages/airflow/example_dags/example_trigger_target_dag.py
[2024-09-09T21:02:55.149-0300] {processor.py:914} INFO - Processing file /mnt/c/Users/teu20/Documents/Poli/Repo/eEDB011-20243/atividade 6 - WSL/airflow/airflow_env/lib/python3.10/site-packages/airflow/example_dags/example_trigger_target_dag.py for tasks to queue
[2024-09-09T21:02:55.150-0300] {logging_mixin.py:190} INFO - [2024-09-09T21:02:55.150-0300] {dagbag.py:587} INFO - Filling up the DagBag from /mnt/c/Users/teu20/Documents/Poli/Repo/eEDB011-20243/atividade 6 - WSL/airflow/airflow_env/lib/python3.10/site-packages/airflow/example_dags/example_trigger_target_dag.py
[2024-09-09T21:02:55.163-0300] {processor.py:925} INFO - DAG(s) 'example_trigger_target_dag' retrieved from /mnt/c/Users/teu20/Documents/Poli/Repo/eEDB011-20243/atividade 6 - WSL/airflow/airflow_env/lib/python3.10/site-packages/airflow/example_dags/example_trigger_target_dag.py
[2024-09-09T21:02:55.180-0300] {logging_mixin.py:190} INFO - [2024-09-09T21:02:55.179-0300] {dag.py:3229} INFO - Sync 1 DAGs
[2024-09-09T21:02:55.187-0300] {logging_mixin.py:190} INFO - [2024-09-09T21:02:55.187-0300] {dag.py:4156} INFO - Setting next_dagrun for example_trigger_target_dag to None, run_after=None
[2024-09-09T21:02:55.201-0300] {processor.py:208} INFO - Processing /mnt/c/Users/teu20/Documents/Poli/Repo/eEDB011-20243/atividade 6 - WSL/airflow/airflow_env/lib/python3.10/site-packages/airflow/example_dags/example_trigger_target_dag.py took 0.061 seconds
[2024-09-09T21:03:25.764-0300] {processor.py:186} INFO - Started process (PID=264292) to work on /mnt/c/Users/teu20/Documents/Poli/Repo/eEDB011-20243/atividade 6 - WSL/airflow/airflow_env/lib/python3.10/site-packages/airflow/example_dags/example_trigger_target_dag.py
[2024-09-09T21:03:25.765-0300] {processor.py:914} INFO - Processing file /mnt/c/Users/teu20/Documents/Poli/Repo/eEDB011-20243/atividade 6 - WSL/airflow/airflow_env/lib/python3.10/site-packages/airflow/example_dags/example_trigger_target_dag.py for tasks to queue
[2024-09-09T21:03:25.767-0300] {logging_mixin.py:190} INFO - [2024-09-09T21:03:25.767-0300] {dagbag.py:587} INFO - Filling up the DagBag from /mnt/c/Users/teu20/Documents/Poli/Repo/eEDB011-20243/atividade 6 - WSL/airflow/airflow_env/lib/python3.10/site-packages/airflow/example_dags/example_trigger_target_dag.py
[2024-09-09T21:03:25.781-0300] {processor.py:925} INFO - DAG(s) 'example_trigger_target_dag' retrieved from /mnt/c/Users/teu20/Documents/Poli/Repo/eEDB011-20243/atividade 6 - WSL/airflow/airflow_env/lib/python3.10/site-packages/airflow/example_dags/example_trigger_target_dag.py
[2024-09-09T21:03:25.800-0300] {logging_mixin.py:190} INFO - [2024-09-09T21:03:25.800-0300] {dag.py:3229} INFO - Sync 1 DAGs
[2024-09-09T21:03:25.809-0300] {logging_mixin.py:190} INFO - [2024-09-09T21:03:25.808-0300] {dag.py:4156} INFO - Setting next_dagrun for example_trigger_target_dag to None, run_after=None
[2024-09-09T21:03:25.823-0300] {processor.py:208} INFO - Processing /mnt/c/Users/teu20/Documents/Poli/Repo/eEDB011-20243/atividade 6 - WSL/airflow/airflow_env/lib/python3.10/site-packages/airflow/example_dags/example_trigger_target_dag.py took 0.067 seconds
[2024-09-09T21:03:56.199-0300] {processor.py:186} INFO - Started process (PID=264731) to work on /mnt/c/Users/teu20/Documents/Poli/Repo/eEDB011-20243/atividade 6 - WSL/airflow/airflow_env/lib/python3.10/site-packages/airflow/example_dags/example_trigger_target_dag.py
[2024-09-09T21:03:56.200-0300] {processor.py:914} INFO - Processing file /mnt/c/Users/teu20/Documents/Poli/Repo/eEDB011-20243/atividade 6 - WSL/airflow/airflow_env/lib/python3.10/site-packages/airflow/example_dags/example_trigger_target_dag.py for tasks to queue
[2024-09-09T21:03:56.202-0300] {logging_mixin.py:190} INFO - [2024-09-09T21:03:56.201-0300] {dagbag.py:587} INFO - Filling up the DagBag from /mnt/c/Users/teu20/Documents/Poli/Repo/eEDB011-20243/atividade 6 - WSL/airflow/airflow_env/lib/python3.10/site-packages/airflow/example_dags/example_trigger_target_dag.py
[2024-09-09T21:03:56.213-0300] {processor.py:925} INFO - DAG(s) 'example_trigger_target_dag' retrieved from /mnt/c/Users/teu20/Documents/Poli/Repo/eEDB011-20243/atividade 6 - WSL/airflow/airflow_env/lib/python3.10/site-packages/airflow/example_dags/example_trigger_target_dag.py
[2024-09-09T21:03:56.230-0300] {logging_mixin.py:190} INFO - [2024-09-09T21:03:56.230-0300] {dag.py:3229} INFO - Sync 1 DAGs
[2024-09-09T21:03:56.239-0300] {logging_mixin.py:190} INFO - [2024-09-09T21:03:56.238-0300] {dag.py:4156} INFO - Setting next_dagrun for example_trigger_target_dag to None, run_after=None
[2024-09-09T21:03:56.254-0300] {processor.py:208} INFO - Processing /mnt/c/Users/teu20/Documents/Poli/Repo/eEDB011-20243/atividade 6 - WSL/airflow/airflow_env/lib/python3.10/site-packages/airflow/example_dags/example_trigger_target_dag.py took 0.063 seconds
[2024-09-09T21:04:26.576-0300] {processor.py:186} INFO - Started process (PID=265160) to work on /mnt/c/Users/teu20/Documents/Poli/Repo/eEDB011-20243/atividade 6 - WSL/airflow/airflow_env/lib/python3.10/site-packages/airflow/example_dags/example_trigger_target_dag.py
[2024-09-09T21:04:26.577-0300] {processor.py:914} INFO - Processing file /mnt/c/Users/teu20/Documents/Poli/Repo/eEDB011-20243/atividade 6 - WSL/airflow/airflow_env/lib/python3.10/site-packages/airflow/example_dags/example_trigger_target_dag.py for tasks to queue
[2024-09-09T21:04:26.579-0300] {logging_mixin.py:190} INFO - [2024-09-09T21:04:26.579-0300] {dagbag.py:587} INFO - Filling up the DagBag from /mnt/c/Users/teu20/Documents/Poli/Repo/eEDB011-20243/atividade 6 - WSL/airflow/airflow_env/lib/python3.10/site-packages/airflow/example_dags/example_trigger_target_dag.py
[2024-09-09T21:04:26.591-0300] {processor.py:925} INFO - DAG(s) 'example_trigger_target_dag' retrieved from /mnt/c/Users/teu20/Documents/Poli/Repo/eEDB011-20243/atividade 6 - WSL/airflow/airflow_env/lib/python3.10/site-packages/airflow/example_dags/example_trigger_target_dag.py
[2024-09-09T21:04:26.610-0300] {logging_mixin.py:190} INFO - [2024-09-09T21:04:26.609-0300] {dag.py:3229} INFO - Sync 1 DAGs
[2024-09-09T21:04:26.619-0300] {logging_mixin.py:190} INFO - [2024-09-09T21:04:26.618-0300] {dag.py:4156} INFO - Setting next_dagrun for example_trigger_target_dag to None, run_after=None
[2024-09-09T21:04:26.635-0300] {processor.py:208} INFO - Processing /mnt/c/Users/teu20/Documents/Poli/Repo/eEDB011-20243/atividade 6 - WSL/airflow/airflow_env/lib/python3.10/site-packages/airflow/example_dags/example_trigger_target_dag.py took 0.067 seconds
[2024-09-09T21:04:56.970-0300] {processor.py:186} INFO - Started process (PID=266313) to work on /mnt/c/Users/teu20/Documents/Poli/Repo/eEDB011-20243/atividade 6 - WSL/airflow/airflow_env/lib/python3.10/site-packages/airflow/example_dags/example_trigger_target_dag.py
[2024-09-09T21:04:56.971-0300] {processor.py:914} INFO - Processing file /mnt/c/Users/teu20/Documents/Poli/Repo/eEDB011-20243/atividade 6 - WSL/airflow/airflow_env/lib/python3.10/site-packages/airflow/example_dags/example_trigger_target_dag.py for tasks to queue
[2024-09-09T21:04:56.973-0300] {logging_mixin.py:190} INFO - [2024-09-09T21:04:56.972-0300] {dagbag.py:587} INFO - Filling up the DagBag from /mnt/c/Users/teu20/Documents/Poli/Repo/eEDB011-20243/atividade 6 - WSL/airflow/airflow_env/lib/python3.10/site-packages/airflow/example_dags/example_trigger_target_dag.py
[2024-09-09T21:04:56.986-0300] {processor.py:925} INFO - DAG(s) 'example_trigger_target_dag' retrieved from /mnt/c/Users/teu20/Documents/Poli/Repo/eEDB011-20243/atividade 6 - WSL/airflow/airflow_env/lib/python3.10/site-packages/airflow/example_dags/example_trigger_target_dag.py
[2024-09-09T21:04:57.003-0300] {logging_mixin.py:190} INFO - [2024-09-09T21:04:57.003-0300] {dag.py:3229} INFO - Sync 1 DAGs
[2024-09-09T21:04:57.011-0300] {logging_mixin.py:190} INFO - [2024-09-09T21:04:57.010-0300] {dag.py:4156} INFO - Setting next_dagrun for example_trigger_target_dag to None, run_after=None
[2024-09-09T21:04:57.026-0300] {processor.py:208} INFO - Processing /mnt/c/Users/teu20/Documents/Poli/Repo/eEDB011-20243/atividade 6 - WSL/airflow/airflow_env/lib/python3.10/site-packages/airflow/example_dags/example_trigger_target_dag.py took 0.063 seconds
[2024-09-09T21:05:27.366-0300] {processor.py:186} INFO - Started process (PID=266908) to work on /mnt/c/Users/teu20/Documents/Poli/Repo/eEDB011-20243/atividade 6 - WSL/airflow/airflow_env/lib/python3.10/site-packages/airflow/example_dags/example_trigger_target_dag.py
[2024-09-09T21:05:27.367-0300] {processor.py:914} INFO - Processing file /mnt/c/Users/teu20/Documents/Poli/Repo/eEDB011-20243/atividade 6 - WSL/airflow/airflow_env/lib/python3.10/site-packages/airflow/example_dags/example_trigger_target_dag.py for tasks to queue
[2024-09-09T21:05:27.369-0300] {logging_mixin.py:190} INFO - [2024-09-09T21:05:27.368-0300] {dagbag.py:587} INFO - Filling up the DagBag from /mnt/c/Users/teu20/Documents/Poli/Repo/eEDB011-20243/atividade 6 - WSL/airflow/airflow_env/lib/python3.10/site-packages/airflow/example_dags/example_trigger_target_dag.py
[2024-09-09T21:05:27.381-0300] {processor.py:925} INFO - DAG(s) 'example_trigger_target_dag' retrieved from /mnt/c/Users/teu20/Documents/Poli/Repo/eEDB011-20243/atividade 6 - WSL/airflow/airflow_env/lib/python3.10/site-packages/airflow/example_dags/example_trigger_target_dag.py
[2024-09-09T21:05:27.398-0300] {logging_mixin.py:190} INFO - [2024-09-09T21:05:27.397-0300] {dag.py:3229} INFO - Sync 1 DAGs
[2024-09-09T21:05:27.406-0300] {logging_mixin.py:190} INFO - [2024-09-09T21:05:27.405-0300] {dag.py:4156} INFO - Setting next_dagrun for example_trigger_target_dag to None, run_after=None
[2024-09-09T21:05:27.420-0300] {processor.py:208} INFO - Processing /mnt/c/Users/teu20/Documents/Poli/Repo/eEDB011-20243/atividade 6 - WSL/airflow/airflow_env/lib/python3.10/site-packages/airflow/example_dags/example_trigger_target_dag.py took 0.062 seconds
[2024-09-09T21:05:57.970-0300] {processor.py:186} INFO - Started process (PID=267341) to work on /mnt/c/Users/teu20/Documents/Poli/Repo/eEDB011-20243/atividade 6 - WSL/airflow/airflow_env/lib/python3.10/site-packages/airflow/example_dags/example_trigger_target_dag.py
[2024-09-09T21:05:57.971-0300] {processor.py:914} INFO - Processing file /mnt/c/Users/teu20/Documents/Poli/Repo/eEDB011-20243/atividade 6 - WSL/airflow/airflow_env/lib/python3.10/site-packages/airflow/example_dags/example_trigger_target_dag.py for tasks to queue
[2024-09-09T21:05:57.973-0300] {logging_mixin.py:190} INFO - [2024-09-09T21:05:57.972-0300] {dagbag.py:587} INFO - Filling up the DagBag from /mnt/c/Users/teu20/Documents/Poli/Repo/eEDB011-20243/atividade 6 - WSL/airflow/airflow_env/lib/python3.10/site-packages/airflow/example_dags/example_trigger_target_dag.py
[2024-09-09T21:05:57.985-0300] {processor.py:925} INFO - DAG(s) 'example_trigger_target_dag' retrieved from /mnt/c/Users/teu20/Documents/Poli/Repo/eEDB011-20243/atividade 6 - WSL/airflow/airflow_env/lib/python3.10/site-packages/airflow/example_dags/example_trigger_target_dag.py
[2024-09-09T21:05:58.002-0300] {logging_mixin.py:190} INFO - [2024-09-09T21:05:58.001-0300] {dag.py:3229} INFO - Sync 1 DAGs
[2024-09-09T21:05:58.010-0300] {logging_mixin.py:190} INFO - [2024-09-09T21:05:58.009-0300] {dag.py:4156} INFO - Setting next_dagrun for example_trigger_target_dag to None, run_after=None
[2024-09-09T21:05:58.024-0300] {processor.py:208} INFO - Processing /mnt/c/Users/teu20/Documents/Poli/Repo/eEDB011-20243/atividade 6 - WSL/airflow/airflow_env/lib/python3.10/site-packages/airflow/example_dags/example_trigger_target_dag.py took 0.061 seconds
[2024-09-09T21:06:28.639-0300] {processor.py:186} INFO - Started process (PID=267795) to work on /mnt/c/Users/teu20/Documents/Poli/Repo/eEDB011-20243/atividade 6 - WSL/airflow/airflow_env/lib/python3.10/site-packages/airflow/example_dags/example_trigger_target_dag.py
[2024-09-09T21:06:28.640-0300] {processor.py:914} INFO - Processing file /mnt/c/Users/teu20/Documents/Poli/Repo/eEDB011-20243/atividade 6 - WSL/airflow/airflow_env/lib/python3.10/site-packages/airflow/example_dags/example_trigger_target_dag.py for tasks to queue
[2024-09-09T21:06:28.643-0300] {logging_mixin.py:190} INFO - [2024-09-09T21:06:28.642-0300] {dagbag.py:587} INFO - Filling up the DagBag from /mnt/c/Users/teu20/Documents/Poli/Repo/eEDB011-20243/atividade 6 - WSL/airflow/airflow_env/lib/python3.10/site-packages/airflow/example_dags/example_trigger_target_dag.py
[2024-09-09T21:06:28.661-0300] {processor.py:925} INFO - DAG(s) 'example_trigger_target_dag' retrieved from /mnt/c/Users/teu20/Documents/Poli/Repo/eEDB011-20243/atividade 6 - WSL/airflow/airflow_env/lib/python3.10/site-packages/airflow/example_dags/example_trigger_target_dag.py
[2024-09-09T21:06:28.682-0300] {logging_mixin.py:190} INFO - [2024-09-09T21:06:28.682-0300] {dag.py:3229} INFO - Sync 1 DAGs
[2024-09-09T21:06:28.693-0300] {logging_mixin.py:190} INFO - [2024-09-09T21:06:28.692-0300] {dag.py:4156} INFO - Setting next_dagrun for example_trigger_target_dag to None, run_after=None
[2024-09-09T21:06:28.709-0300] {processor.py:208} INFO - Processing /mnt/c/Users/teu20/Documents/Poli/Repo/eEDB011-20243/atividade 6 - WSL/airflow/airflow_env/lib/python3.10/site-packages/airflow/example_dags/example_trigger_target_dag.py took 0.082 seconds
[2024-09-09T21:06:58.950-0300] {processor.py:186} INFO - Started process (PID=268414) to work on /mnt/c/Users/teu20/Documents/Poli/Repo/eEDB011-20243/atividade 6 - WSL/airflow/airflow_env/lib/python3.10/site-packages/airflow/example_dags/example_trigger_target_dag.py
[2024-09-09T21:06:58.951-0300] {processor.py:914} INFO - Processing file /mnt/c/Users/teu20/Documents/Poli/Repo/eEDB011-20243/atividade 6 - WSL/airflow/airflow_env/lib/python3.10/site-packages/airflow/example_dags/example_trigger_target_dag.py for tasks to queue
[2024-09-09T21:06:58.952-0300] {logging_mixin.py:190} INFO - [2024-09-09T21:06:58.952-0300] {dagbag.py:587} INFO - Filling up the DagBag from /mnt/c/Users/teu20/Documents/Poli/Repo/eEDB011-20243/atividade 6 - WSL/airflow/airflow_env/lib/python3.10/site-packages/airflow/example_dags/example_trigger_target_dag.py
[2024-09-09T21:06:58.964-0300] {processor.py:925} INFO - DAG(s) 'example_trigger_target_dag' retrieved from /mnt/c/Users/teu20/Documents/Poli/Repo/eEDB011-20243/atividade 6 - WSL/airflow/airflow_env/lib/python3.10/site-packages/airflow/example_dags/example_trigger_target_dag.py
[2024-09-09T21:06:58.980-0300] {logging_mixin.py:190} INFO - [2024-09-09T21:06:58.979-0300] {dag.py:3229} INFO - Sync 1 DAGs
[2024-09-09T21:06:58.988-0300] {logging_mixin.py:190} INFO - [2024-09-09T21:06:58.987-0300] {dag.py:4156} INFO - Setting next_dagrun for example_trigger_target_dag to None, run_after=None
[2024-09-09T21:06:59.003-0300] {processor.py:208} INFO - Processing /mnt/c/Users/teu20/Documents/Poli/Repo/eEDB011-20243/atividade 6 - WSL/airflow/airflow_env/lib/python3.10/site-packages/airflow/example_dags/example_trigger_target_dag.py took 0.061 seconds
[2024-09-09T21:07:29.385-0300] {processor.py:186} INFO - Started process (PID=269084) to work on /mnt/c/Users/teu20/Documents/Poli/Repo/eEDB011-20243/atividade 6 - WSL/airflow/airflow_env/lib/python3.10/site-packages/airflow/example_dags/example_trigger_target_dag.py
[2024-09-09T21:07:29.386-0300] {processor.py:914} INFO - Processing file /mnt/c/Users/teu20/Documents/Poli/Repo/eEDB011-20243/atividade 6 - WSL/airflow/airflow_env/lib/python3.10/site-packages/airflow/example_dags/example_trigger_target_dag.py for tasks to queue
[2024-09-09T21:07:29.388-0300] {logging_mixin.py:190} INFO - [2024-09-09T21:07:29.387-0300] {dagbag.py:587} INFO - Filling up the DagBag from /mnt/c/Users/teu20/Documents/Poli/Repo/eEDB011-20243/atividade 6 - WSL/airflow/airflow_env/lib/python3.10/site-packages/airflow/example_dags/example_trigger_target_dag.py
[2024-09-09T21:07:29.401-0300] {processor.py:925} INFO - DAG(s) 'example_trigger_target_dag' retrieved from /mnt/c/Users/teu20/Documents/Poli/Repo/eEDB011-20243/atividade 6 - WSL/airflow/airflow_env/lib/python3.10/site-packages/airflow/example_dags/example_trigger_target_dag.py
[2024-09-09T21:07:29.422-0300] {logging_mixin.py:190} INFO - [2024-09-09T21:07:29.421-0300] {dag.py:3229} INFO - Sync 1 DAGs
[2024-09-09T21:07:29.432-0300] {logging_mixin.py:190} INFO - [2024-09-09T21:07:29.432-0300] {dag.py:4156} INFO - Setting next_dagrun for example_trigger_target_dag to None, run_after=None
[2024-09-09T21:07:29.450-0300] {processor.py:208} INFO - Processing /mnt/c/Users/teu20/Documents/Poli/Repo/eEDB011-20243/atividade 6 - WSL/airflow/airflow_env/lib/python3.10/site-packages/airflow/example_dags/example_trigger_target_dag.py took 0.072 seconds
[2024-09-09T21:07:59.968-0300] {processor.py:186} INFO - Started process (PID=269581) to work on /mnt/c/Users/teu20/Documents/Poli/Repo/eEDB011-20243/atividade 6 - WSL/airflow/airflow_env/lib/python3.10/site-packages/airflow/example_dags/example_trigger_target_dag.py
[2024-09-09T21:07:59.969-0300] {processor.py:914} INFO - Processing file /mnt/c/Users/teu20/Documents/Poli/Repo/eEDB011-20243/atividade 6 - WSL/airflow/airflow_env/lib/python3.10/site-packages/airflow/example_dags/example_trigger_target_dag.py for tasks to queue
[2024-09-09T21:07:59.971-0300] {logging_mixin.py:190} INFO - [2024-09-09T21:07:59.970-0300] {dagbag.py:587} INFO - Filling up the DagBag from /mnt/c/Users/teu20/Documents/Poli/Repo/eEDB011-20243/atividade 6 - WSL/airflow/airflow_env/lib/python3.10/site-packages/airflow/example_dags/example_trigger_target_dag.py
[2024-09-09T21:07:59.982-0300] {processor.py:925} INFO - DAG(s) 'example_trigger_target_dag' retrieved from /mnt/c/Users/teu20/Documents/Poli/Repo/eEDB011-20243/atividade 6 - WSL/airflow/airflow_env/lib/python3.10/site-packages/airflow/example_dags/example_trigger_target_dag.py
[2024-09-09T21:08:00.001-0300] {logging_mixin.py:190} INFO - [2024-09-09T21:08:00.001-0300] {dag.py:3229} INFO - Sync 1 DAGs
[2024-09-09T21:08:00.011-0300] {logging_mixin.py:190} INFO - [2024-09-09T21:08:00.010-0300] {dag.py:4156} INFO - Setting next_dagrun for example_trigger_target_dag to None, run_after=None
[2024-09-09T21:08:00.028-0300] {processor.py:208} INFO - Processing /mnt/c/Users/teu20/Documents/Poli/Repo/eEDB011-20243/atividade 6 - WSL/airflow/airflow_env/lib/python3.10/site-packages/airflow/example_dags/example_trigger_target_dag.py took 0.068 seconds
