[2024-09-09T21:00:23.501-0300] {processor.py:186} INFO - Started process (PID=261508) to work on /mnt/c/Users/teu20/Documents/Poli/Repo/eEDB011-20243/atividade 6 - WSL/airflow/airflow_env/lib/python3.10/site-packages/airflow/example_dags/example_python_decorator.py
[2024-09-09T21:00:23.502-0300] {processor.py:914} INFO - Processing file /mnt/c/Users/teu20/Documents/Poli/Repo/eEDB011-20243/atividade 6 - WSL/airflow/airflow_env/lib/python3.10/site-packages/airflow/example_dags/example_python_decorator.py for tasks to queue
[2024-09-09T21:00:23.504-0300] {logging_mixin.py:190} INFO - [2024-09-09T21:00:23.503-0300] {dagbag.py:587} INFO - Filling up the DagBag from /mnt/c/Users/teu20/Documents/Poli/Repo/eEDB011-20243/atividade 6 - WSL/airflow/airflow_env/lib/python3.10/site-packages/airflow/example_dags/example_python_decorator.py
[2024-09-09T21:00:23.549-0300] {logging_mixin.py:190} INFO - [2024-09-09T21:00:23.548-0300] {example_python_decorator.py:80} WARNING - The virtalenv_python example task requires virtualenv, please install it.
[2024-09-09T21:00:23.549-0300] {processor.py:925} INFO - DAG(s) 'example_python_decorator' retrieved from /mnt/c/Users/teu20/Documents/Poli/Repo/eEDB011-20243/atividade 6 - WSL/airflow/airflow_env/lib/python3.10/site-packages/airflow/example_dags/example_python_decorator.py
[2024-09-09T21:00:23.568-0300] {logging_mixin.py:190} INFO - [2024-09-09T21:00:23.567-0300] {dag.py:3229} INFO - Sync 1 DAGs
[2024-09-09T21:00:23.577-0300] {logging_mixin.py:190} INFO - [2024-09-09T21:00:23.576-0300] {dag.py:4156} INFO - Setting next_dagrun for example_python_decorator to None, run_after=None
[2024-09-09T21:00:23.591-0300] {processor.py:208} INFO - Processing /mnt/c/Users/teu20/Documents/Poli/Repo/eEDB011-20243/atividade 6 - WSL/airflow/airflow_env/lib/python3.10/site-packages/airflow/example_dags/example_python_decorator.py took 0.097 seconds
[2024-09-09T21:00:54.037-0300] {processor.py:186} INFO - Started process (PID=262216) to work on /mnt/c/Users/teu20/Documents/Poli/Repo/eEDB011-20243/atividade 6 - WSL/airflow/airflow_env/lib/python3.10/site-packages/airflow/example_dags/example_python_decorator.py
[2024-09-09T21:00:54.038-0300] {processor.py:914} INFO - Processing file /mnt/c/Users/teu20/Documents/Poli/Repo/eEDB011-20243/atividade 6 - WSL/airflow/airflow_env/lib/python3.10/site-packages/airflow/example_dags/example_python_decorator.py for tasks to queue
[2024-09-09T21:00:54.040-0300] {logging_mixin.py:190} INFO - [2024-09-09T21:00:54.039-0300] {dagbag.py:587} INFO - Filling up the DagBag from /mnt/c/Users/teu20/Documents/Poli/Repo/eEDB011-20243/atividade 6 - WSL/airflow/airflow_env/lib/python3.10/site-packages/airflow/example_dags/example_python_decorator.py
[2024-09-09T21:00:54.086-0300] {logging_mixin.py:190} INFO - [2024-09-09T21:00:54.085-0300] {example_python_decorator.py:80} WARNING - The virtalenv_python example task requires virtualenv, please install it.
[2024-09-09T21:00:54.087-0300] {processor.py:925} INFO - DAG(s) 'example_python_decorator' retrieved from /mnt/c/Users/teu20/Documents/Poli/Repo/eEDB011-20243/atividade 6 - WSL/airflow/airflow_env/lib/python3.10/site-packages/airflow/example_dags/example_python_decorator.py
[2024-09-09T21:00:54.106-0300] {logging_mixin.py:190} INFO - [2024-09-09T21:00:54.105-0300] {dag.py:3229} INFO - Sync 1 DAGs
[2024-09-09T21:00:54.113-0300] {logging_mixin.py:190} INFO - [2024-09-09T21:00:54.113-0300] {dag.py:4156} INFO - Setting next_dagrun for example_python_decorator to None, run_after=None
[2024-09-09T21:00:54.127-0300] {processor.py:208} INFO - Processing /mnt/c/Users/teu20/Documents/Poli/Repo/eEDB011-20243/atividade 6 - WSL/airflow/airflow_env/lib/python3.10/site-packages/airflow/example_dags/example_python_decorator.py took 0.098 seconds
[2024-09-09T21:01:24.374-0300] {processor.py:186} INFO - Started process (PID=262644) to work on /mnt/c/Users/teu20/Documents/Poli/Repo/eEDB011-20243/atividade 6 - WSL/airflow/airflow_env/lib/python3.10/site-packages/airflow/example_dags/example_python_decorator.py
[2024-09-09T21:01:24.375-0300] {processor.py:914} INFO - Processing file /mnt/c/Users/teu20/Documents/Poli/Repo/eEDB011-20243/atividade 6 - WSL/airflow/airflow_env/lib/python3.10/site-packages/airflow/example_dags/example_python_decorator.py for tasks to queue
[2024-09-09T21:01:24.377-0300] {logging_mixin.py:190} INFO - [2024-09-09T21:01:24.376-0300] {dagbag.py:587} INFO - Filling up the DagBag from /mnt/c/Users/teu20/Documents/Poli/Repo/eEDB011-20243/atividade 6 - WSL/airflow/airflow_env/lib/python3.10/site-packages/airflow/example_dags/example_python_decorator.py
[2024-09-09T21:01:24.423-0300] {logging_mixin.py:190} INFO - [2024-09-09T21:01:24.423-0300] {example_python_decorator.py:80} WARNING - The virtalenv_python example task requires virtualenv, please install it.
[2024-09-09T21:01:24.424-0300] {processor.py:925} INFO - DAG(s) 'example_python_decorator' retrieved from /mnt/c/Users/teu20/Documents/Poli/Repo/eEDB011-20243/atividade 6 - WSL/airflow/airflow_env/lib/python3.10/site-packages/airflow/example_dags/example_python_decorator.py
[2024-09-09T21:01:24.443-0300] {logging_mixin.py:190} INFO - [2024-09-09T21:01:24.442-0300] {dag.py:3229} INFO - Sync 1 DAGs
[2024-09-09T21:01:24.451-0300] {logging_mixin.py:190} INFO - [2024-09-09T21:01:24.451-0300] {dag.py:4156} INFO - Setting next_dagrun for example_python_decorator to None, run_after=None
[2024-09-09T21:01:24.466-0300] {processor.py:208} INFO - Processing /mnt/c/Users/teu20/Documents/Poli/Repo/eEDB011-20243/atividade 6 - WSL/airflow/airflow_env/lib/python3.10/site-packages/airflow/example_dags/example_python_decorator.py took 0.100 seconds
[2024-09-09T21:01:55.226-0300] {processor.py:186} INFO - Started process (PID=263078) to work on /mnt/c/Users/teu20/Documents/Poli/Repo/eEDB011-20243/atividade 6 - WSL/airflow/airflow_env/lib/python3.10/site-packages/airflow/example_dags/example_python_decorator.py
[2024-09-09T21:01:55.227-0300] {processor.py:914} INFO - Processing file /mnt/c/Users/teu20/Documents/Poli/Repo/eEDB011-20243/atividade 6 - WSL/airflow/airflow_env/lib/python3.10/site-packages/airflow/example_dags/example_python_decorator.py for tasks to queue
[2024-09-09T21:01:55.229-0300] {logging_mixin.py:190} INFO - [2024-09-09T21:01:55.228-0300] {dagbag.py:587} INFO - Filling up the DagBag from /mnt/c/Users/teu20/Documents/Poli/Repo/eEDB011-20243/atividade 6 - WSL/airflow/airflow_env/lib/python3.10/site-packages/airflow/example_dags/example_python_decorator.py
[2024-09-09T21:01:55.274-0300] {logging_mixin.py:190} INFO - [2024-09-09T21:01:55.273-0300] {example_python_decorator.py:80} WARNING - The virtalenv_python example task requires virtualenv, please install it.
[2024-09-09T21:01:55.275-0300] {processor.py:925} INFO - DAG(s) 'example_python_decorator' retrieved from /mnt/c/Users/teu20/Documents/Poli/Repo/eEDB011-20243/atividade 6 - WSL/airflow/airflow_env/lib/python3.10/site-packages/airflow/example_dags/example_python_decorator.py
[2024-09-09T21:01:55.294-0300] {logging_mixin.py:190} INFO - [2024-09-09T21:01:55.293-0300] {dag.py:3229} INFO - Sync 1 DAGs
[2024-09-09T21:01:55.302-0300] {logging_mixin.py:190} INFO - [2024-09-09T21:01:55.301-0300] {dag.py:4156} INFO - Setting next_dagrun for example_python_decorator to None, run_after=None
[2024-09-09T21:01:55.317-0300] {processor.py:208} INFO - Processing /mnt/c/Users/teu20/Documents/Poli/Repo/eEDB011-20243/atividade 6 - WSL/airflow/airflow_env/lib/python3.10/site-packages/airflow/example_dags/example_python_decorator.py took 0.099 seconds
[2024-09-09T21:02:25.855-0300] {processor.py:186} INFO - Started process (PID=263511) to work on /mnt/c/Users/teu20/Documents/Poli/Repo/eEDB011-20243/atividade 6 - WSL/airflow/airflow_env/lib/python3.10/site-packages/airflow/example_dags/example_python_decorator.py
[2024-09-09T21:02:25.856-0300] {processor.py:914} INFO - Processing file /mnt/c/Users/teu20/Documents/Poli/Repo/eEDB011-20243/atividade 6 - WSL/airflow/airflow_env/lib/python3.10/site-packages/airflow/example_dags/example_python_decorator.py for tasks to queue
[2024-09-09T21:02:25.858-0300] {logging_mixin.py:190} INFO - [2024-09-09T21:02:25.857-0300] {dagbag.py:587} INFO - Filling up the DagBag from /mnt/c/Users/teu20/Documents/Poli/Repo/eEDB011-20243/atividade 6 - WSL/airflow/airflow_env/lib/python3.10/site-packages/airflow/example_dags/example_python_decorator.py
[2024-09-09T21:02:25.903-0300] {logging_mixin.py:190} INFO - [2024-09-09T21:02:25.902-0300] {example_python_decorator.py:80} WARNING - The virtalenv_python example task requires virtualenv, please install it.
[2024-09-09T21:02:25.903-0300] {processor.py:925} INFO - DAG(s) 'example_python_decorator' retrieved from /mnt/c/Users/teu20/Documents/Poli/Repo/eEDB011-20243/atividade 6 - WSL/airflow/airflow_env/lib/python3.10/site-packages/airflow/example_dags/example_python_decorator.py
[2024-09-09T21:02:25.921-0300] {logging_mixin.py:190} INFO - [2024-09-09T21:02:25.920-0300] {dag.py:3229} INFO - Sync 1 DAGs
[2024-09-09T21:02:25.929-0300] {logging_mixin.py:190} INFO - [2024-09-09T21:02:25.928-0300] {dag.py:4156} INFO - Setting next_dagrun for example_python_decorator to None, run_after=None
[2024-09-09T21:02:25.943-0300] {processor.py:208} INFO - Processing /mnt/c/Users/teu20/Documents/Poli/Repo/eEDB011-20243/atividade 6 - WSL/airflow/airflow_env/lib/python3.10/site-packages/airflow/example_dags/example_python_decorator.py took 0.095 seconds
[2024-09-09T21:02:56.395-0300] {processor.py:186} INFO - Started process (PID=263941) to work on /mnt/c/Users/teu20/Documents/Poli/Repo/eEDB011-20243/atividade 6 - WSL/airflow/airflow_env/lib/python3.10/site-packages/airflow/example_dags/example_python_decorator.py
[2024-09-09T21:02:56.396-0300] {processor.py:914} INFO - Processing file /mnt/c/Users/teu20/Documents/Poli/Repo/eEDB011-20243/atividade 6 - WSL/airflow/airflow_env/lib/python3.10/site-packages/airflow/example_dags/example_python_decorator.py for tasks to queue
[2024-09-09T21:02:56.398-0300] {logging_mixin.py:190} INFO - [2024-09-09T21:02:56.397-0300] {dagbag.py:587} INFO - Filling up the DagBag from /mnt/c/Users/teu20/Documents/Poli/Repo/eEDB011-20243/atividade 6 - WSL/airflow/airflow_env/lib/python3.10/site-packages/airflow/example_dags/example_python_decorator.py
[2024-09-09T21:02:56.442-0300] {logging_mixin.py:190} INFO - [2024-09-09T21:02:56.441-0300] {example_python_decorator.py:80} WARNING - The virtalenv_python example task requires virtualenv, please install it.
[2024-09-09T21:02:56.443-0300] {processor.py:925} INFO - DAG(s) 'example_python_decorator' retrieved from /mnt/c/Users/teu20/Documents/Poli/Repo/eEDB011-20243/atividade 6 - WSL/airflow/airflow_env/lib/python3.10/site-packages/airflow/example_dags/example_python_decorator.py
[2024-09-09T21:02:56.461-0300] {logging_mixin.py:190} INFO - [2024-09-09T21:02:56.460-0300] {dag.py:3229} INFO - Sync 1 DAGs
[2024-09-09T21:02:56.469-0300] {logging_mixin.py:190} INFO - [2024-09-09T21:02:56.468-0300] {dag.py:4156} INFO - Setting next_dagrun for example_python_decorator to None, run_after=None
[2024-09-09T21:02:56.483-0300] {processor.py:208} INFO - Processing /mnt/c/Users/teu20/Documents/Poli/Repo/eEDB011-20243/atividade 6 - WSL/airflow/airflow_env/lib/python3.10/site-packages/airflow/example_dags/example_python_decorator.py took 0.096 seconds
[2024-09-09T21:03:26.972-0300] {processor.py:186} INFO - Started process (PID=264374) to work on /mnt/c/Users/teu20/Documents/Poli/Repo/eEDB011-20243/atividade 6 - WSL/airflow/airflow_env/lib/python3.10/site-packages/airflow/example_dags/example_python_decorator.py
[2024-09-09T21:03:26.973-0300] {processor.py:914} INFO - Processing file /mnt/c/Users/teu20/Documents/Poli/Repo/eEDB011-20243/atividade 6 - WSL/airflow/airflow_env/lib/python3.10/site-packages/airflow/example_dags/example_python_decorator.py for tasks to queue
[2024-09-09T21:03:26.975-0300] {logging_mixin.py:190} INFO - [2024-09-09T21:03:26.974-0300] {dagbag.py:587} INFO - Filling up the DagBag from /mnt/c/Users/teu20/Documents/Poli/Repo/eEDB011-20243/atividade 6 - WSL/airflow/airflow_env/lib/python3.10/site-packages/airflow/example_dags/example_python_decorator.py
[2024-09-09T21:03:27.019-0300] {logging_mixin.py:190} INFO - [2024-09-09T21:03:27.018-0300] {example_python_decorator.py:80} WARNING - The virtalenv_python example task requires virtualenv, please install it.
[2024-09-09T21:03:27.019-0300] {processor.py:925} INFO - DAG(s) 'example_python_decorator' retrieved from /mnt/c/Users/teu20/Documents/Poli/Repo/eEDB011-20243/atividade 6 - WSL/airflow/airflow_env/lib/python3.10/site-packages/airflow/example_dags/example_python_decorator.py
[2024-09-09T21:03:27.037-0300] {logging_mixin.py:190} INFO - [2024-09-09T21:03:27.036-0300] {dag.py:3229} INFO - Sync 1 DAGs
[2024-09-09T21:03:27.045-0300] {logging_mixin.py:190} INFO - [2024-09-09T21:03:27.044-0300] {dag.py:4156} INFO - Setting next_dagrun for example_python_decorator to None, run_after=None
[2024-09-09T21:03:27.059-0300] {processor.py:208} INFO - Processing /mnt/c/Users/teu20/Documents/Poli/Repo/eEDB011-20243/atividade 6 - WSL/airflow/airflow_env/lib/python3.10/site-packages/airflow/example_dags/example_python_decorator.py took 0.094 seconds
[2024-09-09T21:03:57.586-0300] {processor.py:186} INFO - Started process (PID=264813) to work on /mnt/c/Users/teu20/Documents/Poli/Repo/eEDB011-20243/atividade 6 - WSL/airflow/airflow_env/lib/python3.10/site-packages/airflow/example_dags/example_python_decorator.py
[2024-09-09T21:03:57.587-0300] {processor.py:914} INFO - Processing file /mnt/c/Users/teu20/Documents/Poli/Repo/eEDB011-20243/atividade 6 - WSL/airflow/airflow_env/lib/python3.10/site-packages/airflow/example_dags/example_python_decorator.py for tasks to queue
[2024-09-09T21:03:57.589-0300] {logging_mixin.py:190} INFO - [2024-09-09T21:03:57.588-0300] {dagbag.py:587} INFO - Filling up the DagBag from /mnt/c/Users/teu20/Documents/Poli/Repo/eEDB011-20243/atividade 6 - WSL/airflow/airflow_env/lib/python3.10/site-packages/airflow/example_dags/example_python_decorator.py
[2024-09-09T21:03:57.636-0300] {logging_mixin.py:190} INFO - [2024-09-09T21:03:57.635-0300] {example_python_decorator.py:80} WARNING - The virtalenv_python example task requires virtualenv, please install it.
[2024-09-09T21:03:57.637-0300] {processor.py:925} INFO - DAG(s) 'example_python_decorator' retrieved from /mnt/c/Users/teu20/Documents/Poli/Repo/eEDB011-20243/atividade 6 - WSL/airflow/airflow_env/lib/python3.10/site-packages/airflow/example_dags/example_python_decorator.py
[2024-09-09T21:03:57.656-0300] {logging_mixin.py:190} INFO - [2024-09-09T21:03:57.655-0300] {dag.py:3229} INFO - Sync 1 DAGs
[2024-09-09T21:03:57.664-0300] {logging_mixin.py:190} INFO - [2024-09-09T21:03:57.663-0300] {dag.py:4156} INFO - Setting next_dagrun for example_python_decorator to None, run_after=None
[2024-09-09T21:03:57.679-0300] {processor.py:208} INFO - Processing /mnt/c/Users/teu20/Documents/Poli/Repo/eEDB011-20243/atividade 6 - WSL/airflow/airflow_env/lib/python3.10/site-packages/airflow/example_dags/example_python_decorator.py took 0.101 seconds
[2024-09-09T21:04:28.033-0300] {processor.py:186} INFO - Started process (PID=265248) to work on /mnt/c/Users/teu20/Documents/Poli/Repo/eEDB011-20243/atividade 6 - WSL/airflow/airflow_env/lib/python3.10/site-packages/airflow/example_dags/example_python_decorator.py
[2024-09-09T21:04:28.034-0300] {processor.py:914} INFO - Processing file /mnt/c/Users/teu20/Documents/Poli/Repo/eEDB011-20243/atividade 6 - WSL/airflow/airflow_env/lib/python3.10/site-packages/airflow/example_dags/example_python_decorator.py for tasks to queue
[2024-09-09T21:04:28.036-0300] {logging_mixin.py:190} INFO - [2024-09-09T21:04:28.035-0300] {dagbag.py:587} INFO - Filling up the DagBag from /mnt/c/Users/teu20/Documents/Poli/Repo/eEDB011-20243/atividade 6 - WSL/airflow/airflow_env/lib/python3.10/site-packages/airflow/example_dags/example_python_decorator.py
[2024-09-09T21:04:28.082-0300] {logging_mixin.py:190} INFO - [2024-09-09T21:04:28.081-0300] {example_python_decorator.py:80} WARNING - The virtalenv_python example task requires virtualenv, please install it.
[2024-09-09T21:04:28.083-0300] {processor.py:925} INFO - DAG(s) 'example_python_decorator' retrieved from /mnt/c/Users/teu20/Documents/Poli/Repo/eEDB011-20243/atividade 6 - WSL/airflow/airflow_env/lib/python3.10/site-packages/airflow/example_dags/example_python_decorator.py
[2024-09-09T21:04:28.101-0300] {logging_mixin.py:190} INFO - [2024-09-09T21:04:28.100-0300] {dag.py:3229} INFO - Sync 1 DAGs
[2024-09-09T21:04:28.110-0300] {logging_mixin.py:190} INFO - [2024-09-09T21:04:28.109-0300] {dag.py:4156} INFO - Setting next_dagrun for example_python_decorator to None, run_after=None
[2024-09-09T21:04:28.125-0300] {processor.py:208} INFO - Processing /mnt/c/Users/teu20/Documents/Poli/Repo/eEDB011-20243/atividade 6 - WSL/airflow/airflow_env/lib/python3.10/site-packages/airflow/example_dags/example_python_decorator.py took 0.099 seconds
[2024-09-09T21:04:58.458-0300] {processor.py:186} INFO - Started process (PID=266399) to work on /mnt/c/Users/teu20/Documents/Poli/Repo/eEDB011-20243/atividade 6 - WSL/airflow/airflow_env/lib/python3.10/site-packages/airflow/example_dags/example_python_decorator.py
[2024-09-09T21:04:58.459-0300] {processor.py:914} INFO - Processing file /mnt/c/Users/teu20/Documents/Poli/Repo/eEDB011-20243/atividade 6 - WSL/airflow/airflow_env/lib/python3.10/site-packages/airflow/example_dags/example_python_decorator.py for tasks to queue
[2024-09-09T21:04:58.461-0300] {logging_mixin.py:190} INFO - [2024-09-09T21:04:58.460-0300] {dagbag.py:587} INFO - Filling up the DagBag from /mnt/c/Users/teu20/Documents/Poli/Repo/eEDB011-20243/atividade 6 - WSL/airflow/airflow_env/lib/python3.10/site-packages/airflow/example_dags/example_python_decorator.py
[2024-09-09T21:04:58.504-0300] {logging_mixin.py:190} INFO - [2024-09-09T21:04:58.504-0300] {example_python_decorator.py:80} WARNING - The virtalenv_python example task requires virtualenv, please install it.
[2024-09-09T21:04:58.505-0300] {processor.py:925} INFO - DAG(s) 'example_python_decorator' retrieved from /mnt/c/Users/teu20/Documents/Poli/Repo/eEDB011-20243/atividade 6 - WSL/airflow/airflow_env/lib/python3.10/site-packages/airflow/example_dags/example_python_decorator.py
[2024-09-09T21:04:58.523-0300] {logging_mixin.py:190} INFO - [2024-09-09T21:04:58.522-0300] {dag.py:3229} INFO - Sync 1 DAGs
[2024-09-09T21:04:58.530-0300] {logging_mixin.py:190} INFO - [2024-09-09T21:04:58.530-0300] {dag.py:4156} INFO - Setting next_dagrun for example_python_decorator to None, run_after=None
[2024-09-09T21:04:58.545-0300] {processor.py:208} INFO - Processing /mnt/c/Users/teu20/Documents/Poli/Repo/eEDB011-20243/atividade 6 - WSL/airflow/airflow_env/lib/python3.10/site-packages/airflow/example_dags/example_python_decorator.py took 0.094 seconds
[2024-09-09T21:05:29.075-0300] {processor.py:186} INFO - Started process (PID=266997) to work on /mnt/c/Users/teu20/Documents/Poli/Repo/eEDB011-20243/atividade 6 - WSL/airflow/airflow_env/lib/python3.10/site-packages/airflow/example_dags/example_python_decorator.py
[2024-09-09T21:05:29.076-0300] {processor.py:914} INFO - Processing file /mnt/c/Users/teu20/Documents/Poli/Repo/eEDB011-20243/atividade 6 - WSL/airflow/airflow_env/lib/python3.10/site-packages/airflow/example_dags/example_python_decorator.py for tasks to queue
[2024-09-09T21:05:29.078-0300] {logging_mixin.py:190} INFO - [2024-09-09T21:05:29.077-0300] {dagbag.py:587} INFO - Filling up the DagBag from /mnt/c/Users/teu20/Documents/Poli/Repo/eEDB011-20243/atividade 6 - WSL/airflow/airflow_env/lib/python3.10/site-packages/airflow/example_dags/example_python_decorator.py
[2024-09-09T21:05:29.120-0300] {logging_mixin.py:190} INFO - [2024-09-09T21:05:29.120-0300] {example_python_decorator.py:80} WARNING - The virtalenv_python example task requires virtualenv, please install it.
[2024-09-09T21:05:29.121-0300] {processor.py:925} INFO - DAG(s) 'example_python_decorator' retrieved from /mnt/c/Users/teu20/Documents/Poli/Repo/eEDB011-20243/atividade 6 - WSL/airflow/airflow_env/lib/python3.10/site-packages/airflow/example_dags/example_python_decorator.py
[2024-09-09T21:05:29.139-0300] {logging_mixin.py:190} INFO - [2024-09-09T21:05:29.138-0300] {dag.py:3229} INFO - Sync 1 DAGs
[2024-09-09T21:05:29.147-0300] {logging_mixin.py:190} INFO - [2024-09-09T21:05:29.146-0300] {dag.py:4156} INFO - Setting next_dagrun for example_python_decorator to None, run_after=None
[2024-09-09T21:05:29.163-0300] {processor.py:208} INFO - Processing /mnt/c/Users/teu20/Documents/Poli/Repo/eEDB011-20243/atividade 6 - WSL/airflow/airflow_env/lib/python3.10/site-packages/airflow/example_dags/example_python_decorator.py took 0.095 seconds
[2024-09-09T21:05:59.464-0300] {processor.py:186} INFO - Started process (PID=267427) to work on /mnt/c/Users/teu20/Documents/Poli/Repo/eEDB011-20243/atividade 6 - WSL/airflow/airflow_env/lib/python3.10/site-packages/airflow/example_dags/example_python_decorator.py
[2024-09-09T21:05:59.465-0300] {processor.py:914} INFO - Processing file /mnt/c/Users/teu20/Documents/Poli/Repo/eEDB011-20243/atividade 6 - WSL/airflow/airflow_env/lib/python3.10/site-packages/airflow/example_dags/example_python_decorator.py for tasks to queue
[2024-09-09T21:05:59.467-0300] {logging_mixin.py:190} INFO - [2024-09-09T21:05:59.467-0300] {dagbag.py:587} INFO - Filling up the DagBag from /mnt/c/Users/teu20/Documents/Poli/Repo/eEDB011-20243/atividade 6 - WSL/airflow/airflow_env/lib/python3.10/site-packages/airflow/example_dags/example_python_decorator.py
[2024-09-09T21:05:59.511-0300] {logging_mixin.py:190} INFO - [2024-09-09T21:05:59.510-0300] {example_python_decorator.py:80} WARNING - The virtalenv_python example task requires virtualenv, please install it.
[2024-09-09T21:05:59.511-0300] {processor.py:925} INFO - DAG(s) 'example_python_decorator' retrieved from /mnt/c/Users/teu20/Documents/Poli/Repo/eEDB011-20243/atividade 6 - WSL/airflow/airflow_env/lib/python3.10/site-packages/airflow/example_dags/example_python_decorator.py
[2024-09-09T21:05:59.531-0300] {logging_mixin.py:190} INFO - [2024-09-09T21:05:59.530-0300] {dag.py:3229} INFO - Sync 1 DAGs
[2024-09-09T21:05:59.540-0300] {logging_mixin.py:190} INFO - [2024-09-09T21:05:59.539-0300] {dag.py:4156} INFO - Setting next_dagrun for example_python_decorator to None, run_after=None
[2024-09-09T21:05:59.555-0300] {processor.py:208} INFO - Processing /mnt/c/Users/teu20/Documents/Poli/Repo/eEDB011-20243/atividade 6 - WSL/airflow/airflow_env/lib/python3.10/site-packages/airflow/example_dags/example_python_decorator.py took 0.099 seconds
[2024-09-09T21:06:29.995-0300] {processor.py:186} INFO - Started process (PID=267881) to work on /mnt/c/Users/teu20/Documents/Poli/Repo/eEDB011-20243/atividade 6 - WSL/airflow/airflow_env/lib/python3.10/site-packages/airflow/example_dags/example_python_decorator.py
[2024-09-09T21:06:29.996-0300] {processor.py:914} INFO - Processing file /mnt/c/Users/teu20/Documents/Poli/Repo/eEDB011-20243/atividade 6 - WSL/airflow/airflow_env/lib/python3.10/site-packages/airflow/example_dags/example_python_decorator.py for tasks to queue
[2024-09-09T21:06:29.998-0300] {logging_mixin.py:190} INFO - [2024-09-09T21:06:29.997-0300] {dagbag.py:587} INFO - Filling up the DagBag from /mnt/c/Users/teu20/Documents/Poli/Repo/eEDB011-20243/atividade 6 - WSL/airflow/airflow_env/lib/python3.10/site-packages/airflow/example_dags/example_python_decorator.py
[2024-09-09T21:06:30.041-0300] {logging_mixin.py:190} INFO - [2024-09-09T21:06:30.041-0300] {example_python_decorator.py:80} WARNING - The virtalenv_python example task requires virtualenv, please install it.
[2024-09-09T21:06:30.043-0300] {processor.py:925} INFO - DAG(s) 'example_python_decorator' retrieved from /mnt/c/Users/teu20/Documents/Poli/Repo/eEDB011-20243/atividade 6 - WSL/airflow/airflow_env/lib/python3.10/site-packages/airflow/example_dags/example_python_decorator.py
[2024-09-09T21:06:30.061-0300] {logging_mixin.py:190} INFO - [2024-09-09T21:06:30.060-0300] {dag.py:3229} INFO - Sync 1 DAGs
[2024-09-09T21:06:30.069-0300] {logging_mixin.py:190} INFO - [2024-09-09T21:06:30.068-0300] {dag.py:4156} INFO - Setting next_dagrun for example_python_decorator to None, run_after=None
[2024-09-09T21:06:30.083-0300] {processor.py:208} INFO - Processing /mnt/c/Users/teu20/Documents/Poli/Repo/eEDB011-20243/atividade 6 - WSL/airflow/airflow_env/lib/python3.10/site-packages/airflow/example_dags/example_python_decorator.py took 0.097 seconds
[2024-09-09T21:07:00.493-0300] {processor.py:186} INFO - Started process (PID=268502) to work on /mnt/c/Users/teu20/Documents/Poli/Repo/eEDB011-20243/atividade 6 - WSL/airflow/airflow_env/lib/python3.10/site-packages/airflow/example_dags/example_python_decorator.py
[2024-09-09T21:07:00.494-0300] {processor.py:914} INFO - Processing file /mnt/c/Users/teu20/Documents/Poli/Repo/eEDB011-20243/atividade 6 - WSL/airflow/airflow_env/lib/python3.10/site-packages/airflow/example_dags/example_python_decorator.py for tasks to queue
[2024-09-09T21:07:00.496-0300] {logging_mixin.py:190} INFO - [2024-09-09T21:07:00.495-0300] {dagbag.py:587} INFO - Filling up the DagBag from /mnt/c/Users/teu20/Documents/Poli/Repo/eEDB011-20243/atividade 6 - WSL/airflow/airflow_env/lib/python3.10/site-packages/airflow/example_dags/example_python_decorator.py
[2024-09-09T21:07:00.539-0300] {logging_mixin.py:190} INFO - [2024-09-09T21:07:00.539-0300] {example_python_decorator.py:80} WARNING - The virtalenv_python example task requires virtualenv, please install it.
[2024-09-09T21:07:00.540-0300] {processor.py:925} INFO - DAG(s) 'example_python_decorator' retrieved from /mnt/c/Users/teu20/Documents/Poli/Repo/eEDB011-20243/atividade 6 - WSL/airflow/airflow_env/lib/python3.10/site-packages/airflow/example_dags/example_python_decorator.py
[2024-09-09T21:07:00.558-0300] {logging_mixin.py:190} INFO - [2024-09-09T21:07:00.558-0300] {dag.py:3229} INFO - Sync 1 DAGs
[2024-09-09T21:07:00.567-0300] {logging_mixin.py:190} INFO - [2024-09-09T21:07:00.566-0300] {dag.py:4156} INFO - Setting next_dagrun for example_python_decorator to None, run_after=None
[2024-09-09T21:07:00.582-0300] {processor.py:208} INFO - Processing /mnt/c/Users/teu20/Documents/Poli/Repo/eEDB011-20243/atividade 6 - WSL/airflow/airflow_env/lib/python3.10/site-packages/airflow/example_dags/example_python_decorator.py took 0.096 seconds
[2024-09-09T21:07:30.837-0300] {processor.py:186} INFO - Started process (PID=269172) to work on /mnt/c/Users/teu20/Documents/Poli/Repo/eEDB011-20243/atividade 6 - WSL/airflow/airflow_env/lib/python3.10/site-packages/airflow/example_dags/example_python_decorator.py
[2024-09-09T21:07:30.838-0300] {processor.py:914} INFO - Processing file /mnt/c/Users/teu20/Documents/Poli/Repo/eEDB011-20243/atividade 6 - WSL/airflow/airflow_env/lib/python3.10/site-packages/airflow/example_dags/example_python_decorator.py for tasks to queue
[2024-09-09T21:07:30.840-0300] {logging_mixin.py:190} INFO - [2024-09-09T21:07:30.839-0300] {dagbag.py:587} INFO - Filling up the DagBag from /mnt/c/Users/teu20/Documents/Poli/Repo/eEDB011-20243/atividade 6 - WSL/airflow/airflow_env/lib/python3.10/site-packages/airflow/example_dags/example_python_decorator.py
[2024-09-09T21:07:30.885-0300] {logging_mixin.py:190} INFO - [2024-09-09T21:07:30.884-0300] {example_python_decorator.py:80} WARNING - The virtalenv_python example task requires virtualenv, please install it.
[2024-09-09T21:07:30.886-0300] {processor.py:925} INFO - DAG(s) 'example_python_decorator' retrieved from /mnt/c/Users/teu20/Documents/Poli/Repo/eEDB011-20243/atividade 6 - WSL/airflow/airflow_env/lib/python3.10/site-packages/airflow/example_dags/example_python_decorator.py
[2024-09-09T21:07:30.905-0300] {logging_mixin.py:190} INFO - [2024-09-09T21:07:30.904-0300] {dag.py:3229} INFO - Sync 1 DAGs
[2024-09-09T21:07:30.913-0300] {logging_mixin.py:190} INFO - [2024-09-09T21:07:30.912-0300] {dag.py:4156} INFO - Setting next_dagrun for example_python_decorator to None, run_after=None
[2024-09-09T21:07:30.927-0300] {processor.py:208} INFO - Processing /mnt/c/Users/teu20/Documents/Poli/Repo/eEDB011-20243/atividade 6 - WSL/airflow/airflow_env/lib/python3.10/site-packages/airflow/example_dags/example_python_decorator.py took 0.099 seconds
[2024-09-09T21:08:01.147-0300] {processor.py:186} INFO - Started process (PID=269660) to work on /mnt/c/Users/teu20/Documents/Poli/Repo/eEDB011-20243/atividade 6 - WSL/airflow/airflow_env/lib/python3.10/site-packages/airflow/example_dags/example_python_decorator.py
[2024-09-09T21:08:01.148-0300] {processor.py:914} INFO - Processing file /mnt/c/Users/teu20/Documents/Poli/Repo/eEDB011-20243/atividade 6 - WSL/airflow/airflow_env/lib/python3.10/site-packages/airflow/example_dags/example_python_decorator.py for tasks to queue
[2024-09-09T21:08:01.150-0300] {logging_mixin.py:190} INFO - [2024-09-09T21:08:01.149-0300] {dagbag.py:587} INFO - Filling up the DagBag from /mnt/c/Users/teu20/Documents/Poli/Repo/eEDB011-20243/atividade 6 - WSL/airflow/airflow_env/lib/python3.10/site-packages/airflow/example_dags/example_python_decorator.py
[2024-09-09T21:08:01.194-0300] {logging_mixin.py:190} INFO - [2024-09-09T21:08:01.193-0300] {example_python_decorator.py:80} WARNING - The virtalenv_python example task requires virtualenv, please install it.
[2024-09-09T21:08:01.195-0300] {processor.py:925} INFO - DAG(s) 'example_python_decorator' retrieved from /mnt/c/Users/teu20/Documents/Poli/Repo/eEDB011-20243/atividade 6 - WSL/airflow/airflow_env/lib/python3.10/site-packages/airflow/example_dags/example_python_decorator.py
[2024-09-09T21:08:01.213-0300] {logging_mixin.py:190} INFO - [2024-09-09T21:08:01.212-0300] {dag.py:3229} INFO - Sync 1 DAGs
[2024-09-09T21:08:01.221-0300] {logging_mixin.py:190} INFO - [2024-09-09T21:08:01.220-0300] {dag.py:4156} INFO - Setting next_dagrun for example_python_decorator to None, run_after=None
[2024-09-09T21:08:01.243-0300] {processor.py:208} INFO - Processing /mnt/c/Users/teu20/Documents/Poli/Repo/eEDB011-20243/atividade 6 - WSL/airflow/airflow_env/lib/python3.10/site-packages/airflow/example_dags/example_python_decorator.py took 0.104 seconds
