[2024-09-09T21:00:25.704-0300] {processor.py:186} INFO - Started process (PID=261649) to work on /mnt/c/Users/teu20/Documents/Poli/Repo/eEDB011-20243/atividade 6 - WSL/airflow/airflow_env/lib/python3.10/site-packages/airflow/example_dags/example_bash_decorator.py
[2024-09-09T21:00:25.705-0300] {processor.py:914} INFO - Processing file /mnt/c/Users/teu20/Documents/Poli/Repo/eEDB011-20243/atividade 6 - WSL/airflow/airflow_env/lib/python3.10/site-packages/airflow/example_dags/example_bash_decorator.py for tasks to queue
[2024-09-09T21:00:25.707-0300] {logging_mixin.py:190} INFO - [2024-09-09T21:00:25.707-0300] {dagbag.py:587} INFO - Filling up the DagBag from /mnt/c/Users/teu20/Documents/Poli/Repo/eEDB011-20243/atividade 6 - WSL/airflow/airflow_env/lib/python3.10/site-packages/airflow/example_dags/example_bash_decorator.py
[2024-09-09T21:00:25.729-0300] {processor.py:925} INFO - DAG(s) 'example_bash_decorator' retrieved from /mnt/c/Users/teu20/Documents/Poli/Repo/eEDB011-20243/atividade 6 - WSL/airflow/airflow_env/lib/python3.10/site-packages/airflow/example_dags/example_bash_decorator.py
[2024-09-09T21:00:25.750-0300] {logging_mixin.py:190} INFO - [2024-09-09T21:00:25.750-0300] {dag.py:3229} INFO - Sync 1 DAGs
[2024-09-09T21:00:25.759-0300] {logging_mixin.py:190} INFO - [2024-09-09T21:00:25.758-0300] {dag.py:4156} INFO - Setting next_dagrun for example_bash_decorator to None, run_after=None
[2024-09-09T21:00:25.773-0300] {processor.py:208} INFO - Processing /mnt/c/Users/teu20/Documents/Poli/Repo/eEDB011-20243/atividade 6 - WSL/airflow/airflow_env/lib/python3.10/site-packages/airflow/example_dags/example_bash_decorator.py took 0.078 seconds
[2024-09-09T21:00:56.125-0300] {processor.py:186} INFO - Started process (PID=262354) to work on /mnt/c/Users/teu20/Documents/Poli/Repo/eEDB011-20243/atividade 6 - WSL/airflow/airflow_env/lib/python3.10/site-packages/airflow/example_dags/example_bash_decorator.py
[2024-09-09T21:00:56.126-0300] {processor.py:914} INFO - Processing file /mnt/c/Users/teu20/Documents/Poli/Repo/eEDB011-20243/atividade 6 - WSL/airflow/airflow_env/lib/python3.10/site-packages/airflow/example_dags/example_bash_decorator.py for tasks to queue
[2024-09-09T21:00:56.127-0300] {logging_mixin.py:190} INFO - [2024-09-09T21:00:56.127-0300] {dagbag.py:587} INFO - Filling up the DagBag from /mnt/c/Users/teu20/Documents/Poli/Repo/eEDB011-20243/atividade 6 - WSL/airflow/airflow_env/lib/python3.10/site-packages/airflow/example_dags/example_bash_decorator.py
[2024-09-09T21:00:56.150-0300] {processor.py:925} INFO - DAG(s) 'example_bash_decorator' retrieved from /mnt/c/Users/teu20/Documents/Poli/Repo/eEDB011-20243/atividade 6 - WSL/airflow/airflow_env/lib/python3.10/site-packages/airflow/example_dags/example_bash_decorator.py
[2024-09-09T21:00:56.169-0300] {logging_mixin.py:190} INFO - [2024-09-09T21:00:56.169-0300] {dag.py:3229} INFO - Sync 1 DAGs
[2024-09-09T21:00:56.177-0300] {logging_mixin.py:190} INFO - [2024-09-09T21:00:56.177-0300] {dag.py:4156} INFO - Setting next_dagrun for example_bash_decorator to None, run_after=None
[2024-09-09T21:00:56.192-0300] {processor.py:208} INFO - Processing /mnt/c/Users/teu20/Documents/Poli/Repo/eEDB011-20243/atividade 6 - WSL/airflow/airflow_env/lib/python3.10/site-packages/airflow/example_dags/example_bash_decorator.py took 0.075 seconds
[2024-09-09T21:01:27.229-0300] {processor.py:186} INFO - Started process (PID=262793) to work on /mnt/c/Users/teu20/Documents/Poli/Repo/eEDB011-20243/atividade 6 - WSL/airflow/airflow_env/lib/python3.10/site-packages/airflow/example_dags/example_bash_decorator.py
[2024-09-09T21:01:27.230-0300] {processor.py:914} INFO - Processing file /mnt/c/Users/teu20/Documents/Poli/Repo/eEDB011-20243/atividade 6 - WSL/airflow/airflow_env/lib/python3.10/site-packages/airflow/example_dags/example_bash_decorator.py for tasks to queue
[2024-09-09T21:01:27.232-0300] {logging_mixin.py:190} INFO - [2024-09-09T21:01:27.232-0300] {dagbag.py:587} INFO - Filling up the DagBag from /mnt/c/Users/teu20/Documents/Poli/Repo/eEDB011-20243/atividade 6 - WSL/airflow/airflow_env/lib/python3.10/site-packages/airflow/example_dags/example_bash_decorator.py
[2024-09-09T21:01:27.257-0300] {processor.py:925} INFO - DAG(s) 'example_bash_decorator' retrieved from /mnt/c/Users/teu20/Documents/Poli/Repo/eEDB011-20243/atividade 6 - WSL/airflow/airflow_env/lib/python3.10/site-packages/airflow/example_dags/example_bash_decorator.py
[2024-09-09T21:01:27.278-0300] {logging_mixin.py:190} INFO - [2024-09-09T21:01:27.277-0300] {dag.py:3229} INFO - Sync 1 DAGs
[2024-09-09T21:01:27.286-0300] {logging_mixin.py:190} INFO - [2024-09-09T21:01:27.285-0300] {dag.py:4156} INFO - Setting next_dagrun for example_bash_decorator to None, run_after=None
[2024-09-09T21:01:27.301-0300] {processor.py:208} INFO - Processing /mnt/c/Users/teu20/Documents/Poli/Repo/eEDB011-20243/atividade 6 - WSL/airflow/airflow_env/lib/python3.10/site-packages/airflow/example_dags/example_bash_decorator.py took 0.080 seconds
[2024-09-09T21:01:58.510-0300] {processor.py:186} INFO - Started process (PID=263228) to work on /mnt/c/Users/teu20/Documents/Poli/Repo/eEDB011-20243/atividade 6 - WSL/airflow/airflow_env/lib/python3.10/site-packages/airflow/example_dags/example_bash_decorator.py
[2024-09-09T21:01:58.511-0300] {processor.py:914} INFO - Processing file /mnt/c/Users/teu20/Documents/Poli/Repo/eEDB011-20243/atividade 6 - WSL/airflow/airflow_env/lib/python3.10/site-packages/airflow/example_dags/example_bash_decorator.py for tasks to queue
[2024-09-09T21:01:58.513-0300] {logging_mixin.py:190} INFO - [2024-09-09T21:01:58.512-0300] {dagbag.py:587} INFO - Filling up the DagBag from /mnt/c/Users/teu20/Documents/Poli/Repo/eEDB011-20243/atividade 6 - WSL/airflow/airflow_env/lib/python3.10/site-packages/airflow/example_dags/example_bash_decorator.py
[2024-09-09T21:01:58.533-0300] {processor.py:925} INFO - DAG(s) 'example_bash_decorator' retrieved from /mnt/c/Users/teu20/Documents/Poli/Repo/eEDB011-20243/atividade 6 - WSL/airflow/airflow_env/lib/python3.10/site-packages/airflow/example_dags/example_bash_decorator.py
[2024-09-09T21:01:58.551-0300] {logging_mixin.py:190} INFO - [2024-09-09T21:01:58.550-0300] {dag.py:3229} INFO - Sync 1 DAGs
[2024-09-09T21:01:58.559-0300] {logging_mixin.py:190} INFO - [2024-09-09T21:01:58.558-0300] {dag.py:4156} INFO - Setting next_dagrun for example_bash_decorator to None, run_after=None
[2024-09-09T21:01:58.573-0300] {processor.py:208} INFO - Processing /mnt/c/Users/teu20/Documents/Poli/Repo/eEDB011-20243/atividade 6 - WSL/airflow/airflow_env/lib/python3.10/site-packages/airflow/example_dags/example_bash_decorator.py took 0.070 seconds
[2024-09-09T21:02:29.451-0300] {processor.py:186} INFO - Started process (PID=263660) to work on /mnt/c/Users/teu20/Documents/Poli/Repo/eEDB011-20243/atividade 6 - WSL/airflow/airflow_env/lib/python3.10/site-packages/airflow/example_dags/example_bash_decorator.py
[2024-09-09T21:02:29.452-0300] {processor.py:914} INFO - Processing file /mnt/c/Users/teu20/Documents/Poli/Repo/eEDB011-20243/atividade 6 - WSL/airflow/airflow_env/lib/python3.10/site-packages/airflow/example_dags/example_bash_decorator.py for tasks to queue
[2024-09-09T21:02:29.454-0300] {logging_mixin.py:190} INFO - [2024-09-09T21:02:29.453-0300] {dagbag.py:587} INFO - Filling up the DagBag from /mnt/c/Users/teu20/Documents/Poli/Repo/eEDB011-20243/atividade 6 - WSL/airflow/airflow_env/lib/python3.10/site-packages/airflow/example_dags/example_bash_decorator.py
[2024-09-09T21:02:29.476-0300] {processor.py:925} INFO - DAG(s) 'example_bash_decorator' retrieved from /mnt/c/Users/teu20/Documents/Poli/Repo/eEDB011-20243/atividade 6 - WSL/airflow/airflow_env/lib/python3.10/site-packages/airflow/example_dags/example_bash_decorator.py
[2024-09-09T21:02:29.495-0300] {logging_mixin.py:190} INFO - [2024-09-09T21:02:29.495-0300] {dag.py:3229} INFO - Sync 1 DAGs
[2024-09-09T21:02:29.503-0300] {logging_mixin.py:190} INFO - [2024-09-09T21:02:29.502-0300] {dag.py:4156} INFO - Setting next_dagrun for example_bash_decorator to None, run_after=None
[2024-09-09T21:02:29.516-0300] {processor.py:208} INFO - Processing /mnt/c/Users/teu20/Documents/Poli/Repo/eEDB011-20243/atividade 6 - WSL/airflow/airflow_env/lib/python3.10/site-packages/airflow/example_dags/example_bash_decorator.py took 0.073 seconds
[2024-09-09T21:02:59.866-0300] {processor.py:186} INFO - Started process (PID=264088) to work on /mnt/c/Users/teu20/Documents/Poli/Repo/eEDB011-20243/atividade 6 - WSL/airflow/airflow_env/lib/python3.10/site-packages/airflow/example_dags/example_bash_decorator.py
[2024-09-09T21:02:59.867-0300] {processor.py:914} INFO - Processing file /mnt/c/Users/teu20/Documents/Poli/Repo/eEDB011-20243/atividade 6 - WSL/airflow/airflow_env/lib/python3.10/site-packages/airflow/example_dags/example_bash_decorator.py for tasks to queue
[2024-09-09T21:02:59.869-0300] {logging_mixin.py:190} INFO - [2024-09-09T21:02:59.869-0300] {dagbag.py:587} INFO - Filling up the DagBag from /mnt/c/Users/teu20/Documents/Poli/Repo/eEDB011-20243/atividade 6 - WSL/airflow/airflow_env/lib/python3.10/site-packages/airflow/example_dags/example_bash_decorator.py
[2024-09-09T21:02:59.893-0300] {processor.py:925} INFO - DAG(s) 'example_bash_decorator' retrieved from /mnt/c/Users/teu20/Documents/Poli/Repo/eEDB011-20243/atividade 6 - WSL/airflow/airflow_env/lib/python3.10/site-packages/airflow/example_dags/example_bash_decorator.py
[2024-09-09T21:02:59.911-0300] {logging_mixin.py:190} INFO - [2024-09-09T21:02:59.910-0300] {dag.py:3229} INFO - Sync 1 DAGs
[2024-09-09T21:02:59.919-0300] {logging_mixin.py:190} INFO - [2024-09-09T21:02:59.918-0300] {dag.py:4156} INFO - Setting next_dagrun for example_bash_decorator to None, run_after=None
[2024-09-09T21:02:59.933-0300] {processor.py:208} INFO - Processing /mnt/c/Users/teu20/Documents/Poli/Repo/eEDB011-20243/atividade 6 - WSL/airflow/airflow_env/lib/python3.10/site-packages/airflow/example_dags/example_bash_decorator.py took 0.074 seconds
[2024-09-09T21:03:30.313-0300] {processor.py:186} INFO - Started process (PID=264519) to work on /mnt/c/Users/teu20/Documents/Poli/Repo/eEDB011-20243/atividade 6 - WSL/airflow/airflow_env/lib/python3.10/site-packages/airflow/example_dags/example_bash_decorator.py
[2024-09-09T21:03:30.314-0300] {processor.py:914} INFO - Processing file /mnt/c/Users/teu20/Documents/Poli/Repo/eEDB011-20243/atividade 6 - WSL/airflow/airflow_env/lib/python3.10/site-packages/airflow/example_dags/example_bash_decorator.py for tasks to queue
[2024-09-09T21:03:30.316-0300] {logging_mixin.py:190} INFO - [2024-09-09T21:03:30.315-0300] {dagbag.py:587} INFO - Filling up the DagBag from /mnt/c/Users/teu20/Documents/Poli/Repo/eEDB011-20243/atividade 6 - WSL/airflow/airflow_env/lib/python3.10/site-packages/airflow/example_dags/example_bash_decorator.py
[2024-09-09T21:03:30.340-0300] {processor.py:925} INFO - DAG(s) 'example_bash_decorator' retrieved from /mnt/c/Users/teu20/Documents/Poli/Repo/eEDB011-20243/atividade 6 - WSL/airflow/airflow_env/lib/python3.10/site-packages/airflow/example_dags/example_bash_decorator.py
[2024-09-09T21:03:30.362-0300] {logging_mixin.py:190} INFO - [2024-09-09T21:03:30.361-0300] {dag.py:3229} INFO - Sync 1 DAGs
[2024-09-09T21:03:30.370-0300] {logging_mixin.py:190} INFO - [2024-09-09T21:03:30.370-0300] {dag.py:4156} INFO - Setting next_dagrun for example_bash_decorator to None, run_after=None
[2024-09-09T21:03:30.387-0300] {processor.py:208} INFO - Processing /mnt/c/Users/teu20/Documents/Poli/Repo/eEDB011-20243/atividade 6 - WSL/airflow/airflow_env/lib/python3.10/site-packages/airflow/example_dags/example_bash_decorator.py took 0.083 seconds
[2024-09-09T21:04:00.745-0300] {processor.py:186} INFO - Started process (PID=264955) to work on /mnt/c/Users/teu20/Documents/Poli/Repo/eEDB011-20243/atividade 6 - WSL/airflow/airflow_env/lib/python3.10/site-packages/airflow/example_dags/example_bash_decorator.py
[2024-09-09T21:04:00.746-0300] {processor.py:914} INFO - Processing file /mnt/c/Users/teu20/Documents/Poli/Repo/eEDB011-20243/atividade 6 - WSL/airflow/airflow_env/lib/python3.10/site-packages/airflow/example_dags/example_bash_decorator.py for tasks to queue
[2024-09-09T21:04:00.748-0300] {logging_mixin.py:190} INFO - [2024-09-09T21:04:00.747-0300] {dagbag.py:587} INFO - Filling up the DagBag from /mnt/c/Users/teu20/Documents/Poli/Repo/eEDB011-20243/atividade 6 - WSL/airflow/airflow_env/lib/python3.10/site-packages/airflow/example_dags/example_bash_decorator.py
[2024-09-09T21:04:00.773-0300] {processor.py:925} INFO - DAG(s) 'example_bash_decorator' retrieved from /mnt/c/Users/teu20/Documents/Poli/Repo/eEDB011-20243/atividade 6 - WSL/airflow/airflow_env/lib/python3.10/site-packages/airflow/example_dags/example_bash_decorator.py
[2024-09-09T21:04:00.794-0300] {logging_mixin.py:190} INFO - [2024-09-09T21:04:00.793-0300] {dag.py:3229} INFO - Sync 1 DAGs
[2024-09-09T21:04:00.802-0300] {logging_mixin.py:190} INFO - [2024-09-09T21:04:00.801-0300] {dag.py:4156} INFO - Setting next_dagrun for example_bash_decorator to None, run_after=None
[2024-09-09T21:04:00.817-0300] {processor.py:208} INFO - Processing /mnt/c/Users/teu20/Documents/Poli/Repo/eEDB011-20243/atividade 6 - WSL/airflow/airflow_env/lib/python3.10/site-packages/airflow/example_dags/example_bash_decorator.py took 0.081 seconds
[2024-09-09T21:04:31.220-0300] {processor.py:186} INFO - Started process (PID=265389) to work on /mnt/c/Users/teu20/Documents/Poli/Repo/eEDB011-20243/atividade 6 - WSL/airflow/airflow_env/lib/python3.10/site-packages/airflow/example_dags/example_bash_decorator.py
[2024-09-09T21:04:31.221-0300] {processor.py:914} INFO - Processing file /mnt/c/Users/teu20/Documents/Poli/Repo/eEDB011-20243/atividade 6 - WSL/airflow/airflow_env/lib/python3.10/site-packages/airflow/example_dags/example_bash_decorator.py for tasks to queue
[2024-09-09T21:04:31.222-0300] {logging_mixin.py:190} INFO - [2024-09-09T21:04:31.222-0300] {dagbag.py:587} INFO - Filling up the DagBag from /mnt/c/Users/teu20/Documents/Poli/Repo/eEDB011-20243/atividade 6 - WSL/airflow/airflow_env/lib/python3.10/site-packages/airflow/example_dags/example_bash_decorator.py
[2024-09-09T21:04:31.246-0300] {processor.py:925} INFO - DAG(s) 'example_bash_decorator' retrieved from /mnt/c/Users/teu20/Documents/Poli/Repo/eEDB011-20243/atividade 6 - WSL/airflow/airflow_env/lib/python3.10/site-packages/airflow/example_dags/example_bash_decorator.py
[2024-09-09T21:04:31.267-0300] {logging_mixin.py:190} INFO - [2024-09-09T21:04:31.266-0300] {dag.py:3229} INFO - Sync 1 DAGs
[2024-09-09T21:04:31.276-0300] {logging_mixin.py:190} INFO - [2024-09-09T21:04:31.275-0300] {dag.py:4156} INFO - Setting next_dagrun for example_bash_decorator to None, run_after=None
[2024-09-09T21:04:31.290-0300] {processor.py:208} INFO - Processing /mnt/c/Users/teu20/Documents/Poli/Repo/eEDB011-20243/atividade 6 - WSL/airflow/airflow_env/lib/python3.10/site-packages/airflow/example_dags/example_bash_decorator.py took 0.079 seconds
[2024-09-09T21:05:01.779-0300] {processor.py:186} INFO - Started process (PID=266609) to work on /mnt/c/Users/teu20/Documents/Poli/Repo/eEDB011-20243/atividade 6 - WSL/airflow/airflow_env/lib/python3.10/site-packages/airflow/example_dags/example_bash_decorator.py
[2024-09-09T21:05:01.780-0300] {processor.py:914} INFO - Processing file /mnt/c/Users/teu20/Documents/Poli/Repo/eEDB011-20243/atividade 6 - WSL/airflow/airflow_env/lib/python3.10/site-packages/airflow/example_dags/example_bash_decorator.py for tasks to queue
[2024-09-09T21:05:01.782-0300] {logging_mixin.py:190} INFO - [2024-09-09T21:05:01.781-0300] {dagbag.py:587} INFO - Filling up the DagBag from /mnt/c/Users/teu20/Documents/Poli/Repo/eEDB011-20243/atividade 6 - WSL/airflow/airflow_env/lib/python3.10/site-packages/airflow/example_dags/example_bash_decorator.py
[2024-09-09T21:05:01.805-0300] {processor.py:925} INFO - DAG(s) 'example_bash_decorator' retrieved from /mnt/c/Users/teu20/Documents/Poli/Repo/eEDB011-20243/atividade 6 - WSL/airflow/airflow_env/lib/python3.10/site-packages/airflow/example_dags/example_bash_decorator.py
[2024-09-09T21:05:01.824-0300] {logging_mixin.py:190} INFO - [2024-09-09T21:05:01.823-0300] {dag.py:3229} INFO - Sync 1 DAGs
[2024-09-09T21:05:01.832-0300] {logging_mixin.py:190} INFO - [2024-09-09T21:05:01.831-0300] {dag.py:4156} INFO - Setting next_dagrun for example_bash_decorator to None, run_after=None
[2024-09-09T21:05:01.845-0300] {processor.py:208} INFO - Processing /mnt/c/Users/teu20/Documents/Poli/Repo/eEDB011-20243/atividade 6 - WSL/airflow/airflow_env/lib/python3.10/site-packages/airflow/example_dags/example_bash_decorator.py took 0.074 seconds
[2024-09-09T21:05:32.216-0300] {processor.py:186} INFO - Started process (PID=267133) to work on /mnt/c/Users/teu20/Documents/Poli/Repo/eEDB011-20243/atividade 6 - WSL/airflow/airflow_env/lib/python3.10/site-packages/airflow/example_dags/example_bash_decorator.py
[2024-09-09T21:05:32.217-0300] {processor.py:914} INFO - Processing file /mnt/c/Users/teu20/Documents/Poli/Repo/eEDB011-20243/atividade 6 - WSL/airflow/airflow_env/lib/python3.10/site-packages/airflow/example_dags/example_bash_decorator.py for tasks to queue
[2024-09-09T21:05:32.219-0300] {logging_mixin.py:190} INFO - [2024-09-09T21:05:32.218-0300] {dagbag.py:587} INFO - Filling up the DagBag from /mnt/c/Users/teu20/Documents/Poli/Repo/eEDB011-20243/atividade 6 - WSL/airflow/airflow_env/lib/python3.10/site-packages/airflow/example_dags/example_bash_decorator.py
[2024-09-09T21:05:32.240-0300] {processor.py:925} INFO - DAG(s) 'example_bash_decorator' retrieved from /mnt/c/Users/teu20/Documents/Poli/Repo/eEDB011-20243/atividade 6 - WSL/airflow/airflow_env/lib/python3.10/site-packages/airflow/example_dags/example_bash_decorator.py
[2024-09-09T21:05:32.259-0300] {logging_mixin.py:190} INFO - [2024-09-09T21:05:32.258-0300] {dag.py:3229} INFO - Sync 1 DAGs
[2024-09-09T21:05:32.267-0300] {logging_mixin.py:190} INFO - [2024-09-09T21:05:32.266-0300] {dag.py:4156} INFO - Setting next_dagrun for example_bash_decorator to None, run_after=None
[2024-09-09T21:05:32.281-0300] {processor.py:208} INFO - Processing /mnt/c/Users/teu20/Documents/Poli/Repo/eEDB011-20243/atividade 6 - WSL/airflow/airflow_env/lib/python3.10/site-packages/airflow/example_dags/example_bash_decorator.py took 0.072 seconds
[2024-09-09T21:06:02.798-0300] {processor.py:186} INFO - Started process (PID=267563) to work on /mnt/c/Users/teu20/Documents/Poli/Repo/eEDB011-20243/atividade 6 - WSL/airflow/airflow_env/lib/python3.10/site-packages/airflow/example_dags/example_bash_decorator.py
[2024-09-09T21:06:02.800-0300] {processor.py:914} INFO - Processing file /mnt/c/Users/teu20/Documents/Poli/Repo/eEDB011-20243/atividade 6 - WSL/airflow/airflow_env/lib/python3.10/site-packages/airflow/example_dags/example_bash_decorator.py for tasks to queue
[2024-09-09T21:06:02.801-0300] {logging_mixin.py:190} INFO - [2024-09-09T21:06:02.801-0300] {dagbag.py:587} INFO - Filling up the DagBag from /mnt/c/Users/teu20/Documents/Poli/Repo/eEDB011-20243/atividade 6 - WSL/airflow/airflow_env/lib/python3.10/site-packages/airflow/example_dags/example_bash_decorator.py
[2024-09-09T21:06:02.821-0300] {processor.py:925} INFO - DAG(s) 'example_bash_decorator' retrieved from /mnt/c/Users/teu20/Documents/Poli/Repo/eEDB011-20243/atividade 6 - WSL/airflow/airflow_env/lib/python3.10/site-packages/airflow/example_dags/example_bash_decorator.py
[2024-09-09T21:06:02.839-0300] {logging_mixin.py:190} INFO - [2024-09-09T21:06:02.838-0300] {dag.py:3229} INFO - Sync 1 DAGs
[2024-09-09T21:06:02.846-0300] {logging_mixin.py:190} INFO - [2024-09-09T21:06:02.846-0300] {dag.py:4156} INFO - Setting next_dagrun for example_bash_decorator to None, run_after=None
[2024-09-09T21:06:02.862-0300] {processor.py:208} INFO - Processing /mnt/c/Users/teu20/Documents/Poli/Repo/eEDB011-20243/atividade 6 - WSL/airflow/airflow_env/lib/python3.10/site-packages/airflow/example_dags/example_bash_decorator.py took 0.071 seconds
[2024-09-09T21:06:33.203-0300] {processor.py:186} INFO - Started process (PID=268016) to work on /mnt/c/Users/teu20/Documents/Poli/Repo/eEDB011-20243/atividade 6 - WSL/airflow/airflow_env/lib/python3.10/site-packages/airflow/example_dags/example_bash_decorator.py
[2024-09-09T21:06:33.204-0300] {processor.py:914} INFO - Processing file /mnt/c/Users/teu20/Documents/Poli/Repo/eEDB011-20243/atividade 6 - WSL/airflow/airflow_env/lib/python3.10/site-packages/airflow/example_dags/example_bash_decorator.py for tasks to queue
[2024-09-09T21:06:33.206-0300] {logging_mixin.py:190} INFO - [2024-09-09T21:06:33.206-0300] {dagbag.py:587} INFO - Filling up the DagBag from /mnt/c/Users/teu20/Documents/Poli/Repo/eEDB011-20243/atividade 6 - WSL/airflow/airflow_env/lib/python3.10/site-packages/airflow/example_dags/example_bash_decorator.py
[2024-09-09T21:06:33.225-0300] {processor.py:925} INFO - DAG(s) 'example_bash_decorator' retrieved from /mnt/c/Users/teu20/Documents/Poli/Repo/eEDB011-20243/atividade 6 - WSL/airflow/airflow_env/lib/python3.10/site-packages/airflow/example_dags/example_bash_decorator.py
[2024-09-09T21:06:33.243-0300] {logging_mixin.py:190} INFO - [2024-09-09T21:06:33.242-0300] {dag.py:3229} INFO - Sync 1 DAGs
[2024-09-09T21:06:33.251-0300] {logging_mixin.py:190} INFO - [2024-09-09T21:06:33.251-0300] {dag.py:4156} INFO - Setting next_dagrun for example_bash_decorator to None, run_after=None
[2024-09-09T21:06:33.266-0300] {processor.py:208} INFO - Processing /mnt/c/Users/teu20/Documents/Poli/Repo/eEDB011-20243/atividade 6 - WSL/airflow/airflow_env/lib/python3.10/site-packages/airflow/example_dags/example_bash_decorator.py took 0.070 seconds
[2024-09-09T21:07:03.662-0300] {processor.py:186} INFO - Started process (PID=268639) to work on /mnt/c/Users/teu20/Documents/Poli/Repo/eEDB011-20243/atividade 6 - WSL/airflow/airflow_env/lib/python3.10/site-packages/airflow/example_dags/example_bash_decorator.py
[2024-09-09T21:07:03.664-0300] {processor.py:914} INFO - Processing file /mnt/c/Users/teu20/Documents/Poli/Repo/eEDB011-20243/atividade 6 - WSL/airflow/airflow_env/lib/python3.10/site-packages/airflow/example_dags/example_bash_decorator.py for tasks to queue
[2024-09-09T21:07:03.665-0300] {logging_mixin.py:190} INFO - [2024-09-09T21:07:03.665-0300] {dagbag.py:587} INFO - Filling up the DagBag from /mnt/c/Users/teu20/Documents/Poli/Repo/eEDB011-20243/atividade 6 - WSL/airflow/airflow_env/lib/python3.10/site-packages/airflow/example_dags/example_bash_decorator.py
[2024-09-09T21:07:03.688-0300] {processor.py:925} INFO - DAG(s) 'example_bash_decorator' retrieved from /mnt/c/Users/teu20/Documents/Poli/Repo/eEDB011-20243/atividade 6 - WSL/airflow/airflow_env/lib/python3.10/site-packages/airflow/example_dags/example_bash_decorator.py
[2024-09-09T21:07:03.708-0300] {logging_mixin.py:190} INFO - [2024-09-09T21:07:03.707-0300] {dag.py:3229} INFO - Sync 1 DAGs
[2024-09-09T21:07:03.716-0300] {logging_mixin.py:190} INFO - [2024-09-09T21:07:03.715-0300] {dag.py:4156} INFO - Setting next_dagrun for example_bash_decorator to None, run_after=None
[2024-09-09T21:07:03.730-0300] {processor.py:208} INFO - Processing /mnt/c/Users/teu20/Documents/Poli/Repo/eEDB011-20243/atividade 6 - WSL/airflow/airflow_env/lib/python3.10/site-packages/airflow/example_dags/example_bash_decorator.py took 0.075 seconds
[2024-09-09T21:07:34.202-0300] {processor.py:186} INFO - Started process (PID=269308) to work on /mnt/c/Users/teu20/Documents/Poli/Repo/eEDB011-20243/atividade 6 - WSL/airflow/airflow_env/lib/python3.10/site-packages/airflow/example_dags/example_bash_decorator.py
[2024-09-09T21:07:34.203-0300] {processor.py:914} INFO - Processing file /mnt/c/Users/teu20/Documents/Poli/Repo/eEDB011-20243/atividade 6 - WSL/airflow/airflow_env/lib/python3.10/site-packages/airflow/example_dags/example_bash_decorator.py for tasks to queue
[2024-09-09T21:07:34.205-0300] {logging_mixin.py:190} INFO - [2024-09-09T21:07:34.205-0300] {dagbag.py:587} INFO - Filling up the DagBag from /mnt/c/Users/teu20/Documents/Poli/Repo/eEDB011-20243/atividade 6 - WSL/airflow/airflow_env/lib/python3.10/site-packages/airflow/example_dags/example_bash_decorator.py
[2024-09-09T21:07:34.227-0300] {processor.py:925} INFO - DAG(s) 'example_bash_decorator' retrieved from /mnt/c/Users/teu20/Documents/Poli/Repo/eEDB011-20243/atividade 6 - WSL/airflow/airflow_env/lib/python3.10/site-packages/airflow/example_dags/example_bash_decorator.py
[2024-09-09T21:07:34.248-0300] {logging_mixin.py:190} INFO - [2024-09-09T21:07:34.247-0300] {dag.py:3229} INFO - Sync 1 DAGs
[2024-09-09T21:07:34.256-0300] {logging_mixin.py:190} INFO - [2024-09-09T21:07:34.256-0300] {dag.py:4156} INFO - Setting next_dagrun for example_bash_decorator to None, run_after=None
[2024-09-09T21:07:34.271-0300] {processor.py:208} INFO - Processing /mnt/c/Users/teu20/Documents/Poli/Repo/eEDB011-20243/atividade 6 - WSL/airflow/airflow_env/lib/python3.10/site-packages/airflow/example_dags/example_bash_decorator.py took 0.077 seconds
[2024-09-09T21:08:04.615-0300] {processor.py:186} INFO - Started process (PID=269804) to work on /mnt/c/Users/teu20/Documents/Poli/Repo/eEDB011-20243/atividade 6 - WSL/airflow/airflow_env/lib/python3.10/site-packages/airflow/example_dags/example_bash_decorator.py
[2024-09-09T21:08:04.616-0300] {processor.py:914} INFO - Processing file /mnt/c/Users/teu20/Documents/Poli/Repo/eEDB011-20243/atividade 6 - WSL/airflow/airflow_env/lib/python3.10/site-packages/airflow/example_dags/example_bash_decorator.py for tasks to queue
[2024-09-09T21:08:04.618-0300] {logging_mixin.py:190} INFO - [2024-09-09T21:08:04.617-0300] {dagbag.py:587} INFO - Filling up the DagBag from /mnt/c/Users/teu20/Documents/Poli/Repo/eEDB011-20243/atividade 6 - WSL/airflow/airflow_env/lib/python3.10/site-packages/airflow/example_dags/example_bash_decorator.py
[2024-09-09T21:08:04.637-0300] {processor.py:925} INFO - DAG(s) 'example_bash_decorator' retrieved from /mnt/c/Users/teu20/Documents/Poli/Repo/eEDB011-20243/atividade 6 - WSL/airflow/airflow_env/lib/python3.10/site-packages/airflow/example_dags/example_bash_decorator.py
[2024-09-09T21:08:04.657-0300] {logging_mixin.py:190} INFO - [2024-09-09T21:08:04.657-0300] {dag.py:3229} INFO - Sync 1 DAGs
[2024-09-09T21:08:04.666-0300] {logging_mixin.py:190} INFO - [2024-09-09T21:08:04.665-0300] {dag.py:4156} INFO - Setting next_dagrun for example_bash_decorator to None, run_after=None
[2024-09-09T21:08:04.680-0300] {processor.py:208} INFO - Processing /mnt/c/Users/teu20/Documents/Poli/Repo/eEDB011-20243/atividade 6 - WSL/airflow/airflow_env/lib/python3.10/site-packages/airflow/example_dags/example_bash_decorator.py took 0.072 seconds
