[2024-09-09T21:00:25.319-0300] {processor.py:186} INFO - Started process (PID=261625) to work on /mnt/c/Users/teu20/Documents/Poli/Repo/eEDB011-20243/atividade 6 - WSL/airflow/airflow_env/lib/python3.10/site-packages/airflow/example_dags/example_branch_labels.py
[2024-09-09T21:00:25.320-0300] {processor.py:914} INFO - Processing file /mnt/c/Users/teu20/Documents/Poli/Repo/eEDB011-20243/atividade 6 - WSL/airflow/airflow_env/lib/python3.10/site-packages/airflow/example_dags/example_branch_labels.py for tasks to queue
[2024-09-09T21:00:25.322-0300] {logging_mixin.py:190} INFO - [2024-09-09T21:00:25.321-0300] {dagbag.py:587} INFO - Filling up the DagBag from /mnt/c/Users/teu20/Documents/Poli/Repo/eEDB011-20243/atividade 6 - WSL/airflow/airflow_env/lib/python3.10/site-packages/airflow/example_dags/example_branch_labels.py
[2024-09-09T21:00:25.337-0300] {processor.py:925} INFO - DAG(s) 'example_branch_labels' retrieved from /mnt/c/Users/teu20/Documents/Poli/Repo/eEDB011-20243/atividade 6 - WSL/airflow/airflow_env/lib/python3.10/site-packages/airflow/example_dags/example_branch_labels.py
[2024-09-09T21:00:25.355-0300] {logging_mixin.py:190} INFO - [2024-09-09T21:00:25.355-0300] {dag.py:3229} INFO - Sync 1 DAGs
[2024-09-09T21:00:25.367-0300] {logging_mixin.py:190} INFO - [2024-09-09T21:00:25.367-0300] {dag.py:4156} INFO - Setting next_dagrun for example_branch_labels to 2024-09-09 00:00:00+00:00, run_after=2024-09-10 00:00:00+00:00
[2024-09-09T21:00:25.383-0300] {processor.py:208} INFO - Processing /mnt/c/Users/teu20/Documents/Poli/Repo/eEDB011-20243/atividade 6 - WSL/airflow/airflow_env/lib/python3.10/site-packages/airflow/example_dags/example_branch_labels.py took 0.072 seconds
[2024-09-09T21:00:55.904-0300] {processor.py:186} INFO - Started process (PID=262335) to work on /mnt/c/Users/teu20/Documents/Poli/Repo/eEDB011-20243/atividade 6 - WSL/airflow/airflow_env/lib/python3.10/site-packages/airflow/example_dags/example_branch_labels.py
[2024-09-09T21:00:55.905-0300] {processor.py:914} INFO - Processing file /mnt/c/Users/teu20/Documents/Poli/Repo/eEDB011-20243/atividade 6 - WSL/airflow/airflow_env/lib/python3.10/site-packages/airflow/example_dags/example_branch_labels.py for tasks to queue
[2024-09-09T21:00:55.907-0300] {logging_mixin.py:190} INFO - [2024-09-09T21:00:55.906-0300] {dagbag.py:587} INFO - Filling up the DagBag from /mnt/c/Users/teu20/Documents/Poli/Repo/eEDB011-20243/atividade 6 - WSL/airflow/airflow_env/lib/python3.10/site-packages/airflow/example_dags/example_branch_labels.py
[2024-09-09T21:00:55.925-0300] {processor.py:925} INFO - DAG(s) 'example_branch_labels' retrieved from /mnt/c/Users/teu20/Documents/Poli/Repo/eEDB011-20243/atividade 6 - WSL/airflow/airflow_env/lib/python3.10/site-packages/airflow/example_dags/example_branch_labels.py
[2024-09-09T21:00:55.942-0300] {logging_mixin.py:190} INFO - [2024-09-09T21:00:55.942-0300] {dag.py:3229} INFO - Sync 1 DAGs
[2024-09-09T21:00:55.954-0300] {logging_mixin.py:190} INFO - [2024-09-09T21:00:55.954-0300] {dag.py:4156} INFO - Setting next_dagrun for example_branch_labels to 2024-09-09 00:00:00+00:00, run_after=2024-09-10 00:00:00+00:00
[2024-09-09T21:00:55.968-0300] {processor.py:208} INFO - Processing /mnt/c/Users/teu20/Documents/Poli/Repo/eEDB011-20243/atividade 6 - WSL/airflow/airflow_env/lib/python3.10/site-packages/airflow/example_dags/example_branch_labels.py took 0.071 seconds
[2024-09-09T21:01:26.997-0300] {processor.py:186} INFO - Started process (PID=262772) to work on /mnt/c/Users/teu20/Documents/Poli/Repo/eEDB011-20243/atividade 6 - WSL/airflow/airflow_env/lib/python3.10/site-packages/airflow/example_dags/example_branch_labels.py
[2024-09-09T21:01:26.998-0300] {processor.py:914} INFO - Processing file /mnt/c/Users/teu20/Documents/Poli/Repo/eEDB011-20243/atividade 6 - WSL/airflow/airflow_env/lib/python3.10/site-packages/airflow/example_dags/example_branch_labels.py for tasks to queue
[2024-09-09T21:01:27.000-0300] {logging_mixin.py:190} INFO - [2024-09-09T21:01:26.999-0300] {dagbag.py:587} INFO - Filling up the DagBag from /mnt/c/Users/teu20/Documents/Poli/Repo/eEDB011-20243/atividade 6 - WSL/airflow/airflow_env/lib/python3.10/site-packages/airflow/example_dags/example_branch_labels.py
[2024-09-09T21:01:27.018-0300] {processor.py:925} INFO - DAG(s) 'example_branch_labels' retrieved from /mnt/c/Users/teu20/Documents/Poli/Repo/eEDB011-20243/atividade 6 - WSL/airflow/airflow_env/lib/python3.10/site-packages/airflow/example_dags/example_branch_labels.py
[2024-09-09T21:01:27.038-0300] {logging_mixin.py:190} INFO - [2024-09-09T21:01:27.037-0300] {dag.py:3229} INFO - Sync 1 DAGs
[2024-09-09T21:01:27.055-0300] {logging_mixin.py:190} INFO - [2024-09-09T21:01:27.054-0300] {dag.py:4156} INFO - Setting next_dagrun for example_branch_labels to 2024-09-09 00:00:00+00:00, run_after=2024-09-10 00:00:00+00:00
[2024-09-09T21:01:27.071-0300] {processor.py:208} INFO - Processing /mnt/c/Users/teu20/Documents/Poli/Repo/eEDB011-20243/atividade 6 - WSL/airflow/airflow_env/lib/python3.10/site-packages/airflow/example_dags/example_branch_labels.py took 0.082 seconds
[2024-09-09T21:01:58.132-0300] {processor.py:186} INFO - Started process (PID=263205) to work on /mnt/c/Users/teu20/Documents/Poli/Repo/eEDB011-20243/atividade 6 - WSL/airflow/airflow_env/lib/python3.10/site-packages/airflow/example_dags/example_branch_labels.py
[2024-09-09T21:01:58.133-0300] {processor.py:914} INFO - Processing file /mnt/c/Users/teu20/Documents/Poli/Repo/eEDB011-20243/atividade 6 - WSL/airflow/airflow_env/lib/python3.10/site-packages/airflow/example_dags/example_branch_labels.py for tasks to queue
[2024-09-09T21:01:58.135-0300] {logging_mixin.py:190} INFO - [2024-09-09T21:01:58.134-0300] {dagbag.py:587} INFO - Filling up the DagBag from /mnt/c/Users/teu20/Documents/Poli/Repo/eEDB011-20243/atividade 6 - WSL/airflow/airflow_env/lib/python3.10/site-packages/airflow/example_dags/example_branch_labels.py
[2024-09-09T21:01:58.150-0300] {processor.py:925} INFO - DAG(s) 'example_branch_labels' retrieved from /mnt/c/Users/teu20/Documents/Poli/Repo/eEDB011-20243/atividade 6 - WSL/airflow/airflow_env/lib/python3.10/site-packages/airflow/example_dags/example_branch_labels.py
[2024-09-09T21:01:58.169-0300] {logging_mixin.py:190} INFO - [2024-09-09T21:01:58.168-0300] {dag.py:3229} INFO - Sync 1 DAGs
[2024-09-09T21:01:58.182-0300] {logging_mixin.py:190} INFO - [2024-09-09T21:01:58.181-0300] {dag.py:4156} INFO - Setting next_dagrun for example_branch_labels to 2024-09-09 00:00:00+00:00, run_after=2024-09-10 00:00:00+00:00
[2024-09-09T21:01:58.198-0300] {processor.py:208} INFO - Processing /mnt/c/Users/teu20/Documents/Poli/Repo/eEDB011-20243/atividade 6 - WSL/airflow/airflow_env/lib/python3.10/site-packages/airflow/example_dags/example_branch_labels.py took 0.073 seconds
[2024-09-09T21:02:28.900-0300] {processor.py:186} INFO - Started process (PID=263636) to work on /mnt/c/Users/teu20/Documents/Poli/Repo/eEDB011-20243/atividade 6 - WSL/airflow/airflow_env/lib/python3.10/site-packages/airflow/example_dags/example_branch_labels.py
[2024-09-09T21:02:28.901-0300] {processor.py:914} INFO - Processing file /mnt/c/Users/teu20/Documents/Poli/Repo/eEDB011-20243/atividade 6 - WSL/airflow/airflow_env/lib/python3.10/site-packages/airflow/example_dags/example_branch_labels.py for tasks to queue
[2024-09-09T21:02:28.903-0300] {logging_mixin.py:190} INFO - [2024-09-09T21:02:28.903-0300] {dagbag.py:587} INFO - Filling up the DagBag from /mnt/c/Users/teu20/Documents/Poli/Repo/eEDB011-20243/atividade 6 - WSL/airflow/airflow_env/lib/python3.10/site-packages/airflow/example_dags/example_branch_labels.py
[2024-09-09T21:02:28.923-0300] {processor.py:925} INFO - DAG(s) 'example_branch_labels' retrieved from /mnt/c/Users/teu20/Documents/Poli/Repo/eEDB011-20243/atividade 6 - WSL/airflow/airflow_env/lib/python3.10/site-packages/airflow/example_dags/example_branch_labels.py
[2024-09-09T21:02:28.945-0300] {logging_mixin.py:190} INFO - [2024-09-09T21:02:28.944-0300] {dag.py:3229} INFO - Sync 1 DAGs
[2024-09-09T21:02:28.960-0300] {logging_mixin.py:190} INFO - [2024-09-09T21:02:28.959-0300] {dag.py:4156} INFO - Setting next_dagrun for example_branch_labels to 2024-09-09 00:00:00+00:00, run_after=2024-09-10 00:00:00+00:00
[2024-09-09T21:02:28.976-0300] {processor.py:208} INFO - Processing /mnt/c/Users/teu20/Documents/Poli/Repo/eEDB011-20243/atividade 6 - WSL/airflow/airflow_env/lib/python3.10/site-packages/airflow/example_dags/example_branch_labels.py took 0.085 seconds
[2024-09-09T21:02:59.283-0300] {processor.py:186} INFO - Started process (PID=264063) to work on /mnt/c/Users/teu20/Documents/Poli/Repo/eEDB011-20243/atividade 6 - WSL/airflow/airflow_env/lib/python3.10/site-packages/airflow/example_dags/example_branch_labels.py
[2024-09-09T21:02:59.284-0300] {processor.py:914} INFO - Processing file /mnt/c/Users/teu20/Documents/Poli/Repo/eEDB011-20243/atividade 6 - WSL/airflow/airflow_env/lib/python3.10/site-packages/airflow/example_dags/example_branch_labels.py for tasks to queue
[2024-09-09T21:02:59.286-0300] {logging_mixin.py:190} INFO - [2024-09-09T21:02:59.286-0300] {dagbag.py:587} INFO - Filling up the DagBag from /mnt/c/Users/teu20/Documents/Poli/Repo/eEDB011-20243/atividade 6 - WSL/airflow/airflow_env/lib/python3.10/site-packages/airflow/example_dags/example_branch_labels.py
[2024-09-09T21:02:59.305-0300] {processor.py:925} INFO - DAG(s) 'example_branch_labels' retrieved from /mnt/c/Users/teu20/Documents/Poli/Repo/eEDB011-20243/atividade 6 - WSL/airflow/airflow_env/lib/python3.10/site-packages/airflow/example_dags/example_branch_labels.py
[2024-09-09T21:02:59.325-0300] {logging_mixin.py:190} INFO - [2024-09-09T21:02:59.325-0300] {dag.py:3229} INFO - Sync 1 DAGs
[2024-09-09T21:02:59.339-0300] {logging_mixin.py:190} INFO - [2024-09-09T21:02:59.338-0300] {dag.py:4156} INFO - Setting next_dagrun for example_branch_labels to 2024-09-09 00:00:00+00:00, run_after=2024-09-10 00:00:00+00:00
[2024-09-09T21:02:59.354-0300] {processor.py:208} INFO - Processing /mnt/c/Users/teu20/Documents/Poli/Repo/eEDB011-20243/atividade 6 - WSL/airflow/airflow_env/lib/python3.10/site-packages/airflow/example_dags/example_branch_labels.py took 0.079 seconds
[2024-09-09T21:03:29.756-0300] {processor.py:186} INFO - Started process (PID=264495) to work on /mnt/c/Users/teu20/Documents/Poli/Repo/eEDB011-20243/atividade 6 - WSL/airflow/airflow_env/lib/python3.10/site-packages/airflow/example_dags/example_branch_labels.py
[2024-09-09T21:03:29.757-0300] {processor.py:914} INFO - Processing file /mnt/c/Users/teu20/Documents/Poli/Repo/eEDB011-20243/atividade 6 - WSL/airflow/airflow_env/lib/python3.10/site-packages/airflow/example_dags/example_branch_labels.py for tasks to queue
[2024-09-09T21:03:29.760-0300] {logging_mixin.py:190} INFO - [2024-09-09T21:03:29.759-0300] {dagbag.py:587} INFO - Filling up the DagBag from /mnt/c/Users/teu20/Documents/Poli/Repo/eEDB011-20243/atividade 6 - WSL/airflow/airflow_env/lib/python3.10/site-packages/airflow/example_dags/example_branch_labels.py
[2024-09-09T21:03:29.779-0300] {processor.py:925} INFO - DAG(s) 'example_branch_labels' retrieved from /mnt/c/Users/teu20/Documents/Poli/Repo/eEDB011-20243/atividade 6 - WSL/airflow/airflow_env/lib/python3.10/site-packages/airflow/example_dags/example_branch_labels.py
[2024-09-09T21:03:29.801-0300] {logging_mixin.py:190} INFO - [2024-09-09T21:03:29.800-0300] {dag.py:3229} INFO - Sync 1 DAGs
[2024-09-09T21:03:29.818-0300] {logging_mixin.py:190} INFO - [2024-09-09T21:03:29.818-0300] {dag.py:4156} INFO - Setting next_dagrun for example_branch_labels to 2024-09-09 00:00:00+00:00, run_after=2024-09-10 00:00:00+00:00
[2024-09-09T21:03:29.839-0300] {processor.py:208} INFO - Processing /mnt/c/Users/teu20/Documents/Poli/Repo/eEDB011-20243/atividade 6 - WSL/airflow/airflow_env/lib/python3.10/site-packages/airflow/example_dags/example_branch_labels.py took 0.092 seconds
[2024-09-09T21:04:00.419-0300] {processor.py:186} INFO - Started process (PID=264934) to work on /mnt/c/Users/teu20/Documents/Poli/Repo/eEDB011-20243/atividade 6 - WSL/airflow/airflow_env/lib/python3.10/site-packages/airflow/example_dags/example_branch_labels.py
[2024-09-09T21:04:00.420-0300] {processor.py:914} INFO - Processing file /mnt/c/Users/teu20/Documents/Poli/Repo/eEDB011-20243/atividade 6 - WSL/airflow/airflow_env/lib/python3.10/site-packages/airflow/example_dags/example_branch_labels.py for tasks to queue
[2024-09-09T21:04:00.422-0300] {logging_mixin.py:190} INFO - [2024-09-09T21:04:00.421-0300] {dagbag.py:587} INFO - Filling up the DagBag from /mnt/c/Users/teu20/Documents/Poli/Repo/eEDB011-20243/atividade 6 - WSL/airflow/airflow_env/lib/python3.10/site-packages/airflow/example_dags/example_branch_labels.py
[2024-09-09T21:04:00.440-0300] {processor.py:925} INFO - DAG(s) 'example_branch_labels' retrieved from /mnt/c/Users/teu20/Documents/Poli/Repo/eEDB011-20243/atividade 6 - WSL/airflow/airflow_env/lib/python3.10/site-packages/airflow/example_dags/example_branch_labels.py
[2024-09-09T21:04:00.459-0300] {logging_mixin.py:190} INFO - [2024-09-09T21:04:00.458-0300] {dag.py:3229} INFO - Sync 1 DAGs
[2024-09-09T21:04:00.472-0300] {logging_mixin.py:190} INFO - [2024-09-09T21:04:00.471-0300] {dag.py:4156} INFO - Setting next_dagrun for example_branch_labels to 2024-09-09 00:00:00+00:00, run_after=2024-09-10 00:00:00+00:00
[2024-09-09T21:04:00.487-0300] {processor.py:208} INFO - Processing /mnt/c/Users/teu20/Documents/Poli/Repo/eEDB011-20243/atividade 6 - WSL/airflow/airflow_env/lib/python3.10/site-packages/airflow/example_dags/example_branch_labels.py took 0.076 seconds
[2024-09-09T21:04:30.977-0300] {processor.py:186} INFO - Started process (PID=265370) to work on /mnt/c/Users/teu20/Documents/Poli/Repo/eEDB011-20243/atividade 6 - WSL/airflow/airflow_env/lib/python3.10/site-packages/airflow/example_dags/example_branch_labels.py
[2024-09-09T21:04:30.979-0300] {processor.py:914} INFO - Processing file /mnt/c/Users/teu20/Documents/Poli/Repo/eEDB011-20243/atividade 6 - WSL/airflow/airflow_env/lib/python3.10/site-packages/airflow/example_dags/example_branch_labels.py for tasks to queue
[2024-09-09T21:04:30.980-0300] {logging_mixin.py:190} INFO - [2024-09-09T21:04:30.980-0300] {dagbag.py:587} INFO - Filling up the DagBag from /mnt/c/Users/teu20/Documents/Poli/Repo/eEDB011-20243/atividade 6 - WSL/airflow/airflow_env/lib/python3.10/site-packages/airflow/example_dags/example_branch_labels.py
[2024-09-09T21:04:31.000-0300] {processor.py:925} INFO - DAG(s) 'example_branch_labels' retrieved from /mnt/c/Users/teu20/Documents/Poli/Repo/eEDB011-20243/atividade 6 - WSL/airflow/airflow_env/lib/python3.10/site-packages/airflow/example_dags/example_branch_labels.py
[2024-09-09T21:04:31.019-0300] {logging_mixin.py:190} INFO - [2024-09-09T21:04:31.018-0300] {dag.py:3229} INFO - Sync 1 DAGs
[2024-09-09T21:04:31.032-0300] {logging_mixin.py:190} INFO - [2024-09-09T21:04:31.031-0300] {dag.py:4156} INFO - Setting next_dagrun for example_branch_labels to 2024-09-09 00:00:00+00:00, run_after=2024-09-10 00:00:00+00:00
[2024-09-09T21:04:31.047-0300] {processor.py:208} INFO - Processing /mnt/c/Users/teu20/Documents/Poli/Repo/eEDB011-20243/atividade 6 - WSL/airflow/airflow_env/lib/python3.10/site-packages/airflow/example_dags/example_branch_labels.py took 0.078 seconds
[2024-09-09T21:05:01.405-0300] {processor.py:186} INFO - Started process (PID=266586) to work on /mnt/c/Users/teu20/Documents/Poli/Repo/eEDB011-20243/atividade 6 - WSL/airflow/airflow_env/lib/python3.10/site-packages/airflow/example_dags/example_branch_labels.py
[2024-09-09T21:05:01.407-0300] {processor.py:914} INFO - Processing file /mnt/c/Users/teu20/Documents/Poli/Repo/eEDB011-20243/atividade 6 - WSL/airflow/airflow_env/lib/python3.10/site-packages/airflow/example_dags/example_branch_labels.py for tasks to queue
[2024-09-09T21:05:01.408-0300] {logging_mixin.py:190} INFO - [2024-09-09T21:05:01.408-0300] {dagbag.py:587} INFO - Filling up the DagBag from /mnt/c/Users/teu20/Documents/Poli/Repo/eEDB011-20243/atividade 6 - WSL/airflow/airflow_env/lib/python3.10/site-packages/airflow/example_dags/example_branch_labels.py
[2024-09-09T21:05:01.424-0300] {processor.py:925} INFO - DAG(s) 'example_branch_labels' retrieved from /mnt/c/Users/teu20/Documents/Poli/Repo/eEDB011-20243/atividade 6 - WSL/airflow/airflow_env/lib/python3.10/site-packages/airflow/example_dags/example_branch_labels.py
[2024-09-09T21:05:01.442-0300] {logging_mixin.py:190} INFO - [2024-09-09T21:05:01.442-0300] {dag.py:3229} INFO - Sync 1 DAGs
[2024-09-09T21:05:01.454-0300] {logging_mixin.py:190} INFO - [2024-09-09T21:05:01.454-0300] {dag.py:4156} INFO - Setting next_dagrun for example_branch_labels to 2024-09-09 00:00:00+00:00, run_after=2024-09-10 00:00:00+00:00
[2024-09-09T21:05:01.469-0300] {processor.py:208} INFO - Processing /mnt/c/Users/teu20/Documents/Poli/Repo/eEDB011-20243/atividade 6 - WSL/airflow/airflow_env/lib/python3.10/site-packages/airflow/example_dags/example_branch_labels.py took 0.071 seconds
[2024-09-09T21:05:31.913-0300] {processor.py:186} INFO - Started process (PID=267113) to work on /mnt/c/Users/teu20/Documents/Poli/Repo/eEDB011-20243/atividade 6 - WSL/airflow/airflow_env/lib/python3.10/site-packages/airflow/example_dags/example_branch_labels.py
[2024-09-09T21:05:31.914-0300] {processor.py:914} INFO - Processing file /mnt/c/Users/teu20/Documents/Poli/Repo/eEDB011-20243/atividade 6 - WSL/airflow/airflow_env/lib/python3.10/site-packages/airflow/example_dags/example_branch_labels.py for tasks to queue
[2024-09-09T21:05:31.916-0300] {logging_mixin.py:190} INFO - [2024-09-09T21:05:31.915-0300] {dagbag.py:587} INFO - Filling up the DagBag from /mnt/c/Users/teu20/Documents/Poli/Repo/eEDB011-20243/atividade 6 - WSL/airflow/airflow_env/lib/python3.10/site-packages/airflow/example_dags/example_branch_labels.py
[2024-09-09T21:05:31.934-0300] {processor.py:925} INFO - DAG(s) 'example_branch_labels' retrieved from /mnt/c/Users/teu20/Documents/Poli/Repo/eEDB011-20243/atividade 6 - WSL/airflow/airflow_env/lib/python3.10/site-packages/airflow/example_dags/example_branch_labels.py
[2024-09-09T21:05:31.953-0300] {logging_mixin.py:190} INFO - [2024-09-09T21:05:31.952-0300] {dag.py:3229} INFO - Sync 1 DAGs
[2024-09-09T21:05:31.967-0300] {logging_mixin.py:190} INFO - [2024-09-09T21:05:31.966-0300] {dag.py:4156} INFO - Setting next_dagrun for example_branch_labels to 2024-09-09 00:00:00+00:00, run_after=2024-09-10 00:00:00+00:00
[2024-09-09T21:05:31.981-0300] {processor.py:208} INFO - Processing /mnt/c/Users/teu20/Documents/Poli/Repo/eEDB011-20243/atividade 6 - WSL/airflow/airflow_env/lib/python3.10/site-packages/airflow/example_dags/example_branch_labels.py took 0.076 seconds
[2024-09-09T21:06:02.482-0300] {processor.py:186} INFO - Started process (PID=267544) to work on /mnt/c/Users/teu20/Documents/Poli/Repo/eEDB011-20243/atividade 6 - WSL/airflow/airflow_env/lib/python3.10/site-packages/airflow/example_dags/example_branch_labels.py
[2024-09-09T21:06:02.484-0300] {processor.py:914} INFO - Processing file /mnt/c/Users/teu20/Documents/Poli/Repo/eEDB011-20243/atividade 6 - WSL/airflow/airflow_env/lib/python3.10/site-packages/airflow/example_dags/example_branch_labels.py for tasks to queue
[2024-09-09T21:06:02.486-0300] {logging_mixin.py:190} INFO - [2024-09-09T21:06:02.485-0300] {dagbag.py:587} INFO - Filling up the DagBag from /mnt/c/Users/teu20/Documents/Poli/Repo/eEDB011-20243/atividade 6 - WSL/airflow/airflow_env/lib/python3.10/site-packages/airflow/example_dags/example_branch_labels.py
[2024-09-09T21:06:02.507-0300] {processor.py:925} INFO - DAG(s) 'example_branch_labels' retrieved from /mnt/c/Users/teu20/Documents/Poli/Repo/eEDB011-20243/atividade 6 - WSL/airflow/airflow_env/lib/python3.10/site-packages/airflow/example_dags/example_branch_labels.py
[2024-09-09T21:06:02.527-0300] {logging_mixin.py:190} INFO - [2024-09-09T21:06:02.527-0300] {dag.py:3229} INFO - Sync 1 DAGs
[2024-09-09T21:06:02.541-0300] {logging_mixin.py:190} INFO - [2024-09-09T21:06:02.541-0300] {dag.py:4156} INFO - Setting next_dagrun for example_branch_labels to 2024-09-09 00:00:00+00:00, run_after=2024-09-10 00:00:00+00:00
[2024-09-09T21:06:02.557-0300] {processor.py:208} INFO - Processing /mnt/c/Users/teu20/Documents/Poli/Repo/eEDB011-20243/atividade 6 - WSL/airflow/airflow_env/lib/python3.10/site-packages/airflow/example_dags/example_branch_labels.py took 0.084 seconds
[2024-09-09T21:06:32.896-0300] {processor.py:186} INFO - Started process (PID=267997) to work on /mnt/c/Users/teu20/Documents/Poli/Repo/eEDB011-20243/atividade 6 - WSL/airflow/airflow_env/lib/python3.10/site-packages/airflow/example_dags/example_branch_labels.py
[2024-09-09T21:06:32.897-0300] {processor.py:914} INFO - Processing file /mnt/c/Users/teu20/Documents/Poli/Repo/eEDB011-20243/atividade 6 - WSL/airflow/airflow_env/lib/python3.10/site-packages/airflow/example_dags/example_branch_labels.py for tasks to queue
[2024-09-09T21:06:32.899-0300] {logging_mixin.py:190} INFO - [2024-09-09T21:06:32.898-0300] {dagbag.py:587} INFO - Filling up the DagBag from /mnt/c/Users/teu20/Documents/Poli/Repo/eEDB011-20243/atividade 6 - WSL/airflow/airflow_env/lib/python3.10/site-packages/airflow/example_dags/example_branch_labels.py
[2024-09-09T21:06:32.916-0300] {processor.py:925} INFO - DAG(s) 'example_branch_labels' retrieved from /mnt/c/Users/teu20/Documents/Poli/Repo/eEDB011-20243/atividade 6 - WSL/airflow/airflow_env/lib/python3.10/site-packages/airflow/example_dags/example_branch_labels.py
[2024-09-09T21:06:32.935-0300] {logging_mixin.py:190} INFO - [2024-09-09T21:06:32.935-0300] {dag.py:3229} INFO - Sync 1 DAGs
[2024-09-09T21:06:32.948-0300] {logging_mixin.py:190} INFO - [2024-09-09T21:06:32.947-0300] {dag.py:4156} INFO - Setting next_dagrun for example_branch_labels to 2024-09-09 00:00:00+00:00, run_after=2024-09-10 00:00:00+00:00
[2024-09-09T21:06:32.963-0300] {processor.py:208} INFO - Processing /mnt/c/Users/teu20/Documents/Poli/Repo/eEDB011-20243/atividade 6 - WSL/airflow/airflow_env/lib/python3.10/site-packages/airflow/example_dags/example_branch_labels.py took 0.075 seconds
[2024-09-09T21:07:03.286-0300] {processor.py:186} INFO - Started process (PID=268616) to work on /mnt/c/Users/teu20/Documents/Poli/Repo/eEDB011-20243/atividade 6 - WSL/airflow/airflow_env/lib/python3.10/site-packages/airflow/example_dags/example_branch_labels.py
[2024-09-09T21:07:03.287-0300] {processor.py:914} INFO - Processing file /mnt/c/Users/teu20/Documents/Poli/Repo/eEDB011-20243/atividade 6 - WSL/airflow/airflow_env/lib/python3.10/site-packages/airflow/example_dags/example_branch_labels.py for tasks to queue
[2024-09-09T21:07:03.289-0300] {logging_mixin.py:190} INFO - [2024-09-09T21:07:03.288-0300] {dagbag.py:587} INFO - Filling up the DagBag from /mnt/c/Users/teu20/Documents/Poli/Repo/eEDB011-20243/atividade 6 - WSL/airflow/airflow_env/lib/python3.10/site-packages/airflow/example_dags/example_branch_labels.py
[2024-09-09T21:07:03.304-0300] {processor.py:925} INFO - DAG(s) 'example_branch_labels' retrieved from /mnt/c/Users/teu20/Documents/Poli/Repo/eEDB011-20243/atividade 6 - WSL/airflow/airflow_env/lib/python3.10/site-packages/airflow/example_dags/example_branch_labels.py
[2024-09-09T21:07:03.322-0300] {logging_mixin.py:190} INFO - [2024-09-09T21:07:03.322-0300] {dag.py:3229} INFO - Sync 1 DAGs
[2024-09-09T21:07:03.335-0300] {logging_mixin.py:190} INFO - [2024-09-09T21:07:03.334-0300] {dag.py:4156} INFO - Setting next_dagrun for example_branch_labels to 2024-09-09 00:00:00+00:00, run_after=2024-09-10 00:00:00+00:00
[2024-09-09T21:07:03.349-0300] {processor.py:208} INFO - Processing /mnt/c/Users/teu20/Documents/Poli/Repo/eEDB011-20243/atividade 6 - WSL/airflow/airflow_env/lib/python3.10/site-packages/airflow/example_dags/example_branch_labels.py took 0.071 seconds
[2024-09-09T21:07:33.807-0300] {processor.py:186} INFO - Started process (PID=269287) to work on /mnt/c/Users/teu20/Documents/Poli/Repo/eEDB011-20243/atividade 6 - WSL/airflow/airflow_env/lib/python3.10/site-packages/airflow/example_dags/example_branch_labels.py
[2024-09-09T21:07:33.808-0300] {processor.py:914} INFO - Processing file /mnt/c/Users/teu20/Documents/Poli/Repo/eEDB011-20243/atividade 6 - WSL/airflow/airflow_env/lib/python3.10/site-packages/airflow/example_dags/example_branch_labels.py for tasks to queue
[2024-09-09T21:07:33.810-0300] {logging_mixin.py:190} INFO - [2024-09-09T21:07:33.809-0300] {dagbag.py:587} INFO - Filling up the DagBag from /mnt/c/Users/teu20/Documents/Poli/Repo/eEDB011-20243/atividade 6 - WSL/airflow/airflow_env/lib/python3.10/site-packages/airflow/example_dags/example_branch_labels.py
[2024-09-09T21:07:33.825-0300] {processor.py:925} INFO - DAG(s) 'example_branch_labels' retrieved from /mnt/c/Users/teu20/Documents/Poli/Repo/eEDB011-20243/atividade 6 - WSL/airflow/airflow_env/lib/python3.10/site-packages/airflow/example_dags/example_branch_labels.py
[2024-09-09T21:07:33.844-0300] {logging_mixin.py:190} INFO - [2024-09-09T21:07:33.843-0300] {dag.py:3229} INFO - Sync 1 DAGs
[2024-09-09T21:07:33.857-0300] {logging_mixin.py:190} INFO - [2024-09-09T21:07:33.856-0300] {dag.py:4156} INFO - Setting next_dagrun for example_branch_labels to 2024-09-09 00:00:00+00:00, run_after=2024-09-10 00:00:00+00:00
[2024-09-09T21:07:33.873-0300] {processor.py:208} INFO - Processing /mnt/c/Users/teu20/Documents/Poli/Repo/eEDB011-20243/atividade 6 - WSL/airflow/airflow_env/lib/python3.10/site-packages/airflow/example_dags/example_branch_labels.py took 0.074 seconds
[2024-09-09T21:08:04.316-0300] {processor.py:186} INFO - Started process (PID=269785) to work on /mnt/c/Users/teu20/Documents/Poli/Repo/eEDB011-20243/atividade 6 - WSL/airflow/airflow_env/lib/python3.10/site-packages/airflow/example_dags/example_branch_labels.py
[2024-09-09T21:08:04.317-0300] {processor.py:914} INFO - Processing file /mnt/c/Users/teu20/Documents/Poli/Repo/eEDB011-20243/atividade 6 - WSL/airflow/airflow_env/lib/python3.10/site-packages/airflow/example_dags/example_branch_labels.py for tasks to queue
[2024-09-09T21:08:04.319-0300] {logging_mixin.py:190} INFO - [2024-09-09T21:08:04.319-0300] {dagbag.py:587} INFO - Filling up the DagBag from /mnt/c/Users/teu20/Documents/Poli/Repo/eEDB011-20243/atividade 6 - WSL/airflow/airflow_env/lib/python3.10/site-packages/airflow/example_dags/example_branch_labels.py
[2024-09-09T21:08:04.336-0300] {processor.py:925} INFO - DAG(s) 'example_branch_labels' retrieved from /mnt/c/Users/teu20/Documents/Poli/Repo/eEDB011-20243/atividade 6 - WSL/airflow/airflow_env/lib/python3.10/site-packages/airflow/example_dags/example_branch_labels.py
[2024-09-09T21:08:04.355-0300] {logging_mixin.py:190} INFO - [2024-09-09T21:08:04.354-0300] {dag.py:3229} INFO - Sync 1 DAGs
[2024-09-09T21:08:04.368-0300] {logging_mixin.py:190} INFO - [2024-09-09T21:08:04.367-0300] {dag.py:4156} INFO - Setting next_dagrun for example_branch_labels to 2024-09-09 00:00:00+00:00, run_after=2024-09-10 00:00:00+00:00
[2024-09-09T21:08:04.382-0300] {processor.py:208} INFO - Processing /mnt/c/Users/teu20/Documents/Poli/Repo/eEDB011-20243/atividade 6 - WSL/airflow/airflow_env/lib/python3.10/site-packages/airflow/example_dags/example_branch_labels.py took 0.073 seconds
