[2024-09-09T21:00:23.800-0300] {processor.py:186} INFO - Started process (PID=261529) to work on /mnt/c/Users/teu20/Documents/Poli/Repo/eEDB011-20243/atividade 6 - WSL/airflow/airflow_env/lib/python3.10/site-packages/airflow/example_dags/example_outlet_event_extra.py
[2024-09-09T21:00:23.801-0300] {processor.py:914} INFO - Processing file /mnt/c/Users/teu20/Documents/Poli/Repo/eEDB011-20243/atividade 6 - WSL/airflow/airflow_env/lib/python3.10/site-packages/airflow/example_dags/example_outlet_event_extra.py for tasks to queue
[2024-09-09T21:00:23.803-0300] {logging_mixin.py:190} INFO - [2024-09-09T21:00:23.802-0300] {dagbag.py:587} INFO - Filling up the DagBag from /mnt/c/Users/teu20/Documents/Poli/Repo/eEDB011-20243/atividade 6 - WSL/airflow/airflow_env/lib/python3.10/site-packages/airflow/example_dags/example_outlet_event_extra.py
[2024-09-09T21:00:23.884-0300] {processor.py:925} INFO - DAG(s) 'dataset_with_extra_by_yield', 'dataset_with_extra_by_context', 'dataset_with_extra_from_classic_operator' retrieved from /mnt/c/Users/teu20/Documents/Poli/Repo/eEDB011-20243/atividade 6 - WSL/airflow/airflow_env/lib/python3.10/site-packages/airflow/example_dags/example_outlet_event_extra.py
[2024-09-09T21:00:23.908-0300] {logging_mixin.py:190} INFO - [2024-09-09T21:00:23.908-0300] {dag.py:3229} INFO - Sync 3 DAGs
[2024-09-09T21:00:23.921-0300] {logging_mixin.py:190} INFO - [2024-09-09T21:00:23.920-0300] {dag.py:4156} INFO - Setting next_dagrun for dataset_with_extra_by_context to 2024-09-09 00:00:00+00:00, run_after=2024-09-10 00:00:00+00:00
[2024-09-09T21:00:23.925-0300] {logging_mixin.py:190} INFO - [2024-09-09T21:00:23.924-0300] {dag.py:4156} INFO - Setting next_dagrun for dataset_with_extra_by_yield to 2024-09-09 00:00:00+00:00, run_after=2024-09-10 00:00:00+00:00
[2024-09-09T21:00:23.927-0300] {logging_mixin.py:190} INFO - [2024-09-09T21:00:23.927-0300] {dag.py:4156} INFO - Setting next_dagrun for dataset_with_extra_from_classic_operator to 2024-09-09 00:00:00+00:00, run_after=2024-09-10 00:00:00+00:00
[2024-09-09T21:00:23.944-0300] {processor.py:208} INFO - Processing /mnt/c/Users/teu20/Documents/Poli/Repo/eEDB011-20243/atividade 6 - WSL/airflow/airflow_env/lib/python3.10/site-packages/airflow/example_dags/example_outlet_event_extra.py took 0.151 seconds
[2024-09-09T21:00:54.553-0300] {processor.py:186} INFO - Started process (PID=262238) to work on /mnt/c/Users/teu20/Documents/Poli/Repo/eEDB011-20243/atividade 6 - WSL/airflow/airflow_env/lib/python3.10/site-packages/airflow/example_dags/example_outlet_event_extra.py
[2024-09-09T21:00:54.554-0300] {processor.py:914} INFO - Processing file /mnt/c/Users/teu20/Documents/Poli/Repo/eEDB011-20243/atividade 6 - WSL/airflow/airflow_env/lib/python3.10/site-packages/airflow/example_dags/example_outlet_event_extra.py for tasks to queue
[2024-09-09T21:00:54.556-0300] {logging_mixin.py:190} INFO - [2024-09-09T21:00:54.555-0300] {dagbag.py:587} INFO - Filling up the DagBag from /mnt/c/Users/teu20/Documents/Poli/Repo/eEDB011-20243/atividade 6 - WSL/airflow/airflow_env/lib/python3.10/site-packages/airflow/example_dags/example_outlet_event_extra.py
[2024-09-09T21:00:54.638-0300] {processor.py:925} INFO - DAG(s) 'dataset_with_extra_by_yield', 'dataset_with_extra_from_classic_operator', 'dataset_with_extra_by_context' retrieved from /mnt/c/Users/teu20/Documents/Poli/Repo/eEDB011-20243/atividade 6 - WSL/airflow/airflow_env/lib/python3.10/site-packages/airflow/example_dags/example_outlet_event_extra.py
[2024-09-09T21:00:54.662-0300] {logging_mixin.py:190} INFO - [2024-09-09T21:00:54.661-0300] {dag.py:3229} INFO - Sync 3 DAGs
[2024-09-09T21:00:54.674-0300] {logging_mixin.py:190} INFO - [2024-09-09T21:00:54.674-0300] {dag.py:4156} INFO - Setting next_dagrun for dataset_with_extra_by_context to 2024-09-09 00:00:00+00:00, run_after=2024-09-10 00:00:00+00:00
[2024-09-09T21:00:54.678-0300] {logging_mixin.py:190} INFO - [2024-09-09T21:00:54.677-0300] {dag.py:4156} INFO - Setting next_dagrun for dataset_with_extra_by_yield to 2024-09-09 00:00:00+00:00, run_after=2024-09-10 00:00:00+00:00
[2024-09-09T21:00:54.680-0300] {logging_mixin.py:190} INFO - [2024-09-09T21:00:54.680-0300] {dag.py:4156} INFO - Setting next_dagrun for dataset_with_extra_from_classic_operator to 2024-09-09 00:00:00+00:00, run_after=2024-09-10 00:00:00+00:00
[2024-09-09T21:00:54.697-0300] {processor.py:208} INFO - Processing /mnt/c/Users/teu20/Documents/Poli/Repo/eEDB011-20243/atividade 6 - WSL/airflow/airflow_env/lib/python3.10/site-packages/airflow/example_dags/example_outlet_event_extra.py took 0.152 seconds
[2024-09-09T21:01:25.783-0300] {processor.py:186} INFO - Started process (PID=262677) to work on /mnt/c/Users/teu20/Documents/Poli/Repo/eEDB011-20243/atividade 6 - WSL/airflow/airflow_env/lib/python3.10/site-packages/airflow/example_dags/example_outlet_event_extra.py
[2024-09-09T21:01:25.785-0300] {processor.py:914} INFO - Processing file /mnt/c/Users/teu20/Documents/Poli/Repo/eEDB011-20243/atividade 6 - WSL/airflow/airflow_env/lib/python3.10/site-packages/airflow/example_dags/example_outlet_event_extra.py for tasks to queue
[2024-09-09T21:01:25.787-0300] {logging_mixin.py:190} INFO - [2024-09-09T21:01:25.786-0300] {dagbag.py:587} INFO - Filling up the DagBag from /mnt/c/Users/teu20/Documents/Poli/Repo/eEDB011-20243/atividade 6 - WSL/airflow/airflow_env/lib/python3.10/site-packages/airflow/example_dags/example_outlet_event_extra.py
[2024-09-09T21:01:25.881-0300] {processor.py:925} INFO - DAG(s) 'dataset_with_extra_from_classic_operator', 'dataset_with_extra_by_context', 'dataset_with_extra_by_yield' retrieved from /mnt/c/Users/teu20/Documents/Poli/Repo/eEDB011-20243/atividade 6 - WSL/airflow/airflow_env/lib/python3.10/site-packages/airflow/example_dags/example_outlet_event_extra.py
[2024-09-09T21:01:25.908-0300] {logging_mixin.py:190} INFO - [2024-09-09T21:01:25.907-0300] {dag.py:3229} INFO - Sync 3 DAGs
[2024-09-09T21:01:25.922-0300] {logging_mixin.py:190} INFO - [2024-09-09T21:01:25.921-0300] {dag.py:4156} INFO - Setting next_dagrun for dataset_with_extra_by_context to 2024-09-09 00:00:00+00:00, run_after=2024-09-10 00:00:00+00:00
[2024-09-09T21:01:25.926-0300] {logging_mixin.py:190} INFO - [2024-09-09T21:01:25.925-0300] {dag.py:4156} INFO - Setting next_dagrun for dataset_with_extra_by_yield to 2024-09-09 00:00:00+00:00, run_after=2024-09-10 00:00:00+00:00
[2024-09-09T21:01:25.929-0300] {logging_mixin.py:190} INFO - [2024-09-09T21:01:25.928-0300] {dag.py:4156} INFO - Setting next_dagrun for dataset_with_extra_from_classic_operator to 2024-09-09 00:00:00+00:00, run_after=2024-09-10 00:00:00+00:00
[2024-09-09T21:01:25.948-0300] {processor.py:208} INFO - Processing /mnt/c/Users/teu20/Documents/Poli/Repo/eEDB011-20243/atividade 6 - WSL/airflow/airflow_env/lib/python3.10/site-packages/airflow/example_dags/example_outlet_event_extra.py took 0.174 seconds
[2024-09-09T21:01:56.558-0300] {processor.py:186} INFO - Started process (PID=263105) to work on /mnt/c/Users/teu20/Documents/Poli/Repo/eEDB011-20243/atividade 6 - WSL/airflow/airflow_env/lib/python3.10/site-packages/airflow/example_dags/example_outlet_event_extra.py
[2024-09-09T21:01:56.559-0300] {processor.py:914} INFO - Processing file /mnt/c/Users/teu20/Documents/Poli/Repo/eEDB011-20243/atividade 6 - WSL/airflow/airflow_env/lib/python3.10/site-packages/airflow/example_dags/example_outlet_event_extra.py for tasks to queue
[2024-09-09T21:01:56.561-0300] {logging_mixin.py:190} INFO - [2024-09-09T21:01:56.561-0300] {dagbag.py:587} INFO - Filling up the DagBag from /mnt/c/Users/teu20/Documents/Poli/Repo/eEDB011-20243/atividade 6 - WSL/airflow/airflow_env/lib/python3.10/site-packages/airflow/example_dags/example_outlet_event_extra.py
[2024-09-09T21:01:56.647-0300] {processor.py:925} INFO - DAG(s) 'dataset_with_extra_by_context', 'dataset_with_extra_from_classic_operator', 'dataset_with_extra_by_yield' retrieved from /mnt/c/Users/teu20/Documents/Poli/Repo/eEDB011-20243/atividade 6 - WSL/airflow/airflow_env/lib/python3.10/site-packages/airflow/example_dags/example_outlet_event_extra.py
[2024-09-09T21:01:56.673-0300] {logging_mixin.py:190} INFO - [2024-09-09T21:01:56.673-0300] {dag.py:3229} INFO - Sync 3 DAGs
[2024-09-09T21:01:56.688-0300] {logging_mixin.py:190} INFO - [2024-09-09T21:01:56.687-0300] {dag.py:4156} INFO - Setting next_dagrun for dataset_with_extra_by_context to 2024-09-09 00:00:00+00:00, run_after=2024-09-10 00:00:00+00:00
[2024-09-09T21:01:56.692-0300] {logging_mixin.py:190} INFO - [2024-09-09T21:01:56.691-0300] {dag.py:4156} INFO - Setting next_dagrun for dataset_with_extra_by_yield to 2024-09-09 00:00:00+00:00, run_after=2024-09-10 00:00:00+00:00
[2024-09-09T21:01:56.695-0300] {logging_mixin.py:190} INFO - [2024-09-09T21:01:56.694-0300] {dag.py:4156} INFO - Setting next_dagrun for dataset_with_extra_from_classic_operator to 2024-09-09 00:00:00+00:00, run_after=2024-09-10 00:00:00+00:00
[2024-09-09T21:01:56.716-0300] {processor.py:208} INFO - Processing /mnt/c/Users/teu20/Documents/Poli/Repo/eEDB011-20243/atividade 6 - WSL/airflow/airflow_env/lib/python3.10/site-packages/airflow/example_dags/example_outlet_event_extra.py took 0.165 seconds
[2024-09-09T21:02:27.170-0300] {processor.py:186} INFO - Started process (PID=263536) to work on /mnt/c/Users/teu20/Documents/Poli/Repo/eEDB011-20243/atividade 6 - WSL/airflow/airflow_env/lib/python3.10/site-packages/airflow/example_dags/example_outlet_event_extra.py
[2024-09-09T21:02:27.171-0300] {processor.py:914} INFO - Processing file /mnt/c/Users/teu20/Documents/Poli/Repo/eEDB011-20243/atividade 6 - WSL/airflow/airflow_env/lib/python3.10/site-packages/airflow/example_dags/example_outlet_event_extra.py for tasks to queue
[2024-09-09T21:02:27.172-0300] {logging_mixin.py:190} INFO - [2024-09-09T21:02:27.172-0300] {dagbag.py:587} INFO - Filling up the DagBag from /mnt/c/Users/teu20/Documents/Poli/Repo/eEDB011-20243/atividade 6 - WSL/airflow/airflow_env/lib/python3.10/site-packages/airflow/example_dags/example_outlet_event_extra.py
[2024-09-09T21:02:27.255-0300] {processor.py:925} INFO - DAG(s) 'dataset_with_extra_by_context', 'dataset_with_extra_from_classic_operator', 'dataset_with_extra_by_yield' retrieved from /mnt/c/Users/teu20/Documents/Poli/Repo/eEDB011-20243/atividade 6 - WSL/airflow/airflow_env/lib/python3.10/site-packages/airflow/example_dags/example_outlet_event_extra.py
[2024-09-09T21:02:27.285-0300] {logging_mixin.py:190} INFO - [2024-09-09T21:02:27.284-0300] {dag.py:3229} INFO - Sync 3 DAGs
[2024-09-09T21:02:27.301-0300] {logging_mixin.py:190} INFO - [2024-09-09T21:02:27.300-0300] {dag.py:4156} INFO - Setting next_dagrun for dataset_with_extra_by_context to 2024-09-09 00:00:00+00:00, run_after=2024-09-10 00:00:00+00:00
[2024-09-09T21:02:27.305-0300] {logging_mixin.py:190} INFO - [2024-09-09T21:02:27.305-0300] {dag.py:4156} INFO - Setting next_dagrun for dataset_with_extra_by_yield to 2024-09-09 00:00:00+00:00, run_after=2024-09-10 00:00:00+00:00
[2024-09-09T21:02:27.308-0300] {logging_mixin.py:190} INFO - [2024-09-09T21:02:27.307-0300] {dag.py:4156} INFO - Setting next_dagrun for dataset_with_extra_from_classic_operator to 2024-09-09 00:00:00+00:00, run_after=2024-09-10 00:00:00+00:00
[2024-09-09T21:02:27.327-0300] {processor.py:208} INFO - Processing /mnt/c/Users/teu20/Documents/Poli/Repo/eEDB011-20243/atividade 6 - WSL/airflow/airflow_env/lib/python3.10/site-packages/airflow/example_dags/example_outlet_event_extra.py took 0.165 seconds
[2024-09-09T21:02:57.761-0300] {processor.py:186} INFO - Started process (PID=263967) to work on /mnt/c/Users/teu20/Documents/Poli/Repo/eEDB011-20243/atividade 6 - WSL/airflow/airflow_env/lib/python3.10/site-packages/airflow/example_dags/example_outlet_event_extra.py
[2024-09-09T21:02:57.763-0300] {processor.py:914} INFO - Processing file /mnt/c/Users/teu20/Documents/Poli/Repo/eEDB011-20243/atividade 6 - WSL/airflow/airflow_env/lib/python3.10/site-packages/airflow/example_dags/example_outlet_event_extra.py for tasks to queue
[2024-09-09T21:02:57.764-0300] {logging_mixin.py:190} INFO - [2024-09-09T21:02:57.764-0300] {dagbag.py:587} INFO - Filling up the DagBag from /mnt/c/Users/teu20/Documents/Poli/Repo/eEDB011-20243/atividade 6 - WSL/airflow/airflow_env/lib/python3.10/site-packages/airflow/example_dags/example_outlet_event_extra.py
[2024-09-09T21:02:57.852-0300] {processor.py:925} INFO - DAG(s) 'dataset_with_extra_by_yield', 'dataset_with_extra_from_classic_operator', 'dataset_with_extra_by_context' retrieved from /mnt/c/Users/teu20/Documents/Poli/Repo/eEDB011-20243/atividade 6 - WSL/airflow/airflow_env/lib/python3.10/site-packages/airflow/example_dags/example_outlet_event_extra.py
[2024-09-09T21:02:57.879-0300] {logging_mixin.py:190} INFO - [2024-09-09T21:02:57.878-0300] {dag.py:3229} INFO - Sync 3 DAGs
[2024-09-09T21:02:57.892-0300] {logging_mixin.py:190} INFO - [2024-09-09T21:02:57.891-0300] {dag.py:4156} INFO - Setting next_dagrun for dataset_with_extra_by_context to 2024-09-09 00:00:00+00:00, run_after=2024-09-10 00:00:00+00:00
[2024-09-09T21:02:57.895-0300] {logging_mixin.py:190} INFO - [2024-09-09T21:02:57.895-0300] {dag.py:4156} INFO - Setting next_dagrun for dataset_with_extra_by_yield to 2024-09-09 00:00:00+00:00, run_after=2024-09-10 00:00:00+00:00
[2024-09-09T21:02:57.898-0300] {logging_mixin.py:190} INFO - [2024-09-09T21:02:57.898-0300] {dag.py:4156} INFO - Setting next_dagrun for dataset_with_extra_from_classic_operator to 2024-09-09 00:00:00+00:00, run_after=2024-09-10 00:00:00+00:00
[2024-09-09T21:02:57.917-0300] {processor.py:208} INFO - Processing /mnt/c/Users/teu20/Documents/Poli/Repo/eEDB011-20243/atividade 6 - WSL/airflow/airflow_env/lib/python3.10/site-packages/airflow/example_dags/example_outlet_event_extra.py took 0.164 seconds
[2024-09-09T21:03:28.299-0300] {processor.py:186} INFO - Started process (PID=264399) to work on /mnt/c/Users/teu20/Documents/Poli/Repo/eEDB011-20243/atividade 6 - WSL/airflow/airflow_env/lib/python3.10/site-packages/airflow/example_dags/example_outlet_event_extra.py
[2024-09-09T21:03:28.300-0300] {processor.py:914} INFO - Processing file /mnt/c/Users/teu20/Documents/Poli/Repo/eEDB011-20243/atividade 6 - WSL/airflow/airflow_env/lib/python3.10/site-packages/airflow/example_dags/example_outlet_event_extra.py for tasks to queue
[2024-09-09T21:03:28.301-0300] {logging_mixin.py:190} INFO - [2024-09-09T21:03:28.301-0300] {dagbag.py:587} INFO - Filling up the DagBag from /mnt/c/Users/teu20/Documents/Poli/Repo/eEDB011-20243/atividade 6 - WSL/airflow/airflow_env/lib/python3.10/site-packages/airflow/example_dags/example_outlet_event_extra.py
[2024-09-09T21:03:28.388-0300] {processor.py:925} INFO - DAG(s) 'dataset_with_extra_by_context', 'dataset_with_extra_from_classic_operator', 'dataset_with_extra_by_yield' retrieved from /mnt/c/Users/teu20/Documents/Poli/Repo/eEDB011-20243/atividade 6 - WSL/airflow/airflow_env/lib/python3.10/site-packages/airflow/example_dags/example_outlet_event_extra.py
[2024-09-09T21:03:28.414-0300] {logging_mixin.py:190} INFO - [2024-09-09T21:03:28.413-0300] {dag.py:3229} INFO - Sync 3 DAGs
[2024-09-09T21:03:28.427-0300] {logging_mixin.py:190} INFO - [2024-09-09T21:03:28.427-0300] {dag.py:4156} INFO - Setting next_dagrun for dataset_with_extra_by_context to 2024-09-09 00:00:00+00:00, run_after=2024-09-10 00:00:00+00:00
[2024-09-09T21:03:28.431-0300] {logging_mixin.py:190} INFO - [2024-09-09T21:03:28.430-0300] {dag.py:4156} INFO - Setting next_dagrun for dataset_with_extra_by_yield to 2024-09-09 00:00:00+00:00, run_after=2024-09-10 00:00:00+00:00
[2024-09-09T21:03:28.433-0300] {logging_mixin.py:190} INFO - [2024-09-09T21:03:28.433-0300] {dag.py:4156} INFO - Setting next_dagrun for dataset_with_extra_from_classic_operator to 2024-09-09 00:00:00+00:00, run_after=2024-09-10 00:00:00+00:00
[2024-09-09T21:03:28.451-0300] {processor.py:208} INFO - Processing /mnt/c/Users/teu20/Documents/Poli/Repo/eEDB011-20243/atividade 6 - WSL/airflow/airflow_env/lib/python3.10/site-packages/airflow/example_dags/example_outlet_event_extra.py took 0.160 seconds
[2024-09-09T21:03:58.907-0300] {processor.py:186} INFO - Started process (PID=264838) to work on /mnt/c/Users/teu20/Documents/Poli/Repo/eEDB011-20243/atividade 6 - WSL/airflow/airflow_env/lib/python3.10/site-packages/airflow/example_dags/example_outlet_event_extra.py
[2024-09-09T21:03:58.908-0300] {processor.py:914} INFO - Processing file /mnt/c/Users/teu20/Documents/Poli/Repo/eEDB011-20243/atividade 6 - WSL/airflow/airflow_env/lib/python3.10/site-packages/airflow/example_dags/example_outlet_event_extra.py for tasks to queue
[2024-09-09T21:03:58.909-0300] {logging_mixin.py:190} INFO - [2024-09-09T21:03:58.909-0300] {dagbag.py:587} INFO - Filling up the DagBag from /mnt/c/Users/teu20/Documents/Poli/Repo/eEDB011-20243/atividade 6 - WSL/airflow/airflow_env/lib/python3.10/site-packages/airflow/example_dags/example_outlet_event_extra.py
[2024-09-09T21:03:58.999-0300] {processor.py:925} INFO - DAG(s) 'dataset_with_extra_by_yield', 'dataset_with_extra_from_classic_operator', 'dataset_with_extra_by_context' retrieved from /mnt/c/Users/teu20/Documents/Poli/Repo/eEDB011-20243/atividade 6 - WSL/airflow/airflow_env/lib/python3.10/site-packages/airflow/example_dags/example_outlet_event_extra.py
[2024-09-09T21:03:59.025-0300] {logging_mixin.py:190} INFO - [2024-09-09T21:03:59.024-0300] {dag.py:3229} INFO - Sync 3 DAGs
[2024-09-09T21:03:59.038-0300] {logging_mixin.py:190} INFO - [2024-09-09T21:03:59.037-0300] {dag.py:4156} INFO - Setting next_dagrun for dataset_with_extra_by_context to 2024-09-09 00:00:00+00:00, run_after=2024-09-10 00:00:00+00:00
[2024-09-09T21:03:59.042-0300] {logging_mixin.py:190} INFO - [2024-09-09T21:03:59.041-0300] {dag.py:4156} INFO - Setting next_dagrun for dataset_with_extra_by_yield to 2024-09-09 00:00:00+00:00, run_after=2024-09-10 00:00:00+00:00
[2024-09-09T21:03:59.044-0300] {logging_mixin.py:190} INFO - [2024-09-09T21:03:59.044-0300] {dag.py:4156} INFO - Setting next_dagrun for dataset_with_extra_from_classic_operator to 2024-09-09 00:00:00+00:00, run_after=2024-09-10 00:00:00+00:00
[2024-09-09T21:03:59.062-0300] {processor.py:208} INFO - Processing /mnt/c/Users/teu20/Documents/Poli/Repo/eEDB011-20243/atividade 6 - WSL/airflow/airflow_env/lib/python3.10/site-packages/airflow/example_dags/example_outlet_event_extra.py took 0.164 seconds
[2024-09-09T21:04:29.402-0300] {processor.py:186} INFO - Started process (PID=265274) to work on /mnt/c/Users/teu20/Documents/Poli/Repo/eEDB011-20243/atividade 6 - WSL/airflow/airflow_env/lib/python3.10/site-packages/airflow/example_dags/example_outlet_event_extra.py
[2024-09-09T21:04:29.403-0300] {processor.py:914} INFO - Processing file /mnt/c/Users/teu20/Documents/Poli/Repo/eEDB011-20243/atividade 6 - WSL/airflow/airflow_env/lib/python3.10/site-packages/airflow/example_dags/example_outlet_event_extra.py for tasks to queue
[2024-09-09T21:04:29.405-0300] {logging_mixin.py:190} INFO - [2024-09-09T21:04:29.404-0300] {dagbag.py:587} INFO - Filling up the DagBag from /mnt/c/Users/teu20/Documents/Poli/Repo/eEDB011-20243/atividade 6 - WSL/airflow/airflow_env/lib/python3.10/site-packages/airflow/example_dags/example_outlet_event_extra.py
[2024-09-09T21:04:29.484-0300] {processor.py:925} INFO - DAG(s) 'dataset_with_extra_by_context', 'dataset_with_extra_from_classic_operator', 'dataset_with_extra_by_yield' retrieved from /mnt/c/Users/teu20/Documents/Poli/Repo/eEDB011-20243/atividade 6 - WSL/airflow/airflow_env/lib/python3.10/site-packages/airflow/example_dags/example_outlet_event_extra.py
[2024-09-09T21:04:29.510-0300] {logging_mixin.py:190} INFO - [2024-09-09T21:04:29.510-0300] {dag.py:3229} INFO - Sync 3 DAGs
[2024-09-09T21:04:29.523-0300] {logging_mixin.py:190} INFO - [2024-09-09T21:04:29.522-0300] {dag.py:4156} INFO - Setting next_dagrun for dataset_with_extra_by_context to 2024-09-09 00:00:00+00:00, run_after=2024-09-10 00:00:00+00:00
[2024-09-09T21:04:29.526-0300] {logging_mixin.py:190} INFO - [2024-09-09T21:04:29.525-0300] {dag.py:4156} INFO - Setting next_dagrun for dataset_with_extra_by_yield to 2024-09-09 00:00:00+00:00, run_after=2024-09-10 00:00:00+00:00
[2024-09-09T21:04:29.529-0300] {logging_mixin.py:190} INFO - [2024-09-09T21:04:29.528-0300] {dag.py:4156} INFO - Setting next_dagrun for dataset_with_extra_from_classic_operator to 2024-09-09 00:00:00+00:00, run_after=2024-09-10 00:00:00+00:00
[2024-09-09T21:04:29.545-0300] {processor.py:208} INFO - Processing /mnt/c/Users/teu20/Documents/Poli/Repo/eEDB011-20243/atividade 6 - WSL/airflow/airflow_env/lib/python3.10/site-packages/airflow/example_dags/example_outlet_event_extra.py took 0.151 seconds
[2024-09-09T21:04:59.836-0300] {processor.py:186} INFO - Started process (PID=266492) to work on /mnt/c/Users/teu20/Documents/Poli/Repo/eEDB011-20243/atividade 6 - WSL/airflow/airflow_env/lib/python3.10/site-packages/airflow/example_dags/example_outlet_event_extra.py
[2024-09-09T21:04:59.837-0300] {processor.py:914} INFO - Processing file /mnt/c/Users/teu20/Documents/Poli/Repo/eEDB011-20243/atividade 6 - WSL/airflow/airflow_env/lib/python3.10/site-packages/airflow/example_dags/example_outlet_event_extra.py for tasks to queue
[2024-09-09T21:04:59.839-0300] {logging_mixin.py:190} INFO - [2024-09-09T21:04:59.838-0300] {dagbag.py:587} INFO - Filling up the DagBag from /mnt/c/Users/teu20/Documents/Poli/Repo/eEDB011-20243/atividade 6 - WSL/airflow/airflow_env/lib/python3.10/site-packages/airflow/example_dags/example_outlet_event_extra.py
[2024-09-09T21:04:59.923-0300] {processor.py:925} INFO - DAG(s) 'dataset_with_extra_by_context', 'dataset_with_extra_from_classic_operator', 'dataset_with_extra_by_yield' retrieved from /mnt/c/Users/teu20/Documents/Poli/Repo/eEDB011-20243/atividade 6 - WSL/airflow/airflow_env/lib/python3.10/site-packages/airflow/example_dags/example_outlet_event_extra.py
[2024-09-09T21:04:59.949-0300] {logging_mixin.py:190} INFO - [2024-09-09T21:04:59.948-0300] {dag.py:3229} INFO - Sync 3 DAGs
[2024-09-09T21:04:59.962-0300] {logging_mixin.py:190} INFO - [2024-09-09T21:04:59.962-0300] {dag.py:4156} INFO - Setting next_dagrun for dataset_with_extra_by_context to 2024-09-09 00:00:00+00:00, run_after=2024-09-10 00:00:00+00:00
[2024-09-09T21:04:59.966-0300] {logging_mixin.py:190} INFO - [2024-09-09T21:04:59.965-0300] {dag.py:4156} INFO - Setting next_dagrun for dataset_with_extra_by_yield to 2024-09-09 00:00:00+00:00, run_after=2024-09-10 00:00:00+00:00
[2024-09-09T21:04:59.969-0300] {logging_mixin.py:190} INFO - [2024-09-09T21:04:59.968-0300] {dag.py:4156} INFO - Setting next_dagrun for dataset_with_extra_from_classic_operator to 2024-09-09 00:00:00+00:00, run_after=2024-09-10 00:00:00+00:00
[2024-09-09T21:04:59.985-0300] {processor.py:208} INFO - Processing /mnt/c/Users/teu20/Documents/Poli/Repo/eEDB011-20243/atividade 6 - WSL/airflow/airflow_env/lib/python3.10/site-packages/airflow/example_dags/example_outlet_event_extra.py took 0.157 seconds
[2024-09-09T21:05:30.278-0300] {processor.py:186} INFO - Started process (PID=267017) to work on /mnt/c/Users/teu20/Documents/Poli/Repo/eEDB011-20243/atividade 6 - WSL/airflow/airflow_env/lib/python3.10/site-packages/airflow/example_dags/example_outlet_event_extra.py
[2024-09-09T21:05:30.279-0300] {processor.py:914} INFO - Processing file /mnt/c/Users/teu20/Documents/Poli/Repo/eEDB011-20243/atividade 6 - WSL/airflow/airflow_env/lib/python3.10/site-packages/airflow/example_dags/example_outlet_event_extra.py for tasks to queue
[2024-09-09T21:05:30.281-0300] {logging_mixin.py:190} INFO - [2024-09-09T21:05:30.280-0300] {dagbag.py:587} INFO - Filling up the DagBag from /mnt/c/Users/teu20/Documents/Poli/Repo/eEDB011-20243/atividade 6 - WSL/airflow/airflow_env/lib/python3.10/site-packages/airflow/example_dags/example_outlet_event_extra.py
[2024-09-09T21:05:30.366-0300] {processor.py:925} INFO - DAG(s) 'dataset_with_extra_by_yield', 'dataset_with_extra_from_classic_operator', 'dataset_with_extra_by_context' retrieved from /mnt/c/Users/teu20/Documents/Poli/Repo/eEDB011-20243/atividade 6 - WSL/airflow/airflow_env/lib/python3.10/site-packages/airflow/example_dags/example_outlet_event_extra.py
[2024-09-09T21:05:30.391-0300] {logging_mixin.py:190} INFO - [2024-09-09T21:05:30.391-0300] {dag.py:3229} INFO - Sync 3 DAGs
[2024-09-09T21:05:30.405-0300] {logging_mixin.py:190} INFO - [2024-09-09T21:05:30.405-0300] {dag.py:4156} INFO - Setting next_dagrun for dataset_with_extra_by_context to 2024-09-09 00:00:00+00:00, run_after=2024-09-10 00:00:00+00:00
[2024-09-09T21:05:30.409-0300] {logging_mixin.py:190} INFO - [2024-09-09T21:05:30.409-0300] {dag.py:4156} INFO - Setting next_dagrun for dataset_with_extra_by_yield to 2024-09-09 00:00:00+00:00, run_after=2024-09-10 00:00:00+00:00
[2024-09-09T21:05:30.412-0300] {logging_mixin.py:190} INFO - [2024-09-09T21:05:30.412-0300] {dag.py:4156} INFO - Setting next_dagrun for dataset_with_extra_from_classic_operator to 2024-09-09 00:00:00+00:00, run_after=2024-09-10 00:00:00+00:00
[2024-09-09T21:05:30.430-0300] {processor.py:208} INFO - Processing /mnt/c/Users/teu20/Documents/Poli/Repo/eEDB011-20243/atividade 6 - WSL/airflow/airflow_env/lib/python3.10/site-packages/airflow/example_dags/example_outlet_event_extra.py took 0.159 seconds
[2024-09-09T21:06:00.733-0300] {processor.py:186} INFO - Started process (PID=267447) to work on /mnt/c/Users/teu20/Documents/Poli/Repo/eEDB011-20243/atividade 6 - WSL/airflow/airflow_env/lib/python3.10/site-packages/airflow/example_dags/example_outlet_event_extra.py
[2024-09-09T21:06:00.734-0300] {processor.py:914} INFO - Processing file /mnt/c/Users/teu20/Documents/Poli/Repo/eEDB011-20243/atividade 6 - WSL/airflow/airflow_env/lib/python3.10/site-packages/airflow/example_dags/example_outlet_event_extra.py for tasks to queue
[2024-09-09T21:06:00.736-0300] {logging_mixin.py:190} INFO - [2024-09-09T21:06:00.735-0300] {dagbag.py:587} INFO - Filling up the DagBag from /mnt/c/Users/teu20/Documents/Poli/Repo/eEDB011-20243/atividade 6 - WSL/airflow/airflow_env/lib/python3.10/site-packages/airflow/example_dags/example_outlet_event_extra.py
[2024-09-09T21:06:00.820-0300] {processor.py:925} INFO - DAG(s) 'dataset_with_extra_from_classic_operator', 'dataset_with_extra_by_yield', 'dataset_with_extra_by_context' retrieved from /mnt/c/Users/teu20/Documents/Poli/Repo/eEDB011-20243/atividade 6 - WSL/airflow/airflow_env/lib/python3.10/site-packages/airflow/example_dags/example_outlet_event_extra.py
[2024-09-09T21:06:00.845-0300] {logging_mixin.py:190} INFO - [2024-09-09T21:06:00.844-0300] {dag.py:3229} INFO - Sync 3 DAGs
[2024-09-09T21:06:00.858-0300] {logging_mixin.py:190} INFO - [2024-09-09T21:06:00.857-0300] {dag.py:4156} INFO - Setting next_dagrun for dataset_with_extra_by_context to 2024-09-09 00:00:00+00:00, run_after=2024-09-10 00:00:00+00:00
[2024-09-09T21:06:00.861-0300] {logging_mixin.py:190} INFO - [2024-09-09T21:06:00.861-0300] {dag.py:4156} INFO - Setting next_dagrun for dataset_with_extra_by_yield to 2024-09-09 00:00:00+00:00, run_after=2024-09-10 00:00:00+00:00
[2024-09-09T21:06:00.864-0300] {logging_mixin.py:190} INFO - [2024-09-09T21:06:00.863-0300] {dag.py:4156} INFO - Setting next_dagrun for dataset_with_extra_from_classic_operator to 2024-09-09 00:00:00+00:00, run_after=2024-09-10 00:00:00+00:00
[2024-09-09T21:06:00.883-0300] {processor.py:208} INFO - Processing /mnt/c/Users/teu20/Documents/Poli/Repo/eEDB011-20243/atividade 6 - WSL/airflow/airflow_env/lib/python3.10/site-packages/airflow/example_dags/example_outlet_event_extra.py took 0.158 seconds
[2024-09-09T21:06:31.201-0300] {processor.py:186} INFO - Started process (PID=267900) to work on /mnt/c/Users/teu20/Documents/Poli/Repo/eEDB011-20243/atividade 6 - WSL/airflow/airflow_env/lib/python3.10/site-packages/airflow/example_dags/example_outlet_event_extra.py
[2024-09-09T21:06:31.202-0300] {processor.py:914} INFO - Processing file /mnt/c/Users/teu20/Documents/Poli/Repo/eEDB011-20243/atividade 6 - WSL/airflow/airflow_env/lib/python3.10/site-packages/airflow/example_dags/example_outlet_event_extra.py for tasks to queue
[2024-09-09T21:06:31.204-0300] {logging_mixin.py:190} INFO - [2024-09-09T21:06:31.203-0300] {dagbag.py:587} INFO - Filling up the DagBag from /mnt/c/Users/teu20/Documents/Poli/Repo/eEDB011-20243/atividade 6 - WSL/airflow/airflow_env/lib/python3.10/site-packages/airflow/example_dags/example_outlet_event_extra.py
[2024-09-09T21:06:31.292-0300] {processor.py:925} INFO - DAG(s) 'dataset_with_extra_by_yield', 'dataset_with_extra_from_classic_operator', 'dataset_with_extra_by_context' retrieved from /mnt/c/Users/teu20/Documents/Poli/Repo/eEDB011-20243/atividade 6 - WSL/airflow/airflow_env/lib/python3.10/site-packages/airflow/example_dags/example_outlet_event_extra.py
[2024-09-09T21:06:31.320-0300] {logging_mixin.py:190} INFO - [2024-09-09T21:06:31.320-0300] {dag.py:3229} INFO - Sync 3 DAGs
[2024-09-09T21:06:31.335-0300] {logging_mixin.py:190} INFO - [2024-09-09T21:06:31.334-0300] {dag.py:4156} INFO - Setting next_dagrun for dataset_with_extra_by_context to 2024-09-09 00:00:00+00:00, run_after=2024-09-10 00:00:00+00:00
[2024-09-09T21:06:31.339-0300] {logging_mixin.py:190} INFO - [2024-09-09T21:06:31.338-0300] {dag.py:4156} INFO - Setting next_dagrun for dataset_with_extra_by_yield to 2024-09-09 00:00:00+00:00, run_after=2024-09-10 00:00:00+00:00
[2024-09-09T21:06:31.342-0300] {logging_mixin.py:190} INFO - [2024-09-09T21:06:31.341-0300] {dag.py:4156} INFO - Setting next_dagrun for dataset_with_extra_from_classic_operator to 2024-09-09 00:00:00+00:00, run_after=2024-09-10 00:00:00+00:00
[2024-09-09T21:06:31.359-0300] {processor.py:208} INFO - Processing /mnt/c/Users/teu20/Documents/Poli/Repo/eEDB011-20243/atividade 6 - WSL/airflow/airflow_env/lib/python3.10/site-packages/airflow/example_dags/example_outlet_event_extra.py took 0.166 seconds
[2024-09-09T21:07:01.692-0300] {processor.py:186} INFO - Started process (PID=268522) to work on /mnt/c/Users/teu20/Documents/Poli/Repo/eEDB011-20243/atividade 6 - WSL/airflow/airflow_env/lib/python3.10/site-packages/airflow/example_dags/example_outlet_event_extra.py
[2024-09-09T21:07:01.693-0300] {processor.py:914} INFO - Processing file /mnt/c/Users/teu20/Documents/Poli/Repo/eEDB011-20243/atividade 6 - WSL/airflow/airflow_env/lib/python3.10/site-packages/airflow/example_dags/example_outlet_event_extra.py for tasks to queue
[2024-09-09T21:07:01.695-0300] {logging_mixin.py:190} INFO - [2024-09-09T21:07:01.694-0300] {dagbag.py:587} INFO - Filling up the DagBag from /mnt/c/Users/teu20/Documents/Poli/Repo/eEDB011-20243/atividade 6 - WSL/airflow/airflow_env/lib/python3.10/site-packages/airflow/example_dags/example_outlet_event_extra.py
[2024-09-09T21:07:01.780-0300] {processor.py:925} INFO - DAG(s) 'dataset_with_extra_by_context', 'dataset_with_extra_by_yield', 'dataset_with_extra_from_classic_operator' retrieved from /mnt/c/Users/teu20/Documents/Poli/Repo/eEDB011-20243/atividade 6 - WSL/airflow/airflow_env/lib/python3.10/site-packages/airflow/example_dags/example_outlet_event_extra.py
[2024-09-09T21:07:01.807-0300] {logging_mixin.py:190} INFO - [2024-09-09T21:07:01.806-0300] {dag.py:3229} INFO - Sync 3 DAGs
[2024-09-09T21:07:01.821-0300] {logging_mixin.py:190} INFO - [2024-09-09T21:07:01.821-0300] {dag.py:4156} INFO - Setting next_dagrun for dataset_with_extra_by_context to 2024-09-09 00:00:00+00:00, run_after=2024-09-10 00:00:00+00:00
[2024-09-09T21:07:01.825-0300] {logging_mixin.py:190} INFO - [2024-09-09T21:07:01.824-0300] {dag.py:4156} INFO - Setting next_dagrun for dataset_with_extra_by_yield to 2024-09-09 00:00:00+00:00, run_after=2024-09-10 00:00:00+00:00
[2024-09-09T21:07:01.827-0300] {logging_mixin.py:190} INFO - [2024-09-09T21:07:01.827-0300] {dag.py:4156} INFO - Setting next_dagrun for dataset_with_extra_from_classic_operator to 2024-09-09 00:00:00+00:00, run_after=2024-09-10 00:00:00+00:00
[2024-09-09T21:07:01.845-0300] {processor.py:208} INFO - Processing /mnt/c/Users/teu20/Documents/Poli/Repo/eEDB011-20243/atividade 6 - WSL/airflow/airflow_env/lib/python3.10/site-packages/airflow/example_dags/example_outlet_event_extra.py took 0.161 seconds
[2024-09-09T21:07:32.061-0300] {processor.py:186} INFO - Started process (PID=269192) to work on /mnt/c/Users/teu20/Documents/Poli/Repo/eEDB011-20243/atividade 6 - WSL/airflow/airflow_env/lib/python3.10/site-packages/airflow/example_dags/example_outlet_event_extra.py
[2024-09-09T21:07:32.062-0300] {processor.py:914} INFO - Processing file /mnt/c/Users/teu20/Documents/Poli/Repo/eEDB011-20243/atividade 6 - WSL/airflow/airflow_env/lib/python3.10/site-packages/airflow/example_dags/example_outlet_event_extra.py for tasks to queue
[2024-09-09T21:07:32.064-0300] {logging_mixin.py:190} INFO - [2024-09-09T21:07:32.063-0300] {dagbag.py:587} INFO - Filling up the DagBag from /mnt/c/Users/teu20/Documents/Poli/Repo/eEDB011-20243/atividade 6 - WSL/airflow/airflow_env/lib/python3.10/site-packages/airflow/example_dags/example_outlet_event_extra.py
[2024-09-09T21:07:32.153-0300] {processor.py:925} INFO - DAG(s) 'dataset_with_extra_from_classic_operator', 'dataset_with_extra_by_context', 'dataset_with_extra_by_yield' retrieved from /mnt/c/Users/teu20/Documents/Poli/Repo/eEDB011-20243/atividade 6 - WSL/airflow/airflow_env/lib/python3.10/site-packages/airflow/example_dags/example_outlet_event_extra.py
[2024-09-09T21:07:32.183-0300] {logging_mixin.py:190} INFO - [2024-09-09T21:07:32.182-0300] {dag.py:3229} INFO - Sync 3 DAGs
[2024-09-09T21:07:32.199-0300] {logging_mixin.py:190} INFO - [2024-09-09T21:07:32.198-0300] {dag.py:4156} INFO - Setting next_dagrun for dataset_with_extra_by_context to 2024-09-09 00:00:00+00:00, run_after=2024-09-10 00:00:00+00:00
[2024-09-09T21:07:32.203-0300] {logging_mixin.py:190} INFO - [2024-09-09T21:07:32.202-0300] {dag.py:4156} INFO - Setting next_dagrun for dataset_with_extra_by_yield to 2024-09-09 00:00:00+00:00, run_after=2024-09-10 00:00:00+00:00
[2024-09-09T21:07:32.206-0300] {logging_mixin.py:190} INFO - [2024-09-09T21:07:32.205-0300] {dag.py:4156} INFO - Setting next_dagrun for dataset_with_extra_from_classic_operator to 2024-09-09 00:00:00+00:00, run_after=2024-09-10 00:00:00+00:00
[2024-09-09T21:07:32.226-0300] {processor.py:208} INFO - Processing /mnt/c/Users/teu20/Documents/Poli/Repo/eEDB011-20243/atividade 6 - WSL/airflow/airflow_env/lib/python3.10/site-packages/airflow/example_dags/example_outlet_event_extra.py took 0.173 seconds
[2024-09-09T21:08:02.582-0300] {processor.py:186} INFO - Started process (PID=269688) to work on /mnt/c/Users/teu20/Documents/Poli/Repo/eEDB011-20243/atividade 6 - WSL/airflow/airflow_env/lib/python3.10/site-packages/airflow/example_dags/example_outlet_event_extra.py
[2024-09-09T21:08:02.584-0300] {processor.py:914} INFO - Processing file /mnt/c/Users/teu20/Documents/Poli/Repo/eEDB011-20243/atividade 6 - WSL/airflow/airflow_env/lib/python3.10/site-packages/airflow/example_dags/example_outlet_event_extra.py for tasks to queue
[2024-09-09T21:08:02.585-0300] {logging_mixin.py:190} INFO - [2024-09-09T21:08:02.585-0300] {dagbag.py:587} INFO - Filling up the DagBag from /mnt/c/Users/teu20/Documents/Poli/Repo/eEDB011-20243/atividade 6 - WSL/airflow/airflow_env/lib/python3.10/site-packages/airflow/example_dags/example_outlet_event_extra.py
[2024-09-09T21:08:02.676-0300] {processor.py:925} INFO - DAG(s) 'dataset_with_extra_from_classic_operator', 'dataset_with_extra_by_context', 'dataset_with_extra_by_yield' retrieved from /mnt/c/Users/teu20/Documents/Poli/Repo/eEDB011-20243/atividade 6 - WSL/airflow/airflow_env/lib/python3.10/site-packages/airflow/example_dags/example_outlet_event_extra.py
[2024-09-09T21:08:02.706-0300] {logging_mixin.py:190} INFO - [2024-09-09T21:08:02.706-0300] {dag.py:3229} INFO - Sync 3 DAGs
[2024-09-09T21:08:02.723-0300] {logging_mixin.py:190} INFO - [2024-09-09T21:08:02.723-0300] {dag.py:4156} INFO - Setting next_dagrun for dataset_with_extra_by_context to 2024-09-09 00:00:00+00:00, run_after=2024-09-10 00:00:00+00:00
[2024-09-09T21:08:02.727-0300] {logging_mixin.py:190} INFO - [2024-09-09T21:08:02.727-0300] {dag.py:4156} INFO - Setting next_dagrun for dataset_with_extra_by_yield to 2024-09-09 00:00:00+00:00, run_after=2024-09-10 00:00:00+00:00
[2024-09-09T21:08:02.730-0300] {logging_mixin.py:190} INFO - [2024-09-09T21:08:02.730-0300] {dag.py:4156} INFO - Setting next_dagrun for dataset_with_extra_from_classic_operator to 2024-09-09 00:00:00+00:00, run_after=2024-09-10 00:00:00+00:00
[2024-09-09T21:08:02.751-0300] {processor.py:208} INFO - Processing /mnt/c/Users/teu20/Documents/Poli/Repo/eEDB011-20243/atividade 6 - WSL/airflow/airflow_env/lib/python3.10/site-packages/airflow/example_dags/example_outlet_event_extra.py took 0.177 seconds
