[2024-09-09T21:00:25.038-0300] {processor.py:186} INFO - Started process (PID=261604) to work on /mnt/c/Users/teu20/Documents/Poli/Repo/eEDB011-20243/atividade 6 - WSL/airflow/airflow_env/lib/python3.10/site-packages/airflow/example_dags/example_complex.py
[2024-09-09T21:00:25.040-0300] {processor.py:914} INFO - Processing file /mnt/c/Users/teu20/Documents/Poli/Repo/eEDB011-20243/atividade 6 - WSL/airflow/airflow_env/lib/python3.10/site-packages/airflow/example_dags/example_complex.py for tasks to queue
[2024-09-09T21:00:25.041-0300] {logging_mixin.py:190} INFO - [2024-09-09T21:00:25.041-0300] {dagbag.py:587} INFO - Filling up the DagBag from /mnt/c/Users/teu20/Documents/Poli/Repo/eEDB011-20243/atividade 6 - WSL/airflow/airflow_env/lib/python3.10/site-packages/airflow/example_dags/example_complex.py
[2024-09-09T21:00:25.059-0300] {processor.py:925} INFO - DAG(s) 'example_complex' retrieved from /mnt/c/Users/teu20/Documents/Poli/Repo/eEDB011-20243/atividade 6 - WSL/airflow/airflow_env/lib/python3.10/site-packages/airflow/example_dags/example_complex.py
[2024-09-09T21:00:25.083-0300] {logging_mixin.py:190} INFO - [2024-09-09T21:00:25.083-0300] {dag.py:3229} INFO - Sync 1 DAGs
[2024-09-09T21:00:25.091-0300] {logging_mixin.py:190} INFO - [2024-09-09T21:00:25.091-0300] {dag.py:4156} INFO - Setting next_dagrun for example_complex to None, run_after=None
[2024-09-09T21:00:25.106-0300] {processor.py:208} INFO - Processing /mnt/c/Users/teu20/Documents/Poli/Repo/eEDB011-20243/atividade 6 - WSL/airflow/airflow_env/lib/python3.10/site-packages/airflow/example_dags/example_complex.py took 0.076 seconds
[2024-09-09T21:00:55.639-0300] {processor.py:186} INFO - Started process (PID=262312) to work on /mnt/c/Users/teu20/Documents/Poli/Repo/eEDB011-20243/atividade 6 - WSL/airflow/airflow_env/lib/python3.10/site-packages/airflow/example_dags/example_complex.py
[2024-09-09T21:00:55.640-0300] {processor.py:914} INFO - Processing file /mnt/c/Users/teu20/Documents/Poli/Repo/eEDB011-20243/atividade 6 - WSL/airflow/airflow_env/lib/python3.10/site-packages/airflow/example_dags/example_complex.py for tasks to queue
[2024-09-09T21:00:55.642-0300] {logging_mixin.py:190} INFO - [2024-09-09T21:00:55.641-0300] {dagbag.py:587} INFO - Filling up the DagBag from /mnt/c/Users/teu20/Documents/Poli/Repo/eEDB011-20243/atividade 6 - WSL/airflow/airflow_env/lib/python3.10/site-packages/airflow/example_dags/example_complex.py
[2024-09-09T21:00:55.661-0300] {processor.py:925} INFO - DAG(s) 'example_complex' retrieved from /mnt/c/Users/teu20/Documents/Poli/Repo/eEDB011-20243/atividade 6 - WSL/airflow/airflow_env/lib/python3.10/site-packages/airflow/example_dags/example_complex.py
[2024-09-09T21:00:55.684-0300] {logging_mixin.py:190} INFO - [2024-09-09T21:00:55.684-0300] {dag.py:3229} INFO - Sync 1 DAGs
[2024-09-09T21:00:55.692-0300] {logging_mixin.py:190} INFO - [2024-09-09T21:00:55.691-0300] {dag.py:4156} INFO - Setting next_dagrun for example_complex to None, run_after=None
[2024-09-09T21:00:55.706-0300] {processor.py:208} INFO - Processing /mnt/c/Users/teu20/Documents/Poli/Repo/eEDB011-20243/atividade 6 - WSL/airflow/airflow_env/lib/python3.10/site-packages/airflow/example_dags/example_complex.py took 0.075 seconds
[2024-09-09T21:01:26.683-0300] {processor.py:186} INFO - Started process (PID=262748) to work on /mnt/c/Users/teu20/Documents/Poli/Repo/eEDB011-20243/atividade 6 - WSL/airflow/airflow_env/lib/python3.10/site-packages/airflow/example_dags/example_complex.py
[2024-09-09T21:01:26.684-0300] {processor.py:914} INFO - Processing file /mnt/c/Users/teu20/Documents/Poli/Repo/eEDB011-20243/atividade 6 - WSL/airflow/airflow_env/lib/python3.10/site-packages/airflow/example_dags/example_complex.py for tasks to queue
[2024-09-09T21:01:26.686-0300] {logging_mixin.py:190} INFO - [2024-09-09T21:01:26.685-0300] {dagbag.py:587} INFO - Filling up the DagBag from /mnt/c/Users/teu20/Documents/Poli/Repo/eEDB011-20243/atividade 6 - WSL/airflow/airflow_env/lib/python3.10/site-packages/airflow/example_dags/example_complex.py
[2024-09-09T21:01:26.705-0300] {processor.py:925} INFO - DAG(s) 'example_complex' retrieved from /mnt/c/Users/teu20/Documents/Poli/Repo/eEDB011-20243/atividade 6 - WSL/airflow/airflow_env/lib/python3.10/site-packages/airflow/example_dags/example_complex.py
[2024-09-09T21:01:26.731-0300] {logging_mixin.py:190} INFO - [2024-09-09T21:01:26.731-0300] {dag.py:3229} INFO - Sync 1 DAGs
[2024-09-09T21:01:26.741-0300] {logging_mixin.py:190} INFO - [2024-09-09T21:01:26.740-0300] {dag.py:4156} INFO - Setting next_dagrun for example_complex to None, run_after=None
[2024-09-09T21:01:26.757-0300] {processor.py:208} INFO - Processing /mnt/c/Users/teu20/Documents/Poli/Repo/eEDB011-20243/atividade 6 - WSL/airflow/airflow_env/lib/python3.10/site-packages/airflow/example_dags/example_complex.py took 0.082 seconds
[2024-09-09T21:01:57.830-0300] {processor.py:186} INFO - Started process (PID=263183) to work on /mnt/c/Users/teu20/Documents/Poli/Repo/eEDB011-20243/atividade 6 - WSL/airflow/airflow_env/lib/python3.10/site-packages/airflow/example_dags/example_complex.py
[2024-09-09T21:01:57.831-0300] {processor.py:914} INFO - Processing file /mnt/c/Users/teu20/Documents/Poli/Repo/eEDB011-20243/atividade 6 - WSL/airflow/airflow_env/lib/python3.10/site-packages/airflow/example_dags/example_complex.py for tasks to queue
[2024-09-09T21:01:57.833-0300] {logging_mixin.py:190} INFO - [2024-09-09T21:01:57.832-0300] {dagbag.py:587} INFO - Filling up the DagBag from /mnt/c/Users/teu20/Documents/Poli/Repo/eEDB011-20243/atividade 6 - WSL/airflow/airflow_env/lib/python3.10/site-packages/airflow/example_dags/example_complex.py
[2024-09-09T21:01:57.850-0300] {processor.py:925} INFO - DAG(s) 'example_complex' retrieved from /mnt/c/Users/teu20/Documents/Poli/Repo/eEDB011-20243/atividade 6 - WSL/airflow/airflow_env/lib/python3.10/site-packages/airflow/example_dags/example_complex.py
[2024-09-09T21:01:57.875-0300] {logging_mixin.py:190} INFO - [2024-09-09T21:01:57.874-0300] {dag.py:3229} INFO - Sync 1 DAGs
[2024-09-09T21:01:57.882-0300] {logging_mixin.py:190} INFO - [2024-09-09T21:01:57.882-0300] {dag.py:4156} INFO - Setting next_dagrun for example_complex to None, run_after=None
[2024-09-09T21:01:57.897-0300] {processor.py:208} INFO - Processing /mnt/c/Users/teu20/Documents/Poli/Repo/eEDB011-20243/atividade 6 - WSL/airflow/airflow_env/lib/python3.10/site-packages/airflow/example_dags/example_complex.py took 0.075 seconds
[2024-09-09T21:02:28.491-0300] {processor.py:186} INFO - Started process (PID=263614) to work on /mnt/c/Users/teu20/Documents/Poli/Repo/eEDB011-20243/atividade 6 - WSL/airflow/airflow_env/lib/python3.10/site-packages/airflow/example_dags/example_complex.py
[2024-09-09T21:02:28.492-0300] {processor.py:914} INFO - Processing file /mnt/c/Users/teu20/Documents/Poli/Repo/eEDB011-20243/atividade 6 - WSL/airflow/airflow_env/lib/python3.10/site-packages/airflow/example_dags/example_complex.py for tasks to queue
[2024-09-09T21:02:28.494-0300] {logging_mixin.py:190} INFO - [2024-09-09T21:02:28.494-0300] {dagbag.py:587} INFO - Filling up the DagBag from /mnt/c/Users/teu20/Documents/Poli/Repo/eEDB011-20243/atividade 6 - WSL/airflow/airflow_env/lib/python3.10/site-packages/airflow/example_dags/example_complex.py
[2024-09-09T21:02:28.513-0300] {processor.py:925} INFO - DAG(s) 'example_complex' retrieved from /mnt/c/Users/teu20/Documents/Poli/Repo/eEDB011-20243/atividade 6 - WSL/airflow/airflow_env/lib/python3.10/site-packages/airflow/example_dags/example_complex.py
[2024-09-09T21:02:28.539-0300] {logging_mixin.py:190} INFO - [2024-09-09T21:02:28.538-0300] {dag.py:3229} INFO - Sync 1 DAGs
[2024-09-09T21:02:28.547-0300] {logging_mixin.py:190} INFO - [2024-09-09T21:02:28.546-0300] {dag.py:4156} INFO - Setting next_dagrun for example_complex to None, run_after=None
[2024-09-09T21:02:28.561-0300] {processor.py:208} INFO - Processing /mnt/c/Users/teu20/Documents/Poli/Repo/eEDB011-20243/atividade 6 - WSL/airflow/airflow_env/lib/python3.10/site-packages/airflow/example_dags/example_complex.py took 0.080 seconds
[2024-09-09T21:02:58.933-0300] {processor.py:186} INFO - Started process (PID=264040) to work on /mnt/c/Users/teu20/Documents/Poli/Repo/eEDB011-20243/atividade 6 - WSL/airflow/airflow_env/lib/python3.10/site-packages/airflow/example_dags/example_complex.py
[2024-09-09T21:02:58.934-0300] {processor.py:914} INFO - Processing file /mnt/c/Users/teu20/Documents/Poli/Repo/eEDB011-20243/atividade 6 - WSL/airflow/airflow_env/lib/python3.10/site-packages/airflow/example_dags/example_complex.py for tasks to queue
[2024-09-09T21:02:58.936-0300] {logging_mixin.py:190} INFO - [2024-09-09T21:02:58.935-0300] {dagbag.py:587} INFO - Filling up the DagBag from /mnt/c/Users/teu20/Documents/Poli/Repo/eEDB011-20243/atividade 6 - WSL/airflow/airflow_env/lib/python3.10/site-packages/airflow/example_dags/example_complex.py
[2024-09-09T21:02:58.953-0300] {processor.py:925} INFO - DAG(s) 'example_complex' retrieved from /mnt/c/Users/teu20/Documents/Poli/Repo/eEDB011-20243/atividade 6 - WSL/airflow/airflow_env/lib/python3.10/site-packages/airflow/example_dags/example_complex.py
[2024-09-09T21:02:58.980-0300] {logging_mixin.py:190} INFO - [2024-09-09T21:02:58.979-0300] {dag.py:3229} INFO - Sync 1 DAGs
[2024-09-09T21:02:58.988-0300] {logging_mixin.py:190} INFO - [2024-09-09T21:02:58.988-0300] {dag.py:4156} INFO - Setting next_dagrun for example_complex to None, run_after=None
[2024-09-09T21:02:59.002-0300] {processor.py:208} INFO - Processing /mnt/c/Users/teu20/Documents/Poli/Repo/eEDB011-20243/atividade 6 - WSL/airflow/airflow_env/lib/python3.10/site-packages/airflow/example_dags/example_complex.py took 0.077 seconds
[2024-09-09T21:03:29.468-0300] {processor.py:186} INFO - Started process (PID=264473) to work on /mnt/c/Users/teu20/Documents/Poli/Repo/eEDB011-20243/atividade 6 - WSL/airflow/airflow_env/lib/python3.10/site-packages/airflow/example_dags/example_complex.py
[2024-09-09T21:03:29.469-0300] {processor.py:914} INFO - Processing file /mnt/c/Users/teu20/Documents/Poli/Repo/eEDB011-20243/atividade 6 - WSL/airflow/airflow_env/lib/python3.10/site-packages/airflow/example_dags/example_complex.py for tasks to queue
[2024-09-09T21:03:29.471-0300] {logging_mixin.py:190} INFO - [2024-09-09T21:03:29.471-0300] {dagbag.py:587} INFO - Filling up the DagBag from /mnt/c/Users/teu20/Documents/Poli/Repo/eEDB011-20243/atividade 6 - WSL/airflow/airflow_env/lib/python3.10/site-packages/airflow/example_dags/example_complex.py
[2024-09-09T21:03:29.487-0300] {processor.py:925} INFO - DAG(s) 'example_complex' retrieved from /mnt/c/Users/teu20/Documents/Poli/Repo/eEDB011-20243/atividade 6 - WSL/airflow/airflow_env/lib/python3.10/site-packages/airflow/example_dags/example_complex.py
[2024-09-09T21:03:29.509-0300] {logging_mixin.py:190} INFO - [2024-09-09T21:03:29.508-0300] {dag.py:3229} INFO - Sync 1 DAGs
[2024-09-09T21:03:29.517-0300] {logging_mixin.py:190} INFO - [2024-09-09T21:03:29.517-0300] {dag.py:4156} INFO - Setting next_dagrun for example_complex to None, run_after=None
[2024-09-09T21:03:29.532-0300] {processor.py:208} INFO - Processing /mnt/c/Users/teu20/Documents/Poli/Repo/eEDB011-20243/atividade 6 - WSL/airflow/airflow_env/lib/python3.10/site-packages/airflow/example_dags/example_complex.py took 0.072 seconds
[2024-09-09T21:04:00.097-0300] {processor.py:186} INFO - Started process (PID=264911) to work on /mnt/c/Users/teu20/Documents/Poli/Repo/eEDB011-20243/atividade 6 - WSL/airflow/airflow_env/lib/python3.10/site-packages/airflow/example_dags/example_complex.py
[2024-09-09T21:04:00.098-0300] {processor.py:914} INFO - Processing file /mnt/c/Users/teu20/Documents/Poli/Repo/eEDB011-20243/atividade 6 - WSL/airflow/airflow_env/lib/python3.10/site-packages/airflow/example_dags/example_complex.py for tasks to queue
[2024-09-09T21:04:00.099-0300] {logging_mixin.py:190} INFO - [2024-09-09T21:04:00.099-0300] {dagbag.py:587} INFO - Filling up the DagBag from /mnt/c/Users/teu20/Documents/Poli/Repo/eEDB011-20243/atividade 6 - WSL/airflow/airflow_env/lib/python3.10/site-packages/airflow/example_dags/example_complex.py
[2024-09-09T21:04:00.115-0300] {processor.py:925} INFO - DAG(s) 'example_complex' retrieved from /mnt/c/Users/teu20/Documents/Poli/Repo/eEDB011-20243/atividade 6 - WSL/airflow/airflow_env/lib/python3.10/site-packages/airflow/example_dags/example_complex.py
[2024-09-09T21:04:00.145-0300] {logging_mixin.py:190} INFO - [2024-09-09T21:04:00.144-0300] {dag.py:3229} INFO - Sync 1 DAGs
[2024-09-09T21:04:00.155-0300] {logging_mixin.py:190} INFO - [2024-09-09T21:04:00.154-0300] {dag.py:4156} INFO - Setting next_dagrun for example_complex to None, run_after=None
[2024-09-09T21:04:00.172-0300] {processor.py:208} INFO - Processing /mnt/c/Users/teu20/Documents/Poli/Repo/eEDB011-20243/atividade 6 - WSL/airflow/airflow_env/lib/python3.10/site-packages/airflow/example_dags/example_complex.py took 0.084 seconds
[2024-09-09T21:04:30.685-0300] {processor.py:186} INFO - Started process (PID=265349) to work on /mnt/c/Users/teu20/Documents/Poli/Repo/eEDB011-20243/atividade 6 - WSL/airflow/airflow_env/lib/python3.10/site-packages/airflow/example_dags/example_complex.py
[2024-09-09T21:04:30.686-0300] {processor.py:914} INFO - Processing file /mnt/c/Users/teu20/Documents/Poli/Repo/eEDB011-20243/atividade 6 - WSL/airflow/airflow_env/lib/python3.10/site-packages/airflow/example_dags/example_complex.py for tasks to queue
[2024-09-09T21:04:30.688-0300] {logging_mixin.py:190} INFO - [2024-09-09T21:04:30.687-0300] {dagbag.py:587} INFO - Filling up the DagBag from /mnt/c/Users/teu20/Documents/Poli/Repo/eEDB011-20243/atividade 6 - WSL/airflow/airflow_env/lib/python3.10/site-packages/airflow/example_dags/example_complex.py
[2024-09-09T21:04:30.705-0300] {processor.py:925} INFO - DAG(s) 'example_complex' retrieved from /mnt/c/Users/teu20/Documents/Poli/Repo/eEDB011-20243/atividade 6 - WSL/airflow/airflow_env/lib/python3.10/site-packages/airflow/example_dags/example_complex.py
[2024-09-09T21:04:30.730-0300] {logging_mixin.py:190} INFO - [2024-09-09T21:04:30.729-0300] {dag.py:3229} INFO - Sync 1 DAGs
[2024-09-09T21:04:30.739-0300] {logging_mixin.py:190} INFO - [2024-09-09T21:04:30.738-0300] {dag.py:4156} INFO - Setting next_dagrun for example_complex to None, run_after=None
[2024-09-09T21:04:30.753-0300] {processor.py:208} INFO - Processing /mnt/c/Users/teu20/Documents/Poli/Repo/eEDB011-20243/atividade 6 - WSL/airflow/airflow_env/lib/python3.10/site-packages/airflow/example_dags/example_complex.py took 0.076 seconds
[2024-09-09T21:05:01.131-0300] {processor.py:186} INFO - Started process (PID=266567) to work on /mnt/c/Users/teu20/Documents/Poli/Repo/eEDB011-20243/atividade 6 - WSL/airflow/airflow_env/lib/python3.10/site-packages/airflow/example_dags/example_complex.py
[2024-09-09T21:05:01.132-0300] {processor.py:914} INFO - Processing file /mnt/c/Users/teu20/Documents/Poli/Repo/eEDB011-20243/atividade 6 - WSL/airflow/airflow_env/lib/python3.10/site-packages/airflow/example_dags/example_complex.py for tasks to queue
[2024-09-09T21:05:01.134-0300] {logging_mixin.py:190} INFO - [2024-09-09T21:05:01.133-0300] {dagbag.py:587} INFO - Filling up the DagBag from /mnt/c/Users/teu20/Documents/Poli/Repo/eEDB011-20243/atividade 6 - WSL/airflow/airflow_env/lib/python3.10/site-packages/airflow/example_dags/example_complex.py
[2024-09-09T21:05:01.149-0300] {processor.py:925} INFO - DAG(s) 'example_complex' retrieved from /mnt/c/Users/teu20/Documents/Poli/Repo/eEDB011-20243/atividade 6 - WSL/airflow/airflow_env/lib/python3.10/site-packages/airflow/example_dags/example_complex.py
[2024-09-09T21:05:01.175-0300] {logging_mixin.py:190} INFO - [2024-09-09T21:05:01.174-0300] {dag.py:3229} INFO - Sync 1 DAGs
[2024-09-09T21:05:01.183-0300] {logging_mixin.py:190} INFO - [2024-09-09T21:05:01.182-0300] {dag.py:4156} INFO - Setting next_dagrun for example_complex to None, run_after=None
[2024-09-09T21:05:01.198-0300] {processor.py:208} INFO - Processing /mnt/c/Users/teu20/Documents/Poli/Repo/eEDB011-20243/atividade 6 - WSL/airflow/airflow_env/lib/python3.10/site-packages/airflow/example_dags/example_complex.py took 0.073 seconds
[2024-09-09T21:05:31.706-0300] {processor.py:186} INFO - Started process (PID=267098) to work on /mnt/c/Users/teu20/Documents/Poli/Repo/eEDB011-20243/atividade 6 - WSL/airflow/airflow_env/lib/python3.10/site-packages/airflow/example_dags/example_complex.py
[2024-09-09T21:05:31.707-0300] {processor.py:914} INFO - Processing file /mnt/c/Users/teu20/Documents/Poli/Repo/eEDB011-20243/atividade 6 - WSL/airflow/airflow_env/lib/python3.10/site-packages/airflow/example_dags/example_complex.py for tasks to queue
[2024-09-09T21:05:31.709-0300] {logging_mixin.py:190} INFO - [2024-09-09T21:05:31.708-0300] {dagbag.py:587} INFO - Filling up the DagBag from /mnt/c/Users/teu20/Documents/Poli/Repo/eEDB011-20243/atividade 6 - WSL/airflow/airflow_env/lib/python3.10/site-packages/airflow/example_dags/example_complex.py
[2024-09-09T21:05:31.725-0300] {processor.py:925} INFO - DAG(s) 'example_complex' retrieved from /mnt/c/Users/teu20/Documents/Poli/Repo/eEDB011-20243/atividade 6 - WSL/airflow/airflow_env/lib/python3.10/site-packages/airflow/example_dags/example_complex.py
[2024-09-09T21:05:31.752-0300] {logging_mixin.py:190} INFO - [2024-09-09T21:05:31.751-0300] {dag.py:3229} INFO - Sync 1 DAGs
[2024-09-09T21:05:31.760-0300] {logging_mixin.py:190} INFO - [2024-09-09T21:05:31.759-0300] {dag.py:4156} INFO - Setting next_dagrun for example_complex to None, run_after=None
[2024-09-09T21:05:31.775-0300] {processor.py:208} INFO - Processing /mnt/c/Users/teu20/Documents/Poli/Repo/eEDB011-20243/atividade 6 - WSL/airflow/airflow_env/lib/python3.10/site-packages/airflow/example_dags/example_complex.py took 0.077 seconds
[2024-09-09T21:06:02.254-0300] {processor.py:186} INFO - Started process (PID=267528) to work on /mnt/c/Users/teu20/Documents/Poli/Repo/eEDB011-20243/atividade 6 - WSL/airflow/airflow_env/lib/python3.10/site-packages/airflow/example_dags/example_complex.py
[2024-09-09T21:06:02.255-0300] {processor.py:914} INFO - Processing file /mnt/c/Users/teu20/Documents/Poli/Repo/eEDB011-20243/atividade 6 - WSL/airflow/airflow_env/lib/python3.10/site-packages/airflow/example_dags/example_complex.py for tasks to queue
[2024-09-09T21:06:02.257-0300] {logging_mixin.py:190} INFO - [2024-09-09T21:06:02.257-0300] {dagbag.py:587} INFO - Filling up the DagBag from /mnt/c/Users/teu20/Documents/Poli/Repo/eEDB011-20243/atividade 6 - WSL/airflow/airflow_env/lib/python3.10/site-packages/airflow/example_dags/example_complex.py
[2024-09-09T21:06:02.276-0300] {processor.py:925} INFO - DAG(s) 'example_complex' retrieved from /mnt/c/Users/teu20/Documents/Poli/Repo/eEDB011-20243/atividade 6 - WSL/airflow/airflow_env/lib/python3.10/site-packages/airflow/example_dags/example_complex.py
[2024-09-09T21:06:02.304-0300] {logging_mixin.py:190} INFO - [2024-09-09T21:06:02.303-0300] {dag.py:3229} INFO - Sync 1 DAGs
[2024-09-09T21:06:02.313-0300] {logging_mixin.py:190} INFO - [2024-09-09T21:06:02.312-0300] {dag.py:4156} INFO - Setting next_dagrun for example_complex to None, run_after=None
[2024-09-09T21:06:02.330-0300] {processor.py:208} INFO - Processing /mnt/c/Users/teu20/Documents/Poli/Repo/eEDB011-20243/atividade 6 - WSL/airflow/airflow_env/lib/python3.10/site-packages/airflow/example_dags/example_complex.py took 0.085 seconds
[2024-09-09T21:06:32.605-0300] {processor.py:186} INFO - Started process (PID=267981) to work on /mnt/c/Users/teu20/Documents/Poli/Repo/eEDB011-20243/atividade 6 - WSL/airflow/airflow_env/lib/python3.10/site-packages/airflow/example_dags/example_complex.py
[2024-09-09T21:06:32.606-0300] {processor.py:914} INFO - Processing file /mnt/c/Users/teu20/Documents/Poli/Repo/eEDB011-20243/atividade 6 - WSL/airflow/airflow_env/lib/python3.10/site-packages/airflow/example_dags/example_complex.py for tasks to queue
[2024-09-09T21:06:32.608-0300] {logging_mixin.py:190} INFO - [2024-09-09T21:06:32.607-0300] {dagbag.py:587} INFO - Filling up the DagBag from /mnt/c/Users/teu20/Documents/Poli/Repo/eEDB011-20243/atividade 6 - WSL/airflow/airflow_env/lib/python3.10/site-packages/airflow/example_dags/example_complex.py
[2024-09-09T21:06:32.624-0300] {processor.py:925} INFO - DAG(s) 'example_complex' retrieved from /mnt/c/Users/teu20/Documents/Poli/Repo/eEDB011-20243/atividade 6 - WSL/airflow/airflow_env/lib/python3.10/site-packages/airflow/example_dags/example_complex.py
[2024-09-09T21:06:32.654-0300] {logging_mixin.py:190} INFO - [2024-09-09T21:06:32.653-0300] {dag.py:3229} INFO - Sync 1 DAGs
[2024-09-09T21:06:32.663-0300] {logging_mixin.py:190} INFO - [2024-09-09T21:06:32.662-0300] {dag.py:4156} INFO - Setting next_dagrun for example_complex to None, run_after=None
[2024-09-09T21:06:32.680-0300] {processor.py:208} INFO - Processing /mnt/c/Users/teu20/Documents/Poli/Repo/eEDB011-20243/atividade 6 - WSL/airflow/airflow_env/lib/python3.10/site-packages/airflow/example_dags/example_complex.py took 0.083 seconds
[2024-09-09T21:07:03.001-0300] {processor.py:186} INFO - Started process (PID=268597) to work on /mnt/c/Users/teu20/Documents/Poli/Repo/eEDB011-20243/atividade 6 - WSL/airflow/airflow_env/lib/python3.10/site-packages/airflow/example_dags/example_complex.py
[2024-09-09T21:07:03.003-0300] {processor.py:914} INFO - Processing file /mnt/c/Users/teu20/Documents/Poli/Repo/eEDB011-20243/atividade 6 - WSL/airflow/airflow_env/lib/python3.10/site-packages/airflow/example_dags/example_complex.py for tasks to queue
[2024-09-09T21:07:03.004-0300] {logging_mixin.py:190} INFO - [2024-09-09T21:07:03.004-0300] {dagbag.py:587} INFO - Filling up the DagBag from /mnt/c/Users/teu20/Documents/Poli/Repo/eEDB011-20243/atividade 6 - WSL/airflow/airflow_env/lib/python3.10/site-packages/airflow/example_dags/example_complex.py
[2024-09-09T21:07:03.021-0300] {processor.py:925} INFO - DAG(s) 'example_complex' retrieved from /mnt/c/Users/teu20/Documents/Poli/Repo/eEDB011-20243/atividade 6 - WSL/airflow/airflow_env/lib/python3.10/site-packages/airflow/example_dags/example_complex.py
[2024-09-09T21:07:03.045-0300] {logging_mixin.py:190} INFO - [2024-09-09T21:07:03.044-0300] {dag.py:3229} INFO - Sync 1 DAGs
[2024-09-09T21:07:03.053-0300] {logging_mixin.py:190} INFO - [2024-09-09T21:07:03.052-0300] {dag.py:4156} INFO - Setting next_dagrun for example_complex to None, run_after=None
[2024-09-09T21:07:03.068-0300] {processor.py:208} INFO - Processing /mnt/c/Users/teu20/Documents/Poli/Repo/eEDB011-20243/atividade 6 - WSL/airflow/airflow_env/lib/python3.10/site-packages/airflow/example_dags/example_complex.py took 0.075 seconds
[2024-09-09T21:07:33.489-0300] {processor.py:186} INFO - Started process (PID=269265) to work on /mnt/c/Users/teu20/Documents/Poli/Repo/eEDB011-20243/atividade 6 - WSL/airflow/airflow_env/lib/python3.10/site-packages/airflow/example_dags/example_complex.py
[2024-09-09T21:07:33.490-0300] {processor.py:914} INFO - Processing file /mnt/c/Users/teu20/Documents/Poli/Repo/eEDB011-20243/atividade 6 - WSL/airflow/airflow_env/lib/python3.10/site-packages/airflow/example_dags/example_complex.py for tasks to queue
[2024-09-09T21:07:33.492-0300] {logging_mixin.py:190} INFO - [2024-09-09T21:07:33.491-0300] {dagbag.py:587} INFO - Filling up the DagBag from /mnt/c/Users/teu20/Documents/Poli/Repo/eEDB011-20243/atividade 6 - WSL/airflow/airflow_env/lib/python3.10/site-packages/airflow/example_dags/example_complex.py
[2024-09-09T21:07:33.506-0300] {processor.py:925} INFO - DAG(s) 'example_complex' retrieved from /mnt/c/Users/teu20/Documents/Poli/Repo/eEDB011-20243/atividade 6 - WSL/airflow/airflow_env/lib/python3.10/site-packages/airflow/example_dags/example_complex.py
[2024-09-09T21:07:33.531-0300] {logging_mixin.py:190} INFO - [2024-09-09T21:07:33.530-0300] {dag.py:3229} INFO - Sync 1 DAGs
[2024-09-09T21:07:33.540-0300] {logging_mixin.py:190} INFO - [2024-09-09T21:07:33.539-0300] {dag.py:4156} INFO - Setting next_dagrun for example_complex to None, run_after=None
[2024-09-09T21:07:33.556-0300] {processor.py:208} INFO - Processing /mnt/c/Users/teu20/Documents/Poli/Repo/eEDB011-20243/atividade 6 - WSL/airflow/airflow_env/lib/python3.10/site-packages/airflow/example_dags/example_complex.py took 0.074 seconds
[2024-09-09T21:08:03.773-0300] {processor.py:186} INFO - Started process (PID=269758) to work on /mnt/c/Users/teu20/Documents/Poli/Repo/eEDB011-20243/atividade 6 - WSL/airflow/airflow_env/lib/python3.10/site-packages/airflow/example_dags/example_complex.py
[2024-09-09T21:08:03.774-0300] {processor.py:914} INFO - Processing file /mnt/c/Users/teu20/Documents/Poli/Repo/eEDB011-20243/atividade 6 - WSL/airflow/airflow_env/lib/python3.10/site-packages/airflow/example_dags/example_complex.py for tasks to queue
[2024-09-09T21:08:03.776-0300] {logging_mixin.py:190} INFO - [2024-09-09T21:08:03.776-0300] {dagbag.py:587} INFO - Filling up the DagBag from /mnt/c/Users/teu20/Documents/Poli/Repo/eEDB011-20243/atividade 6 - WSL/airflow/airflow_env/lib/python3.10/site-packages/airflow/example_dags/example_complex.py
[2024-09-09T21:08:03.794-0300] {processor.py:925} INFO - DAG(s) 'example_complex' retrieved from /mnt/c/Users/teu20/Documents/Poli/Repo/eEDB011-20243/atividade 6 - WSL/airflow/airflow_env/lib/python3.10/site-packages/airflow/example_dags/example_complex.py
[2024-09-09T21:08:03.819-0300] {logging_mixin.py:190} INFO - [2024-09-09T21:08:03.818-0300] {dag.py:3229} INFO - Sync 1 DAGs
[2024-09-09T21:08:03.827-0300] {logging_mixin.py:190} INFO - [2024-09-09T21:08:03.827-0300] {dag.py:4156} INFO - Setting next_dagrun for example_complex to None, run_after=None
[2024-09-09T21:08:03.841-0300] {processor.py:208} INFO - Processing /mnt/c/Users/teu20/Documents/Poli/Repo/eEDB011-20243/atividade 6 - WSL/airflow/airflow_env/lib/python3.10/site-packages/airflow/example_dags/example_complex.py took 0.077 seconds
