[2024-09-09T21:00:24.309-0300] {processor.py:186} INFO - Started process (PID=261563) to work on /mnt/c/Users/teu20/Documents/Poli/Repo/eEDB011-20243/atividade 6 - WSL/airflow/airflow_env/lib/python3.10/site-packages/airflow/example_dags/example_inlet_event_extra.py
[2024-09-09T21:00:24.311-0300] {processor.py:914} INFO - Processing file /mnt/c/Users/teu20/Documents/Poli/Repo/eEDB011-20243/atividade 6 - WSL/airflow/airflow_env/lib/python3.10/site-packages/airflow/example_dags/example_inlet_event_extra.py for tasks to queue
[2024-09-09T21:00:24.312-0300] {logging_mixin.py:190} INFO - [2024-09-09T21:00:24.312-0300] {dagbag.py:587} INFO - Filling up the DagBag from /mnt/c/Users/teu20/Documents/Poli/Repo/eEDB011-20243/atividade 6 - WSL/airflow/airflow_env/lib/python3.10/site-packages/airflow/example_dags/example_inlet_event_extra.py
[2024-09-09T21:00:24.391-0300] {processor.py:925} INFO - DAG(s) 'read_dataset_event_from_classic', 'read_dataset_event' retrieved from /mnt/c/Users/teu20/Documents/Poli/Repo/eEDB011-20243/atividade 6 - WSL/airflow/airflow_env/lib/python3.10/site-packages/airflow/example_dags/example_inlet_event_extra.py
[2024-09-09T21:00:24.410-0300] {logging_mixin.py:190} INFO - [2024-09-09T21:00:24.409-0300] {dag.py:3229} INFO - Sync 2 DAGs
[2024-09-09T21:00:24.423-0300] {logging_mixin.py:190} INFO - [2024-09-09T21:00:24.423-0300] {dag.py:4156} INFO - Setting next_dagrun for read_dataset_event to 2024-09-09 00:00:00+00:00, run_after=2024-09-10 00:00:00+00:00
[2024-09-09T21:00:24.427-0300] {logging_mixin.py:190} INFO - [2024-09-09T21:00:24.426-0300] {dag.py:4156} INFO - Setting next_dagrun for read_dataset_event_from_classic to 2024-09-09 00:00:00+00:00, run_after=2024-09-10 00:00:00+00:00
[2024-09-09T21:00:24.441-0300] {processor.py:208} INFO - Processing /mnt/c/Users/teu20/Documents/Poli/Repo/eEDB011-20243/atividade 6 - WSL/airflow/airflow_env/lib/python3.10/site-packages/airflow/example_dags/example_inlet_event_extra.py took 0.139 seconds
[2024-09-09T21:00:54.871-0300] {processor.py:186} INFO - Started process (PID=262269) to work on /mnt/c/Users/teu20/Documents/Poli/Repo/eEDB011-20243/atividade 6 - WSL/airflow/airflow_env/lib/python3.10/site-packages/airflow/example_dags/example_inlet_event_extra.py
[2024-09-09T21:00:54.872-0300] {processor.py:914} INFO - Processing file /mnt/c/Users/teu20/Documents/Poli/Repo/eEDB011-20243/atividade 6 - WSL/airflow/airflow_env/lib/python3.10/site-packages/airflow/example_dags/example_inlet_event_extra.py for tasks to queue
[2024-09-09T21:00:54.874-0300] {logging_mixin.py:190} INFO - [2024-09-09T21:00:54.873-0300] {dagbag.py:587} INFO - Filling up the DagBag from /mnt/c/Users/teu20/Documents/Poli/Repo/eEDB011-20243/atividade 6 - WSL/airflow/airflow_env/lib/python3.10/site-packages/airflow/example_dags/example_inlet_event_extra.py
[2024-09-09T21:00:54.952-0300] {processor.py:925} INFO - DAG(s) 'read_dataset_event', 'read_dataset_event_from_classic' retrieved from /mnt/c/Users/teu20/Documents/Poli/Repo/eEDB011-20243/atividade 6 - WSL/airflow/airflow_env/lib/python3.10/site-packages/airflow/example_dags/example_inlet_event_extra.py
[2024-09-09T21:00:54.971-0300] {logging_mixin.py:190} INFO - [2024-09-09T21:00:54.970-0300] {dag.py:3229} INFO - Sync 2 DAGs
[2024-09-09T21:00:54.984-0300] {logging_mixin.py:190} INFO - [2024-09-09T21:00:54.983-0300] {dag.py:4156} INFO - Setting next_dagrun for read_dataset_event to 2024-09-09 00:00:00+00:00, run_after=2024-09-10 00:00:00+00:00
[2024-09-09T21:00:54.987-0300] {logging_mixin.py:190} INFO - [2024-09-09T21:00:54.987-0300] {dag.py:4156} INFO - Setting next_dagrun for read_dataset_event_from_classic to 2024-09-09 00:00:00+00:00, run_after=2024-09-10 00:00:00+00:00
[2024-09-09T21:00:55.000-0300] {processor.py:208} INFO - Processing /mnt/c/Users/teu20/Documents/Poli/Repo/eEDB011-20243/atividade 6 - WSL/airflow/airflow_env/lib/python3.10/site-packages/airflow/example_dags/example_inlet_event_extra.py took 0.137 seconds
[2024-09-09T21:01:26.089-0300] {processor.py:186} INFO - Started process (PID=262706) to work on /mnt/c/Users/teu20/Documents/Poli/Repo/eEDB011-20243/atividade 6 - WSL/airflow/airflow_env/lib/python3.10/site-packages/airflow/example_dags/example_inlet_event_extra.py
[2024-09-09T21:01:26.090-0300] {processor.py:914} INFO - Processing file /mnt/c/Users/teu20/Documents/Poli/Repo/eEDB011-20243/atividade 6 - WSL/airflow/airflow_env/lib/python3.10/site-packages/airflow/example_dags/example_inlet_event_extra.py for tasks to queue
[2024-09-09T21:01:26.091-0300] {logging_mixin.py:190} INFO - [2024-09-09T21:01:26.091-0300] {dagbag.py:587} INFO - Filling up the DagBag from /mnt/c/Users/teu20/Documents/Poli/Repo/eEDB011-20243/atividade 6 - WSL/airflow/airflow_env/lib/python3.10/site-packages/airflow/example_dags/example_inlet_event_extra.py
[2024-09-09T21:01:26.173-0300] {processor.py:925} INFO - DAG(s) 'read_dataset_event', 'read_dataset_event_from_classic' retrieved from /mnt/c/Users/teu20/Documents/Poli/Repo/eEDB011-20243/atividade 6 - WSL/airflow/airflow_env/lib/python3.10/site-packages/airflow/example_dags/example_inlet_event_extra.py
[2024-09-09T21:01:26.192-0300] {logging_mixin.py:190} INFO - [2024-09-09T21:01:26.192-0300] {dag.py:3229} INFO - Sync 2 DAGs
[2024-09-09T21:01:26.205-0300] {logging_mixin.py:190} INFO - [2024-09-09T21:01:26.205-0300] {dag.py:4156} INFO - Setting next_dagrun for read_dataset_event to 2024-09-09 00:00:00+00:00, run_after=2024-09-10 00:00:00+00:00
[2024-09-09T21:01:26.209-0300] {logging_mixin.py:190} INFO - [2024-09-09T21:01:26.208-0300] {dag.py:4156} INFO - Setting next_dagrun for read_dataset_event_from_classic to 2024-09-09 00:00:00+00:00, run_after=2024-09-10 00:00:00+00:00
[2024-09-09T21:01:26.225-0300] {processor.py:208} INFO - Processing /mnt/c/Users/teu20/Documents/Poli/Repo/eEDB011-20243/atividade 6 - WSL/airflow/airflow_env/lib/python3.10/site-packages/airflow/example_dags/example_inlet_event_extra.py took 0.144 seconds
[2024-09-09T21:01:56.874-0300] {processor.py:186} INFO - Started process (PID=263135) to work on /mnt/c/Users/teu20/Documents/Poli/Repo/eEDB011-20243/atividade 6 - WSL/airflow/airflow_env/lib/python3.10/site-packages/airflow/example_dags/example_inlet_event_extra.py
[2024-09-09T21:01:56.875-0300] {processor.py:914} INFO - Processing file /mnt/c/Users/teu20/Documents/Poli/Repo/eEDB011-20243/atividade 6 - WSL/airflow/airflow_env/lib/python3.10/site-packages/airflow/example_dags/example_inlet_event_extra.py for tasks to queue
[2024-09-09T21:01:56.877-0300] {logging_mixin.py:190} INFO - [2024-09-09T21:01:56.877-0300] {dagbag.py:587} INFO - Filling up the DagBag from /mnt/c/Users/teu20/Documents/Poli/Repo/eEDB011-20243/atividade 6 - WSL/airflow/airflow_env/lib/python3.10/site-packages/airflow/example_dags/example_inlet_event_extra.py
[2024-09-09T21:01:56.959-0300] {processor.py:925} INFO - DAG(s) 'read_dataset_event_from_classic', 'read_dataset_event' retrieved from /mnt/c/Users/teu20/Documents/Poli/Repo/eEDB011-20243/atividade 6 - WSL/airflow/airflow_env/lib/python3.10/site-packages/airflow/example_dags/example_inlet_event_extra.py
[2024-09-09T21:01:56.980-0300] {logging_mixin.py:190} INFO - [2024-09-09T21:01:56.979-0300] {dag.py:3229} INFO - Sync 2 DAGs
[2024-09-09T21:01:56.995-0300] {logging_mixin.py:190} INFO - [2024-09-09T21:01:56.994-0300] {dag.py:4156} INFO - Setting next_dagrun for read_dataset_event to 2024-09-09 00:00:00+00:00, run_after=2024-09-10 00:00:00+00:00
[2024-09-09T21:01:57.000-0300] {logging_mixin.py:190} INFO - [2024-09-09T21:01:56.999-0300] {dag.py:4156} INFO - Setting next_dagrun for read_dataset_event_from_classic to 2024-09-09 00:00:00+00:00, run_after=2024-09-10 00:00:00+00:00
[2024-09-09T21:01:57.015-0300] {processor.py:208} INFO - Processing /mnt/c/Users/teu20/Documents/Poli/Repo/eEDB011-20243/atividade 6 - WSL/airflow/airflow_env/lib/python3.10/site-packages/airflow/example_dags/example_inlet_event_extra.py took 0.149 seconds
[2024-09-09T21:02:27.571-0300] {processor.py:186} INFO - Started process (PID=263568) to work on /mnt/c/Users/teu20/Documents/Poli/Repo/eEDB011-20243/atividade 6 - WSL/airflow/airflow_env/lib/python3.10/site-packages/airflow/example_dags/example_inlet_event_extra.py
[2024-09-09T21:02:27.572-0300] {processor.py:914} INFO - Processing file /mnt/c/Users/teu20/Documents/Poli/Repo/eEDB011-20243/atividade 6 - WSL/airflow/airflow_env/lib/python3.10/site-packages/airflow/example_dags/example_inlet_event_extra.py for tasks to queue
[2024-09-09T21:02:27.574-0300] {logging_mixin.py:190} INFO - [2024-09-09T21:02:27.573-0300] {dagbag.py:587} INFO - Filling up the DagBag from /mnt/c/Users/teu20/Documents/Poli/Repo/eEDB011-20243/atividade 6 - WSL/airflow/airflow_env/lib/python3.10/site-packages/airflow/example_dags/example_inlet_event_extra.py
[2024-09-09T21:02:27.662-0300] {processor.py:925} INFO - DAG(s) 'read_dataset_event_from_classic', 'read_dataset_event' retrieved from /mnt/c/Users/teu20/Documents/Poli/Repo/eEDB011-20243/atividade 6 - WSL/airflow/airflow_env/lib/python3.10/site-packages/airflow/example_dags/example_inlet_event_extra.py
[2024-09-09T21:02:27.683-0300] {logging_mixin.py:190} INFO - [2024-09-09T21:02:27.682-0300] {dag.py:3229} INFO - Sync 2 DAGs
[2024-09-09T21:02:27.697-0300] {logging_mixin.py:190} INFO - [2024-09-09T21:02:27.696-0300] {dag.py:4156} INFO - Setting next_dagrun for read_dataset_event to 2024-09-09 00:00:00+00:00, run_after=2024-09-10 00:00:00+00:00
[2024-09-09T21:02:27.700-0300] {logging_mixin.py:190} INFO - [2024-09-09T21:02:27.700-0300] {dag.py:4156} INFO - Setting next_dagrun for read_dataset_event_from_classic to 2024-09-09 00:00:00+00:00, run_after=2024-09-10 00:00:00+00:00
[2024-09-09T21:02:27.714-0300] {processor.py:208} INFO - Processing /mnt/c/Users/teu20/Documents/Poli/Repo/eEDB011-20243/atividade 6 - WSL/airflow/airflow_env/lib/python3.10/site-packages/airflow/example_dags/example_inlet_event_extra.py took 0.154 seconds
[2024-09-09T21:02:58.193-0300] {processor.py:186} INFO - Started process (PID=263999) to work on /mnt/c/Users/teu20/Documents/Poli/Repo/eEDB011-20243/atividade 6 - WSL/airflow/airflow_env/lib/python3.10/site-packages/airflow/example_dags/example_inlet_event_extra.py
[2024-09-09T21:02:58.194-0300] {processor.py:914} INFO - Processing file /mnt/c/Users/teu20/Documents/Poli/Repo/eEDB011-20243/atividade 6 - WSL/airflow/airflow_env/lib/python3.10/site-packages/airflow/example_dags/example_inlet_event_extra.py for tasks to queue
[2024-09-09T21:02:58.196-0300] {logging_mixin.py:190} INFO - [2024-09-09T21:02:58.195-0300] {dagbag.py:587} INFO - Filling up the DagBag from /mnt/c/Users/teu20/Documents/Poli/Repo/eEDB011-20243/atividade 6 - WSL/airflow/airflow_env/lib/python3.10/site-packages/airflow/example_dags/example_inlet_event_extra.py
[2024-09-09T21:02:58.265-0300] {processor.py:925} INFO - DAG(s) 'read_dataset_event', 'read_dataset_event_from_classic' retrieved from /mnt/c/Users/teu20/Documents/Poli/Repo/eEDB011-20243/atividade 6 - WSL/airflow/airflow_env/lib/python3.10/site-packages/airflow/example_dags/example_inlet_event_extra.py
[2024-09-09T21:02:58.283-0300] {logging_mixin.py:190} INFO - [2024-09-09T21:02:58.282-0300] {dag.py:3229} INFO - Sync 2 DAGs
[2024-09-09T21:02:58.296-0300] {logging_mixin.py:190} INFO - [2024-09-09T21:02:58.296-0300] {dag.py:4156} INFO - Setting next_dagrun for read_dataset_event to 2024-09-09 00:00:00+00:00, run_after=2024-09-10 00:00:00+00:00
[2024-09-09T21:02:58.300-0300] {logging_mixin.py:190} INFO - [2024-09-09T21:02:58.299-0300] {dag.py:4156} INFO - Setting next_dagrun for read_dataset_event_from_classic to 2024-09-09 00:00:00+00:00, run_after=2024-09-10 00:00:00+00:00
[2024-09-09T21:02:58.314-0300] {processor.py:208} INFO - Processing /mnt/c/Users/teu20/Documents/Poli/Repo/eEDB011-20243/atividade 6 - WSL/airflow/airflow_env/lib/python3.10/site-packages/airflow/example_dags/example_inlet_event_extra.py took 0.129 seconds
[2024-09-09T21:03:28.738-0300] {processor.py:186} INFO - Started process (PID=264431) to work on /mnt/c/Users/teu20/Documents/Poli/Repo/eEDB011-20243/atividade 6 - WSL/airflow/airflow_env/lib/python3.10/site-packages/airflow/example_dags/example_inlet_event_extra.py
[2024-09-09T21:03:28.739-0300] {processor.py:914} INFO - Processing file /mnt/c/Users/teu20/Documents/Poli/Repo/eEDB011-20243/atividade 6 - WSL/airflow/airflow_env/lib/python3.10/site-packages/airflow/example_dags/example_inlet_event_extra.py for tasks to queue
[2024-09-09T21:03:28.741-0300] {logging_mixin.py:190} INFO - [2024-09-09T21:03:28.740-0300] {dagbag.py:587} INFO - Filling up the DagBag from /mnt/c/Users/teu20/Documents/Poli/Repo/eEDB011-20243/atividade 6 - WSL/airflow/airflow_env/lib/python3.10/site-packages/airflow/example_dags/example_inlet_event_extra.py
[2024-09-09T21:03:28.826-0300] {processor.py:925} INFO - DAG(s) 'read_dataset_event', 'read_dataset_event_from_classic' retrieved from /mnt/c/Users/teu20/Documents/Poli/Repo/eEDB011-20243/atividade 6 - WSL/airflow/airflow_env/lib/python3.10/site-packages/airflow/example_dags/example_inlet_event_extra.py
[2024-09-09T21:03:28.847-0300] {logging_mixin.py:190} INFO - [2024-09-09T21:03:28.846-0300] {dag.py:3229} INFO - Sync 2 DAGs
[2024-09-09T21:03:28.860-0300] {logging_mixin.py:190} INFO - [2024-09-09T21:03:28.860-0300] {dag.py:4156} INFO - Setting next_dagrun for read_dataset_event to 2024-09-09 00:00:00+00:00, run_after=2024-09-10 00:00:00+00:00
[2024-09-09T21:03:28.864-0300] {logging_mixin.py:190} INFO - [2024-09-09T21:03:28.863-0300] {dag.py:4156} INFO - Setting next_dagrun for read_dataset_event_from_classic to 2024-09-09 00:00:00+00:00, run_after=2024-09-10 00:00:00+00:00
[2024-09-09T21:03:28.878-0300] {processor.py:208} INFO - Processing /mnt/c/Users/teu20/Documents/Poli/Repo/eEDB011-20243/atividade 6 - WSL/airflow/airflow_env/lib/python3.10/site-packages/airflow/example_dags/example_inlet_event_extra.py took 0.148 seconds
[2024-09-09T21:03:59.357-0300] {processor.py:186} INFO - Started process (PID=264870) to work on /mnt/c/Users/teu20/Documents/Poli/Repo/eEDB011-20243/atividade 6 - WSL/airflow/airflow_env/lib/python3.10/site-packages/airflow/example_dags/example_inlet_event_extra.py
[2024-09-09T21:03:59.358-0300] {processor.py:914} INFO - Processing file /mnt/c/Users/teu20/Documents/Poli/Repo/eEDB011-20243/atividade 6 - WSL/airflow/airflow_env/lib/python3.10/site-packages/airflow/example_dags/example_inlet_event_extra.py for tasks to queue
[2024-09-09T21:03:59.360-0300] {logging_mixin.py:190} INFO - [2024-09-09T21:03:59.359-0300] {dagbag.py:587} INFO - Filling up the DagBag from /mnt/c/Users/teu20/Documents/Poli/Repo/eEDB011-20243/atividade 6 - WSL/airflow/airflow_env/lib/python3.10/site-packages/airflow/example_dags/example_inlet_event_extra.py
[2024-09-09T21:03:59.442-0300] {processor.py:925} INFO - DAG(s) 'read_dataset_event', 'read_dataset_event_from_classic' retrieved from /mnt/c/Users/teu20/Documents/Poli/Repo/eEDB011-20243/atividade 6 - WSL/airflow/airflow_env/lib/python3.10/site-packages/airflow/example_dags/example_inlet_event_extra.py
[2024-09-09T21:03:59.462-0300] {logging_mixin.py:190} INFO - [2024-09-09T21:03:59.461-0300] {dag.py:3229} INFO - Sync 2 DAGs
[2024-09-09T21:03:59.475-0300] {logging_mixin.py:190} INFO - [2024-09-09T21:03:59.474-0300] {dag.py:4156} INFO - Setting next_dagrun for read_dataset_event to 2024-09-09 00:00:00+00:00, run_after=2024-09-10 00:00:00+00:00
[2024-09-09T21:03:59.479-0300] {logging_mixin.py:190} INFO - [2024-09-09T21:03:59.479-0300] {dag.py:4156} INFO - Setting next_dagrun for read_dataset_event_from_classic to 2024-09-09 00:00:00+00:00, run_after=2024-09-10 00:00:00+00:00
[2024-09-09T21:03:59.494-0300] {processor.py:208} INFO - Processing /mnt/c/Users/teu20/Documents/Poli/Repo/eEDB011-20243/atividade 6 - WSL/airflow/airflow_env/lib/python3.10/site-packages/airflow/example_dags/example_inlet_event_extra.py took 0.146 seconds
[2024-09-09T21:04:29.825-0300] {processor.py:186} INFO - Started process (PID=265303) to work on /mnt/c/Users/teu20/Documents/Poli/Repo/eEDB011-20243/atividade 6 - WSL/airflow/airflow_env/lib/python3.10/site-packages/airflow/example_dags/example_inlet_event_extra.py
[2024-09-09T21:04:29.826-0300] {processor.py:914} INFO - Processing file /mnt/c/Users/teu20/Documents/Poli/Repo/eEDB011-20243/atividade 6 - WSL/airflow/airflow_env/lib/python3.10/site-packages/airflow/example_dags/example_inlet_event_extra.py for tasks to queue
[2024-09-09T21:04:29.828-0300] {logging_mixin.py:190} INFO - [2024-09-09T21:04:29.827-0300] {dagbag.py:587} INFO - Filling up the DagBag from /mnt/c/Users/teu20/Documents/Poli/Repo/eEDB011-20243/atividade 6 - WSL/airflow/airflow_env/lib/python3.10/site-packages/airflow/example_dags/example_inlet_event_extra.py
[2024-09-09T21:04:29.906-0300] {processor.py:925} INFO - DAG(s) 'read_dataset_event', 'read_dataset_event_from_classic' retrieved from /mnt/c/Users/teu20/Documents/Poli/Repo/eEDB011-20243/atividade 6 - WSL/airflow/airflow_env/lib/python3.10/site-packages/airflow/example_dags/example_inlet_event_extra.py
[2024-09-09T21:04:29.926-0300] {logging_mixin.py:190} INFO - [2024-09-09T21:04:29.926-0300] {dag.py:3229} INFO - Sync 2 DAGs
[2024-09-09T21:04:29.940-0300] {logging_mixin.py:190} INFO - [2024-09-09T21:04:29.939-0300] {dag.py:4156} INFO - Setting next_dagrun for read_dataset_event to 2024-09-09 00:00:00+00:00, run_after=2024-09-10 00:00:00+00:00
[2024-09-09T21:04:29.944-0300] {logging_mixin.py:190} INFO - [2024-09-09T21:04:29.943-0300] {dag.py:4156} INFO - Setting next_dagrun for read_dataset_event_from_classic to 2024-09-09 00:00:00+00:00, run_after=2024-09-10 00:00:00+00:00
[2024-09-09T21:04:29.958-0300] {processor.py:208} INFO - Processing /mnt/c/Users/teu20/Documents/Poli/Repo/eEDB011-20243/atividade 6 - WSL/airflow/airflow_env/lib/python3.10/site-packages/airflow/example_dags/example_inlet_event_extra.py took 0.141 seconds
[2024-09-09T21:05:00.258-0300] {processor.py:186} INFO - Started process (PID=266523) to work on /mnt/c/Users/teu20/Documents/Poli/Repo/eEDB011-20243/atividade 6 - WSL/airflow/airflow_env/lib/python3.10/site-packages/airflow/example_dags/example_inlet_event_extra.py
[2024-09-09T21:05:00.259-0300] {processor.py:914} INFO - Processing file /mnt/c/Users/teu20/Documents/Poli/Repo/eEDB011-20243/atividade 6 - WSL/airflow/airflow_env/lib/python3.10/site-packages/airflow/example_dags/example_inlet_event_extra.py for tasks to queue
[2024-09-09T21:05:00.261-0300] {logging_mixin.py:190} INFO - [2024-09-09T21:05:00.260-0300] {dagbag.py:587} INFO - Filling up the DagBag from /mnt/c/Users/teu20/Documents/Poli/Repo/eEDB011-20243/atividade 6 - WSL/airflow/airflow_env/lib/python3.10/site-packages/airflow/example_dags/example_inlet_event_extra.py
[2024-09-09T21:05:00.340-0300] {processor.py:925} INFO - DAG(s) 'read_dataset_event', 'read_dataset_event_from_classic' retrieved from /mnt/c/Users/teu20/Documents/Poli/Repo/eEDB011-20243/atividade 6 - WSL/airflow/airflow_env/lib/python3.10/site-packages/airflow/example_dags/example_inlet_event_extra.py
[2024-09-09T21:05:00.359-0300] {logging_mixin.py:190} INFO - [2024-09-09T21:05:00.359-0300] {dag.py:3229} INFO - Sync 2 DAGs
[2024-09-09T21:05:00.373-0300] {logging_mixin.py:190} INFO - [2024-09-09T21:05:00.373-0300] {dag.py:4156} INFO - Setting next_dagrun for read_dataset_event to 2024-09-09 00:00:00+00:00, run_after=2024-09-10 00:00:00+00:00
[2024-09-09T21:05:00.377-0300] {logging_mixin.py:190} INFO - [2024-09-09T21:05:00.377-0300] {dag.py:4156} INFO - Setting next_dagrun for read_dataset_event_from_classic to 2024-09-09 00:00:00+00:00, run_after=2024-09-10 00:00:00+00:00
[2024-09-09T21:05:00.391-0300] {processor.py:208} INFO - Processing /mnt/c/Users/teu20/Documents/Poli/Repo/eEDB011-20243/atividade 6 - WSL/airflow/airflow_env/lib/python3.10/site-packages/airflow/example_dags/example_inlet_event_extra.py took 0.140 seconds
[2024-09-09T21:05:30.711-0300] {processor.py:186} INFO - Started process (PID=267047) to work on /mnt/c/Users/teu20/Documents/Poli/Repo/eEDB011-20243/atividade 6 - WSL/airflow/airflow_env/lib/python3.10/site-packages/airflow/example_dags/example_inlet_event_extra.py
[2024-09-09T21:05:30.712-0300] {processor.py:914} INFO - Processing file /mnt/c/Users/teu20/Documents/Poli/Repo/eEDB011-20243/atividade 6 - WSL/airflow/airflow_env/lib/python3.10/site-packages/airflow/example_dags/example_inlet_event_extra.py for tasks to queue
[2024-09-09T21:05:30.714-0300] {logging_mixin.py:190} INFO - [2024-09-09T21:05:30.713-0300] {dagbag.py:587} INFO - Filling up the DagBag from /mnt/c/Users/teu20/Documents/Poli/Repo/eEDB011-20243/atividade 6 - WSL/airflow/airflow_env/lib/python3.10/site-packages/airflow/example_dags/example_inlet_event_extra.py
[2024-09-09T21:05:30.794-0300] {processor.py:925} INFO - DAG(s) 'read_dataset_event', 'read_dataset_event_from_classic' retrieved from /mnt/c/Users/teu20/Documents/Poli/Repo/eEDB011-20243/atividade 6 - WSL/airflow/airflow_env/lib/python3.10/site-packages/airflow/example_dags/example_inlet_event_extra.py
[2024-09-09T21:05:30.815-0300] {logging_mixin.py:190} INFO - [2024-09-09T21:05:30.814-0300] {dag.py:3229} INFO - Sync 2 DAGs
[2024-09-09T21:05:30.830-0300] {logging_mixin.py:190} INFO - [2024-09-09T21:05:30.829-0300] {dag.py:4156} INFO - Setting next_dagrun for read_dataset_event to 2024-09-09 00:00:00+00:00, run_after=2024-09-10 00:00:00+00:00
[2024-09-09T21:05:30.835-0300] {logging_mixin.py:190} INFO - [2024-09-09T21:05:30.834-0300] {dag.py:4156} INFO - Setting next_dagrun for read_dataset_event_from_classic to 2024-09-09 00:00:00+00:00, run_after=2024-09-10 00:00:00+00:00
[2024-09-09T21:05:30.851-0300] {processor.py:208} INFO - Processing /mnt/c/Users/teu20/Documents/Poli/Repo/eEDB011-20243/atividade 6 - WSL/airflow/airflow_env/lib/python3.10/site-packages/airflow/example_dags/example_inlet_event_extra.py took 0.147 seconds
[2024-09-09T21:06:01.182-0300] {processor.py:186} INFO - Started process (PID=267477) to work on /mnt/c/Users/teu20/Documents/Poli/Repo/eEDB011-20243/atividade 6 - WSL/airflow/airflow_env/lib/python3.10/site-packages/airflow/example_dags/example_inlet_event_extra.py
[2024-09-09T21:06:01.183-0300] {processor.py:914} INFO - Processing file /mnt/c/Users/teu20/Documents/Poli/Repo/eEDB011-20243/atividade 6 - WSL/airflow/airflow_env/lib/python3.10/site-packages/airflow/example_dags/example_inlet_event_extra.py for tasks to queue
[2024-09-09T21:06:01.185-0300] {logging_mixin.py:190} INFO - [2024-09-09T21:06:01.184-0300] {dagbag.py:587} INFO - Filling up the DagBag from /mnt/c/Users/teu20/Documents/Poli/Repo/eEDB011-20243/atividade 6 - WSL/airflow/airflow_env/lib/python3.10/site-packages/airflow/example_dags/example_inlet_event_extra.py
[2024-09-09T21:06:01.271-0300] {processor.py:925} INFO - DAG(s) 'read_dataset_event', 'read_dataset_event_from_classic' retrieved from /mnt/c/Users/teu20/Documents/Poli/Repo/eEDB011-20243/atividade 6 - WSL/airflow/airflow_env/lib/python3.10/site-packages/airflow/example_dags/example_inlet_event_extra.py
[2024-09-09T21:06:01.290-0300] {logging_mixin.py:190} INFO - [2024-09-09T21:06:01.290-0300] {dag.py:3229} INFO - Sync 2 DAGs
[2024-09-09T21:06:01.306-0300] {logging_mixin.py:190} INFO - [2024-09-09T21:06:01.305-0300] {dag.py:4156} INFO - Setting next_dagrun for read_dataset_event to 2024-09-09 00:00:00+00:00, run_after=2024-09-10 00:00:00+00:00
[2024-09-09T21:06:01.309-0300] {logging_mixin.py:190} INFO - [2024-09-09T21:06:01.309-0300] {dag.py:4156} INFO - Setting next_dagrun for read_dataset_event_from_classic to 2024-09-09 00:00:00+00:00, run_after=2024-09-10 00:00:00+00:00
[2024-09-09T21:06:01.324-0300] {processor.py:208} INFO - Processing /mnt/c/Users/teu20/Documents/Poli/Repo/eEDB011-20243/atividade 6 - WSL/airflow/airflow_env/lib/python3.10/site-packages/airflow/example_dags/example_inlet_event_extra.py took 0.151 seconds
[2024-09-09T21:06:31.682-0300] {processor.py:186} INFO - Started process (PID=267932) to work on /mnt/c/Users/teu20/Documents/Poli/Repo/eEDB011-20243/atividade 6 - WSL/airflow/airflow_env/lib/python3.10/site-packages/airflow/example_dags/example_inlet_event_extra.py
[2024-09-09T21:06:31.683-0300] {processor.py:914} INFO - Processing file /mnt/c/Users/teu20/Documents/Poli/Repo/eEDB011-20243/atividade 6 - WSL/airflow/airflow_env/lib/python3.10/site-packages/airflow/example_dags/example_inlet_event_extra.py for tasks to queue
[2024-09-09T21:06:31.685-0300] {logging_mixin.py:190} INFO - [2024-09-09T21:06:31.684-0300] {dagbag.py:587} INFO - Filling up the DagBag from /mnt/c/Users/teu20/Documents/Poli/Repo/eEDB011-20243/atividade 6 - WSL/airflow/airflow_env/lib/python3.10/site-packages/airflow/example_dags/example_inlet_event_extra.py
[2024-09-09T21:06:31.766-0300] {processor.py:925} INFO - DAG(s) 'read_dataset_event', 'read_dataset_event_from_classic' retrieved from /mnt/c/Users/teu20/Documents/Poli/Repo/eEDB011-20243/atividade 6 - WSL/airflow/airflow_env/lib/python3.10/site-packages/airflow/example_dags/example_inlet_event_extra.py
[2024-09-09T21:06:31.784-0300] {logging_mixin.py:190} INFO - [2024-09-09T21:06:31.784-0300] {dag.py:3229} INFO - Sync 2 DAGs
[2024-09-09T21:06:31.797-0300] {logging_mixin.py:190} INFO - [2024-09-09T21:06:31.796-0300] {dag.py:4156} INFO - Setting next_dagrun for read_dataset_event to 2024-09-09 00:00:00+00:00, run_after=2024-09-10 00:00:00+00:00
[2024-09-09T21:06:31.800-0300] {logging_mixin.py:190} INFO - [2024-09-09T21:06:31.800-0300] {dag.py:4156} INFO - Setting next_dagrun for read_dataset_event_from_classic to 2024-09-09 00:00:00+00:00, run_after=2024-09-10 00:00:00+00:00
[2024-09-09T21:06:31.817-0300] {processor.py:208} INFO - Processing /mnt/c/Users/teu20/Documents/Poli/Repo/eEDB011-20243/atividade 6 - WSL/airflow/airflow_env/lib/python3.10/site-packages/airflow/example_dags/example_inlet_event_extra.py took 0.142 seconds
[2024-09-09T21:07:02.120-0300] {processor.py:186} INFO - Started process (PID=268551) to work on /mnt/c/Users/teu20/Documents/Poli/Repo/eEDB011-20243/atividade 6 - WSL/airflow/airflow_env/lib/python3.10/site-packages/airflow/example_dags/example_inlet_event_extra.py
[2024-09-09T21:07:02.121-0300] {processor.py:914} INFO - Processing file /mnt/c/Users/teu20/Documents/Poli/Repo/eEDB011-20243/atividade 6 - WSL/airflow/airflow_env/lib/python3.10/site-packages/airflow/example_dags/example_inlet_event_extra.py for tasks to queue
[2024-09-09T21:07:02.123-0300] {logging_mixin.py:190} INFO - [2024-09-09T21:07:02.122-0300] {dagbag.py:587} INFO - Filling up the DagBag from /mnt/c/Users/teu20/Documents/Poli/Repo/eEDB011-20243/atividade 6 - WSL/airflow/airflow_env/lib/python3.10/site-packages/airflow/example_dags/example_inlet_event_extra.py
[2024-09-09T21:07:02.202-0300] {processor.py:925} INFO - DAG(s) 'read_dataset_event_from_classic', 'read_dataset_event' retrieved from /mnt/c/Users/teu20/Documents/Poli/Repo/eEDB011-20243/atividade 6 - WSL/airflow/airflow_env/lib/python3.10/site-packages/airflow/example_dags/example_inlet_event_extra.py
[2024-09-09T21:07:02.221-0300] {logging_mixin.py:190} INFO - [2024-09-09T21:07:02.220-0300] {dag.py:3229} INFO - Sync 2 DAGs
[2024-09-09T21:07:02.234-0300] {logging_mixin.py:190} INFO - [2024-09-09T21:07:02.233-0300] {dag.py:4156} INFO - Setting next_dagrun for read_dataset_event to 2024-09-09 00:00:00+00:00, run_after=2024-09-10 00:00:00+00:00
[2024-09-09T21:07:02.237-0300] {logging_mixin.py:190} INFO - [2024-09-09T21:07:02.236-0300] {dag.py:4156} INFO - Setting next_dagrun for read_dataset_event_from_classic to 2024-09-09 00:00:00+00:00, run_after=2024-09-10 00:00:00+00:00
[2024-09-09T21:07:02.251-0300] {processor.py:208} INFO - Processing /mnt/c/Users/teu20/Documents/Poli/Repo/eEDB011-20243/atividade 6 - WSL/airflow/airflow_env/lib/python3.10/site-packages/airflow/example_dags/example_inlet_event_extra.py took 0.138 seconds
[2024-09-09T21:07:32.529-0300] {processor.py:186} INFO - Started process (PID=269221) to work on /mnt/c/Users/teu20/Documents/Poli/Repo/eEDB011-20243/atividade 6 - WSL/airflow/airflow_env/lib/python3.10/site-packages/airflow/example_dags/example_inlet_event_extra.py
[2024-09-09T21:07:32.530-0300] {processor.py:914} INFO - Processing file /mnt/c/Users/teu20/Documents/Poli/Repo/eEDB011-20243/atividade 6 - WSL/airflow/airflow_env/lib/python3.10/site-packages/airflow/example_dags/example_inlet_event_extra.py for tasks to queue
[2024-09-09T21:07:32.533-0300] {logging_mixin.py:190} INFO - [2024-09-09T21:07:32.532-0300] {dagbag.py:587} INFO - Filling up the DagBag from /mnt/c/Users/teu20/Documents/Poli/Repo/eEDB011-20243/atividade 6 - WSL/airflow/airflow_env/lib/python3.10/site-packages/airflow/example_dags/example_inlet_event_extra.py
[2024-09-09T21:07:32.620-0300] {processor.py:925} INFO - DAG(s) 'read_dataset_event', 'read_dataset_event_from_classic' retrieved from /mnt/c/Users/teu20/Documents/Poli/Repo/eEDB011-20243/atividade 6 - WSL/airflow/airflow_env/lib/python3.10/site-packages/airflow/example_dags/example_inlet_event_extra.py
[2024-09-09T21:07:32.641-0300] {logging_mixin.py:190} INFO - [2024-09-09T21:07:32.641-0300] {dag.py:3229} INFO - Sync 2 DAGs
[2024-09-09T21:07:32.657-0300] {logging_mixin.py:190} INFO - [2024-09-09T21:07:32.657-0300] {dag.py:4156} INFO - Setting next_dagrun for read_dataset_event to 2024-09-09 00:00:00+00:00, run_after=2024-09-10 00:00:00+00:00
[2024-09-09T21:07:32.662-0300] {logging_mixin.py:190} INFO - [2024-09-09T21:07:32.661-0300] {dag.py:4156} INFO - Setting next_dagrun for read_dataset_event_from_classic to 2024-09-09 00:00:00+00:00, run_after=2024-09-10 00:00:00+00:00
[2024-09-09T21:07:32.677-0300] {processor.py:208} INFO - Processing /mnt/c/Users/teu20/Documents/Poli/Repo/eEDB011-20243/atividade 6 - WSL/airflow/airflow_env/lib/python3.10/site-packages/airflow/example_dags/example_inlet_event_extra.py took 0.158 seconds
[2024-09-09T21:08:03.032-0300] {processor.py:186} INFO - Started process (PID=269718) to work on /mnt/c/Users/teu20/Documents/Poli/Repo/eEDB011-20243/atividade 6 - WSL/airflow/airflow_env/lib/python3.10/site-packages/airflow/example_dags/example_inlet_event_extra.py
[2024-09-09T21:08:03.034-0300] {processor.py:914} INFO - Processing file /mnt/c/Users/teu20/Documents/Poli/Repo/eEDB011-20243/atividade 6 - WSL/airflow/airflow_env/lib/python3.10/site-packages/airflow/example_dags/example_inlet_event_extra.py for tasks to queue
[2024-09-09T21:08:03.035-0300] {logging_mixin.py:190} INFO - [2024-09-09T21:08:03.034-0300] {dagbag.py:587} INFO - Filling up the DagBag from /mnt/c/Users/teu20/Documents/Poli/Repo/eEDB011-20243/atividade 6 - WSL/airflow/airflow_env/lib/python3.10/site-packages/airflow/example_dags/example_inlet_event_extra.py
[2024-09-09T21:08:03.117-0300] {processor.py:925} INFO - DAG(s) 'read_dataset_event_from_classic', 'read_dataset_event' retrieved from /mnt/c/Users/teu20/Documents/Poli/Repo/eEDB011-20243/atividade 6 - WSL/airflow/airflow_env/lib/python3.10/site-packages/airflow/example_dags/example_inlet_event_extra.py
[2024-09-09T21:08:03.136-0300] {logging_mixin.py:190} INFO - [2024-09-09T21:08:03.135-0300] {dag.py:3229} INFO - Sync 2 DAGs
[2024-09-09T21:08:03.150-0300] {logging_mixin.py:190} INFO - [2024-09-09T21:08:03.150-0300] {dag.py:4156} INFO - Setting next_dagrun for read_dataset_event to 2024-09-09 00:00:00+00:00, run_after=2024-09-10 00:00:00+00:00
[2024-09-09T21:08:03.155-0300] {logging_mixin.py:190} INFO - [2024-09-09T21:08:03.154-0300] {dag.py:4156} INFO - Setting next_dagrun for read_dataset_event_from_classic to 2024-09-09 00:00:00+00:00, run_after=2024-09-10 00:00:00+00:00
[2024-09-09T21:08:03.170-0300] {processor.py:208} INFO - Processing /mnt/c/Users/teu20/Documents/Poli/Repo/eEDB011-20243/atividade 6 - WSL/airflow/airflow_env/lib/python3.10/site-packages/airflow/example_dags/example_inlet_event_extra.py took 0.145 seconds
