[2024-09-09T21:00:23.029-0300] {processor.py:186} INFO - Started process (PID=261481) to work on /mnt/c/Users/teu20/Documents/Poli/Repo/eEDB011-20243/atividade 6 - WSL/airflow/airflow_env/lib/python3.10/site-packages/airflow/example_dags/example_setup_teardown_taskflow.py
[2024-09-09T21:00:23.030-0300] {processor.py:914} INFO - Processing file /mnt/c/Users/teu20/Documents/Poli/Repo/eEDB011-20243/atividade 6 - WSL/airflow/airflow_env/lib/python3.10/site-packages/airflow/example_dags/example_setup_teardown_taskflow.py for tasks to queue
[2024-09-09T21:00:23.032-0300] {logging_mixin.py:190} INFO - [2024-09-09T21:00:23.031-0300] {dagbag.py:587} INFO - Filling up the DagBag from /mnt/c/Users/teu20/Documents/Poli/Repo/eEDB011-20243/atividade 6 - WSL/airflow/airflow_env/lib/python3.10/site-packages/airflow/example_dags/example_setup_teardown_taskflow.py
[2024-09-09T21:00:23.048-0300] {processor.py:925} INFO - DAG(s) 'example_setup_teardown_taskflow' retrieved from /mnt/c/Users/teu20/Documents/Poli/Repo/eEDB011-20243/atividade 6 - WSL/airflow/airflow_env/lib/python3.10/site-packages/airflow/example_dags/example_setup_teardown_taskflow.py
[2024-09-09T21:00:23.066-0300] {logging_mixin.py:190} INFO - [2024-09-09T21:00:23.066-0300] {dag.py:3229} INFO - Sync 1 DAGs
[2024-09-09T21:00:23.074-0300] {logging_mixin.py:190} INFO - [2024-09-09T21:00:23.073-0300] {dag.py:4156} INFO - Setting next_dagrun for example_setup_teardown_taskflow to None, run_after=None
[2024-09-09T21:00:23.088-0300] {processor.py:208} INFO - Processing /mnt/c/Users/teu20/Documents/Poli/Repo/eEDB011-20243/atividade 6 - WSL/airflow/airflow_env/lib/python3.10/site-packages/airflow/example_dags/example_setup_teardown_taskflow.py took 0.067 seconds
[2024-09-09T21:00:53.501-0300] {processor.py:186} INFO - Started process (PID=262185) to work on /mnt/c/Users/teu20/Documents/Poli/Repo/eEDB011-20243/atividade 6 - WSL/airflow/airflow_env/lib/python3.10/site-packages/airflow/example_dags/example_setup_teardown_taskflow.py
[2024-09-09T21:00:53.502-0300] {processor.py:914} INFO - Processing file /mnt/c/Users/teu20/Documents/Poli/Repo/eEDB011-20243/atividade 6 - WSL/airflow/airflow_env/lib/python3.10/site-packages/airflow/example_dags/example_setup_teardown_taskflow.py for tasks to queue
[2024-09-09T21:00:53.504-0300] {logging_mixin.py:190} INFO - [2024-09-09T21:00:53.503-0300] {dagbag.py:587} INFO - Filling up the DagBag from /mnt/c/Users/teu20/Documents/Poli/Repo/eEDB011-20243/atividade 6 - WSL/airflow/airflow_env/lib/python3.10/site-packages/airflow/example_dags/example_setup_teardown_taskflow.py
[2024-09-09T21:00:53.518-0300] {processor.py:925} INFO - DAG(s) 'example_setup_teardown_taskflow' retrieved from /mnt/c/Users/teu20/Documents/Poli/Repo/eEDB011-20243/atividade 6 - WSL/airflow/airflow_env/lib/python3.10/site-packages/airflow/example_dags/example_setup_teardown_taskflow.py
[2024-09-09T21:00:53.536-0300] {logging_mixin.py:190} INFO - [2024-09-09T21:00:53.535-0300] {dag.py:3229} INFO - Sync 1 DAGs
[2024-09-09T21:00:53.544-0300] {logging_mixin.py:190} INFO - [2024-09-09T21:00:53.543-0300] {dag.py:4156} INFO - Setting next_dagrun for example_setup_teardown_taskflow to None, run_after=None
[2024-09-09T21:00:53.560-0300] {processor.py:208} INFO - Processing /mnt/c/Users/teu20/Documents/Poli/Repo/eEDB011-20243/atividade 6 - WSL/airflow/airflow_env/lib/python3.10/site-packages/airflow/example_dags/example_setup_teardown_taskflow.py took 0.067 seconds
[2024-09-09T21:01:24.093-0300] {processor.py:186} INFO - Started process (PID=262625) to work on /mnt/c/Users/teu20/Documents/Poli/Repo/eEDB011-20243/atividade 6 - WSL/airflow/airflow_env/lib/python3.10/site-packages/airflow/example_dags/example_setup_teardown_taskflow.py
[2024-09-09T21:01:24.094-0300] {processor.py:914} INFO - Processing file /mnt/c/Users/teu20/Documents/Poli/Repo/eEDB011-20243/atividade 6 - WSL/airflow/airflow_env/lib/python3.10/site-packages/airflow/example_dags/example_setup_teardown_taskflow.py for tasks to queue
[2024-09-09T21:01:24.095-0300] {logging_mixin.py:190} INFO - [2024-09-09T21:01:24.095-0300] {dagbag.py:587} INFO - Filling up the DagBag from /mnt/c/Users/teu20/Documents/Poli/Repo/eEDB011-20243/atividade 6 - WSL/airflow/airflow_env/lib/python3.10/site-packages/airflow/example_dags/example_setup_teardown_taskflow.py
[2024-09-09T21:01:24.112-0300] {processor.py:925} INFO - DAG(s) 'example_setup_teardown_taskflow' retrieved from /mnt/c/Users/teu20/Documents/Poli/Repo/eEDB011-20243/atividade 6 - WSL/airflow/airflow_env/lib/python3.10/site-packages/airflow/example_dags/example_setup_teardown_taskflow.py
[2024-09-09T21:01:24.132-0300] {logging_mixin.py:190} INFO - [2024-09-09T21:01:24.131-0300] {dag.py:3229} INFO - Sync 1 DAGs
[2024-09-09T21:01:24.141-0300] {logging_mixin.py:190} INFO - [2024-09-09T21:01:24.140-0300] {dag.py:4156} INFO - Setting next_dagrun for example_setup_teardown_taskflow to None, run_after=None
[2024-09-09T21:01:24.157-0300] {processor.py:208} INFO - Processing /mnt/c/Users/teu20/Documents/Poli/Repo/eEDB011-20243/atividade 6 - WSL/airflow/airflow_env/lib/python3.10/site-packages/airflow/example_dags/example_setup_teardown_taskflow.py took 0.072 seconds
[2024-09-09T21:01:55.016-0300] {processor.py:186} INFO - Started process (PID=263059) to work on /mnt/c/Users/teu20/Documents/Poli/Repo/eEDB011-20243/atividade 6 - WSL/airflow/airflow_env/lib/python3.10/site-packages/airflow/example_dags/example_setup_teardown_taskflow.py
[2024-09-09T21:01:55.018-0300] {processor.py:914} INFO - Processing file /mnt/c/Users/teu20/Documents/Poli/Repo/eEDB011-20243/atividade 6 - WSL/airflow/airflow_env/lib/python3.10/site-packages/airflow/example_dags/example_setup_teardown_taskflow.py for tasks to queue
[2024-09-09T21:01:55.019-0300] {logging_mixin.py:190} INFO - [2024-09-09T21:01:55.019-0300] {dagbag.py:587} INFO - Filling up the DagBag from /mnt/c/Users/teu20/Documents/Poli/Repo/eEDB011-20243/atividade 6 - WSL/airflow/airflow_env/lib/python3.10/site-packages/airflow/example_dags/example_setup_teardown_taskflow.py
[2024-09-09T21:01:55.034-0300] {processor.py:925} INFO - DAG(s) 'example_setup_teardown_taskflow' retrieved from /mnt/c/Users/teu20/Documents/Poli/Repo/eEDB011-20243/atividade 6 - WSL/airflow/airflow_env/lib/python3.10/site-packages/airflow/example_dags/example_setup_teardown_taskflow.py
[2024-09-09T21:01:55.052-0300] {logging_mixin.py:190} INFO - [2024-09-09T21:01:55.051-0300] {dag.py:3229} INFO - Sync 1 DAGs
[2024-09-09T21:01:55.060-0300] {logging_mixin.py:190} INFO - [2024-09-09T21:01:55.059-0300] {dag.py:4156} INFO - Setting next_dagrun for example_setup_teardown_taskflow to None, run_after=None
[2024-09-09T21:01:55.074-0300] {processor.py:208} INFO - Processing /mnt/c/Users/teu20/Documents/Poli/Repo/eEDB011-20243/atividade 6 - WSL/airflow/airflow_env/lib/python3.10/site-packages/airflow/example_dags/example_setup_teardown_taskflow.py took 0.065 seconds
[2024-09-09T21:02:25.375-0300] {processor.py:186} INFO - Started process (PID=263482) to work on /mnt/c/Users/teu20/Documents/Poli/Repo/eEDB011-20243/atividade 6 - WSL/airflow/airflow_env/lib/python3.10/site-packages/airflow/example_dags/example_setup_teardown_taskflow.py
[2024-09-09T21:02:25.376-0300] {processor.py:914} INFO - Processing file /mnt/c/Users/teu20/Documents/Poli/Repo/eEDB011-20243/atividade 6 - WSL/airflow/airflow_env/lib/python3.10/site-packages/airflow/example_dags/example_setup_teardown_taskflow.py for tasks to queue
[2024-09-09T21:02:25.378-0300] {logging_mixin.py:190} INFO - [2024-09-09T21:02:25.377-0300] {dagbag.py:587} INFO - Filling up the DagBag from /mnt/c/Users/teu20/Documents/Poli/Repo/eEDB011-20243/atividade 6 - WSL/airflow/airflow_env/lib/python3.10/site-packages/airflow/example_dags/example_setup_teardown_taskflow.py
[2024-09-09T21:02:25.391-0300] {processor.py:925} INFO - DAG(s) 'example_setup_teardown_taskflow' retrieved from /mnt/c/Users/teu20/Documents/Poli/Repo/eEDB011-20243/atividade 6 - WSL/airflow/airflow_env/lib/python3.10/site-packages/airflow/example_dags/example_setup_teardown_taskflow.py
[2024-09-09T21:02:25.408-0300] {logging_mixin.py:190} INFO - [2024-09-09T21:02:25.408-0300] {dag.py:3229} INFO - Sync 1 DAGs
[2024-09-09T21:02:25.417-0300] {logging_mixin.py:190} INFO - [2024-09-09T21:02:25.416-0300] {dag.py:4156} INFO - Setting next_dagrun for example_setup_teardown_taskflow to None, run_after=None
[2024-09-09T21:02:25.431-0300] {processor.py:208} INFO - Processing /mnt/c/Users/teu20/Documents/Poli/Repo/eEDB011-20243/atividade 6 - WSL/airflow/airflow_env/lib/python3.10/site-packages/airflow/example_dags/example_setup_teardown_taskflow.py took 0.063 seconds
[2024-09-09T21:02:55.919-0300] {processor.py:186} INFO - Started process (PID=263913) to work on /mnt/c/Users/teu20/Documents/Poli/Repo/eEDB011-20243/atividade 6 - WSL/airflow/airflow_env/lib/python3.10/site-packages/airflow/example_dags/example_setup_teardown_taskflow.py
[2024-09-09T21:02:55.920-0300] {processor.py:914} INFO - Processing file /mnt/c/Users/teu20/Documents/Poli/Repo/eEDB011-20243/atividade 6 - WSL/airflow/airflow_env/lib/python3.10/site-packages/airflow/example_dags/example_setup_teardown_taskflow.py for tasks to queue
[2024-09-09T21:02:55.922-0300] {logging_mixin.py:190} INFO - [2024-09-09T21:02:55.921-0300] {dagbag.py:587} INFO - Filling up the DagBag from /mnt/c/Users/teu20/Documents/Poli/Repo/eEDB011-20243/atividade 6 - WSL/airflow/airflow_env/lib/python3.10/site-packages/airflow/example_dags/example_setup_teardown_taskflow.py
[2024-09-09T21:02:55.934-0300] {processor.py:925} INFO - DAG(s) 'example_setup_teardown_taskflow' retrieved from /mnt/c/Users/teu20/Documents/Poli/Repo/eEDB011-20243/atividade 6 - WSL/airflow/airflow_env/lib/python3.10/site-packages/airflow/example_dags/example_setup_teardown_taskflow.py
[2024-09-09T21:02:55.951-0300] {logging_mixin.py:190} INFO - [2024-09-09T21:02:55.950-0300] {dag.py:3229} INFO - Sync 1 DAGs
[2024-09-09T21:02:55.959-0300] {logging_mixin.py:190} INFO - [2024-09-09T21:02:55.958-0300] {dag.py:4156} INFO - Setting next_dagrun for example_setup_teardown_taskflow to None, run_after=None
[2024-09-09T21:02:55.973-0300] {processor.py:208} INFO - Processing /mnt/c/Users/teu20/Documents/Poli/Repo/eEDB011-20243/atividade 6 - WSL/airflow/airflow_env/lib/python3.10/site-packages/airflow/example_dags/example_setup_teardown_taskflow.py took 0.061 seconds
[2024-09-09T21:03:26.604-0300] {processor.py:186} INFO - Started process (PID=264348) to work on /mnt/c/Users/teu20/Documents/Poli/Repo/eEDB011-20243/atividade 6 - WSL/airflow/airflow_env/lib/python3.10/site-packages/airflow/example_dags/example_setup_teardown_taskflow.py
[2024-09-09T21:03:26.605-0300] {processor.py:914} INFO - Processing file /mnt/c/Users/teu20/Documents/Poli/Repo/eEDB011-20243/atividade 6 - WSL/airflow/airflow_env/lib/python3.10/site-packages/airflow/example_dags/example_setup_teardown_taskflow.py for tasks to queue
[2024-09-09T21:03:26.607-0300] {logging_mixin.py:190} INFO - [2024-09-09T21:03:26.606-0300] {dagbag.py:587} INFO - Filling up the DagBag from /mnt/c/Users/teu20/Documents/Poli/Repo/eEDB011-20243/atividade 6 - WSL/airflow/airflow_env/lib/python3.10/site-packages/airflow/example_dags/example_setup_teardown_taskflow.py
[2024-09-09T21:03:26.622-0300] {processor.py:925} INFO - DAG(s) 'example_setup_teardown_taskflow' retrieved from /mnt/c/Users/teu20/Documents/Poli/Repo/eEDB011-20243/atividade 6 - WSL/airflow/airflow_env/lib/python3.10/site-packages/airflow/example_dags/example_setup_teardown_taskflow.py
[2024-09-09T21:03:26.640-0300] {logging_mixin.py:190} INFO - [2024-09-09T21:03:26.640-0300] {dag.py:3229} INFO - Sync 1 DAGs
[2024-09-09T21:03:26.648-0300] {logging_mixin.py:190} INFO - [2024-09-09T21:03:26.647-0300] {dag.py:4156} INFO - Setting next_dagrun for example_setup_teardown_taskflow to None, run_after=None
[2024-09-09T21:03:26.665-0300] {processor.py:208} INFO - Processing /mnt/c/Users/teu20/Documents/Poli/Repo/eEDB011-20243/atividade 6 - WSL/airflow/airflow_env/lib/python3.10/site-packages/airflow/example_dags/example_setup_teardown_taskflow.py took 0.069 seconds
[2024-09-09T21:03:57.082-0300] {processor.py:186} INFO - Started process (PID=264786) to work on /mnt/c/Users/teu20/Documents/Poli/Repo/eEDB011-20243/atividade 6 - WSL/airflow/airflow_env/lib/python3.10/site-packages/airflow/example_dags/example_setup_teardown_taskflow.py
[2024-09-09T21:03:57.083-0300] {processor.py:914} INFO - Processing file /mnt/c/Users/teu20/Documents/Poli/Repo/eEDB011-20243/atividade 6 - WSL/airflow/airflow_env/lib/python3.10/site-packages/airflow/example_dags/example_setup_teardown_taskflow.py for tasks to queue
[2024-09-09T21:03:57.085-0300] {logging_mixin.py:190} INFO - [2024-09-09T21:03:57.084-0300] {dagbag.py:587} INFO - Filling up the DagBag from /mnt/c/Users/teu20/Documents/Poli/Repo/eEDB011-20243/atividade 6 - WSL/airflow/airflow_env/lib/python3.10/site-packages/airflow/example_dags/example_setup_teardown_taskflow.py
[2024-09-09T21:03:57.103-0300] {processor.py:925} INFO - DAG(s) 'example_setup_teardown_taskflow' retrieved from /mnt/c/Users/teu20/Documents/Poli/Repo/eEDB011-20243/atividade 6 - WSL/airflow/airflow_env/lib/python3.10/site-packages/airflow/example_dags/example_setup_teardown_taskflow.py
[2024-09-09T21:03:57.122-0300] {logging_mixin.py:190} INFO - [2024-09-09T21:03:57.121-0300] {dag.py:3229} INFO - Sync 1 DAGs
[2024-09-09T21:03:57.131-0300] {logging_mixin.py:190} INFO - [2024-09-09T21:03:57.130-0300] {dag.py:4156} INFO - Setting next_dagrun for example_setup_teardown_taskflow to None, run_after=None
[2024-09-09T21:03:57.146-0300] {processor.py:208} INFO - Processing /mnt/c/Users/teu20/Documents/Poli/Repo/eEDB011-20243/atividade 6 - WSL/airflow/airflow_env/lib/python3.10/site-packages/airflow/example_dags/example_setup_teardown_taskflow.py took 0.072 seconds
[2024-09-09T21:04:27.647-0300] {processor.py:186} INFO - Started process (PID=265222) to work on /mnt/c/Users/teu20/Documents/Poli/Repo/eEDB011-20243/atividade 6 - WSL/airflow/airflow_env/lib/python3.10/site-packages/airflow/example_dags/example_setup_teardown_taskflow.py
[2024-09-09T21:04:27.648-0300] {processor.py:914} INFO - Processing file /mnt/c/Users/teu20/Documents/Poli/Repo/eEDB011-20243/atividade 6 - WSL/airflow/airflow_env/lib/python3.10/site-packages/airflow/example_dags/example_setup_teardown_taskflow.py for tasks to queue
[2024-09-09T21:04:27.650-0300] {logging_mixin.py:190} INFO - [2024-09-09T21:04:27.650-0300] {dagbag.py:587} INFO - Filling up the DagBag from /mnt/c/Users/teu20/Documents/Poli/Repo/eEDB011-20243/atividade 6 - WSL/airflow/airflow_env/lib/python3.10/site-packages/airflow/example_dags/example_setup_teardown_taskflow.py
[2024-09-09T21:04:27.666-0300] {processor.py:925} INFO - DAG(s) 'example_setup_teardown_taskflow' retrieved from /mnt/c/Users/teu20/Documents/Poli/Repo/eEDB011-20243/atividade 6 - WSL/airflow/airflow_env/lib/python3.10/site-packages/airflow/example_dags/example_setup_teardown_taskflow.py
[2024-09-09T21:04:27.684-0300] {logging_mixin.py:190} INFO - [2024-09-09T21:04:27.684-0300] {dag.py:3229} INFO - Sync 1 DAGs
[2024-09-09T21:04:27.693-0300] {logging_mixin.py:190} INFO - [2024-09-09T21:04:27.692-0300] {dag.py:4156} INFO - Setting next_dagrun for example_setup_teardown_taskflow to None, run_after=None
[2024-09-09T21:04:27.708-0300] {processor.py:208} INFO - Processing /mnt/c/Users/teu20/Documents/Poli/Repo/eEDB011-20243/atividade 6 - WSL/airflow/airflow_env/lib/python3.10/site-packages/airflow/example_dags/example_setup_teardown_taskflow.py took 0.069 seconds
[2024-09-09T21:04:57.986-0300] {processor.py:186} INFO - Started process (PID=266370) to work on /mnt/c/Users/teu20/Documents/Poli/Repo/eEDB011-20243/atividade 6 - WSL/airflow/airflow_env/lib/python3.10/site-packages/airflow/example_dags/example_setup_teardown_taskflow.py
[2024-09-09T21:04:57.987-0300] {processor.py:914} INFO - Processing file /mnt/c/Users/teu20/Documents/Poli/Repo/eEDB011-20243/atividade 6 - WSL/airflow/airflow_env/lib/python3.10/site-packages/airflow/example_dags/example_setup_teardown_taskflow.py for tasks to queue
[2024-09-09T21:04:57.989-0300] {logging_mixin.py:190} INFO - [2024-09-09T21:04:57.988-0300] {dagbag.py:587} INFO - Filling up the DagBag from /mnt/c/Users/teu20/Documents/Poli/Repo/eEDB011-20243/atividade 6 - WSL/airflow/airflow_env/lib/python3.10/site-packages/airflow/example_dags/example_setup_teardown_taskflow.py
[2024-09-09T21:04:58.001-0300] {processor.py:925} INFO - DAG(s) 'example_setup_teardown_taskflow' retrieved from /mnt/c/Users/teu20/Documents/Poli/Repo/eEDB011-20243/atividade 6 - WSL/airflow/airflow_env/lib/python3.10/site-packages/airflow/example_dags/example_setup_teardown_taskflow.py
[2024-09-09T21:04:58.019-0300] {logging_mixin.py:190} INFO - [2024-09-09T21:04:58.018-0300] {dag.py:3229} INFO - Sync 1 DAGs
[2024-09-09T21:04:58.027-0300] {logging_mixin.py:190} INFO - [2024-09-09T21:04:58.026-0300] {dag.py:4156} INFO - Setting next_dagrun for example_setup_teardown_taskflow to None, run_after=None
[2024-09-09T21:04:58.042-0300] {processor.py:208} INFO - Processing /mnt/c/Users/teu20/Documents/Poli/Repo/eEDB011-20243/atividade 6 - WSL/airflow/airflow_env/lib/python3.10/site-packages/airflow/example_dags/example_setup_teardown_taskflow.py took 0.063 seconds
[2024-09-09T21:05:28.395-0300] {processor.py:186} INFO - Started process (PID=266962) to work on /mnt/c/Users/teu20/Documents/Poli/Repo/eEDB011-20243/atividade 6 - WSL/airflow/airflow_env/lib/python3.10/site-packages/airflow/example_dags/example_setup_teardown_taskflow.py
[2024-09-09T21:05:28.396-0300] {processor.py:914} INFO - Processing file /mnt/c/Users/teu20/Documents/Poli/Repo/eEDB011-20243/atividade 6 - WSL/airflow/airflow_env/lib/python3.10/site-packages/airflow/example_dags/example_setup_teardown_taskflow.py for tasks to queue
[2024-09-09T21:05:28.398-0300] {logging_mixin.py:190} INFO - [2024-09-09T21:05:28.397-0300] {dagbag.py:587} INFO - Filling up the DagBag from /mnt/c/Users/teu20/Documents/Poli/Repo/eEDB011-20243/atividade 6 - WSL/airflow/airflow_env/lib/python3.10/site-packages/airflow/example_dags/example_setup_teardown_taskflow.py
[2024-09-09T21:05:28.411-0300] {processor.py:925} INFO - DAG(s) 'example_setup_teardown_taskflow' retrieved from /mnt/c/Users/teu20/Documents/Poli/Repo/eEDB011-20243/atividade 6 - WSL/airflow/airflow_env/lib/python3.10/site-packages/airflow/example_dags/example_setup_teardown_taskflow.py
[2024-09-09T21:05:28.429-0300] {logging_mixin.py:190} INFO - [2024-09-09T21:05:28.429-0300] {dag.py:3229} INFO - Sync 1 DAGs
[2024-09-09T21:05:28.438-0300] {logging_mixin.py:190} INFO - [2024-09-09T21:05:28.437-0300] {dag.py:4156} INFO - Setting next_dagrun for example_setup_teardown_taskflow to None, run_after=None
[2024-09-09T21:05:28.454-0300] {processor.py:208} INFO - Processing /mnt/c/Users/teu20/Documents/Poli/Repo/eEDB011-20243/atividade 6 - WSL/airflow/airflow_env/lib/python3.10/site-packages/airflow/example_dags/example_setup_teardown_taskflow.py took 0.068 seconds
[2024-09-09T21:05:58.720-0300] {processor.py:186} INFO - Started process (PID=267392) to work on /mnt/c/Users/teu20/Documents/Poli/Repo/eEDB011-20243/atividade 6 - WSL/airflow/airflow_env/lib/python3.10/site-packages/airflow/example_dags/example_setup_teardown_taskflow.py
[2024-09-09T21:05:58.721-0300] {processor.py:914} INFO - Processing file /mnt/c/Users/teu20/Documents/Poli/Repo/eEDB011-20243/atividade 6 - WSL/airflow/airflow_env/lib/python3.10/site-packages/airflow/example_dags/example_setup_teardown_taskflow.py for tasks to queue
[2024-09-09T21:05:58.723-0300] {logging_mixin.py:190} INFO - [2024-09-09T21:05:58.722-0300] {dagbag.py:587} INFO - Filling up the DagBag from /mnt/c/Users/teu20/Documents/Poli/Repo/eEDB011-20243/atividade 6 - WSL/airflow/airflow_env/lib/python3.10/site-packages/airflow/example_dags/example_setup_teardown_taskflow.py
[2024-09-09T21:05:58.736-0300] {processor.py:925} INFO - DAG(s) 'example_setup_teardown_taskflow' retrieved from /mnt/c/Users/teu20/Documents/Poli/Repo/eEDB011-20243/atividade 6 - WSL/airflow/airflow_env/lib/python3.10/site-packages/airflow/example_dags/example_setup_teardown_taskflow.py
[2024-09-09T21:05:58.753-0300] {logging_mixin.py:190} INFO - [2024-09-09T21:05:58.753-0300] {dag.py:3229} INFO - Sync 1 DAGs
[2024-09-09T21:05:58.761-0300] {logging_mixin.py:190} INFO - [2024-09-09T21:05:58.760-0300] {dag.py:4156} INFO - Setting next_dagrun for example_setup_teardown_taskflow to None, run_after=None
[2024-09-09T21:05:58.777-0300] {processor.py:208} INFO - Processing /mnt/c/Users/teu20/Documents/Poli/Repo/eEDB011-20243/atividade 6 - WSL/airflow/airflow_env/lib/python3.10/site-packages/airflow/example_dags/example_setup_teardown_taskflow.py took 0.065 seconds
[2024-09-09T21:06:29.366-0300] {processor.py:186} INFO - Started process (PID=267846) to work on /mnt/c/Users/teu20/Documents/Poli/Repo/eEDB011-20243/atividade 6 - WSL/airflow/airflow_env/lib/python3.10/site-packages/airflow/example_dags/example_setup_teardown_taskflow.py
[2024-09-09T21:06:29.367-0300] {processor.py:914} INFO - Processing file /mnt/c/Users/teu20/Documents/Poli/Repo/eEDB011-20243/atividade 6 - WSL/airflow/airflow_env/lib/python3.10/site-packages/airflow/example_dags/example_setup_teardown_taskflow.py for tasks to queue
[2024-09-09T21:06:29.369-0300] {logging_mixin.py:190} INFO - [2024-09-09T21:06:29.368-0300] {dagbag.py:587} INFO - Filling up the DagBag from /mnt/c/Users/teu20/Documents/Poli/Repo/eEDB011-20243/atividade 6 - WSL/airflow/airflow_env/lib/python3.10/site-packages/airflow/example_dags/example_setup_teardown_taskflow.py
[2024-09-09T21:06:29.386-0300] {processor.py:925} INFO - DAG(s) 'example_setup_teardown_taskflow' retrieved from /mnt/c/Users/teu20/Documents/Poli/Repo/eEDB011-20243/atividade 6 - WSL/airflow/airflow_env/lib/python3.10/site-packages/airflow/example_dags/example_setup_teardown_taskflow.py
[2024-09-09T21:06:29.405-0300] {logging_mixin.py:190} INFO - [2024-09-09T21:06:29.404-0300] {dag.py:3229} INFO - Sync 1 DAGs
[2024-09-09T21:06:29.413-0300] {logging_mixin.py:190} INFO - [2024-09-09T21:06:29.412-0300] {dag.py:4156} INFO - Setting next_dagrun for example_setup_teardown_taskflow to None, run_after=None
[2024-09-09T21:06:29.427-0300] {processor.py:208} INFO - Processing /mnt/c/Users/teu20/Documents/Poli/Repo/eEDB011-20243/atividade 6 - WSL/airflow/airflow_env/lib/python3.10/site-packages/airflow/example_dags/example_setup_teardown_taskflow.py took 0.069 seconds
[2024-09-09T21:06:59.830-0300] {processor.py:186} INFO - Started process (PID=268467) to work on /mnt/c/Users/teu20/Documents/Poli/Repo/eEDB011-20243/atividade 6 - WSL/airflow/airflow_env/lib/python3.10/site-packages/airflow/example_dags/example_setup_teardown_taskflow.py
[2024-09-09T21:06:59.831-0300] {processor.py:914} INFO - Processing file /mnt/c/Users/teu20/Documents/Poli/Repo/eEDB011-20243/atividade 6 - WSL/airflow/airflow_env/lib/python3.10/site-packages/airflow/example_dags/example_setup_teardown_taskflow.py for tasks to queue
[2024-09-09T21:06:59.833-0300] {logging_mixin.py:190} INFO - [2024-09-09T21:06:59.832-0300] {dagbag.py:587} INFO - Filling up the DagBag from /mnt/c/Users/teu20/Documents/Poli/Repo/eEDB011-20243/atividade 6 - WSL/airflow/airflow_env/lib/python3.10/site-packages/airflow/example_dags/example_setup_teardown_taskflow.py
[2024-09-09T21:06:59.847-0300] {processor.py:925} INFO - DAG(s) 'example_setup_teardown_taskflow' retrieved from /mnt/c/Users/teu20/Documents/Poli/Repo/eEDB011-20243/atividade 6 - WSL/airflow/airflow_env/lib/python3.10/site-packages/airflow/example_dags/example_setup_teardown_taskflow.py
[2024-09-09T21:06:59.864-0300] {logging_mixin.py:190} INFO - [2024-09-09T21:06:59.863-0300] {dag.py:3229} INFO - Sync 1 DAGs
[2024-09-09T21:06:59.872-0300] {logging_mixin.py:190} INFO - [2024-09-09T21:06:59.871-0300] {dag.py:4156} INFO - Setting next_dagrun for example_setup_teardown_taskflow to None, run_after=None
[2024-09-09T21:06:59.886-0300] {processor.py:208} INFO - Processing /mnt/c/Users/teu20/Documents/Poli/Repo/eEDB011-20243/atividade 6 - WSL/airflow/airflow_env/lib/python3.10/site-packages/airflow/example_dags/example_setup_teardown_taskflow.py took 0.063 seconds
[2024-09-09T21:07:30.334-0300] {processor.py:186} INFO - Started process (PID=269140) to work on /mnt/c/Users/teu20/Documents/Poli/Repo/eEDB011-20243/atividade 6 - WSL/airflow/airflow_env/lib/python3.10/site-packages/airflow/example_dags/example_setup_teardown_taskflow.py
[2024-09-09T21:07:30.335-0300] {processor.py:914} INFO - Processing file /mnt/c/Users/teu20/Documents/Poli/Repo/eEDB011-20243/atividade 6 - WSL/airflow/airflow_env/lib/python3.10/site-packages/airflow/example_dags/example_setup_teardown_taskflow.py for tasks to queue
[2024-09-09T21:07:30.337-0300] {logging_mixin.py:190} INFO - [2024-09-09T21:07:30.336-0300] {dagbag.py:587} INFO - Filling up the DagBag from /mnt/c/Users/teu20/Documents/Poli/Repo/eEDB011-20243/atividade 6 - WSL/airflow/airflow_env/lib/python3.10/site-packages/airflow/example_dags/example_setup_teardown_taskflow.py
[2024-09-09T21:07:30.354-0300] {processor.py:925} INFO - DAG(s) 'example_setup_teardown_taskflow' retrieved from /mnt/c/Users/teu20/Documents/Poli/Repo/eEDB011-20243/atividade 6 - WSL/airflow/airflow_env/lib/python3.10/site-packages/airflow/example_dags/example_setup_teardown_taskflow.py
[2024-09-09T21:07:30.374-0300] {logging_mixin.py:190} INFO - [2024-09-09T21:07:30.373-0300] {dag.py:3229} INFO - Sync 1 DAGs
[2024-09-09T21:07:30.383-0300] {logging_mixin.py:190} INFO - [2024-09-09T21:07:30.382-0300] {dag.py:4156} INFO - Setting next_dagrun for example_setup_teardown_taskflow to None, run_after=None
[2024-09-09T21:07:30.400-0300] {processor.py:208} INFO - Processing /mnt/c/Users/teu20/Documents/Poli/Repo/eEDB011-20243/atividade 6 - WSL/airflow/airflow_env/lib/python3.10/site-packages/airflow/example_dags/example_setup_teardown_taskflow.py took 0.074 seconds
[2024-09-09T21:08:00.769-0300] {processor.py:186} INFO - Started process (PID=269636) to work on /mnt/c/Users/teu20/Documents/Poli/Repo/eEDB011-20243/atividade 6 - WSL/airflow/airflow_env/lib/python3.10/site-packages/airflow/example_dags/example_setup_teardown_taskflow.py
[2024-09-09T21:08:00.770-0300] {processor.py:914} INFO - Processing file /mnt/c/Users/teu20/Documents/Poli/Repo/eEDB011-20243/atividade 6 - WSL/airflow/airflow_env/lib/python3.10/site-packages/airflow/example_dags/example_setup_teardown_taskflow.py for tasks to queue
[2024-09-09T21:08:00.771-0300] {logging_mixin.py:190} INFO - [2024-09-09T21:08:00.771-0300] {dagbag.py:587} INFO - Filling up the DagBag from /mnt/c/Users/teu20/Documents/Poli/Repo/eEDB011-20243/atividade 6 - WSL/airflow/airflow_env/lib/python3.10/site-packages/airflow/example_dags/example_setup_teardown_taskflow.py
[2024-09-09T21:08:00.788-0300] {processor.py:925} INFO - DAG(s) 'example_setup_teardown_taskflow' retrieved from /mnt/c/Users/teu20/Documents/Poli/Repo/eEDB011-20243/atividade 6 - WSL/airflow/airflow_env/lib/python3.10/site-packages/airflow/example_dags/example_setup_teardown_taskflow.py
[2024-09-09T21:08:00.807-0300] {logging_mixin.py:190} INFO - [2024-09-09T21:08:00.807-0300] {dag.py:3229} INFO - Sync 1 DAGs
[2024-09-09T21:08:00.815-0300] {logging_mixin.py:190} INFO - [2024-09-09T21:08:00.814-0300] {dag.py:4156} INFO - Setting next_dagrun for example_setup_teardown_taskflow to None, run_after=None
[2024-09-09T21:08:00.830-0300] {processor.py:208} INFO - Processing /mnt/c/Users/teu20/Documents/Poli/Repo/eEDB011-20243/atividade 6 - WSL/airflow/airflow_env/lib/python3.10/site-packages/airflow/example_dags/example_setup_teardown_taskflow.py took 0.070 seconds
