[2024-09-09T21:00:25.593-0300] {processor.py:186} INFO - Started process (PID=261641) to work on /mnt/c/Users/teu20/Documents/Poli/Repo/eEDB011-20243/atividade 6 - WSL/airflow/airflow_env/lib/python3.10/site-packages/airflow/example_dags/example_bash_operator.py
[2024-09-09T21:00:25.594-0300] {processor.py:914} INFO - Processing file /mnt/c/Users/teu20/Documents/Poli/Repo/eEDB011-20243/atividade 6 - WSL/airflow/airflow_env/lib/python3.10/site-packages/airflow/example_dags/example_bash_operator.py for tasks to queue
[2024-09-09T21:00:25.595-0300] {logging_mixin.py:190} INFO - [2024-09-09T21:00:25.595-0300] {dagbag.py:587} INFO - Filling up the DagBag from /mnt/c/Users/teu20/Documents/Poli/Repo/eEDB011-20243/atividade 6 - WSL/airflow/airflow_env/lib/python3.10/site-packages/airflow/example_dags/example_bash_operator.py
[2024-09-09T21:00:25.611-0300] {processor.py:925} INFO - DAG(s) 'example_bash_operator' retrieved from /mnt/c/Users/teu20/Documents/Poli/Repo/eEDB011-20243/atividade 6 - WSL/airflow/airflow_env/lib/python3.10/site-packages/airflow/example_dags/example_bash_operator.py
[2024-09-09T21:00:25.634-0300] {logging_mixin.py:190} INFO - [2024-09-09T21:00:25.633-0300] {dag.py:3229} INFO - Sync 1 DAGs
[2024-09-09T21:00:25.648-0300] {logging_mixin.py:190} INFO - [2024-09-09T21:00:25.647-0300] {dag.py:4156} INFO - Setting next_dagrun for example_bash_operator to 2024-09-09 00:00:00+00:00, run_after=2024-09-10 00:00:00+00:00
[2024-09-09T21:00:25.663-0300] {processor.py:208} INFO - Processing /mnt/c/Users/teu20/Documents/Poli/Repo/eEDB011-20243/atividade 6 - WSL/airflow/airflow_env/lib/python3.10/site-packages/airflow/example_dags/example_bash_operator.py took 0.078 seconds
[2024-09-09T21:00:56.105-0300] {processor.py:186} INFO - Started process (PID=262349) to work on /mnt/c/Users/teu20/Documents/Poli/Repo/eEDB011-20243/atividade 6 - WSL/airflow/airflow_env/lib/python3.10/site-packages/airflow/example_dags/example_bash_operator.py
[2024-09-09T21:00:56.106-0300] {processor.py:914} INFO - Processing file /mnt/c/Users/teu20/Documents/Poli/Repo/eEDB011-20243/atividade 6 - WSL/airflow/airflow_env/lib/python3.10/site-packages/airflow/example_dags/example_bash_operator.py for tasks to queue
[2024-09-09T21:00:56.107-0300] {logging_mixin.py:190} INFO - [2024-09-09T21:00:56.107-0300] {dagbag.py:587} INFO - Filling up the DagBag from /mnt/c/Users/teu20/Documents/Poli/Repo/eEDB011-20243/atividade 6 - WSL/airflow/airflow_env/lib/python3.10/site-packages/airflow/example_dags/example_bash_operator.py
[2024-09-09T21:00:56.127-0300] {processor.py:925} INFO - DAG(s) 'example_bash_operator' retrieved from /mnt/c/Users/teu20/Documents/Poli/Repo/eEDB011-20243/atividade 6 - WSL/airflow/airflow_env/lib/python3.10/site-packages/airflow/example_dags/example_bash_operator.py
[2024-09-09T21:00:56.148-0300] {logging_mixin.py:190} INFO - [2024-09-09T21:00:56.148-0300] {dag.py:3229} INFO - Sync 1 DAGs
[2024-09-09T21:00:56.161-0300] {logging_mixin.py:190} INFO - [2024-09-09T21:00:56.160-0300] {dag.py:4156} INFO - Setting next_dagrun for example_bash_operator to 2024-09-09 00:00:00+00:00, run_after=2024-09-10 00:00:00+00:00
[2024-09-09T21:00:56.177-0300] {processor.py:208} INFO - Processing /mnt/c/Users/teu20/Documents/Poli/Repo/eEDB011-20243/atividade 6 - WSL/airflow/airflow_env/lib/python3.10/site-packages/airflow/example_dags/example_bash_operator.py took 0.080 seconds
[2024-09-09T21:01:27.119-0300] {processor.py:186} INFO - Started process (PID=262785) to work on /mnt/c/Users/teu20/Documents/Poli/Repo/eEDB011-20243/atividade 6 - WSL/airflow/airflow_env/lib/python3.10/site-packages/airflow/example_dags/example_bash_operator.py
[2024-09-09T21:01:27.120-0300] {processor.py:914} INFO - Processing file /mnt/c/Users/teu20/Documents/Poli/Repo/eEDB011-20243/atividade 6 - WSL/airflow/airflow_env/lib/python3.10/site-packages/airflow/example_dags/example_bash_operator.py for tasks to queue
[2024-09-09T21:01:27.121-0300] {logging_mixin.py:190} INFO - [2024-09-09T21:01:27.121-0300] {dagbag.py:587} INFO - Filling up the DagBag from /mnt/c/Users/teu20/Documents/Poli/Repo/eEDB011-20243/atividade 6 - WSL/airflow/airflow_env/lib/python3.10/site-packages/airflow/example_dags/example_bash_operator.py
[2024-09-09T21:01:27.137-0300] {processor.py:925} INFO - DAG(s) 'example_bash_operator' retrieved from /mnt/c/Users/teu20/Documents/Poli/Repo/eEDB011-20243/atividade 6 - WSL/airflow/airflow_env/lib/python3.10/site-packages/airflow/example_dags/example_bash_operator.py
[2024-09-09T21:01:27.160-0300] {logging_mixin.py:190} INFO - [2024-09-09T21:01:27.160-0300] {dag.py:3229} INFO - Sync 1 DAGs
[2024-09-09T21:01:27.173-0300] {logging_mixin.py:190} INFO - [2024-09-09T21:01:27.172-0300] {dag.py:4156} INFO - Setting next_dagrun for example_bash_operator to 2024-09-09 00:00:00+00:00, run_after=2024-09-10 00:00:00+00:00
[2024-09-09T21:01:27.189-0300] {processor.py:208} INFO - Processing /mnt/c/Users/teu20/Documents/Poli/Repo/eEDB011-20243/atividade 6 - WSL/airflow/airflow_env/lib/python3.10/site-packages/airflow/example_dags/example_bash_operator.py took 0.078 seconds
[2024-09-09T21:01:58.404-0300] {processor.py:186} INFO - Started process (PID=263221) to work on /mnt/c/Users/teu20/Documents/Poli/Repo/eEDB011-20243/atividade 6 - WSL/airflow/airflow_env/lib/python3.10/site-packages/airflow/example_dags/example_bash_operator.py
[2024-09-09T21:01:58.405-0300] {processor.py:914} INFO - Processing file /mnt/c/Users/teu20/Documents/Poli/Repo/eEDB011-20243/atividade 6 - WSL/airflow/airflow_env/lib/python3.10/site-packages/airflow/example_dags/example_bash_operator.py for tasks to queue
[2024-09-09T21:01:58.407-0300] {logging_mixin.py:190} INFO - [2024-09-09T21:01:58.406-0300] {dagbag.py:587} INFO - Filling up the DagBag from /mnt/c/Users/teu20/Documents/Poli/Repo/eEDB011-20243/atividade 6 - WSL/airflow/airflow_env/lib/python3.10/site-packages/airflow/example_dags/example_bash_operator.py
[2024-09-09T21:01:58.421-0300] {processor.py:925} INFO - DAG(s) 'example_bash_operator' retrieved from /mnt/c/Users/teu20/Documents/Poli/Repo/eEDB011-20243/atividade 6 - WSL/airflow/airflow_env/lib/python3.10/site-packages/airflow/example_dags/example_bash_operator.py
[2024-09-09T21:01:58.444-0300] {logging_mixin.py:190} INFO - [2024-09-09T21:01:58.443-0300] {dag.py:3229} INFO - Sync 1 DAGs
[2024-09-09T21:01:58.457-0300] {logging_mixin.py:190} INFO - [2024-09-09T21:01:58.456-0300] {dag.py:4156} INFO - Setting next_dagrun for example_bash_operator to 2024-09-09 00:00:00+00:00, run_after=2024-09-10 00:00:00+00:00
[2024-09-09T21:01:58.471-0300] {processor.py:208} INFO - Processing /mnt/c/Users/teu20/Documents/Poli/Repo/eEDB011-20243/atividade 6 - WSL/airflow/airflow_env/lib/python3.10/site-packages/airflow/example_dags/example_bash_operator.py took 0.075 seconds
[2024-09-09T21:02:29.330-0300] {processor.py:186} INFO - Started process (PID=263655) to work on /mnt/c/Users/teu20/Documents/Poli/Repo/eEDB011-20243/atividade 6 - WSL/airflow/airflow_env/lib/python3.10/site-packages/airflow/example_dags/example_bash_operator.py
[2024-09-09T21:02:29.331-0300] {processor.py:914} INFO - Processing file /mnt/c/Users/teu20/Documents/Poli/Repo/eEDB011-20243/atividade 6 - WSL/airflow/airflow_env/lib/python3.10/site-packages/airflow/example_dags/example_bash_operator.py for tasks to queue
[2024-09-09T21:02:29.333-0300] {logging_mixin.py:190} INFO - [2024-09-09T21:02:29.332-0300] {dagbag.py:587} INFO - Filling up the DagBag from /mnt/c/Users/teu20/Documents/Poli/Repo/eEDB011-20243/atividade 6 - WSL/airflow/airflow_env/lib/python3.10/site-packages/airflow/example_dags/example_bash_operator.py
[2024-09-09T21:02:29.351-0300] {processor.py:925} INFO - DAG(s) 'example_bash_operator' retrieved from /mnt/c/Users/teu20/Documents/Poli/Repo/eEDB011-20243/atividade 6 - WSL/airflow/airflow_env/lib/python3.10/site-packages/airflow/example_dags/example_bash_operator.py
[2024-09-09T21:02:29.376-0300] {logging_mixin.py:190} INFO - [2024-09-09T21:02:29.375-0300] {dag.py:3229} INFO - Sync 1 DAGs
[2024-09-09T21:02:29.392-0300] {logging_mixin.py:190} INFO - [2024-09-09T21:02:29.391-0300] {dag.py:4156} INFO - Setting next_dagrun for example_bash_operator to 2024-09-09 00:00:00+00:00, run_after=2024-09-10 00:00:00+00:00
[2024-09-09T21:02:29.409-0300] {processor.py:208} INFO - Processing /mnt/c/Users/teu20/Documents/Poli/Repo/eEDB011-20243/atividade 6 - WSL/airflow/airflow_env/lib/python3.10/site-packages/airflow/example_dags/example_bash_operator.py took 0.086 seconds
[2024-09-09T21:02:59.760-0300] {processor.py:186} INFO - Started process (PID=264083) to work on /mnt/c/Users/teu20/Documents/Poli/Repo/eEDB011-20243/atividade 6 - WSL/airflow/airflow_env/lib/python3.10/site-packages/airflow/example_dags/example_bash_operator.py
[2024-09-09T21:02:59.761-0300] {processor.py:914} INFO - Processing file /mnt/c/Users/teu20/Documents/Poli/Repo/eEDB011-20243/atividade 6 - WSL/airflow/airflow_env/lib/python3.10/site-packages/airflow/example_dags/example_bash_operator.py for tasks to queue
[2024-09-09T21:02:59.763-0300] {logging_mixin.py:190} INFO - [2024-09-09T21:02:59.762-0300] {dagbag.py:587} INFO - Filling up the DagBag from /mnt/c/Users/teu20/Documents/Poli/Repo/eEDB011-20243/atividade 6 - WSL/airflow/airflow_env/lib/python3.10/site-packages/airflow/example_dags/example_bash_operator.py
[2024-09-09T21:02:59.783-0300] {processor.py:925} INFO - DAG(s) 'example_bash_operator' retrieved from /mnt/c/Users/teu20/Documents/Poli/Repo/eEDB011-20243/atividade 6 - WSL/airflow/airflow_env/lib/python3.10/site-packages/airflow/example_dags/example_bash_operator.py
[2024-09-09T21:02:59.805-0300] {logging_mixin.py:190} INFO - [2024-09-09T21:02:59.804-0300] {dag.py:3229} INFO - Sync 1 DAGs
[2024-09-09T21:02:59.818-0300] {logging_mixin.py:190} INFO - [2024-09-09T21:02:59.817-0300] {dag.py:4156} INFO - Setting next_dagrun for example_bash_operator to 2024-09-09 00:00:00+00:00, run_after=2024-09-10 00:00:00+00:00
[2024-09-09T21:02:59.833-0300] {processor.py:208} INFO - Processing /mnt/c/Users/teu20/Documents/Poli/Repo/eEDB011-20243/atividade 6 - WSL/airflow/airflow_env/lib/python3.10/site-packages/airflow/example_dags/example_bash_operator.py took 0.081 seconds
[2024-09-09T21:03:30.119-0300] {processor.py:186} INFO - Started process (PID=264514) to work on /mnt/c/Users/teu20/Documents/Poli/Repo/eEDB011-20243/atividade 6 - WSL/airflow/airflow_env/lib/python3.10/site-packages/airflow/example_dags/example_bash_operator.py
[2024-09-09T21:03:30.120-0300] {processor.py:914} INFO - Processing file /mnt/c/Users/teu20/Documents/Poli/Repo/eEDB011-20243/atividade 6 - WSL/airflow/airflow_env/lib/python3.10/site-packages/airflow/example_dags/example_bash_operator.py for tasks to queue
[2024-09-09T21:03:30.122-0300] {logging_mixin.py:190} INFO - [2024-09-09T21:03:30.121-0300] {dagbag.py:587} INFO - Filling up the DagBag from /mnt/c/Users/teu20/Documents/Poli/Repo/eEDB011-20243/atividade 6 - WSL/airflow/airflow_env/lib/python3.10/site-packages/airflow/example_dags/example_bash_operator.py
[2024-09-09T21:03:30.142-0300] {processor.py:925} INFO - DAG(s) 'example_bash_operator' retrieved from /mnt/c/Users/teu20/Documents/Poli/Repo/eEDB011-20243/atividade 6 - WSL/airflow/airflow_env/lib/python3.10/site-packages/airflow/example_dags/example_bash_operator.py
[2024-09-09T21:03:30.167-0300] {logging_mixin.py:190} INFO - [2024-09-09T21:03:30.166-0300] {dag.py:3229} INFO - Sync 1 DAGs
[2024-09-09T21:03:30.181-0300] {logging_mixin.py:190} INFO - [2024-09-09T21:03:30.180-0300] {dag.py:4156} INFO - Setting next_dagrun for example_bash_operator to 2024-09-09 00:00:00+00:00, run_after=2024-09-10 00:00:00+00:00
[2024-09-09T21:03:30.197-0300] {processor.py:208} INFO - Processing /mnt/c/Users/teu20/Documents/Poli/Repo/eEDB011-20243/atividade 6 - WSL/airflow/airflow_env/lib/python3.10/site-packages/airflow/example_dags/example_bash_operator.py took 0.087 seconds
[2024-09-09T21:04:00.643-0300] {processor.py:186} INFO - Started process (PID=264948) to work on /mnt/c/Users/teu20/Documents/Poli/Repo/eEDB011-20243/atividade 6 - WSL/airflow/airflow_env/lib/python3.10/site-packages/airflow/example_dags/example_bash_operator.py
[2024-09-09T21:04:00.644-0300] {processor.py:914} INFO - Processing file /mnt/c/Users/teu20/Documents/Poli/Repo/eEDB011-20243/atividade 6 - WSL/airflow/airflow_env/lib/python3.10/site-packages/airflow/example_dags/example_bash_operator.py for tasks to queue
[2024-09-09T21:04:00.646-0300] {logging_mixin.py:190} INFO - [2024-09-09T21:04:00.645-0300] {dagbag.py:587} INFO - Filling up the DagBag from /mnt/c/Users/teu20/Documents/Poli/Repo/eEDB011-20243/atividade 6 - WSL/airflow/airflow_env/lib/python3.10/site-packages/airflow/example_dags/example_bash_operator.py
[2024-09-09T21:04:00.663-0300] {processor.py:925} INFO - DAG(s) 'example_bash_operator' retrieved from /mnt/c/Users/teu20/Documents/Poli/Repo/eEDB011-20243/atividade 6 - WSL/airflow/airflow_env/lib/python3.10/site-packages/airflow/example_dags/example_bash_operator.py
[2024-09-09T21:04:00.687-0300] {logging_mixin.py:190} INFO - [2024-09-09T21:04:00.686-0300] {dag.py:3229} INFO - Sync 1 DAGs
[2024-09-09T21:04:00.701-0300] {logging_mixin.py:190} INFO - [2024-09-09T21:04:00.700-0300] {dag.py:4156} INFO - Setting next_dagrun for example_bash_operator to 2024-09-09 00:00:00+00:00, run_after=2024-09-10 00:00:00+00:00
[2024-09-09T21:04:00.717-0300] {processor.py:208} INFO - Processing /mnt/c/Users/teu20/Documents/Poli/Repo/eEDB011-20243/atividade 6 - WSL/airflow/airflow_env/lib/python3.10/site-packages/airflow/example_dags/example_bash_operator.py took 0.083 seconds
[2024-09-09T21:04:31.196-0300] {processor.py:186} INFO - Started process (PID=265384) to work on /mnt/c/Users/teu20/Documents/Poli/Repo/eEDB011-20243/atividade 6 - WSL/airflow/airflow_env/lib/python3.10/site-packages/airflow/example_dags/example_bash_operator.py
[2024-09-09T21:04:31.197-0300] {processor.py:914} INFO - Processing file /mnt/c/Users/teu20/Documents/Poli/Repo/eEDB011-20243/atividade 6 - WSL/airflow/airflow_env/lib/python3.10/site-packages/airflow/example_dags/example_bash_operator.py for tasks to queue
[2024-09-09T21:04:31.199-0300] {logging_mixin.py:190} INFO - [2024-09-09T21:04:31.198-0300] {dagbag.py:587} INFO - Filling up the DagBag from /mnt/c/Users/teu20/Documents/Poli/Repo/eEDB011-20243/atividade 6 - WSL/airflow/airflow_env/lib/python3.10/site-packages/airflow/example_dags/example_bash_operator.py
[2024-09-09T21:04:31.219-0300] {processor.py:925} INFO - DAG(s) 'example_bash_operator' retrieved from /mnt/c/Users/teu20/Documents/Poli/Repo/eEDB011-20243/atividade 6 - WSL/airflow/airflow_env/lib/python3.10/site-packages/airflow/example_dags/example_bash_operator.py
[2024-09-09T21:04:31.241-0300] {logging_mixin.py:190} INFO - [2024-09-09T21:04:31.240-0300] {dag.py:3229} INFO - Sync 1 DAGs
[2024-09-09T21:04:31.254-0300] {logging_mixin.py:190} INFO - [2024-09-09T21:04:31.253-0300] {dag.py:4156} INFO - Setting next_dagrun for example_bash_operator to 2024-09-09 00:00:00+00:00, run_after=2024-09-10 00:00:00+00:00
[2024-09-09T21:04:31.269-0300] {processor.py:208} INFO - Processing /mnt/c/Users/teu20/Documents/Poli/Repo/eEDB011-20243/atividade 6 - WSL/airflow/airflow_env/lib/python3.10/site-packages/airflow/example_dags/example_bash_operator.py took 0.081 seconds
[2024-09-09T21:05:01.668-0300] {processor.py:186} INFO - Started process (PID=266604) to work on /mnt/c/Users/teu20/Documents/Poli/Repo/eEDB011-20243/atividade 6 - WSL/airflow/airflow_env/lib/python3.10/site-packages/airflow/example_dags/example_bash_operator.py
[2024-09-09T21:05:01.669-0300] {processor.py:914} INFO - Processing file /mnt/c/Users/teu20/Documents/Poli/Repo/eEDB011-20243/atividade 6 - WSL/airflow/airflow_env/lib/python3.10/site-packages/airflow/example_dags/example_bash_operator.py for tasks to queue
[2024-09-09T21:05:01.671-0300] {logging_mixin.py:190} INFO - [2024-09-09T21:05:01.670-0300] {dagbag.py:587} INFO - Filling up the DagBag from /mnt/c/Users/teu20/Documents/Poli/Repo/eEDB011-20243/atividade 6 - WSL/airflow/airflow_env/lib/python3.10/site-packages/airflow/example_dags/example_bash_operator.py
[2024-09-09T21:05:01.690-0300] {processor.py:925} INFO - DAG(s) 'example_bash_operator' retrieved from /mnt/c/Users/teu20/Documents/Poli/Repo/eEDB011-20243/atividade 6 - WSL/airflow/airflow_env/lib/python3.10/site-packages/airflow/example_dags/example_bash_operator.py
[2024-09-09T21:05:01.713-0300] {logging_mixin.py:190} INFO - [2024-09-09T21:05:01.712-0300] {dag.py:3229} INFO - Sync 1 DAGs
[2024-09-09T21:05:01.726-0300] {logging_mixin.py:190} INFO - [2024-09-09T21:05:01.725-0300] {dag.py:4156} INFO - Setting next_dagrun for example_bash_operator to 2024-09-09 00:00:00+00:00, run_after=2024-09-10 00:00:00+00:00
[2024-09-09T21:05:01.740-0300] {processor.py:208} INFO - Processing /mnt/c/Users/teu20/Documents/Poli/Repo/eEDB011-20243/atividade 6 - WSL/airflow/airflow_env/lib/python3.10/site-packages/airflow/example_dags/example_bash_operator.py took 0.079 seconds
[2024-09-09T21:05:32.210-0300] {processor.py:186} INFO - Started process (PID=267130) to work on /mnt/c/Users/teu20/Documents/Poli/Repo/eEDB011-20243/atividade 6 - WSL/airflow/airflow_env/lib/python3.10/site-packages/airflow/example_dags/example_bash_operator.py
[2024-09-09T21:05:32.211-0300] {processor.py:914} INFO - Processing file /mnt/c/Users/teu20/Documents/Poli/Repo/eEDB011-20243/atividade 6 - WSL/airflow/airflow_env/lib/python3.10/site-packages/airflow/example_dags/example_bash_operator.py for tasks to queue
[2024-09-09T21:05:32.213-0300] {logging_mixin.py:190} INFO - [2024-09-09T21:05:32.212-0300] {dagbag.py:587} INFO - Filling up the DagBag from /mnt/c/Users/teu20/Documents/Poli/Repo/eEDB011-20243/atividade 6 - WSL/airflow/airflow_env/lib/python3.10/site-packages/airflow/example_dags/example_bash_operator.py
[2024-09-09T21:05:32.231-0300] {processor.py:925} INFO - DAG(s) 'example_bash_operator' retrieved from /mnt/c/Users/teu20/Documents/Poli/Repo/eEDB011-20243/atividade 6 - WSL/airflow/airflow_env/lib/python3.10/site-packages/airflow/example_dags/example_bash_operator.py
[2024-09-09T21:05:32.252-0300] {logging_mixin.py:190} INFO - [2024-09-09T21:05:32.252-0300] {dag.py:3229} INFO - Sync 1 DAGs
[2024-09-09T21:05:32.266-0300] {logging_mixin.py:190} INFO - [2024-09-09T21:05:32.265-0300] {dag.py:4156} INFO - Setting next_dagrun for example_bash_operator to 2024-09-09 00:00:00+00:00, run_after=2024-09-10 00:00:00+00:00
[2024-09-09T21:05:32.282-0300] {processor.py:208} INFO - Processing /mnt/c/Users/teu20/Documents/Poli/Repo/eEDB011-20243/atividade 6 - WSL/airflow/airflow_env/lib/python3.10/site-packages/airflow/example_dags/example_bash_operator.py took 0.080 seconds
[2024-09-09T21:06:02.794-0300] {processor.py:186} INFO - Started process (PID=267560) to work on /mnt/c/Users/teu20/Documents/Poli/Repo/eEDB011-20243/atividade 6 - WSL/airflow/airflow_env/lib/python3.10/site-packages/airflow/example_dags/example_bash_operator.py
[2024-09-09T21:06:02.795-0300] {processor.py:914} INFO - Processing file /mnt/c/Users/teu20/Documents/Poli/Repo/eEDB011-20243/atividade 6 - WSL/airflow/airflow_env/lib/python3.10/site-packages/airflow/example_dags/example_bash_operator.py for tasks to queue
[2024-09-09T21:06:02.797-0300] {logging_mixin.py:190} INFO - [2024-09-09T21:06:02.796-0300] {dagbag.py:587} INFO - Filling up the DagBag from /mnt/c/Users/teu20/Documents/Poli/Repo/eEDB011-20243/atividade 6 - WSL/airflow/airflow_env/lib/python3.10/site-packages/airflow/example_dags/example_bash_operator.py
[2024-09-09T21:06:02.815-0300] {processor.py:925} INFO - DAG(s) 'example_bash_operator' retrieved from /mnt/c/Users/teu20/Documents/Poli/Repo/eEDB011-20243/atividade 6 - WSL/airflow/airflow_env/lib/python3.10/site-packages/airflow/example_dags/example_bash_operator.py
[2024-09-09T21:06:02.837-0300] {logging_mixin.py:190} INFO - [2024-09-09T21:06:02.836-0300] {dag.py:3229} INFO - Sync 1 DAGs
[2024-09-09T21:06:02.851-0300] {logging_mixin.py:190} INFO - [2024-09-09T21:06:02.851-0300] {dag.py:4156} INFO - Setting next_dagrun for example_bash_operator to 2024-09-09 00:00:00+00:00, run_after=2024-09-10 00:00:00+00:00
[2024-09-09T21:06:02.866-0300] {processor.py:208} INFO - Processing /mnt/c/Users/teu20/Documents/Poli/Repo/eEDB011-20243/atividade 6 - WSL/airflow/airflow_env/lib/python3.10/site-packages/airflow/example_dags/example_bash_operator.py took 0.080 seconds
[2024-09-09T21:06:33.199-0300] {processor.py:186} INFO - Started process (PID=268013) to work on /mnt/c/Users/teu20/Documents/Poli/Repo/eEDB011-20243/atividade 6 - WSL/airflow/airflow_env/lib/python3.10/site-packages/airflow/example_dags/example_bash_operator.py
[2024-09-09T21:06:33.200-0300] {processor.py:914} INFO - Processing file /mnt/c/Users/teu20/Documents/Poli/Repo/eEDB011-20243/atividade 6 - WSL/airflow/airflow_env/lib/python3.10/site-packages/airflow/example_dags/example_bash_operator.py for tasks to queue
[2024-09-09T21:06:33.202-0300] {logging_mixin.py:190} INFO - [2024-09-09T21:06:33.201-0300] {dagbag.py:587} INFO - Filling up the DagBag from /mnt/c/Users/teu20/Documents/Poli/Repo/eEDB011-20243/atividade 6 - WSL/airflow/airflow_env/lib/python3.10/site-packages/airflow/example_dags/example_bash_operator.py
[2024-09-09T21:06:33.219-0300] {processor.py:925} INFO - DAG(s) 'example_bash_operator' retrieved from /mnt/c/Users/teu20/Documents/Poli/Repo/eEDB011-20243/atividade 6 - WSL/airflow/airflow_env/lib/python3.10/site-packages/airflow/example_dags/example_bash_operator.py
[2024-09-09T21:06:33.244-0300] {logging_mixin.py:190} INFO - [2024-09-09T21:06:33.243-0300] {dag.py:3229} INFO - Sync 1 DAGs
[2024-09-09T21:06:33.256-0300] {logging_mixin.py:190} INFO - [2024-09-09T21:06:33.256-0300] {dag.py:4156} INFO - Setting next_dagrun for example_bash_operator to 2024-09-09 00:00:00+00:00, run_after=2024-09-10 00:00:00+00:00
[2024-09-09T21:06:33.271-0300] {processor.py:208} INFO - Processing /mnt/c/Users/teu20/Documents/Poli/Repo/eEDB011-20243/atividade 6 - WSL/airflow/airflow_env/lib/python3.10/site-packages/airflow/example_dags/example_bash_operator.py took 0.079 seconds
[2024-09-09T21:07:03.556-0300] {processor.py:186} INFO - Started process (PID=268632) to work on /mnt/c/Users/teu20/Documents/Poli/Repo/eEDB011-20243/atividade 6 - WSL/airflow/airflow_env/lib/python3.10/site-packages/airflow/example_dags/example_bash_operator.py
[2024-09-09T21:07:03.557-0300] {processor.py:914} INFO - Processing file /mnt/c/Users/teu20/Documents/Poli/Repo/eEDB011-20243/atividade 6 - WSL/airflow/airflow_env/lib/python3.10/site-packages/airflow/example_dags/example_bash_operator.py for tasks to queue
[2024-09-09T21:07:03.558-0300] {logging_mixin.py:190} INFO - [2024-09-09T21:07:03.558-0300] {dagbag.py:587} INFO - Filling up the DagBag from /mnt/c/Users/teu20/Documents/Poli/Repo/eEDB011-20243/atividade 6 - WSL/airflow/airflow_env/lib/python3.10/site-packages/airflow/example_dags/example_bash_operator.py
[2024-09-09T21:07:03.575-0300] {processor.py:925} INFO - DAG(s) 'example_bash_operator' retrieved from /mnt/c/Users/teu20/Documents/Poli/Repo/eEDB011-20243/atividade 6 - WSL/airflow/airflow_env/lib/python3.10/site-packages/airflow/example_dags/example_bash_operator.py
[2024-09-09T21:07:03.597-0300] {logging_mixin.py:190} INFO - [2024-09-09T21:07:03.596-0300] {dag.py:3229} INFO - Sync 1 DAGs
[2024-09-09T21:07:03.609-0300] {logging_mixin.py:190} INFO - [2024-09-09T21:07:03.609-0300] {dag.py:4156} INFO - Setting next_dagrun for example_bash_operator to 2024-09-09 00:00:00+00:00, run_after=2024-09-10 00:00:00+00:00
[2024-09-09T21:07:03.624-0300] {processor.py:208} INFO - Processing /mnt/c/Users/teu20/Documents/Poli/Repo/eEDB011-20243/atividade 6 - WSL/airflow/airflow_env/lib/python3.10/site-packages/airflow/example_dags/example_bash_operator.py took 0.076 seconds
[2024-09-09T21:07:34.091-0300] {processor.py:186} INFO - Started process (PID=269303) to work on /mnt/c/Users/teu20/Documents/Poli/Repo/eEDB011-20243/atividade 6 - WSL/airflow/airflow_env/lib/python3.10/site-packages/airflow/example_dags/example_bash_operator.py
[2024-09-09T21:07:34.093-0300] {processor.py:914} INFO - Processing file /mnt/c/Users/teu20/Documents/Poli/Repo/eEDB011-20243/atividade 6 - WSL/airflow/airflow_env/lib/python3.10/site-packages/airflow/example_dags/example_bash_operator.py for tasks to queue
[2024-09-09T21:07:34.094-0300] {logging_mixin.py:190} INFO - [2024-09-09T21:07:34.094-0300] {dagbag.py:587} INFO - Filling up the DagBag from /mnt/c/Users/teu20/Documents/Poli/Repo/eEDB011-20243/atividade 6 - WSL/airflow/airflow_env/lib/python3.10/site-packages/airflow/example_dags/example_bash_operator.py
[2024-09-09T21:07:34.111-0300] {processor.py:925} INFO - DAG(s) 'example_bash_operator' retrieved from /mnt/c/Users/teu20/Documents/Poli/Repo/eEDB011-20243/atividade 6 - WSL/airflow/airflow_env/lib/python3.10/site-packages/airflow/example_dags/example_bash_operator.py
[2024-09-09T21:07:34.136-0300] {logging_mixin.py:190} INFO - [2024-09-09T21:07:34.135-0300] {dag.py:3229} INFO - Sync 1 DAGs
[2024-09-09T21:07:34.150-0300] {logging_mixin.py:190} INFO - [2024-09-09T21:07:34.149-0300] {dag.py:4156} INFO - Setting next_dagrun for example_bash_operator to 2024-09-09 00:00:00+00:00, run_after=2024-09-10 00:00:00+00:00
[2024-09-09T21:07:34.165-0300] {processor.py:208} INFO - Processing /mnt/c/Users/teu20/Documents/Poli/Repo/eEDB011-20243/atividade 6 - WSL/airflow/airflow_env/lib/python3.10/site-packages/airflow/example_dags/example_bash_operator.py took 0.082 seconds
[2024-09-09T21:08:04.611-0300] {processor.py:186} INFO - Started process (PID=269801) to work on /mnt/c/Users/teu20/Documents/Poli/Repo/eEDB011-20243/atividade 6 - WSL/airflow/airflow_env/lib/python3.10/site-packages/airflow/example_dags/example_bash_operator.py
[2024-09-09T21:08:04.612-0300] {processor.py:914} INFO - Processing file /mnt/c/Users/teu20/Documents/Poli/Repo/eEDB011-20243/atividade 6 - WSL/airflow/airflow_env/lib/python3.10/site-packages/airflow/example_dags/example_bash_operator.py for tasks to queue
[2024-09-09T21:08:04.614-0300] {logging_mixin.py:190} INFO - [2024-09-09T21:08:04.613-0300] {dagbag.py:587} INFO - Filling up the DagBag from /mnt/c/Users/teu20/Documents/Poli/Repo/eEDB011-20243/atividade 6 - WSL/airflow/airflow_env/lib/python3.10/site-packages/airflow/example_dags/example_bash_operator.py
[2024-09-09T21:08:04.632-0300] {processor.py:925} INFO - DAG(s) 'example_bash_operator' retrieved from /mnt/c/Users/teu20/Documents/Poli/Repo/eEDB011-20243/atividade 6 - WSL/airflow/airflow_env/lib/python3.10/site-packages/airflow/example_dags/example_bash_operator.py
[2024-09-09T21:08:04.655-0300] {logging_mixin.py:190} INFO - [2024-09-09T21:08:04.654-0300] {dag.py:3229} INFO - Sync 1 DAGs
[2024-09-09T21:08:04.667-0300] {logging_mixin.py:190} INFO - [2024-09-09T21:08:04.667-0300] {dag.py:4156} INFO - Setting next_dagrun for example_bash_operator to 2024-09-09 00:00:00+00:00, run_after=2024-09-10 00:00:00+00:00
[2024-09-09T21:08:04.682-0300] {processor.py:208} INFO - Processing /mnt/c/Users/teu20/Documents/Poli/Repo/eEDB011-20243/atividade 6 - WSL/airflow/airflow_env/lib/python3.10/site-packages/airflow/example_dags/example_bash_operator.py took 0.078 seconds
