[2024-09-09T21:00:23.692-0300] {processor.py:186} INFO - Started process (PID=261519) to work on /mnt/c/Users/teu20/Documents/Poli/Repo/eEDB011-20243/atividade 6 - WSL/airflow/airflow_env/lib/python3.10/site-packages/airflow/example_dags/example_params_ui_tutorial.py
[2024-09-09T21:00:23.693-0300] {processor.py:914} INFO - Processing file /mnt/c/Users/teu20/Documents/Poli/Repo/eEDB011-20243/atividade 6 - WSL/airflow/airflow_env/lib/python3.10/site-packages/airflow/example_dags/example_params_ui_tutorial.py for tasks to queue
[2024-09-09T21:00:23.695-0300] {logging_mixin.py:190} INFO - [2024-09-09T21:00:23.694-0300] {dagbag.py:587} INFO - Filling up the DagBag from /mnt/c/Users/teu20/Documents/Poli/Repo/eEDB011-20243/atividade 6 - WSL/airflow/airflow_env/lib/python3.10/site-packages/airflow/example_dags/example_params_ui_tutorial.py
[2024-09-09T21:00:23.710-0300] {processor.py:925} INFO - DAG(s) 'example_params_ui_tutorial' retrieved from /mnt/c/Users/teu20/Documents/Poli/Repo/eEDB011-20243/atividade 6 - WSL/airflow/airflow_env/lib/python3.10/site-packages/airflow/example_dags/example_params_ui_tutorial.py
[2024-09-09T21:00:23.743-0300] {logging_mixin.py:190} INFO - [2024-09-09T21:00:23.742-0300] {dag.py:3229} INFO - Sync 1 DAGs
[2024-09-09T21:00:23.751-0300] {logging_mixin.py:190} INFO - [2024-09-09T21:00:23.750-0300] {dag.py:4156} INFO - Setting next_dagrun for example_params_ui_tutorial to None, run_after=None
[2024-09-09T21:00:23.765-0300] {processor.py:208} INFO - Processing /mnt/c/Users/teu20/Documents/Poli/Repo/eEDB011-20243/atividade 6 - WSL/airflow/airflow_env/lib/python3.10/site-packages/airflow/example_dags/example_params_ui_tutorial.py took 0.082 seconds
[2024-09-09T21:00:54.271-0300] {processor.py:186} INFO - Started process (PID=262226) to work on /mnt/c/Users/teu20/Documents/Poli/Repo/eEDB011-20243/atividade 6 - WSL/airflow/airflow_env/lib/python3.10/site-packages/airflow/example_dags/example_params_ui_tutorial.py
[2024-09-09T21:00:54.272-0300] {processor.py:914} INFO - Processing file /mnt/c/Users/teu20/Documents/Poli/Repo/eEDB011-20243/atividade 6 - WSL/airflow/airflow_env/lib/python3.10/site-packages/airflow/example_dags/example_params_ui_tutorial.py for tasks to queue
[2024-09-09T21:00:54.274-0300] {logging_mixin.py:190} INFO - [2024-09-09T21:00:54.274-0300] {dagbag.py:587} INFO - Filling up the DagBag from /mnt/c/Users/teu20/Documents/Poli/Repo/eEDB011-20243/atividade 6 - WSL/airflow/airflow_env/lib/python3.10/site-packages/airflow/example_dags/example_params_ui_tutorial.py
[2024-09-09T21:00:54.290-0300] {processor.py:925} INFO - DAG(s) 'example_params_ui_tutorial' retrieved from /mnt/c/Users/teu20/Documents/Poli/Repo/eEDB011-20243/atividade 6 - WSL/airflow/airflow_env/lib/python3.10/site-packages/airflow/example_dags/example_params_ui_tutorial.py
[2024-09-09T21:00:54.324-0300] {logging_mixin.py:190} INFO - [2024-09-09T21:00:54.323-0300] {dag.py:3229} INFO - Sync 1 DAGs
[2024-09-09T21:00:54.333-0300] {logging_mixin.py:190} INFO - [2024-09-09T21:00:54.333-0300] {dag.py:4156} INFO - Setting next_dagrun for example_params_ui_tutorial to None, run_after=None
[2024-09-09T21:00:54.348-0300] {processor.py:208} INFO - Processing /mnt/c/Users/teu20/Documents/Poli/Repo/eEDB011-20243/atividade 6 - WSL/airflow/airflow_env/lib/python3.10/site-packages/airflow/example_dags/example_params_ui_tutorial.py took 0.084 seconds
[2024-09-09T21:01:24.688-0300] {processor.py:186} INFO - Started process (PID=262658) to work on /mnt/c/Users/teu20/Documents/Poli/Repo/eEDB011-20243/atividade 6 - WSL/airflow/airflow_env/lib/python3.10/site-packages/airflow/example_dags/example_params_ui_tutorial.py
[2024-09-09T21:01:24.689-0300] {processor.py:914} INFO - Processing file /mnt/c/Users/teu20/Documents/Poli/Repo/eEDB011-20243/atividade 6 - WSL/airflow/airflow_env/lib/python3.10/site-packages/airflow/example_dags/example_params_ui_tutorial.py for tasks to queue
[2024-09-09T21:01:24.691-0300] {logging_mixin.py:190} INFO - [2024-09-09T21:01:24.690-0300] {dagbag.py:587} INFO - Filling up the DagBag from /mnt/c/Users/teu20/Documents/Poli/Repo/eEDB011-20243/atividade 6 - WSL/airflow/airflow_env/lib/python3.10/site-packages/airflow/example_dags/example_params_ui_tutorial.py
[2024-09-09T21:01:24.705-0300] {processor.py:925} INFO - DAG(s) 'example_params_ui_tutorial' retrieved from /mnt/c/Users/teu20/Documents/Poli/Repo/eEDB011-20243/atividade 6 - WSL/airflow/airflow_env/lib/python3.10/site-packages/airflow/example_dags/example_params_ui_tutorial.py
[2024-09-09T21:01:24.740-0300] {logging_mixin.py:190} INFO - [2024-09-09T21:01:24.740-0300] {dag.py:3229} INFO - Sync 1 DAGs
[2024-09-09T21:01:24.749-0300] {logging_mixin.py:190} INFO - [2024-09-09T21:01:24.748-0300] {dag.py:4156} INFO - Setting next_dagrun for example_params_ui_tutorial to None, run_after=None
[2024-09-09T21:01:24.765-0300] {processor.py:208} INFO - Processing /mnt/c/Users/teu20/Documents/Poli/Repo/eEDB011-20243/atividade 6 - WSL/airflow/airflow_env/lib/python3.10/site-packages/airflow/example_dags/example_params_ui_tutorial.py took 0.085 seconds
[2024-09-09T21:01:55.469-0300] {processor.py:186} INFO - Started process (PID=263091) to work on /mnt/c/Users/teu20/Documents/Poli/Repo/eEDB011-20243/atividade 6 - WSL/airflow/airflow_env/lib/python3.10/site-packages/airflow/example_dags/example_params_ui_tutorial.py
[2024-09-09T21:01:55.470-0300] {processor.py:914} INFO - Processing file /mnt/c/Users/teu20/Documents/Poli/Repo/eEDB011-20243/atividade 6 - WSL/airflow/airflow_env/lib/python3.10/site-packages/airflow/example_dags/example_params_ui_tutorial.py for tasks to queue
[2024-09-09T21:01:55.472-0300] {logging_mixin.py:190} INFO - [2024-09-09T21:01:55.471-0300] {dagbag.py:587} INFO - Filling up the DagBag from /mnt/c/Users/teu20/Documents/Poli/Repo/eEDB011-20243/atividade 6 - WSL/airflow/airflow_env/lib/python3.10/site-packages/airflow/example_dags/example_params_ui_tutorial.py
[2024-09-09T21:01:55.485-0300] {processor.py:925} INFO - DAG(s) 'example_params_ui_tutorial' retrieved from /mnt/c/Users/teu20/Documents/Poli/Repo/eEDB011-20243/atividade 6 - WSL/airflow/airflow_env/lib/python3.10/site-packages/airflow/example_dags/example_params_ui_tutorial.py
[2024-09-09T21:01:55.519-0300] {logging_mixin.py:190} INFO - [2024-09-09T21:01:55.518-0300] {dag.py:3229} INFO - Sync 1 DAGs
[2024-09-09T21:01:55.527-0300] {logging_mixin.py:190} INFO - [2024-09-09T21:01:55.526-0300] {dag.py:4156} INFO - Setting next_dagrun for example_params_ui_tutorial to None, run_after=None
[2024-09-09T21:01:55.541-0300] {processor.py:208} INFO - Processing /mnt/c/Users/teu20/Documents/Poli/Repo/eEDB011-20243/atividade 6 - WSL/airflow/airflow_env/lib/python3.10/site-packages/airflow/example_dags/example_params_ui_tutorial.py took 0.080 seconds
[2024-09-09T21:02:25.971-0300] {processor.py:186} INFO - Started process (PID=263521) to work on /mnt/c/Users/teu20/Documents/Poli/Repo/eEDB011-20243/atividade 6 - WSL/airflow/airflow_env/lib/python3.10/site-packages/airflow/example_dags/example_params_ui_tutorial.py
[2024-09-09T21:02:25.972-0300] {processor.py:914} INFO - Processing file /mnt/c/Users/teu20/Documents/Poli/Repo/eEDB011-20243/atividade 6 - WSL/airflow/airflow_env/lib/python3.10/site-packages/airflow/example_dags/example_params_ui_tutorial.py for tasks to queue
[2024-09-09T21:02:25.974-0300] {logging_mixin.py:190} INFO - [2024-09-09T21:02:25.973-0300] {dagbag.py:587} INFO - Filling up the DagBag from /mnt/c/Users/teu20/Documents/Poli/Repo/eEDB011-20243/atividade 6 - WSL/airflow/airflow_env/lib/python3.10/site-packages/airflow/example_dags/example_params_ui_tutorial.py
[2024-09-09T21:02:25.991-0300] {processor.py:925} INFO - DAG(s) 'example_params_ui_tutorial' retrieved from /mnt/c/Users/teu20/Documents/Poli/Repo/eEDB011-20243/atividade 6 - WSL/airflow/airflow_env/lib/python3.10/site-packages/airflow/example_dags/example_params_ui_tutorial.py
[2024-09-09T21:02:26.025-0300] {logging_mixin.py:190} INFO - [2024-09-09T21:02:26.024-0300] {dag.py:3229} INFO - Sync 1 DAGs
[2024-09-09T21:02:26.034-0300] {logging_mixin.py:190} INFO - [2024-09-09T21:02:26.033-0300] {dag.py:4156} INFO - Setting next_dagrun for example_params_ui_tutorial to None, run_after=None
[2024-09-09T21:02:26.050-0300] {processor.py:208} INFO - Processing /mnt/c/Users/teu20/Documents/Poli/Repo/eEDB011-20243/atividade 6 - WSL/airflow/airflow_env/lib/python3.10/site-packages/airflow/example_dags/example_params_ui_tutorial.py took 0.088 seconds
[2024-09-09T21:02:56.507-0300] {processor.py:186} INFO - Started process (PID=263952) to work on /mnt/c/Users/teu20/Documents/Poli/Repo/eEDB011-20243/atividade 6 - WSL/airflow/airflow_env/lib/python3.10/site-packages/airflow/example_dags/example_params_ui_tutorial.py
[2024-09-09T21:02:56.509-0300] {processor.py:914} INFO - Processing file /mnt/c/Users/teu20/Documents/Poli/Repo/eEDB011-20243/atividade 6 - WSL/airflow/airflow_env/lib/python3.10/site-packages/airflow/example_dags/example_params_ui_tutorial.py for tasks to queue
[2024-09-09T21:02:56.510-0300] {logging_mixin.py:190} INFO - [2024-09-09T21:02:56.510-0300] {dagbag.py:587} INFO - Filling up the DagBag from /mnt/c/Users/teu20/Documents/Poli/Repo/eEDB011-20243/atividade 6 - WSL/airflow/airflow_env/lib/python3.10/site-packages/airflow/example_dags/example_params_ui_tutorial.py
[2024-09-09T21:02:56.524-0300] {processor.py:925} INFO - DAG(s) 'example_params_ui_tutorial' retrieved from /mnt/c/Users/teu20/Documents/Poli/Repo/eEDB011-20243/atividade 6 - WSL/airflow/airflow_env/lib/python3.10/site-packages/airflow/example_dags/example_params_ui_tutorial.py
[2024-09-09T21:02:56.557-0300] {logging_mixin.py:190} INFO - [2024-09-09T21:02:56.556-0300] {dag.py:3229} INFO - Sync 1 DAGs
[2024-09-09T21:02:56.565-0300] {logging_mixin.py:190} INFO - [2024-09-09T21:02:56.564-0300] {dag.py:4156} INFO - Setting next_dagrun for example_params_ui_tutorial to None, run_after=None
[2024-09-09T21:02:56.579-0300] {processor.py:208} INFO - Processing /mnt/c/Users/teu20/Documents/Poli/Repo/eEDB011-20243/atividade 6 - WSL/airflow/airflow_env/lib/python3.10/site-packages/airflow/example_dags/example_params_ui_tutorial.py took 0.079 seconds
[2024-09-09T21:03:27.101-0300] {processor.py:186} INFO - Started process (PID=264383) to work on /mnt/c/Users/teu20/Documents/Poli/Repo/eEDB011-20243/atividade 6 - WSL/airflow/airflow_env/lib/python3.10/site-packages/airflow/example_dags/example_params_ui_tutorial.py
[2024-09-09T21:03:27.102-0300] {processor.py:914} INFO - Processing file /mnt/c/Users/teu20/Documents/Poli/Repo/eEDB011-20243/atividade 6 - WSL/airflow/airflow_env/lib/python3.10/site-packages/airflow/example_dags/example_params_ui_tutorial.py for tasks to queue
[2024-09-09T21:03:27.104-0300] {logging_mixin.py:190} INFO - [2024-09-09T21:03:27.103-0300] {dagbag.py:587} INFO - Filling up the DagBag from /mnt/c/Users/teu20/Documents/Poli/Repo/eEDB011-20243/atividade 6 - WSL/airflow/airflow_env/lib/python3.10/site-packages/airflow/example_dags/example_params_ui_tutorial.py
[2024-09-09T21:03:27.116-0300] {processor.py:925} INFO - DAG(s) 'example_params_ui_tutorial' retrieved from /mnt/c/Users/teu20/Documents/Poli/Repo/eEDB011-20243/atividade 6 - WSL/airflow/airflow_env/lib/python3.10/site-packages/airflow/example_dags/example_params_ui_tutorial.py
[2024-09-09T21:03:27.149-0300] {logging_mixin.py:190} INFO - [2024-09-09T21:03:27.149-0300] {dag.py:3229} INFO - Sync 1 DAGs
[2024-09-09T21:03:27.157-0300] {logging_mixin.py:190} INFO - [2024-09-09T21:03:27.156-0300] {dag.py:4156} INFO - Setting next_dagrun for example_params_ui_tutorial to None, run_after=None
[2024-09-09T21:03:27.171-0300] {processor.py:208} INFO - Processing /mnt/c/Users/teu20/Documents/Poli/Repo/eEDB011-20243/atividade 6 - WSL/airflow/airflow_env/lib/python3.10/site-packages/airflow/example_dags/example_params_ui_tutorial.py took 0.077 seconds
[2024-09-09T21:03:57.708-0300] {processor.py:186} INFO - Started process (PID=264823) to work on /mnt/c/Users/teu20/Documents/Poli/Repo/eEDB011-20243/atividade 6 - WSL/airflow/airflow_env/lib/python3.10/site-packages/airflow/example_dags/example_params_ui_tutorial.py
[2024-09-09T21:03:57.709-0300] {processor.py:914} INFO - Processing file /mnt/c/Users/teu20/Documents/Poli/Repo/eEDB011-20243/atividade 6 - WSL/airflow/airflow_env/lib/python3.10/site-packages/airflow/example_dags/example_params_ui_tutorial.py for tasks to queue
[2024-09-09T21:03:57.711-0300] {logging_mixin.py:190} INFO - [2024-09-09T21:03:57.711-0300] {dagbag.py:587} INFO - Filling up the DagBag from /mnt/c/Users/teu20/Documents/Poli/Repo/eEDB011-20243/atividade 6 - WSL/airflow/airflow_env/lib/python3.10/site-packages/airflow/example_dags/example_params_ui_tutorial.py
[2024-09-09T21:03:57.726-0300] {processor.py:925} INFO - DAG(s) 'example_params_ui_tutorial' retrieved from /mnt/c/Users/teu20/Documents/Poli/Repo/eEDB011-20243/atividade 6 - WSL/airflow/airflow_env/lib/python3.10/site-packages/airflow/example_dags/example_params_ui_tutorial.py
[2024-09-09T21:03:57.760-0300] {logging_mixin.py:190} INFO - [2024-09-09T21:03:57.760-0300] {dag.py:3229} INFO - Sync 1 DAGs
[2024-09-09T21:03:57.769-0300] {logging_mixin.py:190} INFO - [2024-09-09T21:03:57.768-0300] {dag.py:4156} INFO - Setting next_dagrun for example_params_ui_tutorial to None, run_after=None
[2024-09-09T21:03:57.784-0300] {processor.py:208} INFO - Processing /mnt/c/Users/teu20/Documents/Poli/Repo/eEDB011-20243/atividade 6 - WSL/airflow/airflow_env/lib/python3.10/site-packages/airflow/example_dags/example_params_ui_tutorial.py took 0.084 seconds
[2024-09-09T21:04:28.150-0300] {processor.py:186} INFO - Started process (PID=265259) to work on /mnt/c/Users/teu20/Documents/Poli/Repo/eEDB011-20243/atividade 6 - WSL/airflow/airflow_env/lib/python3.10/site-packages/airflow/example_dags/example_params_ui_tutorial.py
[2024-09-09T21:04:28.151-0300] {processor.py:914} INFO - Processing file /mnt/c/Users/teu20/Documents/Poli/Repo/eEDB011-20243/atividade 6 - WSL/airflow/airflow_env/lib/python3.10/site-packages/airflow/example_dags/example_params_ui_tutorial.py for tasks to queue
[2024-09-09T21:04:28.153-0300] {logging_mixin.py:190} INFO - [2024-09-09T21:04:28.152-0300] {dagbag.py:587} INFO - Filling up the DagBag from /mnt/c/Users/teu20/Documents/Poli/Repo/eEDB011-20243/atividade 6 - WSL/airflow/airflow_env/lib/python3.10/site-packages/airflow/example_dags/example_params_ui_tutorial.py
[2024-09-09T21:04:28.168-0300] {processor.py:925} INFO - DAG(s) 'example_params_ui_tutorial' retrieved from /mnt/c/Users/teu20/Documents/Poli/Repo/eEDB011-20243/atividade 6 - WSL/airflow/airflow_env/lib/python3.10/site-packages/airflow/example_dags/example_params_ui_tutorial.py
[2024-09-09T21:04:28.203-0300] {logging_mixin.py:190} INFO - [2024-09-09T21:04:28.202-0300] {dag.py:3229} INFO - Sync 1 DAGs
[2024-09-09T21:04:28.211-0300] {logging_mixin.py:190} INFO - [2024-09-09T21:04:28.210-0300] {dag.py:4156} INFO - Setting next_dagrun for example_params_ui_tutorial to None, run_after=None
[2024-09-09T21:04:28.226-0300] {processor.py:208} INFO - Processing /mnt/c/Users/teu20/Documents/Poli/Repo/eEDB011-20243/atividade 6 - WSL/airflow/airflow_env/lib/python3.10/site-packages/airflow/example_dags/example_params_ui_tutorial.py took 0.083 seconds
[2024-09-09T21:04:58.641-0300] {processor.py:186} INFO - Started process (PID=266410) to work on /mnt/c/Users/teu20/Documents/Poli/Repo/eEDB011-20243/atividade 6 - WSL/airflow/airflow_env/lib/python3.10/site-packages/airflow/example_dags/example_params_ui_tutorial.py
[2024-09-09T21:04:58.642-0300] {processor.py:914} INFO - Processing file /mnt/c/Users/teu20/Documents/Poli/Repo/eEDB011-20243/atividade 6 - WSL/airflow/airflow_env/lib/python3.10/site-packages/airflow/example_dags/example_params_ui_tutorial.py for tasks to queue
[2024-09-09T21:04:58.644-0300] {logging_mixin.py:190} INFO - [2024-09-09T21:04:58.643-0300] {dagbag.py:587} INFO - Filling up the DagBag from /mnt/c/Users/teu20/Documents/Poli/Repo/eEDB011-20243/atividade 6 - WSL/airflow/airflow_env/lib/python3.10/site-packages/airflow/example_dags/example_params_ui_tutorial.py
[2024-09-09T21:04:58.658-0300] {processor.py:925} INFO - DAG(s) 'example_params_ui_tutorial' retrieved from /mnt/c/Users/teu20/Documents/Poli/Repo/eEDB011-20243/atividade 6 - WSL/airflow/airflow_env/lib/python3.10/site-packages/airflow/example_dags/example_params_ui_tutorial.py
[2024-09-09T21:04:58.691-0300] {logging_mixin.py:190} INFO - [2024-09-09T21:04:58.691-0300] {dag.py:3229} INFO - Sync 1 DAGs
[2024-09-09T21:04:58.699-0300] {logging_mixin.py:190} INFO - [2024-09-09T21:04:58.699-0300] {dag.py:4156} INFO - Setting next_dagrun for example_params_ui_tutorial to None, run_after=None
[2024-09-09T21:04:58.714-0300] {processor.py:208} INFO - Processing /mnt/c/Users/teu20/Documents/Poli/Repo/eEDB011-20243/atividade 6 - WSL/airflow/airflow_env/lib/python3.10/site-packages/airflow/example_dags/example_params_ui_tutorial.py took 0.080 seconds
[2024-09-09T21:05:29.080-0300] {processor.py:186} INFO - Started process (PID=267000) to work on /mnt/c/Users/teu20/Documents/Poli/Repo/eEDB011-20243/atividade 6 - WSL/airflow/airflow_env/lib/python3.10/site-packages/airflow/example_dags/example_params_ui_tutorial.py
[2024-09-09T21:05:29.081-0300] {processor.py:914} INFO - Processing file /mnt/c/Users/teu20/Documents/Poli/Repo/eEDB011-20243/atividade 6 - WSL/airflow/airflow_env/lib/python3.10/site-packages/airflow/example_dags/example_params_ui_tutorial.py for tasks to queue
[2024-09-09T21:05:29.083-0300] {logging_mixin.py:190} INFO - [2024-09-09T21:05:29.082-0300] {dagbag.py:587} INFO - Filling up the DagBag from /mnt/c/Users/teu20/Documents/Poli/Repo/eEDB011-20243/atividade 6 - WSL/airflow/airflow_env/lib/python3.10/site-packages/airflow/example_dags/example_params_ui_tutorial.py
[2024-09-09T21:05:29.094-0300] {processor.py:925} INFO - DAG(s) 'example_params_ui_tutorial' retrieved from /mnt/c/Users/teu20/Documents/Poli/Repo/eEDB011-20243/atividade 6 - WSL/airflow/airflow_env/lib/python3.10/site-packages/airflow/example_dags/example_params_ui_tutorial.py
[2024-09-09T21:05:29.129-0300] {logging_mixin.py:190} INFO - [2024-09-09T21:05:29.128-0300] {dag.py:3229} INFO - Sync 1 DAGs
[2024-09-09T21:05:29.137-0300] {logging_mixin.py:190} INFO - [2024-09-09T21:05:29.136-0300] {dag.py:4156} INFO - Setting next_dagrun for example_params_ui_tutorial to None, run_after=None
[2024-09-09T21:05:29.152-0300] {processor.py:208} INFO - Processing /mnt/c/Users/teu20/Documents/Poli/Repo/eEDB011-20243/atividade 6 - WSL/airflow/airflow_env/lib/python3.10/site-packages/airflow/example_dags/example_params_ui_tutorial.py took 0.079 seconds
[2024-09-09T21:05:59.469-0300] {processor.py:186} INFO - Started process (PID=267430) to work on /mnt/c/Users/teu20/Documents/Poli/Repo/eEDB011-20243/atividade 6 - WSL/airflow/airflow_env/lib/python3.10/site-packages/airflow/example_dags/example_params_ui_tutorial.py
[2024-09-09T21:05:59.470-0300] {processor.py:914} INFO - Processing file /mnt/c/Users/teu20/Documents/Poli/Repo/eEDB011-20243/atividade 6 - WSL/airflow/airflow_env/lib/python3.10/site-packages/airflow/example_dags/example_params_ui_tutorial.py for tasks to queue
[2024-09-09T21:05:59.471-0300] {logging_mixin.py:190} INFO - [2024-09-09T21:05:59.471-0300] {dagbag.py:587} INFO - Filling up the DagBag from /mnt/c/Users/teu20/Documents/Poli/Repo/eEDB011-20243/atividade 6 - WSL/airflow/airflow_env/lib/python3.10/site-packages/airflow/example_dags/example_params_ui_tutorial.py
[2024-09-09T21:05:59.483-0300] {processor.py:925} INFO - DAG(s) 'example_params_ui_tutorial' retrieved from /mnt/c/Users/teu20/Documents/Poli/Repo/eEDB011-20243/atividade 6 - WSL/airflow/airflow_env/lib/python3.10/site-packages/airflow/example_dags/example_params_ui_tutorial.py
[2024-09-09T21:05:59.517-0300] {logging_mixin.py:190} INFO - [2024-09-09T21:05:59.516-0300] {dag.py:3229} INFO - Sync 1 DAGs
[2024-09-09T21:05:59.525-0300] {logging_mixin.py:190} INFO - [2024-09-09T21:05:59.524-0300] {dag.py:4156} INFO - Setting next_dagrun for example_params_ui_tutorial to None, run_after=None
[2024-09-09T21:05:59.539-0300] {processor.py:208} INFO - Processing /mnt/c/Users/teu20/Documents/Poli/Repo/eEDB011-20243/atividade 6 - WSL/airflow/airflow_env/lib/python3.10/site-packages/airflow/example_dags/example_params_ui_tutorial.py took 0.078 seconds
[2024-09-09T21:06:30.000-0300] {processor.py:186} INFO - Started process (PID=267884) to work on /mnt/c/Users/teu20/Documents/Poli/Repo/eEDB011-20243/atividade 6 - WSL/airflow/airflow_env/lib/python3.10/site-packages/airflow/example_dags/example_params_ui_tutorial.py
[2024-09-09T21:06:30.001-0300] {processor.py:914} INFO - Processing file /mnt/c/Users/teu20/Documents/Poli/Repo/eEDB011-20243/atividade 6 - WSL/airflow/airflow_env/lib/python3.10/site-packages/airflow/example_dags/example_params_ui_tutorial.py for tasks to queue
[2024-09-09T21:06:30.003-0300] {logging_mixin.py:190} INFO - [2024-09-09T21:06:30.002-0300] {dagbag.py:587} INFO - Filling up the DagBag from /mnt/c/Users/teu20/Documents/Poli/Repo/eEDB011-20243/atividade 6 - WSL/airflow/airflow_env/lib/python3.10/site-packages/airflow/example_dags/example_params_ui_tutorial.py
[2024-09-09T21:06:30.016-0300] {processor.py:925} INFO - DAG(s) 'example_params_ui_tutorial' retrieved from /mnt/c/Users/teu20/Documents/Poli/Repo/eEDB011-20243/atividade 6 - WSL/airflow/airflow_env/lib/python3.10/site-packages/airflow/example_dags/example_params_ui_tutorial.py
[2024-09-09T21:06:30.053-0300] {logging_mixin.py:190} INFO - [2024-09-09T21:06:30.053-0300] {dag.py:3229} INFO - Sync 1 DAGs
[2024-09-09T21:06:30.062-0300] {logging_mixin.py:190} INFO - [2024-09-09T21:06:30.061-0300] {dag.py:4156} INFO - Setting next_dagrun for example_params_ui_tutorial to None, run_after=None
[2024-09-09T21:06:30.077-0300] {processor.py:208} INFO - Processing /mnt/c/Users/teu20/Documents/Poli/Repo/eEDB011-20243/atividade 6 - WSL/airflow/airflow_env/lib/python3.10/site-packages/airflow/example_dags/example_params_ui_tutorial.py took 0.084 seconds
[2024-09-09T21:07:00.498-0300] {processor.py:186} INFO - Started process (PID=268505) to work on /mnt/c/Users/teu20/Documents/Poli/Repo/eEDB011-20243/atividade 6 - WSL/airflow/airflow_env/lib/python3.10/site-packages/airflow/example_dags/example_params_ui_tutorial.py
[2024-09-09T21:07:00.499-0300] {processor.py:914} INFO - Processing file /mnt/c/Users/teu20/Documents/Poli/Repo/eEDB011-20243/atividade 6 - WSL/airflow/airflow_env/lib/python3.10/site-packages/airflow/example_dags/example_params_ui_tutorial.py for tasks to queue
[2024-09-09T21:07:00.501-0300] {logging_mixin.py:190} INFO - [2024-09-09T21:07:00.500-0300] {dagbag.py:587} INFO - Filling up the DagBag from /mnt/c/Users/teu20/Documents/Poli/Repo/eEDB011-20243/atividade 6 - WSL/airflow/airflow_env/lib/python3.10/site-packages/airflow/example_dags/example_params_ui_tutorial.py
[2024-09-09T21:07:00.512-0300] {processor.py:925} INFO - DAG(s) 'example_params_ui_tutorial' retrieved from /mnt/c/Users/teu20/Documents/Poli/Repo/eEDB011-20243/atividade 6 - WSL/airflow/airflow_env/lib/python3.10/site-packages/airflow/example_dags/example_params_ui_tutorial.py
[2024-09-09T21:07:00.549-0300] {logging_mixin.py:190} INFO - [2024-09-09T21:07:00.549-0300] {dag.py:3229} INFO - Sync 1 DAGs
[2024-09-09T21:07:00.558-0300] {logging_mixin.py:190} INFO - [2024-09-09T21:07:00.558-0300] {dag.py:4156} INFO - Setting next_dagrun for example_params_ui_tutorial to None, run_after=None
[2024-09-09T21:07:00.573-0300] {processor.py:208} INFO - Processing /mnt/c/Users/teu20/Documents/Poli/Repo/eEDB011-20243/atividade 6 - WSL/airflow/airflow_env/lib/python3.10/site-packages/airflow/example_dags/example_params_ui_tutorial.py took 0.082 seconds
[2024-09-09T21:07:30.966-0300] {processor.py:186} INFO - Started process (PID=269177) to work on /mnt/c/Users/teu20/Documents/Poli/Repo/eEDB011-20243/atividade 6 - WSL/airflow/airflow_env/lib/python3.10/site-packages/airflow/example_dags/example_params_ui_tutorial.py
[2024-09-09T21:07:30.967-0300] {processor.py:914} INFO - Processing file /mnt/c/Users/teu20/Documents/Poli/Repo/eEDB011-20243/atividade 6 - WSL/airflow/airflow_env/lib/python3.10/site-packages/airflow/example_dags/example_params_ui_tutorial.py for tasks to queue
[2024-09-09T21:07:30.969-0300] {logging_mixin.py:190} INFO - [2024-09-09T21:07:30.968-0300] {dagbag.py:587} INFO - Filling up the DagBag from /mnt/c/Users/teu20/Documents/Poli/Repo/eEDB011-20243/atividade 6 - WSL/airflow/airflow_env/lib/python3.10/site-packages/airflow/example_dags/example_params_ui_tutorial.py
[2024-09-09T21:07:30.982-0300] {processor.py:925} INFO - DAG(s) 'example_params_ui_tutorial' retrieved from /mnt/c/Users/teu20/Documents/Poli/Repo/eEDB011-20243/atividade 6 - WSL/airflow/airflow_env/lib/python3.10/site-packages/airflow/example_dags/example_params_ui_tutorial.py
[2024-09-09T21:07:31.016-0300] {logging_mixin.py:190} INFO - [2024-09-09T21:07:31.016-0300] {dag.py:3229} INFO - Sync 1 DAGs
[2024-09-09T21:07:31.024-0300] {logging_mixin.py:190} INFO - [2024-09-09T21:07:31.024-0300] {dag.py:4156} INFO - Setting next_dagrun for example_params_ui_tutorial to None, run_after=None
[2024-09-09T21:07:31.039-0300] {processor.py:208} INFO - Processing /mnt/c/Users/teu20/Documents/Poli/Repo/eEDB011-20243/atividade 6 - WSL/airflow/airflow_env/lib/python3.10/site-packages/airflow/example_dags/example_params_ui_tutorial.py took 0.081 seconds
[2024-09-09T21:08:01.486-0300] {processor.py:186} INFO - Started process (PID=269674) to work on /mnt/c/Users/teu20/Documents/Poli/Repo/eEDB011-20243/atividade 6 - WSL/airflow/airflow_env/lib/python3.10/site-packages/airflow/example_dags/example_params_ui_tutorial.py
[2024-09-09T21:08:01.487-0300] {processor.py:914} INFO - Processing file /mnt/c/Users/teu20/Documents/Poli/Repo/eEDB011-20243/atividade 6 - WSL/airflow/airflow_env/lib/python3.10/site-packages/airflow/example_dags/example_params_ui_tutorial.py for tasks to queue
[2024-09-09T21:08:01.489-0300] {logging_mixin.py:190} INFO - [2024-09-09T21:08:01.488-0300] {dagbag.py:587} INFO - Filling up the DagBag from /mnt/c/Users/teu20/Documents/Poli/Repo/eEDB011-20243/atividade 6 - WSL/airflow/airflow_env/lib/python3.10/site-packages/airflow/example_dags/example_params_ui_tutorial.py
[2024-09-09T21:08:01.503-0300] {processor.py:925} INFO - DAG(s) 'example_params_ui_tutorial' retrieved from /mnt/c/Users/teu20/Documents/Poli/Repo/eEDB011-20243/atividade 6 - WSL/airflow/airflow_env/lib/python3.10/site-packages/airflow/example_dags/example_params_ui_tutorial.py
[2024-09-09T21:08:01.540-0300] {logging_mixin.py:190} INFO - [2024-09-09T21:08:01.539-0300] {dag.py:3229} INFO - Sync 1 DAGs
[2024-09-09T21:08:01.548-0300] {logging_mixin.py:190} INFO - [2024-09-09T21:08:01.547-0300] {dag.py:4156} INFO - Setting next_dagrun for example_params_ui_tutorial to None, run_after=None
[2024-09-09T21:08:01.565-0300] {processor.py:208} INFO - Processing /mnt/c/Users/teu20/Documents/Poli/Repo/eEDB011-20243/atividade 6 - WSL/airflow/airflow_env/lib/python3.10/site-packages/airflow/example_dags/example_params_ui_tutorial.py took 0.088 seconds
