[2024-09-09T21:00:24.070-0300] {processor.py:186} INFO - Started process (PID=261547) to work on /mnt/c/Users/teu20/Documents/Poli/Repo/eEDB011-20243/atividade 6 - WSL/airflow/airflow_env/lib/python3.10/site-packages/airflow/example_dags/example_latest_only_with_trigger.py
[2024-09-09T21:00:24.072-0300] {processor.py:914} INFO - Processing file /mnt/c/Users/teu20/Documents/Poli/Repo/eEDB011-20243/atividade 6 - WSL/airflow/airflow_env/lib/python3.10/site-packages/airflow/example_dags/example_latest_only_with_trigger.py for tasks to queue
[2024-09-09T21:00:24.073-0300] {logging_mixin.py:190} INFO - [2024-09-09T21:00:24.073-0300] {dagbag.py:587} INFO - Filling up the DagBag from /mnt/c/Users/teu20/Documents/Poli/Repo/eEDB011-20243/atividade 6 - WSL/airflow/airflow_env/lib/python3.10/site-packages/airflow/example_dags/example_latest_only_with_trigger.py
[2024-09-09T21:00:24.086-0300] {processor.py:925} INFO - DAG(s) 'latest_only_with_trigger' retrieved from /mnt/c/Users/teu20/Documents/Poli/Repo/eEDB011-20243/atividade 6 - WSL/airflow/airflow_env/lib/python3.10/site-packages/airflow/example_dags/example_latest_only_with_trigger.py
[2024-09-09T21:00:24.102-0300] {logging_mixin.py:190} INFO - [2024-09-09T21:00:24.102-0300] {dag.py:3229} INFO - Sync 1 DAGs
[2024-09-09T21:00:24.116-0300] {logging_mixin.py:190} INFO - [2024-09-09T21:00:24.116-0300] {dag.py:4156} INFO - Setting next_dagrun for latest_only_with_trigger to 2024-09-09 20:00:00+00:00, run_after=2024-09-10 00:00:00+00:00
[2024-09-09T21:00:24.131-0300] {processor.py:208} INFO - Processing /mnt/c/Users/teu20/Documents/Poli/Repo/eEDB011-20243/atividade 6 - WSL/airflow/airflow_env/lib/python3.10/site-packages/airflow/example_dags/example_latest_only_with_trigger.py took 0.068 seconds
[2024-09-09T21:00:54.732-0300] {processor.py:186} INFO - Started process (PID=262253) to work on /mnt/c/Users/teu20/Documents/Poli/Repo/eEDB011-20243/atividade 6 - WSL/airflow/airflow_env/lib/python3.10/site-packages/airflow/example_dags/example_latest_only_with_trigger.py
[2024-09-09T21:00:54.733-0300] {processor.py:914} INFO - Processing file /mnt/c/Users/teu20/Documents/Poli/Repo/eEDB011-20243/atividade 6 - WSL/airflow/airflow_env/lib/python3.10/site-packages/airflow/example_dags/example_latest_only_with_trigger.py for tasks to queue
[2024-09-09T21:00:54.735-0300] {logging_mixin.py:190} INFO - [2024-09-09T21:00:54.734-0300] {dagbag.py:587} INFO - Filling up the DagBag from /mnt/c/Users/teu20/Documents/Poli/Repo/eEDB011-20243/atividade 6 - WSL/airflow/airflow_env/lib/python3.10/site-packages/airflow/example_dags/example_latest_only_with_trigger.py
[2024-09-09T21:00:54.750-0300] {processor.py:925} INFO - DAG(s) 'latest_only_with_trigger' retrieved from /mnt/c/Users/teu20/Documents/Poli/Repo/eEDB011-20243/atividade 6 - WSL/airflow/airflow_env/lib/python3.10/site-packages/airflow/example_dags/example_latest_only_with_trigger.py
[2024-09-09T21:00:54.767-0300] {logging_mixin.py:190} INFO - [2024-09-09T21:00:54.766-0300] {dag.py:3229} INFO - Sync 1 DAGs
[2024-09-09T21:00:54.782-0300] {logging_mixin.py:190} INFO - [2024-09-09T21:00:54.781-0300] {dag.py:4156} INFO - Setting next_dagrun for latest_only_with_trigger to 2024-09-09 20:00:00+00:00, run_after=2024-09-10 00:00:00+00:00
[2024-09-09T21:00:54.796-0300] {processor.py:208} INFO - Processing /mnt/c/Users/teu20/Documents/Poli/Repo/eEDB011-20243/atividade 6 - WSL/airflow/airflow_env/lib/python3.10/site-packages/airflow/example_dags/example_latest_only_with_trigger.py took 0.072 seconds
[2024-09-09T21:01:25.963-0300] {processor.py:186} INFO - Started process (PID=262691) to work on /mnt/c/Users/teu20/Documents/Poli/Repo/eEDB011-20243/atividade 6 - WSL/airflow/airflow_env/lib/python3.10/site-packages/airflow/example_dags/example_latest_only_with_trigger.py
[2024-09-09T21:01:25.965-0300] {processor.py:914} INFO - Processing file /mnt/c/Users/teu20/Documents/Poli/Repo/eEDB011-20243/atividade 6 - WSL/airflow/airflow_env/lib/python3.10/site-packages/airflow/example_dags/example_latest_only_with_trigger.py for tasks to queue
[2024-09-09T21:01:25.966-0300] {logging_mixin.py:190} INFO - [2024-09-09T21:01:25.966-0300] {dagbag.py:587} INFO - Filling up the DagBag from /mnt/c/Users/teu20/Documents/Poli/Repo/eEDB011-20243/atividade 6 - WSL/airflow/airflow_env/lib/python3.10/site-packages/airflow/example_dags/example_latest_only_with_trigger.py
[2024-09-09T21:01:25.982-0300] {processor.py:925} INFO - DAG(s) 'latest_only_with_trigger' retrieved from /mnt/c/Users/teu20/Documents/Poli/Repo/eEDB011-20243/atividade 6 - WSL/airflow/airflow_env/lib/python3.10/site-packages/airflow/example_dags/example_latest_only_with_trigger.py
[2024-09-09T21:01:26.000-0300] {logging_mixin.py:190} INFO - [2024-09-09T21:01:26.000-0300] {dag.py:3229} INFO - Sync 1 DAGs
[2024-09-09T21:01:26.018-0300] {logging_mixin.py:190} INFO - [2024-09-09T21:01:26.018-0300] {dag.py:4156} INFO - Setting next_dagrun for latest_only_with_trigger to 2024-09-09 20:00:00+00:00, run_after=2024-09-10 00:00:00+00:00
[2024-09-09T21:01:26.034-0300] {processor.py:208} INFO - Processing /mnt/c/Users/teu20/Documents/Poli/Repo/eEDB011-20243/atividade 6 - WSL/airflow/airflow_env/lib/python3.10/site-packages/airflow/example_dags/example_latest_only_with_trigger.py took 0.079 seconds
[2024-09-09T21:01:56.739-0300] {processor.py:186} INFO - Started process (PID=263119) to work on /mnt/c/Users/teu20/Documents/Poli/Repo/eEDB011-20243/atividade 6 - WSL/airflow/airflow_env/lib/python3.10/site-packages/airflow/example_dags/example_latest_only_with_trigger.py
[2024-09-09T21:01:56.740-0300] {processor.py:914} INFO - Processing file /mnt/c/Users/teu20/Documents/Poli/Repo/eEDB011-20243/atividade 6 - WSL/airflow/airflow_env/lib/python3.10/site-packages/airflow/example_dags/example_latest_only_with_trigger.py for tasks to queue
[2024-09-09T21:01:56.742-0300] {logging_mixin.py:190} INFO - [2024-09-09T21:01:56.741-0300] {dagbag.py:587} INFO - Filling up the DagBag from /mnt/c/Users/teu20/Documents/Poli/Repo/eEDB011-20243/atividade 6 - WSL/airflow/airflow_env/lib/python3.10/site-packages/airflow/example_dags/example_latest_only_with_trigger.py
[2024-09-09T21:01:56.758-0300] {processor.py:925} INFO - DAG(s) 'latest_only_with_trigger' retrieved from /mnt/c/Users/teu20/Documents/Poli/Repo/eEDB011-20243/atividade 6 - WSL/airflow/airflow_env/lib/python3.10/site-packages/airflow/example_dags/example_latest_only_with_trigger.py
[2024-09-09T21:01:56.776-0300] {logging_mixin.py:190} INFO - [2024-09-09T21:01:56.776-0300] {dag.py:3229} INFO - Sync 1 DAGs
[2024-09-09T21:01:56.795-0300] {logging_mixin.py:190} INFO - [2024-09-09T21:01:56.795-0300] {dag.py:4156} INFO - Setting next_dagrun for latest_only_with_trigger to 2024-09-09 20:00:00+00:00, run_after=2024-09-10 00:00:00+00:00
[2024-09-09T21:01:56.815-0300] {processor.py:208} INFO - Processing /mnt/c/Users/teu20/Documents/Poli/Repo/eEDB011-20243/atividade 6 - WSL/airflow/airflow_env/lib/python3.10/site-packages/airflow/example_dags/example_latest_only_with_trigger.py took 0.087 seconds
[2024-09-09T21:02:27.374-0300] {processor.py:186} INFO - Started process (PID=263550) to work on /mnt/c/Users/teu20/Documents/Poli/Repo/eEDB011-20243/atividade 6 - WSL/airflow/airflow_env/lib/python3.10/site-packages/airflow/example_dags/example_latest_only_with_trigger.py
[2024-09-09T21:02:27.375-0300] {processor.py:914} INFO - Processing file /mnt/c/Users/teu20/Documents/Poli/Repo/eEDB011-20243/atividade 6 - WSL/airflow/airflow_env/lib/python3.10/site-packages/airflow/example_dags/example_latest_only_with_trigger.py for tasks to queue
[2024-09-09T21:02:27.377-0300] {logging_mixin.py:190} INFO - [2024-09-09T21:02:27.376-0300] {dagbag.py:587} INFO - Filling up the DagBag from /mnt/c/Users/teu20/Documents/Poli/Repo/eEDB011-20243/atividade 6 - WSL/airflow/airflow_env/lib/python3.10/site-packages/airflow/example_dags/example_latest_only_with_trigger.py
[2024-09-09T21:02:27.391-0300] {processor.py:925} INFO - DAG(s) 'latest_only_with_trigger' retrieved from /mnt/c/Users/teu20/Documents/Poli/Repo/eEDB011-20243/atividade 6 - WSL/airflow/airflow_env/lib/python3.10/site-packages/airflow/example_dags/example_latest_only_with_trigger.py
[2024-09-09T21:02:27.411-0300] {logging_mixin.py:190} INFO - [2024-09-09T21:02:27.410-0300] {dag.py:3229} INFO - Sync 1 DAGs
[2024-09-09T21:02:27.429-0300] {logging_mixin.py:190} INFO - [2024-09-09T21:02:27.428-0300] {dag.py:4156} INFO - Setting next_dagrun for latest_only_with_trigger to 2024-09-09 20:00:00+00:00, run_after=2024-09-10 00:00:00+00:00
[2024-09-09T21:02:27.447-0300] {processor.py:208} INFO - Processing /mnt/c/Users/teu20/Documents/Poli/Repo/eEDB011-20243/atividade 6 - WSL/airflow/airflow_env/lib/python3.10/site-packages/airflow/example_dags/example_latest_only_with_trigger.py took 0.081 seconds
[2024-09-09T21:02:57.949-0300] {processor.py:186} INFO - Started process (PID=263983) to work on /mnt/c/Users/teu20/Documents/Poli/Repo/eEDB011-20243/atividade 6 - WSL/airflow/airflow_env/lib/python3.10/site-packages/airflow/example_dags/example_latest_only_with_trigger.py
[2024-09-09T21:02:57.951-0300] {processor.py:914} INFO - Processing file /mnt/c/Users/teu20/Documents/Poli/Repo/eEDB011-20243/atividade 6 - WSL/airflow/airflow_env/lib/python3.10/site-packages/airflow/example_dags/example_latest_only_with_trigger.py for tasks to queue
[2024-09-09T21:02:57.953-0300] {logging_mixin.py:190} INFO - [2024-09-09T21:02:57.952-0300] {dagbag.py:587} INFO - Filling up the DagBag from /mnt/c/Users/teu20/Documents/Poli/Repo/eEDB011-20243/atividade 6 - WSL/airflow/airflow_env/lib/python3.10/site-packages/airflow/example_dags/example_latest_only_with_trigger.py
[2024-09-09T21:02:57.967-0300] {processor.py:925} INFO - DAG(s) 'latest_only_with_trigger' retrieved from /mnt/c/Users/teu20/Documents/Poli/Repo/eEDB011-20243/atividade 6 - WSL/airflow/airflow_env/lib/python3.10/site-packages/airflow/example_dags/example_latest_only_with_trigger.py
[2024-09-09T21:02:57.985-0300] {logging_mixin.py:190} INFO - [2024-09-09T21:02:57.985-0300] {dag.py:3229} INFO - Sync 1 DAGs
[2024-09-09T21:02:58.000-0300] {logging_mixin.py:190} INFO - [2024-09-09T21:02:58.000-0300] {dag.py:4156} INFO - Setting next_dagrun for latest_only_with_trigger to 2024-09-09 20:00:00+00:00, run_after=2024-09-10 00:00:00+00:00
[2024-09-09T21:02:58.014-0300] {processor.py:208} INFO - Processing /mnt/c/Users/teu20/Documents/Poli/Repo/eEDB011-20243/atividade 6 - WSL/airflow/airflow_env/lib/python3.10/site-packages/airflow/example_dags/example_latest_only_with_trigger.py took 0.073 seconds
[2024-09-09T21:03:28.484-0300] {processor.py:186} INFO - Started process (PID=264415) to work on /mnt/c/Users/teu20/Documents/Poli/Repo/eEDB011-20243/atividade 6 - WSL/airflow/airflow_env/lib/python3.10/site-packages/airflow/example_dags/example_latest_only_with_trigger.py
[2024-09-09T21:03:28.485-0300] {processor.py:914} INFO - Processing file /mnt/c/Users/teu20/Documents/Poli/Repo/eEDB011-20243/atividade 6 - WSL/airflow/airflow_env/lib/python3.10/site-packages/airflow/example_dags/example_latest_only_with_trigger.py for tasks to queue
[2024-09-09T21:03:28.487-0300] {logging_mixin.py:190} INFO - [2024-09-09T21:03:28.486-0300] {dagbag.py:587} INFO - Filling up the DagBag from /mnt/c/Users/teu20/Documents/Poli/Repo/eEDB011-20243/atividade 6 - WSL/airflow/airflow_env/lib/python3.10/site-packages/airflow/example_dags/example_latest_only_with_trigger.py
[2024-09-09T21:03:28.502-0300] {processor.py:925} INFO - DAG(s) 'latest_only_with_trigger' retrieved from /mnt/c/Users/teu20/Documents/Poli/Repo/eEDB011-20243/atividade 6 - WSL/airflow/airflow_env/lib/python3.10/site-packages/airflow/example_dags/example_latest_only_with_trigger.py
[2024-09-09T21:03:28.521-0300] {logging_mixin.py:190} INFO - [2024-09-09T21:03:28.520-0300] {dag.py:3229} INFO - Sync 1 DAGs
[2024-09-09T21:03:28.536-0300] {logging_mixin.py:190} INFO - [2024-09-09T21:03:28.535-0300] {dag.py:4156} INFO - Setting next_dagrun for latest_only_with_trigger to 2024-09-09 20:00:00+00:00, run_after=2024-09-10 00:00:00+00:00
[2024-09-09T21:03:28.550-0300] {processor.py:208} INFO - Processing /mnt/c/Users/teu20/Documents/Poli/Repo/eEDB011-20243/atividade 6 - WSL/airflow/airflow_env/lib/python3.10/site-packages/airflow/example_dags/example_latest_only_with_trigger.py took 0.075 seconds
[2024-09-09T21:03:59.089-0300] {processor.py:186} INFO - Started process (PID=264854) to work on /mnt/c/Users/teu20/Documents/Poli/Repo/eEDB011-20243/atividade 6 - WSL/airflow/airflow_env/lib/python3.10/site-packages/airflow/example_dags/example_latest_only_with_trigger.py
[2024-09-09T21:03:59.090-0300] {processor.py:914} INFO - Processing file /mnt/c/Users/teu20/Documents/Poli/Repo/eEDB011-20243/atividade 6 - WSL/airflow/airflow_env/lib/python3.10/site-packages/airflow/example_dags/example_latest_only_with_trigger.py for tasks to queue
[2024-09-09T21:03:59.091-0300] {logging_mixin.py:190} INFO - [2024-09-09T21:03:59.091-0300] {dagbag.py:587} INFO - Filling up the DagBag from /mnt/c/Users/teu20/Documents/Poli/Repo/eEDB011-20243/atividade 6 - WSL/airflow/airflow_env/lib/python3.10/site-packages/airflow/example_dags/example_latest_only_with_trigger.py
[2024-09-09T21:03:59.106-0300] {processor.py:925} INFO - DAG(s) 'latest_only_with_trigger' retrieved from /mnt/c/Users/teu20/Documents/Poli/Repo/eEDB011-20243/atividade 6 - WSL/airflow/airflow_env/lib/python3.10/site-packages/airflow/example_dags/example_latest_only_with_trigger.py
[2024-09-09T21:03:59.125-0300] {logging_mixin.py:190} INFO - [2024-09-09T21:03:59.124-0300] {dag.py:3229} INFO - Sync 1 DAGs
[2024-09-09T21:03:59.141-0300] {logging_mixin.py:190} INFO - [2024-09-09T21:03:59.141-0300] {dag.py:4156} INFO - Setting next_dagrun for latest_only_with_trigger to 2024-09-09 20:00:00+00:00, run_after=2024-09-10 00:00:00+00:00
[2024-09-09T21:03:59.156-0300] {processor.py:208} INFO - Processing /mnt/c/Users/teu20/Documents/Poli/Repo/eEDB011-20243/atividade 6 - WSL/airflow/airflow_env/lib/python3.10/site-packages/airflow/example_dags/example_latest_only_with_trigger.py took 0.075 seconds
[2024-09-09T21:04:29.577-0300] {processor.py:186} INFO - Started process (PID=265289) to work on /mnt/c/Users/teu20/Documents/Poli/Repo/eEDB011-20243/atividade 6 - WSL/airflow/airflow_env/lib/python3.10/site-packages/airflow/example_dags/example_latest_only_with_trigger.py
[2024-09-09T21:04:29.578-0300] {processor.py:914} INFO - Processing file /mnt/c/Users/teu20/Documents/Poli/Repo/eEDB011-20243/atividade 6 - WSL/airflow/airflow_env/lib/python3.10/site-packages/airflow/example_dags/example_latest_only_with_trigger.py for tasks to queue
[2024-09-09T21:04:29.580-0300] {logging_mixin.py:190} INFO - [2024-09-09T21:04:29.579-0300] {dagbag.py:587} INFO - Filling up the DagBag from /mnt/c/Users/teu20/Documents/Poli/Repo/eEDB011-20243/atividade 6 - WSL/airflow/airflow_env/lib/python3.10/site-packages/airflow/example_dags/example_latest_only_with_trigger.py
[2024-09-09T21:04:29.595-0300] {processor.py:925} INFO - DAG(s) 'latest_only_with_trigger' retrieved from /mnt/c/Users/teu20/Documents/Poli/Repo/eEDB011-20243/atividade 6 - WSL/airflow/airflow_env/lib/python3.10/site-packages/airflow/example_dags/example_latest_only_with_trigger.py
[2024-09-09T21:04:29.612-0300] {logging_mixin.py:190} INFO - [2024-09-09T21:04:29.612-0300] {dag.py:3229} INFO - Sync 1 DAGs
[2024-09-09T21:04:29.627-0300] {logging_mixin.py:190} INFO - [2024-09-09T21:04:29.627-0300] {dag.py:4156} INFO - Setting next_dagrun for latest_only_with_trigger to 2024-09-09 20:00:00+00:00, run_after=2024-09-10 00:00:00+00:00
[2024-09-09T21:04:29.641-0300] {processor.py:208} INFO - Processing /mnt/c/Users/teu20/Documents/Poli/Repo/eEDB011-20243/atividade 6 - WSL/airflow/airflow_env/lib/python3.10/site-packages/airflow/example_dags/example_latest_only_with_trigger.py took 0.072 seconds
[2024-09-09T21:05:00.003-0300] {processor.py:186} INFO - Started process (PID=266507) to work on /mnt/c/Users/teu20/Documents/Poli/Repo/eEDB011-20243/atividade 6 - WSL/airflow/airflow_env/lib/python3.10/site-packages/airflow/example_dags/example_latest_only_with_trigger.py
[2024-09-09T21:05:00.004-0300] {processor.py:914} INFO - Processing file /mnt/c/Users/teu20/Documents/Poli/Repo/eEDB011-20243/atividade 6 - WSL/airflow/airflow_env/lib/python3.10/site-packages/airflow/example_dags/example_latest_only_with_trigger.py for tasks to queue
[2024-09-09T21:05:00.006-0300] {logging_mixin.py:190} INFO - [2024-09-09T21:05:00.005-0300] {dagbag.py:587} INFO - Filling up the DagBag from /mnt/c/Users/teu20/Documents/Poli/Repo/eEDB011-20243/atividade 6 - WSL/airflow/airflow_env/lib/python3.10/site-packages/airflow/example_dags/example_latest_only_with_trigger.py
[2024-09-09T21:05:00.021-0300] {processor.py:925} INFO - DAG(s) 'latest_only_with_trigger' retrieved from /mnt/c/Users/teu20/Documents/Poli/Repo/eEDB011-20243/atividade 6 - WSL/airflow/airflow_env/lib/python3.10/site-packages/airflow/example_dags/example_latest_only_with_trigger.py
[2024-09-09T21:05:00.039-0300] {logging_mixin.py:190} INFO - [2024-09-09T21:05:00.039-0300] {dag.py:3229} INFO - Sync 1 DAGs
[2024-09-09T21:05:00.055-0300] {logging_mixin.py:190} INFO - [2024-09-09T21:05:00.054-0300] {dag.py:4156} INFO - Setting next_dagrun for latest_only_with_trigger to 2024-09-09 20:00:00+00:00, run_after=2024-09-10 00:00:00+00:00
[2024-09-09T21:05:00.071-0300] {processor.py:208} INFO - Processing /mnt/c/Users/teu20/Documents/Poli/Repo/eEDB011-20243/atividade 6 - WSL/airflow/airflow_env/lib/python3.10/site-packages/airflow/example_dags/example_latest_only_with_trigger.py took 0.075 seconds
[2024-09-09T21:05:30.464-0300] {processor.py:186} INFO - Started process (PID=267033) to work on /mnt/c/Users/teu20/Documents/Poli/Repo/eEDB011-20243/atividade 6 - WSL/airflow/airflow_env/lib/python3.10/site-packages/airflow/example_dags/example_latest_only_with_trigger.py
[2024-09-09T21:05:30.465-0300] {processor.py:914} INFO - Processing file /mnt/c/Users/teu20/Documents/Poli/Repo/eEDB011-20243/atividade 6 - WSL/airflow/airflow_env/lib/python3.10/site-packages/airflow/example_dags/example_latest_only_with_trigger.py for tasks to queue
[2024-09-09T21:05:30.466-0300] {logging_mixin.py:190} INFO - [2024-09-09T21:05:30.466-0300] {dagbag.py:587} INFO - Filling up the DagBag from /mnt/c/Users/teu20/Documents/Poli/Repo/eEDB011-20243/atividade 6 - WSL/airflow/airflow_env/lib/python3.10/site-packages/airflow/example_dags/example_latest_only_with_trigger.py
[2024-09-09T21:05:30.481-0300] {processor.py:925} INFO - DAG(s) 'latest_only_with_trigger' retrieved from /mnt/c/Users/teu20/Documents/Poli/Repo/eEDB011-20243/atividade 6 - WSL/airflow/airflow_env/lib/python3.10/site-packages/airflow/example_dags/example_latest_only_with_trigger.py
[2024-09-09T21:05:30.498-0300] {logging_mixin.py:190} INFO - [2024-09-09T21:05:30.497-0300] {dag.py:3229} INFO - Sync 1 DAGs
[2024-09-09T21:05:30.514-0300] {logging_mixin.py:190} INFO - [2024-09-09T21:05:30.513-0300] {dag.py:4156} INFO - Setting next_dagrun for latest_only_with_trigger to 2024-09-09 20:00:00+00:00, run_after=2024-09-10 00:00:00+00:00
[2024-09-09T21:05:30.528-0300] {processor.py:208} INFO - Processing /mnt/c/Users/teu20/Documents/Poli/Repo/eEDB011-20243/atividade 6 - WSL/airflow/airflow_env/lib/python3.10/site-packages/airflow/example_dags/example_latest_only_with_trigger.py took 0.072 seconds
[2024-09-09T21:06:00.909-0300] {processor.py:186} INFO - Started process (PID=267463) to work on /mnt/c/Users/teu20/Documents/Poli/Repo/eEDB011-20243/atividade 6 - WSL/airflow/airflow_env/lib/python3.10/site-packages/airflow/example_dags/example_latest_only_with_trigger.py
[2024-09-09T21:06:00.910-0300] {processor.py:914} INFO - Processing file /mnt/c/Users/teu20/Documents/Poli/Repo/eEDB011-20243/atividade 6 - WSL/airflow/airflow_env/lib/python3.10/site-packages/airflow/example_dags/example_latest_only_with_trigger.py for tasks to queue
[2024-09-09T21:06:00.911-0300] {logging_mixin.py:190} INFO - [2024-09-09T21:06:00.911-0300] {dagbag.py:587} INFO - Filling up the DagBag from /mnt/c/Users/teu20/Documents/Poli/Repo/eEDB011-20243/atividade 6 - WSL/airflow/airflow_env/lib/python3.10/site-packages/airflow/example_dags/example_latest_only_with_trigger.py
[2024-09-09T21:06:00.926-0300] {processor.py:925} INFO - DAG(s) 'latest_only_with_trigger' retrieved from /mnt/c/Users/teu20/Documents/Poli/Repo/eEDB011-20243/atividade 6 - WSL/airflow/airflow_env/lib/python3.10/site-packages/airflow/example_dags/example_latest_only_with_trigger.py
[2024-09-09T21:06:00.945-0300] {logging_mixin.py:190} INFO - [2024-09-09T21:06:00.945-0300] {dag.py:3229} INFO - Sync 1 DAGs
[2024-09-09T21:06:00.962-0300] {logging_mixin.py:190} INFO - [2024-09-09T21:06:00.961-0300] {dag.py:4156} INFO - Setting next_dagrun for latest_only_with_trigger to 2024-09-09 20:00:00+00:00, run_after=2024-09-10 00:00:00+00:00
[2024-09-09T21:06:00.977-0300] {processor.py:208} INFO - Processing /mnt/c/Users/teu20/Documents/Poli/Repo/eEDB011-20243/atividade 6 - WSL/airflow/airflow_env/lib/python3.10/site-packages/airflow/example_dags/example_latest_only_with_trigger.py took 0.076 seconds
[2024-09-09T21:06:31.403-0300] {processor.py:186} INFO - Started process (PID=267914) to work on /mnt/c/Users/teu20/Documents/Poli/Repo/eEDB011-20243/atividade 6 - WSL/airflow/airflow_env/lib/python3.10/site-packages/airflow/example_dags/example_latest_only_with_trigger.py
[2024-09-09T21:06:31.404-0300] {processor.py:914} INFO - Processing file /mnt/c/Users/teu20/Documents/Poli/Repo/eEDB011-20243/atividade 6 - WSL/airflow/airflow_env/lib/python3.10/site-packages/airflow/example_dags/example_latest_only_with_trigger.py for tasks to queue
[2024-09-09T21:06:31.406-0300] {logging_mixin.py:190} INFO - [2024-09-09T21:06:31.405-0300] {dagbag.py:587} INFO - Filling up the DagBag from /mnt/c/Users/teu20/Documents/Poli/Repo/eEDB011-20243/atividade 6 - WSL/airflow/airflow_env/lib/python3.10/site-packages/airflow/example_dags/example_latest_only_with_trigger.py
[2024-09-09T21:06:31.418-0300] {processor.py:925} INFO - DAG(s) 'latest_only_with_trigger' retrieved from /mnt/c/Users/teu20/Documents/Poli/Repo/eEDB011-20243/atividade 6 - WSL/airflow/airflow_env/lib/python3.10/site-packages/airflow/example_dags/example_latest_only_with_trigger.py
[2024-09-09T21:06:31.437-0300] {logging_mixin.py:190} INFO - [2024-09-09T21:06:31.436-0300] {dag.py:3229} INFO - Sync 1 DAGs
[2024-09-09T21:06:31.452-0300] {logging_mixin.py:190} INFO - [2024-09-09T21:06:31.452-0300] {dag.py:4156} INFO - Setting next_dagrun for latest_only_with_trigger to 2024-09-09 20:00:00+00:00, run_after=2024-09-10 00:00:00+00:00
[2024-09-09T21:06:31.467-0300] {processor.py:208} INFO - Processing /mnt/c/Users/teu20/Documents/Poli/Repo/eEDB011-20243/atividade 6 - WSL/airflow/airflow_env/lib/python3.10/site-packages/airflow/example_dags/example_latest_only_with_trigger.py took 0.072 seconds
[2024-09-09T21:07:01.872-0300] {processor.py:186} INFO - Started process (PID=268537) to work on /mnt/c/Users/teu20/Documents/Poli/Repo/eEDB011-20243/atividade 6 - WSL/airflow/airflow_env/lib/python3.10/site-packages/airflow/example_dags/example_latest_only_with_trigger.py
[2024-09-09T21:07:01.873-0300] {processor.py:914} INFO - Processing file /mnt/c/Users/teu20/Documents/Poli/Repo/eEDB011-20243/atividade 6 - WSL/airflow/airflow_env/lib/python3.10/site-packages/airflow/example_dags/example_latest_only_with_trigger.py for tasks to queue
[2024-09-09T21:07:01.875-0300] {logging_mixin.py:190} INFO - [2024-09-09T21:07:01.874-0300] {dagbag.py:587} INFO - Filling up the DagBag from /mnt/c/Users/teu20/Documents/Poli/Repo/eEDB011-20243/atividade 6 - WSL/airflow/airflow_env/lib/python3.10/site-packages/airflow/example_dags/example_latest_only_with_trigger.py
[2024-09-09T21:07:01.889-0300] {processor.py:925} INFO - DAG(s) 'latest_only_with_trigger' retrieved from /mnt/c/Users/teu20/Documents/Poli/Repo/eEDB011-20243/atividade 6 - WSL/airflow/airflow_env/lib/python3.10/site-packages/airflow/example_dags/example_latest_only_with_trigger.py
[2024-09-09T21:07:01.907-0300] {logging_mixin.py:190} INFO - [2024-09-09T21:07:01.907-0300] {dag.py:3229} INFO - Sync 1 DAGs
[2024-09-09T21:07:01.923-0300] {logging_mixin.py:190} INFO - [2024-09-09T21:07:01.922-0300] {dag.py:4156} INFO - Setting next_dagrun for latest_only_with_trigger to 2024-09-09 20:00:00+00:00, run_after=2024-09-10 00:00:00+00:00
[2024-09-09T21:07:01.937-0300] {processor.py:208} INFO - Processing /mnt/c/Users/teu20/Documents/Poli/Repo/eEDB011-20243/atividade 6 - WSL/airflow/airflow_env/lib/python3.10/site-packages/airflow/example_dags/example_latest_only_with_trigger.py took 0.073 seconds
[2024-09-09T21:07:32.255-0300] {processor.py:186} INFO - Started process (PID=269207) to work on /mnt/c/Users/teu20/Documents/Poli/Repo/eEDB011-20243/atividade 6 - WSL/airflow/airflow_env/lib/python3.10/site-packages/airflow/example_dags/example_latest_only_with_trigger.py
[2024-09-09T21:07:32.256-0300] {processor.py:914} INFO - Processing file /mnt/c/Users/teu20/Documents/Poli/Repo/eEDB011-20243/atividade 6 - WSL/airflow/airflow_env/lib/python3.10/site-packages/airflow/example_dags/example_latest_only_with_trigger.py for tasks to queue
[2024-09-09T21:07:32.258-0300] {logging_mixin.py:190} INFO - [2024-09-09T21:07:32.257-0300] {dagbag.py:587} INFO - Filling up the DagBag from /mnt/c/Users/teu20/Documents/Poli/Repo/eEDB011-20243/atividade 6 - WSL/airflow/airflow_env/lib/python3.10/site-packages/airflow/example_dags/example_latest_only_with_trigger.py
[2024-09-09T21:07:32.274-0300] {processor.py:925} INFO - DAG(s) 'latest_only_with_trigger' retrieved from /mnt/c/Users/teu20/Documents/Poli/Repo/eEDB011-20243/atividade 6 - WSL/airflow/airflow_env/lib/python3.10/site-packages/airflow/example_dags/example_latest_only_with_trigger.py
[2024-09-09T21:07:32.295-0300] {logging_mixin.py:190} INFO - [2024-09-09T21:07:32.294-0300] {dag.py:3229} INFO - Sync 1 DAGs
[2024-09-09T21:07:32.314-0300] {logging_mixin.py:190} INFO - [2024-09-09T21:07:32.313-0300] {dag.py:4156} INFO - Setting next_dagrun for latest_only_with_trigger to 2024-09-09 20:00:00+00:00, run_after=2024-09-10 00:00:00+00:00
[2024-09-09T21:07:32.332-0300] {processor.py:208} INFO - Processing /mnt/c/Users/teu20/Documents/Poli/Repo/eEDB011-20243/atividade 6 - WSL/airflow/airflow_env/lib/python3.10/site-packages/airflow/example_dags/example_latest_only_with_trigger.py took 0.085 seconds
[2024-09-09T21:08:02.781-0300] {processor.py:186} INFO - Started process (PID=269704) to work on /mnt/c/Users/teu20/Documents/Poli/Repo/eEDB011-20243/atividade 6 - WSL/airflow/airflow_env/lib/python3.10/site-packages/airflow/example_dags/example_latest_only_with_trigger.py
[2024-09-09T21:08:02.782-0300] {processor.py:914} INFO - Processing file /mnt/c/Users/teu20/Documents/Poli/Repo/eEDB011-20243/atividade 6 - WSL/airflow/airflow_env/lib/python3.10/site-packages/airflow/example_dags/example_latest_only_with_trigger.py for tasks to queue
[2024-09-09T21:08:02.784-0300] {logging_mixin.py:190} INFO - [2024-09-09T21:08:02.783-0300] {dagbag.py:587} INFO - Filling up the DagBag from /mnt/c/Users/teu20/Documents/Poli/Repo/eEDB011-20243/atividade 6 - WSL/airflow/airflow_env/lib/python3.10/site-packages/airflow/example_dags/example_latest_only_with_trigger.py
[2024-09-09T21:08:02.798-0300] {processor.py:925} INFO - DAG(s) 'latest_only_with_trigger' retrieved from /mnt/c/Users/teu20/Documents/Poli/Repo/eEDB011-20243/atividade 6 - WSL/airflow/airflow_env/lib/python3.10/site-packages/airflow/example_dags/example_latest_only_with_trigger.py
[2024-09-09T21:08:02.817-0300] {logging_mixin.py:190} INFO - [2024-09-09T21:08:02.816-0300] {dag.py:3229} INFO - Sync 1 DAGs
[2024-09-09T21:08:02.832-0300] {logging_mixin.py:190} INFO - [2024-09-09T21:08:02.832-0300] {dag.py:4156} INFO - Setting next_dagrun for latest_only_with_trigger to 2024-09-09 20:00:00+00:00, run_after=2024-09-10 00:00:00+00:00
[2024-09-09T21:08:02.849-0300] {processor.py:208} INFO - Processing /mnt/c/Users/teu20/Documents/Poli/Repo/eEDB011-20243/atividade 6 - WSL/airflow/airflow_env/lib/python3.10/site-packages/airflow/example_dags/example_latest_only_with_trigger.py took 0.076 seconds
