[2024-09-09T21:00:22.075-0300] {processor.py:186} INFO - Started process (PID=261419) to work on /mnt/c/Users/teu20/Documents/Poli/Repo/eEDB011-20243/atividade 6 - WSL/airflow/airflow_env/lib/python3.10/site-packages/airflow/example_dags/example_workday_timetable.py
[2024-09-09T21:00:22.077-0300] {processor.py:914} INFO - Processing file /mnt/c/Users/teu20/Documents/Poli/Repo/eEDB011-20243/atividade 6 - WSL/airflow/airflow_env/lib/python3.10/site-packages/airflow/example_dags/example_workday_timetable.py for tasks to queue
[2024-09-09T21:00:22.078-0300] {logging_mixin.py:190} INFO - [2024-09-09T21:00:22.078-0300] {dagbag.py:587} INFO - Filling up the DagBag from /mnt/c/Users/teu20/Documents/Poli/Repo/eEDB011-20243/atividade 6 - WSL/airflow/airflow_env/lib/python3.10/site-packages/airflow/example_dags/example_workday_timetable.py
[2024-09-09T21:00:22.090-0300] {processor.py:925} INFO - DAG(s) 'example_workday_timetable' retrieved from /mnt/c/Users/teu20/Documents/Poli/Repo/eEDB011-20243/atividade 6 - WSL/airflow/airflow_env/lib/python3.10/site-packages/airflow/example_dags/example_workday_timetable.py
[2024-09-09T21:00:22.107-0300] {logging_mixin.py:190} INFO - [2024-09-09T21:00:22.106-0300] {dag.py:3229} INFO - Sync 1 DAGs
[2024-09-09T21:00:22.123-0300] {logging_mixin.py:190} INFO - [2024-09-09T21:00:22.122-0300] {dag.py:4156} INFO - Setting next_dagrun for example_workday_timetable to 2021-01-01 00:00:00+00:00, run_after=2021-01-02 00:00:00+00:00
[2024-09-09T21:00:22.138-0300] {processor.py:208} INFO - Processing /mnt/c/Users/teu20/Documents/Poli/Repo/eEDB011-20243/atividade 6 - WSL/airflow/airflow_env/lib/python3.10/site-packages/airflow/example_dags/example_workday_timetable.py took 0.070 seconds
[2024-09-09T21:00:52.524-0300] {processor.py:186} INFO - Started process (PID=262071) to work on /mnt/c/Users/teu20/Documents/Poli/Repo/eEDB011-20243/atividade 6 - WSL/airflow/airflow_env/lib/python3.10/site-packages/airflow/example_dags/example_workday_timetable.py
[2024-09-09T21:00:52.526-0300] {processor.py:914} INFO - Processing file /mnt/c/Users/teu20/Documents/Poli/Repo/eEDB011-20243/atividade 6 - WSL/airflow/airflow_env/lib/python3.10/site-packages/airflow/example_dags/example_workday_timetable.py for tasks to queue
[2024-09-09T21:00:52.527-0300] {logging_mixin.py:190} INFO - [2024-09-09T21:00:52.527-0300] {dagbag.py:587} INFO - Filling up the DagBag from /mnt/c/Users/teu20/Documents/Poli/Repo/eEDB011-20243/atividade 6 - WSL/airflow/airflow_env/lib/python3.10/site-packages/airflow/example_dags/example_workday_timetable.py
[2024-09-09T21:00:52.540-0300] {processor.py:925} INFO - DAG(s) 'example_workday_timetable' retrieved from /mnt/c/Users/teu20/Documents/Poli/Repo/eEDB011-20243/atividade 6 - WSL/airflow/airflow_env/lib/python3.10/site-packages/airflow/example_dags/example_workday_timetable.py
[2024-09-09T21:00:52.557-0300] {logging_mixin.py:190} INFO - [2024-09-09T21:00:52.556-0300] {dag.py:3229} INFO - Sync 1 DAGs
[2024-09-09T21:00:52.573-0300] {logging_mixin.py:190} INFO - [2024-09-09T21:00:52.572-0300] {dag.py:4156} INFO - Setting next_dagrun for example_workday_timetable to 2021-01-01 00:00:00+00:00, run_after=2021-01-02 00:00:00+00:00
[2024-09-09T21:00:52.586-0300] {processor.py:208} INFO - Processing /mnt/c/Users/teu20/Documents/Poli/Repo/eEDB011-20243/atividade 6 - WSL/airflow/airflow_env/lib/python3.10/site-packages/airflow/example_dags/example_workday_timetable.py took 0.069 seconds
[2024-09-09T21:01:23.001-0300] {processor.py:186} INFO - Started process (PID=262559) to work on /mnt/c/Users/teu20/Documents/Poli/Repo/eEDB011-20243/atividade 6 - WSL/airflow/airflow_env/lib/python3.10/site-packages/airflow/example_dags/example_workday_timetable.py
[2024-09-09T21:01:23.002-0300] {processor.py:914} INFO - Processing file /mnt/c/Users/teu20/Documents/Poli/Repo/eEDB011-20243/atividade 6 - WSL/airflow/airflow_env/lib/python3.10/site-packages/airflow/example_dags/example_workday_timetable.py for tasks to queue
[2024-09-09T21:01:23.003-0300] {logging_mixin.py:190} INFO - [2024-09-09T21:01:23.003-0300] {dagbag.py:587} INFO - Filling up the DagBag from /mnt/c/Users/teu20/Documents/Poli/Repo/eEDB011-20243/atividade 6 - WSL/airflow/airflow_env/lib/python3.10/site-packages/airflow/example_dags/example_workday_timetable.py
[2024-09-09T21:01:23.014-0300] {processor.py:925} INFO - DAG(s) 'example_workday_timetable' retrieved from /mnt/c/Users/teu20/Documents/Poli/Repo/eEDB011-20243/atividade 6 - WSL/airflow/airflow_env/lib/python3.10/site-packages/airflow/example_dags/example_workday_timetable.py
[2024-09-09T21:01:23.031-0300] {logging_mixin.py:190} INFO - [2024-09-09T21:01:23.031-0300] {dag.py:3229} INFO - Sync 1 DAGs
[2024-09-09T21:01:23.048-0300] {logging_mixin.py:190} INFO - [2024-09-09T21:01:23.047-0300] {dag.py:4156} INFO - Setting next_dagrun for example_workday_timetable to 2021-01-01 00:00:00+00:00, run_after=2021-01-02 00:00:00+00:00
[2024-09-09T21:01:23.064-0300] {processor.py:208} INFO - Processing /mnt/c/Users/teu20/Documents/Poli/Repo/eEDB011-20243/atividade 6 - WSL/airflow/airflow_env/lib/python3.10/site-packages/airflow/example_dags/example_workday_timetable.py took 0.072 seconds
[2024-09-09T21:01:54.021-0300] {processor.py:186} INFO - Started process (PID=262995) to work on /mnt/c/Users/teu20/Documents/Poli/Repo/eEDB011-20243/atividade 6 - WSL/airflow/airflow_env/lib/python3.10/site-packages/airflow/example_dags/example_workday_timetable.py
[2024-09-09T21:01:54.022-0300] {processor.py:914} INFO - Processing file /mnt/c/Users/teu20/Documents/Poli/Repo/eEDB011-20243/atividade 6 - WSL/airflow/airflow_env/lib/python3.10/site-packages/airflow/example_dags/example_workday_timetable.py for tasks to queue
[2024-09-09T21:01:54.024-0300] {logging_mixin.py:190} INFO - [2024-09-09T21:01:54.024-0300] {dagbag.py:587} INFO - Filling up the DagBag from /mnt/c/Users/teu20/Documents/Poli/Repo/eEDB011-20243/atividade 6 - WSL/airflow/airflow_env/lib/python3.10/site-packages/airflow/example_dags/example_workday_timetable.py
[2024-09-09T21:01:54.038-0300] {processor.py:925} INFO - DAG(s) 'example_workday_timetable' retrieved from /mnt/c/Users/teu20/Documents/Poli/Repo/eEDB011-20243/atividade 6 - WSL/airflow/airflow_env/lib/python3.10/site-packages/airflow/example_dags/example_workday_timetable.py
[2024-09-09T21:01:54.056-0300] {logging_mixin.py:190} INFO - [2024-09-09T21:01:54.055-0300] {dag.py:3229} INFO - Sync 1 DAGs
[2024-09-09T21:01:54.073-0300] {logging_mixin.py:190} INFO - [2024-09-09T21:01:54.072-0300] {dag.py:4156} INFO - Setting next_dagrun for example_workday_timetable to 2021-01-01 00:00:00+00:00, run_after=2021-01-02 00:00:00+00:00
[2024-09-09T21:01:54.088-0300] {processor.py:208} INFO - Processing /mnt/c/Users/teu20/Documents/Poli/Repo/eEDB011-20243/atividade 6 - WSL/airflow/airflow_env/lib/python3.10/site-packages/airflow/example_dags/example_workday_timetable.py took 0.075 seconds
[2024-09-09T21:02:24.438-0300] {processor.py:186} INFO - Started process (PID=263425) to work on /mnt/c/Users/teu20/Documents/Poli/Repo/eEDB011-20243/atividade 6 - WSL/airflow/airflow_env/lib/python3.10/site-packages/airflow/example_dags/example_workday_timetable.py
[2024-09-09T21:02:24.439-0300] {processor.py:914} INFO - Processing file /mnt/c/Users/teu20/Documents/Poli/Repo/eEDB011-20243/atividade 6 - WSL/airflow/airflow_env/lib/python3.10/site-packages/airflow/example_dags/example_workday_timetable.py for tasks to queue
[2024-09-09T21:02:24.441-0300] {logging_mixin.py:190} INFO - [2024-09-09T21:02:24.440-0300] {dagbag.py:587} INFO - Filling up the DagBag from /mnt/c/Users/teu20/Documents/Poli/Repo/eEDB011-20243/atividade 6 - WSL/airflow/airflow_env/lib/python3.10/site-packages/airflow/example_dags/example_workday_timetable.py
[2024-09-09T21:02:24.455-0300] {processor.py:925} INFO - DAG(s) 'example_workday_timetable' retrieved from /mnt/c/Users/teu20/Documents/Poli/Repo/eEDB011-20243/atividade 6 - WSL/airflow/airflow_env/lib/python3.10/site-packages/airflow/example_dags/example_workday_timetable.py
[2024-09-09T21:02:24.473-0300] {logging_mixin.py:190} INFO - [2024-09-09T21:02:24.472-0300] {dag.py:3229} INFO - Sync 1 DAGs
[2024-09-09T21:02:24.489-0300] {logging_mixin.py:190} INFO - [2024-09-09T21:02:24.488-0300] {dag.py:4156} INFO - Setting next_dagrun for example_workday_timetable to 2021-01-01 00:00:00+00:00, run_after=2021-01-02 00:00:00+00:00
[2024-09-09T21:02:24.504-0300] {processor.py:208} INFO - Processing /mnt/c/Users/teu20/Documents/Poli/Repo/eEDB011-20243/atividade 6 - WSL/airflow/airflow_env/lib/python3.10/site-packages/airflow/example_dags/example_workday_timetable.py took 0.073 seconds
[2024-09-09T21:02:55.048-0300] {processor.py:186} INFO - Started process (PID=263856) to work on /mnt/c/Users/teu20/Documents/Poli/Repo/eEDB011-20243/atividade 6 - WSL/airflow/airflow_env/lib/python3.10/site-packages/airflow/example_dags/example_workday_timetable.py
[2024-09-09T21:02:55.049-0300] {processor.py:914} INFO - Processing file /mnt/c/Users/teu20/Documents/Poli/Repo/eEDB011-20243/atividade 6 - WSL/airflow/airflow_env/lib/python3.10/site-packages/airflow/example_dags/example_workday_timetable.py for tasks to queue
[2024-09-09T21:02:55.051-0300] {logging_mixin.py:190} INFO - [2024-09-09T21:02:55.051-0300] {dagbag.py:587} INFO - Filling up the DagBag from /mnt/c/Users/teu20/Documents/Poli/Repo/eEDB011-20243/atividade 6 - WSL/airflow/airflow_env/lib/python3.10/site-packages/airflow/example_dags/example_workday_timetable.py
[2024-09-09T21:02:55.064-0300] {processor.py:925} INFO - DAG(s) 'example_workday_timetable' retrieved from /mnt/c/Users/teu20/Documents/Poli/Repo/eEDB011-20243/atividade 6 - WSL/airflow/airflow_env/lib/python3.10/site-packages/airflow/example_dags/example_workday_timetable.py
[2024-09-09T21:02:55.081-0300] {logging_mixin.py:190} INFO - [2024-09-09T21:02:55.081-0300] {dag.py:3229} INFO - Sync 1 DAGs
[2024-09-09T21:02:55.097-0300] {logging_mixin.py:190} INFO - [2024-09-09T21:02:55.096-0300] {dag.py:4156} INFO - Setting next_dagrun for example_workday_timetable to 2021-01-01 00:00:00+00:00, run_after=2021-01-02 00:00:00+00:00
[2024-09-09T21:02:55.111-0300] {processor.py:208} INFO - Processing /mnt/c/Users/teu20/Documents/Poli/Repo/eEDB011-20243/atividade 6 - WSL/airflow/airflow_env/lib/python3.10/site-packages/airflow/example_dags/example_workday_timetable.py took 0.071 seconds
[2024-09-09T21:03:25.760-0300] {processor.py:186} INFO - Started process (PID=264289) to work on /mnt/c/Users/teu20/Documents/Poli/Repo/eEDB011-20243/atividade 6 - WSL/airflow/airflow_env/lib/python3.10/site-packages/airflow/example_dags/example_workday_timetable.py
[2024-09-09T21:03:25.761-0300] {processor.py:914} INFO - Processing file /mnt/c/Users/teu20/Documents/Poli/Repo/eEDB011-20243/atividade 6 - WSL/airflow/airflow_env/lib/python3.10/site-packages/airflow/example_dags/example_workday_timetable.py for tasks to queue
[2024-09-09T21:03:25.763-0300] {logging_mixin.py:190} INFO - [2024-09-09T21:03:25.762-0300] {dagbag.py:587} INFO - Filling up the DagBag from /mnt/c/Users/teu20/Documents/Poli/Repo/eEDB011-20243/atividade 6 - WSL/airflow/airflow_env/lib/python3.10/site-packages/airflow/example_dags/example_workday_timetable.py
[2024-09-09T21:03:25.778-0300] {processor.py:925} INFO - DAG(s) 'example_workday_timetable' retrieved from /mnt/c/Users/teu20/Documents/Poli/Repo/eEDB011-20243/atividade 6 - WSL/airflow/airflow_env/lib/python3.10/site-packages/airflow/example_dags/example_workday_timetable.py
[2024-09-09T21:03:25.797-0300] {logging_mixin.py:190} INFO - [2024-09-09T21:03:25.797-0300] {dag.py:3229} INFO - Sync 1 DAGs
[2024-09-09T21:03:25.814-0300] {logging_mixin.py:190} INFO - [2024-09-09T21:03:25.813-0300] {dag.py:4156} INFO - Setting next_dagrun for example_workday_timetable to 2021-01-01 00:00:00+00:00, run_after=2021-01-02 00:00:00+00:00
[2024-09-09T21:03:25.829-0300] {processor.py:208} INFO - Processing /mnt/c/Users/teu20/Documents/Poli/Repo/eEDB011-20243/atividade 6 - WSL/airflow/airflow_env/lib/python3.10/site-packages/airflow/example_dags/example_workday_timetable.py took 0.077 seconds
[2024-09-09T21:03:56.195-0300] {processor.py:186} INFO - Started process (PID=264727) to work on /mnt/c/Users/teu20/Documents/Poli/Repo/eEDB011-20243/atividade 6 - WSL/airflow/airflow_env/lib/python3.10/site-packages/airflow/example_dags/example_workday_timetable.py
[2024-09-09T21:03:56.196-0300] {processor.py:914} INFO - Processing file /mnt/c/Users/teu20/Documents/Poli/Repo/eEDB011-20243/atividade 6 - WSL/airflow/airflow_env/lib/python3.10/site-packages/airflow/example_dags/example_workday_timetable.py for tasks to queue
[2024-09-09T21:03:56.198-0300] {logging_mixin.py:190} INFO - [2024-09-09T21:03:56.197-0300] {dagbag.py:587} INFO - Filling up the DagBag from /mnt/c/Users/teu20/Documents/Poli/Repo/eEDB011-20243/atividade 6 - WSL/airflow/airflow_env/lib/python3.10/site-packages/airflow/example_dags/example_workday_timetable.py
[2024-09-09T21:03:56.209-0300] {processor.py:925} INFO - DAG(s) 'example_workday_timetable' retrieved from /mnt/c/Users/teu20/Documents/Poli/Repo/eEDB011-20243/atividade 6 - WSL/airflow/airflow_env/lib/python3.10/site-packages/airflow/example_dags/example_workday_timetable.py
[2024-09-09T21:03:56.228-0300] {logging_mixin.py:190} INFO - [2024-09-09T21:03:56.227-0300] {dag.py:3229} INFO - Sync 1 DAGs
[2024-09-09T21:03:56.244-0300] {logging_mixin.py:190} INFO - [2024-09-09T21:03:56.243-0300] {dag.py:4156} INFO - Setting next_dagrun for example_workday_timetable to 2021-01-01 00:00:00+00:00, run_after=2021-01-02 00:00:00+00:00
[2024-09-09T21:03:56.259-0300] {processor.py:208} INFO - Processing /mnt/c/Users/teu20/Documents/Poli/Repo/eEDB011-20243/atividade 6 - WSL/airflow/airflow_env/lib/python3.10/site-packages/airflow/example_dags/example_workday_timetable.py took 0.072 seconds
[2024-09-09T21:04:26.752-0300] {processor.py:186} INFO - Started process (PID=265168) to work on /mnt/c/Users/teu20/Documents/Poli/Repo/eEDB011-20243/atividade 6 - WSL/airflow/airflow_env/lib/python3.10/site-packages/airflow/example_dags/example_workday_timetable.py
[2024-09-09T21:04:26.753-0300] {processor.py:914} INFO - Processing file /mnt/c/Users/teu20/Documents/Poli/Repo/eEDB011-20243/atividade 6 - WSL/airflow/airflow_env/lib/python3.10/site-packages/airflow/example_dags/example_workday_timetable.py for tasks to queue
[2024-09-09T21:04:26.754-0300] {logging_mixin.py:190} INFO - [2024-09-09T21:04:26.754-0300] {dagbag.py:587} INFO - Filling up the DagBag from /mnt/c/Users/teu20/Documents/Poli/Repo/eEDB011-20243/atividade 6 - WSL/airflow/airflow_env/lib/python3.10/site-packages/airflow/example_dags/example_workday_timetable.py
[2024-09-09T21:04:26.768-0300] {processor.py:925} INFO - DAG(s) 'example_workday_timetable' retrieved from /mnt/c/Users/teu20/Documents/Poli/Repo/eEDB011-20243/atividade 6 - WSL/airflow/airflow_env/lib/python3.10/site-packages/airflow/example_dags/example_workday_timetable.py
[2024-09-09T21:04:26.786-0300] {logging_mixin.py:190} INFO - [2024-09-09T21:04:26.785-0300] {dag.py:3229} INFO - Sync 1 DAGs
[2024-09-09T21:04:26.803-0300] {logging_mixin.py:190} INFO - [2024-09-09T21:04:26.803-0300] {dag.py:4156} INFO - Setting next_dagrun for example_workday_timetable to 2021-01-01 00:00:00+00:00, run_after=2021-01-02 00:00:00+00:00
[2024-09-09T21:04:26.818-0300] {processor.py:208} INFO - Processing /mnt/c/Users/teu20/Documents/Poli/Repo/eEDB011-20243/atividade 6 - WSL/airflow/airflow_env/lib/python3.10/site-packages/airflow/example_dags/example_workday_timetable.py took 0.075 seconds
[2024-09-09T21:04:57.131-0300] {processor.py:186} INFO - Started process (PID=266319) to work on /mnt/c/Users/teu20/Documents/Poli/Repo/eEDB011-20243/atividade 6 - WSL/airflow/airflow_env/lib/python3.10/site-packages/airflow/example_dags/example_workday_timetable.py
[2024-09-09T21:04:57.132-0300] {processor.py:914} INFO - Processing file /mnt/c/Users/teu20/Documents/Poli/Repo/eEDB011-20243/atividade 6 - WSL/airflow/airflow_env/lib/python3.10/site-packages/airflow/example_dags/example_workday_timetable.py for tasks to queue
[2024-09-09T21:04:57.134-0300] {logging_mixin.py:190} INFO - [2024-09-09T21:04:57.133-0300] {dagbag.py:587} INFO - Filling up the DagBag from /mnt/c/Users/teu20/Documents/Poli/Repo/eEDB011-20243/atividade 6 - WSL/airflow/airflow_env/lib/python3.10/site-packages/airflow/example_dags/example_workday_timetable.py
[2024-09-09T21:04:57.145-0300] {processor.py:925} INFO - DAG(s) 'example_workday_timetable' retrieved from /mnt/c/Users/teu20/Documents/Poli/Repo/eEDB011-20243/atividade 6 - WSL/airflow/airflow_env/lib/python3.10/site-packages/airflow/example_dags/example_workday_timetable.py
[2024-09-09T21:04:57.164-0300] {logging_mixin.py:190} INFO - [2024-09-09T21:04:57.163-0300] {dag.py:3229} INFO - Sync 1 DAGs
[2024-09-09T21:04:57.179-0300] {logging_mixin.py:190} INFO - [2024-09-09T21:04:57.179-0300] {dag.py:4156} INFO - Setting next_dagrun for example_workday_timetable to 2021-01-01 00:00:00+00:00, run_after=2021-01-02 00:00:00+00:00
[2024-09-09T21:04:57.198-0300] {processor.py:208} INFO - Processing /mnt/c/Users/teu20/Documents/Poli/Repo/eEDB011-20243/atividade 6 - WSL/airflow/airflow_env/lib/python3.10/site-packages/airflow/example_dags/example_workday_timetable.py took 0.075 seconds
[2024-09-09T21:05:27.362-0300] {processor.py:186} INFO - Started process (PID=266905) to work on /mnt/c/Users/teu20/Documents/Poli/Repo/eEDB011-20243/atividade 6 - WSL/airflow/airflow_env/lib/python3.10/site-packages/airflow/example_dags/example_workday_timetable.py
[2024-09-09T21:05:27.363-0300] {processor.py:914} INFO - Processing file /mnt/c/Users/teu20/Documents/Poli/Repo/eEDB011-20243/atividade 6 - WSL/airflow/airflow_env/lib/python3.10/site-packages/airflow/example_dags/example_workday_timetable.py for tasks to queue
[2024-09-09T21:05:27.365-0300] {logging_mixin.py:190} INFO - [2024-09-09T21:05:27.364-0300] {dagbag.py:587} INFO - Filling up the DagBag from /mnt/c/Users/teu20/Documents/Poli/Repo/eEDB011-20243/atividade 6 - WSL/airflow/airflow_env/lib/python3.10/site-packages/airflow/example_dags/example_workday_timetable.py
[2024-09-09T21:05:27.377-0300] {processor.py:925} INFO - DAG(s) 'example_workday_timetable' retrieved from /mnt/c/Users/teu20/Documents/Poli/Repo/eEDB011-20243/atividade 6 - WSL/airflow/airflow_env/lib/python3.10/site-packages/airflow/example_dags/example_workday_timetable.py
[2024-09-09T21:05:27.395-0300] {logging_mixin.py:190} INFO - [2024-09-09T21:05:27.394-0300] {dag.py:3229} INFO - Sync 1 DAGs
[2024-09-09T21:05:27.411-0300] {logging_mixin.py:190} INFO - [2024-09-09T21:05:27.410-0300] {dag.py:4156} INFO - Setting next_dagrun for example_workday_timetable to 2021-01-01 00:00:00+00:00, run_after=2021-01-02 00:00:00+00:00
[2024-09-09T21:05:27.426-0300] {processor.py:208} INFO - Processing /mnt/c/Users/teu20/Documents/Poli/Repo/eEDB011-20243/atividade 6 - WSL/airflow/airflow_env/lib/python3.10/site-packages/airflow/example_dags/example_workday_timetable.py took 0.071 seconds
[2024-09-09T21:05:57.870-0300] {processor.py:186} INFO - Started process (PID=267336) to work on /mnt/c/Users/teu20/Documents/Poli/Repo/eEDB011-20243/atividade 6 - WSL/airflow/airflow_env/lib/python3.10/site-packages/airflow/example_dags/example_workday_timetable.py
[2024-09-09T21:05:57.871-0300] {processor.py:914} INFO - Processing file /mnt/c/Users/teu20/Documents/Poli/Repo/eEDB011-20243/atividade 6 - WSL/airflow/airflow_env/lib/python3.10/site-packages/airflow/example_dags/example_workday_timetable.py for tasks to queue
[2024-09-09T21:05:57.872-0300] {logging_mixin.py:190} INFO - [2024-09-09T21:05:57.872-0300] {dagbag.py:587} INFO - Filling up the DagBag from /mnt/c/Users/teu20/Documents/Poli/Repo/eEDB011-20243/atividade 6 - WSL/airflow/airflow_env/lib/python3.10/site-packages/airflow/example_dags/example_workday_timetable.py
[2024-09-09T21:05:57.885-0300] {processor.py:925} INFO - DAG(s) 'example_workday_timetable' retrieved from /mnt/c/Users/teu20/Documents/Poli/Repo/eEDB011-20243/atividade 6 - WSL/airflow/airflow_env/lib/python3.10/site-packages/airflow/example_dags/example_workday_timetable.py
[2024-09-09T21:05:57.902-0300] {logging_mixin.py:190} INFO - [2024-09-09T21:05:57.902-0300] {dag.py:3229} INFO - Sync 1 DAGs
[2024-09-09T21:05:57.918-0300] {logging_mixin.py:190} INFO - [2024-09-09T21:05:57.917-0300] {dag.py:4156} INFO - Setting next_dagrun for example_workday_timetable to 2021-01-01 00:00:00+00:00, run_after=2021-01-02 00:00:00+00:00
[2024-09-09T21:05:57.932-0300] {processor.py:208} INFO - Processing /mnt/c/Users/teu20/Documents/Poli/Repo/eEDB011-20243/atividade 6 - WSL/airflow/airflow_env/lib/python3.10/site-packages/airflow/example_dags/example_workday_timetable.py took 0.070 seconds
[2024-09-09T21:06:28.492-0300] {processor.py:186} INFO - Started process (PID=267787) to work on /mnt/c/Users/teu20/Documents/Poli/Repo/eEDB011-20243/atividade 6 - WSL/airflow/airflow_env/lib/python3.10/site-packages/airflow/example_dags/example_workday_timetable.py
[2024-09-09T21:06:28.494-0300] {processor.py:914} INFO - Processing file /mnt/c/Users/teu20/Documents/Poli/Repo/eEDB011-20243/atividade 6 - WSL/airflow/airflow_env/lib/python3.10/site-packages/airflow/example_dags/example_workday_timetable.py for tasks to queue
[2024-09-09T21:06:28.496-0300] {logging_mixin.py:190} INFO - [2024-09-09T21:06:28.495-0300] {dagbag.py:587} INFO - Filling up the DagBag from /mnt/c/Users/teu20/Documents/Poli/Repo/eEDB011-20243/atividade 6 - WSL/airflow/airflow_env/lib/python3.10/site-packages/airflow/example_dags/example_workday_timetable.py
[2024-09-09T21:06:28.515-0300] {processor.py:925} INFO - DAG(s) 'example_workday_timetable' retrieved from /mnt/c/Users/teu20/Documents/Poli/Repo/eEDB011-20243/atividade 6 - WSL/airflow/airflow_env/lib/python3.10/site-packages/airflow/example_dags/example_workday_timetable.py
[2024-09-09T21:06:28.536-0300] {logging_mixin.py:190} INFO - [2024-09-09T21:06:28.535-0300] {dag.py:3229} INFO - Sync 1 DAGs
[2024-09-09T21:06:28.561-0300] {logging_mixin.py:190} INFO - [2024-09-09T21:06:28.560-0300] {dag.py:4156} INFO - Setting next_dagrun for example_workday_timetable to 2021-01-01 00:00:00+00:00, run_after=2021-01-02 00:00:00+00:00
[2024-09-09T21:06:28.583-0300] {processor.py:208} INFO - Processing /mnt/c/Users/teu20/Documents/Poli/Repo/eEDB011-20243/atividade 6 - WSL/airflow/airflow_env/lib/python3.10/site-packages/airflow/example_dags/example_workday_timetable.py took 0.101 seconds
[2024-09-09T21:06:58.946-0300] {processor.py:186} INFO - Started process (PID=268411) to work on /mnt/c/Users/teu20/Documents/Poli/Repo/eEDB011-20243/atividade 6 - WSL/airflow/airflow_env/lib/python3.10/site-packages/airflow/example_dags/example_workday_timetable.py
[2024-09-09T21:06:58.947-0300] {processor.py:914} INFO - Processing file /mnt/c/Users/teu20/Documents/Poli/Repo/eEDB011-20243/atividade 6 - WSL/airflow/airflow_env/lib/python3.10/site-packages/airflow/example_dags/example_workday_timetable.py for tasks to queue
[2024-09-09T21:06:58.949-0300] {logging_mixin.py:190} INFO - [2024-09-09T21:06:58.948-0300] {dagbag.py:587} INFO - Filling up the DagBag from /mnt/c/Users/teu20/Documents/Poli/Repo/eEDB011-20243/atividade 6 - WSL/airflow/airflow_env/lib/python3.10/site-packages/airflow/example_dags/example_workday_timetable.py
[2024-09-09T21:06:58.961-0300] {processor.py:925} INFO - DAG(s) 'example_workday_timetable' retrieved from /mnt/c/Users/teu20/Documents/Poli/Repo/eEDB011-20243/atividade 6 - WSL/airflow/airflow_env/lib/python3.10/site-packages/airflow/example_dags/example_workday_timetable.py
[2024-09-09T21:06:58.978-0300] {logging_mixin.py:190} INFO - [2024-09-09T21:06:58.977-0300] {dag.py:3229} INFO - Sync 1 DAGs
[2024-09-09T21:06:58.994-0300] {logging_mixin.py:190} INFO - [2024-09-09T21:06:58.994-0300] {dag.py:4156} INFO - Setting next_dagrun for example_workday_timetable to 2021-01-01 00:00:00+00:00, run_after=2021-01-02 00:00:00+00:00
[2024-09-09T21:06:59.008-0300] {processor.py:208} INFO - Processing /mnt/c/Users/teu20/Documents/Poli/Repo/eEDB011-20243/atividade 6 - WSL/airflow/airflow_env/lib/python3.10/site-packages/airflow/example_dags/example_workday_timetable.py took 0.071 seconds
[2024-09-09T21:07:29.381-0300] {processor.py:186} INFO - Started process (PID=269081) to work on /mnt/c/Users/teu20/Documents/Poli/Repo/eEDB011-20243/atividade 6 - WSL/airflow/airflow_env/lib/python3.10/site-packages/airflow/example_dags/example_workday_timetable.py
[2024-09-09T21:07:29.382-0300] {processor.py:914} INFO - Processing file /mnt/c/Users/teu20/Documents/Poli/Repo/eEDB011-20243/atividade 6 - WSL/airflow/airflow_env/lib/python3.10/site-packages/airflow/example_dags/example_workday_timetable.py for tasks to queue
[2024-09-09T21:07:29.384-0300] {logging_mixin.py:190} INFO - [2024-09-09T21:07:29.383-0300] {dagbag.py:587} INFO - Filling up the DagBag from /mnt/c/Users/teu20/Documents/Poli/Repo/eEDB011-20243/atividade 6 - WSL/airflow/airflow_env/lib/python3.10/site-packages/airflow/example_dags/example_workday_timetable.py
[2024-09-09T21:07:29.397-0300] {processor.py:925} INFO - DAG(s) 'example_workday_timetable' retrieved from /mnt/c/Users/teu20/Documents/Poli/Repo/eEDB011-20243/atividade 6 - WSL/airflow/airflow_env/lib/python3.10/site-packages/airflow/example_dags/example_workday_timetable.py
[2024-09-09T21:07:29.416-0300] {logging_mixin.py:190} INFO - [2024-09-09T21:07:29.415-0300] {dag.py:3229} INFO - Sync 1 DAGs
[2024-09-09T21:07:29.435-0300] {logging_mixin.py:190} INFO - [2024-09-09T21:07:29.434-0300] {dag.py:4156} INFO - Setting next_dagrun for example_workday_timetable to 2021-01-01 00:00:00+00:00, run_after=2021-01-02 00:00:00+00:00
[2024-09-09T21:07:29.451-0300] {processor.py:208} INFO - Processing /mnt/c/Users/teu20/Documents/Poli/Repo/eEDB011-20243/atividade 6 - WSL/airflow/airflow_env/lib/python3.10/site-packages/airflow/example_dags/example_workday_timetable.py took 0.078 seconds
[2024-09-09T21:07:59.963-0300] {processor.py:186} INFO - Started process (PID=269578) to work on /mnt/c/Users/teu20/Documents/Poli/Repo/eEDB011-20243/atividade 6 - WSL/airflow/airflow_env/lib/python3.10/site-packages/airflow/example_dags/example_workday_timetable.py
[2024-09-09T21:07:59.965-0300] {processor.py:914} INFO - Processing file /mnt/c/Users/teu20/Documents/Poli/Repo/eEDB011-20243/atividade 6 - WSL/airflow/airflow_env/lib/python3.10/site-packages/airflow/example_dags/example_workday_timetable.py for tasks to queue
[2024-09-09T21:07:59.966-0300] {logging_mixin.py:190} INFO - [2024-09-09T21:07:59.966-0300] {dagbag.py:587} INFO - Filling up the DagBag from /mnt/c/Users/teu20/Documents/Poli/Repo/eEDB011-20243/atividade 6 - WSL/airflow/airflow_env/lib/python3.10/site-packages/airflow/example_dags/example_workday_timetable.py
[2024-09-09T21:07:59.979-0300] {processor.py:925} INFO - DAG(s) 'example_workday_timetable' retrieved from /mnt/c/Users/teu20/Documents/Poli/Repo/eEDB011-20243/atividade 6 - WSL/airflow/airflow_env/lib/python3.10/site-packages/airflow/example_dags/example_workday_timetable.py
[2024-09-09T21:07:59.998-0300] {logging_mixin.py:190} INFO - [2024-09-09T21:07:59.997-0300] {dag.py:3229} INFO - Sync 1 DAGs
[2024-09-09T21:08:00.015-0300] {logging_mixin.py:190} INFO - [2024-09-09T21:08:00.015-0300] {dag.py:4156} INFO - Setting next_dagrun for example_workday_timetable to 2021-01-01 00:00:00+00:00, run_after=2021-01-02 00:00:00+00:00
[2024-09-09T21:08:00.031-0300] {processor.py:208} INFO - Processing /mnt/c/Users/teu20/Documents/Poli/Repo/eEDB011-20243/atividade 6 - WSL/airflow/airflow_env/lib/python3.10/site-packages/airflow/example_dags/example_workday_timetable.py took 0.076 seconds
