[2024-09-09T21:00:24.408-0300] {processor.py:186} INFO - Started process (PID=261572) to work on /mnt/c/Users/teu20/Documents/Poli/Repo/eEDB011-20243/atividade 6 - WSL/airflow/airflow_env/lib/python3.10/site-packages/airflow/example_dags/example_dynamic_task_mapping_with_no_taskflow_operators.py
[2024-09-09T21:00:24.409-0300] {processor.py:914} INFO - Processing file /mnt/c/Users/teu20/Documents/Poli/Repo/eEDB011-20243/atividade 6 - WSL/airflow/airflow_env/lib/python3.10/site-packages/airflow/example_dags/example_dynamic_task_mapping_with_no_taskflow_operators.py for tasks to queue
[2024-09-09T21:00:24.411-0300] {logging_mixin.py:190} INFO - [2024-09-09T21:00:24.410-0300] {dagbag.py:587} INFO - Filling up the DagBag from /mnt/c/Users/teu20/Documents/Poli/Repo/eEDB011-20243/atividade 6 - WSL/airflow/airflow_env/lib/python3.10/site-packages/airflow/example_dags/example_dynamic_task_mapping_with_no_taskflow_operators.py
[2024-09-09T21:00:24.425-0300] {processor.py:925} INFO - DAG(s) 'example_dynamic_task_mapping_with_no_taskflow_operators' retrieved from /mnt/c/Users/teu20/Documents/Poli/Repo/eEDB011-20243/atividade 6 - WSL/airflow/airflow_env/lib/python3.10/site-packages/airflow/example_dags/example_dynamic_task_mapping_with_no_taskflow_operators.py
[2024-09-09T21:00:24.443-0300] {logging_mixin.py:190} INFO - [2024-09-09T21:00:24.442-0300] {dag.py:3229} INFO - Sync 1 DAGs
[2024-09-09T21:00:24.451-0300] {logging_mixin.py:190} INFO - [2024-09-09T21:00:24.450-0300] {dag.py:4156} INFO - Setting next_dagrun for example_dynamic_task_mapping_with_no_taskflow_operators to None, run_after=None
[2024-09-09T21:00:24.464-0300] {processor.py:208} INFO - Processing /mnt/c/Users/teu20/Documents/Poli/Repo/eEDB011-20243/atividade 6 - WSL/airflow/airflow_env/lib/python3.10/site-packages/airflow/example_dags/example_dynamic_task_mapping_with_no_taskflow_operators.py took 0.064 seconds
[2024-09-09T21:00:55.071-0300] {processor.py:186} INFO - Started process (PID=262282) to work on /mnt/c/Users/teu20/Documents/Poli/Repo/eEDB011-20243/atividade 6 - WSL/airflow/airflow_env/lib/python3.10/site-packages/airflow/example_dags/example_dynamic_task_mapping_with_no_taskflow_operators.py
[2024-09-09T21:00:55.072-0300] {processor.py:914} INFO - Processing file /mnt/c/Users/teu20/Documents/Poli/Repo/eEDB011-20243/atividade 6 - WSL/airflow/airflow_env/lib/python3.10/site-packages/airflow/example_dags/example_dynamic_task_mapping_with_no_taskflow_operators.py for tasks to queue
[2024-09-09T21:00:55.074-0300] {logging_mixin.py:190} INFO - [2024-09-09T21:00:55.073-0300] {dagbag.py:587} INFO - Filling up the DagBag from /mnt/c/Users/teu20/Documents/Poli/Repo/eEDB011-20243/atividade 6 - WSL/airflow/airflow_env/lib/python3.10/site-packages/airflow/example_dags/example_dynamic_task_mapping_with_no_taskflow_operators.py
[2024-09-09T21:00:55.088-0300] {processor.py:925} INFO - DAG(s) 'example_dynamic_task_mapping_with_no_taskflow_operators' retrieved from /mnt/c/Users/teu20/Documents/Poli/Repo/eEDB011-20243/atividade 6 - WSL/airflow/airflow_env/lib/python3.10/site-packages/airflow/example_dags/example_dynamic_task_mapping_with_no_taskflow_operators.py
[2024-09-09T21:00:55.105-0300] {logging_mixin.py:190} INFO - [2024-09-09T21:00:55.104-0300] {dag.py:3229} INFO - Sync 1 DAGs
[2024-09-09T21:00:55.112-0300] {logging_mixin.py:190} INFO - [2024-09-09T21:00:55.112-0300] {dag.py:4156} INFO - Setting next_dagrun for example_dynamic_task_mapping_with_no_taskflow_operators to None, run_after=None
[2024-09-09T21:00:55.126-0300] {processor.py:208} INFO - Processing /mnt/c/Users/teu20/Documents/Poli/Repo/eEDB011-20243/atividade 6 - WSL/airflow/airflow_env/lib/python3.10/site-packages/airflow/example_dags/example_dynamic_task_mapping_with_no_taskflow_operators.py took 0.063 seconds
[2024-09-09T21:01:26.241-0300] {processor.py:186} INFO - Started process (PID=262717) to work on /mnt/c/Users/teu20/Documents/Poli/Repo/eEDB011-20243/atividade 6 - WSL/airflow/airflow_env/lib/python3.10/site-packages/airflow/example_dags/example_dynamic_task_mapping_with_no_taskflow_operators.py
[2024-09-09T21:01:26.242-0300] {processor.py:914} INFO - Processing file /mnt/c/Users/teu20/Documents/Poli/Repo/eEDB011-20243/atividade 6 - WSL/airflow/airflow_env/lib/python3.10/site-packages/airflow/example_dags/example_dynamic_task_mapping_with_no_taskflow_operators.py for tasks to queue
[2024-09-09T21:01:26.244-0300] {logging_mixin.py:190} INFO - [2024-09-09T21:01:26.243-0300] {dagbag.py:587} INFO - Filling up the DagBag from /mnt/c/Users/teu20/Documents/Poli/Repo/eEDB011-20243/atividade 6 - WSL/airflow/airflow_env/lib/python3.10/site-packages/airflow/example_dags/example_dynamic_task_mapping_with_no_taskflow_operators.py
[2024-09-09T21:01:26.260-0300] {processor.py:925} INFO - DAG(s) 'example_dynamic_task_mapping_with_no_taskflow_operators' retrieved from /mnt/c/Users/teu20/Documents/Poli/Repo/eEDB011-20243/atividade 6 - WSL/airflow/airflow_env/lib/python3.10/site-packages/airflow/example_dags/example_dynamic_task_mapping_with_no_taskflow_operators.py
[2024-09-09T21:01:26.278-0300] {logging_mixin.py:190} INFO - [2024-09-09T21:01:26.277-0300] {dag.py:3229} INFO - Sync 1 DAGs
[2024-09-09T21:01:26.286-0300] {logging_mixin.py:190} INFO - [2024-09-09T21:01:26.286-0300] {dag.py:4156} INFO - Setting next_dagrun for example_dynamic_task_mapping_with_no_taskflow_operators to None, run_after=None
[2024-09-09T21:01:26.303-0300] {processor.py:208} INFO - Processing /mnt/c/Users/teu20/Documents/Poli/Repo/eEDB011-20243/atividade 6 - WSL/airflow/airflow_env/lib/python3.10/site-packages/airflow/example_dags/example_dynamic_task_mapping_with_no_taskflow_operators.py took 0.071 seconds
[2024-09-09T21:01:57.024-0300] {processor.py:186} INFO - Started process (PID=263145) to work on /mnt/c/Users/teu20/Documents/Poli/Repo/eEDB011-20243/atividade 6 - WSL/airflow/airflow_env/lib/python3.10/site-packages/airflow/example_dags/example_dynamic_task_mapping_with_no_taskflow_operators.py
[2024-09-09T21:01:57.025-0300] {processor.py:914} INFO - Processing file /mnt/c/Users/teu20/Documents/Poli/Repo/eEDB011-20243/atividade 6 - WSL/airflow/airflow_env/lib/python3.10/site-packages/airflow/example_dags/example_dynamic_task_mapping_with_no_taskflow_operators.py for tasks to queue
[2024-09-09T21:01:57.027-0300] {logging_mixin.py:190} INFO - [2024-09-09T21:01:57.027-0300] {dagbag.py:587} INFO - Filling up the DagBag from /mnt/c/Users/teu20/Documents/Poli/Repo/eEDB011-20243/atividade 6 - WSL/airflow/airflow_env/lib/python3.10/site-packages/airflow/example_dags/example_dynamic_task_mapping_with_no_taskflow_operators.py
[2024-09-09T21:01:57.041-0300] {processor.py:925} INFO - DAG(s) 'example_dynamic_task_mapping_with_no_taskflow_operators' retrieved from /mnt/c/Users/teu20/Documents/Poli/Repo/eEDB011-20243/atividade 6 - WSL/airflow/airflow_env/lib/python3.10/site-packages/airflow/example_dags/example_dynamic_task_mapping_with_no_taskflow_operators.py
[2024-09-09T21:01:57.058-0300] {logging_mixin.py:190} INFO - [2024-09-09T21:01:57.058-0300] {dag.py:3229} INFO - Sync 1 DAGs
[2024-09-09T21:01:57.067-0300] {logging_mixin.py:190} INFO - [2024-09-09T21:01:57.066-0300] {dag.py:4156} INFO - Setting next_dagrun for example_dynamic_task_mapping_with_no_taskflow_operators to None, run_after=None
[2024-09-09T21:01:57.082-0300] {processor.py:208} INFO - Processing /mnt/c/Users/teu20/Documents/Poli/Repo/eEDB011-20243/atividade 6 - WSL/airflow/airflow_env/lib/python3.10/site-packages/airflow/example_dags/example_dynamic_task_mapping_with_no_taskflow_operators.py took 0.067 seconds
[2024-09-09T21:02:27.946-0300] {processor.py:186} INFO - Started process (PID=263579) to work on /mnt/c/Users/teu20/Documents/Poli/Repo/eEDB011-20243/atividade 6 - WSL/airflow/airflow_env/lib/python3.10/site-packages/airflow/example_dags/example_dynamic_task_mapping_with_no_taskflow_operators.py
[2024-09-09T21:02:27.947-0300] {processor.py:914} INFO - Processing file /mnt/c/Users/teu20/Documents/Poli/Repo/eEDB011-20243/atividade 6 - WSL/airflow/airflow_env/lib/python3.10/site-packages/airflow/example_dags/example_dynamic_task_mapping_with_no_taskflow_operators.py for tasks to queue
[2024-09-09T21:02:27.948-0300] {logging_mixin.py:190} INFO - [2024-09-09T21:02:27.948-0300] {dagbag.py:587} INFO - Filling up the DagBag from /mnt/c/Users/teu20/Documents/Poli/Repo/eEDB011-20243/atividade 6 - WSL/airflow/airflow_env/lib/python3.10/site-packages/airflow/example_dags/example_dynamic_task_mapping_with_no_taskflow_operators.py
[2024-09-09T21:02:27.962-0300] {processor.py:925} INFO - DAG(s) 'example_dynamic_task_mapping_with_no_taskflow_operators' retrieved from /mnt/c/Users/teu20/Documents/Poli/Repo/eEDB011-20243/atividade 6 - WSL/airflow/airflow_env/lib/python3.10/site-packages/airflow/example_dags/example_dynamic_task_mapping_with_no_taskflow_operators.py
[2024-09-09T21:02:27.979-0300] {logging_mixin.py:190} INFO - [2024-09-09T21:02:27.978-0300] {dag.py:3229} INFO - Sync 1 DAGs
[2024-09-09T21:02:27.988-0300] {logging_mixin.py:190} INFO - [2024-09-09T21:02:27.987-0300] {dag.py:4156} INFO - Setting next_dagrun for example_dynamic_task_mapping_with_no_taskflow_operators to None, run_after=None
[2024-09-09T21:02:28.002-0300] {processor.py:208} INFO - Processing /mnt/c/Users/teu20/Documents/Poli/Repo/eEDB011-20243/atividade 6 - WSL/airflow/airflow_env/lib/python3.10/site-packages/airflow/example_dags/example_dynamic_task_mapping_with_no_taskflow_operators.py took 0.064 seconds
[2024-09-09T21:02:58.356-0300] {processor.py:186} INFO - Started process (PID=264007) to work on /mnt/c/Users/teu20/Documents/Poli/Repo/eEDB011-20243/atividade 6 - WSL/airflow/airflow_env/lib/python3.10/site-packages/airflow/example_dags/example_dynamic_task_mapping_with_no_taskflow_operators.py
[2024-09-09T21:02:58.357-0300] {processor.py:914} INFO - Processing file /mnt/c/Users/teu20/Documents/Poli/Repo/eEDB011-20243/atividade 6 - WSL/airflow/airflow_env/lib/python3.10/site-packages/airflow/example_dags/example_dynamic_task_mapping_with_no_taskflow_operators.py for tasks to queue
[2024-09-09T21:02:58.359-0300] {logging_mixin.py:190} INFO - [2024-09-09T21:02:58.358-0300] {dagbag.py:587} INFO - Filling up the DagBag from /mnt/c/Users/teu20/Documents/Poli/Repo/eEDB011-20243/atividade 6 - WSL/airflow/airflow_env/lib/python3.10/site-packages/airflow/example_dags/example_dynamic_task_mapping_with_no_taskflow_operators.py
[2024-09-09T21:02:58.369-0300] {processor.py:925} INFO - DAG(s) 'example_dynamic_task_mapping_with_no_taskflow_operators' retrieved from /mnt/c/Users/teu20/Documents/Poli/Repo/eEDB011-20243/atividade 6 - WSL/airflow/airflow_env/lib/python3.10/site-packages/airflow/example_dags/example_dynamic_task_mapping_with_no_taskflow_operators.py
[2024-09-09T21:02:58.385-0300] {logging_mixin.py:190} INFO - [2024-09-09T21:02:58.384-0300] {dag.py:3229} INFO - Sync 1 DAGs
[2024-09-09T21:02:58.393-0300] {logging_mixin.py:190} INFO - [2024-09-09T21:02:58.392-0300] {dag.py:4156} INFO - Setting next_dagrun for example_dynamic_task_mapping_with_no_taskflow_operators to None, run_after=None
[2024-09-09T21:02:58.406-0300] {processor.py:208} INFO - Processing /mnt/c/Users/teu20/Documents/Poli/Repo/eEDB011-20243/atividade 6 - WSL/airflow/airflow_env/lib/python3.10/site-packages/airflow/example_dags/example_dynamic_task_mapping_with_no_taskflow_operators.py took 0.058 seconds
[2024-09-09T21:03:28.922-0300] {processor.py:186} INFO - Started process (PID=264440) to work on /mnt/c/Users/teu20/Documents/Poli/Repo/eEDB011-20243/atividade 6 - WSL/airflow/airflow_env/lib/python3.10/site-packages/airflow/example_dags/example_dynamic_task_mapping_with_no_taskflow_operators.py
[2024-09-09T21:03:28.923-0300] {processor.py:914} INFO - Processing file /mnt/c/Users/teu20/Documents/Poli/Repo/eEDB011-20243/atividade 6 - WSL/airflow/airflow_env/lib/python3.10/site-packages/airflow/example_dags/example_dynamic_task_mapping_with_no_taskflow_operators.py for tasks to queue
[2024-09-09T21:03:28.925-0300] {logging_mixin.py:190} INFO - [2024-09-09T21:03:28.924-0300] {dagbag.py:587} INFO - Filling up the DagBag from /mnt/c/Users/teu20/Documents/Poli/Repo/eEDB011-20243/atividade 6 - WSL/airflow/airflow_env/lib/python3.10/site-packages/airflow/example_dags/example_dynamic_task_mapping_with_no_taskflow_operators.py
[2024-09-09T21:03:28.936-0300] {processor.py:925} INFO - DAG(s) 'example_dynamic_task_mapping_with_no_taskflow_operators' retrieved from /mnt/c/Users/teu20/Documents/Poli/Repo/eEDB011-20243/atividade 6 - WSL/airflow/airflow_env/lib/python3.10/site-packages/airflow/example_dags/example_dynamic_task_mapping_with_no_taskflow_operators.py
[2024-09-09T21:03:28.952-0300] {logging_mixin.py:190} INFO - [2024-09-09T21:03:28.951-0300] {dag.py:3229} INFO - Sync 1 DAGs
[2024-09-09T21:03:28.960-0300] {logging_mixin.py:190} INFO - [2024-09-09T21:03:28.960-0300] {dag.py:4156} INFO - Setting next_dagrun for example_dynamic_task_mapping_with_no_taskflow_operators to None, run_after=None
[2024-09-09T21:03:28.976-0300] {processor.py:208} INFO - Processing /mnt/c/Users/teu20/Documents/Poli/Repo/eEDB011-20243/atividade 6 - WSL/airflow/airflow_env/lib/python3.10/site-packages/airflow/example_dags/example_dynamic_task_mapping_with_no_taskflow_operators.py took 0.062 seconds
[2024-09-09T21:03:59.542-0300] {processor.py:186} INFO - Started process (PID=264879) to work on /mnt/c/Users/teu20/Documents/Poli/Repo/eEDB011-20243/atividade 6 - WSL/airflow/airflow_env/lib/python3.10/site-packages/airflow/example_dags/example_dynamic_task_mapping_with_no_taskflow_operators.py
[2024-09-09T21:03:59.543-0300] {processor.py:914} INFO - Processing file /mnt/c/Users/teu20/Documents/Poli/Repo/eEDB011-20243/atividade 6 - WSL/airflow/airflow_env/lib/python3.10/site-packages/airflow/example_dags/example_dynamic_task_mapping_with_no_taskflow_operators.py for tasks to queue
[2024-09-09T21:03:59.545-0300] {logging_mixin.py:190} INFO - [2024-09-09T21:03:59.544-0300] {dagbag.py:587} INFO - Filling up the DagBag from /mnt/c/Users/teu20/Documents/Poli/Repo/eEDB011-20243/atividade 6 - WSL/airflow/airflow_env/lib/python3.10/site-packages/airflow/example_dags/example_dynamic_task_mapping_with_no_taskflow_operators.py
[2024-09-09T21:03:59.557-0300] {processor.py:925} INFO - DAG(s) 'example_dynamic_task_mapping_with_no_taskflow_operators' retrieved from /mnt/c/Users/teu20/Documents/Poli/Repo/eEDB011-20243/atividade 6 - WSL/airflow/airflow_env/lib/python3.10/site-packages/airflow/example_dags/example_dynamic_task_mapping_with_no_taskflow_operators.py
[2024-09-09T21:03:59.574-0300] {logging_mixin.py:190} INFO - [2024-09-09T21:03:59.574-0300] {dag.py:3229} INFO - Sync 1 DAGs
[2024-09-09T21:03:59.584-0300] {logging_mixin.py:190} INFO - [2024-09-09T21:03:59.583-0300] {dag.py:4156} INFO - Setting next_dagrun for example_dynamic_task_mapping_with_no_taskflow_operators to None, run_after=None
[2024-09-09T21:03:59.599-0300] {processor.py:208} INFO - Processing /mnt/c/Users/teu20/Documents/Poli/Repo/eEDB011-20243/atividade 6 - WSL/airflow/airflow_env/lib/python3.10/site-packages/airflow/example_dags/example_dynamic_task_mapping_with_no_taskflow_operators.py took 0.066 seconds
[2024-09-09T21:04:29.995-0300] {processor.py:186} INFO - Started process (PID=265314) to work on /mnt/c/Users/teu20/Documents/Poli/Repo/eEDB011-20243/atividade 6 - WSL/airflow/airflow_env/lib/python3.10/site-packages/airflow/example_dags/example_dynamic_task_mapping_with_no_taskflow_operators.py
[2024-09-09T21:04:29.996-0300] {processor.py:914} INFO - Processing file /mnt/c/Users/teu20/Documents/Poli/Repo/eEDB011-20243/atividade 6 - WSL/airflow/airflow_env/lib/python3.10/site-packages/airflow/example_dags/example_dynamic_task_mapping_with_no_taskflow_operators.py for tasks to queue
[2024-09-09T21:04:29.998-0300] {logging_mixin.py:190} INFO - [2024-09-09T21:04:29.997-0300] {dagbag.py:587} INFO - Filling up the DagBag from /mnt/c/Users/teu20/Documents/Poli/Repo/eEDB011-20243/atividade 6 - WSL/airflow/airflow_env/lib/python3.10/site-packages/airflow/example_dags/example_dynamic_task_mapping_with_no_taskflow_operators.py
[2024-09-09T21:04:30.011-0300] {processor.py:925} INFO - DAG(s) 'example_dynamic_task_mapping_with_no_taskflow_operators' retrieved from /mnt/c/Users/teu20/Documents/Poli/Repo/eEDB011-20243/atividade 6 - WSL/airflow/airflow_env/lib/python3.10/site-packages/airflow/example_dags/example_dynamic_task_mapping_with_no_taskflow_operators.py
[2024-09-09T21:04:30.029-0300] {logging_mixin.py:190} INFO - [2024-09-09T21:04:30.028-0300] {dag.py:3229} INFO - Sync 1 DAGs
[2024-09-09T21:04:30.038-0300] {logging_mixin.py:190} INFO - [2024-09-09T21:04:30.037-0300] {dag.py:4156} INFO - Setting next_dagrun for example_dynamic_task_mapping_with_no_taskflow_operators to None, run_after=None
[2024-09-09T21:04:30.052-0300] {processor.py:208} INFO - Processing /mnt/c/Users/teu20/Documents/Poli/Repo/eEDB011-20243/atividade 6 - WSL/airflow/airflow_env/lib/python3.10/site-packages/airflow/example_dags/example_dynamic_task_mapping_with_no_taskflow_operators.py took 0.065 seconds
[2024-09-09T21:05:00.360-0300] {processor.py:186} INFO - Started process (PID=266532) to work on /mnt/c/Users/teu20/Documents/Poli/Repo/eEDB011-20243/atividade 6 - WSL/airflow/airflow_env/lib/python3.10/site-packages/airflow/example_dags/example_dynamic_task_mapping_with_no_taskflow_operators.py
[2024-09-09T21:05:00.361-0300] {processor.py:914} INFO - Processing file /mnt/c/Users/teu20/Documents/Poli/Repo/eEDB011-20243/atividade 6 - WSL/airflow/airflow_env/lib/python3.10/site-packages/airflow/example_dags/example_dynamic_task_mapping_with_no_taskflow_operators.py for tasks to queue
[2024-09-09T21:05:00.363-0300] {logging_mixin.py:190} INFO - [2024-09-09T21:05:00.362-0300] {dagbag.py:587} INFO - Filling up the DagBag from /mnt/c/Users/teu20/Documents/Poli/Repo/eEDB011-20243/atividade 6 - WSL/airflow/airflow_env/lib/python3.10/site-packages/airflow/example_dags/example_dynamic_task_mapping_with_no_taskflow_operators.py
[2024-09-09T21:05:00.377-0300] {processor.py:925} INFO - DAG(s) 'example_dynamic_task_mapping_with_no_taskflow_operators' retrieved from /mnt/c/Users/teu20/Documents/Poli/Repo/eEDB011-20243/atividade 6 - WSL/airflow/airflow_env/lib/python3.10/site-packages/airflow/example_dags/example_dynamic_task_mapping_with_no_taskflow_operators.py
[2024-09-09T21:05:00.394-0300] {logging_mixin.py:190} INFO - [2024-09-09T21:05:00.393-0300] {dag.py:3229} INFO - Sync 1 DAGs
[2024-09-09T21:05:00.403-0300] {logging_mixin.py:190} INFO - [2024-09-09T21:05:00.402-0300] {dag.py:4156} INFO - Setting next_dagrun for example_dynamic_task_mapping_with_no_taskflow_operators to None, run_after=None
[2024-09-09T21:05:00.416-0300] {processor.py:208} INFO - Processing /mnt/c/Users/teu20/Documents/Poli/Repo/eEDB011-20243/atividade 6 - WSL/airflow/airflow_env/lib/python3.10/site-packages/airflow/example_dags/example_dynamic_task_mapping_with_no_taskflow_operators.py took 0.065 seconds
[2024-09-09T21:05:30.889-0300] {processor.py:186} INFO - Started process (PID=267057) to work on /mnt/c/Users/teu20/Documents/Poli/Repo/eEDB011-20243/atividade 6 - WSL/airflow/airflow_env/lib/python3.10/site-packages/airflow/example_dags/example_dynamic_task_mapping_with_no_taskflow_operators.py
[2024-09-09T21:05:30.890-0300] {processor.py:914} INFO - Processing file /mnt/c/Users/teu20/Documents/Poli/Repo/eEDB011-20243/atividade 6 - WSL/airflow/airflow_env/lib/python3.10/site-packages/airflow/example_dags/example_dynamic_task_mapping_with_no_taskflow_operators.py for tasks to queue
[2024-09-09T21:05:30.892-0300] {logging_mixin.py:190} INFO - [2024-09-09T21:05:30.891-0300] {dagbag.py:587} INFO - Filling up the DagBag from /mnt/c/Users/teu20/Documents/Poli/Repo/eEDB011-20243/atividade 6 - WSL/airflow/airflow_env/lib/python3.10/site-packages/airflow/example_dags/example_dynamic_task_mapping_with_no_taskflow_operators.py
[2024-09-09T21:05:30.904-0300] {processor.py:925} INFO - DAG(s) 'example_dynamic_task_mapping_with_no_taskflow_operators' retrieved from /mnt/c/Users/teu20/Documents/Poli/Repo/eEDB011-20243/atividade 6 - WSL/airflow/airflow_env/lib/python3.10/site-packages/airflow/example_dags/example_dynamic_task_mapping_with_no_taskflow_operators.py
[2024-09-09T21:05:30.921-0300] {logging_mixin.py:190} INFO - [2024-09-09T21:05:30.921-0300] {dag.py:3229} INFO - Sync 1 DAGs
[2024-09-09T21:05:30.930-0300] {logging_mixin.py:190} INFO - [2024-09-09T21:05:30.929-0300] {dag.py:4156} INFO - Setting next_dagrun for example_dynamic_task_mapping_with_no_taskflow_operators to None, run_after=None
[2024-09-09T21:05:30.945-0300] {processor.py:208} INFO - Processing /mnt/c/Users/teu20/Documents/Poli/Repo/eEDB011-20243/atividade 6 - WSL/airflow/airflow_env/lib/python3.10/site-packages/airflow/example_dags/example_dynamic_task_mapping_with_no_taskflow_operators.py took 0.064 seconds
[2024-09-09T21:06:01.361-0300] {processor.py:186} INFO - Started process (PID=267488) to work on /mnt/c/Users/teu20/Documents/Poli/Repo/eEDB011-20243/atividade 6 - WSL/airflow/airflow_env/lib/python3.10/site-packages/airflow/example_dags/example_dynamic_task_mapping_with_no_taskflow_operators.py
[2024-09-09T21:06:01.363-0300] {processor.py:914} INFO - Processing file /mnt/c/Users/teu20/Documents/Poli/Repo/eEDB011-20243/atividade 6 - WSL/airflow/airflow_env/lib/python3.10/site-packages/airflow/example_dags/example_dynamic_task_mapping_with_no_taskflow_operators.py for tasks to queue
[2024-09-09T21:06:01.365-0300] {logging_mixin.py:190} INFO - [2024-09-09T21:06:01.364-0300] {dagbag.py:587} INFO - Filling up the DagBag from /mnt/c/Users/teu20/Documents/Poli/Repo/eEDB011-20243/atividade 6 - WSL/airflow/airflow_env/lib/python3.10/site-packages/airflow/example_dags/example_dynamic_task_mapping_with_no_taskflow_operators.py
[2024-09-09T21:06:01.378-0300] {processor.py:925} INFO - DAG(s) 'example_dynamic_task_mapping_with_no_taskflow_operators' retrieved from /mnt/c/Users/teu20/Documents/Poli/Repo/eEDB011-20243/atividade 6 - WSL/airflow/airflow_env/lib/python3.10/site-packages/airflow/example_dags/example_dynamic_task_mapping_with_no_taskflow_operators.py
[2024-09-09T21:06:01.397-0300] {logging_mixin.py:190} INFO - [2024-09-09T21:06:01.396-0300] {dag.py:3229} INFO - Sync 1 DAGs
[2024-09-09T21:06:01.406-0300] {logging_mixin.py:190} INFO - [2024-09-09T21:06:01.405-0300] {dag.py:4156} INFO - Setting next_dagrun for example_dynamic_task_mapping_with_no_taskflow_operators to None, run_after=None
[2024-09-09T21:06:01.423-0300] {processor.py:208} INFO - Processing /mnt/c/Users/teu20/Documents/Poli/Repo/eEDB011-20243/atividade 6 - WSL/airflow/airflow_env/lib/python3.10/site-packages/airflow/example_dags/example_dynamic_task_mapping_with_no_taskflow_operators.py took 0.070 seconds
[2024-09-09T21:06:31.783-0300] {processor.py:186} INFO - Started process (PID=267941) to work on /mnt/c/Users/teu20/Documents/Poli/Repo/eEDB011-20243/atividade 6 - WSL/airflow/airflow_env/lib/python3.10/site-packages/airflow/example_dags/example_dynamic_task_mapping_with_no_taskflow_operators.py
[2024-09-09T21:06:31.784-0300] {processor.py:914} INFO - Processing file /mnt/c/Users/teu20/Documents/Poli/Repo/eEDB011-20243/atividade 6 - WSL/airflow/airflow_env/lib/python3.10/site-packages/airflow/example_dags/example_dynamic_task_mapping_with_no_taskflow_operators.py for tasks to queue
[2024-09-09T21:06:31.786-0300] {logging_mixin.py:190} INFO - [2024-09-09T21:06:31.785-0300] {dagbag.py:587} INFO - Filling up the DagBag from /mnt/c/Users/teu20/Documents/Poli/Repo/eEDB011-20243/atividade 6 - WSL/airflow/airflow_env/lib/python3.10/site-packages/airflow/example_dags/example_dynamic_task_mapping_with_no_taskflow_operators.py
[2024-09-09T21:06:31.802-0300] {processor.py:925} INFO - DAG(s) 'example_dynamic_task_mapping_with_no_taskflow_operators' retrieved from /mnt/c/Users/teu20/Documents/Poli/Repo/eEDB011-20243/atividade 6 - WSL/airflow/airflow_env/lib/python3.10/site-packages/airflow/example_dags/example_dynamic_task_mapping_with_no_taskflow_operators.py
[2024-09-09T21:06:31.820-0300] {logging_mixin.py:190} INFO - [2024-09-09T21:06:31.819-0300] {dag.py:3229} INFO - Sync 1 DAGs
[2024-09-09T21:06:31.828-0300] {logging_mixin.py:190} INFO - [2024-09-09T21:06:31.827-0300] {dag.py:4156} INFO - Setting next_dagrun for example_dynamic_task_mapping_with_no_taskflow_operators to None, run_after=None
[2024-09-09T21:06:31.842-0300] {processor.py:208} INFO - Processing /mnt/c/Users/teu20/Documents/Poli/Repo/eEDB011-20243/atividade 6 - WSL/airflow/airflow_env/lib/python3.10/site-packages/airflow/example_dags/example_dynamic_task_mapping_with_no_taskflow_operators.py took 0.066 seconds
[2024-09-09T21:07:02.287-0300] {processor.py:186} INFO - Started process (PID=268562) to work on /mnt/c/Users/teu20/Documents/Poli/Repo/eEDB011-20243/atividade 6 - WSL/airflow/airflow_env/lib/python3.10/site-packages/airflow/example_dags/example_dynamic_task_mapping_with_no_taskflow_operators.py
[2024-09-09T21:07:02.288-0300] {processor.py:914} INFO - Processing file /mnt/c/Users/teu20/Documents/Poli/Repo/eEDB011-20243/atividade 6 - WSL/airflow/airflow_env/lib/python3.10/site-packages/airflow/example_dags/example_dynamic_task_mapping_with_no_taskflow_operators.py for tasks to queue
[2024-09-09T21:07:02.290-0300] {logging_mixin.py:190} INFO - [2024-09-09T21:07:02.289-0300] {dagbag.py:587} INFO - Filling up the DagBag from /mnt/c/Users/teu20/Documents/Poli/Repo/eEDB011-20243/atividade 6 - WSL/airflow/airflow_env/lib/python3.10/site-packages/airflow/example_dags/example_dynamic_task_mapping_with_no_taskflow_operators.py
[2024-09-09T21:07:02.306-0300] {processor.py:925} INFO - DAG(s) 'example_dynamic_task_mapping_with_no_taskflow_operators' retrieved from /mnt/c/Users/teu20/Documents/Poli/Repo/eEDB011-20243/atividade 6 - WSL/airflow/airflow_env/lib/python3.10/site-packages/airflow/example_dags/example_dynamic_task_mapping_with_no_taskflow_operators.py
[2024-09-09T21:07:02.328-0300] {logging_mixin.py:190} INFO - [2024-09-09T21:07:02.327-0300] {dag.py:3229} INFO - Sync 1 DAGs
[2024-09-09T21:07:02.339-0300] {logging_mixin.py:190} INFO - [2024-09-09T21:07:02.338-0300] {dag.py:4156} INFO - Setting next_dagrun for example_dynamic_task_mapping_with_no_taskflow_operators to None, run_after=None
[2024-09-09T21:07:02.355-0300] {processor.py:208} INFO - Processing /mnt/c/Users/teu20/Documents/Poli/Repo/eEDB011-20243/atividade 6 - WSL/airflow/airflow_env/lib/python3.10/site-packages/airflow/example_dags/example_dynamic_task_mapping_with_no_taskflow_operators.py took 0.076 seconds
[2024-09-09T21:07:32.764-0300] {processor.py:186} INFO - Started process (PID=269234) to work on /mnt/c/Users/teu20/Documents/Poli/Repo/eEDB011-20243/atividade 6 - WSL/airflow/airflow_env/lib/python3.10/site-packages/airflow/example_dags/example_dynamic_task_mapping_with_no_taskflow_operators.py
[2024-09-09T21:07:32.765-0300] {processor.py:914} INFO - Processing file /mnt/c/Users/teu20/Documents/Poli/Repo/eEDB011-20243/atividade 6 - WSL/airflow/airflow_env/lib/python3.10/site-packages/airflow/example_dags/example_dynamic_task_mapping_with_no_taskflow_operators.py for tasks to queue
[2024-09-09T21:07:32.767-0300] {logging_mixin.py:190} INFO - [2024-09-09T21:07:32.766-0300] {dagbag.py:587} INFO - Filling up the DagBag from /mnt/c/Users/teu20/Documents/Poli/Repo/eEDB011-20243/atividade 6 - WSL/airflow/airflow_env/lib/python3.10/site-packages/airflow/example_dags/example_dynamic_task_mapping_with_no_taskflow_operators.py
[2024-09-09T21:07:32.783-0300] {processor.py:925} INFO - DAG(s) 'example_dynamic_task_mapping_with_no_taskflow_operators' retrieved from /mnt/c/Users/teu20/Documents/Poli/Repo/eEDB011-20243/atividade 6 - WSL/airflow/airflow_env/lib/python3.10/site-packages/airflow/example_dags/example_dynamic_task_mapping_with_no_taskflow_operators.py
[2024-09-09T21:07:32.802-0300] {logging_mixin.py:190} INFO - [2024-09-09T21:07:32.801-0300] {dag.py:3229} INFO - Sync 1 DAGs
[2024-09-09T21:07:32.811-0300] {logging_mixin.py:190} INFO - [2024-09-09T21:07:32.810-0300] {dag.py:4156} INFO - Setting next_dagrun for example_dynamic_task_mapping_with_no_taskflow_operators to None, run_after=None
[2024-09-09T21:07:32.827-0300] {processor.py:208} INFO - Processing /mnt/c/Users/teu20/Documents/Poli/Repo/eEDB011-20243/atividade 6 - WSL/airflow/airflow_env/lib/python3.10/site-packages/airflow/example_dags/example_dynamic_task_mapping_with_no_taskflow_operators.py took 0.071 seconds
[2024-09-09T21:08:03.175-0300] {processor.py:186} INFO - Started process (PID=269728) to work on /mnt/c/Users/teu20/Documents/Poli/Repo/eEDB011-20243/atividade 6 - WSL/airflow/airflow_env/lib/python3.10/site-packages/airflow/example_dags/example_dynamic_task_mapping_with_no_taskflow_operators.py
[2024-09-09T21:08:03.176-0300] {processor.py:914} INFO - Processing file /mnt/c/Users/teu20/Documents/Poli/Repo/eEDB011-20243/atividade 6 - WSL/airflow/airflow_env/lib/python3.10/site-packages/airflow/example_dags/example_dynamic_task_mapping_with_no_taskflow_operators.py for tasks to queue
[2024-09-09T21:08:03.178-0300] {logging_mixin.py:190} INFO - [2024-09-09T21:08:03.177-0300] {dagbag.py:587} INFO - Filling up the DagBag from /mnt/c/Users/teu20/Documents/Poli/Repo/eEDB011-20243/atividade 6 - WSL/airflow/airflow_env/lib/python3.10/site-packages/airflow/example_dags/example_dynamic_task_mapping_with_no_taskflow_operators.py
[2024-09-09T21:08:03.192-0300] {processor.py:925} INFO - DAG(s) 'example_dynamic_task_mapping_with_no_taskflow_operators' retrieved from /mnt/c/Users/teu20/Documents/Poli/Repo/eEDB011-20243/atividade 6 - WSL/airflow/airflow_env/lib/python3.10/site-packages/airflow/example_dags/example_dynamic_task_mapping_with_no_taskflow_operators.py
[2024-09-09T21:08:03.210-0300] {logging_mixin.py:190} INFO - [2024-09-09T21:08:03.209-0300] {dag.py:3229} INFO - Sync 1 DAGs
[2024-09-09T21:08:03.218-0300] {logging_mixin.py:190} INFO - [2024-09-09T21:08:03.218-0300] {dag.py:4156} INFO - Setting next_dagrun for example_dynamic_task_mapping_with_no_taskflow_operators to None, run_after=None
[2024-09-09T21:08:03.233-0300] {processor.py:208} INFO - Processing /mnt/c/Users/teu20/Documents/Poli/Repo/eEDB011-20243/atividade 6 - WSL/airflow/airflow_env/lib/python3.10/site-packages/airflow/example_dags/example_dynamic_task_mapping_with_no_taskflow_operators.py took 0.068 seconds
