[2024-09-09T21:00:22.534-0300] {processor.py:186} INFO - Started process (PID=261451) to work on /mnt/c/Users/teu20/Documents/Poli/Repo/eEDB011-20243/atividade 6 - WSL/airflow/airflow_env/lib/python3.10/site-packages/airflow/example_dags/example_subdag_operator.py
[2024-09-09T21:00:22.535-0300] {processor.py:914} INFO - Processing file /mnt/c/Users/teu20/Documents/Poli/Repo/eEDB011-20243/atividade 6 - WSL/airflow/airflow_env/lib/python3.10/site-packages/airflow/example_dags/example_subdag_operator.py for tasks to queue
[2024-09-09T21:00:22.537-0300] {logging_mixin.py:190} INFO - [2024-09-09T21:00:22.536-0300] {dagbag.py:587} INFO - Filling up the DagBag from /mnt/c/Users/teu20/Documents/Poli/Repo/eEDB011-20243/atividade 6 - WSL/airflow/airflow_env/lib/python3.10/site-packages/airflow/example_dags/example_subdag_operator.py
[2024-09-09T21:00:22.589-0300] {processor.py:925} INFO - DAG(s) 'example_subdag_operator.section-1', 'example_subdag_operator.section-2', 'example_subdag_operator' retrieved from /mnt/c/Users/teu20/Documents/Poli/Repo/eEDB011-20243/atividade 6 - WSL/airflow/airflow_env/lib/python3.10/site-packages/airflow/example_dags/example_subdag_operator.py
[2024-09-09T21:00:22.600-0300] {logging_mixin.py:190} INFO - [2024-09-09T21:00:22.600-0300] {dag.py:3229} INFO - Sync 3 DAGs
[2024-09-09T21:00:22.612-0300] {logging_mixin.py:190} INFO - [2024-09-09T21:00:22.611-0300] {dag.py:4156} INFO - Setting next_dagrun for example_subdag_operator to 2022-01-01 00:00:00+00:00, run_after=2022-01-01 00:00:00+00:00
[2024-09-09T21:00:22.615-0300] {logging_mixin.py:190} INFO - [2024-09-09T21:00:22.614-0300] {dag.py:4156} INFO - Setting next_dagrun for example_subdag_operator.section-1 to None, run_after=None
[2024-09-09T21:00:22.617-0300] {logging_mixin.py:190} INFO - [2024-09-09T21:00:22.616-0300] {dag.py:4156} INFO - Setting next_dagrun for example_subdag_operator.section-2 to None, run_after=None
[2024-09-09T21:00:22.623-0300] {logging_mixin.py:190} INFO - [2024-09-09T21:00:22.623-0300] {dag.py:3229} INFO - Sync 2 DAGs
[2024-09-09T21:00:22.628-0300] {logging_mixin.py:190} INFO - [2024-09-09T21:00:22.627-0300] {dag.py:4156} INFO - Setting next_dagrun for example_subdag_operator.section-1 to None, run_after=None
[2024-09-09T21:00:22.629-0300] {logging_mixin.py:190} INFO - [2024-09-09T21:00:22.628-0300] {dag.py:4156} INFO - Setting next_dagrun for example_subdag_operator.section-2 to None, run_after=None
[2024-09-09T21:00:22.641-0300] {processor.py:208} INFO - Processing /mnt/c/Users/teu20/Documents/Poli/Repo/eEDB011-20243/atividade 6 - WSL/airflow/airflow_env/lib/python3.10/site-packages/airflow/example_dags/example_subdag_operator.py took 0.115 seconds
[2024-09-09T21:00:52.985-0300] {processor.py:186} INFO - Started process (PID=262158) to work on /mnt/c/Users/teu20/Documents/Poli/Repo/eEDB011-20243/atividade 6 - WSL/airflow/airflow_env/lib/python3.10/site-packages/airflow/example_dags/example_subdag_operator.py
[2024-09-09T21:00:52.986-0300] {processor.py:914} INFO - Processing file /mnt/c/Users/teu20/Documents/Poli/Repo/eEDB011-20243/atividade 6 - WSL/airflow/airflow_env/lib/python3.10/site-packages/airflow/example_dags/example_subdag_operator.py for tasks to queue
[2024-09-09T21:00:52.987-0300] {logging_mixin.py:190} INFO - [2024-09-09T21:00:52.987-0300] {dagbag.py:587} INFO - Filling up the DagBag from /mnt/c/Users/teu20/Documents/Poli/Repo/eEDB011-20243/atividade 6 - WSL/airflow/airflow_env/lib/python3.10/site-packages/airflow/example_dags/example_subdag_operator.py
[2024-09-09T21:00:53.037-0300] {processor.py:925} INFO - DAG(s) 'example_subdag_operator.section-1', 'example_subdag_operator.section-2', 'example_subdag_operator' retrieved from /mnt/c/Users/teu20/Documents/Poli/Repo/eEDB011-20243/atividade 6 - WSL/airflow/airflow_env/lib/python3.10/site-packages/airflow/example_dags/example_subdag_operator.py
[2024-09-09T21:00:53.049-0300] {logging_mixin.py:190} INFO - [2024-09-09T21:00:53.049-0300] {dag.py:3229} INFO - Sync 3 DAGs
[2024-09-09T21:00:53.062-0300] {logging_mixin.py:190} INFO - [2024-09-09T21:00:53.061-0300] {dag.py:4156} INFO - Setting next_dagrun for example_subdag_operator to 2022-01-01 00:00:00+00:00, run_after=2022-01-01 00:00:00+00:00
[2024-09-09T21:00:53.065-0300] {logging_mixin.py:190} INFO - [2024-09-09T21:00:53.064-0300] {dag.py:4156} INFO - Setting next_dagrun for example_subdag_operator.section-1 to None, run_after=None
[2024-09-09T21:00:53.067-0300] {logging_mixin.py:190} INFO - [2024-09-09T21:00:53.066-0300] {dag.py:4156} INFO - Setting next_dagrun for example_subdag_operator.section-2 to None, run_after=None
[2024-09-09T21:00:53.073-0300] {logging_mixin.py:190} INFO - [2024-09-09T21:00:53.073-0300] {dag.py:3229} INFO - Sync 2 DAGs
[2024-09-09T21:00:53.077-0300] {logging_mixin.py:190} INFO - [2024-09-09T21:00:53.077-0300] {dag.py:4156} INFO - Setting next_dagrun for example_subdag_operator.section-1 to None, run_after=None
[2024-09-09T21:00:53.078-0300] {logging_mixin.py:190} INFO - [2024-09-09T21:00:53.078-0300] {dag.py:4156} INFO - Setting next_dagrun for example_subdag_operator.section-2 to None, run_after=None
[2024-09-09T21:00:53.090-0300] {processor.py:208} INFO - Processing /mnt/c/Users/teu20/Documents/Poli/Repo/eEDB011-20243/atividade 6 - WSL/airflow/airflow_env/lib/python3.10/site-packages/airflow/example_dags/example_subdag_operator.py took 0.112 seconds
[2024-09-09T21:01:23.479-0300] {processor.py:186} INFO - Started process (PID=262591) to work on /mnt/c/Users/teu20/Documents/Poli/Repo/eEDB011-20243/atividade 6 - WSL/airflow/airflow_env/lib/python3.10/site-packages/airflow/example_dags/example_subdag_operator.py
[2024-09-09T21:01:23.480-0300] {processor.py:914} INFO - Processing file /mnt/c/Users/teu20/Documents/Poli/Repo/eEDB011-20243/atividade 6 - WSL/airflow/airflow_env/lib/python3.10/site-packages/airflow/example_dags/example_subdag_operator.py for tasks to queue
[2024-09-09T21:01:23.482-0300] {logging_mixin.py:190} INFO - [2024-09-09T21:01:23.481-0300] {dagbag.py:587} INFO - Filling up the DagBag from /mnt/c/Users/teu20/Documents/Poli/Repo/eEDB011-20243/atividade 6 - WSL/airflow/airflow_env/lib/python3.10/site-packages/airflow/example_dags/example_subdag_operator.py
[2024-09-09T21:01:23.535-0300] {processor.py:925} INFO - DAG(s) 'example_subdag_operator.section-1', 'example_subdag_operator.section-2', 'example_subdag_operator' retrieved from /mnt/c/Users/teu20/Documents/Poli/Repo/eEDB011-20243/atividade 6 - WSL/airflow/airflow_env/lib/python3.10/site-packages/airflow/example_dags/example_subdag_operator.py
[2024-09-09T21:01:23.547-0300] {logging_mixin.py:190} INFO - [2024-09-09T21:01:23.546-0300] {dag.py:3229} INFO - Sync 3 DAGs
[2024-09-09T21:01:23.560-0300] {logging_mixin.py:190} INFO - [2024-09-09T21:01:23.560-0300] {dag.py:4156} INFO - Setting next_dagrun for example_subdag_operator to 2022-01-01 00:00:00+00:00, run_after=2022-01-01 00:00:00+00:00
[2024-09-09T21:01:23.563-0300] {logging_mixin.py:190} INFO - [2024-09-09T21:01:23.563-0300] {dag.py:4156} INFO - Setting next_dagrun for example_subdag_operator.section-1 to None, run_after=None
[2024-09-09T21:01:23.565-0300] {logging_mixin.py:190} INFO - [2024-09-09T21:01:23.565-0300] {dag.py:4156} INFO - Setting next_dagrun for example_subdag_operator.section-2 to None, run_after=None
[2024-09-09T21:01:23.572-0300] {logging_mixin.py:190} INFO - [2024-09-09T21:01:23.572-0300] {dag.py:3229} INFO - Sync 2 DAGs
[2024-09-09T21:01:23.577-0300] {logging_mixin.py:190} INFO - [2024-09-09T21:01:23.576-0300] {dag.py:4156} INFO - Setting next_dagrun for example_subdag_operator.section-1 to None, run_after=None
[2024-09-09T21:01:23.578-0300] {logging_mixin.py:190} INFO - [2024-09-09T21:01:23.578-0300] {dag.py:4156} INFO - Setting next_dagrun for example_subdag_operator.section-2 to None, run_after=None
[2024-09-09T21:01:23.591-0300] {processor.py:208} INFO - Processing /mnt/c/Users/teu20/Documents/Poli/Repo/eEDB011-20243/atividade 6 - WSL/airflow/airflow_env/lib/python3.10/site-packages/airflow/example_dags/example_subdag_operator.py took 0.119 seconds
[2024-09-09T21:01:54.498-0300] {processor.py:186} INFO - Started process (PID=263027) to work on /mnt/c/Users/teu20/Documents/Poli/Repo/eEDB011-20243/atividade 6 - WSL/airflow/airflow_env/lib/python3.10/site-packages/airflow/example_dags/example_subdag_operator.py
[2024-09-09T21:01:54.499-0300] {processor.py:914} INFO - Processing file /mnt/c/Users/teu20/Documents/Poli/Repo/eEDB011-20243/atividade 6 - WSL/airflow/airflow_env/lib/python3.10/site-packages/airflow/example_dags/example_subdag_operator.py for tasks to queue
[2024-09-09T21:01:54.501-0300] {logging_mixin.py:190} INFO - [2024-09-09T21:01:54.500-0300] {dagbag.py:587} INFO - Filling up the DagBag from /mnt/c/Users/teu20/Documents/Poli/Repo/eEDB011-20243/atividade 6 - WSL/airflow/airflow_env/lib/python3.10/site-packages/airflow/example_dags/example_subdag_operator.py
[2024-09-09T21:01:54.553-0300] {processor.py:925} INFO - DAG(s) 'example_subdag_operator.section-1', 'example_subdag_operator.section-2', 'example_subdag_operator' retrieved from /mnt/c/Users/teu20/Documents/Poli/Repo/eEDB011-20243/atividade 6 - WSL/airflow/airflow_env/lib/python3.10/site-packages/airflow/example_dags/example_subdag_operator.py
[2024-09-09T21:01:54.564-0300] {logging_mixin.py:190} INFO - [2024-09-09T21:01:54.563-0300] {dag.py:3229} INFO - Sync 3 DAGs
[2024-09-09T21:01:54.576-0300] {logging_mixin.py:190} INFO - [2024-09-09T21:01:54.575-0300] {dag.py:4156} INFO - Setting next_dagrun for example_subdag_operator to 2022-01-01 00:00:00+00:00, run_after=2022-01-01 00:00:00+00:00
[2024-09-09T21:01:54.578-0300] {logging_mixin.py:190} INFO - [2024-09-09T21:01:54.578-0300] {dag.py:4156} INFO - Setting next_dagrun for example_subdag_operator.section-1 to None, run_after=None
[2024-09-09T21:01:54.580-0300] {logging_mixin.py:190} INFO - [2024-09-09T21:01:54.580-0300] {dag.py:4156} INFO - Setting next_dagrun for example_subdag_operator.section-2 to None, run_after=None
[2024-09-09T21:01:54.587-0300] {logging_mixin.py:190} INFO - [2024-09-09T21:01:54.586-0300] {dag.py:3229} INFO - Sync 2 DAGs
[2024-09-09T21:01:54.591-0300] {logging_mixin.py:190} INFO - [2024-09-09T21:01:54.590-0300] {dag.py:4156} INFO - Setting next_dagrun for example_subdag_operator.section-1 to None, run_after=None
[2024-09-09T21:01:54.592-0300] {logging_mixin.py:190} INFO - [2024-09-09T21:01:54.592-0300] {dag.py:4156} INFO - Setting next_dagrun for example_subdag_operator.section-2 to None, run_after=None
[2024-09-09T21:01:54.603-0300] {processor.py:208} INFO - Processing /mnt/c/Users/teu20/Documents/Poli/Repo/eEDB011-20243/atividade 6 - WSL/airflow/airflow_env/lib/python3.10/site-packages/airflow/example_dags/example_subdag_operator.py took 0.113 seconds
[2024-09-09T21:02:24.959-0300] {processor.py:186} INFO - Started process (PID=263457) to work on /mnt/c/Users/teu20/Documents/Poli/Repo/eEDB011-20243/atividade 6 - WSL/airflow/airflow_env/lib/python3.10/site-packages/airflow/example_dags/example_subdag_operator.py
[2024-09-09T21:02:24.960-0300] {processor.py:914} INFO - Processing file /mnt/c/Users/teu20/Documents/Poli/Repo/eEDB011-20243/atividade 6 - WSL/airflow/airflow_env/lib/python3.10/site-packages/airflow/example_dags/example_subdag_operator.py for tasks to queue
[2024-09-09T21:02:24.962-0300] {logging_mixin.py:190} INFO - [2024-09-09T21:02:24.961-0300] {dagbag.py:587} INFO - Filling up the DagBag from /mnt/c/Users/teu20/Documents/Poli/Repo/eEDB011-20243/atividade 6 - WSL/airflow/airflow_env/lib/python3.10/site-packages/airflow/example_dags/example_subdag_operator.py
[2024-09-09T21:02:25.014-0300] {processor.py:925} INFO - DAG(s) 'example_subdag_operator.section-1', 'example_subdag_operator.section-2', 'example_subdag_operator' retrieved from /mnt/c/Users/teu20/Documents/Poli/Repo/eEDB011-20243/atividade 6 - WSL/airflow/airflow_env/lib/python3.10/site-packages/airflow/example_dags/example_subdag_operator.py
[2024-09-09T21:02:25.025-0300] {logging_mixin.py:190} INFO - [2024-09-09T21:02:25.025-0300] {dag.py:3229} INFO - Sync 3 DAGs
[2024-09-09T21:02:25.037-0300] {logging_mixin.py:190} INFO - [2024-09-09T21:02:25.036-0300] {dag.py:4156} INFO - Setting next_dagrun for example_subdag_operator to 2022-01-01 00:00:00+00:00, run_after=2022-01-01 00:00:00+00:00
[2024-09-09T21:02:25.040-0300] {logging_mixin.py:190} INFO - [2024-09-09T21:02:25.039-0300] {dag.py:4156} INFO - Setting next_dagrun for example_subdag_operator.section-1 to None, run_after=None
[2024-09-09T21:02:25.042-0300] {logging_mixin.py:190} INFO - [2024-09-09T21:02:25.041-0300] {dag.py:4156} INFO - Setting next_dagrun for example_subdag_operator.section-2 to None, run_after=None
[2024-09-09T21:02:25.049-0300] {logging_mixin.py:190} INFO - [2024-09-09T21:02:25.048-0300] {dag.py:3229} INFO - Sync 2 DAGs
[2024-09-09T21:02:25.053-0300] {logging_mixin.py:190} INFO - [2024-09-09T21:02:25.053-0300] {dag.py:4156} INFO - Setting next_dagrun for example_subdag_operator.section-1 to None, run_after=None
[2024-09-09T21:02:25.055-0300] {logging_mixin.py:190} INFO - [2024-09-09T21:02:25.054-0300] {dag.py:4156} INFO - Setting next_dagrun for example_subdag_operator.section-2 to None, run_after=None
[2024-09-09T21:02:25.066-0300] {processor.py:208} INFO - Processing /mnt/c/Users/teu20/Documents/Poli/Repo/eEDB011-20243/atividade 6 - WSL/airflow/airflow_env/lib/python3.10/site-packages/airflow/example_dags/example_subdag_operator.py took 0.115 seconds
[2024-09-09T21:02:55.498-0300] {processor.py:186} INFO - Started process (PID=263888) to work on /mnt/c/Users/teu20/Documents/Poli/Repo/eEDB011-20243/atividade 6 - WSL/airflow/airflow_env/lib/python3.10/site-packages/airflow/example_dags/example_subdag_operator.py
[2024-09-09T21:02:55.499-0300] {processor.py:914} INFO - Processing file /mnt/c/Users/teu20/Documents/Poli/Repo/eEDB011-20243/atividade 6 - WSL/airflow/airflow_env/lib/python3.10/site-packages/airflow/example_dags/example_subdag_operator.py for tasks to queue
[2024-09-09T21:02:55.500-0300] {logging_mixin.py:190} INFO - [2024-09-09T21:02:55.500-0300] {dagbag.py:587} INFO - Filling up the DagBag from /mnt/c/Users/teu20/Documents/Poli/Repo/eEDB011-20243/atividade 6 - WSL/airflow/airflow_env/lib/python3.10/site-packages/airflow/example_dags/example_subdag_operator.py
[2024-09-09T21:02:55.553-0300] {processor.py:925} INFO - DAG(s) 'example_subdag_operator.section-1', 'example_subdag_operator.section-2', 'example_subdag_operator' retrieved from /mnt/c/Users/teu20/Documents/Poli/Repo/eEDB011-20243/atividade 6 - WSL/airflow/airflow_env/lib/python3.10/site-packages/airflow/example_dags/example_subdag_operator.py
[2024-09-09T21:02:55.564-0300] {logging_mixin.py:190} INFO - [2024-09-09T21:02:55.563-0300] {dag.py:3229} INFO - Sync 3 DAGs
[2024-09-09T21:02:55.575-0300] {logging_mixin.py:190} INFO - [2024-09-09T21:02:55.574-0300] {dag.py:4156} INFO - Setting next_dagrun for example_subdag_operator to 2022-01-01 00:00:00+00:00, run_after=2022-01-01 00:00:00+00:00
[2024-09-09T21:02:55.578-0300] {logging_mixin.py:190} INFO - [2024-09-09T21:02:55.577-0300] {dag.py:4156} INFO - Setting next_dagrun for example_subdag_operator.section-1 to None, run_after=None
[2024-09-09T21:02:55.580-0300] {logging_mixin.py:190} INFO - [2024-09-09T21:02:55.579-0300] {dag.py:4156} INFO - Setting next_dagrun for example_subdag_operator.section-2 to None, run_after=None
[2024-09-09T21:02:55.586-0300] {logging_mixin.py:190} INFO - [2024-09-09T21:02:55.586-0300] {dag.py:3229} INFO - Sync 2 DAGs
[2024-09-09T21:02:55.590-0300] {logging_mixin.py:190} INFO - [2024-09-09T21:02:55.590-0300] {dag.py:4156} INFO - Setting next_dagrun for example_subdag_operator.section-1 to None, run_after=None
[2024-09-09T21:02:55.592-0300] {logging_mixin.py:190} INFO - [2024-09-09T21:02:55.591-0300] {dag.py:4156} INFO - Setting next_dagrun for example_subdag_operator.section-2 to None, run_after=None
[2024-09-09T21:02:55.603-0300] {processor.py:208} INFO - Processing /mnt/c/Users/teu20/Documents/Poli/Repo/eEDB011-20243/atividade 6 - WSL/airflow/airflow_env/lib/python3.10/site-packages/airflow/example_dags/example_subdag_operator.py took 0.113 seconds
[2024-09-09T21:03:26.219-0300] {processor.py:186} INFO - Started process (PID=264321) to work on /mnt/c/Users/teu20/Documents/Poli/Repo/eEDB011-20243/atividade 6 - WSL/airflow/airflow_env/lib/python3.10/site-packages/airflow/example_dags/example_subdag_operator.py
[2024-09-09T21:03:26.220-0300] {processor.py:914} INFO - Processing file /mnt/c/Users/teu20/Documents/Poli/Repo/eEDB011-20243/atividade 6 - WSL/airflow/airflow_env/lib/python3.10/site-packages/airflow/example_dags/example_subdag_operator.py for tasks to queue
[2024-09-09T21:03:26.222-0300] {logging_mixin.py:190} INFO - [2024-09-09T21:03:26.221-0300] {dagbag.py:587} INFO - Filling up the DagBag from /mnt/c/Users/teu20/Documents/Poli/Repo/eEDB011-20243/atividade 6 - WSL/airflow/airflow_env/lib/python3.10/site-packages/airflow/example_dags/example_subdag_operator.py
[2024-09-09T21:03:26.271-0300] {processor.py:925} INFO - DAG(s) 'example_subdag_operator.section-1', 'example_subdag_operator.section-2', 'example_subdag_operator' retrieved from /mnt/c/Users/teu20/Documents/Poli/Repo/eEDB011-20243/atividade 6 - WSL/airflow/airflow_env/lib/python3.10/site-packages/airflow/example_dags/example_subdag_operator.py
[2024-09-09T21:03:26.282-0300] {logging_mixin.py:190} INFO - [2024-09-09T21:03:26.281-0300] {dag.py:3229} INFO - Sync 3 DAGs
[2024-09-09T21:03:26.293-0300] {logging_mixin.py:190} INFO - [2024-09-09T21:03:26.293-0300] {dag.py:4156} INFO - Setting next_dagrun for example_subdag_operator to 2022-01-01 00:00:00+00:00, run_after=2022-01-01 00:00:00+00:00
[2024-09-09T21:03:26.296-0300] {logging_mixin.py:190} INFO - [2024-09-09T21:03:26.296-0300] {dag.py:4156} INFO - Setting next_dagrun for example_subdag_operator.section-1 to None, run_after=None
[2024-09-09T21:03:26.298-0300] {logging_mixin.py:190} INFO - [2024-09-09T21:03:26.298-0300] {dag.py:4156} INFO - Setting next_dagrun for example_subdag_operator.section-2 to None, run_after=None
[2024-09-09T21:03:26.305-0300] {logging_mixin.py:190} INFO - [2024-09-09T21:03:26.305-0300] {dag.py:3229} INFO - Sync 2 DAGs
[2024-09-09T21:03:26.310-0300] {logging_mixin.py:190} INFO - [2024-09-09T21:03:26.309-0300] {dag.py:4156} INFO - Setting next_dagrun for example_subdag_operator.section-1 to None, run_after=None
[2024-09-09T21:03:26.311-0300] {logging_mixin.py:190} INFO - [2024-09-09T21:03:26.310-0300] {dag.py:4156} INFO - Setting next_dagrun for example_subdag_operator.section-2 to None, run_after=None
[2024-09-09T21:03:26.322-0300] {processor.py:208} INFO - Processing /mnt/c/Users/teu20/Documents/Poli/Repo/eEDB011-20243/atividade 6 - WSL/airflow/airflow_env/lib/python3.10/site-packages/airflow/example_dags/example_subdag_operator.py took 0.111 seconds
[2024-09-09T21:03:56.755-0300] {processor.py:186} INFO - Started process (PID=264760) to work on /mnt/c/Users/teu20/Documents/Poli/Repo/eEDB011-20243/atividade 6 - WSL/airflow/airflow_env/lib/python3.10/site-packages/airflow/example_dags/example_subdag_operator.py
[2024-09-09T21:03:56.756-0300] {processor.py:914} INFO - Processing file /mnt/c/Users/teu20/Documents/Poli/Repo/eEDB011-20243/atividade 6 - WSL/airflow/airflow_env/lib/python3.10/site-packages/airflow/example_dags/example_subdag_operator.py for tasks to queue
[2024-09-09T21:03:56.757-0300] {logging_mixin.py:190} INFO - [2024-09-09T21:03:56.757-0300] {dagbag.py:587} INFO - Filling up the DagBag from /mnt/c/Users/teu20/Documents/Poli/Repo/eEDB011-20243/atividade 6 - WSL/airflow/airflow_env/lib/python3.10/site-packages/airflow/example_dags/example_subdag_operator.py
[2024-09-09T21:03:56.807-0300] {processor.py:925} INFO - DAG(s) 'example_subdag_operator.section-1', 'example_subdag_operator.section-2', 'example_subdag_operator' retrieved from /mnt/c/Users/teu20/Documents/Poli/Repo/eEDB011-20243/atividade 6 - WSL/airflow/airflow_env/lib/python3.10/site-packages/airflow/example_dags/example_subdag_operator.py
[2024-09-09T21:03:56.819-0300] {logging_mixin.py:190} INFO - [2024-09-09T21:03:56.818-0300] {dag.py:3229} INFO - Sync 3 DAGs
[2024-09-09T21:03:56.832-0300] {logging_mixin.py:190} INFO - [2024-09-09T21:03:56.831-0300] {dag.py:4156} INFO - Setting next_dagrun for example_subdag_operator to 2022-01-01 00:00:00+00:00, run_after=2022-01-01 00:00:00+00:00
[2024-09-09T21:03:56.835-0300] {logging_mixin.py:190} INFO - [2024-09-09T21:03:56.834-0300] {dag.py:4156} INFO - Setting next_dagrun for example_subdag_operator.section-1 to None, run_after=None
[2024-09-09T21:03:56.837-0300] {logging_mixin.py:190} INFO - [2024-09-09T21:03:56.836-0300] {dag.py:4156} INFO - Setting next_dagrun for example_subdag_operator.section-2 to None, run_after=None
[2024-09-09T21:03:56.845-0300] {logging_mixin.py:190} INFO - [2024-09-09T21:03:56.844-0300] {dag.py:3229} INFO - Sync 2 DAGs
[2024-09-09T21:03:56.849-0300] {logging_mixin.py:190} INFO - [2024-09-09T21:03:56.849-0300] {dag.py:4156} INFO - Setting next_dagrun for example_subdag_operator.section-1 to None, run_after=None
[2024-09-09T21:03:56.851-0300] {logging_mixin.py:190} INFO - [2024-09-09T21:03:56.850-0300] {dag.py:4156} INFO - Setting next_dagrun for example_subdag_operator.section-2 to None, run_after=None
[2024-09-09T21:03:56.863-0300] {processor.py:208} INFO - Processing /mnt/c/Users/teu20/Documents/Poli/Repo/eEDB011-20243/atividade 6 - WSL/airflow/airflow_env/lib/python3.10/site-packages/airflow/example_dags/example_subdag_operator.py took 0.116 seconds
[2024-09-09T21:04:27.171-0300] {processor.py:186} INFO - Started process (PID=265193) to work on /mnt/c/Users/teu20/Documents/Poli/Repo/eEDB011-20243/atividade 6 - WSL/airflow/airflow_env/lib/python3.10/site-packages/airflow/example_dags/example_subdag_operator.py
[2024-09-09T21:04:27.172-0300] {processor.py:914} INFO - Processing file /mnt/c/Users/teu20/Documents/Poli/Repo/eEDB011-20243/atividade 6 - WSL/airflow/airflow_env/lib/python3.10/site-packages/airflow/example_dags/example_subdag_operator.py for tasks to queue
[2024-09-09T21:04:27.174-0300] {logging_mixin.py:190} INFO - [2024-09-09T21:04:27.173-0300] {dagbag.py:587} INFO - Filling up the DagBag from /mnt/c/Users/teu20/Documents/Poli/Repo/eEDB011-20243/atividade 6 - WSL/airflow/airflow_env/lib/python3.10/site-packages/airflow/example_dags/example_subdag_operator.py
[2024-09-09T21:04:27.231-0300] {processor.py:925} INFO - DAG(s) 'example_subdag_operator.section-1', 'example_subdag_operator.section-2', 'example_subdag_operator' retrieved from /mnt/c/Users/teu20/Documents/Poli/Repo/eEDB011-20243/atividade 6 - WSL/airflow/airflow_env/lib/python3.10/site-packages/airflow/example_dags/example_subdag_operator.py
[2024-09-09T21:04:27.244-0300] {logging_mixin.py:190} INFO - [2024-09-09T21:04:27.243-0300] {dag.py:3229} INFO - Sync 3 DAGs
[2024-09-09T21:04:27.260-0300] {logging_mixin.py:190} INFO - [2024-09-09T21:04:27.259-0300] {dag.py:4156} INFO - Setting next_dagrun for example_subdag_operator to 2022-01-01 00:00:00+00:00, run_after=2022-01-01 00:00:00+00:00
[2024-09-09T21:04:27.264-0300] {logging_mixin.py:190} INFO - [2024-09-09T21:04:27.263-0300] {dag.py:4156} INFO - Setting next_dagrun for example_subdag_operator.section-1 to None, run_after=None
[2024-09-09T21:04:27.266-0300] {logging_mixin.py:190} INFO - [2024-09-09T21:04:27.266-0300] {dag.py:4156} INFO - Setting next_dagrun for example_subdag_operator.section-2 to None, run_after=None
[2024-09-09T21:04:27.275-0300] {logging_mixin.py:190} INFO - [2024-09-09T21:04:27.275-0300] {dag.py:3229} INFO - Sync 2 DAGs
[2024-09-09T21:04:27.281-0300] {logging_mixin.py:190} INFO - [2024-09-09T21:04:27.280-0300] {dag.py:4156} INFO - Setting next_dagrun for example_subdag_operator.section-1 to None, run_after=None
[2024-09-09T21:04:27.283-0300] {logging_mixin.py:190} INFO - [2024-09-09T21:04:27.282-0300] {dag.py:4156} INFO - Setting next_dagrun for example_subdag_operator.section-2 to None, run_after=None
[2024-09-09T21:04:27.297-0300] {processor.py:208} INFO - Processing /mnt/c/Users/teu20/Documents/Poli/Repo/eEDB011-20243/atividade 6 - WSL/airflow/airflow_env/lib/python3.10/site-packages/airflow/example_dags/example_subdag_operator.py took 0.135 seconds
[2024-09-09T21:04:57.560-0300] {processor.py:186} INFO - Started process (PID=266346) to work on /mnt/c/Users/teu20/Documents/Poli/Repo/eEDB011-20243/atividade 6 - WSL/airflow/airflow_env/lib/python3.10/site-packages/airflow/example_dags/example_subdag_operator.py
[2024-09-09T21:04:57.562-0300] {processor.py:914} INFO - Processing file /mnt/c/Users/teu20/Documents/Poli/Repo/eEDB011-20243/atividade 6 - WSL/airflow/airflow_env/lib/python3.10/site-packages/airflow/example_dags/example_subdag_operator.py for tasks to queue
[2024-09-09T21:04:57.564-0300] {logging_mixin.py:190} INFO - [2024-09-09T21:04:57.563-0300] {dagbag.py:587} INFO - Filling up the DagBag from /mnt/c/Users/teu20/Documents/Poli/Repo/eEDB011-20243/atividade 6 - WSL/airflow/airflow_env/lib/python3.10/site-packages/airflow/example_dags/example_subdag_operator.py
[2024-09-09T21:04:57.618-0300] {processor.py:925} INFO - DAG(s) 'example_subdag_operator.section-1', 'example_subdag_operator.section-2', 'example_subdag_operator' retrieved from /mnt/c/Users/teu20/Documents/Poli/Repo/eEDB011-20243/atividade 6 - WSL/airflow/airflow_env/lib/python3.10/site-packages/airflow/example_dags/example_subdag_operator.py
[2024-09-09T21:04:57.630-0300] {logging_mixin.py:190} INFO - [2024-09-09T21:04:57.629-0300] {dag.py:3229} INFO - Sync 3 DAGs
[2024-09-09T21:04:57.643-0300] {logging_mixin.py:190} INFO - [2024-09-09T21:04:57.642-0300] {dag.py:4156} INFO - Setting next_dagrun for example_subdag_operator to 2022-01-01 00:00:00+00:00, run_after=2022-01-01 00:00:00+00:00
[2024-09-09T21:04:57.646-0300] {logging_mixin.py:190} INFO - [2024-09-09T21:04:57.645-0300] {dag.py:4156} INFO - Setting next_dagrun for example_subdag_operator.section-1 to None, run_after=None
[2024-09-09T21:04:57.648-0300] {logging_mixin.py:190} INFO - [2024-09-09T21:04:57.647-0300] {dag.py:4156} INFO - Setting next_dagrun for example_subdag_operator.section-2 to None, run_after=None
[2024-09-09T21:04:57.655-0300] {logging_mixin.py:190} INFO - [2024-09-09T21:04:57.654-0300] {dag.py:3229} INFO - Sync 2 DAGs
[2024-09-09T21:04:57.659-0300] {logging_mixin.py:190} INFO - [2024-09-09T21:04:57.659-0300] {dag.py:4156} INFO - Setting next_dagrun for example_subdag_operator.section-1 to None, run_after=None
[2024-09-09T21:04:57.661-0300] {logging_mixin.py:190} INFO - [2024-09-09T21:04:57.660-0300] {dag.py:4156} INFO - Setting next_dagrun for example_subdag_operator.section-2 to None, run_after=None
[2024-09-09T21:04:57.673-0300] {processor.py:208} INFO - Processing /mnt/c/Users/teu20/Documents/Poli/Repo/eEDB011-20243/atividade 6 - WSL/airflow/airflow_env/lib/python3.10/site-packages/airflow/example_dags/example_subdag_operator.py took 0.121 seconds
[2024-09-09T21:05:27.887-0300] {processor.py:186} INFO - Started process (PID=266937) to work on /mnt/c/Users/teu20/Documents/Poli/Repo/eEDB011-20243/atividade 6 - WSL/airflow/airflow_env/lib/python3.10/site-packages/airflow/example_dags/example_subdag_operator.py
[2024-09-09T21:05:27.888-0300] {processor.py:914} INFO - Processing file /mnt/c/Users/teu20/Documents/Poli/Repo/eEDB011-20243/atividade 6 - WSL/airflow/airflow_env/lib/python3.10/site-packages/airflow/example_dags/example_subdag_operator.py for tasks to queue
[2024-09-09T21:05:27.890-0300] {logging_mixin.py:190} INFO - [2024-09-09T21:05:27.889-0300] {dagbag.py:587} INFO - Filling up the DagBag from /mnt/c/Users/teu20/Documents/Poli/Repo/eEDB011-20243/atividade 6 - WSL/airflow/airflow_env/lib/python3.10/site-packages/airflow/example_dags/example_subdag_operator.py
[2024-09-09T21:05:27.946-0300] {processor.py:925} INFO - DAG(s) 'example_subdag_operator.section-1', 'example_subdag_operator.section-2', 'example_subdag_operator' retrieved from /mnt/c/Users/teu20/Documents/Poli/Repo/eEDB011-20243/atividade 6 - WSL/airflow/airflow_env/lib/python3.10/site-packages/airflow/example_dags/example_subdag_operator.py
[2024-09-09T21:05:27.958-0300] {logging_mixin.py:190} INFO - [2024-09-09T21:05:27.958-0300] {dag.py:3229} INFO - Sync 3 DAGs
[2024-09-09T21:05:27.972-0300] {logging_mixin.py:190} INFO - [2024-09-09T21:05:27.971-0300] {dag.py:4156} INFO - Setting next_dagrun for example_subdag_operator to 2022-01-01 00:00:00+00:00, run_after=2022-01-01 00:00:00+00:00
[2024-09-09T21:05:27.975-0300] {logging_mixin.py:190} INFO - [2024-09-09T21:05:27.974-0300] {dag.py:4156} INFO - Setting next_dagrun for example_subdag_operator.section-1 to None, run_after=None
[2024-09-09T21:05:27.976-0300] {logging_mixin.py:190} INFO - [2024-09-09T21:05:27.976-0300] {dag.py:4156} INFO - Setting next_dagrun for example_subdag_operator.section-2 to None, run_after=None
[2024-09-09T21:05:27.984-0300] {logging_mixin.py:190} INFO - [2024-09-09T21:05:27.983-0300] {dag.py:3229} INFO - Sync 2 DAGs
[2024-09-09T21:05:27.988-0300] {logging_mixin.py:190} INFO - [2024-09-09T21:05:27.987-0300] {dag.py:4156} INFO - Setting next_dagrun for example_subdag_operator.section-1 to None, run_after=None
[2024-09-09T21:05:27.989-0300] {logging_mixin.py:190} INFO - [2024-09-09T21:05:27.989-0300] {dag.py:4156} INFO - Setting next_dagrun for example_subdag_operator.section-2 to None, run_after=None
[2024-09-09T21:05:28.001-0300] {processor.py:208} INFO - Processing /mnt/c/Users/teu20/Documents/Poli/Repo/eEDB011-20243/atividade 6 - WSL/airflow/airflow_env/lib/python3.10/site-packages/airflow/example_dags/example_subdag_operator.py took 0.122 seconds
[2024-09-09T21:05:58.346-0300] {processor.py:186} INFO - Started process (PID=267366) to work on /mnt/c/Users/teu20/Documents/Poli/Repo/eEDB011-20243/atividade 6 - WSL/airflow/airflow_env/lib/python3.10/site-packages/airflow/example_dags/example_subdag_operator.py
[2024-09-09T21:05:58.347-0300] {processor.py:914} INFO - Processing file /mnt/c/Users/teu20/Documents/Poli/Repo/eEDB011-20243/atividade 6 - WSL/airflow/airflow_env/lib/python3.10/site-packages/airflow/example_dags/example_subdag_operator.py for tasks to queue
[2024-09-09T21:05:58.349-0300] {logging_mixin.py:190} INFO - [2024-09-09T21:05:58.348-0300] {dagbag.py:587} INFO - Filling up the DagBag from /mnt/c/Users/teu20/Documents/Poli/Repo/eEDB011-20243/atividade 6 - WSL/airflow/airflow_env/lib/python3.10/site-packages/airflow/example_dags/example_subdag_operator.py
[2024-09-09T21:05:58.402-0300] {processor.py:925} INFO - DAG(s) 'example_subdag_operator.section-1', 'example_subdag_operator.section-2', 'example_subdag_operator' retrieved from /mnt/c/Users/teu20/Documents/Poli/Repo/eEDB011-20243/atividade 6 - WSL/airflow/airflow_env/lib/python3.10/site-packages/airflow/example_dags/example_subdag_operator.py
[2024-09-09T21:05:58.415-0300] {logging_mixin.py:190} INFO - [2024-09-09T21:05:58.414-0300] {dag.py:3229} INFO - Sync 3 DAGs
[2024-09-09T21:05:58.426-0300] {logging_mixin.py:190} INFO - [2024-09-09T21:05:58.426-0300] {dag.py:4156} INFO - Setting next_dagrun for example_subdag_operator to 2022-01-01 00:00:00+00:00, run_after=2022-01-01 00:00:00+00:00
[2024-09-09T21:05:58.429-0300] {logging_mixin.py:190} INFO - [2024-09-09T21:05:58.429-0300] {dag.py:4156} INFO - Setting next_dagrun for example_subdag_operator.section-1 to None, run_after=None
[2024-09-09T21:05:58.431-0300] {logging_mixin.py:190} INFO - [2024-09-09T21:05:58.431-0300] {dag.py:4156} INFO - Setting next_dagrun for example_subdag_operator.section-2 to None, run_after=None
[2024-09-09T21:05:58.439-0300] {logging_mixin.py:190} INFO - [2024-09-09T21:05:58.438-0300] {dag.py:3229} INFO - Sync 2 DAGs
[2024-09-09T21:05:58.443-0300] {logging_mixin.py:190} INFO - [2024-09-09T21:05:58.442-0300] {dag.py:4156} INFO - Setting next_dagrun for example_subdag_operator.section-1 to None, run_after=None
[2024-09-09T21:05:58.444-0300] {logging_mixin.py:190} INFO - [2024-09-09T21:05:58.444-0300] {dag.py:4156} INFO - Setting next_dagrun for example_subdag_operator.section-2 to None, run_after=None
[2024-09-09T21:05:58.456-0300] {processor.py:208} INFO - Processing /mnt/c/Users/teu20/Documents/Poli/Repo/eEDB011-20243/atividade 6 - WSL/airflow/airflow_env/lib/python3.10/site-packages/airflow/example_dags/example_subdag_operator.py took 0.118 seconds
[2024-09-09T21:06:29.043-0300] {processor.py:186} INFO - Started process (PID=267820) to work on /mnt/c/Users/teu20/Documents/Poli/Repo/eEDB011-20243/atividade 6 - WSL/airflow/airflow_env/lib/python3.10/site-packages/airflow/example_dags/example_subdag_operator.py
[2024-09-09T21:06:29.045-0300] {processor.py:914} INFO - Processing file /mnt/c/Users/teu20/Documents/Poli/Repo/eEDB011-20243/atividade 6 - WSL/airflow/airflow_env/lib/python3.10/site-packages/airflow/example_dags/example_subdag_operator.py for tasks to queue
[2024-09-09T21:06:29.047-0300] {logging_mixin.py:190} INFO - [2024-09-09T21:06:29.046-0300] {dagbag.py:587} INFO - Filling up the DagBag from /mnt/c/Users/teu20/Documents/Poli/Repo/eEDB011-20243/atividade 6 - WSL/airflow/airflow_env/lib/python3.10/site-packages/airflow/example_dags/example_subdag_operator.py
[2024-09-09T21:06:29.102-0300] {processor.py:925} INFO - DAG(s) 'example_subdag_operator.section-1', 'example_subdag_operator.section-2', 'example_subdag_operator' retrieved from /mnt/c/Users/teu20/Documents/Poli/Repo/eEDB011-20243/atividade 6 - WSL/airflow/airflow_env/lib/python3.10/site-packages/airflow/example_dags/example_subdag_operator.py
[2024-09-09T21:06:29.116-0300] {logging_mixin.py:190} INFO - [2024-09-09T21:06:29.115-0300] {dag.py:3229} INFO - Sync 3 DAGs
[2024-09-09T21:06:29.129-0300] {logging_mixin.py:190} INFO - [2024-09-09T21:06:29.129-0300] {dag.py:4156} INFO - Setting next_dagrun for example_subdag_operator to 2022-01-01 00:00:00+00:00, run_after=2022-01-01 00:00:00+00:00
[2024-09-09T21:06:29.132-0300] {logging_mixin.py:190} INFO - [2024-09-09T21:06:29.132-0300] {dag.py:4156} INFO - Setting next_dagrun for example_subdag_operator.section-1 to None, run_after=None
[2024-09-09T21:06:29.135-0300] {logging_mixin.py:190} INFO - [2024-09-09T21:06:29.134-0300] {dag.py:4156} INFO - Setting next_dagrun for example_subdag_operator.section-2 to None, run_after=None
[2024-09-09T21:06:29.142-0300] {logging_mixin.py:190} INFO - [2024-09-09T21:06:29.141-0300] {dag.py:3229} INFO - Sync 2 DAGs
[2024-09-09T21:06:29.147-0300] {logging_mixin.py:190} INFO - [2024-09-09T21:06:29.146-0300] {dag.py:4156} INFO - Setting next_dagrun for example_subdag_operator.section-1 to None, run_after=None
[2024-09-09T21:06:29.148-0300] {logging_mixin.py:190} INFO - [2024-09-09T21:06:29.148-0300] {dag.py:4156} INFO - Setting next_dagrun for example_subdag_operator.section-2 to None, run_after=None
[2024-09-09T21:06:29.161-0300] {processor.py:208} INFO - Processing /mnt/c/Users/teu20/Documents/Poli/Repo/eEDB011-20243/atividade 6 - WSL/airflow/airflow_env/lib/python3.10/site-packages/airflow/example_dags/example_subdag_operator.py took 0.126 seconds
[2024-09-09T21:06:59.403-0300] {processor.py:186} INFO - Started process (PID=268443) to work on /mnt/c/Users/teu20/Documents/Poli/Repo/eEDB011-20243/atividade 6 - WSL/airflow/airflow_env/lib/python3.10/site-packages/airflow/example_dags/example_subdag_operator.py
[2024-09-09T21:06:59.404-0300] {processor.py:914} INFO - Processing file /mnt/c/Users/teu20/Documents/Poli/Repo/eEDB011-20243/atividade 6 - WSL/airflow/airflow_env/lib/python3.10/site-packages/airflow/example_dags/example_subdag_operator.py for tasks to queue
[2024-09-09T21:06:59.406-0300] {logging_mixin.py:190} INFO - [2024-09-09T21:06:59.405-0300] {dagbag.py:587} INFO - Filling up the DagBag from /mnt/c/Users/teu20/Documents/Poli/Repo/eEDB011-20243/atividade 6 - WSL/airflow/airflow_env/lib/python3.10/site-packages/airflow/example_dags/example_subdag_operator.py
[2024-09-09T21:06:59.459-0300] {processor.py:925} INFO - DAG(s) 'example_subdag_operator.section-1', 'example_subdag_operator.section-2', 'example_subdag_operator' retrieved from /mnt/c/Users/teu20/Documents/Poli/Repo/eEDB011-20243/atividade 6 - WSL/airflow/airflow_env/lib/python3.10/site-packages/airflow/example_dags/example_subdag_operator.py
[2024-09-09T21:06:59.470-0300] {logging_mixin.py:190} INFO - [2024-09-09T21:06:59.469-0300] {dag.py:3229} INFO - Sync 3 DAGs
[2024-09-09T21:06:59.481-0300] {logging_mixin.py:190} INFO - [2024-09-09T21:06:59.481-0300] {dag.py:4156} INFO - Setting next_dagrun for example_subdag_operator to 2022-01-01 00:00:00+00:00, run_after=2022-01-01 00:00:00+00:00
[2024-09-09T21:06:59.484-0300] {logging_mixin.py:190} INFO - [2024-09-09T21:06:59.484-0300] {dag.py:4156} INFO - Setting next_dagrun for example_subdag_operator.section-1 to None, run_after=None
[2024-09-09T21:06:59.486-0300] {logging_mixin.py:190} INFO - [2024-09-09T21:06:59.486-0300] {dag.py:4156} INFO - Setting next_dagrun for example_subdag_operator.section-2 to None, run_after=None
[2024-09-09T21:06:59.493-0300] {logging_mixin.py:190} INFO - [2024-09-09T21:06:59.493-0300] {dag.py:3229} INFO - Sync 2 DAGs
[2024-09-09T21:06:59.497-0300] {logging_mixin.py:190} INFO - [2024-09-09T21:06:59.497-0300] {dag.py:4156} INFO - Setting next_dagrun for example_subdag_operator.section-1 to None, run_after=None
[2024-09-09T21:06:59.499-0300] {logging_mixin.py:190} INFO - [2024-09-09T21:06:59.498-0300] {dag.py:4156} INFO - Setting next_dagrun for example_subdag_operator.section-2 to None, run_after=None
[2024-09-09T21:06:59.511-0300] {processor.py:208} INFO - Processing /mnt/c/Users/teu20/Documents/Poli/Repo/eEDB011-20243/atividade 6 - WSL/airflow/airflow_env/lib/python3.10/site-packages/airflow/example_dags/example_subdag_operator.py took 0.115 seconds
[2024-09-09T21:07:29.924-0300] {processor.py:186} INFO - Started process (PID=269113) to work on /mnt/c/Users/teu20/Documents/Poli/Repo/eEDB011-20243/atividade 6 - WSL/airflow/airflow_env/lib/python3.10/site-packages/airflow/example_dags/example_subdag_operator.py
[2024-09-09T21:07:29.925-0300] {processor.py:914} INFO - Processing file /mnt/c/Users/teu20/Documents/Poli/Repo/eEDB011-20243/atividade 6 - WSL/airflow/airflow_env/lib/python3.10/site-packages/airflow/example_dags/example_subdag_operator.py for tasks to queue
[2024-09-09T21:07:29.927-0300] {logging_mixin.py:190} INFO - [2024-09-09T21:07:29.926-0300] {dagbag.py:587} INFO - Filling up the DagBag from /mnt/c/Users/teu20/Documents/Poli/Repo/eEDB011-20243/atividade 6 - WSL/airflow/airflow_env/lib/python3.10/site-packages/airflow/example_dags/example_subdag_operator.py
[2024-09-09T21:07:29.975-0300] {processor.py:925} INFO - DAG(s) 'example_subdag_operator.section-1', 'example_subdag_operator.section-2', 'example_subdag_operator' retrieved from /mnt/c/Users/teu20/Documents/Poli/Repo/eEDB011-20243/atividade 6 - WSL/airflow/airflow_env/lib/python3.10/site-packages/airflow/example_dags/example_subdag_operator.py
[2024-09-09T21:07:29.987-0300] {logging_mixin.py:190} INFO - [2024-09-09T21:07:29.987-0300] {dag.py:3229} INFO - Sync 3 DAGs
[2024-09-09T21:07:30.000-0300] {logging_mixin.py:190} INFO - [2024-09-09T21:07:29.999-0300] {dag.py:4156} INFO - Setting next_dagrun for example_subdag_operator to 2022-01-01 00:00:00+00:00, run_after=2022-01-01 00:00:00+00:00
[2024-09-09T21:07:30.003-0300] {logging_mixin.py:190} INFO - [2024-09-09T21:07:30.002-0300] {dag.py:4156} INFO - Setting next_dagrun for example_subdag_operator.section-1 to None, run_after=None
[2024-09-09T21:07:30.005-0300] {logging_mixin.py:190} INFO - [2024-09-09T21:07:30.004-0300] {dag.py:4156} INFO - Setting next_dagrun for example_subdag_operator.section-2 to None, run_after=None
[2024-09-09T21:07:30.013-0300] {logging_mixin.py:190} INFO - [2024-09-09T21:07:30.012-0300] {dag.py:3229} INFO - Sync 2 DAGs
[2024-09-09T21:07:30.017-0300] {logging_mixin.py:190} INFO - [2024-09-09T21:07:30.017-0300] {dag.py:4156} INFO - Setting next_dagrun for example_subdag_operator.section-1 to None, run_after=None
[2024-09-09T21:07:30.019-0300] {logging_mixin.py:190} INFO - [2024-09-09T21:07:30.018-0300] {dag.py:4156} INFO - Setting next_dagrun for example_subdag_operator.section-2 to None, run_after=None
[2024-09-09T21:07:30.032-0300] {processor.py:208} INFO - Processing /mnt/c/Users/teu20/Documents/Poli/Repo/eEDB011-20243/atividade 6 - WSL/airflow/airflow_env/lib/python3.10/site-packages/airflow/example_dags/example_subdag_operator.py took 0.116 seconds
[2024-09-09T21:08:00.449-0300] {processor.py:186} INFO - Started process (PID=269610) to work on /mnt/c/Users/teu20/Documents/Poli/Repo/eEDB011-20243/atividade 6 - WSL/airflow/airflow_env/lib/python3.10/site-packages/airflow/example_dags/example_subdag_operator.py
[2024-09-09T21:08:00.450-0300] {processor.py:914} INFO - Processing file /mnt/c/Users/teu20/Documents/Poli/Repo/eEDB011-20243/atividade 6 - WSL/airflow/airflow_env/lib/python3.10/site-packages/airflow/example_dags/example_subdag_operator.py for tasks to queue
[2024-09-09T21:08:00.452-0300] {logging_mixin.py:190} INFO - [2024-09-09T21:08:00.451-0300] {dagbag.py:587} INFO - Filling up the DagBag from /mnt/c/Users/teu20/Documents/Poli/Repo/eEDB011-20243/atividade 6 - WSL/airflow/airflow_env/lib/python3.10/site-packages/airflow/example_dags/example_subdag_operator.py
[2024-09-09T21:08:00.503-0300] {processor.py:925} INFO - DAG(s) 'example_subdag_operator.section-1', 'example_subdag_operator.section-2', 'example_subdag_operator' retrieved from /mnt/c/Users/teu20/Documents/Poli/Repo/eEDB011-20243/atividade 6 - WSL/airflow/airflow_env/lib/python3.10/site-packages/airflow/example_dags/example_subdag_operator.py
[2024-09-09T21:08:00.515-0300] {logging_mixin.py:190} INFO - [2024-09-09T21:08:00.514-0300] {dag.py:3229} INFO - Sync 3 DAGs
[2024-09-09T21:08:00.528-0300] {logging_mixin.py:190} INFO - [2024-09-09T21:08:00.527-0300] {dag.py:4156} INFO - Setting next_dagrun for example_subdag_operator to 2022-01-01 00:00:00+00:00, run_after=2022-01-01 00:00:00+00:00
[2024-09-09T21:08:00.531-0300] {logging_mixin.py:190} INFO - [2024-09-09T21:08:00.530-0300] {dag.py:4156} INFO - Setting next_dagrun for example_subdag_operator.section-1 to None, run_after=None
[2024-09-09T21:08:00.533-0300] {logging_mixin.py:190} INFO - [2024-09-09T21:08:00.533-0300] {dag.py:4156} INFO - Setting next_dagrun for example_subdag_operator.section-2 to None, run_after=None
[2024-09-09T21:08:00.541-0300] {logging_mixin.py:190} INFO - [2024-09-09T21:08:00.540-0300] {dag.py:3229} INFO - Sync 2 DAGs
[2024-09-09T21:08:00.546-0300] {logging_mixin.py:190} INFO - [2024-09-09T21:08:00.545-0300] {dag.py:4156} INFO - Setting next_dagrun for example_subdag_operator.section-1 to None, run_after=None
[2024-09-09T21:08:00.547-0300] {logging_mixin.py:190} INFO - [2024-09-09T21:08:00.546-0300] {dag.py:4156} INFO - Setting next_dagrun for example_subdag_operator.section-2 to None, run_after=None
[2024-09-09T21:08:00.560-0300] {processor.py:208} INFO - Processing /mnt/c/Users/teu20/Documents/Poli/Repo/eEDB011-20243/atividade 6 - WSL/airflow/airflow_env/lib/python3.10/site-packages/airflow/example_dags/example_subdag_operator.py took 0.119 seconds
