[2024-09-09T21:00:21.904-0300] {processor.py:186} INFO - Started process (PID=261414) to work on /mnt/c/Users/teu20/Documents/Poli/Repo/eEDB011-20243/atividade 6 - WSL/airflow/airflow_env/lib/python3.10/site-packages/airflow/example_dags/example_xcom.py
[2024-09-09T21:00:21.905-0300] {processor.py:914} INFO - Processing file /mnt/c/Users/teu20/Documents/Poli/Repo/eEDB011-20243/atividade 6 - WSL/airflow/airflow_env/lib/python3.10/site-packages/airflow/example_dags/example_xcom.py for tasks to queue
[2024-09-09T21:00:21.907-0300] {logging_mixin.py:190} INFO - [2024-09-09T21:00:21.906-0300] {dagbag.py:587} INFO - Filling up the DagBag from /mnt/c/Users/teu20/Documents/Poli/Repo/eEDB011-20243/atividade 6 - WSL/airflow/airflow_env/lib/python3.10/site-packages/airflow/example_dags/example_xcom.py
[2024-09-09T21:00:21.922-0300] {processor.py:925} INFO - DAG(s) 'example_xcom' retrieved from /mnt/c/Users/teu20/Documents/Poli/Repo/eEDB011-20243/atividade 6 - WSL/airflow/airflow_env/lib/python3.10/site-packages/airflow/example_dags/example_xcom.py
[2024-09-09T21:00:21.940-0300] {logging_mixin.py:190} INFO - [2024-09-09T21:00:21.940-0300] {dag.py:3229} INFO - Sync 1 DAGs
[2024-09-09T21:00:21.952-0300] {logging_mixin.py:190} INFO - [2024-09-09T21:00:21.951-0300] {dag.py:4156} INFO - Setting next_dagrun for example_xcom to 2021-01-01 00:00:00+00:00, run_after=2021-01-01 00:00:00+00:00
[2024-09-09T21:00:21.966-0300] {processor.py:208} INFO - Processing /mnt/c/Users/teu20/Documents/Poli/Repo/eEDB011-20243/atividade 6 - WSL/airflow/airflow_env/lib/python3.10/site-packages/airflow/example_dags/example_xcom.py took 0.070 seconds
[2024-09-09T21:00:52.425-0300] {processor.py:186} INFO - Started process (PID=262065) to work on /mnt/c/Users/teu20/Documents/Poli/Repo/eEDB011-20243/atividade 6 - WSL/airflow/airflow_env/lib/python3.10/site-packages/airflow/example_dags/example_xcom.py
[2024-09-09T21:00:52.426-0300] {processor.py:914} INFO - Processing file /mnt/c/Users/teu20/Documents/Poli/Repo/eEDB011-20243/atividade 6 - WSL/airflow/airflow_env/lib/python3.10/site-packages/airflow/example_dags/example_xcom.py for tasks to queue
[2024-09-09T21:00:52.427-0300] {logging_mixin.py:190} INFO - [2024-09-09T21:00:52.427-0300] {dagbag.py:587} INFO - Filling up the DagBag from /mnt/c/Users/teu20/Documents/Poli/Repo/eEDB011-20243/atividade 6 - WSL/airflow/airflow_env/lib/python3.10/site-packages/airflow/example_dags/example_xcom.py
[2024-09-09T21:00:52.443-0300] {processor.py:925} INFO - DAG(s) 'example_xcom' retrieved from /mnt/c/Users/teu20/Documents/Poli/Repo/eEDB011-20243/atividade 6 - WSL/airflow/airflow_env/lib/python3.10/site-packages/airflow/example_dags/example_xcom.py
[2024-09-09T21:00:52.460-0300] {logging_mixin.py:190} INFO - [2024-09-09T21:00:52.460-0300] {dag.py:3229} INFO - Sync 1 DAGs
[2024-09-09T21:00:52.472-0300] {logging_mixin.py:190} INFO - [2024-09-09T21:00:52.471-0300] {dag.py:4156} INFO - Setting next_dagrun for example_xcom to 2021-01-01 00:00:00+00:00, run_after=2021-01-01 00:00:00+00:00
[2024-09-09T21:00:52.485-0300] {processor.py:208} INFO - Processing /mnt/c/Users/teu20/Documents/Poli/Repo/eEDB011-20243/atividade 6 - WSL/airflow/airflow_env/lib/python3.10/site-packages/airflow/example_dags/example_xcom.py took 0.068 seconds
[2024-09-09T21:01:22.996-0300] {processor.py:186} INFO - Started process (PID=262556) to work on /mnt/c/Users/teu20/Documents/Poli/Repo/eEDB011-20243/atividade 6 - WSL/airflow/airflow_env/lib/python3.10/site-packages/airflow/example_dags/example_xcom.py
[2024-09-09T21:01:22.997-0300] {processor.py:914} INFO - Processing file /mnt/c/Users/teu20/Documents/Poli/Repo/eEDB011-20243/atividade 6 - WSL/airflow/airflow_env/lib/python3.10/site-packages/airflow/example_dags/example_xcom.py for tasks to queue
[2024-09-09T21:01:22.999-0300] {logging_mixin.py:190} INFO - [2024-09-09T21:01:22.999-0300] {dagbag.py:587} INFO - Filling up the DagBag from /mnt/c/Users/teu20/Documents/Poli/Repo/eEDB011-20243/atividade 6 - WSL/airflow/airflow_env/lib/python3.10/site-packages/airflow/example_dags/example_xcom.py
[2024-09-09T21:01:23.014-0300] {processor.py:925} INFO - DAG(s) 'example_xcom' retrieved from /mnt/c/Users/teu20/Documents/Poli/Repo/eEDB011-20243/atividade 6 - WSL/airflow/airflow_env/lib/python3.10/site-packages/airflow/example_dags/example_xcom.py
[2024-09-09T21:01:23.031-0300] {logging_mixin.py:190} INFO - [2024-09-09T21:01:23.031-0300] {dag.py:3229} INFO - Sync 1 DAGs
[2024-09-09T21:01:23.044-0300] {logging_mixin.py:190} INFO - [2024-09-09T21:01:23.043-0300] {dag.py:4156} INFO - Setting next_dagrun for example_xcom to 2021-01-01 00:00:00+00:00, run_after=2021-01-01 00:00:00+00:00
[2024-09-09T21:01:23.058-0300] {processor.py:208} INFO - Processing /mnt/c/Users/teu20/Documents/Poli/Repo/eEDB011-20243/atividade 6 - WSL/airflow/airflow_env/lib/python3.10/site-packages/airflow/example_dags/example_xcom.py took 0.069 seconds
[2024-09-09T21:01:53.912-0300] {processor.py:186} INFO - Started process (PID=262990) to work on /mnt/c/Users/teu20/Documents/Poli/Repo/eEDB011-20243/atividade 6 - WSL/airflow/airflow_env/lib/python3.10/site-packages/airflow/example_dags/example_xcom.py
[2024-09-09T21:01:53.913-0300] {processor.py:914} INFO - Processing file /mnt/c/Users/teu20/Documents/Poli/Repo/eEDB011-20243/atividade 6 - WSL/airflow/airflow_env/lib/python3.10/site-packages/airflow/example_dags/example_xcom.py for tasks to queue
[2024-09-09T21:01:53.915-0300] {logging_mixin.py:190} INFO - [2024-09-09T21:01:53.914-0300] {dagbag.py:587} INFO - Filling up the DagBag from /mnt/c/Users/teu20/Documents/Poli/Repo/eEDB011-20243/atividade 6 - WSL/airflow/airflow_env/lib/python3.10/site-packages/airflow/example_dags/example_xcom.py
[2024-09-09T21:01:53.931-0300] {processor.py:925} INFO - DAG(s) 'example_xcom' retrieved from /mnt/c/Users/teu20/Documents/Poli/Repo/eEDB011-20243/atividade 6 - WSL/airflow/airflow_env/lib/python3.10/site-packages/airflow/example_dags/example_xcom.py
[2024-09-09T21:01:53.950-0300] {logging_mixin.py:190} INFO - [2024-09-09T21:01:53.950-0300] {dag.py:3229} INFO - Sync 1 DAGs
[2024-09-09T21:01:53.962-0300] {logging_mixin.py:190} INFO - [2024-09-09T21:01:53.961-0300] {dag.py:4156} INFO - Setting next_dagrun for example_xcom to 2021-01-01 00:00:00+00:00, run_after=2021-01-01 00:00:00+00:00
[2024-09-09T21:01:53.979-0300] {processor.py:208} INFO - Processing /mnt/c/Users/teu20/Documents/Poli/Repo/eEDB011-20243/atividade 6 - WSL/airflow/airflow_env/lib/python3.10/site-packages/airflow/example_dags/example_xcom.py took 0.075 seconds
[2024-09-09T21:02:24.335-0300] {processor.py:186} INFO - Started process (PID=263420) to work on /mnt/c/Users/teu20/Documents/Poli/Repo/eEDB011-20243/atividade 6 - WSL/airflow/airflow_env/lib/python3.10/site-packages/airflow/example_dags/example_xcom.py
[2024-09-09T21:02:24.337-0300] {processor.py:914} INFO - Processing file /mnt/c/Users/teu20/Documents/Poli/Repo/eEDB011-20243/atividade 6 - WSL/airflow/airflow_env/lib/python3.10/site-packages/airflow/example_dags/example_xcom.py for tasks to queue
[2024-09-09T21:02:24.339-0300] {logging_mixin.py:190} INFO - [2024-09-09T21:02:24.338-0300] {dagbag.py:587} INFO - Filling up the DagBag from /mnt/c/Users/teu20/Documents/Poli/Repo/eEDB011-20243/atividade 6 - WSL/airflow/airflow_env/lib/python3.10/site-packages/airflow/example_dags/example_xcom.py
[2024-09-09T21:02:24.355-0300] {processor.py:925} INFO - DAG(s) 'example_xcom' retrieved from /mnt/c/Users/teu20/Documents/Poli/Repo/eEDB011-20243/atividade 6 - WSL/airflow/airflow_env/lib/python3.10/site-packages/airflow/example_dags/example_xcom.py
[2024-09-09T21:02:24.374-0300] {logging_mixin.py:190} INFO - [2024-09-09T21:02:24.373-0300] {dag.py:3229} INFO - Sync 1 DAGs
[2024-09-09T21:02:24.386-0300] {logging_mixin.py:190} INFO - [2024-09-09T21:02:24.385-0300] {dag.py:4156} INFO - Setting next_dagrun for example_xcom to 2021-01-01 00:00:00+00:00, run_after=2021-01-01 00:00:00+00:00
[2024-09-09T21:02:24.400-0300] {processor.py:208} INFO - Processing /mnt/c/Users/teu20/Documents/Poli/Repo/eEDB011-20243/atividade 6 - WSL/airflow/airflow_env/lib/python3.10/site-packages/airflow/example_dags/example_xcom.py took 0.072 seconds
[2024-09-09T21:02:54.953-0300] {processor.py:186} INFO - Started process (PID=263849) to work on /mnt/c/Users/teu20/Documents/Poli/Repo/eEDB011-20243/atividade 6 - WSL/airflow/airflow_env/lib/python3.10/site-packages/airflow/example_dags/example_xcom.py
[2024-09-09T21:02:54.954-0300] {processor.py:914} INFO - Processing file /mnt/c/Users/teu20/Documents/Poli/Repo/eEDB011-20243/atividade 6 - WSL/airflow/airflow_env/lib/python3.10/site-packages/airflow/example_dags/example_xcom.py for tasks to queue
[2024-09-09T21:02:54.956-0300] {logging_mixin.py:190} INFO - [2024-09-09T21:02:54.955-0300] {dagbag.py:587} INFO - Filling up the DagBag from /mnt/c/Users/teu20/Documents/Poli/Repo/eEDB011-20243/atividade 6 - WSL/airflow/airflow_env/lib/python3.10/site-packages/airflow/example_dags/example_xcom.py
[2024-09-09T21:02:54.968-0300] {processor.py:925} INFO - DAG(s) 'example_xcom' retrieved from /mnt/c/Users/teu20/Documents/Poli/Repo/eEDB011-20243/atividade 6 - WSL/airflow/airflow_env/lib/python3.10/site-packages/airflow/example_dags/example_xcom.py
[2024-09-09T21:02:54.984-0300] {logging_mixin.py:190} INFO - [2024-09-09T21:02:54.983-0300] {dag.py:3229} INFO - Sync 1 DAGs
[2024-09-09T21:02:54.995-0300] {logging_mixin.py:190} INFO - [2024-09-09T21:02:54.994-0300] {dag.py:4156} INFO - Setting next_dagrun for example_xcom to 2021-01-01 00:00:00+00:00, run_after=2021-01-01 00:00:00+00:00
[2024-09-09T21:02:55.009-0300] {processor.py:208} INFO - Processing /mnt/c/Users/teu20/Documents/Poli/Repo/eEDB011-20243/atividade 6 - WSL/airflow/airflow_env/lib/python3.10/site-packages/airflow/example_dags/example_xcom.py took 0.063 seconds
[2024-09-09T21:03:25.649-0300] {processor.py:186} INFO - Started process (PID=264284) to work on /mnt/c/Users/teu20/Documents/Poli/Repo/eEDB011-20243/atividade 6 - WSL/airflow/airflow_env/lib/python3.10/site-packages/airflow/example_dags/example_xcom.py
[2024-09-09T21:03:25.650-0300] {processor.py:914} INFO - Processing file /mnt/c/Users/teu20/Documents/Poli/Repo/eEDB011-20243/atividade 6 - WSL/airflow/airflow_env/lib/python3.10/site-packages/airflow/example_dags/example_xcom.py for tasks to queue
[2024-09-09T21:03:25.652-0300] {logging_mixin.py:190} INFO - [2024-09-09T21:03:25.652-0300] {dagbag.py:587} INFO - Filling up the DagBag from /mnt/c/Users/teu20/Documents/Poli/Repo/eEDB011-20243/atividade 6 - WSL/airflow/airflow_env/lib/python3.10/site-packages/airflow/example_dags/example_xcom.py
[2024-09-09T21:03:25.669-0300] {processor.py:925} INFO - DAG(s) 'example_xcom' retrieved from /mnt/c/Users/teu20/Documents/Poli/Repo/eEDB011-20243/atividade 6 - WSL/airflow/airflow_env/lib/python3.10/site-packages/airflow/example_dags/example_xcom.py
[2024-09-09T21:03:25.688-0300] {logging_mixin.py:190} INFO - [2024-09-09T21:03:25.688-0300] {dag.py:3229} INFO - Sync 1 DAGs
[2024-09-09T21:03:25.701-0300] {logging_mixin.py:190} INFO - [2024-09-09T21:03:25.700-0300] {dag.py:4156} INFO - Setting next_dagrun for example_xcom to 2021-01-01 00:00:00+00:00, run_after=2021-01-01 00:00:00+00:00
[2024-09-09T21:03:25.717-0300] {processor.py:208} INFO - Processing /mnt/c/Users/teu20/Documents/Poli/Repo/eEDB011-20243/atividade 6 - WSL/airflow/airflow_env/lib/python3.10/site-packages/airflow/example_dags/example_xcom.py took 0.076 seconds
[2024-09-09T21:03:56.091-0300] {processor.py:186} INFO - Started process (PID=264722) to work on /mnt/c/Users/teu20/Documents/Poli/Repo/eEDB011-20243/atividade 6 - WSL/airflow/airflow_env/lib/python3.10/site-packages/airflow/example_dags/example_xcom.py
[2024-09-09T21:03:56.092-0300] {processor.py:914} INFO - Processing file /mnt/c/Users/teu20/Documents/Poli/Repo/eEDB011-20243/atividade 6 - WSL/airflow/airflow_env/lib/python3.10/site-packages/airflow/example_dags/example_xcom.py for tasks to queue
[2024-09-09T21:03:56.094-0300] {logging_mixin.py:190} INFO - [2024-09-09T21:03:56.093-0300] {dagbag.py:587} INFO - Filling up the DagBag from /mnt/c/Users/teu20/Documents/Poli/Repo/eEDB011-20243/atividade 6 - WSL/airflow/airflow_env/lib/python3.10/site-packages/airflow/example_dags/example_xcom.py
[2024-09-09T21:03:56.109-0300] {processor.py:925} INFO - DAG(s) 'example_xcom' retrieved from /mnt/c/Users/teu20/Documents/Poli/Repo/eEDB011-20243/atividade 6 - WSL/airflow/airflow_env/lib/python3.10/site-packages/airflow/example_dags/example_xcom.py
[2024-09-09T21:03:56.128-0300] {logging_mixin.py:190} INFO - [2024-09-09T21:03:56.127-0300] {dag.py:3229} INFO - Sync 1 DAGs
[2024-09-09T21:03:56.140-0300] {logging_mixin.py:190} INFO - [2024-09-09T21:03:56.139-0300] {dag.py:4156} INFO - Setting next_dagrun for example_xcom to 2021-01-01 00:00:00+00:00, run_after=2021-01-01 00:00:00+00:00
[2024-09-09T21:03:56.154-0300] {processor.py:208} INFO - Processing /mnt/c/Users/teu20/Documents/Poli/Repo/eEDB011-20243/atividade 6 - WSL/airflow/airflow_env/lib/python3.10/site-packages/airflow/example_dags/example_xcom.py took 0.071 seconds
[2024-09-09T21:04:26.572-0300] {processor.py:186} INFO - Started process (PID=265157) to work on /mnt/c/Users/teu20/Documents/Poli/Repo/eEDB011-20243/atividade 6 - WSL/airflow/airflow_env/lib/python3.10/site-packages/airflow/example_dags/example_xcom.py
[2024-09-09T21:04:26.573-0300] {processor.py:914} INFO - Processing file /mnt/c/Users/teu20/Documents/Poli/Repo/eEDB011-20243/atividade 6 - WSL/airflow/airflow_env/lib/python3.10/site-packages/airflow/example_dags/example_xcom.py for tasks to queue
[2024-09-09T21:04:26.575-0300] {logging_mixin.py:190} INFO - [2024-09-09T21:04:26.574-0300] {dagbag.py:587} INFO - Filling up the DagBag from /mnt/c/Users/teu20/Documents/Poli/Repo/eEDB011-20243/atividade 6 - WSL/airflow/airflow_env/lib/python3.10/site-packages/airflow/example_dags/example_xcom.py
[2024-09-09T21:04:26.590-0300] {processor.py:925} INFO - DAG(s) 'example_xcom' retrieved from /mnt/c/Users/teu20/Documents/Poli/Repo/eEDB011-20243/atividade 6 - WSL/airflow/airflow_env/lib/python3.10/site-packages/airflow/example_dags/example_xcom.py
[2024-09-09T21:04:26.610-0300] {logging_mixin.py:190} INFO - [2024-09-09T21:04:26.609-0300] {dag.py:3229} INFO - Sync 1 DAGs
[2024-09-09T21:04:26.623-0300] {logging_mixin.py:190} INFO - [2024-09-09T21:04:26.622-0300] {dag.py:4156} INFO - Setting next_dagrun for example_xcom to 2021-01-01 00:00:00+00:00, run_after=2021-01-01 00:00:00+00:00
[2024-09-09T21:04:26.638-0300] {processor.py:208} INFO - Processing /mnt/c/Users/teu20/Documents/Poli/Repo/eEDB011-20243/atividade 6 - WSL/airflow/airflow_env/lib/python3.10/site-packages/airflow/example_dags/example_xcom.py took 0.075 seconds
[2024-09-09T21:04:56.869-0300] {processor.py:186} INFO - Started process (PID=266308) to work on /mnt/c/Users/teu20/Documents/Poli/Repo/eEDB011-20243/atividade 6 - WSL/airflow/airflow_env/lib/python3.10/site-packages/airflow/example_dags/example_xcom.py
[2024-09-09T21:04:56.870-0300] {processor.py:914} INFO - Processing file /mnt/c/Users/teu20/Documents/Poli/Repo/eEDB011-20243/atividade 6 - WSL/airflow/airflow_env/lib/python3.10/site-packages/airflow/example_dags/example_xcom.py for tasks to queue
[2024-09-09T21:04:56.872-0300] {logging_mixin.py:190} INFO - [2024-09-09T21:04:56.871-0300] {dagbag.py:587} INFO - Filling up the DagBag from /mnt/c/Users/teu20/Documents/Poli/Repo/eEDB011-20243/atividade 6 - WSL/airflow/airflow_env/lib/python3.10/site-packages/airflow/example_dags/example_xcom.py
[2024-09-09T21:04:56.887-0300] {processor.py:925} INFO - DAG(s) 'example_xcom' retrieved from /mnt/c/Users/teu20/Documents/Poli/Repo/eEDB011-20243/atividade 6 - WSL/airflow/airflow_env/lib/python3.10/site-packages/airflow/example_dags/example_xcom.py
[2024-09-09T21:04:56.905-0300] {logging_mixin.py:190} INFO - [2024-09-09T21:04:56.905-0300] {dag.py:3229} INFO - Sync 1 DAGs
[2024-09-09T21:04:56.916-0300] {logging_mixin.py:190} INFO - [2024-09-09T21:04:56.916-0300] {dag.py:4156} INFO - Setting next_dagrun for example_xcom to 2021-01-01 00:00:00+00:00, run_after=2021-01-01 00:00:00+00:00
[2024-09-09T21:04:56.931-0300] {processor.py:208} INFO - Processing /mnt/c/Users/teu20/Documents/Poli/Repo/eEDB011-20243/atividade 6 - WSL/airflow/airflow_env/lib/python3.10/site-packages/airflow/example_dags/example_xcom.py took 0.070 seconds
[2024-09-09T21:05:27.195-0300] {processor.py:186} INFO - Started process (PID=266900) to work on /mnt/c/Users/teu20/Documents/Poli/Repo/eEDB011-20243/atividade 6 - WSL/airflow/airflow_env/lib/python3.10/site-packages/airflow/example_dags/example_xcom.py
[2024-09-09T21:05:27.196-0300] {processor.py:914} INFO - Processing file /mnt/c/Users/teu20/Documents/Poli/Repo/eEDB011-20243/atividade 6 - WSL/airflow/airflow_env/lib/python3.10/site-packages/airflow/example_dags/example_xcom.py for tasks to queue
[2024-09-09T21:05:27.198-0300] {logging_mixin.py:190} INFO - [2024-09-09T21:05:27.197-0300] {dagbag.py:587} INFO - Filling up the DagBag from /mnt/c/Users/teu20/Documents/Poli/Repo/eEDB011-20243/atividade 6 - WSL/airflow/airflow_env/lib/python3.10/site-packages/airflow/example_dags/example_xcom.py
[2024-09-09T21:05:27.212-0300] {processor.py:925} INFO - DAG(s) 'example_xcom' retrieved from /mnt/c/Users/teu20/Documents/Poli/Repo/eEDB011-20243/atividade 6 - WSL/airflow/airflow_env/lib/python3.10/site-packages/airflow/example_dags/example_xcom.py
[2024-09-09T21:05:27.231-0300] {logging_mixin.py:190} INFO - [2024-09-09T21:05:27.230-0300] {dag.py:3229} INFO - Sync 1 DAGs
[2024-09-09T21:05:27.242-0300] {logging_mixin.py:190} INFO - [2024-09-09T21:05:27.241-0300] {dag.py:4156} INFO - Setting next_dagrun for example_xcom to 2021-01-01 00:00:00+00:00, run_after=2021-01-01 00:00:00+00:00
[2024-09-09T21:05:27.255-0300] {processor.py:208} INFO - Processing /mnt/c/Users/teu20/Documents/Poli/Repo/eEDB011-20243/atividade 6 - WSL/airflow/airflow_env/lib/python3.10/site-packages/airflow/example_dags/example_xcom.py took 0.068 seconds
[2024-09-09T21:05:57.712-0300] {processor.py:186} INFO - Started process (PID=267328) to work on /mnt/c/Users/teu20/Documents/Poli/Repo/eEDB011-20243/atividade 6 - WSL/airflow/airflow_env/lib/python3.10/site-packages/airflow/example_dags/example_xcom.py
[2024-09-09T21:05:57.713-0300] {processor.py:914} INFO - Processing file /mnt/c/Users/teu20/Documents/Poli/Repo/eEDB011-20243/atividade 6 - WSL/airflow/airflow_env/lib/python3.10/site-packages/airflow/example_dags/example_xcom.py for tasks to queue
[2024-09-09T21:05:57.714-0300] {logging_mixin.py:190} INFO - [2024-09-09T21:05:57.714-0300] {dagbag.py:587} INFO - Filling up the DagBag from /mnt/c/Users/teu20/Documents/Poli/Repo/eEDB011-20243/atividade 6 - WSL/airflow/airflow_env/lib/python3.10/site-packages/airflow/example_dags/example_xcom.py
[2024-09-09T21:05:57.726-0300] {processor.py:925} INFO - DAG(s) 'example_xcom' retrieved from /mnt/c/Users/teu20/Documents/Poli/Repo/eEDB011-20243/atividade 6 - WSL/airflow/airflow_env/lib/python3.10/site-packages/airflow/example_dags/example_xcom.py
[2024-09-09T21:05:57.743-0300] {logging_mixin.py:190} INFO - [2024-09-09T21:05:57.743-0300] {dag.py:3229} INFO - Sync 1 DAGs
[2024-09-09T21:05:57.754-0300] {logging_mixin.py:190} INFO - [2024-09-09T21:05:57.754-0300] {dag.py:4156} INFO - Setting next_dagrun for example_xcom to 2021-01-01 00:00:00+00:00, run_after=2021-01-01 00:00:00+00:00
[2024-09-09T21:05:57.768-0300] {processor.py:208} INFO - Processing /mnt/c/Users/teu20/Documents/Poli/Repo/eEDB011-20243/atividade 6 - WSL/airflow/airflow_env/lib/python3.10/site-packages/airflow/example_dags/example_xcom.py took 0.065 seconds
[2024-09-09T21:06:28.362-0300] {processor.py:186} INFO - Started process (PID=267770) to work on /mnt/c/Users/teu20/Documents/Poli/Repo/eEDB011-20243/atividade 6 - WSL/airflow/airflow_env/lib/python3.10/site-packages/airflow/example_dags/example_xcom.py
[2024-09-09T21:06:28.364-0300] {processor.py:914} INFO - Processing file /mnt/c/Users/teu20/Documents/Poli/Repo/eEDB011-20243/atividade 6 - WSL/airflow/airflow_env/lib/python3.10/site-packages/airflow/example_dags/example_xcom.py for tasks to queue
[2024-09-09T21:06:28.366-0300] {logging_mixin.py:190} INFO - [2024-09-09T21:06:28.365-0300] {dagbag.py:587} INFO - Filling up the DagBag from /mnt/c/Users/teu20/Documents/Poli/Repo/eEDB011-20243/atividade 6 - WSL/airflow/airflow_env/lib/python3.10/site-packages/airflow/example_dags/example_xcom.py
[2024-09-09T21:06:28.383-0300] {processor.py:925} INFO - DAG(s) 'example_xcom' retrieved from /mnt/c/Users/teu20/Documents/Poli/Repo/eEDB011-20243/atividade 6 - WSL/airflow/airflow_env/lib/python3.10/site-packages/airflow/example_dags/example_xcom.py
[2024-09-09T21:06:28.408-0300] {logging_mixin.py:190} INFO - [2024-09-09T21:06:28.408-0300] {dag.py:3229} INFO - Sync 1 DAGs
[2024-09-09T21:06:28.425-0300] {logging_mixin.py:190} INFO - [2024-09-09T21:06:28.424-0300] {dag.py:4156} INFO - Setting next_dagrun for example_xcom to 2021-01-01 00:00:00+00:00, run_after=2021-01-01 00:00:00+00:00
[2024-09-09T21:06:28.445-0300] {processor.py:208} INFO - Processing /mnt/c/Users/teu20/Documents/Poli/Repo/eEDB011-20243/atividade 6 - WSL/airflow/airflow_env/lib/python3.10/site-packages/airflow/example_dags/example_xcom.py took 0.093 seconds
[2024-09-09T21:06:58.761-0300] {processor.py:186} INFO - Started process (PID=268405) to work on /mnt/c/Users/teu20/Documents/Poli/Repo/eEDB011-20243/atividade 6 - WSL/airflow/airflow_env/lib/python3.10/site-packages/airflow/example_dags/example_xcom.py
[2024-09-09T21:06:58.762-0300] {processor.py:914} INFO - Processing file /mnt/c/Users/teu20/Documents/Poli/Repo/eEDB011-20243/atividade 6 - WSL/airflow/airflow_env/lib/python3.10/site-packages/airflow/example_dags/example_xcom.py for tasks to queue
[2024-09-09T21:06:58.764-0300] {logging_mixin.py:190} INFO - [2024-09-09T21:06:58.763-0300] {dagbag.py:587} INFO - Filling up the DagBag from /mnt/c/Users/teu20/Documents/Poli/Repo/eEDB011-20243/atividade 6 - WSL/airflow/airflow_env/lib/python3.10/site-packages/airflow/example_dags/example_xcom.py
[2024-09-09T21:06:58.780-0300] {processor.py:925} INFO - DAG(s) 'example_xcom' retrieved from /mnt/c/Users/teu20/Documents/Poli/Repo/eEDB011-20243/atividade 6 - WSL/airflow/airflow_env/lib/python3.10/site-packages/airflow/example_dags/example_xcom.py
[2024-09-09T21:06:58.798-0300] {logging_mixin.py:190} INFO - [2024-09-09T21:06:58.797-0300] {dag.py:3229} INFO - Sync 1 DAGs
[2024-09-09T21:06:58.809-0300] {logging_mixin.py:190} INFO - [2024-09-09T21:06:58.809-0300] {dag.py:4156} INFO - Setting next_dagrun for example_xcom to 2021-01-01 00:00:00+00:00, run_after=2021-01-01 00:00:00+00:00
[2024-09-09T21:06:58.825-0300] {processor.py:208} INFO - Processing /mnt/c/Users/teu20/Documents/Poli/Repo/eEDB011-20243/atividade 6 - WSL/airflow/airflow_env/lib/python3.10/site-packages/airflow/example_dags/example_xcom.py took 0.071 seconds
[2024-09-09T21:07:29.279-0300] {processor.py:186} INFO - Started process (PID=269076) to work on /mnt/c/Users/teu20/Documents/Poli/Repo/eEDB011-20243/atividade 6 - WSL/airflow/airflow_env/lib/python3.10/site-packages/airflow/example_dags/example_xcom.py
[2024-09-09T21:07:29.280-0300] {processor.py:914} INFO - Processing file /mnt/c/Users/teu20/Documents/Poli/Repo/eEDB011-20243/atividade 6 - WSL/airflow/airflow_env/lib/python3.10/site-packages/airflow/example_dags/example_xcom.py for tasks to queue
[2024-09-09T21:07:29.282-0300] {logging_mixin.py:190} INFO - [2024-09-09T21:07:29.281-0300] {dagbag.py:587} INFO - Filling up the DagBag from /mnt/c/Users/teu20/Documents/Poli/Repo/eEDB011-20243/atividade 6 - WSL/airflow/airflow_env/lib/python3.10/site-packages/airflow/example_dags/example_xcom.py
[2024-09-09T21:07:29.297-0300] {processor.py:925} INFO - DAG(s) 'example_xcom' retrieved from /mnt/c/Users/teu20/Documents/Poli/Repo/eEDB011-20243/atividade 6 - WSL/airflow/airflow_env/lib/python3.10/site-packages/airflow/example_dags/example_xcom.py
[2024-09-09T21:07:29.315-0300] {logging_mixin.py:190} INFO - [2024-09-09T21:07:29.315-0300] {dag.py:3229} INFO - Sync 1 DAGs
[2024-09-09T21:07:29.327-0300] {logging_mixin.py:190} INFO - [2024-09-09T21:07:29.326-0300] {dag.py:4156} INFO - Setting next_dagrun for example_xcom to 2021-01-01 00:00:00+00:00, run_after=2021-01-01 00:00:00+00:00
[2024-09-09T21:07:29.341-0300] {processor.py:208} INFO - Processing /mnt/c/Users/teu20/Documents/Poli/Repo/eEDB011-20243/atividade 6 - WSL/airflow/airflow_env/lib/python3.10/site-packages/airflow/example_dags/example_xcom.py took 0.070 seconds
[2024-09-09T21:07:59.786-0300] {processor.py:186} INFO - Started process (PID=269572) to work on /mnt/c/Users/teu20/Documents/Poli/Repo/eEDB011-20243/atividade 6 - WSL/airflow/airflow_env/lib/python3.10/site-packages/airflow/example_dags/example_xcom.py
[2024-09-09T21:07:59.787-0300] {processor.py:914} INFO - Processing file /mnt/c/Users/teu20/Documents/Poli/Repo/eEDB011-20243/atividade 6 - WSL/airflow/airflow_env/lib/python3.10/site-packages/airflow/example_dags/example_xcom.py for tasks to queue
[2024-09-09T21:07:59.790-0300] {logging_mixin.py:190} INFO - [2024-09-09T21:07:59.789-0300] {dagbag.py:587} INFO - Filling up the DagBag from /mnt/c/Users/teu20/Documents/Poli/Repo/eEDB011-20243/atividade 6 - WSL/airflow/airflow_env/lib/python3.10/site-packages/airflow/example_dags/example_xcom.py
[2024-09-09T21:07:59.805-0300] {processor.py:925} INFO - DAG(s) 'example_xcom' retrieved from /mnt/c/Users/teu20/Documents/Poli/Repo/eEDB011-20243/atividade 6 - WSL/airflow/airflow_env/lib/python3.10/site-packages/airflow/example_dags/example_xcom.py
[2024-09-09T21:07:59.823-0300] {logging_mixin.py:190} INFO - [2024-09-09T21:07:59.823-0300] {dag.py:3229} INFO - Sync 1 DAGs
[2024-09-09T21:07:59.835-0300] {logging_mixin.py:190} INFO - [2024-09-09T21:07:59.834-0300] {dag.py:4156} INFO - Setting next_dagrun for example_xcom to 2021-01-01 00:00:00+00:00, run_after=2021-01-01 00:00:00+00:00
[2024-09-09T21:07:59.850-0300] {processor.py:208} INFO - Processing /mnt/c/Users/teu20/Documents/Poli/Repo/eEDB011-20243/atividade 6 - WSL/airflow/airflow_env/lib/python3.10/site-packages/airflow/example_dags/example_xcom.py took 0.074 seconds
