[2024-09-09T21:00:25.316-0300] {processor.py:186} INFO - Started process (PID=261622) to work on /mnt/c/Users/teu20/Documents/Poli/Repo/eEDB011-20243/atividade 6 - WSL/airflow/airflow_env/lib/python3.10/site-packages/airflow/example_dags/example_branch_operator.py
[2024-09-09T21:00:25.318-0300] {processor.py:914} INFO - Processing file /mnt/c/Users/teu20/Documents/Poli/Repo/eEDB011-20243/atividade 6 - WSL/airflow/airflow_env/lib/python3.10/site-packages/airflow/example_dags/example_branch_operator.py for tasks to queue
[2024-09-09T21:00:25.319-0300] {logging_mixin.py:190} INFO - [2024-09-09T21:00:25.319-0300] {dagbag.py:587} INFO - Filling up the DagBag from /mnt/c/Users/teu20/Documents/Poli/Repo/eEDB011-20243/atividade 6 - WSL/airflow/airflow_env/lib/python3.10/site-packages/airflow/example_dags/example_branch_operator.py
[2024-09-09T21:00:25.358-0300] {processor.py:927} WARNING - No viable dags retrieved from /mnt/c/Users/teu20/Documents/Poli/Repo/eEDB011-20243/atividade 6 - WSL/airflow/airflow_env/lib/python3.10/site-packages/airflow/example_dags/example_branch_operator.py
[2024-09-09T21:00:25.371-0300] {processor.py:208} INFO - Processing /mnt/c/Users/teu20/Documents/Poli/Repo/eEDB011-20243/atividade 6 - WSL/airflow/airflow_env/lib/python3.10/site-packages/airflow/example_dags/example_branch_operator.py took 0.062 seconds
[2024-09-09T21:00:55.785-0300] {processor.py:186} INFO - Started process (PID=262327) to work on /mnt/c/Users/teu20/Documents/Poli/Repo/eEDB011-20243/atividade 6 - WSL/airflow/airflow_env/lib/python3.10/site-packages/airflow/example_dags/example_branch_operator.py
[2024-09-09T21:00:55.786-0300] {processor.py:914} INFO - Processing file /mnt/c/Users/teu20/Documents/Poli/Repo/eEDB011-20243/atividade 6 - WSL/airflow/airflow_env/lib/python3.10/site-packages/airflow/example_dags/example_branch_operator.py for tasks to queue
[2024-09-09T21:00:55.788-0300] {logging_mixin.py:190} INFO - [2024-09-09T21:00:55.787-0300] {dagbag.py:587} INFO - Filling up the DagBag from /mnt/c/Users/teu20/Documents/Poli/Repo/eEDB011-20243/atividade 6 - WSL/airflow/airflow_env/lib/python3.10/site-packages/airflow/example_dags/example_branch_operator.py
[2024-09-09T21:00:55.829-0300] {processor.py:927} WARNING - No viable dags retrieved from /mnt/c/Users/teu20/Documents/Poli/Repo/eEDB011-20243/atividade 6 - WSL/airflow/airflow_env/lib/python3.10/site-packages/airflow/example_dags/example_branch_operator.py
[2024-09-09T21:00:55.842-0300] {processor.py:208} INFO - Processing /mnt/c/Users/teu20/Documents/Poli/Repo/eEDB011-20243/atividade 6 - WSL/airflow/airflow_env/lib/python3.10/site-packages/airflow/example_dags/example_branch_operator.py took 0.065 seconds
[2024-09-09T21:01:26.897-0300] {processor.py:186} INFO - Started process (PID=262766) to work on /mnt/c/Users/teu20/Documents/Poli/Repo/eEDB011-20243/atividade 6 - WSL/airflow/airflow_env/lib/python3.10/site-packages/airflow/example_dags/example_branch_operator.py
[2024-09-09T21:01:26.899-0300] {processor.py:914} INFO - Processing file /mnt/c/Users/teu20/Documents/Poli/Repo/eEDB011-20243/atividade 6 - WSL/airflow/airflow_env/lib/python3.10/site-packages/airflow/example_dags/example_branch_operator.py for tasks to queue
[2024-09-09T21:01:26.901-0300] {logging_mixin.py:190} INFO - [2024-09-09T21:01:26.900-0300] {dagbag.py:587} INFO - Filling up the DagBag from /mnt/c/Users/teu20/Documents/Poli/Repo/eEDB011-20243/atividade 6 - WSL/airflow/airflow_env/lib/python3.10/site-packages/airflow/example_dags/example_branch_operator.py
[2024-09-09T21:01:26.944-0300] {processor.py:927} WARNING - No viable dags retrieved from /mnt/c/Users/teu20/Documents/Poli/Repo/eEDB011-20243/atividade 6 - WSL/airflow/airflow_env/lib/python3.10/site-packages/airflow/example_dags/example_branch_operator.py
[2024-09-09T21:01:26.957-0300] {processor.py:208} INFO - Processing /mnt/c/Users/teu20/Documents/Poli/Repo/eEDB011-20243/atividade 6 - WSL/airflow/airflow_env/lib/python3.10/site-packages/airflow/example_dags/example_branch_operator.py took 0.068 seconds
[2024-09-09T21:01:58.128-0300] {processor.py:186} INFO - Started process (PID=263201) to work on /mnt/c/Users/teu20/Documents/Poli/Repo/eEDB011-20243/atividade 6 - WSL/airflow/airflow_env/lib/python3.10/site-packages/airflow/example_dags/example_branch_operator.py
[2024-09-09T21:01:58.129-0300] {processor.py:914} INFO - Processing file /mnt/c/Users/teu20/Documents/Poli/Repo/eEDB011-20243/atividade 6 - WSL/airflow/airflow_env/lib/python3.10/site-packages/airflow/example_dags/example_branch_operator.py for tasks to queue
[2024-09-09T21:01:58.131-0300] {logging_mixin.py:190} INFO - [2024-09-09T21:01:58.130-0300] {dagbag.py:587} INFO - Filling up the DagBag from /mnt/c/Users/teu20/Documents/Poli/Repo/eEDB011-20243/atividade 6 - WSL/airflow/airflow_env/lib/python3.10/site-packages/airflow/example_dags/example_branch_operator.py
[2024-09-09T21:01:58.172-0300] {processor.py:927} WARNING - No viable dags retrieved from /mnt/c/Users/teu20/Documents/Poli/Repo/eEDB011-20243/atividade 6 - WSL/airflow/airflow_env/lib/python3.10/site-packages/airflow/example_dags/example_branch_operator.py
[2024-09-09T21:01:58.186-0300] {processor.py:208} INFO - Processing /mnt/c/Users/teu20/Documents/Poli/Repo/eEDB011-20243/atividade 6 - WSL/airflow/airflow_env/lib/python3.10/site-packages/airflow/example_dags/example_branch_operator.py took 0.065 seconds
[2024-09-09T21:02:28.802-0300] {processor.py:186} INFO - Started process (PID=263631) to work on /mnt/c/Users/teu20/Documents/Poli/Repo/eEDB011-20243/atividade 6 - WSL/airflow/airflow_env/lib/python3.10/site-packages/airflow/example_dags/example_branch_operator.py
[2024-09-09T21:02:28.803-0300] {processor.py:914} INFO - Processing file /mnt/c/Users/teu20/Documents/Poli/Repo/eEDB011-20243/atividade 6 - WSL/airflow/airflow_env/lib/python3.10/site-packages/airflow/example_dags/example_branch_operator.py for tasks to queue
[2024-09-09T21:02:28.805-0300] {logging_mixin.py:190} INFO - [2024-09-09T21:02:28.805-0300] {dagbag.py:587} INFO - Filling up the DagBag from /mnt/c/Users/teu20/Documents/Poli/Repo/eEDB011-20243/atividade 6 - WSL/airflow/airflow_env/lib/python3.10/site-packages/airflow/example_dags/example_branch_operator.py
[2024-09-09T21:02:28.852-0300] {processor.py:927} WARNING - No viable dags retrieved from /mnt/c/Users/teu20/Documents/Poli/Repo/eEDB011-20243/atividade 6 - WSL/airflow/airflow_env/lib/python3.10/site-packages/airflow/example_dags/example_branch_operator.py
[2024-09-09T21:02:28.865-0300] {processor.py:208} INFO - Processing /mnt/c/Users/teu20/Documents/Poli/Repo/eEDB011-20243/atividade 6 - WSL/airflow/airflow_env/lib/python3.10/site-packages/airflow/example_dags/example_branch_operator.py took 0.072 seconds
[2024-09-09T21:02:59.179-0300] {processor.py:186} INFO - Started process (PID=264057) to work on /mnt/c/Users/teu20/Documents/Poli/Repo/eEDB011-20243/atividade 6 - WSL/airflow/airflow_env/lib/python3.10/site-packages/airflow/example_dags/example_branch_operator.py
[2024-09-09T21:02:59.180-0300] {processor.py:914} INFO - Processing file /mnt/c/Users/teu20/Documents/Poli/Repo/eEDB011-20243/atividade 6 - WSL/airflow/airflow_env/lib/python3.10/site-packages/airflow/example_dags/example_branch_operator.py for tasks to queue
[2024-09-09T21:02:59.182-0300] {logging_mixin.py:190} INFO - [2024-09-09T21:02:59.181-0300] {dagbag.py:587} INFO - Filling up the DagBag from /mnt/c/Users/teu20/Documents/Poli/Repo/eEDB011-20243/atividade 6 - WSL/airflow/airflow_env/lib/python3.10/site-packages/airflow/example_dags/example_branch_operator.py
[2024-09-09T21:02:59.226-0300] {processor.py:927} WARNING - No viable dags retrieved from /mnt/c/Users/teu20/Documents/Poli/Repo/eEDB011-20243/atividade 6 - WSL/airflow/airflow_env/lib/python3.10/site-packages/airflow/example_dags/example_branch_operator.py
[2024-09-09T21:02:59.242-0300] {processor.py:208} INFO - Processing /mnt/c/Users/teu20/Documents/Poli/Repo/eEDB011-20243/atividade 6 - WSL/airflow/airflow_env/lib/python3.10/site-packages/airflow/example_dags/example_branch_operator.py took 0.072 seconds
[2024-09-09T21:03:29.682-0300] {processor.py:186} INFO - Started process (PID=264490) to work on /mnt/c/Users/teu20/Documents/Poli/Repo/eEDB011-20243/atividade 6 - WSL/airflow/airflow_env/lib/python3.10/site-packages/airflow/example_dags/example_branch_operator.py
[2024-09-09T21:03:29.683-0300] {processor.py:914} INFO - Processing file /mnt/c/Users/teu20/Documents/Poli/Repo/eEDB011-20243/atividade 6 - WSL/airflow/airflow_env/lib/python3.10/site-packages/airflow/example_dags/example_branch_operator.py for tasks to queue
[2024-09-09T21:03:29.685-0300] {logging_mixin.py:190} INFO - [2024-09-09T21:03:29.684-0300] {dagbag.py:587} INFO - Filling up the DagBag from /mnt/c/Users/teu20/Documents/Poli/Repo/eEDB011-20243/atividade 6 - WSL/airflow/airflow_env/lib/python3.10/site-packages/airflow/example_dags/example_branch_operator.py
[2024-09-09T21:03:29.735-0300] {processor.py:927} WARNING - No viable dags retrieved from /mnt/c/Users/teu20/Documents/Poli/Repo/eEDB011-20243/atividade 6 - WSL/airflow/airflow_env/lib/python3.10/site-packages/airflow/example_dags/example_branch_operator.py
[2024-09-09T21:03:29.750-0300] {processor.py:208} INFO - Processing /mnt/c/Users/teu20/Documents/Poli/Repo/eEDB011-20243/atividade 6 - WSL/airflow/airflow_env/lib/python3.10/site-packages/airflow/example_dags/example_branch_operator.py took 0.077 seconds
[2024-09-09T21:04:00.328-0300] {processor.py:186} INFO - Started process (PID=264927) to work on /mnt/c/Users/teu20/Documents/Poli/Repo/eEDB011-20243/atividade 6 - WSL/airflow/airflow_env/lib/python3.10/site-packages/airflow/example_dags/example_branch_operator.py
[2024-09-09T21:04:00.329-0300] {processor.py:914} INFO - Processing file /mnt/c/Users/teu20/Documents/Poli/Repo/eEDB011-20243/atividade 6 - WSL/airflow/airflow_env/lib/python3.10/site-packages/airflow/example_dags/example_branch_operator.py for tasks to queue
[2024-09-09T21:04:00.331-0300] {logging_mixin.py:190} INFO - [2024-09-09T21:04:00.330-0300] {dagbag.py:587} INFO - Filling up the DagBag from /mnt/c/Users/teu20/Documents/Poli/Repo/eEDB011-20243/atividade 6 - WSL/airflow/airflow_env/lib/python3.10/site-packages/airflow/example_dags/example_branch_operator.py
[2024-09-09T21:04:00.377-0300] {processor.py:927} WARNING - No viable dags retrieved from /mnt/c/Users/teu20/Documents/Poli/Repo/eEDB011-20243/atividade 6 - WSL/airflow/airflow_env/lib/python3.10/site-packages/airflow/example_dags/example_branch_operator.py
[2024-09-09T21:04:00.391-0300] {processor.py:208} INFO - Processing /mnt/c/Users/teu20/Documents/Poli/Repo/eEDB011-20243/atividade 6 - WSL/airflow/airflow_env/lib/python3.10/site-packages/airflow/example_dags/example_branch_operator.py took 0.071 seconds
[2024-09-09T21:04:30.884-0300] {processor.py:186} INFO - Started process (PID=265362) to work on /mnt/c/Users/teu20/Documents/Poli/Repo/eEDB011-20243/atividade 6 - WSL/airflow/airflow_env/lib/python3.10/site-packages/airflow/example_dags/example_branch_operator.py
[2024-09-09T21:04:30.885-0300] {processor.py:914} INFO - Processing file /mnt/c/Users/teu20/Documents/Poli/Repo/eEDB011-20243/atividade 6 - WSL/airflow/airflow_env/lib/python3.10/site-packages/airflow/example_dags/example_branch_operator.py for tasks to queue
[2024-09-09T21:04:30.887-0300] {logging_mixin.py:190} INFO - [2024-09-09T21:04:30.886-0300] {dagbag.py:587} INFO - Filling up the DagBag from /mnt/c/Users/teu20/Documents/Poli/Repo/eEDB011-20243/atividade 6 - WSL/airflow/airflow_env/lib/python3.10/site-packages/airflow/example_dags/example_branch_operator.py
[2024-09-09T21:04:30.929-0300] {processor.py:927} WARNING - No viable dags retrieved from /mnt/c/Users/teu20/Documents/Poli/Repo/eEDB011-20243/atividade 6 - WSL/airflow/airflow_env/lib/python3.10/site-packages/airflow/example_dags/example_branch_operator.py
[2024-09-09T21:04:30.942-0300] {processor.py:208} INFO - Processing /mnt/c/Users/teu20/Documents/Poli/Repo/eEDB011-20243/atividade 6 - WSL/airflow/airflow_env/lib/python3.10/site-packages/airflow/example_dags/example_branch_operator.py took 0.066 seconds
[2024-09-09T21:05:01.401-0300] {processor.py:186} INFO - Started process (PID=266583) to work on /mnt/c/Users/teu20/Documents/Poli/Repo/eEDB011-20243/atividade 6 - WSL/airflow/airflow_env/lib/python3.10/site-packages/airflow/example_dags/example_branch_operator.py
[2024-09-09T21:05:01.402-0300] {processor.py:914} INFO - Processing file /mnt/c/Users/teu20/Documents/Poli/Repo/eEDB011-20243/atividade 6 - WSL/airflow/airflow_env/lib/python3.10/site-packages/airflow/example_dags/example_branch_operator.py for tasks to queue
[2024-09-09T21:05:01.404-0300] {logging_mixin.py:190} INFO - [2024-09-09T21:05:01.403-0300] {dagbag.py:587} INFO - Filling up the DagBag from /mnt/c/Users/teu20/Documents/Poli/Repo/eEDB011-20243/atividade 6 - WSL/airflow/airflow_env/lib/python3.10/site-packages/airflow/example_dags/example_branch_operator.py
[2024-09-09T21:05:01.443-0300] {processor.py:927} WARNING - No viable dags retrieved from /mnt/c/Users/teu20/Documents/Poli/Repo/eEDB011-20243/atividade 6 - WSL/airflow/airflow_env/lib/python3.10/site-packages/airflow/example_dags/example_branch_operator.py
[2024-09-09T21:05:01.455-0300] {processor.py:208} INFO - Processing /mnt/c/Users/teu20/Documents/Poli/Repo/eEDB011-20243/atividade 6 - WSL/airflow/airflow_env/lib/python3.10/site-packages/airflow/example_dags/example_branch_operator.py took 0.061 seconds
[2024-09-09T21:05:31.814-0300] {processor.py:186} INFO - Started process (PID=267108) to work on /mnt/c/Users/teu20/Documents/Poli/Repo/eEDB011-20243/atividade 6 - WSL/airflow/airflow_env/lib/python3.10/site-packages/airflow/example_dags/example_branch_operator.py
[2024-09-09T21:05:31.816-0300] {processor.py:914} INFO - Processing file /mnt/c/Users/teu20/Documents/Poli/Repo/eEDB011-20243/atividade 6 - WSL/airflow/airflow_env/lib/python3.10/site-packages/airflow/example_dags/example_branch_operator.py for tasks to queue
[2024-09-09T21:05:31.818-0300] {logging_mixin.py:190} INFO - [2024-09-09T21:05:31.817-0300] {dagbag.py:587} INFO - Filling up the DagBag from /mnt/c/Users/teu20/Documents/Poli/Repo/eEDB011-20243/atividade 6 - WSL/airflow/airflow_env/lib/python3.10/site-packages/airflow/example_dags/example_branch_operator.py
[2024-09-09T21:05:31.859-0300] {processor.py:927} WARNING - No viable dags retrieved from /mnt/c/Users/teu20/Documents/Poli/Repo/eEDB011-20243/atividade 6 - WSL/airflow/airflow_env/lib/python3.10/site-packages/airflow/example_dags/example_branch_operator.py
[2024-09-09T21:05:31.873-0300] {processor.py:208} INFO - Processing /mnt/c/Users/teu20/Documents/Poli/Repo/eEDB011-20243/atividade 6 - WSL/airflow/airflow_env/lib/python3.10/site-packages/airflow/example_dags/example_branch_operator.py took 0.067 seconds
[2024-09-09T21:06:02.375-0300] {processor.py:186} INFO - Started process (PID=267539) to work on /mnt/c/Users/teu20/Documents/Poli/Repo/eEDB011-20243/atividade 6 - WSL/airflow/airflow_env/lib/python3.10/site-packages/airflow/example_dags/example_branch_operator.py
[2024-09-09T21:06:02.377-0300] {processor.py:914} INFO - Processing file /mnt/c/Users/teu20/Documents/Poli/Repo/eEDB011-20243/atividade 6 - WSL/airflow/airflow_env/lib/python3.10/site-packages/airflow/example_dags/example_branch_operator.py for tasks to queue
[2024-09-09T21:06:02.378-0300] {logging_mixin.py:190} INFO - [2024-09-09T21:06:02.378-0300] {dagbag.py:587} INFO - Filling up the DagBag from /mnt/c/Users/teu20/Documents/Poli/Repo/eEDB011-20243/atividade 6 - WSL/airflow/airflow_env/lib/python3.10/site-packages/airflow/example_dags/example_branch_operator.py
[2024-09-09T21:06:02.425-0300] {processor.py:927} WARNING - No viable dags retrieved from /mnt/c/Users/teu20/Documents/Poli/Repo/eEDB011-20243/atividade 6 - WSL/airflow/airflow_env/lib/python3.10/site-packages/airflow/example_dags/example_branch_operator.py
[2024-09-09T21:06:02.439-0300] {processor.py:208} INFO - Processing /mnt/c/Users/teu20/Documents/Poli/Repo/eEDB011-20243/atividade 6 - WSL/airflow/airflow_env/lib/python3.10/site-packages/airflow/example_dags/example_branch_operator.py took 0.072 seconds
[2024-09-09T21:06:32.723-0300] {processor.py:186} INFO - Started process (PID=267991) to work on /mnt/c/Users/teu20/Documents/Poli/Repo/eEDB011-20243/atividade 6 - WSL/airflow/airflow_env/lib/python3.10/site-packages/airflow/example_dags/example_branch_operator.py
[2024-09-09T21:06:32.724-0300] {processor.py:914} INFO - Processing file /mnt/c/Users/teu20/Documents/Poli/Repo/eEDB011-20243/atividade 6 - WSL/airflow/airflow_env/lib/python3.10/site-packages/airflow/example_dags/example_branch_operator.py for tasks to queue
[2024-09-09T21:06:32.726-0300] {logging_mixin.py:190} INFO - [2024-09-09T21:06:32.726-0300] {dagbag.py:587} INFO - Filling up the DagBag from /mnt/c/Users/teu20/Documents/Poli/Repo/eEDB011-20243/atividade 6 - WSL/airflow/airflow_env/lib/python3.10/site-packages/airflow/example_dags/example_branch_operator.py
[2024-09-09T21:06:32.767-0300] {processor.py:927} WARNING - No viable dags retrieved from /mnt/c/Users/teu20/Documents/Poli/Repo/eEDB011-20243/atividade 6 - WSL/airflow/airflow_env/lib/python3.10/site-packages/airflow/example_dags/example_branch_operator.py
[2024-09-09T21:06:32.781-0300] {processor.py:208} INFO - Processing /mnt/c/Users/teu20/Documents/Poli/Repo/eEDB011-20243/atividade 6 - WSL/airflow/airflow_env/lib/python3.10/site-packages/airflow/example_dags/example_branch_operator.py took 0.068 seconds
[2024-09-09T21:07:03.282-0300] {processor.py:186} INFO - Started process (PID=268613) to work on /mnt/c/Users/teu20/Documents/Poli/Repo/eEDB011-20243/atividade 6 - WSL/airflow/airflow_env/lib/python3.10/site-packages/airflow/example_dags/example_branch_operator.py
[2024-09-09T21:07:03.283-0300] {processor.py:914} INFO - Processing file /mnt/c/Users/teu20/Documents/Poli/Repo/eEDB011-20243/atividade 6 - WSL/airflow/airflow_env/lib/python3.10/site-packages/airflow/example_dags/example_branch_operator.py for tasks to queue
[2024-09-09T21:07:03.284-0300] {logging_mixin.py:190} INFO - [2024-09-09T21:07:03.284-0300] {dagbag.py:587} INFO - Filling up the DagBag from /mnt/c/Users/teu20/Documents/Poli/Repo/eEDB011-20243/atividade 6 - WSL/airflow/airflow_env/lib/python3.10/site-packages/airflow/example_dags/example_branch_operator.py
[2024-09-09T21:07:03.325-0300] {processor.py:927} WARNING - No viable dags retrieved from /mnt/c/Users/teu20/Documents/Poli/Repo/eEDB011-20243/atividade 6 - WSL/airflow/airflow_env/lib/python3.10/site-packages/airflow/example_dags/example_branch_operator.py
[2024-09-09T21:07:03.337-0300] {processor.py:208} INFO - Processing /mnt/c/Users/teu20/Documents/Poli/Repo/eEDB011-20243/atividade 6 - WSL/airflow/airflow_env/lib/python3.10/site-packages/airflow/example_dags/example_branch_operator.py took 0.063 seconds
[2024-09-09T21:07:33.803-0300] {processor.py:186} INFO - Started process (PID=269283) to work on /mnt/c/Users/teu20/Documents/Poli/Repo/eEDB011-20243/atividade 6 - WSL/airflow/airflow_env/lib/python3.10/site-packages/airflow/example_dags/example_branch_operator.py
[2024-09-09T21:07:33.805-0300] {processor.py:914} INFO - Processing file /mnt/c/Users/teu20/Documents/Poli/Repo/eEDB011-20243/atividade 6 - WSL/airflow/airflow_env/lib/python3.10/site-packages/airflow/example_dags/example_branch_operator.py for tasks to queue
[2024-09-09T21:07:33.806-0300] {logging_mixin.py:190} INFO - [2024-09-09T21:07:33.806-0300] {dagbag.py:587} INFO - Filling up the DagBag from /mnt/c/Users/teu20/Documents/Poli/Repo/eEDB011-20243/atividade 6 - WSL/airflow/airflow_env/lib/python3.10/site-packages/airflow/example_dags/example_branch_operator.py
[2024-09-09T21:07:33.846-0300] {processor.py:927} WARNING - No viable dags retrieved from /mnt/c/Users/teu20/Documents/Poli/Repo/eEDB011-20243/atividade 6 - WSL/airflow/airflow_env/lib/python3.10/site-packages/airflow/example_dags/example_branch_operator.py
[2024-09-09T21:07:33.859-0300] {processor.py:208} INFO - Processing /mnt/c/Users/teu20/Documents/Poli/Repo/eEDB011-20243/atividade 6 - WSL/airflow/airflow_env/lib/python3.10/site-packages/airflow/example_dags/example_branch_operator.py took 0.064 seconds
[2024-09-09T21:08:04.223-0300] {processor.py:186} INFO - Started process (PID=269780) to work on /mnt/c/Users/teu20/Documents/Poli/Repo/eEDB011-20243/atividade 6 - WSL/airflow/airflow_env/lib/python3.10/site-packages/airflow/example_dags/example_branch_operator.py
[2024-09-09T21:08:04.224-0300] {processor.py:914} INFO - Processing file /mnt/c/Users/teu20/Documents/Poli/Repo/eEDB011-20243/atividade 6 - WSL/airflow/airflow_env/lib/python3.10/site-packages/airflow/example_dags/example_branch_operator.py for tasks to queue
[2024-09-09T21:08:04.226-0300] {logging_mixin.py:190} INFO - [2024-09-09T21:08:04.225-0300] {dagbag.py:587} INFO - Filling up the DagBag from /mnt/c/Users/teu20/Documents/Poli/Repo/eEDB011-20243/atividade 6 - WSL/airflow/airflow_env/lib/python3.10/site-packages/airflow/example_dags/example_branch_operator.py
[2024-09-09T21:08:04.265-0300] {processor.py:927} WARNING - No viable dags retrieved from /mnt/c/Users/teu20/Documents/Poli/Repo/eEDB011-20243/atividade 6 - WSL/airflow/airflow_env/lib/python3.10/site-packages/airflow/example_dags/example_branch_operator.py
[2024-09-09T21:08:04.278-0300] {processor.py:208} INFO - Processing /mnt/c/Users/teu20/Documents/Poli/Repo/eEDB011-20243/atividade 6 - WSL/airflow/airflow_env/lib/python3.10/site-packages/airflow/example_dags/example_branch_operator.py took 0.063 seconds
