[2024-09-09T21:00:21.707-0300] {processor.py:186} INFO - Started process (PID=261401) to work on /mnt/c/Users/teu20/Documents/Poli/Repo/eEDB011-20243/atividade 6 - WSL/airflow/airflow_env/lib/python3.10/site-packages/airflow/example_dags/tutorial.py
[2024-09-09T21:00:21.708-0300] {processor.py:914} INFO - Processing file /mnt/c/Users/teu20/Documents/Poli/Repo/eEDB011-20243/atividade 6 - WSL/airflow/airflow_env/lib/python3.10/site-packages/airflow/example_dags/tutorial.py for tasks to queue
[2024-09-09T21:00:21.709-0300] {logging_mixin.py:190} INFO - [2024-09-09T21:00:21.709-0300] {dagbag.py:587} INFO - Filling up the DagBag from /mnt/c/Users/teu20/Documents/Poli/Repo/eEDB011-20243/atividade 6 - WSL/airflow/airflow_env/lib/python3.10/site-packages/airflow/example_dags/tutorial.py
[2024-09-09T21:00:21.720-0300] {processor.py:925} INFO - DAG(s) 'tutorial' retrieved from /mnt/c/Users/teu20/Documents/Poli/Repo/eEDB011-20243/atividade 6 - WSL/airflow/airflow_env/lib/python3.10/site-packages/airflow/example_dags/tutorial.py
[2024-09-09T21:00:21.737-0300] {logging_mixin.py:190} INFO - [2024-09-09T21:00:21.737-0300] {dag.py:3229} INFO - Sync 1 DAGs
[2024-09-09T21:00:21.752-0300] {logging_mixin.py:190} INFO - [2024-09-09T21:00:21.751-0300] {dag.py:4156} INFO - Setting next_dagrun for tutorial to 2024-09-09 00:00:00+00:00, run_after=2024-09-10 00:00:00+00:00
[2024-09-09T21:00:21.767-0300] {processor.py:208} INFO - Processing /mnt/c/Users/teu20/Documents/Poli/Repo/eEDB011-20243/atividade 6 - WSL/airflow/airflow_env/lib/python3.10/site-packages/airflow/example_dags/tutorial.py took 0.067 seconds
[2024-09-09T21:00:52.261-0300] {processor.py:186} INFO - Started process (PID=262055) to work on /mnt/c/Users/teu20/Documents/Poli/Repo/eEDB011-20243/atividade 6 - WSL/airflow/airflow_env/lib/python3.10/site-packages/airflow/example_dags/tutorial.py
[2024-09-09T21:00:52.262-0300] {processor.py:914} INFO - Processing file /mnt/c/Users/teu20/Documents/Poli/Repo/eEDB011-20243/atividade 6 - WSL/airflow/airflow_env/lib/python3.10/site-packages/airflow/example_dags/tutorial.py for tasks to queue
[2024-09-09T21:00:52.264-0300] {logging_mixin.py:190} INFO - [2024-09-09T21:00:52.263-0300] {dagbag.py:587} INFO - Filling up the DagBag from /mnt/c/Users/teu20/Documents/Poli/Repo/eEDB011-20243/atividade 6 - WSL/airflow/airflow_env/lib/python3.10/site-packages/airflow/example_dags/tutorial.py
[2024-09-09T21:00:52.277-0300] {processor.py:925} INFO - DAG(s) 'tutorial' retrieved from /mnt/c/Users/teu20/Documents/Poli/Repo/eEDB011-20243/atividade 6 - WSL/airflow/airflow_env/lib/python3.10/site-packages/airflow/example_dags/tutorial.py
[2024-09-09T21:00:52.294-0300] {logging_mixin.py:190} INFO - [2024-09-09T21:00:52.294-0300] {dag.py:3229} INFO - Sync 1 DAGs
[2024-09-09T21:00:52.309-0300] {logging_mixin.py:190} INFO - [2024-09-09T21:00:52.309-0300] {dag.py:4156} INFO - Setting next_dagrun for tutorial to 2024-09-09 00:00:00+00:00, run_after=2024-09-10 00:00:00+00:00
[2024-09-09T21:00:52.323-0300] {processor.py:208} INFO - Processing /mnt/c/Users/teu20/Documents/Poli/Repo/eEDB011-20243/atividade 6 - WSL/airflow/airflow_env/lib/python3.10/site-packages/airflow/example_dags/tutorial.py took 0.069 seconds
[2024-09-09T21:01:22.809-0300] {processor.py:186} INFO - Started process (PID=262545) to work on /mnt/c/Users/teu20/Documents/Poli/Repo/eEDB011-20243/atividade 6 - WSL/airflow/airflow_env/lib/python3.10/site-packages/airflow/example_dags/tutorial.py
[2024-09-09T21:01:22.810-0300] {processor.py:914} INFO - Processing file /mnt/c/Users/teu20/Documents/Poli/Repo/eEDB011-20243/atividade 6 - WSL/airflow/airflow_env/lib/python3.10/site-packages/airflow/example_dags/tutorial.py for tasks to queue
[2024-09-09T21:01:22.812-0300] {logging_mixin.py:190} INFO - [2024-09-09T21:01:22.811-0300] {dagbag.py:587} INFO - Filling up the DagBag from /mnt/c/Users/teu20/Documents/Poli/Repo/eEDB011-20243/atividade 6 - WSL/airflow/airflow_env/lib/python3.10/site-packages/airflow/example_dags/tutorial.py
[2024-09-09T21:01:22.826-0300] {processor.py:925} INFO - DAG(s) 'tutorial' retrieved from /mnt/c/Users/teu20/Documents/Poli/Repo/eEDB011-20243/atividade 6 - WSL/airflow/airflow_env/lib/python3.10/site-packages/airflow/example_dags/tutorial.py
[2024-09-09T21:01:22.845-0300] {logging_mixin.py:190} INFO - [2024-09-09T21:01:22.844-0300] {dag.py:3229} INFO - Sync 1 DAGs
[2024-09-09T21:01:22.861-0300] {logging_mixin.py:190} INFO - [2024-09-09T21:01:22.860-0300] {dag.py:4156} INFO - Setting next_dagrun for tutorial to 2024-09-09 00:00:00+00:00, run_after=2024-09-10 00:00:00+00:00
[2024-09-09T21:01:22.877-0300] {processor.py:208} INFO - Processing /mnt/c/Users/teu20/Documents/Poli/Repo/eEDB011-20243/atividade 6 - WSL/airflow/airflow_env/lib/python3.10/site-packages/airflow/example_dags/tutorial.py took 0.075 seconds
[2024-09-09T21:01:53.805-0300] {processor.py:186} INFO - Started process (PID=262979) to work on /mnt/c/Users/teu20/Documents/Poli/Repo/eEDB011-20243/atividade 6 - WSL/airflow/airflow_env/lib/python3.10/site-packages/airflow/example_dags/tutorial.py
[2024-09-09T21:01:53.806-0300] {processor.py:914} INFO - Processing file /mnt/c/Users/teu20/Documents/Poli/Repo/eEDB011-20243/atividade 6 - WSL/airflow/airflow_env/lib/python3.10/site-packages/airflow/example_dags/tutorial.py for tasks to queue
[2024-09-09T21:01:53.808-0300] {logging_mixin.py:190} INFO - [2024-09-09T21:01:53.808-0300] {dagbag.py:587} INFO - Filling up the DagBag from /mnt/c/Users/teu20/Documents/Poli/Repo/eEDB011-20243/atividade 6 - WSL/airflow/airflow_env/lib/python3.10/site-packages/airflow/example_dags/tutorial.py
[2024-09-09T21:01:53.823-0300] {processor.py:925} INFO - DAG(s) 'tutorial' retrieved from /mnt/c/Users/teu20/Documents/Poli/Repo/eEDB011-20243/atividade 6 - WSL/airflow/airflow_env/lib/python3.10/site-packages/airflow/example_dags/tutorial.py
[2024-09-09T21:01:53.840-0300] {logging_mixin.py:190} INFO - [2024-09-09T21:01:53.840-0300] {dag.py:3229} INFO - Sync 1 DAGs
[2024-09-09T21:01:53.857-0300] {logging_mixin.py:190} INFO - [2024-09-09T21:01:53.856-0300] {dag.py:4156} INFO - Setting next_dagrun for tutorial to 2024-09-09 00:00:00+00:00, run_after=2024-09-10 00:00:00+00:00
[2024-09-09T21:01:53.871-0300] {processor.py:208} INFO - Processing /mnt/c/Users/teu20/Documents/Poli/Repo/eEDB011-20243/atividade 6 - WSL/airflow/airflow_env/lib/python3.10/site-packages/airflow/example_dags/tutorial.py took 0.075 seconds
[2024-09-09T21:02:24.233-0300] {processor.py:186} INFO - Started process (PID=263410) to work on /mnt/c/Users/teu20/Documents/Poli/Repo/eEDB011-20243/atividade 6 - WSL/airflow/airflow_env/lib/python3.10/site-packages/airflow/example_dags/tutorial.py
[2024-09-09T21:02:24.234-0300] {processor.py:914} INFO - Processing file /mnt/c/Users/teu20/Documents/Poli/Repo/eEDB011-20243/atividade 6 - WSL/airflow/airflow_env/lib/python3.10/site-packages/airflow/example_dags/tutorial.py for tasks to queue
[2024-09-09T21:02:24.236-0300] {logging_mixin.py:190} INFO - [2024-09-09T21:02:24.236-0300] {dagbag.py:587} INFO - Filling up the DagBag from /mnt/c/Users/teu20/Documents/Poli/Repo/eEDB011-20243/atividade 6 - WSL/airflow/airflow_env/lib/python3.10/site-packages/airflow/example_dags/tutorial.py
[2024-09-09T21:02:24.250-0300] {processor.py:925} INFO - DAG(s) 'tutorial' retrieved from /mnt/c/Users/teu20/Documents/Poli/Repo/eEDB011-20243/atividade 6 - WSL/airflow/airflow_env/lib/python3.10/site-packages/airflow/example_dags/tutorial.py
[2024-09-09T21:02:24.267-0300] {logging_mixin.py:190} INFO - [2024-09-09T21:02:24.267-0300] {dag.py:3229} INFO - Sync 1 DAGs
[2024-09-09T21:02:24.284-0300] {logging_mixin.py:190} INFO - [2024-09-09T21:02:24.284-0300] {dag.py:4156} INFO - Setting next_dagrun for tutorial to 2024-09-09 00:00:00+00:00, run_after=2024-09-10 00:00:00+00:00
[2024-09-09T21:02:24.299-0300] {processor.py:208} INFO - Processing /mnt/c/Users/teu20/Documents/Poli/Repo/eEDB011-20243/atividade 6 - WSL/airflow/airflow_env/lib/python3.10/site-packages/airflow/example_dags/tutorial.py took 0.073 seconds
[2024-09-09T21:02:54.848-0300] {processor.py:186} INFO - Started process (PID=263840) to work on /mnt/c/Users/teu20/Documents/Poli/Repo/eEDB011-20243/atividade 6 - WSL/airflow/airflow_env/lib/python3.10/site-packages/airflow/example_dags/tutorial.py
[2024-09-09T21:02:54.849-0300] {processor.py:914} INFO - Processing file /mnt/c/Users/teu20/Documents/Poli/Repo/eEDB011-20243/atividade 6 - WSL/airflow/airflow_env/lib/python3.10/site-packages/airflow/example_dags/tutorial.py for tasks to queue
[2024-09-09T21:02:54.851-0300] {logging_mixin.py:190} INFO - [2024-09-09T21:02:54.850-0300] {dagbag.py:587} INFO - Filling up the DagBag from /mnt/c/Users/teu20/Documents/Poli/Repo/eEDB011-20243/atividade 6 - WSL/airflow/airflow_env/lib/python3.10/site-packages/airflow/example_dags/tutorial.py
[2024-09-09T21:02:54.864-0300] {processor.py:925} INFO - DAG(s) 'tutorial' retrieved from /mnt/c/Users/teu20/Documents/Poli/Repo/eEDB011-20243/atividade 6 - WSL/airflow/airflow_env/lib/python3.10/site-packages/airflow/example_dags/tutorial.py
[2024-09-09T21:02:54.881-0300] {logging_mixin.py:190} INFO - [2024-09-09T21:02:54.881-0300] {dag.py:3229} INFO - Sync 1 DAGs
[2024-09-09T21:02:54.897-0300] {logging_mixin.py:190} INFO - [2024-09-09T21:02:54.896-0300] {dag.py:4156} INFO - Setting next_dagrun for tutorial to 2024-09-09 00:00:00+00:00, run_after=2024-09-10 00:00:00+00:00
[2024-09-09T21:02:54.912-0300] {processor.py:208} INFO - Processing /mnt/c/Users/teu20/Documents/Poli/Repo/eEDB011-20243/atividade 6 - WSL/airflow/airflow_env/lib/python3.10/site-packages/airflow/example_dags/tutorial.py took 0.071 seconds
[2024-09-09T21:03:25.533-0300] {processor.py:186} INFO - Started process (PID=264273) to work on /mnt/c/Users/teu20/Documents/Poli/Repo/eEDB011-20243/atividade 6 - WSL/airflow/airflow_env/lib/python3.10/site-packages/airflow/example_dags/tutorial.py
[2024-09-09T21:03:25.534-0300] {processor.py:914} INFO - Processing file /mnt/c/Users/teu20/Documents/Poli/Repo/eEDB011-20243/atividade 6 - WSL/airflow/airflow_env/lib/python3.10/site-packages/airflow/example_dags/tutorial.py for tasks to queue
[2024-09-09T21:03:25.537-0300] {logging_mixin.py:190} INFO - [2024-09-09T21:03:25.536-0300] {dagbag.py:587} INFO - Filling up the DagBag from /mnt/c/Users/teu20/Documents/Poli/Repo/eEDB011-20243/atividade 6 - WSL/airflow/airflow_env/lib/python3.10/site-packages/airflow/example_dags/tutorial.py
[2024-09-09T21:03:25.552-0300] {processor.py:925} INFO - DAG(s) 'tutorial' retrieved from /mnt/c/Users/teu20/Documents/Poli/Repo/eEDB011-20243/atividade 6 - WSL/airflow/airflow_env/lib/python3.10/site-packages/airflow/example_dags/tutorial.py
[2024-09-09T21:03:25.572-0300] {logging_mixin.py:190} INFO - [2024-09-09T21:03:25.571-0300] {dag.py:3229} INFO - Sync 1 DAGs
[2024-09-09T21:03:25.589-0300] {logging_mixin.py:190} INFO - [2024-09-09T21:03:25.588-0300] {dag.py:4156} INFO - Setting next_dagrun for tutorial to 2024-09-09 00:00:00+00:00, run_after=2024-09-10 00:00:00+00:00
[2024-09-09T21:03:25.605-0300] {processor.py:208} INFO - Processing /mnt/c/Users/teu20/Documents/Poli/Repo/eEDB011-20243/atividade 6 - WSL/airflow/airflow_env/lib/python3.10/site-packages/airflow/example_dags/tutorial.py took 0.081 seconds
[2024-09-09T21:03:55.983-0300] {processor.py:186} INFO - Started process (PID=264712) to work on /mnt/c/Users/teu20/Documents/Poli/Repo/eEDB011-20243/atividade 6 - WSL/airflow/airflow_env/lib/python3.10/site-packages/airflow/example_dags/tutorial.py
[2024-09-09T21:03:55.984-0300] {processor.py:914} INFO - Processing file /mnt/c/Users/teu20/Documents/Poli/Repo/eEDB011-20243/atividade 6 - WSL/airflow/airflow_env/lib/python3.10/site-packages/airflow/example_dags/tutorial.py for tasks to queue
[2024-09-09T21:03:55.986-0300] {logging_mixin.py:190} INFO - [2024-09-09T21:03:55.985-0300] {dagbag.py:587} INFO - Filling up the DagBag from /mnt/c/Users/teu20/Documents/Poli/Repo/eEDB011-20243/atividade 6 - WSL/airflow/airflow_env/lib/python3.10/site-packages/airflow/example_dags/tutorial.py
[2024-09-09T21:03:56.001-0300] {processor.py:925} INFO - DAG(s) 'tutorial' retrieved from /mnt/c/Users/teu20/Documents/Poli/Repo/eEDB011-20243/atividade 6 - WSL/airflow/airflow_env/lib/python3.10/site-packages/airflow/example_dags/tutorial.py
[2024-09-09T21:03:56.019-0300] {logging_mixin.py:190} INFO - [2024-09-09T21:03:56.019-0300] {dag.py:3229} INFO - Sync 1 DAGs
[2024-09-09T21:03:56.035-0300] {logging_mixin.py:190} INFO - [2024-09-09T21:03:56.035-0300] {dag.py:4156} INFO - Setting next_dagrun for tutorial to 2024-09-09 00:00:00+00:00, run_after=2024-09-10 00:00:00+00:00
[2024-09-09T21:03:56.051-0300] {processor.py:208} INFO - Processing /mnt/c/Users/teu20/Documents/Poli/Repo/eEDB011-20243/atividade 6 - WSL/airflow/airflow_env/lib/python3.10/site-packages/airflow/example_dags/tutorial.py took 0.077 seconds
[2024-09-09T21:04:26.428-0300] {processor.py:186} INFO - Started process (PID=265147) to work on /mnt/c/Users/teu20/Documents/Poli/Repo/eEDB011-20243/atividade 6 - WSL/airflow/airflow_env/lib/python3.10/site-packages/airflow/example_dags/tutorial.py
[2024-09-09T21:04:26.430-0300] {processor.py:914} INFO - Processing file /mnt/c/Users/teu20/Documents/Poli/Repo/eEDB011-20243/atividade 6 - WSL/airflow/airflow_env/lib/python3.10/site-packages/airflow/example_dags/tutorial.py for tasks to queue
[2024-09-09T21:04:26.432-0300] {logging_mixin.py:190} INFO - [2024-09-09T21:04:26.431-0300] {dagbag.py:587} INFO - Filling up the DagBag from /mnt/c/Users/teu20/Documents/Poli/Repo/eEDB011-20243/atividade 6 - WSL/airflow/airflow_env/lib/python3.10/site-packages/airflow/example_dags/tutorial.py
[2024-09-09T21:04:26.447-0300] {processor.py:925} INFO - DAG(s) 'tutorial' retrieved from /mnt/c/Users/teu20/Documents/Poli/Repo/eEDB011-20243/atividade 6 - WSL/airflow/airflow_env/lib/python3.10/site-packages/airflow/example_dags/tutorial.py
[2024-09-09T21:04:26.468-0300] {logging_mixin.py:190} INFO - [2024-09-09T21:04:26.467-0300] {dag.py:3229} INFO - Sync 1 DAGs
[2024-09-09T21:04:26.496-0300] {logging_mixin.py:190} INFO - [2024-09-09T21:04:26.495-0300] {dag.py:4156} INFO - Setting next_dagrun for tutorial to 2024-09-09 00:00:00+00:00, run_after=2024-09-10 00:00:00+00:00
[2024-09-09T21:04:26.522-0300] {processor.py:208} INFO - Processing /mnt/c/Users/teu20/Documents/Poli/Repo/eEDB011-20243/atividade 6 - WSL/airflow/airflow_env/lib/python3.10/site-packages/airflow/example_dags/tutorial.py took 0.102 seconds
[2024-09-09T21:04:56.698-0300] {processor.py:186} INFO - Started process (PID=266297) to work on /mnt/c/Users/teu20/Documents/Poli/Repo/eEDB011-20243/atividade 6 - WSL/airflow/airflow_env/lib/python3.10/site-packages/airflow/example_dags/tutorial.py
[2024-09-09T21:04:56.700-0300] {processor.py:914} INFO - Processing file /mnt/c/Users/teu20/Documents/Poli/Repo/eEDB011-20243/atividade 6 - WSL/airflow/airflow_env/lib/python3.10/site-packages/airflow/example_dags/tutorial.py for tasks to queue
[2024-09-09T21:04:56.701-0300] {logging_mixin.py:190} INFO - [2024-09-09T21:04:56.701-0300] {dagbag.py:587} INFO - Filling up the DagBag from /mnt/c/Users/teu20/Documents/Poli/Repo/eEDB011-20243/atividade 6 - WSL/airflow/airflow_env/lib/python3.10/site-packages/airflow/example_dags/tutorial.py
[2024-09-09T21:04:56.714-0300] {processor.py:925} INFO - DAG(s) 'tutorial' retrieved from /mnt/c/Users/teu20/Documents/Poli/Repo/eEDB011-20243/atividade 6 - WSL/airflow/airflow_env/lib/python3.10/site-packages/airflow/example_dags/tutorial.py
[2024-09-09T21:04:56.731-0300] {logging_mixin.py:190} INFO - [2024-09-09T21:04:56.730-0300] {dag.py:3229} INFO - Sync 1 DAGs
[2024-09-09T21:04:56.746-0300] {logging_mixin.py:190} INFO - [2024-09-09T21:04:56.746-0300] {dag.py:4156} INFO - Setting next_dagrun for tutorial to 2024-09-09 00:00:00+00:00, run_after=2024-09-10 00:00:00+00:00
[2024-09-09T21:04:56.761-0300] {processor.py:208} INFO - Processing /mnt/c/Users/teu20/Documents/Poli/Repo/eEDB011-20243/atividade 6 - WSL/airflow/airflow_env/lib/python3.10/site-packages/airflow/example_dags/tutorial.py took 0.070 seconds
[2024-09-09T21:05:27.091-0300] {processor.py:186} INFO - Started process (PID=266889) to work on /mnt/c/Users/teu20/Documents/Poli/Repo/eEDB011-20243/atividade 6 - WSL/airflow/airflow_env/lib/python3.10/site-packages/airflow/example_dags/tutorial.py
[2024-09-09T21:05:27.092-0300] {processor.py:914} INFO - Processing file /mnt/c/Users/teu20/Documents/Poli/Repo/eEDB011-20243/atividade 6 - WSL/airflow/airflow_env/lib/python3.10/site-packages/airflow/example_dags/tutorial.py for tasks to queue
[2024-09-09T21:05:27.094-0300] {logging_mixin.py:190} INFO - [2024-09-09T21:05:27.093-0300] {dagbag.py:587} INFO - Filling up the DagBag from /mnt/c/Users/teu20/Documents/Poli/Repo/eEDB011-20243/atividade 6 - WSL/airflow/airflow_env/lib/python3.10/site-packages/airflow/example_dags/tutorial.py
[2024-09-09T21:05:27.107-0300] {processor.py:925} INFO - DAG(s) 'tutorial' retrieved from /mnt/c/Users/teu20/Documents/Poli/Repo/eEDB011-20243/atividade 6 - WSL/airflow/airflow_env/lib/python3.10/site-packages/airflow/example_dags/tutorial.py
[2024-09-09T21:05:27.125-0300] {logging_mixin.py:190} INFO - [2024-09-09T21:05:27.124-0300] {dag.py:3229} INFO - Sync 1 DAGs
[2024-09-09T21:05:27.141-0300] {logging_mixin.py:190} INFO - [2024-09-09T21:05:27.141-0300] {dag.py:4156} INFO - Setting next_dagrun for tutorial to 2024-09-09 00:00:00+00:00, run_after=2024-09-10 00:00:00+00:00
[2024-09-09T21:05:27.157-0300] {processor.py:208} INFO - Processing /mnt/c/Users/teu20/Documents/Poli/Repo/eEDB011-20243/atividade 6 - WSL/airflow/airflow_env/lib/python3.10/site-packages/airflow/example_dags/tutorial.py took 0.073 seconds
[2024-09-09T21:05:57.604-0300] {processor.py:186} INFO - Started process (PID=267320) to work on /mnt/c/Users/teu20/Documents/Poli/Repo/eEDB011-20243/atividade 6 - WSL/airflow/airflow_env/lib/python3.10/site-packages/airflow/example_dags/tutorial.py
[2024-09-09T21:05:57.605-0300] {processor.py:914} INFO - Processing file /mnt/c/Users/teu20/Documents/Poli/Repo/eEDB011-20243/atividade 6 - WSL/airflow/airflow_env/lib/python3.10/site-packages/airflow/example_dags/tutorial.py for tasks to queue
[2024-09-09T21:05:57.607-0300] {logging_mixin.py:190} INFO - [2024-09-09T21:05:57.606-0300] {dagbag.py:587} INFO - Filling up the DagBag from /mnt/c/Users/teu20/Documents/Poli/Repo/eEDB011-20243/atividade 6 - WSL/airflow/airflow_env/lib/python3.10/site-packages/airflow/example_dags/tutorial.py
[2024-09-09T21:05:57.621-0300] {processor.py:925} INFO - DAG(s) 'tutorial' retrieved from /mnt/c/Users/teu20/Documents/Poli/Repo/eEDB011-20243/atividade 6 - WSL/airflow/airflow_env/lib/python3.10/site-packages/airflow/example_dags/tutorial.py
[2024-09-09T21:05:57.639-0300] {logging_mixin.py:190} INFO - [2024-09-09T21:05:57.638-0300] {dag.py:3229} INFO - Sync 1 DAGs
[2024-09-09T21:05:57.654-0300] {logging_mixin.py:190} INFO - [2024-09-09T21:05:57.653-0300] {dag.py:4156} INFO - Setting next_dagrun for tutorial to 2024-09-09 00:00:00+00:00, run_after=2024-09-10 00:00:00+00:00
[2024-09-09T21:05:57.668-0300] {processor.py:208} INFO - Processing /mnt/c/Users/teu20/Documents/Poli/Repo/eEDB011-20243/atividade 6 - WSL/airflow/airflow_env/lib/python3.10/site-packages/airflow/example_dags/tutorial.py took 0.072 seconds
[2024-09-09T21:06:28.150-0300] {processor.py:186} INFO - Started process (PID=267750) to work on /mnt/c/Users/teu20/Documents/Poli/Repo/eEDB011-20243/atividade 6 - WSL/airflow/airflow_env/lib/python3.10/site-packages/airflow/example_dags/tutorial.py
[2024-09-09T21:06:28.152-0300] {processor.py:914} INFO - Processing file /mnt/c/Users/teu20/Documents/Poli/Repo/eEDB011-20243/atividade 6 - WSL/airflow/airflow_env/lib/python3.10/site-packages/airflow/example_dags/tutorial.py for tasks to queue
[2024-09-09T21:06:28.154-0300] {logging_mixin.py:190} INFO - [2024-09-09T21:06:28.153-0300] {dagbag.py:587} INFO - Filling up the DagBag from /mnt/c/Users/teu20/Documents/Poli/Repo/eEDB011-20243/atividade 6 - WSL/airflow/airflow_env/lib/python3.10/site-packages/airflow/example_dags/tutorial.py
[2024-09-09T21:06:28.170-0300] {processor.py:925} INFO - DAG(s) 'tutorial' retrieved from /mnt/c/Users/teu20/Documents/Poli/Repo/eEDB011-20243/atividade 6 - WSL/airflow/airflow_env/lib/python3.10/site-packages/airflow/example_dags/tutorial.py
[2024-09-09T21:06:28.190-0300] {logging_mixin.py:190} INFO - [2024-09-09T21:06:28.189-0300] {dag.py:3229} INFO - Sync 1 DAGs
[2024-09-09T21:06:28.206-0300] {logging_mixin.py:190} INFO - [2024-09-09T21:06:28.206-0300] {dag.py:4156} INFO - Setting next_dagrun for tutorial to 2024-09-09 00:00:00+00:00, run_after=2024-09-10 00:00:00+00:00
[2024-09-09T21:06:28.223-0300] {processor.py:208} INFO - Processing /mnt/c/Users/teu20/Documents/Poli/Repo/eEDB011-20243/atividade 6 - WSL/airflow/airflow_env/lib/python3.10/site-packages/airflow/example_dags/tutorial.py took 0.081 seconds
[2024-09-09T21:06:58.659-0300] {processor.py:186} INFO - Started process (PID=268395) to work on /mnt/c/Users/teu20/Documents/Poli/Repo/eEDB011-20243/atividade 6 - WSL/airflow/airflow_env/lib/python3.10/site-packages/airflow/example_dags/tutorial.py
[2024-09-09T21:06:58.660-0300] {processor.py:914} INFO - Processing file /mnt/c/Users/teu20/Documents/Poli/Repo/eEDB011-20243/atividade 6 - WSL/airflow/airflow_env/lib/python3.10/site-packages/airflow/example_dags/tutorial.py for tasks to queue
[2024-09-09T21:06:58.662-0300] {logging_mixin.py:190} INFO - [2024-09-09T21:06:58.661-0300] {dagbag.py:587} INFO - Filling up the DagBag from /mnt/c/Users/teu20/Documents/Poli/Repo/eEDB011-20243/atividade 6 - WSL/airflow/airflow_env/lib/python3.10/site-packages/airflow/example_dags/tutorial.py
[2024-09-09T21:06:58.676-0300] {processor.py:925} INFO - DAG(s) 'tutorial' retrieved from /mnt/c/Users/teu20/Documents/Poli/Repo/eEDB011-20243/atividade 6 - WSL/airflow/airflow_env/lib/python3.10/site-packages/airflow/example_dags/tutorial.py
[2024-09-09T21:06:58.695-0300] {logging_mixin.py:190} INFO - [2024-09-09T21:06:58.694-0300] {dag.py:3229} INFO - Sync 1 DAGs
[2024-09-09T21:06:58.711-0300] {logging_mixin.py:190} INFO - [2024-09-09T21:06:58.710-0300] {dag.py:4156} INFO - Setting next_dagrun for tutorial to 2024-09-09 00:00:00+00:00, run_after=2024-09-10 00:00:00+00:00
[2024-09-09T21:06:58.726-0300] {processor.py:208} INFO - Processing /mnt/c/Users/teu20/Documents/Poli/Repo/eEDB011-20243/atividade 6 - WSL/airflow/airflow_env/lib/python3.10/site-packages/airflow/example_dags/tutorial.py took 0.075 seconds
[2024-09-09T21:07:29.176-0300] {processor.py:186} INFO - Started process (PID=269065) to work on /mnt/c/Users/teu20/Documents/Poli/Repo/eEDB011-20243/atividade 6 - WSL/airflow/airflow_env/lib/python3.10/site-packages/airflow/example_dags/tutorial.py
[2024-09-09T21:07:29.177-0300] {processor.py:914} INFO - Processing file /mnt/c/Users/teu20/Documents/Poli/Repo/eEDB011-20243/atividade 6 - WSL/airflow/airflow_env/lib/python3.10/site-packages/airflow/example_dags/tutorial.py for tasks to queue
[2024-09-09T21:07:29.179-0300] {logging_mixin.py:190} INFO - [2024-09-09T21:07:29.178-0300] {dagbag.py:587} INFO - Filling up the DagBag from /mnt/c/Users/teu20/Documents/Poli/Repo/eEDB011-20243/atividade 6 - WSL/airflow/airflow_env/lib/python3.10/site-packages/airflow/example_dags/tutorial.py
[2024-09-09T21:07:29.193-0300] {processor.py:925} INFO - DAG(s) 'tutorial' retrieved from /mnt/c/Users/teu20/Documents/Poli/Repo/eEDB011-20243/atividade 6 - WSL/airflow/airflow_env/lib/python3.10/site-packages/airflow/example_dags/tutorial.py
[2024-09-09T21:07:29.213-0300] {logging_mixin.py:190} INFO - [2024-09-09T21:07:29.213-0300] {dag.py:3229} INFO - Sync 1 DAGs
[2024-09-09T21:07:29.231-0300] {logging_mixin.py:190} INFO - [2024-09-09T21:07:29.230-0300] {dag.py:4156} INFO - Setting next_dagrun for tutorial to 2024-09-09 00:00:00+00:00, run_after=2024-09-10 00:00:00+00:00
[2024-09-09T21:07:29.246-0300] {processor.py:208} INFO - Processing /mnt/c/Users/teu20/Documents/Poli/Repo/eEDB011-20243/atividade 6 - WSL/airflow/airflow_env/lib/python3.10/site-packages/airflow/example_dags/tutorial.py took 0.078 seconds
[2024-09-09T21:07:59.586-0300] {processor.py:186} INFO - Started process (PID=269559) to work on /mnt/c/Users/teu20/Documents/Poli/Repo/eEDB011-20243/atividade 6 - WSL/airflow/airflow_env/lib/python3.10/site-packages/airflow/example_dags/tutorial.py
[2024-09-09T21:07:59.588-0300] {processor.py:914} INFO - Processing file /mnt/c/Users/teu20/Documents/Poli/Repo/eEDB011-20243/atividade 6 - WSL/airflow/airflow_env/lib/python3.10/site-packages/airflow/example_dags/tutorial.py for tasks to queue
[2024-09-09T21:07:59.589-0300] {logging_mixin.py:190} INFO - [2024-09-09T21:07:59.589-0300] {dagbag.py:587} INFO - Filling up the DagBag from /mnt/c/Users/teu20/Documents/Poli/Repo/eEDB011-20243/atividade 6 - WSL/airflow/airflow_env/lib/python3.10/site-packages/airflow/example_dags/tutorial.py
[2024-09-09T21:07:59.601-0300] {processor.py:925} INFO - DAG(s) 'tutorial' retrieved from /mnt/c/Users/teu20/Documents/Poli/Repo/eEDB011-20243/atividade 6 - WSL/airflow/airflow_env/lib/python3.10/site-packages/airflow/example_dags/tutorial.py
[2024-09-09T21:07:59.618-0300] {logging_mixin.py:190} INFO - [2024-09-09T21:07:59.617-0300] {dag.py:3229} INFO - Sync 1 DAGs
[2024-09-09T21:07:59.632-0300] {logging_mixin.py:190} INFO - [2024-09-09T21:07:59.632-0300] {dag.py:4156} INFO - Setting next_dagrun for tutorial to 2024-09-09 00:00:00+00:00, run_after=2024-09-10 00:00:00+00:00
[2024-09-09T21:07:59.647-0300] {processor.py:208} INFO - Processing /mnt/c/Users/teu20/Documents/Poli/Repo/eEDB011-20243/atividade 6 - WSL/airflow/airflow_env/lib/python3.10/site-packages/airflow/example_dags/tutorial.py took 0.069 seconds
