[2024-09-09T21:00:21.607-0300] {processor.py:186} INFO - Started process (PID=261393) to work on /mnt/c/Users/teu20/Documents/Poli/Repo/eEDB011-20243/atividade 6 - WSL/airflow/airflow_env/lib/python3.10/site-packages/airflow/example_dags/tutorial_objectstorage.py
[2024-09-09T21:00:21.608-0300] {processor.py:914} INFO - Processing file /mnt/c/Users/teu20/Documents/Poli/Repo/eEDB011-20243/atividade 6 - WSL/airflow/airflow_env/lib/python3.10/site-packages/airflow/example_dags/tutorial_objectstorage.py for tasks to queue
[2024-09-09T21:00:21.609-0300] {logging_mixin.py:190} INFO - [2024-09-09T21:00:21.609-0300] {dagbag.py:587} INFO - Filling up the DagBag from /mnt/c/Users/teu20/Documents/Poli/Repo/eEDB011-20243/atividade 6 - WSL/airflow/airflow_env/lib/python3.10/site-packages/airflow/example_dags/tutorial_objectstorage.py
[2024-09-09T21:00:21.625-0300] {processor.py:925} INFO - DAG(s) 'tutorial_objectstorage' retrieved from /mnt/c/Users/teu20/Documents/Poli/Repo/eEDB011-20243/atividade 6 - WSL/airflow/airflow_env/lib/python3.10/site-packages/airflow/example_dags/tutorial_objectstorage.py
[2024-09-09T21:00:21.642-0300] {logging_mixin.py:190} INFO - [2024-09-09T21:00:21.641-0300] {dag.py:3229} INFO - Sync 1 DAGs
[2024-09-09T21:00:21.650-0300] {logging_mixin.py:190} INFO - [2024-09-09T21:00:21.649-0300] {dag.py:4156} INFO - Setting next_dagrun for tutorial_objectstorage to None, run_after=None
[2024-09-09T21:00:21.664-0300] {processor.py:208} INFO - Processing /mnt/c/Users/teu20/Documents/Poli/Repo/eEDB011-20243/atividade 6 - WSL/airflow/airflow_env/lib/python3.10/site-packages/airflow/example_dags/tutorial_objectstorage.py took 0.065 seconds
[2024-09-09T21:00:52.079-0300] {processor.py:186} INFO - Started process (PID=262042) to work on /mnt/c/Users/teu20/Documents/Poli/Repo/eEDB011-20243/atividade 6 - WSL/airflow/airflow_env/lib/python3.10/site-packages/airflow/example_dags/tutorial_objectstorage.py
[2024-09-09T21:00:52.080-0300] {processor.py:914} INFO - Processing file /mnt/c/Users/teu20/Documents/Poli/Repo/eEDB011-20243/atividade 6 - WSL/airflow/airflow_env/lib/python3.10/site-packages/airflow/example_dags/tutorial_objectstorage.py for tasks to queue
[2024-09-09T21:00:52.082-0300] {logging_mixin.py:190} INFO - [2024-09-09T21:00:52.081-0300] {dagbag.py:587} INFO - Filling up the DagBag from /mnt/c/Users/teu20/Documents/Poli/Repo/eEDB011-20243/atividade 6 - WSL/airflow/airflow_env/lib/python3.10/site-packages/airflow/example_dags/tutorial_objectstorage.py
[2024-09-09T21:00:52.095-0300] {processor.py:925} INFO - DAG(s) 'tutorial_objectstorage' retrieved from /mnt/c/Users/teu20/Documents/Poli/Repo/eEDB011-20243/atividade 6 - WSL/airflow/airflow_env/lib/python3.10/site-packages/airflow/example_dags/tutorial_objectstorage.py
[2024-09-09T21:00:52.113-0300] {logging_mixin.py:190} INFO - [2024-09-09T21:00:52.113-0300] {dag.py:3229} INFO - Sync 1 DAGs
[2024-09-09T21:00:52.122-0300] {logging_mixin.py:190} INFO - [2024-09-09T21:00:52.121-0300] {dag.py:4156} INFO - Setting next_dagrun for tutorial_objectstorage to None, run_after=None
[2024-09-09T21:00:52.136-0300] {processor.py:208} INFO - Processing /mnt/c/Users/teu20/Documents/Poli/Repo/eEDB011-20243/atividade 6 - WSL/airflow/airflow_env/lib/python3.10/site-packages/airflow/example_dags/tutorial_objectstorage.py took 0.064 seconds
[2024-09-09T21:01:22.615-0300] {processor.py:186} INFO - Started process (PID=262532) to work on /mnt/c/Users/teu20/Documents/Poli/Repo/eEDB011-20243/atividade 6 - WSL/airflow/airflow_env/lib/python3.10/site-packages/airflow/example_dags/tutorial_objectstorage.py
[2024-09-09T21:01:22.616-0300] {processor.py:914} INFO - Processing file /mnt/c/Users/teu20/Documents/Poli/Repo/eEDB011-20243/atividade 6 - WSL/airflow/airflow_env/lib/python3.10/site-packages/airflow/example_dags/tutorial_objectstorage.py for tasks to queue
[2024-09-09T21:01:22.617-0300] {logging_mixin.py:190} INFO - [2024-09-09T21:01:22.617-0300] {dagbag.py:587} INFO - Filling up the DagBag from /mnt/c/Users/teu20/Documents/Poli/Repo/eEDB011-20243/atividade 6 - WSL/airflow/airflow_env/lib/python3.10/site-packages/airflow/example_dags/tutorial_objectstorage.py
[2024-09-09T21:01:22.632-0300] {processor.py:925} INFO - DAG(s) 'tutorial_objectstorage' retrieved from /mnt/c/Users/teu20/Documents/Poli/Repo/eEDB011-20243/atividade 6 - WSL/airflow/airflow_env/lib/python3.10/site-packages/airflow/example_dags/tutorial_objectstorage.py
[2024-09-09T21:01:22.652-0300] {logging_mixin.py:190} INFO - [2024-09-09T21:01:22.651-0300] {dag.py:3229} INFO - Sync 1 DAGs
[2024-09-09T21:01:22.662-0300] {logging_mixin.py:190} INFO - [2024-09-09T21:01:22.661-0300] {dag.py:4156} INFO - Setting next_dagrun for tutorial_objectstorage to None, run_after=None
[2024-09-09T21:01:22.678-0300] {processor.py:208} INFO - Processing /mnt/c/Users/teu20/Documents/Poli/Repo/eEDB011-20243/atividade 6 - WSL/airflow/airflow_env/lib/python3.10/site-packages/airflow/example_dags/tutorial_objectstorage.py took 0.072 seconds
[2024-09-09T21:01:53.607-0300] {processor.py:186} INFO - Started process (PID=262967) to work on /mnt/c/Users/teu20/Documents/Poli/Repo/eEDB011-20243/atividade 6 - WSL/airflow/airflow_env/lib/python3.10/site-packages/airflow/example_dags/tutorial_objectstorage.py
[2024-09-09T21:01:53.609-0300] {processor.py:914} INFO - Processing file /mnt/c/Users/teu20/Documents/Poli/Repo/eEDB011-20243/atividade 6 - WSL/airflow/airflow_env/lib/python3.10/site-packages/airflow/example_dags/tutorial_objectstorage.py for tasks to queue
[2024-09-09T21:01:53.611-0300] {logging_mixin.py:190} INFO - [2024-09-09T21:01:53.610-0300] {dagbag.py:587} INFO - Filling up the DagBag from /mnt/c/Users/teu20/Documents/Poli/Repo/eEDB011-20243/atividade 6 - WSL/airflow/airflow_env/lib/python3.10/site-packages/airflow/example_dags/tutorial_objectstorage.py
[2024-09-09T21:01:53.623-0300] {processor.py:925} INFO - DAG(s) 'tutorial_objectstorage' retrieved from /mnt/c/Users/teu20/Documents/Poli/Repo/eEDB011-20243/atividade 6 - WSL/airflow/airflow_env/lib/python3.10/site-packages/airflow/example_dags/tutorial_objectstorage.py
[2024-09-09T21:01:53.639-0300] {logging_mixin.py:190} INFO - [2024-09-09T21:01:53.639-0300] {dag.py:3229} INFO - Sync 1 DAGs
[2024-09-09T21:01:53.648-0300] {logging_mixin.py:190} INFO - [2024-09-09T21:01:53.647-0300] {dag.py:4156} INFO - Setting next_dagrun for tutorial_objectstorage to None, run_after=None
[2024-09-09T21:01:53.665-0300] {processor.py:208} INFO - Processing /mnt/c/Users/teu20/Documents/Poli/Repo/eEDB011-20243/atividade 6 - WSL/airflow/airflow_env/lib/python3.10/site-packages/airflow/example_dags/tutorial_objectstorage.py took 0.066 seconds
[2024-09-09T21:02:24.066-0300] {processor.py:186} INFO - Started process (PID=263399) to work on /mnt/c/Users/teu20/Documents/Poli/Repo/eEDB011-20243/atividade 6 - WSL/airflow/airflow_env/lib/python3.10/site-packages/airflow/example_dags/tutorial_objectstorage.py
[2024-09-09T21:02:24.067-0300] {processor.py:914} INFO - Processing file /mnt/c/Users/teu20/Documents/Poli/Repo/eEDB011-20243/atividade 6 - WSL/airflow/airflow_env/lib/python3.10/site-packages/airflow/example_dags/tutorial_objectstorage.py for tasks to queue
[2024-09-09T21:02:24.069-0300] {logging_mixin.py:190} INFO - [2024-09-09T21:02:24.068-0300] {dagbag.py:587} INFO - Filling up the DagBag from /mnt/c/Users/teu20/Documents/Poli/Repo/eEDB011-20243/atividade 6 - WSL/airflow/airflow_env/lib/python3.10/site-packages/airflow/example_dags/tutorial_objectstorage.py
[2024-09-09T21:02:24.084-0300] {processor.py:925} INFO - DAG(s) 'tutorial_objectstorage' retrieved from /mnt/c/Users/teu20/Documents/Poli/Repo/eEDB011-20243/atividade 6 - WSL/airflow/airflow_env/lib/python3.10/site-packages/airflow/example_dags/tutorial_objectstorage.py
[2024-09-09T21:02:24.101-0300] {logging_mixin.py:190} INFO - [2024-09-09T21:02:24.101-0300] {dag.py:3229} INFO - Sync 1 DAGs
[2024-09-09T21:02:24.110-0300] {logging_mixin.py:190} INFO - [2024-09-09T21:02:24.109-0300] {dag.py:4156} INFO - Setting next_dagrun for tutorial_objectstorage to None, run_after=None
[2024-09-09T21:02:24.126-0300] {processor.py:208} INFO - Processing /mnt/c/Users/teu20/Documents/Poli/Repo/eEDB011-20243/atividade 6 - WSL/airflow/airflow_env/lib/python3.10/site-packages/airflow/example_dags/tutorial_objectstorage.py took 0.067 seconds
[2024-09-09T21:02:54.681-0300] {processor.py:186} INFO - Started process (PID=263828) to work on /mnt/c/Users/teu20/Documents/Poli/Repo/eEDB011-20243/atividade 6 - WSL/airflow/airflow_env/lib/python3.10/site-packages/airflow/example_dags/tutorial_objectstorage.py
[2024-09-09T21:02:54.682-0300] {processor.py:914} INFO - Processing file /mnt/c/Users/teu20/Documents/Poli/Repo/eEDB011-20243/atividade 6 - WSL/airflow/airflow_env/lib/python3.10/site-packages/airflow/example_dags/tutorial_objectstorage.py for tasks to queue
[2024-09-09T21:02:54.683-0300] {logging_mixin.py:190} INFO - [2024-09-09T21:02:54.683-0300] {dagbag.py:587} INFO - Filling up the DagBag from /mnt/c/Users/teu20/Documents/Poli/Repo/eEDB011-20243/atividade 6 - WSL/airflow/airflow_env/lib/python3.10/site-packages/airflow/example_dags/tutorial_objectstorage.py
[2024-09-09T21:02:54.700-0300] {processor.py:925} INFO - DAG(s) 'tutorial_objectstorage' retrieved from /mnt/c/Users/teu20/Documents/Poli/Repo/eEDB011-20243/atividade 6 - WSL/airflow/airflow_env/lib/python3.10/site-packages/airflow/example_dags/tutorial_objectstorage.py
[2024-09-09T21:02:54.720-0300] {logging_mixin.py:190} INFO - [2024-09-09T21:02:54.719-0300] {dag.py:3229} INFO - Sync 1 DAGs
[2024-09-09T21:02:54.728-0300] {logging_mixin.py:190} INFO - [2024-09-09T21:02:54.728-0300] {dag.py:4156} INFO - Setting next_dagrun for tutorial_objectstorage to None, run_after=None
[2024-09-09T21:02:54.743-0300] {processor.py:208} INFO - Processing /mnt/c/Users/teu20/Documents/Poli/Repo/eEDB011-20243/atividade 6 - WSL/airflow/airflow_env/lib/python3.10/site-packages/airflow/example_dags/tutorial_objectstorage.py took 0.070 seconds
[2024-09-09T21:03:25.291-0300] {processor.py:186} INFO - Started process (PID=264261) to work on /mnt/c/Users/teu20/Documents/Poli/Repo/eEDB011-20243/atividade 6 - WSL/airflow/airflow_env/lib/python3.10/site-packages/airflow/example_dags/tutorial_objectstorage.py
[2024-09-09T21:03:25.292-0300] {processor.py:914} INFO - Processing file /mnt/c/Users/teu20/Documents/Poli/Repo/eEDB011-20243/atividade 6 - WSL/airflow/airflow_env/lib/python3.10/site-packages/airflow/example_dags/tutorial_objectstorage.py for tasks to queue
[2024-09-09T21:03:25.294-0300] {logging_mixin.py:190} INFO - [2024-09-09T21:03:25.293-0300] {dagbag.py:587} INFO - Filling up the DagBag from /mnt/c/Users/teu20/Documents/Poli/Repo/eEDB011-20243/atividade 6 - WSL/airflow/airflow_env/lib/python3.10/site-packages/airflow/example_dags/tutorial_objectstorage.py
[2024-09-09T21:03:25.311-0300] {processor.py:925} INFO - DAG(s) 'tutorial_objectstorage' retrieved from /mnt/c/Users/teu20/Documents/Poli/Repo/eEDB011-20243/atividade 6 - WSL/airflow/airflow_env/lib/python3.10/site-packages/airflow/example_dags/tutorial_objectstorage.py
[2024-09-09T21:03:25.328-0300] {logging_mixin.py:190} INFO - [2024-09-09T21:03:25.327-0300] {dag.py:3229} INFO - Sync 1 DAGs
[2024-09-09T21:03:25.337-0300] {logging_mixin.py:190} INFO - [2024-09-09T21:03:25.336-0300] {dag.py:4156} INFO - Setting next_dagrun for tutorial_objectstorage to None, run_after=None
[2024-09-09T21:03:25.351-0300] {processor.py:208} INFO - Processing /mnt/c/Users/teu20/Documents/Poli/Repo/eEDB011-20243/atividade 6 - WSL/airflow/airflow_env/lib/python3.10/site-packages/airflow/example_dags/tutorial_objectstorage.py took 0.069 seconds
[2024-09-09T21:03:55.708-0300] {processor.py:186} INFO - Started process (PID=264701) to work on /mnt/c/Users/teu20/Documents/Poli/Repo/eEDB011-20243/atividade 6 - WSL/airflow/airflow_env/lib/python3.10/site-packages/airflow/example_dags/tutorial_objectstorage.py
[2024-09-09T21:03:55.709-0300] {processor.py:914} INFO - Processing file /mnt/c/Users/teu20/Documents/Poli/Repo/eEDB011-20243/atividade 6 - WSL/airflow/airflow_env/lib/python3.10/site-packages/airflow/example_dags/tutorial_objectstorage.py for tasks to queue
[2024-09-09T21:03:55.711-0300] {logging_mixin.py:190} INFO - [2024-09-09T21:03:55.710-0300] {dagbag.py:587} INFO - Filling up the DagBag from /mnt/c/Users/teu20/Documents/Poli/Repo/eEDB011-20243/atividade 6 - WSL/airflow/airflow_env/lib/python3.10/site-packages/airflow/example_dags/tutorial_objectstorage.py
[2024-09-09T21:03:55.726-0300] {processor.py:925} INFO - DAG(s) 'tutorial_objectstorage' retrieved from /mnt/c/Users/teu20/Documents/Poli/Repo/eEDB011-20243/atividade 6 - WSL/airflow/airflow_env/lib/python3.10/site-packages/airflow/example_dags/tutorial_objectstorage.py
[2024-09-09T21:03:55.745-0300] {logging_mixin.py:190} INFO - [2024-09-09T21:03:55.744-0300] {dag.py:3229} INFO - Sync 1 DAGs
[2024-09-09T21:03:55.754-0300] {logging_mixin.py:190} INFO - [2024-09-09T21:03:55.753-0300] {dag.py:4156} INFO - Setting next_dagrun for tutorial_objectstorage to None, run_after=None
[2024-09-09T21:03:55.769-0300] {processor.py:208} INFO - Processing /mnt/c/Users/teu20/Documents/Poli/Repo/eEDB011-20243/atividade 6 - WSL/airflow/airflow_env/lib/python3.10/site-packages/airflow/example_dags/tutorial_objectstorage.py took 0.070 seconds
[2024-09-09T21:04:26.137-0300] {processor.py:186} INFO - Started process (PID=265136) to work on /mnt/c/Users/teu20/Documents/Poli/Repo/eEDB011-20243/atividade 6 - WSL/airflow/airflow_env/lib/python3.10/site-packages/airflow/example_dags/tutorial_objectstorage.py
[2024-09-09T21:04:26.138-0300] {processor.py:914} INFO - Processing file /mnt/c/Users/teu20/Documents/Poli/Repo/eEDB011-20243/atividade 6 - WSL/airflow/airflow_env/lib/python3.10/site-packages/airflow/example_dags/tutorial_objectstorage.py for tasks to queue
[2024-09-09T21:04:26.140-0300] {logging_mixin.py:190} INFO - [2024-09-09T21:04:26.140-0300] {dagbag.py:587} INFO - Filling up the DagBag from /mnt/c/Users/teu20/Documents/Poli/Repo/eEDB011-20243/atividade 6 - WSL/airflow/airflow_env/lib/python3.10/site-packages/airflow/example_dags/tutorial_objectstorage.py
[2024-09-09T21:04:26.159-0300] {processor.py:925} INFO - DAG(s) 'tutorial_objectstorage' retrieved from /mnt/c/Users/teu20/Documents/Poli/Repo/eEDB011-20243/atividade 6 - WSL/airflow/airflow_env/lib/python3.10/site-packages/airflow/example_dags/tutorial_objectstorage.py
[2024-09-09T21:04:26.180-0300] {logging_mixin.py:190} INFO - [2024-09-09T21:04:26.180-0300] {dag.py:3229} INFO - Sync 1 DAGs
[2024-09-09T21:04:26.191-0300] {logging_mixin.py:190} INFO - [2024-09-09T21:04:26.190-0300] {dag.py:4156} INFO - Setting next_dagrun for tutorial_objectstorage to None, run_after=None
[2024-09-09T21:04:26.209-0300] {processor.py:208} INFO - Processing /mnt/c/Users/teu20/Documents/Poli/Repo/eEDB011-20243/atividade 6 - WSL/airflow/airflow_env/lib/python3.10/site-packages/airflow/example_dags/tutorial_objectstorage.py took 0.083 seconds
[2024-09-09T21:04:56.444-0300] {processor.py:186} INFO - Started process (PID=266286) to work on /mnt/c/Users/teu20/Documents/Poli/Repo/eEDB011-20243/atividade 6 - WSL/airflow/airflow_env/lib/python3.10/site-packages/airflow/example_dags/tutorial_objectstorage.py
[2024-09-09T21:04:56.445-0300] {processor.py:914} INFO - Processing file /mnt/c/Users/teu20/Documents/Poli/Repo/eEDB011-20243/atividade 6 - WSL/airflow/airflow_env/lib/python3.10/site-packages/airflow/example_dags/tutorial_objectstorage.py for tasks to queue
[2024-09-09T21:04:56.447-0300] {logging_mixin.py:190} INFO - [2024-09-09T21:04:56.446-0300] {dagbag.py:587} INFO - Filling up the DagBag from /mnt/c/Users/teu20/Documents/Poli/Repo/eEDB011-20243/atividade 6 - WSL/airflow/airflow_env/lib/python3.10/site-packages/airflow/example_dags/tutorial_objectstorage.py
[2024-09-09T21:04:56.462-0300] {processor.py:925} INFO - DAG(s) 'tutorial_objectstorage' retrieved from /mnt/c/Users/teu20/Documents/Poli/Repo/eEDB011-20243/atividade 6 - WSL/airflow/airflow_env/lib/python3.10/site-packages/airflow/example_dags/tutorial_objectstorage.py
[2024-09-09T21:04:56.479-0300] {logging_mixin.py:190} INFO - [2024-09-09T21:04:56.478-0300] {dag.py:3229} INFO - Sync 1 DAGs
[2024-09-09T21:04:56.487-0300] {logging_mixin.py:190} INFO - [2024-09-09T21:04:56.486-0300] {dag.py:4156} INFO - Setting next_dagrun for tutorial_objectstorage to None, run_after=None
[2024-09-09T21:04:56.502-0300] {processor.py:208} INFO - Processing /mnt/c/Users/teu20/Documents/Poli/Repo/eEDB011-20243/atividade 6 - WSL/airflow/airflow_env/lib/python3.10/site-packages/airflow/example_dags/tutorial_objectstorage.py took 0.066 seconds
[2024-09-09T21:05:26.833-0300] {processor.py:186} INFO - Started process (PID=266876) to work on /mnt/c/Users/teu20/Documents/Poli/Repo/eEDB011-20243/atividade 6 - WSL/airflow/airflow_env/lib/python3.10/site-packages/airflow/example_dags/tutorial_objectstorage.py
[2024-09-09T21:05:26.835-0300] {processor.py:914} INFO - Processing file /mnt/c/Users/teu20/Documents/Poli/Repo/eEDB011-20243/atividade 6 - WSL/airflow/airflow_env/lib/python3.10/site-packages/airflow/example_dags/tutorial_objectstorage.py for tasks to queue
[2024-09-09T21:05:26.836-0300] {logging_mixin.py:190} INFO - [2024-09-09T21:05:26.836-0300] {dagbag.py:587} INFO - Filling up the DagBag from /mnt/c/Users/teu20/Documents/Poli/Repo/eEDB011-20243/atividade 6 - WSL/airflow/airflow_env/lib/python3.10/site-packages/airflow/example_dags/tutorial_objectstorage.py
[2024-09-09T21:05:26.849-0300] {processor.py:925} INFO - DAG(s) 'tutorial_objectstorage' retrieved from /mnt/c/Users/teu20/Documents/Poli/Repo/eEDB011-20243/atividade 6 - WSL/airflow/airflow_env/lib/python3.10/site-packages/airflow/example_dags/tutorial_objectstorage.py
[2024-09-09T21:05:26.865-0300] {logging_mixin.py:190} INFO - [2024-09-09T21:05:26.864-0300] {dag.py:3229} INFO - Sync 1 DAGs
[2024-09-09T21:05:26.873-0300] {logging_mixin.py:190} INFO - [2024-09-09T21:05:26.872-0300] {dag.py:4156} INFO - Setting next_dagrun for tutorial_objectstorage to None, run_after=None
[2024-09-09T21:05:26.887-0300] {processor.py:208} INFO - Processing /mnt/c/Users/teu20/Documents/Poli/Repo/eEDB011-20243/atividade 6 - WSL/airflow/airflow_env/lib/python3.10/site-packages/airflow/example_dags/tutorial_objectstorage.py took 0.061 seconds
[2024-09-09T21:05:57.505-0300] {processor.py:186} INFO - Started process (PID=267309) to work on /mnt/c/Users/teu20/Documents/Poli/Repo/eEDB011-20243/atividade 6 - WSL/airflow/airflow_env/lib/python3.10/site-packages/airflow/example_dags/tutorial_objectstorage.py
[2024-09-09T21:05:57.507-0300] {processor.py:914} INFO - Processing file /mnt/c/Users/teu20/Documents/Poli/Repo/eEDB011-20243/atividade 6 - WSL/airflow/airflow_env/lib/python3.10/site-packages/airflow/example_dags/tutorial_objectstorage.py for tasks to queue
[2024-09-09T21:05:57.509-0300] {logging_mixin.py:190} INFO - [2024-09-09T21:05:57.508-0300] {dagbag.py:587} INFO - Filling up the DagBag from /mnt/c/Users/teu20/Documents/Poli/Repo/eEDB011-20243/atividade 6 - WSL/airflow/airflow_env/lib/python3.10/site-packages/airflow/example_dags/tutorial_objectstorage.py
[2024-09-09T21:05:57.524-0300] {processor.py:925} INFO - DAG(s) 'tutorial_objectstorage' retrieved from /mnt/c/Users/teu20/Documents/Poli/Repo/eEDB011-20243/atividade 6 - WSL/airflow/airflow_env/lib/python3.10/site-packages/airflow/example_dags/tutorial_objectstorage.py
[2024-09-09T21:05:57.542-0300] {logging_mixin.py:190} INFO - [2024-09-09T21:05:57.542-0300] {dag.py:3229} INFO - Sync 1 DAGs
[2024-09-09T21:05:57.550-0300] {logging_mixin.py:190} INFO - [2024-09-09T21:05:57.550-0300] {dag.py:4156} INFO - Setting next_dagrun for tutorial_objectstorage to None, run_after=None
[2024-09-09T21:05:57.565-0300] {processor.py:208} INFO - Processing /mnt/c/Users/teu20/Documents/Poli/Repo/eEDB011-20243/atividade 6 - WSL/airflow/airflow_env/lib/python3.10/site-packages/airflow/example_dags/tutorial_objectstorage.py took 0.068 seconds
[2024-09-09T21:06:27.923-0300] {processor.py:186} INFO - Started process (PID=267737) to work on /mnt/c/Users/teu20/Documents/Poli/Repo/eEDB011-20243/atividade 6 - WSL/airflow/airflow_env/lib/python3.10/site-packages/airflow/example_dags/tutorial_objectstorage.py
[2024-09-09T21:06:27.925-0300] {processor.py:914} INFO - Processing file /mnt/c/Users/teu20/Documents/Poli/Repo/eEDB011-20243/atividade 6 - WSL/airflow/airflow_env/lib/python3.10/site-packages/airflow/example_dags/tutorial_objectstorage.py for tasks to queue
[2024-09-09T21:06:27.926-0300] {logging_mixin.py:190} INFO - [2024-09-09T21:06:27.926-0300] {dagbag.py:587} INFO - Filling up the DagBag from /mnt/c/Users/teu20/Documents/Poli/Repo/eEDB011-20243/atividade 6 - WSL/airflow/airflow_env/lib/python3.10/site-packages/airflow/example_dags/tutorial_objectstorage.py
[2024-09-09T21:06:27.939-0300] {processor.py:925} INFO - DAG(s) 'tutorial_objectstorage' retrieved from /mnt/c/Users/teu20/Documents/Poli/Repo/eEDB011-20243/atividade 6 - WSL/airflow/airflow_env/lib/python3.10/site-packages/airflow/example_dags/tutorial_objectstorage.py
[2024-09-09T21:06:27.957-0300] {logging_mixin.py:190} INFO - [2024-09-09T21:06:27.956-0300] {dag.py:3229} INFO - Sync 1 DAGs
[2024-09-09T21:06:27.965-0300] {logging_mixin.py:190} INFO - [2024-09-09T21:06:27.964-0300] {dag.py:4156} INFO - Setting next_dagrun for tutorial_objectstorage to None, run_after=None
[2024-09-09T21:06:27.979-0300] {processor.py:208} INFO - Processing /mnt/c/Users/teu20/Documents/Poli/Repo/eEDB011-20243/atividade 6 - WSL/airflow/airflow_env/lib/python3.10/site-packages/airflow/example_dags/tutorial_objectstorage.py took 0.064 seconds
[2024-09-09T21:06:58.399-0300] {processor.py:186} INFO - Started process (PID=268384) to work on /mnt/c/Users/teu20/Documents/Poli/Repo/eEDB011-20243/atividade 6 - WSL/airflow/airflow_env/lib/python3.10/site-packages/airflow/example_dags/tutorial_objectstorage.py
[2024-09-09T21:06:58.400-0300] {processor.py:914} INFO - Processing file /mnt/c/Users/teu20/Documents/Poli/Repo/eEDB011-20243/atividade 6 - WSL/airflow/airflow_env/lib/python3.10/site-packages/airflow/example_dags/tutorial_objectstorage.py for tasks to queue
[2024-09-09T21:06:58.402-0300] {logging_mixin.py:190} INFO - [2024-09-09T21:06:58.401-0300] {dagbag.py:587} INFO - Filling up the DagBag from /mnt/c/Users/teu20/Documents/Poli/Repo/eEDB011-20243/atividade 6 - WSL/airflow/airflow_env/lib/python3.10/site-packages/airflow/example_dags/tutorial_objectstorage.py
[2024-09-09T21:06:58.417-0300] {processor.py:925} INFO - DAG(s) 'tutorial_objectstorage' retrieved from /mnt/c/Users/teu20/Documents/Poli/Repo/eEDB011-20243/atividade 6 - WSL/airflow/airflow_env/lib/python3.10/site-packages/airflow/example_dags/tutorial_objectstorage.py
[2024-09-09T21:06:58.434-0300] {logging_mixin.py:190} INFO - [2024-09-09T21:06:58.433-0300] {dag.py:3229} INFO - Sync 1 DAGs
[2024-09-09T21:06:58.442-0300] {logging_mixin.py:190} INFO - [2024-09-09T21:06:58.442-0300] {dag.py:4156} INFO - Setting next_dagrun for tutorial_objectstorage to None, run_after=None
[2024-09-09T21:06:58.457-0300] {processor.py:208} INFO - Processing /mnt/c/Users/teu20/Documents/Poli/Repo/eEDB011-20243/atividade 6 - WSL/airflow/airflow_env/lib/python3.10/site-packages/airflow/example_dags/tutorial_objectstorage.py took 0.065 seconds
[2024-09-09T21:07:28.907-0300] {processor.py:186} INFO - Started process (PID=269054) to work on /mnt/c/Users/teu20/Documents/Poli/Repo/eEDB011-20243/atividade 6 - WSL/airflow/airflow_env/lib/python3.10/site-packages/airflow/example_dags/tutorial_objectstorage.py
[2024-09-09T21:07:28.908-0300] {processor.py:914} INFO - Processing file /mnt/c/Users/teu20/Documents/Poli/Repo/eEDB011-20243/atividade 6 - WSL/airflow/airflow_env/lib/python3.10/site-packages/airflow/example_dags/tutorial_objectstorage.py for tasks to queue
[2024-09-09T21:07:28.910-0300] {logging_mixin.py:190} INFO - [2024-09-09T21:07:28.909-0300] {dagbag.py:587} INFO - Filling up the DagBag from /mnt/c/Users/teu20/Documents/Poli/Repo/eEDB011-20243/atividade 6 - WSL/airflow/airflow_env/lib/python3.10/site-packages/airflow/example_dags/tutorial_objectstorage.py
[2024-09-09T21:07:28.925-0300] {processor.py:925} INFO - DAG(s) 'tutorial_objectstorage' retrieved from /mnt/c/Users/teu20/Documents/Poli/Repo/eEDB011-20243/atividade 6 - WSL/airflow/airflow_env/lib/python3.10/site-packages/airflow/example_dags/tutorial_objectstorage.py
[2024-09-09T21:07:28.942-0300] {logging_mixin.py:190} INFO - [2024-09-09T21:07:28.941-0300] {dag.py:3229} INFO - Sync 1 DAGs
[2024-09-09T21:07:28.950-0300] {logging_mixin.py:190} INFO - [2024-09-09T21:07:28.949-0300] {dag.py:4156} INFO - Setting next_dagrun for tutorial_objectstorage to None, run_after=None
[2024-09-09T21:07:28.964-0300] {processor.py:208} INFO - Processing /mnt/c/Users/teu20/Documents/Poli/Repo/eEDB011-20243/atividade 6 - WSL/airflow/airflow_env/lib/python3.10/site-packages/airflow/example_dags/tutorial_objectstorage.py took 0.065 seconds
[2024-09-09T21:07:59.482-0300] {processor.py:186} INFO - Started process (PID=269551) to work on /mnt/c/Users/teu20/Documents/Poli/Repo/eEDB011-20243/atividade 6 - WSL/airflow/airflow_env/lib/python3.10/site-packages/airflow/example_dags/tutorial_objectstorage.py
[2024-09-09T21:07:59.484-0300] {processor.py:914} INFO - Processing file /mnt/c/Users/teu20/Documents/Poli/Repo/eEDB011-20243/atividade 6 - WSL/airflow/airflow_env/lib/python3.10/site-packages/airflow/example_dags/tutorial_objectstorage.py for tasks to queue
[2024-09-09T21:07:59.485-0300] {logging_mixin.py:190} INFO - [2024-09-09T21:07:59.485-0300] {dagbag.py:587} INFO - Filling up the DagBag from /mnt/c/Users/teu20/Documents/Poli/Repo/eEDB011-20243/atividade 6 - WSL/airflow/airflow_env/lib/python3.10/site-packages/airflow/example_dags/tutorial_objectstorage.py
[2024-09-09T21:07:59.501-0300] {processor.py:925} INFO - DAG(s) 'tutorial_objectstorage' retrieved from /mnt/c/Users/teu20/Documents/Poli/Repo/eEDB011-20243/atividade 6 - WSL/airflow/airflow_env/lib/python3.10/site-packages/airflow/example_dags/tutorial_objectstorage.py
[2024-09-09T21:07:59.519-0300] {logging_mixin.py:190} INFO - [2024-09-09T21:07:59.518-0300] {dag.py:3229} INFO - Sync 1 DAGs
[2024-09-09T21:07:59.527-0300] {logging_mixin.py:190} INFO - [2024-09-09T21:07:59.526-0300] {dag.py:4156} INFO - Setting next_dagrun for tutorial_objectstorage to None, run_after=None
[2024-09-09T21:07:59.541-0300] {processor.py:208} INFO - Processing /mnt/c/Users/teu20/Documents/Poli/Repo/eEDB011-20243/atividade 6 - WSL/airflow/airflow_env/lib/python3.10/site-packages/airflow/example_dags/tutorial_objectstorage.py took 0.067 seconds
