[2024-09-09T21:00:21.705-0300] {processor.py:186} INFO - Started process (PID=261398) to work on /mnt/c/Users/teu20/Documents/Poli/Repo/eEDB011-20243/atividade 6 - WSL/airflow/airflow_env/lib/python3.10/site-packages/airflow/example_dags/tutorial_dag.py
[2024-09-09T21:00:21.706-0300] {processor.py:914} INFO - Processing file /mnt/c/Users/teu20/Documents/Poli/Repo/eEDB011-20243/atividade 6 - WSL/airflow/airflow_env/lib/python3.10/site-packages/airflow/example_dags/tutorial_dag.py for tasks to queue
[2024-09-09T21:00:21.707-0300] {logging_mixin.py:190} INFO - [2024-09-09T21:00:21.707-0300] {dagbag.py:587} INFO - Filling up the DagBag from /mnt/c/Users/teu20/Documents/Poli/Repo/eEDB011-20243/atividade 6 - WSL/airflow/airflow_env/lib/python3.10/site-packages/airflow/example_dags/tutorial_dag.py
[2024-09-09T21:00:21.719-0300] {processor.py:925} INFO - DAG(s) 'tutorial_dag' retrieved from /mnt/c/Users/teu20/Documents/Poli/Repo/eEDB011-20243/atividade 6 - WSL/airflow/airflow_env/lib/python3.10/site-packages/airflow/example_dags/tutorial_dag.py
[2024-09-09T21:00:21.737-0300] {logging_mixin.py:190} INFO - [2024-09-09T21:00:21.737-0300] {dag.py:3229} INFO - Sync 1 DAGs
[2024-09-09T21:00:21.745-0300] {logging_mixin.py:190} INFO - [2024-09-09T21:00:21.744-0300] {dag.py:4156} INFO - Setting next_dagrun for tutorial_dag to None, run_after=None
[2024-09-09T21:00:21.759-0300] {processor.py:208} INFO - Processing /mnt/c/Users/teu20/Documents/Poli/Repo/eEDB011-20243/atividade 6 - WSL/airflow/airflow_env/lib/python3.10/site-packages/airflow/example_dags/tutorial_dag.py took 0.062 seconds
[2024-09-09T21:00:52.168-0300] {processor.py:186} INFO - Started process (PID=262049) to work on /mnt/c/Users/teu20/Documents/Poli/Repo/eEDB011-20243/atividade 6 - WSL/airflow/airflow_env/lib/python3.10/site-packages/airflow/example_dags/tutorial_dag.py
[2024-09-09T21:00:52.169-0300] {processor.py:914} INFO - Processing file /mnt/c/Users/teu20/Documents/Poli/Repo/eEDB011-20243/atividade 6 - WSL/airflow/airflow_env/lib/python3.10/site-packages/airflow/example_dags/tutorial_dag.py for tasks to queue
[2024-09-09T21:00:52.170-0300] {logging_mixin.py:190} INFO - [2024-09-09T21:00:52.170-0300] {dagbag.py:587} INFO - Filling up the DagBag from /mnt/c/Users/teu20/Documents/Poli/Repo/eEDB011-20243/atividade 6 - WSL/airflow/airflow_env/lib/python3.10/site-packages/airflow/example_dags/tutorial_dag.py
[2024-09-09T21:00:52.184-0300] {processor.py:925} INFO - DAG(s) 'tutorial_dag' retrieved from /mnt/c/Users/teu20/Documents/Poli/Repo/eEDB011-20243/atividade 6 - WSL/airflow/airflow_env/lib/python3.10/site-packages/airflow/example_dags/tutorial_dag.py
[2024-09-09T21:00:52.202-0300] {logging_mixin.py:190} INFO - [2024-09-09T21:00:52.201-0300] {dag.py:3229} INFO - Sync 1 DAGs
[2024-09-09T21:00:52.210-0300] {logging_mixin.py:190} INFO - [2024-09-09T21:00:52.209-0300] {dag.py:4156} INFO - Setting next_dagrun for tutorial_dag to None, run_after=None
[2024-09-09T21:00:52.224-0300] {processor.py:208} INFO - Processing /mnt/c/Users/teu20/Documents/Poli/Repo/eEDB011-20243/atividade 6 - WSL/airflow/airflow_env/lib/python3.10/site-packages/airflow/example_dags/tutorial_dag.py took 0.064 seconds
[2024-09-09T21:01:22.710-0300] {processor.py:186} INFO - Started process (PID=262540) to work on /mnt/c/Users/teu20/Documents/Poli/Repo/eEDB011-20243/atividade 6 - WSL/airflow/airflow_env/lib/python3.10/site-packages/airflow/example_dags/tutorial_dag.py
[2024-09-09T21:01:22.711-0300] {processor.py:914} INFO - Processing file /mnt/c/Users/teu20/Documents/Poli/Repo/eEDB011-20243/atividade 6 - WSL/airflow/airflow_env/lib/python3.10/site-packages/airflow/example_dags/tutorial_dag.py for tasks to queue
[2024-09-09T21:01:22.713-0300] {logging_mixin.py:190} INFO - [2024-09-09T21:01:22.712-0300] {dagbag.py:587} INFO - Filling up the DagBag from /mnt/c/Users/teu20/Documents/Poli/Repo/eEDB011-20243/atividade 6 - WSL/airflow/airflow_env/lib/python3.10/site-packages/airflow/example_dags/tutorial_dag.py
[2024-09-09T21:01:22.727-0300] {processor.py:925} INFO - DAG(s) 'tutorial_dag' retrieved from /mnt/c/Users/teu20/Documents/Poli/Repo/eEDB011-20243/atividade 6 - WSL/airflow/airflow_env/lib/python3.10/site-packages/airflow/example_dags/tutorial_dag.py
[2024-09-09T21:01:22.745-0300] {logging_mixin.py:190} INFO - [2024-09-09T21:01:22.744-0300] {dag.py:3229} INFO - Sync 1 DAGs
[2024-09-09T21:01:22.754-0300] {logging_mixin.py:190} INFO - [2024-09-09T21:01:22.753-0300] {dag.py:4156} INFO - Setting next_dagrun for tutorial_dag to None, run_after=None
[2024-09-09T21:01:22.769-0300] {processor.py:208} INFO - Processing /mnt/c/Users/teu20/Documents/Poli/Repo/eEDB011-20243/atividade 6 - WSL/airflow/airflow_env/lib/python3.10/site-packages/airflow/example_dags/tutorial_dag.py took 0.067 seconds
[2024-09-09T21:01:53.704-0300] {processor.py:186} INFO - Started process (PID=262974) to work on /mnt/c/Users/teu20/Documents/Poli/Repo/eEDB011-20243/atividade 6 - WSL/airflow/airflow_env/lib/python3.10/site-packages/airflow/example_dags/tutorial_dag.py
[2024-09-09T21:01:53.705-0300] {processor.py:914} INFO - Processing file /mnt/c/Users/teu20/Documents/Poli/Repo/eEDB011-20243/atividade 6 - WSL/airflow/airflow_env/lib/python3.10/site-packages/airflow/example_dags/tutorial_dag.py for tasks to queue
[2024-09-09T21:01:53.707-0300] {logging_mixin.py:190} INFO - [2024-09-09T21:01:53.706-0300] {dagbag.py:587} INFO - Filling up the DagBag from /mnt/c/Users/teu20/Documents/Poli/Repo/eEDB011-20243/atividade 6 - WSL/airflow/airflow_env/lib/python3.10/site-packages/airflow/example_dags/tutorial_dag.py
[2024-09-09T21:01:53.720-0300] {processor.py:925} INFO - DAG(s) 'tutorial_dag' retrieved from /mnt/c/Users/teu20/Documents/Poli/Repo/eEDB011-20243/atividade 6 - WSL/airflow/airflow_env/lib/python3.10/site-packages/airflow/example_dags/tutorial_dag.py
[2024-09-09T21:01:53.738-0300] {logging_mixin.py:190} INFO - [2024-09-09T21:01:53.737-0300] {dag.py:3229} INFO - Sync 1 DAGs
[2024-09-09T21:01:53.746-0300] {logging_mixin.py:190} INFO - [2024-09-09T21:01:53.745-0300] {dag.py:4156} INFO - Setting next_dagrun for tutorial_dag to None, run_after=None
[2024-09-09T21:01:53.760-0300] {processor.py:208} INFO - Processing /mnt/c/Users/teu20/Documents/Poli/Repo/eEDB011-20243/atividade 6 - WSL/airflow/airflow_env/lib/python3.10/site-packages/airflow/example_dags/tutorial_dag.py took 0.064 seconds
[2024-09-09T21:02:24.071-0300] {processor.py:186} INFO - Started process (PID=263402) to work on /mnt/c/Users/teu20/Documents/Poli/Repo/eEDB011-20243/atividade 6 - WSL/airflow/airflow_env/lib/python3.10/site-packages/airflow/example_dags/tutorial_dag.py
[2024-09-09T21:02:24.072-0300] {processor.py:914} INFO - Processing file /mnt/c/Users/teu20/Documents/Poli/Repo/eEDB011-20243/atividade 6 - WSL/airflow/airflow_env/lib/python3.10/site-packages/airflow/example_dags/tutorial_dag.py for tasks to queue
[2024-09-09T21:02:24.074-0300] {logging_mixin.py:190} INFO - [2024-09-09T21:02:24.073-0300] {dagbag.py:587} INFO - Filling up the DagBag from /mnt/c/Users/teu20/Documents/Poli/Repo/eEDB011-20243/atividade 6 - WSL/airflow/airflow_env/lib/python3.10/site-packages/airflow/example_dags/tutorial_dag.py
[2024-09-09T21:02:24.086-0300] {processor.py:925} INFO - DAG(s) 'tutorial_dag' retrieved from /mnt/c/Users/teu20/Documents/Poli/Repo/eEDB011-20243/atividade 6 - WSL/airflow/airflow_env/lib/python3.10/site-packages/airflow/example_dags/tutorial_dag.py
[2024-09-09T21:02:24.102-0300] {logging_mixin.py:190} INFO - [2024-09-09T21:02:24.102-0300] {dag.py:3229} INFO - Sync 1 DAGs
[2024-09-09T21:02:24.110-0300] {logging_mixin.py:190} INFO - [2024-09-09T21:02:24.109-0300] {dag.py:4156} INFO - Setting next_dagrun for tutorial_dag to None, run_after=None
[2024-09-09T21:02:24.126-0300] {processor.py:208} INFO - Processing /mnt/c/Users/teu20/Documents/Poli/Repo/eEDB011-20243/atividade 6 - WSL/airflow/airflow_env/lib/python3.10/site-packages/airflow/example_dags/tutorial_dag.py took 0.062 seconds
[2024-09-09T21:02:54.741-0300] {processor.py:186} INFO - Started process (PID=263833) to work on /mnt/c/Users/teu20/Documents/Poli/Repo/eEDB011-20243/atividade 6 - WSL/airflow/airflow_env/lib/python3.10/site-packages/airflow/example_dags/tutorial_dag.py
[2024-09-09T21:02:54.742-0300] {processor.py:914} INFO - Processing file /mnt/c/Users/teu20/Documents/Poli/Repo/eEDB011-20243/atividade 6 - WSL/airflow/airflow_env/lib/python3.10/site-packages/airflow/example_dags/tutorial_dag.py for tasks to queue
[2024-09-09T21:02:54.743-0300] {logging_mixin.py:190} INFO - [2024-09-09T21:02:54.743-0300] {dagbag.py:587} INFO - Filling up the DagBag from /mnt/c/Users/teu20/Documents/Poli/Repo/eEDB011-20243/atividade 6 - WSL/airflow/airflow_env/lib/python3.10/site-packages/airflow/example_dags/tutorial_dag.py
[2024-09-09T21:02:54.758-0300] {processor.py:925} INFO - DAG(s) 'tutorial_dag' retrieved from /mnt/c/Users/teu20/Documents/Poli/Repo/eEDB011-20243/atividade 6 - WSL/airflow/airflow_env/lib/python3.10/site-packages/airflow/example_dags/tutorial_dag.py
[2024-09-09T21:02:54.774-0300] {logging_mixin.py:190} INFO - [2024-09-09T21:02:54.774-0300] {dag.py:3229} INFO - Sync 1 DAGs
[2024-09-09T21:02:54.782-0300] {logging_mixin.py:190} INFO - [2024-09-09T21:02:54.782-0300] {dag.py:4156} INFO - Setting next_dagrun for tutorial_dag to None, run_after=None
[2024-09-09T21:02:54.795-0300] {processor.py:208} INFO - Processing /mnt/c/Users/teu20/Documents/Poli/Repo/eEDB011-20243/atividade 6 - WSL/airflow/airflow_env/lib/python3.10/site-packages/airflow/example_dags/tutorial_dag.py took 0.063 seconds
[2024-09-09T21:03:25.432-0300] {processor.py:186} INFO - Started process (PID=264268) to work on /mnt/c/Users/teu20/Documents/Poli/Repo/eEDB011-20243/atividade 6 - WSL/airflow/airflow_env/lib/python3.10/site-packages/airflow/example_dags/tutorial_dag.py
[2024-09-09T21:03:25.433-0300] {processor.py:914} INFO - Processing file /mnt/c/Users/teu20/Documents/Poli/Repo/eEDB011-20243/atividade 6 - WSL/airflow/airflow_env/lib/python3.10/site-packages/airflow/example_dags/tutorial_dag.py for tasks to queue
[2024-09-09T21:03:25.435-0300] {logging_mixin.py:190} INFO - [2024-09-09T21:03:25.434-0300] {dagbag.py:587} INFO - Filling up the DagBag from /mnt/c/Users/teu20/Documents/Poli/Repo/eEDB011-20243/atividade 6 - WSL/airflow/airflow_env/lib/python3.10/site-packages/airflow/example_dags/tutorial_dag.py
[2024-09-09T21:03:25.449-0300] {processor.py:925} INFO - DAG(s) 'tutorial_dag' retrieved from /mnt/c/Users/teu20/Documents/Poli/Repo/eEDB011-20243/atividade 6 - WSL/airflow/airflow_env/lib/python3.10/site-packages/airflow/example_dags/tutorial_dag.py
[2024-09-09T21:03:25.467-0300] {logging_mixin.py:190} INFO - [2024-09-09T21:03:25.466-0300] {dag.py:3229} INFO - Sync 1 DAGs
[2024-09-09T21:03:25.475-0300] {logging_mixin.py:190} INFO - [2024-09-09T21:03:25.474-0300] {dag.py:4156} INFO - Setting next_dagrun for tutorial_dag to None, run_after=None
[2024-09-09T21:03:25.490-0300] {processor.py:208} INFO - Processing /mnt/c/Users/teu20/Documents/Poli/Repo/eEDB011-20243/atividade 6 - WSL/airflow/airflow_env/lib/python3.10/site-packages/airflow/example_dags/tutorial_dag.py took 0.066 seconds
[2024-09-09T21:03:55.811-0300] {processor.py:186} INFO - Started process (PID=264706) to work on /mnt/c/Users/teu20/Documents/Poli/Repo/eEDB011-20243/atividade 6 - WSL/airflow/airflow_env/lib/python3.10/site-packages/airflow/example_dags/tutorial_dag.py
[2024-09-09T21:03:55.812-0300] {processor.py:914} INFO - Processing file /mnt/c/Users/teu20/Documents/Poli/Repo/eEDB011-20243/atividade 6 - WSL/airflow/airflow_env/lib/python3.10/site-packages/airflow/example_dags/tutorial_dag.py for tasks to queue
[2024-09-09T21:03:55.814-0300] {logging_mixin.py:190} INFO - [2024-09-09T21:03:55.814-0300] {dagbag.py:587} INFO - Filling up the DagBag from /mnt/c/Users/teu20/Documents/Poli/Repo/eEDB011-20243/atividade 6 - WSL/airflow/airflow_env/lib/python3.10/site-packages/airflow/example_dags/tutorial_dag.py
[2024-09-09T21:03:55.829-0300] {processor.py:925} INFO - DAG(s) 'tutorial_dag' retrieved from /mnt/c/Users/teu20/Documents/Poli/Repo/eEDB011-20243/atividade 6 - WSL/airflow/airflow_env/lib/python3.10/site-packages/airflow/example_dags/tutorial_dag.py
[2024-09-09T21:03:55.847-0300] {logging_mixin.py:190} INFO - [2024-09-09T21:03:55.846-0300] {dag.py:3229} INFO - Sync 1 DAGs
[2024-09-09T21:03:55.855-0300] {logging_mixin.py:190} INFO - [2024-09-09T21:03:55.854-0300] {dag.py:4156} INFO - Setting next_dagrun for tutorial_dag to None, run_after=None
[2024-09-09T21:03:55.870-0300] {processor.py:208} INFO - Processing /mnt/c/Users/teu20/Documents/Poli/Repo/eEDB011-20243/atividade 6 - WSL/airflow/airflow_env/lib/python3.10/site-packages/airflow/example_dags/tutorial_dag.py took 0.068 seconds
[2024-09-09T21:04:26.252-0300] {processor.py:186} INFO - Started process (PID=265141) to work on /mnt/c/Users/teu20/Documents/Poli/Repo/eEDB011-20243/atividade 6 - WSL/airflow/airflow_env/lib/python3.10/site-packages/airflow/example_dags/tutorial_dag.py
[2024-09-09T21:04:26.254-0300] {processor.py:914} INFO - Processing file /mnt/c/Users/teu20/Documents/Poli/Repo/eEDB011-20243/atividade 6 - WSL/airflow/airflow_env/lib/python3.10/site-packages/airflow/example_dags/tutorial_dag.py for tasks to queue
[2024-09-09T21:04:26.256-0300] {logging_mixin.py:190} INFO - [2024-09-09T21:04:26.255-0300] {dagbag.py:587} INFO - Filling up the DagBag from /mnt/c/Users/teu20/Documents/Poli/Repo/eEDB011-20243/atividade 6 - WSL/airflow/airflow_env/lib/python3.10/site-packages/airflow/example_dags/tutorial_dag.py
[2024-09-09T21:04:26.270-0300] {processor.py:925} INFO - DAG(s) 'tutorial_dag' retrieved from /mnt/c/Users/teu20/Documents/Poli/Repo/eEDB011-20243/atividade 6 - WSL/airflow/airflow_env/lib/python3.10/site-packages/airflow/example_dags/tutorial_dag.py
[2024-09-09T21:04:26.289-0300] {logging_mixin.py:190} INFO - [2024-09-09T21:04:26.288-0300] {dag.py:3229} INFO - Sync 1 DAGs
[2024-09-09T21:04:26.298-0300] {logging_mixin.py:190} INFO - [2024-09-09T21:04:26.297-0300] {dag.py:4156} INFO - Setting next_dagrun for tutorial_dag to None, run_after=None
[2024-09-09T21:04:26.313-0300] {processor.py:208} INFO - Processing /mnt/c/Users/teu20/Documents/Poli/Repo/eEDB011-20243/atividade 6 - WSL/airflow/airflow_env/lib/python3.10/site-packages/airflow/example_dags/tutorial_dag.py took 0.069 seconds
[2024-09-09T21:04:56.540-0300] {processor.py:186} INFO - Started process (PID=266292) to work on /mnt/c/Users/teu20/Documents/Poli/Repo/eEDB011-20243/atividade 6 - WSL/airflow/airflow_env/lib/python3.10/site-packages/airflow/example_dags/tutorial_dag.py
[2024-09-09T21:04:56.541-0300] {processor.py:914} INFO - Processing file /mnt/c/Users/teu20/Documents/Poli/Repo/eEDB011-20243/atividade 6 - WSL/airflow/airflow_env/lib/python3.10/site-packages/airflow/example_dags/tutorial_dag.py for tasks to queue
[2024-09-09T21:04:56.543-0300] {logging_mixin.py:190} INFO - [2024-09-09T21:04:56.542-0300] {dagbag.py:587} INFO - Filling up the DagBag from /mnt/c/Users/teu20/Documents/Poli/Repo/eEDB011-20243/atividade 6 - WSL/airflow/airflow_env/lib/python3.10/site-packages/airflow/example_dags/tutorial_dag.py
[2024-09-09T21:04:56.556-0300] {processor.py:925} INFO - DAG(s) 'tutorial_dag' retrieved from /mnt/c/Users/teu20/Documents/Poli/Repo/eEDB011-20243/atividade 6 - WSL/airflow/airflow_env/lib/python3.10/site-packages/airflow/example_dags/tutorial_dag.py
[2024-09-09T21:04:56.574-0300] {logging_mixin.py:190} INFO - [2024-09-09T21:04:56.573-0300] {dag.py:3229} INFO - Sync 1 DAGs
[2024-09-09T21:04:56.582-0300] {logging_mixin.py:190} INFO - [2024-09-09T21:04:56.581-0300] {dag.py:4156} INFO - Setting next_dagrun for tutorial_dag to None, run_after=None
[2024-09-09T21:04:56.596-0300] {processor.py:208} INFO - Processing /mnt/c/Users/teu20/Documents/Poli/Repo/eEDB011-20243/atividade 6 - WSL/airflow/airflow_env/lib/python3.10/site-packages/airflow/example_dags/tutorial_dag.py took 0.064 seconds
[2024-09-09T21:05:26.922-0300] {processor.py:186} INFO - Started process (PID=266884) to work on /mnt/c/Users/teu20/Documents/Poli/Repo/eEDB011-20243/atividade 6 - WSL/airflow/airflow_env/lib/python3.10/site-packages/airflow/example_dags/tutorial_dag.py
[2024-09-09T21:05:26.923-0300] {processor.py:914} INFO - Processing file /mnt/c/Users/teu20/Documents/Poli/Repo/eEDB011-20243/atividade 6 - WSL/airflow/airflow_env/lib/python3.10/site-packages/airflow/example_dags/tutorial_dag.py for tasks to queue
[2024-09-09T21:05:26.925-0300] {logging_mixin.py:190} INFO - [2024-09-09T21:05:26.924-0300] {dagbag.py:587} INFO - Filling up the DagBag from /mnt/c/Users/teu20/Documents/Poli/Repo/eEDB011-20243/atividade 6 - WSL/airflow/airflow_env/lib/python3.10/site-packages/airflow/example_dags/tutorial_dag.py
[2024-09-09T21:05:26.937-0300] {processor.py:925} INFO - DAG(s) 'tutorial_dag' retrieved from /mnt/c/Users/teu20/Documents/Poli/Repo/eEDB011-20243/atividade 6 - WSL/airflow/airflow_env/lib/python3.10/site-packages/airflow/example_dags/tutorial_dag.py
[2024-09-09T21:05:26.955-0300] {logging_mixin.py:190} INFO - [2024-09-09T21:05:26.954-0300] {dag.py:3229} INFO - Sync 1 DAGs
[2024-09-09T21:05:26.963-0300] {logging_mixin.py:190} INFO - [2024-09-09T21:05:26.962-0300] {dag.py:4156} INFO - Setting next_dagrun for tutorial_dag to None, run_after=None
[2024-09-09T21:05:26.978-0300] {processor.py:208} INFO - Processing /mnt/c/Users/teu20/Documents/Poli/Repo/eEDB011-20243/atividade 6 - WSL/airflow/airflow_env/lib/python3.10/site-packages/airflow/example_dags/tutorial_dag.py took 0.063 seconds
[2024-09-09T21:05:57.510-0300] {processor.py:186} INFO - Started process (PID=267312) to work on /mnt/c/Users/teu20/Documents/Poli/Repo/eEDB011-20243/atividade 6 - WSL/airflow/airflow_env/lib/python3.10/site-packages/airflow/example_dags/tutorial_dag.py
[2024-09-09T21:05:57.511-0300] {processor.py:914} INFO - Processing file /mnt/c/Users/teu20/Documents/Poli/Repo/eEDB011-20243/atividade 6 - WSL/airflow/airflow_env/lib/python3.10/site-packages/airflow/example_dags/tutorial_dag.py for tasks to queue
[2024-09-09T21:05:57.513-0300] {logging_mixin.py:190} INFO - [2024-09-09T21:05:57.512-0300] {dagbag.py:587} INFO - Filling up the DagBag from /mnt/c/Users/teu20/Documents/Poli/Repo/eEDB011-20243/atividade 6 - WSL/airflow/airflow_env/lib/python3.10/site-packages/airflow/example_dags/tutorial_dag.py
[2024-09-09T21:05:57.525-0300] {processor.py:925} INFO - DAG(s) 'tutorial_dag' retrieved from /mnt/c/Users/teu20/Documents/Poli/Repo/eEDB011-20243/atividade 6 - WSL/airflow/airflow_env/lib/python3.10/site-packages/airflow/example_dags/tutorial_dag.py
[2024-09-09T21:05:57.542-0300] {logging_mixin.py:190} INFO - [2024-09-09T21:05:57.542-0300] {dag.py:3229} INFO - Sync 1 DAGs
[2024-09-09T21:05:57.550-0300] {logging_mixin.py:190} INFO - [2024-09-09T21:05:57.550-0300] {dag.py:4156} INFO - Setting next_dagrun for tutorial_dag to None, run_after=None
[2024-09-09T21:05:57.567-0300] {processor.py:208} INFO - Processing /mnt/c/Users/teu20/Documents/Poli/Repo/eEDB011-20243/atividade 6 - WSL/airflow/airflow_env/lib/python3.10/site-packages/airflow/example_dags/tutorial_dag.py took 0.065 seconds
[2024-09-09T21:06:28.030-0300] {processor.py:186} INFO - Started process (PID=267745) to work on /mnt/c/Users/teu20/Documents/Poli/Repo/eEDB011-20243/atividade 6 - WSL/airflow/airflow_env/lib/python3.10/site-packages/airflow/example_dags/tutorial_dag.py
[2024-09-09T21:06:28.032-0300] {processor.py:914} INFO - Processing file /mnt/c/Users/teu20/Documents/Poli/Repo/eEDB011-20243/atividade 6 - WSL/airflow/airflow_env/lib/python3.10/site-packages/airflow/example_dags/tutorial_dag.py for tasks to queue
[2024-09-09T21:06:28.035-0300] {logging_mixin.py:190} INFO - [2024-09-09T21:06:28.034-0300] {dagbag.py:587} INFO - Filling up the DagBag from /mnt/c/Users/teu20/Documents/Poli/Repo/eEDB011-20243/atividade 6 - WSL/airflow/airflow_env/lib/python3.10/site-packages/airflow/example_dags/tutorial_dag.py
[2024-09-09T21:06:28.056-0300] {processor.py:925} INFO - DAG(s) 'tutorial_dag' retrieved from /mnt/c/Users/teu20/Documents/Poli/Repo/eEDB011-20243/atividade 6 - WSL/airflow/airflow_env/lib/python3.10/site-packages/airflow/example_dags/tutorial_dag.py
[2024-09-09T21:06:28.080-0300] {logging_mixin.py:190} INFO - [2024-09-09T21:06:28.079-0300] {dag.py:3229} INFO - Sync 1 DAGs
[2024-09-09T21:06:28.090-0300] {logging_mixin.py:190} INFO - [2024-09-09T21:06:28.089-0300] {dag.py:4156} INFO - Setting next_dagrun for tutorial_dag to None, run_after=None
[2024-09-09T21:06:28.107-0300] {processor.py:208} INFO - Processing /mnt/c/Users/teu20/Documents/Poli/Repo/eEDB011-20243/atividade 6 - WSL/airflow/airflow_env/lib/python3.10/site-packages/airflow/example_dags/tutorial_dag.py took 0.091 seconds
[2024-09-09T21:06:58.495-0300] {processor.py:186} INFO - Started process (PID=268389) to work on /mnt/c/Users/teu20/Documents/Poli/Repo/eEDB011-20243/atividade 6 - WSL/airflow/airflow_env/lib/python3.10/site-packages/airflow/example_dags/tutorial_dag.py
[2024-09-09T21:06:58.496-0300] {processor.py:914} INFO - Processing file /mnt/c/Users/teu20/Documents/Poli/Repo/eEDB011-20243/atividade 6 - WSL/airflow/airflow_env/lib/python3.10/site-packages/airflow/example_dags/tutorial_dag.py for tasks to queue
[2024-09-09T21:06:58.498-0300] {logging_mixin.py:190} INFO - [2024-09-09T21:06:58.497-0300] {dagbag.py:587} INFO - Filling up the DagBag from /mnt/c/Users/teu20/Documents/Poli/Repo/eEDB011-20243/atividade 6 - WSL/airflow/airflow_env/lib/python3.10/site-packages/airflow/example_dags/tutorial_dag.py
[2024-09-09T21:06:58.512-0300] {processor.py:925} INFO - DAG(s) 'tutorial_dag' retrieved from /mnt/c/Users/teu20/Documents/Poli/Repo/eEDB011-20243/atividade 6 - WSL/airflow/airflow_env/lib/python3.10/site-packages/airflow/example_dags/tutorial_dag.py
[2024-09-09T21:06:58.529-0300] {logging_mixin.py:190} INFO - [2024-09-09T21:06:58.528-0300] {dag.py:3229} INFO - Sync 1 DAGs
[2024-09-09T21:06:58.537-0300] {logging_mixin.py:190} INFO - [2024-09-09T21:06:58.537-0300] {dag.py:4156} INFO - Setting next_dagrun for tutorial_dag to None, run_after=None
[2024-09-09T21:06:58.552-0300] {processor.py:208} INFO - Processing /mnt/c/Users/teu20/Documents/Poli/Repo/eEDB011-20243/atividade 6 - WSL/airflow/airflow_env/lib/python3.10/site-packages/airflow/example_dags/tutorial_dag.py took 0.065 seconds
[2024-09-09T21:07:29.003-0300] {processor.py:186} INFO - Started process (PID=269060) to work on /mnt/c/Users/teu20/Documents/Poli/Repo/eEDB011-20243/atividade 6 - WSL/airflow/airflow_env/lib/python3.10/site-packages/airflow/example_dags/tutorial_dag.py
[2024-09-09T21:07:29.004-0300] {processor.py:914} INFO - Processing file /mnt/c/Users/teu20/Documents/Poli/Repo/eEDB011-20243/atividade 6 - WSL/airflow/airflow_env/lib/python3.10/site-packages/airflow/example_dags/tutorial_dag.py for tasks to queue
[2024-09-09T21:07:29.006-0300] {logging_mixin.py:190} INFO - [2024-09-09T21:07:29.005-0300] {dagbag.py:587} INFO - Filling up the DagBag from /mnt/c/Users/teu20/Documents/Poli/Repo/eEDB011-20243/atividade 6 - WSL/airflow/airflow_env/lib/python3.10/site-packages/airflow/example_dags/tutorial_dag.py
[2024-09-09T21:07:29.020-0300] {processor.py:925} INFO - DAG(s) 'tutorial_dag' retrieved from /mnt/c/Users/teu20/Documents/Poli/Repo/eEDB011-20243/atividade 6 - WSL/airflow/airflow_env/lib/python3.10/site-packages/airflow/example_dags/tutorial_dag.py
[2024-09-09T21:07:29.037-0300] {logging_mixin.py:190} INFO - [2024-09-09T21:07:29.037-0300] {dag.py:3229} INFO - Sync 1 DAGs
[2024-09-09T21:07:29.045-0300] {logging_mixin.py:190} INFO - [2024-09-09T21:07:29.045-0300] {dag.py:4156} INFO - Setting next_dagrun for tutorial_dag to None, run_after=None
[2024-09-09T21:07:29.059-0300] {processor.py:208} INFO - Processing /mnt/c/Users/teu20/Documents/Poli/Repo/eEDB011-20243/atividade 6 - WSL/airflow/airflow_env/lib/python3.10/site-packages/airflow/example_dags/tutorial_dag.py took 0.064 seconds
[2024-09-09T21:07:59.582-0300] {processor.py:186} INFO - Started process (PID=269556) to work on /mnt/c/Users/teu20/Documents/Poli/Repo/eEDB011-20243/atividade 6 - WSL/airflow/airflow_env/lib/python3.10/site-packages/airflow/example_dags/tutorial_dag.py
[2024-09-09T21:07:59.583-0300] {processor.py:914} INFO - Processing file /mnt/c/Users/teu20/Documents/Poli/Repo/eEDB011-20243/atividade 6 - WSL/airflow/airflow_env/lib/python3.10/site-packages/airflow/example_dags/tutorial_dag.py for tasks to queue
[2024-09-09T21:07:59.585-0300] {logging_mixin.py:190} INFO - [2024-09-09T21:07:59.584-0300] {dagbag.py:587} INFO - Filling up the DagBag from /mnt/c/Users/teu20/Documents/Poli/Repo/eEDB011-20243/atividade 6 - WSL/airflow/airflow_env/lib/python3.10/site-packages/airflow/example_dags/tutorial_dag.py
[2024-09-09T21:07:59.598-0300] {processor.py:925} INFO - DAG(s) 'tutorial_dag' retrieved from /mnt/c/Users/teu20/Documents/Poli/Repo/eEDB011-20243/atividade 6 - WSL/airflow/airflow_env/lib/python3.10/site-packages/airflow/example_dags/tutorial_dag.py
[2024-09-09T21:07:59.616-0300] {logging_mixin.py:190} INFO - [2024-09-09T21:07:59.615-0300] {dag.py:3229} INFO - Sync 1 DAGs
[2024-09-09T21:07:59.624-0300] {logging_mixin.py:190} INFO - [2024-09-09T21:07:59.624-0300] {dag.py:4156} INFO - Setting next_dagrun for tutorial_dag to None, run_after=None
[2024-09-09T21:07:59.639-0300] {processor.py:208} INFO - Processing /mnt/c/Users/teu20/Documents/Poli/Repo/eEDB011-20243/atividade 6 - WSL/airflow/airflow_env/lib/python3.10/site-packages/airflow/example_dags/tutorial_dag.py took 0.065 seconds
