[2024-09-09T21:00:21.512-0300] {processor.py:186} INFO - Started process (PID=261385) to work on /mnt/c/Users/teu20/Documents/Poli/Repo/eEDB011-20243/atividade 6 - WSL/airflow/airflow_env/lib/python3.10/site-packages/airflow/example_dags/tutorial_taskflow_api.py
[2024-09-09T21:00:21.513-0300] {processor.py:914} INFO - Processing file /mnt/c/Users/teu20/Documents/Poli/Repo/eEDB011-20243/atividade 6 - WSL/airflow/airflow_env/lib/python3.10/site-packages/airflow/example_dags/tutorial_taskflow_api.py for tasks to queue
[2024-09-09T21:00:21.514-0300] {logging_mixin.py:190} INFO - [2024-09-09T21:00:21.514-0300] {dagbag.py:587} INFO - Filling up the DagBag from /mnt/c/Users/teu20/Documents/Poli/Repo/eEDB011-20243/atividade 6 - WSL/airflow/airflow_env/lib/python3.10/site-packages/airflow/example_dags/tutorial_taskflow_api.py
[2024-09-09T21:00:21.525-0300] {processor.py:925} INFO - DAG(s) 'tutorial_taskflow_api' retrieved from /mnt/c/Users/teu20/Documents/Poli/Repo/eEDB011-20243/atividade 6 - WSL/airflow/airflow_env/lib/python3.10/site-packages/airflow/example_dags/tutorial_taskflow_api.py
[2024-09-09T21:00:21.543-0300] {logging_mixin.py:190} INFO - [2024-09-09T21:00:21.543-0300] {dag.py:3229} INFO - Sync 1 DAGs
[2024-09-09T21:00:21.552-0300] {logging_mixin.py:190} INFO - [2024-09-09T21:00:21.551-0300] {dag.py:4156} INFO - Setting next_dagrun for tutorial_taskflow_api to None, run_after=None
[2024-09-09T21:00:21.566-0300] {processor.py:208} INFO - Processing /mnt/c/Users/teu20/Documents/Poli/Repo/eEDB011-20243/atividade 6 - WSL/airflow/airflow_env/lib/python3.10/site-packages/airflow/example_dags/tutorial_taskflow_api.py took 0.061 seconds
[2024-09-09T21:00:52.075-0300] {processor.py:186} INFO - Started process (PID=262039) to work on /mnt/c/Users/teu20/Documents/Poli/Repo/eEDB011-20243/atividade 6 - WSL/airflow/airflow_env/lib/python3.10/site-packages/airflow/example_dags/tutorial_taskflow_api.py
[2024-09-09T21:00:52.076-0300] {processor.py:914} INFO - Processing file /mnt/c/Users/teu20/Documents/Poli/Repo/eEDB011-20243/atividade 6 - WSL/airflow/airflow_env/lib/python3.10/site-packages/airflow/example_dags/tutorial_taskflow_api.py for tasks to queue
[2024-09-09T21:00:52.077-0300] {logging_mixin.py:190} INFO - [2024-09-09T21:00:52.077-0300] {dagbag.py:587} INFO - Filling up the DagBag from /mnt/c/Users/teu20/Documents/Poli/Repo/eEDB011-20243/atividade 6 - WSL/airflow/airflow_env/lib/python3.10/site-packages/airflow/example_dags/tutorial_taskflow_api.py
[2024-09-09T21:00:52.090-0300] {processor.py:925} INFO - DAG(s) 'tutorial_taskflow_api' retrieved from /mnt/c/Users/teu20/Documents/Poli/Repo/eEDB011-20243/atividade 6 - WSL/airflow/airflow_env/lib/python3.10/site-packages/airflow/example_dags/tutorial_taskflow_api.py
[2024-09-09T21:00:52.108-0300] {logging_mixin.py:190} INFO - [2024-09-09T21:00:52.107-0300] {dag.py:3229} INFO - Sync 1 DAGs
[2024-09-09T21:00:52.116-0300] {logging_mixin.py:190} INFO - [2024-09-09T21:00:52.115-0300] {dag.py:4156} INFO - Setting next_dagrun for tutorial_taskflow_api to None, run_after=None
[2024-09-09T21:00:52.130-0300] {processor.py:208} INFO - Processing /mnt/c/Users/teu20/Documents/Poli/Repo/eEDB011-20243/atividade 6 - WSL/airflow/airflow_env/lib/python3.10/site-packages/airflow/example_dags/tutorial_taskflow_api.py took 0.063 seconds
[2024-09-09T21:01:22.610-0300] {processor.py:186} INFO - Started process (PID=262529) to work on /mnt/c/Users/teu20/Documents/Poli/Repo/eEDB011-20243/atividade 6 - WSL/airflow/airflow_env/lib/python3.10/site-packages/airflow/example_dags/tutorial_taskflow_api.py
[2024-09-09T21:01:22.611-0300] {processor.py:914} INFO - Processing file /mnt/c/Users/teu20/Documents/Poli/Repo/eEDB011-20243/atividade 6 - WSL/airflow/airflow_env/lib/python3.10/site-packages/airflow/example_dags/tutorial_taskflow_api.py for tasks to queue
[2024-09-09T21:01:22.613-0300] {logging_mixin.py:190} INFO - [2024-09-09T21:01:22.612-0300] {dagbag.py:587} INFO - Filling up the DagBag from /mnt/c/Users/teu20/Documents/Poli/Repo/eEDB011-20243/atividade 6 - WSL/airflow/airflow_env/lib/python3.10/site-packages/airflow/example_dags/tutorial_taskflow_api.py
[2024-09-09T21:01:22.626-0300] {processor.py:925} INFO - DAG(s) 'tutorial_taskflow_api' retrieved from /mnt/c/Users/teu20/Documents/Poli/Repo/eEDB011-20243/atividade 6 - WSL/airflow/airflow_env/lib/python3.10/site-packages/airflow/example_dags/tutorial_taskflow_api.py
[2024-09-09T21:01:22.645-0300] {logging_mixin.py:190} INFO - [2024-09-09T21:01:22.645-0300] {dag.py:3229} INFO - Sync 1 DAGs
[2024-09-09T21:01:22.654-0300] {logging_mixin.py:190} INFO - [2024-09-09T21:01:22.653-0300] {dag.py:4156} INFO - Setting next_dagrun for tutorial_taskflow_api to None, run_after=None
[2024-09-09T21:01:22.669-0300] {processor.py:208} INFO - Processing /mnt/c/Users/teu20/Documents/Poli/Repo/eEDB011-20243/atividade 6 - WSL/airflow/airflow_env/lib/python3.10/site-packages/airflow/example_dags/tutorial_taskflow_api.py took 0.067 seconds
[2024-09-09T21:01:53.603-0300] {processor.py:186} INFO - Started process (PID=262964) to work on /mnt/c/Users/teu20/Documents/Poli/Repo/eEDB011-20243/atividade 6 - WSL/airflow/airflow_env/lib/python3.10/site-packages/airflow/example_dags/tutorial_taskflow_api.py
[2024-09-09T21:01:53.604-0300] {processor.py:914} INFO - Processing file /mnt/c/Users/teu20/Documents/Poli/Repo/eEDB011-20243/atividade 6 - WSL/airflow/airflow_env/lib/python3.10/site-packages/airflow/example_dags/tutorial_taskflow_api.py for tasks to queue
[2024-09-09T21:01:53.606-0300] {logging_mixin.py:190} INFO - [2024-09-09T21:01:53.605-0300] {dagbag.py:587} INFO - Filling up the DagBag from /mnt/c/Users/teu20/Documents/Poli/Repo/eEDB011-20243/atividade 6 - WSL/airflow/airflow_env/lib/python3.10/site-packages/airflow/example_dags/tutorial_taskflow_api.py
[2024-09-09T21:01:53.620-0300] {processor.py:925} INFO - DAG(s) 'tutorial_taskflow_api' retrieved from /mnt/c/Users/teu20/Documents/Poli/Repo/eEDB011-20243/atividade 6 - WSL/airflow/airflow_env/lib/python3.10/site-packages/airflow/example_dags/tutorial_taskflow_api.py
[2024-09-09T21:01:53.639-0300] {logging_mixin.py:190} INFO - [2024-09-09T21:01:53.639-0300] {dag.py:3229} INFO - Sync 1 DAGs
[2024-09-09T21:01:53.648-0300] {logging_mixin.py:190} INFO - [2024-09-09T21:01:53.647-0300] {dag.py:4156} INFO - Setting next_dagrun for tutorial_taskflow_api to None, run_after=None
[2024-09-09T21:01:53.665-0300] {processor.py:208} INFO - Processing /mnt/c/Users/teu20/Documents/Poli/Repo/eEDB011-20243/atividade 6 - WSL/airflow/airflow_env/lib/python3.10/site-packages/airflow/example_dags/tutorial_taskflow_api.py took 0.071 seconds
[2024-09-09T21:02:23.971-0300] {processor.py:186} INFO - Started process (PID=263394) to work on /mnt/c/Users/teu20/Documents/Poli/Repo/eEDB011-20243/atividade 6 - WSL/airflow/airflow_env/lib/python3.10/site-packages/airflow/example_dags/tutorial_taskflow_api.py
[2024-09-09T21:02:23.972-0300] {processor.py:914} INFO - Processing file /mnt/c/Users/teu20/Documents/Poli/Repo/eEDB011-20243/atividade 6 - WSL/airflow/airflow_env/lib/python3.10/site-packages/airflow/example_dags/tutorial_taskflow_api.py for tasks to queue
[2024-09-09T21:02:23.974-0300] {logging_mixin.py:190} INFO - [2024-09-09T21:02:23.973-0300] {dagbag.py:587} INFO - Filling up the DagBag from /mnt/c/Users/teu20/Documents/Poli/Repo/eEDB011-20243/atividade 6 - WSL/airflow/airflow_env/lib/python3.10/site-packages/airflow/example_dags/tutorial_taskflow_api.py
[2024-09-09T21:02:23.988-0300] {processor.py:925} INFO - DAG(s) 'tutorial_taskflow_api' retrieved from /mnt/c/Users/teu20/Documents/Poli/Repo/eEDB011-20243/atividade 6 - WSL/airflow/airflow_env/lib/python3.10/site-packages/airflow/example_dags/tutorial_taskflow_api.py
[2024-09-09T21:02:24.006-0300] {logging_mixin.py:190} INFO - [2024-09-09T21:02:24.005-0300] {dag.py:3229} INFO - Sync 1 DAGs
[2024-09-09T21:02:24.014-0300] {logging_mixin.py:190} INFO - [2024-09-09T21:02:24.013-0300] {dag.py:4156} INFO - Setting next_dagrun for tutorial_taskflow_api to None, run_after=None
[2024-09-09T21:02:24.028-0300] {processor.py:208} INFO - Processing /mnt/c/Users/teu20/Documents/Poli/Repo/eEDB011-20243/atividade 6 - WSL/airflow/airflow_env/lib/python3.10/site-packages/airflow/example_dags/tutorial_taskflow_api.py took 0.064 seconds
[2024-09-09T21:02:54.650-0300] {processor.py:186} INFO - Started process (PID=263823) to work on /mnt/c/Users/teu20/Documents/Poli/Repo/eEDB011-20243/atividade 6 - WSL/airflow/airflow_env/lib/python3.10/site-packages/airflow/example_dags/tutorial_taskflow_api.py
[2024-09-09T21:02:54.651-0300] {processor.py:914} INFO - Processing file /mnt/c/Users/teu20/Documents/Poli/Repo/eEDB011-20243/atividade 6 - WSL/airflow/airflow_env/lib/python3.10/site-packages/airflow/example_dags/tutorial_taskflow_api.py for tasks to queue
[2024-09-09T21:02:54.653-0300] {logging_mixin.py:190} INFO - [2024-09-09T21:02:54.652-0300] {dagbag.py:587} INFO - Filling up the DagBag from /mnt/c/Users/teu20/Documents/Poli/Repo/eEDB011-20243/atividade 6 - WSL/airflow/airflow_env/lib/python3.10/site-packages/airflow/example_dags/tutorial_taskflow_api.py
[2024-09-09T21:02:54.665-0300] {processor.py:925} INFO - DAG(s) 'tutorial_taskflow_api' retrieved from /mnt/c/Users/teu20/Documents/Poli/Repo/eEDB011-20243/atividade 6 - WSL/airflow/airflow_env/lib/python3.10/site-packages/airflow/example_dags/tutorial_taskflow_api.py
[2024-09-09T21:02:54.682-0300] {logging_mixin.py:190} INFO - [2024-09-09T21:02:54.682-0300] {dag.py:3229} INFO - Sync 1 DAGs
[2024-09-09T21:02:54.690-0300] {logging_mixin.py:190} INFO - [2024-09-09T21:02:54.690-0300] {dag.py:4156} INFO - Setting next_dagrun for tutorial_taskflow_api to None, run_after=None
[2024-09-09T21:02:54.705-0300] {processor.py:208} INFO - Processing /mnt/c/Users/teu20/Documents/Poli/Repo/eEDB011-20243/atividade 6 - WSL/airflow/airflow_env/lib/python3.10/site-packages/airflow/example_dags/tutorial_taskflow_api.py took 0.063 seconds
[2024-09-09T21:03:25.262-0300] {processor.py:186} INFO - Started process (PID=264255) to work on /mnt/c/Users/teu20/Documents/Poli/Repo/eEDB011-20243/atividade 6 - WSL/airflow/airflow_env/lib/python3.10/site-packages/airflow/example_dags/tutorial_taskflow_api.py
[2024-09-09T21:03:25.263-0300] {processor.py:914} INFO - Processing file /mnt/c/Users/teu20/Documents/Poli/Repo/eEDB011-20243/atividade 6 - WSL/airflow/airflow_env/lib/python3.10/site-packages/airflow/example_dags/tutorial_taskflow_api.py for tasks to queue
[2024-09-09T21:03:25.265-0300] {logging_mixin.py:190} INFO - [2024-09-09T21:03:25.265-0300] {dagbag.py:587} INFO - Filling up the DagBag from /mnt/c/Users/teu20/Documents/Poli/Repo/eEDB011-20243/atividade 6 - WSL/airflow/airflow_env/lib/python3.10/site-packages/airflow/example_dags/tutorial_taskflow_api.py
[2024-09-09T21:03:25.279-0300] {processor.py:925} INFO - DAG(s) 'tutorial_taskflow_api' retrieved from /mnt/c/Users/teu20/Documents/Poli/Repo/eEDB011-20243/atividade 6 - WSL/airflow/airflow_env/lib/python3.10/site-packages/airflow/example_dags/tutorial_taskflow_api.py
[2024-09-09T21:03:25.297-0300] {logging_mixin.py:190} INFO - [2024-09-09T21:03:25.297-0300] {dag.py:3229} INFO - Sync 1 DAGs
[2024-09-09T21:03:25.306-0300] {logging_mixin.py:190} INFO - [2024-09-09T21:03:25.305-0300] {dag.py:4156} INFO - Setting next_dagrun for tutorial_taskflow_api to None, run_after=None
[2024-09-09T21:03:25.322-0300] {processor.py:208} INFO - Processing /mnt/c/Users/teu20/Documents/Poli/Repo/eEDB011-20243/atividade 6 - WSL/airflow/airflow_env/lib/python3.10/site-packages/airflow/example_dags/tutorial_taskflow_api.py took 0.069 seconds
[2024-09-09T21:03:55.608-0300] {processor.py:186} INFO - Started process (PID=264693) to work on /mnt/c/Users/teu20/Documents/Poli/Repo/eEDB011-20243/atividade 6 - WSL/airflow/airflow_env/lib/python3.10/site-packages/airflow/example_dags/tutorial_taskflow_api.py
[2024-09-09T21:03:55.609-0300] {processor.py:914} INFO - Processing file /mnt/c/Users/teu20/Documents/Poli/Repo/eEDB011-20243/atividade 6 - WSL/airflow/airflow_env/lib/python3.10/site-packages/airflow/example_dags/tutorial_taskflow_api.py for tasks to queue
[2024-09-09T21:03:55.611-0300] {logging_mixin.py:190} INFO - [2024-09-09T21:03:55.610-0300] {dagbag.py:587} INFO - Filling up the DagBag from /mnt/c/Users/teu20/Documents/Poli/Repo/eEDB011-20243/atividade 6 - WSL/airflow/airflow_env/lib/python3.10/site-packages/airflow/example_dags/tutorial_taskflow_api.py
[2024-09-09T21:03:55.626-0300] {processor.py:925} INFO - DAG(s) 'tutorial_taskflow_api' retrieved from /mnt/c/Users/teu20/Documents/Poli/Repo/eEDB011-20243/atividade 6 - WSL/airflow/airflow_env/lib/python3.10/site-packages/airflow/example_dags/tutorial_taskflow_api.py
[2024-09-09T21:03:55.646-0300] {logging_mixin.py:190} INFO - [2024-09-09T21:03:55.645-0300] {dag.py:3229} INFO - Sync 1 DAGs
[2024-09-09T21:03:55.656-0300] {logging_mixin.py:190} INFO - [2024-09-09T21:03:55.655-0300] {dag.py:4156} INFO - Setting next_dagrun for tutorial_taskflow_api to None, run_after=None
[2024-09-09T21:03:55.672-0300] {processor.py:208} INFO - Processing /mnt/c/Users/teu20/Documents/Poli/Repo/eEDB011-20243/atividade 6 - WSL/airflow/airflow_env/lib/python3.10/site-packages/airflow/example_dags/tutorial_taskflow_api.py took 0.072 seconds
[2024-09-09T21:04:26.024-0300] {processor.py:186} INFO - Started process (PID=265128) to work on /mnt/c/Users/teu20/Documents/Poli/Repo/eEDB011-20243/atividade 6 - WSL/airflow/airflow_env/lib/python3.10/site-packages/airflow/example_dags/tutorial_taskflow_api.py
[2024-09-09T21:04:26.025-0300] {processor.py:914} INFO - Processing file /mnt/c/Users/teu20/Documents/Poli/Repo/eEDB011-20243/atividade 6 - WSL/airflow/airflow_env/lib/python3.10/site-packages/airflow/example_dags/tutorial_taskflow_api.py for tasks to queue
[2024-09-09T21:04:26.027-0300] {logging_mixin.py:190} INFO - [2024-09-09T21:04:26.026-0300] {dagbag.py:587} INFO - Filling up the DagBag from /mnt/c/Users/teu20/Documents/Poli/Repo/eEDB011-20243/atividade 6 - WSL/airflow/airflow_env/lib/python3.10/site-packages/airflow/example_dags/tutorial_taskflow_api.py
[2024-09-09T21:04:26.039-0300] {processor.py:925} INFO - DAG(s) 'tutorial_taskflow_api' retrieved from /mnt/c/Users/teu20/Documents/Poli/Repo/eEDB011-20243/atividade 6 - WSL/airflow/airflow_env/lib/python3.10/site-packages/airflow/example_dags/tutorial_taskflow_api.py
[2024-09-09T21:04:26.065-0300] {logging_mixin.py:190} INFO - [2024-09-09T21:04:26.064-0300] {dag.py:3229} INFO - Sync 1 DAGs
[2024-09-09T21:04:26.076-0300] {logging_mixin.py:190} INFO - [2024-09-09T21:04:26.075-0300] {dag.py:4156} INFO - Setting next_dagrun for tutorial_taskflow_api to None, run_after=None
[2024-09-09T21:04:26.095-0300] {processor.py:208} INFO - Processing /mnt/c/Users/teu20/Documents/Poli/Repo/eEDB011-20243/atividade 6 - WSL/airflow/airflow_env/lib/python3.10/site-packages/airflow/example_dags/tutorial_taskflow_api.py took 0.080 seconds
[2024-09-09T21:04:56.287-0300] {processor.py:186} INFO - Started process (PID=266279) to work on /mnt/c/Users/teu20/Documents/Poli/Repo/eEDB011-20243/atividade 6 - WSL/airflow/airflow_env/lib/python3.10/site-packages/airflow/example_dags/tutorial_taskflow_api.py
[2024-09-09T21:04:56.289-0300] {processor.py:914} INFO - Processing file /mnt/c/Users/teu20/Documents/Poli/Repo/eEDB011-20243/atividade 6 - WSL/airflow/airflow_env/lib/python3.10/site-packages/airflow/example_dags/tutorial_taskflow_api.py for tasks to queue
[2024-09-09T21:04:56.290-0300] {logging_mixin.py:190} INFO - [2024-09-09T21:04:56.290-0300] {dagbag.py:587} INFO - Filling up the DagBag from /mnt/c/Users/teu20/Documents/Poli/Repo/eEDB011-20243/atividade 6 - WSL/airflow/airflow_env/lib/python3.10/site-packages/airflow/example_dags/tutorial_taskflow_api.py
[2024-09-09T21:04:56.302-0300] {processor.py:925} INFO - DAG(s) 'tutorial_taskflow_api' retrieved from /mnt/c/Users/teu20/Documents/Poli/Repo/eEDB011-20243/atividade 6 - WSL/airflow/airflow_env/lib/python3.10/site-packages/airflow/example_dags/tutorial_taskflow_api.py
[2024-09-09T21:04:56.319-0300] {logging_mixin.py:190} INFO - [2024-09-09T21:04:56.318-0300] {dag.py:3229} INFO - Sync 1 DAGs
[2024-09-09T21:04:56.327-0300] {logging_mixin.py:190} INFO - [2024-09-09T21:04:56.326-0300] {dag.py:4156} INFO - Setting next_dagrun for tutorial_taskflow_api to None, run_after=None
[2024-09-09T21:04:56.341-0300] {processor.py:208} INFO - Processing /mnt/c/Users/teu20/Documents/Poli/Repo/eEDB011-20243/atividade 6 - WSL/airflow/airflow_env/lib/python3.10/site-packages/airflow/example_dags/tutorial_taskflow_api.py took 0.062 seconds
[2024-09-09T21:05:26.829-0300] {processor.py:186} INFO - Started process (PID=266873) to work on /mnt/c/Users/teu20/Documents/Poli/Repo/eEDB011-20243/atividade 6 - WSL/airflow/airflow_env/lib/python3.10/site-packages/airflow/example_dags/tutorial_taskflow_api.py
[2024-09-09T21:05:26.830-0300] {processor.py:914} INFO - Processing file /mnt/c/Users/teu20/Documents/Poli/Repo/eEDB011-20243/atividade 6 - WSL/airflow/airflow_env/lib/python3.10/site-packages/airflow/example_dags/tutorial_taskflow_api.py for tasks to queue
[2024-09-09T21:05:26.832-0300] {logging_mixin.py:190} INFO - [2024-09-09T21:05:26.831-0300] {dagbag.py:587} INFO - Filling up the DagBag from /mnt/c/Users/teu20/Documents/Poli/Repo/eEDB011-20243/atividade 6 - WSL/airflow/airflow_env/lib/python3.10/site-packages/airflow/example_dags/tutorial_taskflow_api.py
[2024-09-09T21:05:26.846-0300] {processor.py:925} INFO - DAG(s) 'tutorial_taskflow_api' retrieved from /mnt/c/Users/teu20/Documents/Poli/Repo/eEDB011-20243/atividade 6 - WSL/airflow/airflow_env/lib/python3.10/site-packages/airflow/example_dags/tutorial_taskflow_api.py
[2024-09-09T21:05:26.863-0300] {logging_mixin.py:190} INFO - [2024-09-09T21:05:26.862-0300] {dag.py:3229} INFO - Sync 1 DAGs
[2024-09-09T21:05:26.871-0300] {logging_mixin.py:190} INFO - [2024-09-09T21:05:26.870-0300] {dag.py:4156} INFO - Setting next_dagrun for tutorial_taskflow_api to None, run_after=None
[2024-09-09T21:05:26.886-0300] {processor.py:208} INFO - Processing /mnt/c/Users/teu20/Documents/Poli/Repo/eEDB011-20243/atividade 6 - WSL/airflow/airflow_env/lib/python3.10/site-packages/airflow/example_dags/tutorial_taskflow_api.py took 0.064 seconds
[2024-09-09T21:05:57.401-0300] {processor.py:186} INFO - Started process (PID=267304) to work on /mnt/c/Users/teu20/Documents/Poli/Repo/eEDB011-20243/atividade 6 - WSL/airflow/airflow_env/lib/python3.10/site-packages/airflow/example_dags/tutorial_taskflow_api.py
[2024-09-09T21:05:57.402-0300] {processor.py:914} INFO - Processing file /mnt/c/Users/teu20/Documents/Poli/Repo/eEDB011-20243/atividade 6 - WSL/airflow/airflow_env/lib/python3.10/site-packages/airflow/example_dags/tutorial_taskflow_api.py for tasks to queue
[2024-09-09T21:05:57.404-0300] {logging_mixin.py:190} INFO - [2024-09-09T21:05:57.403-0300] {dagbag.py:587} INFO - Filling up the DagBag from /mnt/c/Users/teu20/Documents/Poli/Repo/eEDB011-20243/atividade 6 - WSL/airflow/airflow_env/lib/python3.10/site-packages/airflow/example_dags/tutorial_taskflow_api.py
[2024-09-09T21:05:57.419-0300] {processor.py:925} INFO - DAG(s) 'tutorial_taskflow_api' retrieved from /mnt/c/Users/teu20/Documents/Poli/Repo/eEDB011-20243/atividade 6 - WSL/airflow/airflow_env/lib/python3.10/site-packages/airflow/example_dags/tutorial_taskflow_api.py
[2024-09-09T21:05:57.438-0300] {logging_mixin.py:190} INFO - [2024-09-09T21:05:57.437-0300] {dag.py:3229} INFO - Sync 1 DAGs
[2024-09-09T21:05:57.447-0300] {logging_mixin.py:190} INFO - [2024-09-09T21:05:57.447-0300] {dag.py:4156} INFO - Setting next_dagrun for tutorial_taskflow_api to None, run_after=None
[2024-09-09T21:05:57.464-0300] {processor.py:208} INFO - Processing /mnt/c/Users/teu20/Documents/Poli/Repo/eEDB011-20243/atividade 6 - WSL/airflow/airflow_env/lib/python3.10/site-packages/airflow/example_dags/tutorial_taskflow_api.py took 0.072 seconds
[2024-09-09T21:06:27.918-0300] {processor.py:186} INFO - Started process (PID=267734) to work on /mnt/c/Users/teu20/Documents/Poli/Repo/eEDB011-20243/atividade 6 - WSL/airflow/airflow_env/lib/python3.10/site-packages/airflow/example_dags/tutorial_taskflow_api.py
[2024-09-09T21:06:27.919-0300] {processor.py:914} INFO - Processing file /mnt/c/Users/teu20/Documents/Poli/Repo/eEDB011-20243/atividade 6 - WSL/airflow/airflow_env/lib/python3.10/site-packages/airflow/example_dags/tutorial_taskflow_api.py for tasks to queue
[2024-09-09T21:06:27.921-0300] {logging_mixin.py:190} INFO - [2024-09-09T21:06:27.921-0300] {dagbag.py:587} INFO - Filling up the DagBag from /mnt/c/Users/teu20/Documents/Poli/Repo/eEDB011-20243/atividade 6 - WSL/airflow/airflow_env/lib/python3.10/site-packages/airflow/example_dags/tutorial_taskflow_api.py
[2024-09-09T21:06:27.936-0300] {processor.py:925} INFO - DAG(s) 'tutorial_taskflow_api' retrieved from /mnt/c/Users/teu20/Documents/Poli/Repo/eEDB011-20243/atividade 6 - WSL/airflow/airflow_env/lib/python3.10/site-packages/airflow/example_dags/tutorial_taskflow_api.py
[2024-09-09T21:06:27.956-0300] {logging_mixin.py:190} INFO - [2024-09-09T21:06:27.956-0300] {dag.py:3229} INFO - Sync 1 DAGs
[2024-09-09T21:06:27.965-0300] {logging_mixin.py:190} INFO - [2024-09-09T21:06:27.964-0300] {dag.py:4156} INFO - Setting next_dagrun for tutorial_taskflow_api to None, run_after=None
[2024-09-09T21:06:27.979-0300] {processor.py:208} INFO - Processing /mnt/c/Users/teu20/Documents/Poli/Repo/eEDB011-20243/atividade 6 - WSL/airflow/airflow_env/lib/python3.10/site-packages/airflow/example_dags/tutorial_taskflow_api.py took 0.070 seconds
[2024-09-09T21:06:58.310-0300] {processor.py:186} INFO - Started process (PID=268376) to work on /mnt/c/Users/teu20/Documents/Poli/Repo/eEDB011-20243/atividade 6 - WSL/airflow/airflow_env/lib/python3.10/site-packages/airflow/example_dags/tutorial_taskflow_api.py
[2024-09-09T21:06:58.311-0300] {processor.py:914} INFO - Processing file /mnt/c/Users/teu20/Documents/Poli/Repo/eEDB011-20243/atividade 6 - WSL/airflow/airflow_env/lib/python3.10/site-packages/airflow/example_dags/tutorial_taskflow_api.py for tasks to queue
[2024-09-09T21:06:58.313-0300] {logging_mixin.py:190} INFO - [2024-09-09T21:06:58.312-0300] {dagbag.py:587} INFO - Filling up the DagBag from /mnt/c/Users/teu20/Documents/Poli/Repo/eEDB011-20243/atividade 6 - WSL/airflow/airflow_env/lib/python3.10/site-packages/airflow/example_dags/tutorial_taskflow_api.py
[2024-09-09T21:06:58.324-0300] {processor.py:925} INFO - DAG(s) 'tutorial_taskflow_api' retrieved from /mnt/c/Users/teu20/Documents/Poli/Repo/eEDB011-20243/atividade 6 - WSL/airflow/airflow_env/lib/python3.10/site-packages/airflow/example_dags/tutorial_taskflow_api.py
[2024-09-09T21:06:58.342-0300] {logging_mixin.py:190} INFO - [2024-09-09T21:06:58.341-0300] {dag.py:3229} INFO - Sync 1 DAGs
[2024-09-09T21:06:58.351-0300] {logging_mixin.py:190} INFO - [2024-09-09T21:06:58.351-0300] {dag.py:4156} INFO - Setting next_dagrun for tutorial_taskflow_api to None, run_after=None
[2024-09-09T21:06:58.366-0300] {processor.py:208} INFO - Processing /mnt/c/Users/teu20/Documents/Poli/Repo/eEDB011-20243/atividade 6 - WSL/airflow/airflow_env/lib/python3.10/site-packages/airflow/example_dags/tutorial_taskflow_api.py took 0.063 seconds
[2024-09-09T21:07:28.815-0300] {processor.py:186} INFO - Started process (PID=269047) to work on /mnt/c/Users/teu20/Documents/Poli/Repo/eEDB011-20243/atividade 6 - WSL/airflow/airflow_env/lib/python3.10/site-packages/airflow/example_dags/tutorial_taskflow_api.py
[2024-09-09T21:07:28.816-0300] {processor.py:914} INFO - Processing file /mnt/c/Users/teu20/Documents/Poli/Repo/eEDB011-20243/atividade 6 - WSL/airflow/airflow_env/lib/python3.10/site-packages/airflow/example_dags/tutorial_taskflow_api.py for tasks to queue
[2024-09-09T21:07:28.818-0300] {logging_mixin.py:190} INFO - [2024-09-09T21:07:28.817-0300] {dagbag.py:587} INFO - Filling up the DagBag from /mnt/c/Users/teu20/Documents/Poli/Repo/eEDB011-20243/atividade 6 - WSL/airflow/airflow_env/lib/python3.10/site-packages/airflow/example_dags/tutorial_taskflow_api.py
[2024-09-09T21:07:28.830-0300] {processor.py:925} INFO - DAG(s) 'tutorial_taskflow_api' retrieved from /mnt/c/Users/teu20/Documents/Poli/Repo/eEDB011-20243/atividade 6 - WSL/airflow/airflow_env/lib/python3.10/site-packages/airflow/example_dags/tutorial_taskflow_api.py
[2024-09-09T21:07:28.849-0300] {logging_mixin.py:190} INFO - [2024-09-09T21:07:28.848-0300] {dag.py:3229} INFO - Sync 1 DAGs
[2024-09-09T21:07:28.858-0300] {logging_mixin.py:190} INFO - [2024-09-09T21:07:28.857-0300] {dag.py:4156} INFO - Setting next_dagrun for tutorial_taskflow_api to None, run_after=None
[2024-09-09T21:07:28.873-0300] {processor.py:208} INFO - Processing /mnt/c/Users/teu20/Documents/Poli/Repo/eEDB011-20243/atividade 6 - WSL/airflow/airflow_env/lib/python3.10/site-packages/airflow/example_dags/tutorial_taskflow_api.py took 0.066 seconds
[2024-09-09T21:07:59.310-0300] {processor.py:186} INFO - Started process (PID=269543) to work on /mnt/c/Users/teu20/Documents/Poli/Repo/eEDB011-20243/atividade 6 - WSL/airflow/airflow_env/lib/python3.10/site-packages/airflow/example_dags/tutorial_taskflow_api.py
[2024-09-09T21:07:59.311-0300] {processor.py:914} INFO - Processing file /mnt/c/Users/teu20/Documents/Poli/Repo/eEDB011-20243/atividade 6 - WSL/airflow/airflow_env/lib/python3.10/site-packages/airflow/example_dags/tutorial_taskflow_api.py for tasks to queue
[2024-09-09T21:07:59.313-0300] {logging_mixin.py:190} INFO - [2024-09-09T21:07:59.312-0300] {dagbag.py:587} INFO - Filling up the DagBag from /mnt/c/Users/teu20/Documents/Poli/Repo/eEDB011-20243/atividade 6 - WSL/airflow/airflow_env/lib/python3.10/site-packages/airflow/example_dags/tutorial_taskflow_api.py
[2024-09-09T21:07:59.324-0300] {processor.py:925} INFO - DAG(s) 'tutorial_taskflow_api' retrieved from /mnt/c/Users/teu20/Documents/Poli/Repo/eEDB011-20243/atividade 6 - WSL/airflow/airflow_env/lib/python3.10/site-packages/airflow/example_dags/tutorial_taskflow_api.py
[2024-09-09T21:07:59.342-0300] {logging_mixin.py:190} INFO - [2024-09-09T21:07:59.341-0300] {dag.py:3229} INFO - Sync 1 DAGs
[2024-09-09T21:07:59.351-0300] {logging_mixin.py:190} INFO - [2024-09-09T21:07:59.350-0300] {dag.py:4156} INFO - Setting next_dagrun for tutorial_taskflow_api to None, run_after=None
[2024-09-09T21:07:59.366-0300] {processor.py:208} INFO - Processing /mnt/c/Users/teu20/Documents/Poli/Repo/eEDB011-20243/atividade 6 - WSL/airflow/airflow_env/lib/python3.10/site-packages/airflow/example_dags/tutorial_taskflow_api.py took 0.064 seconds
