[2024-09-09T21:00:21.510-0300] {processor.py:186} INFO - Started process (PID=261382) to work on /mnt/c/Users/teu20/Documents/Poli/Repo/eEDB011-20243/atividade 6 - WSL/airflow/airflow_env/lib/python3.10/site-packages/airflow/example_dags/tutorial_taskflow_api_virtualenv.py
[2024-09-09T21:00:21.511-0300] {processor.py:914} INFO - Processing file /mnt/c/Users/teu20/Documents/Poli/Repo/eEDB011-20243/atividade 6 - WSL/airflow/airflow_env/lib/python3.10/site-packages/airflow/example_dags/tutorial_taskflow_api_virtualenv.py for tasks to queue
[2024-09-09T21:00:21.512-0300] {logging_mixin.py:190} INFO - [2024-09-09T21:00:21.512-0300] {dagbag.py:587} INFO - Filling up the DagBag from /mnt/c/Users/teu20/Documents/Poli/Repo/eEDB011-20243/atividade 6 - WSL/airflow/airflow_env/lib/python3.10/site-packages/airflow/example_dags/tutorial_taskflow_api_virtualenv.py
[2024-09-09T21:00:21.553-0300] {logging_mixin.py:190} INFO - [2024-09-09T21:00:21.552-0300] {tutorial_taskflow_api_virtualenv.py:29} WARNING - The tutorial_taskflow_api_virtualenv example DAG requires virtualenv, please install it.
[2024-09-09T21:00:21.554-0300] {processor.py:927} WARNING - No viable dags retrieved from /mnt/c/Users/teu20/Documents/Poli/Repo/eEDB011-20243/atividade 6 - WSL/airflow/airflow_env/lib/python3.10/site-packages/airflow/example_dags/tutorial_taskflow_api_virtualenv.py
[2024-09-09T21:00:21.566-0300] {processor.py:208} INFO - Processing /mnt/c/Users/teu20/Documents/Poli/Repo/eEDB011-20243/atividade 6 - WSL/airflow/airflow_env/lib/python3.10/site-packages/airflow/example_dags/tutorial_taskflow_api_virtualenv.py took 0.064 seconds
[2024-09-09T21:00:51.982-0300] {processor.py:186} INFO - Started process (PID=262033) to work on /mnt/c/Users/teu20/Documents/Poli/Repo/eEDB011-20243/atividade 6 - WSL/airflow/airflow_env/lib/python3.10/site-packages/airflow/example_dags/tutorial_taskflow_api_virtualenv.py
[2024-09-09T21:00:51.983-0300] {processor.py:914} INFO - Processing file /mnt/c/Users/teu20/Documents/Poli/Repo/eEDB011-20243/atividade 6 - WSL/airflow/airflow_env/lib/python3.10/site-packages/airflow/example_dags/tutorial_taskflow_api_virtualenv.py for tasks to queue
[2024-09-09T21:00:51.984-0300] {logging_mixin.py:190} INFO - [2024-09-09T21:00:51.984-0300] {dagbag.py:587} INFO - Filling up the DagBag from /mnt/c/Users/teu20/Documents/Poli/Repo/eEDB011-20243/atividade 6 - WSL/airflow/airflow_env/lib/python3.10/site-packages/airflow/example_dags/tutorial_taskflow_api_virtualenv.py
[2024-09-09T21:00:52.024-0300] {logging_mixin.py:190} INFO - [2024-09-09T21:00:52.023-0300] {tutorial_taskflow_api_virtualenv.py:29} WARNING - The tutorial_taskflow_api_virtualenv example DAG requires virtualenv, please install it.
[2024-09-09T21:00:52.024-0300] {processor.py:927} WARNING - No viable dags retrieved from /mnt/c/Users/teu20/Documents/Poli/Repo/eEDB011-20243/atividade 6 - WSL/airflow/airflow_env/lib/python3.10/site-packages/airflow/example_dags/tutorial_taskflow_api_virtualenv.py
[2024-09-09T21:00:52.038-0300] {processor.py:208} INFO - Processing /mnt/c/Users/teu20/Documents/Poli/Repo/eEDB011-20243/atividade 6 - WSL/airflow/airflow_env/lib/python3.10/site-packages/airflow/example_dags/tutorial_taskflow_api_virtualenv.py took 0.064 seconds
[2024-09-09T21:01:22.512-0300] {processor.py:186} INFO - Started process (PID=262524) to work on /mnt/c/Users/teu20/Documents/Poli/Repo/eEDB011-20243/atividade 6 - WSL/airflow/airflow_env/lib/python3.10/site-packages/airflow/example_dags/tutorial_taskflow_api_virtualenv.py
[2024-09-09T21:01:22.513-0300] {processor.py:914} INFO - Processing file /mnt/c/Users/teu20/Documents/Poli/Repo/eEDB011-20243/atividade 6 - WSL/airflow/airflow_env/lib/python3.10/site-packages/airflow/example_dags/tutorial_taskflow_api_virtualenv.py for tasks to queue
[2024-09-09T21:01:22.515-0300] {logging_mixin.py:190} INFO - [2024-09-09T21:01:22.514-0300] {dagbag.py:587} INFO - Filling up the DagBag from /mnt/c/Users/teu20/Documents/Poli/Repo/eEDB011-20243/atividade 6 - WSL/airflow/airflow_env/lib/python3.10/site-packages/airflow/example_dags/tutorial_taskflow_api_virtualenv.py
[2024-09-09T21:01:22.557-0300] {logging_mixin.py:190} INFO - [2024-09-09T21:01:22.557-0300] {tutorial_taskflow_api_virtualenv.py:29} WARNING - The tutorial_taskflow_api_virtualenv example DAG requires virtualenv, please install it.
[2024-09-09T21:01:22.558-0300] {processor.py:927} WARNING - No viable dags retrieved from /mnt/c/Users/teu20/Documents/Poli/Repo/eEDB011-20243/atividade 6 - WSL/airflow/airflow_env/lib/python3.10/site-packages/airflow/example_dags/tutorial_taskflow_api_virtualenv.py
[2024-09-09T21:01:22.571-0300] {processor.py:208} INFO - Processing /mnt/c/Users/teu20/Documents/Poli/Repo/eEDB011-20243/atividade 6 - WSL/airflow/airflow_env/lib/python3.10/site-packages/airflow/example_dags/tutorial_taskflow_api_virtualenv.py took 0.066 seconds
[2024-09-09T21:01:53.494-0300] {processor.py:186} INFO - Started process (PID=262958) to work on /mnt/c/Users/teu20/Documents/Poli/Repo/eEDB011-20243/atividade 6 - WSL/airflow/airflow_env/lib/python3.10/site-packages/airflow/example_dags/tutorial_taskflow_api_virtualenv.py
[2024-09-09T21:01:53.495-0300] {processor.py:914} INFO - Processing file /mnt/c/Users/teu20/Documents/Poli/Repo/eEDB011-20243/atividade 6 - WSL/airflow/airflow_env/lib/python3.10/site-packages/airflow/example_dags/tutorial_taskflow_api_virtualenv.py for tasks to queue
[2024-09-09T21:01:53.497-0300] {logging_mixin.py:190} INFO - [2024-09-09T21:01:53.496-0300] {dagbag.py:587} INFO - Filling up the DagBag from /mnt/c/Users/teu20/Documents/Poli/Repo/eEDB011-20243/atividade 6 - WSL/airflow/airflow_env/lib/python3.10/site-packages/airflow/example_dags/tutorial_taskflow_api_virtualenv.py
[2024-09-09T21:01:53.544-0300] {logging_mixin.py:190} INFO - [2024-09-09T21:01:53.543-0300] {tutorial_taskflow_api_virtualenv.py:29} WARNING - The tutorial_taskflow_api_virtualenv example DAG requires virtualenv, please install it.
[2024-09-09T21:01:53.545-0300] {processor.py:927} WARNING - No viable dags retrieved from /mnt/c/Users/teu20/Documents/Poli/Repo/eEDB011-20243/atividade 6 - WSL/airflow/airflow_env/lib/python3.10/site-packages/airflow/example_dags/tutorial_taskflow_api_virtualenv.py
[2024-09-09T21:01:53.560-0300] {processor.py:208} INFO - Processing /mnt/c/Users/teu20/Documents/Poli/Repo/eEDB011-20243/atividade 6 - WSL/airflow/airflow_env/lib/python3.10/site-packages/airflow/example_dags/tutorial_taskflow_api_virtualenv.py took 0.077 seconds
[2024-09-09T21:02:23.834-0300] {processor.py:186} INFO - Started process (PID=263386) to work on /mnt/c/Users/teu20/Documents/Poli/Repo/eEDB011-20243/atividade 6 - WSL/airflow/airflow_env/lib/python3.10/site-packages/airflow/example_dags/tutorial_taskflow_api_virtualenv.py
[2024-09-09T21:02:23.835-0300] {processor.py:914} INFO - Processing file /mnt/c/Users/teu20/Documents/Poli/Repo/eEDB011-20243/atividade 6 - WSL/airflow/airflow_env/lib/python3.10/site-packages/airflow/example_dags/tutorial_taskflow_api_virtualenv.py for tasks to queue
[2024-09-09T21:02:23.837-0300] {logging_mixin.py:190} INFO - [2024-09-09T21:02:23.836-0300] {dagbag.py:587} INFO - Filling up the DagBag from /mnt/c/Users/teu20/Documents/Poli/Repo/eEDB011-20243/atividade 6 - WSL/airflow/airflow_env/lib/python3.10/site-packages/airflow/example_dags/tutorial_taskflow_api_virtualenv.py
[2024-09-09T21:02:23.878-0300] {logging_mixin.py:190} INFO - [2024-09-09T21:02:23.877-0300] {tutorial_taskflow_api_virtualenv.py:29} WARNING - The tutorial_taskflow_api_virtualenv example DAG requires virtualenv, please install it.
[2024-09-09T21:02:23.879-0300] {processor.py:927} WARNING - No viable dags retrieved from /mnt/c/Users/teu20/Documents/Poli/Repo/eEDB011-20243/atividade 6 - WSL/airflow/airflow_env/lib/python3.10/site-packages/airflow/example_dags/tutorial_taskflow_api_virtualenv.py
[2024-09-09T21:02:23.891-0300] {processor.py:208} INFO - Processing /mnt/c/Users/teu20/Documents/Poli/Repo/eEDB011-20243/atividade 6 - WSL/airflow/airflow_env/lib/python3.10/site-packages/airflow/example_dags/tutorial_taskflow_api_virtualenv.py took 0.065 seconds
[2024-09-09T21:02:54.591-0300] {processor.py:186} INFO - Started process (PID=263817) to work on /mnt/c/Users/teu20/Documents/Poli/Repo/eEDB011-20243/atividade 6 - WSL/airflow/airflow_env/lib/python3.10/site-packages/airflow/example_dags/tutorial_taskflow_api_virtualenv.py
[2024-09-09T21:02:54.592-0300] {processor.py:914} INFO - Processing file /mnt/c/Users/teu20/Documents/Poli/Repo/eEDB011-20243/atividade 6 - WSL/airflow/airflow_env/lib/python3.10/site-packages/airflow/example_dags/tutorial_taskflow_api_virtualenv.py for tasks to queue
[2024-09-09T21:02:54.594-0300] {logging_mixin.py:190} INFO - [2024-09-09T21:02:54.594-0300] {dagbag.py:587} INFO - Filling up the DagBag from /mnt/c/Users/teu20/Documents/Poli/Repo/eEDB011-20243/atividade 6 - WSL/airflow/airflow_env/lib/python3.10/site-packages/airflow/example_dags/tutorial_taskflow_api_virtualenv.py
[2024-09-09T21:02:54.632-0300] {logging_mixin.py:190} INFO - [2024-09-09T21:02:54.631-0300] {tutorial_taskflow_api_virtualenv.py:29} WARNING - The tutorial_taskflow_api_virtualenv example DAG requires virtualenv, please install it.
[2024-09-09T21:02:54.633-0300] {processor.py:927} WARNING - No viable dags retrieved from /mnt/c/Users/teu20/Documents/Poli/Repo/eEDB011-20243/atividade 6 - WSL/airflow/airflow_env/lib/python3.10/site-packages/airflow/example_dags/tutorial_taskflow_api_virtualenv.py
[2024-09-09T21:02:54.645-0300] {processor.py:208} INFO - Processing /mnt/c/Users/teu20/Documents/Poli/Repo/eEDB011-20243/atividade 6 - WSL/airflow/airflow_env/lib/python3.10/site-packages/airflow/example_dags/tutorial_taskflow_api_virtualenv.py took 0.062 seconds
[2024-09-09T21:03:25.199-0300] {processor.py:186} INFO - Started process (PID=264250) to work on /mnt/c/Users/teu20/Documents/Poli/Repo/eEDB011-20243/atividade 6 - WSL/airflow/airflow_env/lib/python3.10/site-packages/airflow/example_dags/tutorial_taskflow_api_virtualenv.py
[2024-09-09T21:03:25.199-0300] {processor.py:914} INFO - Processing file /mnt/c/Users/teu20/Documents/Poli/Repo/eEDB011-20243/atividade 6 - WSL/airflow/airflow_env/lib/python3.10/site-packages/airflow/example_dags/tutorial_taskflow_api_virtualenv.py for tasks to queue
[2024-09-09T21:03:25.201-0300] {logging_mixin.py:190} INFO - [2024-09-09T21:03:25.200-0300] {dagbag.py:587} INFO - Filling up the DagBag from /mnt/c/Users/teu20/Documents/Poli/Repo/eEDB011-20243/atividade 6 - WSL/airflow/airflow_env/lib/python3.10/site-packages/airflow/example_dags/tutorial_taskflow_api_virtualenv.py
[2024-09-09T21:03:25.242-0300] {logging_mixin.py:190} INFO - [2024-09-09T21:03:25.241-0300] {tutorial_taskflow_api_virtualenv.py:29} WARNING - The tutorial_taskflow_api_virtualenv example DAG requires virtualenv, please install it.
[2024-09-09T21:03:25.242-0300] {processor.py:927} WARNING - No viable dags retrieved from /mnt/c/Users/teu20/Documents/Poli/Repo/eEDB011-20243/atividade 6 - WSL/airflow/airflow_env/lib/python3.10/site-packages/airflow/example_dags/tutorial_taskflow_api_virtualenv.py
[2024-09-09T21:03:25.255-0300] {processor.py:208} INFO - Processing /mnt/c/Users/teu20/Documents/Poli/Repo/eEDB011-20243/atividade 6 - WSL/airflow/airflow_env/lib/python3.10/site-packages/airflow/example_dags/tutorial_taskflow_api_virtualenv.py took 0.063 seconds
[2024-09-09T21:03:55.546-0300] {processor.py:186} INFO - Started process (PID=264688) to work on /mnt/c/Users/teu20/Documents/Poli/Repo/eEDB011-20243/atividade 6 - WSL/airflow/airflow_env/lib/python3.10/site-packages/airflow/example_dags/tutorial_taskflow_api_virtualenv.py
[2024-09-09T21:03:55.547-0300] {processor.py:914} INFO - Processing file /mnt/c/Users/teu20/Documents/Poli/Repo/eEDB011-20243/atividade 6 - WSL/airflow/airflow_env/lib/python3.10/site-packages/airflow/example_dags/tutorial_taskflow_api_virtualenv.py for tasks to queue
[2024-09-09T21:03:55.549-0300] {logging_mixin.py:190} INFO - [2024-09-09T21:03:55.548-0300] {dagbag.py:587} INFO - Filling up the DagBag from /mnt/c/Users/teu20/Documents/Poli/Repo/eEDB011-20243/atividade 6 - WSL/airflow/airflow_env/lib/python3.10/site-packages/airflow/example_dags/tutorial_taskflow_api_virtualenv.py
[2024-09-09T21:03:55.589-0300] {logging_mixin.py:190} INFO - [2024-09-09T21:03:55.588-0300] {tutorial_taskflow_api_virtualenv.py:29} WARNING - The tutorial_taskflow_api_virtualenv example DAG requires virtualenv, please install it.
[2024-09-09T21:03:55.590-0300] {processor.py:927} WARNING - No viable dags retrieved from /mnt/c/Users/teu20/Documents/Poli/Repo/eEDB011-20243/atividade 6 - WSL/airflow/airflow_env/lib/python3.10/site-packages/airflow/example_dags/tutorial_taskflow_api_virtualenv.py
[2024-09-09T21:03:55.602-0300] {processor.py:208} INFO - Processing /mnt/c/Users/teu20/Documents/Poli/Repo/eEDB011-20243/atividade 6 - WSL/airflow/airflow_env/lib/python3.10/site-packages/airflow/example_dags/tutorial_taskflow_api_virtualenv.py took 0.064 seconds
[2024-09-09T21:04:26.019-0300] {processor.py:186} INFO - Started process (PID=265125) to work on /mnt/c/Users/teu20/Documents/Poli/Repo/eEDB011-20243/atividade 6 - WSL/airflow/airflow_env/lib/python3.10/site-packages/airflow/example_dags/tutorial_taskflow_api_virtualenv.py
[2024-09-09T21:04:26.020-0300] {processor.py:914} INFO - Processing file /mnt/c/Users/teu20/Documents/Poli/Repo/eEDB011-20243/atividade 6 - WSL/airflow/airflow_env/lib/python3.10/site-packages/airflow/example_dags/tutorial_taskflow_api_virtualenv.py for tasks to queue
[2024-09-09T21:04:26.022-0300] {logging_mixin.py:190} INFO - [2024-09-09T21:04:26.021-0300] {dagbag.py:587} INFO - Filling up the DagBag from /mnt/c/Users/teu20/Documents/Poli/Repo/eEDB011-20243/atividade 6 - WSL/airflow/airflow_env/lib/python3.10/site-packages/airflow/example_dags/tutorial_taskflow_api_virtualenv.py
[2024-09-09T21:04:26.073-0300] {logging_mixin.py:190} INFO - [2024-09-09T21:04:26.072-0300] {tutorial_taskflow_api_virtualenv.py:29} WARNING - The tutorial_taskflow_api_virtualenv example DAG requires virtualenv, please install it.
[2024-09-09T21:04:26.074-0300] {processor.py:927} WARNING - No viable dags retrieved from /mnt/c/Users/teu20/Documents/Poli/Repo/eEDB011-20243/atividade 6 - WSL/airflow/airflow_env/lib/python3.10/site-packages/airflow/example_dags/tutorial_taskflow_api_virtualenv.py
[2024-09-09T21:04:26.089-0300] {processor.py:208} INFO - Processing /mnt/c/Users/teu20/Documents/Poli/Repo/eEDB011-20243/atividade 6 - WSL/airflow/airflow_env/lib/python3.10/site-packages/airflow/example_dags/tutorial_taskflow_api_virtualenv.py took 0.078 seconds
[2024-09-09T21:04:56.284-0300] {processor.py:186} INFO - Started process (PID=266276) to work on /mnt/c/Users/teu20/Documents/Poli/Repo/eEDB011-20243/atividade 6 - WSL/airflow/airflow_env/lib/python3.10/site-packages/airflow/example_dags/tutorial_taskflow_api_virtualenv.py
[2024-09-09T21:04:56.285-0300] {processor.py:914} INFO - Processing file /mnt/c/Users/teu20/Documents/Poli/Repo/eEDB011-20243/atividade 6 - WSL/airflow/airflow_env/lib/python3.10/site-packages/airflow/example_dags/tutorial_taskflow_api_virtualenv.py for tasks to queue
[2024-09-09T21:04:56.286-0300] {logging_mixin.py:190} INFO - [2024-09-09T21:04:56.286-0300] {dagbag.py:587} INFO - Filling up the DagBag from /mnt/c/Users/teu20/Documents/Poli/Repo/eEDB011-20243/atividade 6 - WSL/airflow/airflow_env/lib/python3.10/site-packages/airflow/example_dags/tutorial_taskflow_api_virtualenv.py
[2024-09-09T21:04:56.327-0300] {logging_mixin.py:190} INFO - [2024-09-09T21:04:56.327-0300] {tutorial_taskflow_api_virtualenv.py:29} WARNING - The tutorial_taskflow_api_virtualenv example DAG requires virtualenv, please install it.
[2024-09-09T21:04:56.328-0300] {processor.py:927} WARNING - No viable dags retrieved from /mnt/c/Users/teu20/Documents/Poli/Repo/eEDB011-20243/atividade 6 - WSL/airflow/airflow_env/lib/python3.10/site-packages/airflow/example_dags/tutorial_taskflow_api_virtualenv.py
[2024-09-09T21:04:56.340-0300] {processor.py:208} INFO - Processing /mnt/c/Users/teu20/Documents/Poli/Repo/eEDB011-20243/atividade 6 - WSL/airflow/airflow_env/lib/python3.10/site-packages/airflow/example_dags/tutorial_taskflow_api_virtualenv.py took 0.064 seconds
[2024-09-09T21:05:26.734-0300] {processor.py:186} INFO - Started process (PID=266868) to work on /mnt/c/Users/teu20/Documents/Poli/Repo/eEDB011-20243/atividade 6 - WSL/airflow/airflow_env/lib/python3.10/site-packages/airflow/example_dags/tutorial_taskflow_api_virtualenv.py
[2024-09-09T21:05:26.735-0300] {processor.py:914} INFO - Processing file /mnt/c/Users/teu20/Documents/Poli/Repo/eEDB011-20243/atividade 6 - WSL/airflow/airflow_env/lib/python3.10/site-packages/airflow/example_dags/tutorial_taskflow_api_virtualenv.py for tasks to queue
[2024-09-09T21:05:26.736-0300] {logging_mixin.py:190} INFO - [2024-09-09T21:05:26.736-0300] {dagbag.py:587} INFO - Filling up the DagBag from /mnt/c/Users/teu20/Documents/Poli/Repo/eEDB011-20243/atividade 6 - WSL/airflow/airflow_env/lib/python3.10/site-packages/airflow/example_dags/tutorial_taskflow_api_virtualenv.py
[2024-09-09T21:05:26.777-0300] {logging_mixin.py:190} INFO - [2024-09-09T21:05:26.776-0300] {tutorial_taskflow_api_virtualenv.py:29} WARNING - The tutorial_taskflow_api_virtualenv example DAG requires virtualenv, please install it.
[2024-09-09T21:05:26.777-0300] {processor.py:927} WARNING - No viable dags retrieved from /mnt/c/Users/teu20/Documents/Poli/Repo/eEDB011-20243/atividade 6 - WSL/airflow/airflow_env/lib/python3.10/site-packages/airflow/example_dags/tutorial_taskflow_api_virtualenv.py
[2024-09-09T21:05:26.792-0300] {processor.py:208} INFO - Processing /mnt/c/Users/teu20/Documents/Poli/Repo/eEDB011-20243/atividade 6 - WSL/airflow/airflow_env/lib/python3.10/site-packages/airflow/example_dags/tutorial_taskflow_api_virtualenv.py took 0.065 seconds
[2024-09-09T21:05:57.256-0300] {processor.py:186} INFO - Started process (PID=267296) to work on /mnt/c/Users/teu20/Documents/Poli/Repo/eEDB011-20243/atividade 6 - WSL/airflow/airflow_env/lib/python3.10/site-packages/airflow/example_dags/tutorial_taskflow_api_virtualenv.py
[2024-09-09T21:05:57.257-0300] {processor.py:914} INFO - Processing file /mnt/c/Users/teu20/Documents/Poli/Repo/eEDB011-20243/atividade 6 - WSL/airflow/airflow_env/lib/python3.10/site-packages/airflow/example_dags/tutorial_taskflow_api_virtualenv.py for tasks to queue
[2024-09-09T21:05:57.259-0300] {logging_mixin.py:190} INFO - [2024-09-09T21:05:57.258-0300] {dagbag.py:587} INFO - Filling up the DagBag from /mnt/c/Users/teu20/Documents/Poli/Repo/eEDB011-20243/atividade 6 - WSL/airflow/airflow_env/lib/python3.10/site-packages/airflow/example_dags/tutorial_taskflow_api_virtualenv.py
[2024-09-09T21:05:57.302-0300] {logging_mixin.py:190} INFO - [2024-09-09T21:05:57.301-0300] {tutorial_taskflow_api_virtualenv.py:29} WARNING - The tutorial_taskflow_api_virtualenv example DAG requires virtualenv, please install it.
[2024-09-09T21:05:57.303-0300] {processor.py:927} WARNING - No viable dags retrieved from /mnt/c/Users/teu20/Documents/Poli/Repo/eEDB011-20243/atividade 6 - WSL/airflow/airflow_env/lib/python3.10/site-packages/airflow/example_dags/tutorial_taskflow_api_virtualenv.py
[2024-09-09T21:05:57.317-0300] {processor.py:208} INFO - Processing /mnt/c/Users/teu20/Documents/Poli/Repo/eEDB011-20243/atividade 6 - WSL/airflow/airflow_env/lib/python3.10/site-packages/airflow/example_dags/tutorial_taskflow_api_virtualenv.py took 0.068 seconds
[2024-09-09T21:06:27.820-0300] {processor.py:186} INFO - Started process (PID=267729) to work on /mnt/c/Users/teu20/Documents/Poli/Repo/eEDB011-20243/atividade 6 - WSL/airflow/airflow_env/lib/python3.10/site-packages/airflow/example_dags/tutorial_taskflow_api_virtualenv.py
[2024-09-09T21:06:27.821-0300] {processor.py:914} INFO - Processing file /mnt/c/Users/teu20/Documents/Poli/Repo/eEDB011-20243/atividade 6 - WSL/airflow/airflow_env/lib/python3.10/site-packages/airflow/example_dags/tutorial_taskflow_api_virtualenv.py for tasks to queue
[2024-09-09T21:06:27.822-0300] {logging_mixin.py:190} INFO - [2024-09-09T21:06:27.822-0300] {dagbag.py:587} INFO - Filling up the DagBag from /mnt/c/Users/teu20/Documents/Poli/Repo/eEDB011-20243/atividade 6 - WSL/airflow/airflow_env/lib/python3.10/site-packages/airflow/example_dags/tutorial_taskflow_api_virtualenv.py
[2024-09-09T21:06:27.863-0300] {logging_mixin.py:190} INFO - [2024-09-09T21:06:27.862-0300] {tutorial_taskflow_api_virtualenv.py:29} WARNING - The tutorial_taskflow_api_virtualenv example DAG requires virtualenv, please install it.
[2024-09-09T21:06:27.863-0300] {processor.py:927} WARNING - No viable dags retrieved from /mnt/c/Users/teu20/Documents/Poli/Repo/eEDB011-20243/atividade 6 - WSL/airflow/airflow_env/lib/python3.10/site-packages/airflow/example_dags/tutorial_taskflow_api_virtualenv.py
[2024-09-09T21:06:27.877-0300] {processor.py:208} INFO - Processing /mnt/c/Users/teu20/Documents/Poli/Repo/eEDB011-20243/atividade 6 - WSL/airflow/airflow_env/lib/python3.10/site-packages/airflow/example_dags/tutorial_taskflow_api_virtualenv.py took 0.064 seconds
[2024-09-09T21:06:58.306-0300] {processor.py:186} INFO - Started process (PID=268373) to work on /mnt/c/Users/teu20/Documents/Poli/Repo/eEDB011-20243/atividade 6 - WSL/airflow/airflow_env/lib/python3.10/site-packages/airflow/example_dags/tutorial_taskflow_api_virtualenv.py
[2024-09-09T21:06:58.307-0300] {processor.py:914} INFO - Processing file /mnt/c/Users/teu20/Documents/Poli/Repo/eEDB011-20243/atividade 6 - WSL/airflow/airflow_env/lib/python3.10/site-packages/airflow/example_dags/tutorial_taskflow_api_virtualenv.py for tasks to queue
[2024-09-09T21:06:58.309-0300] {logging_mixin.py:190} INFO - [2024-09-09T21:06:58.308-0300] {dagbag.py:587} INFO - Filling up the DagBag from /mnt/c/Users/teu20/Documents/Poli/Repo/eEDB011-20243/atividade 6 - WSL/airflow/airflow_env/lib/python3.10/site-packages/airflow/example_dags/tutorial_taskflow_api_virtualenv.py
[2024-09-09T21:06:58.349-0300] {logging_mixin.py:190} INFO - [2024-09-09T21:06:58.349-0300] {tutorial_taskflow_api_virtualenv.py:29} WARNING - The tutorial_taskflow_api_virtualenv example DAG requires virtualenv, please install it.
[2024-09-09T21:06:58.350-0300] {processor.py:927} WARNING - No viable dags retrieved from /mnt/c/Users/teu20/Documents/Poli/Repo/eEDB011-20243/atividade 6 - WSL/airflow/airflow_env/lib/python3.10/site-packages/airflow/example_dags/tutorial_taskflow_api_virtualenv.py
[2024-09-09T21:06:58.362-0300] {processor.py:208} INFO - Processing /mnt/c/Users/teu20/Documents/Poli/Repo/eEDB011-20243/atividade 6 - WSL/airflow/airflow_env/lib/python3.10/site-packages/airflow/example_dags/tutorial_taskflow_api_virtualenv.py took 0.064 seconds
[2024-09-09T21:07:28.810-0300] {processor.py:186} INFO - Started process (PID=269044) to work on /mnt/c/Users/teu20/Documents/Poli/Repo/eEDB011-20243/atividade 6 - WSL/airflow/airflow_env/lib/python3.10/site-packages/airflow/example_dags/tutorial_taskflow_api_virtualenv.py
[2024-09-09T21:07:28.811-0300] {processor.py:914} INFO - Processing file /mnt/c/Users/teu20/Documents/Poli/Repo/eEDB011-20243/atividade 6 - WSL/airflow/airflow_env/lib/python3.10/site-packages/airflow/example_dags/tutorial_taskflow_api_virtualenv.py for tasks to queue
[2024-09-09T21:07:28.813-0300] {logging_mixin.py:190} INFO - [2024-09-09T21:07:28.812-0300] {dagbag.py:587} INFO - Filling up the DagBag from /mnt/c/Users/teu20/Documents/Poli/Repo/eEDB011-20243/atividade 6 - WSL/airflow/airflow_env/lib/python3.10/site-packages/airflow/example_dags/tutorial_taskflow_api_virtualenv.py
[2024-09-09T21:07:28.854-0300] {logging_mixin.py:190} INFO - [2024-09-09T21:07:28.854-0300] {tutorial_taskflow_api_virtualenv.py:29} WARNING - The tutorial_taskflow_api_virtualenv example DAG requires virtualenv, please install it.
[2024-09-09T21:07:28.855-0300] {processor.py:927} WARNING - No viable dags retrieved from /mnt/c/Users/teu20/Documents/Poli/Repo/eEDB011-20243/atividade 6 - WSL/airflow/airflow_env/lib/python3.10/site-packages/airflow/example_dags/tutorial_taskflow_api_virtualenv.py
[2024-09-09T21:07:28.869-0300] {processor.py:208} INFO - Processing /mnt/c/Users/teu20/Documents/Poli/Repo/eEDB011-20243/atividade 6 - WSL/airflow/airflow_env/lib/python3.10/site-packages/airflow/example_dags/tutorial_taskflow_api_virtualenv.py took 0.068 seconds
[2024-09-09T21:07:59.305-0300] {processor.py:186} INFO - Started process (PID=269540) to work on /mnt/c/Users/teu20/Documents/Poli/Repo/eEDB011-20243/atividade 6 - WSL/airflow/airflow_env/lib/python3.10/site-packages/airflow/example_dags/tutorial_taskflow_api_virtualenv.py
[2024-09-09T21:07:59.306-0300] {processor.py:914} INFO - Processing file /mnt/c/Users/teu20/Documents/Poli/Repo/eEDB011-20243/atividade 6 - WSL/airflow/airflow_env/lib/python3.10/site-packages/airflow/example_dags/tutorial_taskflow_api_virtualenv.py for tasks to queue
[2024-09-09T21:07:59.308-0300] {logging_mixin.py:190} INFO - [2024-09-09T21:07:59.308-0300] {dagbag.py:587} INFO - Filling up the DagBag from /mnt/c/Users/teu20/Documents/Poli/Repo/eEDB011-20243/atividade 6 - WSL/airflow/airflow_env/lib/python3.10/site-packages/airflow/example_dags/tutorial_taskflow_api_virtualenv.py
[2024-09-09T21:07:59.351-0300] {logging_mixin.py:190} INFO - [2024-09-09T21:07:59.351-0300] {tutorial_taskflow_api_virtualenv.py:29} WARNING - The tutorial_taskflow_api_virtualenv example DAG requires virtualenv, please install it.
[2024-09-09T21:07:59.352-0300] {processor.py:927} WARNING - No viable dags retrieved from /mnt/c/Users/teu20/Documents/Poli/Repo/eEDB011-20243/atividade 6 - WSL/airflow/airflow_env/lib/python3.10/site-packages/airflow/example_dags/tutorial_taskflow_api_virtualenv.py
[2024-09-09T21:07:59.365-0300] {processor.py:208} INFO - Processing /mnt/c/Users/teu20/Documents/Poli/Repo/eEDB011-20243/atividade 6 - WSL/airflow/airflow_env/lib/python3.10/site-packages/airflow/example_dags/tutorial_taskflow_api_virtualenv.py took 0.068 seconds
