[2024-09-09T17:51:21.375-0300] {local_task_job_runner.py:123} INFO - ::group::Pre task execution logs
[2024-09-09T17:51:21.386-0300] {taskinstance.py:2612} INFO - Dependencies all met for dep_context=non-requeueable deps ti=<TaskInstance: dag_save_database_raw.dag_save_database_raw scheduled__2024-08-24T08:15:00+00:00 [queued]>
[2024-09-09T17:51:21.394-0300] {taskinstance.py:2612} INFO - Dependencies all met for dep_context=requeueable deps ti=<TaskInstance: dag_save_database_raw.dag_save_database_raw scheduled__2024-08-24T08:15:00+00:00 [queued]>
[2024-09-09T17:51:21.395-0300] {taskinstance.py:2865} INFO - Starting attempt 1 of 2
[2024-09-09T17:51:21.421-0300] {taskinstance.py:2888} INFO - Executing <Task(BashOperator): dag_save_database_raw> on 2024-08-24 08:15:00+00:00
[2024-09-09T17:51:21.424-0300] {standard_task_runner.py:72} INFO - Started process 164259 to run task
[2024-09-09T17:51:21.426-0300] {standard_task_runner.py:104} INFO - Running: ['airflow', 'tasks', 'run', 'dag_save_database_raw', 'dag_save_database_raw', 'scheduled__2024-08-24T08:15:00+00:00', '--job-id', '45', '--raw', '--subdir', 'DAGS_FOLDER/dag_save_database_raw.py', '--cfg-path', '/tmp/tmpav6nlwdh']
[2024-09-09T17:51:21.427-0300] {standard_task_runner.py:105} INFO - Job 45: Subtask dag_save_database_raw
[2024-09-09T17:51:21.492-0300] {task_command.py:467} INFO - Running <TaskInstance: dag_save_database_raw.dag_save_database_raw scheduled__2024-08-24T08:15:00+00:00 [running]> on host DESKTOP-0CT35O1.
[2024-09-09T17:51:21.570-0300] {taskinstance.py:3131} INFO - Exporting env vars: AIRFLOW_CTX_DAG_OWNER='Matheus' AIRFLOW_CTX_DAG_ID='dag_save_database_raw' AIRFLOW_CTX_TASK_ID='dag_save_database_raw' AIRFLOW_CTX_EXECUTION_DATE='2024-08-24T08:15:00+00:00' AIRFLOW_CTX_TRY_NUMBER='1' AIRFLOW_CTX_DAG_RUN_ID='scheduled__2024-08-24T08:15:00+00:00'
[2024-09-09T17:51:21.572-0300] {logging_mixin.py:190} INFO - Task instance is in running state
[2024-09-09T17:51:21.573-0300] {logging_mixin.py:190} INFO -  Previous state of the Task instance: queued
[2024-09-09T17:51:21.574-0300] {logging_mixin.py:190} INFO - Current task name:dag_save_database_raw state:running start_date:2024-09-09 20:51:21.387839+00:00
[2024-09-09T17:51:21.575-0300] {logging_mixin.py:190} INFO - Dag name:dag_save_database_raw and current dag run status:running
[2024-09-09T17:51:21.576-0300] {taskinstance.py:731} INFO - ::endgroup::
[2024-09-09T17:51:21.578-0300] {subprocess.py:63} INFO - Tmp dir root location: /tmp
[2024-09-09T17:51:21.579-0300] {subprocess.py:75} INFO - Running command: ['/usr/bin/bash', '-c', "python '/mnt/c/Users/teu20/Documents/Poli/Repo/eEDB011-20243/atividade 6 - WSL/save_database.py'"]
[2024-09-09T17:51:21.584-0300] {subprocess.py:86} INFO - Output:
[2024-09-09T17:51:26.349-0300] {subprocess.py:93} INFO - 24/09/09 17:51:26 WARN Utils: Your hostname, DESKTOP-0CT35O1 resolves to a loopback address: 127.0.1.1; using 10.255.255.254 instead (on interface lo)
[2024-09-09T17:51:26.352-0300] {subprocess.py:93} INFO - 24/09/09 17:51:26 WARN Utils: Set SPARK_LOCAL_IP if you need to bind to another address
[2024-09-09T17:51:26.838-0300] {subprocess.py:93} INFO - 24/09/09 17:51:26 WARN NativeCodeLoader: Unable to load native-hadoop library for your platform... using builtin-java classes where applicable
[2024-09-09T17:51:26.991-0300] {subprocess.py:93} INFO - Setting default log level to "WARN".
[2024-09-09T17:51:26.993-0300] {subprocess.py:93} INFO - To adjust logging level use sc.setLogLevel(newLevel). For SparkR, use setLogLevel(newLevel).
[2024-09-09T17:51:33.972-0300] {subprocess.py:93} INFO - [Stage 0:>                                                          (0 + 1) / 1]                                                                                [Stage 1:>                                                          (0 + 1) / 1]                                                                                24/09/09 17:51:33 WARN SparkStringUtils: Truncated the string representation of a plan since it was too large. This behavior can be adjusted by setting 'spark.sql.debug.maxToStringFields'.
[2024-09-09T17:51:35.446-0300] {subprocess.py:97} INFO - Command exited with return code 0
[2024-09-09T17:51:35.478-0300] {taskinstance.py:340} INFO - ::group::Post task execution logs
[2024-09-09T17:51:35.480-0300] {taskinstance.py:352} INFO - Marking task as SUCCESS. dag_id=dag_save_database_raw, task_id=dag_save_database_raw, run_id=scheduled__2024-08-24T08:15:00+00:00, execution_date=20240824T081500, start_date=20240909T205121, end_date=20240909T205135
[2024-09-09T17:51:35.501-0300] {logging_mixin.py:190} INFO - Task instance in success state
[2024-09-09T17:51:35.502-0300] {logging_mixin.py:190} INFO -  Previous state of the Task instance: running
[2024-09-09T17:51:35.504-0300] {logging_mixin.py:190} INFO - Dag name:dag_save_database_raw queued_at:2024-09-09 20:51:06.402789+00:00
[2024-09-09T17:51:35.505-0300] {logging_mixin.py:190} INFO - Task hostname:DESKTOP-0CT35O1. operator:BashOperator
[2024-09-09T17:51:35.516-0300] {local_task_job_runner.py:266} INFO - Task exited with return code 0
[2024-09-09T17:51:35.528-0300] {taskinstance.py:3900} INFO - 0 downstream tasks scheduled from follow-on schedule check
[2024-09-09T17:51:35.530-0300] {local_task_job_runner.py:245} INFO - ::endgroup::
