[2024-09-09T21:00:21.236-0300] {processor.py:186} INFO - Started process (PID=261361) to work on /mnt/c/Users/teu20/Documents/Poli/Repo/eEDB011-20243/atividade 6 - WSL/airflow/airflow_env/lib/python3.10/site-packages/airflow/example_dags/plugins/workday.py
[2024-09-09T21:00:21.237-0300] {processor.py:914} INFO - Processing file /mnt/c/Users/teu20/Documents/Poli/Repo/eEDB011-20243/atividade 6 - WSL/airflow/airflow_env/lib/python3.10/site-packages/airflow/example_dags/plugins/workday.py for tasks to queue
[2024-09-09T21:00:21.239-0300] {logging_mixin.py:190} INFO - [2024-09-09T21:00:21.238-0300] {dagbag.py:587} INFO - Filling up the DagBag from /mnt/c/Users/teu20/Documents/Poli/Repo/eEDB011-20243/atividade 6 - WSL/airflow/airflow_env/lib/python3.10/site-packages/airflow/example_dags/plugins/workday.py
[2024-09-09T21:00:21.253-0300] {logging_mixin.py:190} INFO - [2024-09-09T21:00:21.252-0300] {workday.py:41} WARNING - Could not import pandas. Holidays will not be considered.
[2024-09-09T21:00:21.253-0300] {processor.py:927} WARNING - No viable dags retrieved from /mnt/c/Users/teu20/Documents/Poli/Repo/eEDB011-20243/atividade 6 - WSL/airflow/airflow_env/lib/python3.10/site-packages/airflow/example_dags/plugins/workday.py
[2024-09-09T21:00:21.265-0300] {processor.py:208} INFO - Processing /mnt/c/Users/teu20/Documents/Poli/Repo/eEDB011-20243/atividade 6 - WSL/airflow/airflow_env/lib/python3.10/site-packages/airflow/example_dags/plugins/workday.py took 0.036 seconds
[2024-09-09T21:00:51.722-0300] {processor.py:186} INFO - Started process (PID=262010) to work on /mnt/c/Users/teu20/Documents/Poli/Repo/eEDB011-20243/atividade 6 - WSL/airflow/airflow_env/lib/python3.10/site-packages/airflow/example_dags/plugins/workday.py
[2024-09-09T21:00:51.723-0300] {processor.py:914} INFO - Processing file /mnt/c/Users/teu20/Documents/Poli/Repo/eEDB011-20243/atividade 6 - WSL/airflow/airflow_env/lib/python3.10/site-packages/airflow/example_dags/plugins/workday.py for tasks to queue
[2024-09-09T21:00:51.725-0300] {logging_mixin.py:190} INFO - [2024-09-09T21:00:51.724-0300] {dagbag.py:587} INFO - Filling up the DagBag from /mnt/c/Users/teu20/Documents/Poli/Repo/eEDB011-20243/atividade 6 - WSL/airflow/airflow_env/lib/python3.10/site-packages/airflow/example_dags/plugins/workday.py
[2024-09-09T21:00:51.739-0300] {logging_mixin.py:190} INFO - [2024-09-09T21:00:51.738-0300] {workday.py:41} WARNING - Could not import pandas. Holidays will not be considered.
[2024-09-09T21:00:51.740-0300] {processor.py:927} WARNING - No viable dags retrieved from /mnt/c/Users/teu20/Documents/Poli/Repo/eEDB011-20243/atividade 6 - WSL/airflow/airflow_env/lib/python3.10/site-packages/airflow/example_dags/plugins/workday.py
[2024-09-09T21:00:51.752-0300] {processor.py:208} INFO - Processing /mnt/c/Users/teu20/Documents/Poli/Repo/eEDB011-20243/atividade 6 - WSL/airflow/airflow_env/lib/python3.10/site-packages/airflow/example_dags/plugins/workday.py took 0.037 seconds
[2024-09-09T21:01:22.242-0300] {processor.py:186} INFO - Started process (PID=262501) to work on /mnt/c/Users/teu20/Documents/Poli/Repo/eEDB011-20243/atividade 6 - WSL/airflow/airflow_env/lib/python3.10/site-packages/airflow/example_dags/plugins/workday.py
[2024-09-09T21:01:22.243-0300] {processor.py:914} INFO - Processing file /mnt/c/Users/teu20/Documents/Poli/Repo/eEDB011-20243/atividade 6 - WSL/airflow/airflow_env/lib/python3.10/site-packages/airflow/example_dags/plugins/workday.py for tasks to queue
[2024-09-09T21:01:22.245-0300] {logging_mixin.py:190} INFO - [2024-09-09T21:01:22.244-0300] {dagbag.py:587} INFO - Filling up the DagBag from /mnt/c/Users/teu20/Documents/Poli/Repo/eEDB011-20243/atividade 6 - WSL/airflow/airflow_env/lib/python3.10/site-packages/airflow/example_dags/plugins/workday.py
[2024-09-09T21:01:22.262-0300] {logging_mixin.py:190} INFO - [2024-09-09T21:01:22.261-0300] {workday.py:41} WARNING - Could not import pandas. Holidays will not be considered.
[2024-09-09T21:01:22.262-0300] {processor.py:927} WARNING - No viable dags retrieved from /mnt/c/Users/teu20/Documents/Poli/Repo/eEDB011-20243/atividade 6 - WSL/airflow/airflow_env/lib/python3.10/site-packages/airflow/example_dags/plugins/workday.py
[2024-09-09T21:01:22.275-0300] {processor.py:208} INFO - Processing /mnt/c/Users/teu20/Documents/Poli/Repo/eEDB011-20243/atividade 6 - WSL/airflow/airflow_env/lib/python3.10/site-packages/airflow/example_dags/plugins/workday.py took 0.041 seconds
[2024-09-09T21:01:53.294-0300] {processor.py:186} INFO - Started process (PID=262935) to work on /mnt/c/Users/teu20/Documents/Poli/Repo/eEDB011-20243/atividade 6 - WSL/airflow/airflow_env/lib/python3.10/site-packages/airflow/example_dags/plugins/workday.py
[2024-09-09T21:01:53.295-0300] {processor.py:914} INFO - Processing file /mnt/c/Users/teu20/Documents/Poli/Repo/eEDB011-20243/atividade 6 - WSL/airflow/airflow_env/lib/python3.10/site-packages/airflow/example_dags/plugins/workday.py for tasks to queue
[2024-09-09T21:01:53.296-0300] {logging_mixin.py:190} INFO - [2024-09-09T21:01:53.296-0300] {dagbag.py:587} INFO - Filling up the DagBag from /mnt/c/Users/teu20/Documents/Poli/Repo/eEDB011-20243/atividade 6 - WSL/airflow/airflow_env/lib/python3.10/site-packages/airflow/example_dags/plugins/workday.py
[2024-09-09T21:01:53.312-0300] {logging_mixin.py:190} INFO - [2024-09-09T21:01:53.312-0300] {workday.py:41} WARNING - Could not import pandas. Holidays will not be considered.
[2024-09-09T21:01:53.313-0300] {processor.py:927} WARNING - No viable dags retrieved from /mnt/c/Users/teu20/Documents/Poli/Repo/eEDB011-20243/atividade 6 - WSL/airflow/airflow_env/lib/python3.10/site-packages/airflow/example_dags/plugins/workday.py
[2024-09-09T21:01:53.325-0300] {processor.py:208} INFO - Processing /mnt/c/Users/teu20/Documents/Poli/Repo/eEDB011-20243/atividade 6 - WSL/airflow/airflow_env/lib/python3.10/site-packages/airflow/example_dags/plugins/workday.py took 0.039 seconds
[2024-09-09T21:02:23.623-0300] {processor.py:186} INFO - Started process (PID=263365) to work on /mnt/c/Users/teu20/Documents/Poli/Repo/eEDB011-20243/atividade 6 - WSL/airflow/airflow_env/lib/python3.10/site-packages/airflow/example_dags/plugins/workday.py
[2024-09-09T21:02:23.624-0300] {processor.py:914} INFO - Processing file /mnt/c/Users/teu20/Documents/Poli/Repo/eEDB011-20243/atividade 6 - WSL/airflow/airflow_env/lib/python3.10/site-packages/airflow/example_dags/plugins/workday.py for tasks to queue
[2024-09-09T21:02:23.626-0300] {logging_mixin.py:190} INFO - [2024-09-09T21:02:23.625-0300] {dagbag.py:587} INFO - Filling up the DagBag from /mnt/c/Users/teu20/Documents/Poli/Repo/eEDB011-20243/atividade 6 - WSL/airflow/airflow_env/lib/python3.10/site-packages/airflow/example_dags/plugins/workday.py
[2024-09-09T21:02:23.644-0300] {logging_mixin.py:190} INFO - [2024-09-09T21:02:23.643-0300] {workday.py:41} WARNING - Could not import pandas. Holidays will not be considered.
[2024-09-09T21:02:23.644-0300] {processor.py:927} WARNING - No viable dags retrieved from /mnt/c/Users/teu20/Documents/Poli/Repo/eEDB011-20243/atividade 6 - WSL/airflow/airflow_env/lib/python3.10/site-packages/airflow/example_dags/plugins/workday.py
[2024-09-09T21:02:23.656-0300] {processor.py:208} INFO - Processing /mnt/c/Users/teu20/Documents/Poli/Repo/eEDB011-20243/atividade 6 - WSL/airflow/airflow_env/lib/python3.10/site-packages/airflow/example_dags/plugins/workday.py took 0.041 seconds
[2024-09-09T21:02:54.451-0300] {processor.py:186} INFO - Started process (PID=263799) to work on /mnt/c/Users/teu20/Documents/Poli/Repo/eEDB011-20243/atividade 6 - WSL/airflow/airflow_env/lib/python3.10/site-packages/airflow/example_dags/plugins/workday.py
[2024-09-09T21:02:54.452-0300] {processor.py:914} INFO - Processing file /mnt/c/Users/teu20/Documents/Poli/Repo/eEDB011-20243/atividade 6 - WSL/airflow/airflow_env/lib/python3.10/site-packages/airflow/example_dags/plugins/workday.py for tasks to queue
[2024-09-09T21:02:54.454-0300] {logging_mixin.py:190} INFO - [2024-09-09T21:02:54.453-0300] {dagbag.py:587} INFO - Filling up the DagBag from /mnt/c/Users/teu20/Documents/Poli/Repo/eEDB011-20243/atividade 6 - WSL/airflow/airflow_env/lib/python3.10/site-packages/airflow/example_dags/plugins/workday.py
[2024-09-09T21:02:54.468-0300] {logging_mixin.py:190} INFO - [2024-09-09T21:02:54.467-0300] {workday.py:41} WARNING - Could not import pandas. Holidays will not be considered.
[2024-09-09T21:02:54.468-0300] {processor.py:927} WARNING - No viable dags retrieved from /mnt/c/Users/teu20/Documents/Poli/Repo/eEDB011-20243/atividade 6 - WSL/airflow/airflow_env/lib/python3.10/site-packages/airflow/example_dags/plugins/workday.py
[2024-09-09T21:02:54.481-0300] {processor.py:208} INFO - Processing /mnt/c/Users/teu20/Documents/Poli/Repo/eEDB011-20243/atividade 6 - WSL/airflow/airflow_env/lib/python3.10/site-packages/airflow/example_dags/plugins/workday.py took 0.037 seconds
[2024-09-09T21:03:25.053-0300] {processor.py:186} INFO - Started process (PID=264232) to work on /mnt/c/Users/teu20/Documents/Poli/Repo/eEDB011-20243/atividade 6 - WSL/airflow/airflow_env/lib/python3.10/site-packages/airflow/example_dags/plugins/workday.py
[2024-09-09T21:03:25.054-0300] {processor.py:914} INFO - Processing file /mnt/c/Users/teu20/Documents/Poli/Repo/eEDB011-20243/atividade 6 - WSL/airflow/airflow_env/lib/python3.10/site-packages/airflow/example_dags/plugins/workday.py for tasks to queue
[2024-09-09T21:03:25.056-0300] {logging_mixin.py:190} INFO - [2024-09-09T21:03:25.055-0300] {dagbag.py:587} INFO - Filling up the DagBag from /mnt/c/Users/teu20/Documents/Poli/Repo/eEDB011-20243/atividade 6 - WSL/airflow/airflow_env/lib/python3.10/site-packages/airflow/example_dags/plugins/workday.py
[2024-09-09T21:03:25.072-0300] {logging_mixin.py:190} INFO - [2024-09-09T21:03:25.071-0300] {workday.py:41} WARNING - Could not import pandas. Holidays will not be considered.
[2024-09-09T21:03:25.073-0300] {processor.py:927} WARNING - No viable dags retrieved from /mnt/c/Users/teu20/Documents/Poli/Repo/eEDB011-20243/atividade 6 - WSL/airflow/airflow_env/lib/python3.10/site-packages/airflow/example_dags/plugins/workday.py
[2024-09-09T21:03:25.086-0300] {processor.py:208} INFO - Processing /mnt/c/Users/teu20/Documents/Poli/Repo/eEDB011-20243/atividade 6 - WSL/airflow/airflow_env/lib/python3.10/site-packages/airflow/example_dags/plugins/workday.py took 0.042 seconds
[2024-09-09T21:03:55.333-0300] {processor.py:186} INFO - Started process (PID=264667) to work on /mnt/c/Users/teu20/Documents/Poli/Repo/eEDB011-20243/atividade 6 - WSL/airflow/airflow_env/lib/python3.10/site-packages/airflow/example_dags/plugins/workday.py
[2024-09-09T21:03:55.334-0300] {processor.py:914} INFO - Processing file /mnt/c/Users/teu20/Documents/Poli/Repo/eEDB011-20243/atividade 6 - WSL/airflow/airflow_env/lib/python3.10/site-packages/airflow/example_dags/plugins/workday.py for tasks to queue
[2024-09-09T21:03:55.335-0300] {logging_mixin.py:190} INFO - [2024-09-09T21:03:55.335-0300] {dagbag.py:587} INFO - Filling up the DagBag from /mnt/c/Users/teu20/Documents/Poli/Repo/eEDB011-20243/atividade 6 - WSL/airflow/airflow_env/lib/python3.10/site-packages/airflow/example_dags/plugins/workday.py
[2024-09-09T21:03:55.353-0300] {logging_mixin.py:190} INFO - [2024-09-09T21:03:55.352-0300] {workday.py:41} WARNING - Could not import pandas. Holidays will not be considered.
[2024-09-09T21:03:55.354-0300] {processor.py:927} WARNING - No viable dags retrieved from /mnt/c/Users/teu20/Documents/Poli/Repo/eEDB011-20243/atividade 6 - WSL/airflow/airflow_env/lib/python3.10/site-packages/airflow/example_dags/plugins/workday.py
[2024-09-09T21:03:55.367-0300] {processor.py:208} INFO - Processing /mnt/c/Users/teu20/Documents/Poli/Repo/eEDB011-20243/atividade 6 - WSL/airflow/airflow_env/lib/python3.10/site-packages/airflow/example_dags/plugins/workday.py took 0.043 seconds
[2024-09-09T21:04:25.693-0300] {processor.py:186} INFO - Started process (PID=265104) to work on /mnt/c/Users/teu20/Documents/Poli/Repo/eEDB011-20243/atividade 6 - WSL/airflow/airflow_env/lib/python3.10/site-packages/airflow/example_dags/plugins/workday.py
[2024-09-09T21:04:25.694-0300] {processor.py:914} INFO - Processing file /mnt/c/Users/teu20/Documents/Poli/Repo/eEDB011-20243/atividade 6 - WSL/airflow/airflow_env/lib/python3.10/site-packages/airflow/example_dags/plugins/workday.py for tasks to queue
[2024-09-09T21:04:25.696-0300] {logging_mixin.py:190} INFO - [2024-09-09T21:04:25.695-0300] {dagbag.py:587} INFO - Filling up the DagBag from /mnt/c/Users/teu20/Documents/Poli/Repo/eEDB011-20243/atividade 6 - WSL/airflow/airflow_env/lib/python3.10/site-packages/airflow/example_dags/plugins/workday.py
[2024-09-09T21:04:25.713-0300] {logging_mixin.py:190} INFO - [2024-09-09T21:04:25.712-0300] {workday.py:41} WARNING - Could not import pandas. Holidays will not be considered.
[2024-09-09T21:04:25.714-0300] {processor.py:927} WARNING - No viable dags retrieved from /mnt/c/Users/teu20/Documents/Poli/Repo/eEDB011-20243/atividade 6 - WSL/airflow/airflow_env/lib/python3.10/site-packages/airflow/example_dags/plugins/workday.py
[2024-09-09T21:04:25.728-0300] {processor.py:208} INFO - Processing /mnt/c/Users/teu20/Documents/Poli/Repo/eEDB011-20243/atividade 6 - WSL/airflow/airflow_env/lib/python3.10/site-packages/airflow/example_dags/plugins/workday.py took 0.043 seconds
[2024-09-09T21:04:55.999-0300] {processor.py:186} INFO - Started process (PID=266255) to work on /mnt/c/Users/teu20/Documents/Poli/Repo/eEDB011-20243/atividade 6 - WSL/airflow/airflow_env/lib/python3.10/site-packages/airflow/example_dags/plugins/workday.py
[2024-09-09T21:04:56.000-0300] {processor.py:914} INFO - Processing file /mnt/c/Users/teu20/Documents/Poli/Repo/eEDB011-20243/atividade 6 - WSL/airflow/airflow_env/lib/python3.10/site-packages/airflow/example_dags/plugins/workday.py for tasks to queue
[2024-09-09T21:04:56.002-0300] {logging_mixin.py:190} INFO - [2024-09-09T21:04:56.001-0300] {dagbag.py:587} INFO - Filling up the DagBag from /mnt/c/Users/teu20/Documents/Poli/Repo/eEDB011-20243/atividade 6 - WSL/airflow/airflow_env/lib/python3.10/site-packages/airflow/example_dags/plugins/workday.py
[2024-09-09T21:04:56.017-0300] {logging_mixin.py:190} INFO - [2024-09-09T21:04:56.017-0300] {workday.py:41} WARNING - Could not import pandas. Holidays will not be considered.
[2024-09-09T21:04:56.018-0300] {processor.py:927} WARNING - No viable dags retrieved from /mnt/c/Users/teu20/Documents/Poli/Repo/eEDB011-20243/atividade 6 - WSL/airflow/airflow_env/lib/python3.10/site-packages/airflow/example_dags/plugins/workday.py
[2024-09-09T21:04:56.030-0300] {processor.py:208} INFO - Processing /mnt/c/Users/teu20/Documents/Poli/Repo/eEDB011-20243/atividade 6 - WSL/airflow/airflow_env/lib/python3.10/site-packages/airflow/example_dags/plugins/workday.py took 0.039 seconds
[2024-09-09T21:05:26.478-0300] {processor.py:186} INFO - Started process (PID=266845) to work on /mnt/c/Users/teu20/Documents/Poli/Repo/eEDB011-20243/atividade 6 - WSL/airflow/airflow_env/lib/python3.10/site-packages/airflow/example_dags/plugins/workday.py
[2024-09-09T21:05:26.479-0300] {processor.py:914} INFO - Processing file /mnt/c/Users/teu20/Documents/Poli/Repo/eEDB011-20243/atividade 6 - WSL/airflow/airflow_env/lib/python3.10/site-packages/airflow/example_dags/plugins/workday.py for tasks to queue
[2024-09-09T21:05:26.480-0300] {logging_mixin.py:190} INFO - [2024-09-09T21:05:26.480-0300] {dagbag.py:587} INFO - Filling up the DagBag from /mnt/c/Users/teu20/Documents/Poli/Repo/eEDB011-20243/atividade 6 - WSL/airflow/airflow_env/lib/python3.10/site-packages/airflow/example_dags/plugins/workday.py
[2024-09-09T21:05:26.494-0300] {logging_mixin.py:190} INFO - [2024-09-09T21:05:26.493-0300] {workday.py:41} WARNING - Could not import pandas. Holidays will not be considered.
[2024-09-09T21:05:26.495-0300] {processor.py:927} WARNING - No viable dags retrieved from /mnt/c/Users/teu20/Documents/Poli/Repo/eEDB011-20243/atividade 6 - WSL/airflow/airflow_env/lib/python3.10/site-packages/airflow/example_dags/plugins/workday.py
[2024-09-09T21:05:26.506-0300] {processor.py:208} INFO - Processing /mnt/c/Users/teu20/Documents/Poli/Repo/eEDB011-20243/atividade 6 - WSL/airflow/airflow_env/lib/python3.10/site-packages/airflow/example_dags/plugins/workday.py took 0.036 seconds
[2024-09-09T21:05:57.117-0300] {processor.py:186} INFO - Started process (PID=267278) to work on /mnt/c/Users/teu20/Documents/Poli/Repo/eEDB011-20243/atividade 6 - WSL/airflow/airflow_env/lib/python3.10/site-packages/airflow/example_dags/plugins/workday.py
[2024-09-09T21:05:57.118-0300] {processor.py:914} INFO - Processing file /mnt/c/Users/teu20/Documents/Poli/Repo/eEDB011-20243/atividade 6 - WSL/airflow/airflow_env/lib/python3.10/site-packages/airflow/example_dags/plugins/workday.py for tasks to queue
[2024-09-09T21:05:57.120-0300] {logging_mixin.py:190} INFO - [2024-09-09T21:05:57.119-0300] {dagbag.py:587} INFO - Filling up the DagBag from /mnt/c/Users/teu20/Documents/Poli/Repo/eEDB011-20243/atividade 6 - WSL/airflow/airflow_env/lib/python3.10/site-packages/airflow/example_dags/plugins/workday.py
[2024-09-09T21:05:57.133-0300] {logging_mixin.py:190} INFO - [2024-09-09T21:05:57.132-0300] {workday.py:41} WARNING - Could not import pandas. Holidays will not be considered.
[2024-09-09T21:05:57.134-0300] {processor.py:927} WARNING - No viable dags retrieved from /mnt/c/Users/teu20/Documents/Poli/Repo/eEDB011-20243/atividade 6 - WSL/airflow/airflow_env/lib/python3.10/site-packages/airflow/example_dags/plugins/workday.py
[2024-09-09T21:05:57.146-0300] {processor.py:208} INFO - Processing /mnt/c/Users/teu20/Documents/Poli/Repo/eEDB011-20243/atividade 6 - WSL/airflow/airflow_env/lib/python3.10/site-packages/airflow/example_dags/plugins/workday.py took 0.036 seconds
[2024-09-09T21:06:27.621-0300] {processor.py:186} INFO - Started process (PID=267708) to work on /mnt/c/Users/teu20/Documents/Poli/Repo/eEDB011-20243/atividade 6 - WSL/airflow/airflow_env/lib/python3.10/site-packages/airflow/example_dags/plugins/workday.py
[2024-09-09T21:06:27.622-0300] {processor.py:914} INFO - Processing file /mnt/c/Users/teu20/Documents/Poli/Repo/eEDB011-20243/atividade 6 - WSL/airflow/airflow_env/lib/python3.10/site-packages/airflow/example_dags/plugins/workday.py for tasks to queue
[2024-09-09T21:06:27.625-0300] {logging_mixin.py:190} INFO - [2024-09-09T21:06:27.624-0300] {dagbag.py:587} INFO - Filling up the DagBag from /mnt/c/Users/teu20/Documents/Poli/Repo/eEDB011-20243/atividade 6 - WSL/airflow/airflow_env/lib/python3.10/site-packages/airflow/example_dags/plugins/workday.py
[2024-09-09T21:06:27.638-0300] {logging_mixin.py:190} INFO - [2024-09-09T21:06:27.637-0300] {workday.py:41} WARNING - Could not import pandas. Holidays will not be considered.
[2024-09-09T21:06:27.639-0300] {processor.py:927} WARNING - No viable dags retrieved from /mnt/c/Users/teu20/Documents/Poli/Repo/eEDB011-20243/atividade 6 - WSL/airflow/airflow_env/lib/python3.10/site-packages/airflow/example_dags/plugins/workday.py
[2024-09-09T21:06:27.652-0300] {processor.py:208} INFO - Processing /mnt/c/Users/teu20/Documents/Poli/Repo/eEDB011-20243/atividade 6 - WSL/airflow/airflow_env/lib/python3.10/site-packages/airflow/example_dags/plugins/workday.py took 0.038 seconds
[2024-09-09T21:06:58.046-0300] {processor.py:186} INFO - Started process (PID=268350) to work on /mnt/c/Users/teu20/Documents/Poli/Repo/eEDB011-20243/atividade 6 - WSL/airflow/airflow_env/lib/python3.10/site-packages/airflow/example_dags/plugins/workday.py
[2024-09-09T21:06:58.047-0300] {processor.py:914} INFO - Processing file /mnt/c/Users/teu20/Documents/Poli/Repo/eEDB011-20243/atividade 6 - WSL/airflow/airflow_env/lib/python3.10/site-packages/airflow/example_dags/plugins/workday.py for tasks to queue
[2024-09-09T21:06:58.049-0300] {logging_mixin.py:190} INFO - [2024-09-09T21:06:58.048-0300] {dagbag.py:587} INFO - Filling up the DagBag from /mnt/c/Users/teu20/Documents/Poli/Repo/eEDB011-20243/atividade 6 - WSL/airflow/airflow_env/lib/python3.10/site-packages/airflow/example_dags/plugins/workday.py
[2024-09-09T21:06:58.066-0300] {logging_mixin.py:190} INFO - [2024-09-09T21:06:58.066-0300] {workday.py:41} WARNING - Could not import pandas. Holidays will not be considered.
[2024-09-09T21:06:58.067-0300] {processor.py:927} WARNING - No viable dags retrieved from /mnt/c/Users/teu20/Documents/Poli/Repo/eEDB011-20243/atividade 6 - WSL/airflow/airflow_env/lib/python3.10/site-packages/airflow/example_dags/plugins/workday.py
[2024-09-09T21:06:58.079-0300] {processor.py:208} INFO - Processing /mnt/c/Users/teu20/Documents/Poli/Repo/eEDB011-20243/atividade 6 - WSL/airflow/airflow_env/lib/python3.10/site-packages/airflow/example_dags/plugins/workday.py took 0.040 seconds
[2024-09-09T21:07:28.516-0300] {processor.py:186} INFO - Started process (PID=269023) to work on /mnt/c/Users/teu20/Documents/Poli/Repo/eEDB011-20243/atividade 6 - WSL/airflow/airflow_env/lib/python3.10/site-packages/airflow/example_dags/plugins/workday.py
[2024-09-09T21:07:28.517-0300] {processor.py:914} INFO - Processing file /mnt/c/Users/teu20/Documents/Poli/Repo/eEDB011-20243/atividade 6 - WSL/airflow/airflow_env/lib/python3.10/site-packages/airflow/example_dags/plugins/workday.py for tasks to queue
[2024-09-09T21:07:28.519-0300] {logging_mixin.py:190} INFO - [2024-09-09T21:07:28.518-0300] {dagbag.py:587} INFO - Filling up the DagBag from /mnt/c/Users/teu20/Documents/Poli/Repo/eEDB011-20243/atividade 6 - WSL/airflow/airflow_env/lib/python3.10/site-packages/airflow/example_dags/plugins/workday.py
[2024-09-09T21:07:28.533-0300] {logging_mixin.py:190} INFO - [2024-09-09T21:07:28.533-0300] {workday.py:41} WARNING - Could not import pandas. Holidays will not be considered.
[2024-09-09T21:07:28.534-0300] {processor.py:927} WARNING - No viable dags retrieved from /mnt/c/Users/teu20/Documents/Poli/Repo/eEDB011-20243/atividade 6 - WSL/airflow/airflow_env/lib/python3.10/site-packages/airflow/example_dags/plugins/workday.py
[2024-09-09T21:07:28.546-0300] {processor.py:208} INFO - Processing /mnt/c/Users/teu20/Documents/Poli/Repo/eEDB011-20243/atividade 6 - WSL/airflow/airflow_env/lib/python3.10/site-packages/airflow/example_dags/plugins/workday.py took 0.038 seconds
[2024-09-09T21:07:59.105-0300] {processor.py:186} INFO - Started process (PID=269517) to work on /mnt/c/Users/teu20/Documents/Poli/Repo/eEDB011-20243/atividade 6 - WSL/airflow/airflow_env/lib/python3.10/site-packages/airflow/example_dags/plugins/workday.py
[2024-09-09T21:07:59.106-0300] {processor.py:914} INFO - Processing file /mnt/c/Users/teu20/Documents/Poli/Repo/eEDB011-20243/atividade 6 - WSL/airflow/airflow_env/lib/python3.10/site-packages/airflow/example_dags/plugins/workday.py for tasks to queue
[2024-09-09T21:07:59.108-0300] {logging_mixin.py:190} INFO - [2024-09-09T21:07:59.108-0300] {dagbag.py:587} INFO - Filling up the DagBag from /mnt/c/Users/teu20/Documents/Poli/Repo/eEDB011-20243/atividade 6 - WSL/airflow/airflow_env/lib/python3.10/site-packages/airflow/example_dags/plugins/workday.py
[2024-09-09T21:07:59.124-0300] {logging_mixin.py:190} INFO - [2024-09-09T21:07:59.124-0300] {workday.py:41} WARNING - Could not import pandas. Holidays will not be considered.
[2024-09-09T21:07:59.125-0300] {processor.py:927} WARNING - No viable dags retrieved from /mnt/c/Users/teu20/Documents/Poli/Repo/eEDB011-20243/atividade 6 - WSL/airflow/airflow_env/lib/python3.10/site-packages/airflow/example_dags/plugins/workday.py
[2024-09-09T21:07:59.138-0300] {processor.py:208} INFO - Processing /mnt/c/Users/teu20/Documents/Poli/Repo/eEDB011-20243/atividade 6 - WSL/airflow/airflow_env/lib/python3.10/site-packages/airflow/example_dags/plugins/workday.py took 0.040 seconds
