[2024-09-09T17:56:09.095-0300] {processor.py:186} INFO - Started process (PID=166018) to work on /mnt/c/Users/teu20/Documents/Poli/Repo/eEDB011-20243/atividade 6 - WSL/airflow/dags/dat_dbt_raw_model.py
[2024-09-09T17:56:09.096-0300] {processor.py:914} INFO - Processing file /mnt/c/Users/teu20/Documents/Poli/Repo/eEDB011-20243/atividade 6 - WSL/airflow/dags/dat_dbt_raw_model.py for tasks to queue
[2024-09-09T17:56:09.098-0300] {logging_mixin.py:190} INFO - [2024-09-09T17:56:09.097-0300] {dagbag.py:587} INFO - Filling up the DagBag from /mnt/c/Users/teu20/Documents/Poli/Repo/eEDB011-20243/atividade 6 - WSL/airflow/dags/dat_dbt_raw_model.py
[2024-09-09T17:56:09.118-0300] {processor.py:925} INFO - DAG(s) 'dag_save_database_raw' retrieved from /mnt/c/Users/teu20/Documents/Poli/Repo/eEDB011-20243/atividade 6 - WSL/airflow/dags/dat_dbt_raw_model.py
[2024-09-09T17:56:09.887-0300] {logging_mixin.py:190} INFO - [2024-09-09T17:56:09.886-0300] {dag.py:3229} INFO - Sync 1 DAGs
[2024-09-09T17:56:09.903-0300] {logging_mixin.py:190} INFO - [2024-09-09T17:56:09.902-0300] {dag.py:4156} INFO - Setting next_dagrun for dag_save_database_raw to 2024-08-25 08:15:00+00:00, run_after=2024-08-26 08:15:00+00:00
[2024-09-09T17:56:09.944-0300] {processor.py:208} INFO - Processing /mnt/c/Users/teu20/Documents/Poli/Repo/eEDB011-20243/atividade 6 - WSL/airflow/dags/dat_dbt_raw_model.py took 0.856 seconds
[2024-09-09T17:56:44.928-0300] {processor.py:186} INFO - Started process (PID=166208) to work on /mnt/c/Users/teu20/Documents/Poli/Repo/eEDB011-20243/atividade 6 - WSL/airflow/dags/dat_dbt_raw_model.py
[2024-09-09T17:56:44.930-0300] {processor.py:914} INFO - Processing file /mnt/c/Users/teu20/Documents/Poli/Repo/eEDB011-20243/atividade 6 - WSL/airflow/dags/dat_dbt_raw_model.py for tasks to queue
[2024-09-09T17:56:44.932-0300] {logging_mixin.py:190} INFO - [2024-09-09T17:56:44.931-0300] {dagbag.py:587} INFO - Filling up the DagBag from /mnt/c/Users/teu20/Documents/Poli/Repo/eEDB011-20243/atividade 6 - WSL/airflow/dags/dat_dbt_raw_model.py
[2024-09-09T17:56:44.946-0300] {processor.py:925} INFO - DAG(s) 'dag_save_database_raw' retrieved from /mnt/c/Users/teu20/Documents/Poli/Repo/eEDB011-20243/atividade 6 - WSL/airflow/dags/dat_dbt_raw_model.py
[2024-09-09T17:56:44.957-0300] {logging_mixin.py:190} INFO - [2024-09-09T17:56:44.956-0300] {dag.py:3229} INFO - Sync 1 DAGs
[2024-09-09T17:56:44.973-0300] {logging_mixin.py:190} INFO - [2024-09-09T17:56:44.973-0300] {dag.py:4156} INFO - Setting next_dagrun for dag_save_database_raw to 2024-08-25 08:15:00+00:00, run_after=2024-08-26 08:15:00+00:00
[2024-09-09T17:56:45.008-0300] {processor.py:208} INFO - Processing /mnt/c/Users/teu20/Documents/Poli/Repo/eEDB011-20243/atividade 6 - WSL/airflow/dags/dat_dbt_raw_model.py took 0.088 seconds
[2024-09-09T17:57:19.661-0300] {processor.py:186} INFO - Started process (PID=166377) to work on /mnt/c/Users/teu20/Documents/Poli/Repo/eEDB011-20243/atividade 6 - WSL/airflow/dags/dat_dbt_raw_model.py
[2024-09-09T17:57:19.662-0300] {processor.py:914} INFO - Processing file /mnt/c/Users/teu20/Documents/Poli/Repo/eEDB011-20243/atividade 6 - WSL/airflow/dags/dat_dbt_raw_model.py for tasks to queue
[2024-09-09T17:57:19.664-0300] {logging_mixin.py:190} INFO - [2024-09-09T17:57:19.663-0300] {dagbag.py:587} INFO - Filling up the DagBag from /mnt/c/Users/teu20/Documents/Poli/Repo/eEDB011-20243/atividade 6 - WSL/airflow/dags/dat_dbt_raw_model.py
[2024-09-09T17:57:19.677-0300] {processor.py:925} INFO - DAG(s) 'dag_save_database_raw' retrieved from /mnt/c/Users/teu20/Documents/Poli/Repo/eEDB011-20243/atividade 6 - WSL/airflow/dags/dat_dbt_raw_model.py
[2024-09-09T17:57:20.469-0300] {logging_mixin.py:190} INFO - [2024-09-09T17:57:20.468-0300] {dag.py:3229} INFO - Sync 1 DAGs
[2024-09-09T17:57:20.485-0300] {logging_mixin.py:190} INFO - [2024-09-09T17:57:20.484-0300] {dag.py:4156} INFO - Setting next_dagrun for dag_save_database_raw to 2024-08-25 08:15:00+00:00, run_after=2024-08-26 08:15:00+00:00
[2024-09-09T17:57:20.522-0300] {processor.py:208} INFO - Processing /mnt/c/Users/teu20/Documents/Poli/Repo/eEDB011-20243/atividade 6 - WSL/airflow/dags/dat_dbt_raw_model.py took 0.868 seconds
[2024-09-09T17:57:55.453-0300] {processor.py:186} INFO - Started process (PID=166550) to work on /mnt/c/Users/teu20/Documents/Poli/Repo/eEDB011-20243/atividade 6 - WSL/airflow/dags/dat_dbt_raw_model.py
[2024-09-09T17:57:55.454-0300] {processor.py:914} INFO - Processing file /mnt/c/Users/teu20/Documents/Poli/Repo/eEDB011-20243/atividade 6 - WSL/airflow/dags/dat_dbt_raw_model.py for tasks to queue
[2024-09-09T17:57:55.456-0300] {logging_mixin.py:190} INFO - [2024-09-09T17:57:55.456-0300] {dagbag.py:587} INFO - Filling up the DagBag from /mnt/c/Users/teu20/Documents/Poli/Repo/eEDB011-20243/atividade 6 - WSL/airflow/dags/dat_dbt_raw_model.py
[2024-09-09T17:57:55.484-0300] {processor.py:925} INFO - DAG(s) 'dag_save_database_raw' retrieved from /mnt/c/Users/teu20/Documents/Poli/Repo/eEDB011-20243/atividade 6 - WSL/airflow/dags/dat_dbt_raw_model.py
[2024-09-09T17:57:56.255-0300] {logging_mixin.py:190} INFO - [2024-09-09T17:57:56.254-0300] {dag.py:3229} INFO - Sync 1 DAGs
[2024-09-09T17:57:56.269-0300] {logging_mixin.py:190} INFO - [2024-09-09T17:57:56.268-0300] {dag.py:4156} INFO - Setting next_dagrun for dag_save_database_raw to 2024-08-25 08:15:00+00:00, run_after=2024-08-26 08:15:00+00:00
[2024-09-09T17:57:56.310-0300] {processor.py:208} INFO - Processing /mnt/c/Users/teu20/Documents/Poli/Repo/eEDB011-20243/atividade 6 - WSL/airflow/dags/dat_dbt_raw_model.py took 0.867 seconds
[2024-09-09T17:58:31.286-0300] {processor.py:186} INFO - Started process (PID=166725) to work on /mnt/c/Users/teu20/Documents/Poli/Repo/eEDB011-20243/atividade 6 - WSL/airflow/dags/dat_dbt_raw_model.py
[2024-09-09T17:58:31.287-0300] {processor.py:914} INFO - Processing file /mnt/c/Users/teu20/Documents/Poli/Repo/eEDB011-20243/atividade 6 - WSL/airflow/dags/dat_dbt_raw_model.py for tasks to queue
[2024-09-09T17:58:31.288-0300] {logging_mixin.py:190} INFO - [2024-09-09T17:58:31.288-0300] {dagbag.py:587} INFO - Filling up the DagBag from /mnt/c/Users/teu20/Documents/Poli/Repo/eEDB011-20243/atividade 6 - WSL/airflow/dags/dat_dbt_raw_model.py
[2024-09-09T17:58:31.310-0300] {processor.py:925} INFO - DAG(s) 'dat_dbt_raw_model' retrieved from /mnt/c/Users/teu20/Documents/Poli/Repo/eEDB011-20243/atividade 6 - WSL/airflow/dags/dat_dbt_raw_model.py
[2024-09-09T17:58:32.087-0300] {logging_mixin.py:190} INFO - [2024-09-09T17:58:32.086-0300] {override.py:1900} INFO - Created Permission View: can edit on DAG:dat_dbt_raw_model
[2024-09-09T17:58:32.112-0300] {logging_mixin.py:190} INFO - [2024-09-09T17:58:32.111-0300] {override.py:1900} INFO - Created Permission View: can read on DAG:dat_dbt_raw_model
[2024-09-09T17:58:32.135-0300] {logging_mixin.py:190} INFO - [2024-09-09T17:58:32.134-0300] {override.py:1900} INFO - Created Permission View: can delete on DAG:dat_dbt_raw_model
[2024-09-09T17:58:32.171-0300] {logging_mixin.py:190} INFO - [2024-09-09T17:58:32.170-0300] {override.py:1900} INFO - Created Permission View: can create on DAG Run:dat_dbt_raw_model
[2024-09-09T17:58:32.194-0300] {logging_mixin.py:190} INFO - [2024-09-09T17:58:32.193-0300] {override.py:1900} INFO - Created Permission View: menu access on DAG Run:dat_dbt_raw_model
[2024-09-09T17:58:32.216-0300] {logging_mixin.py:190} INFO - [2024-09-09T17:58:32.216-0300] {override.py:1900} INFO - Created Permission View: can read on DAG Run:dat_dbt_raw_model
[2024-09-09T17:58:32.239-0300] {logging_mixin.py:190} INFO - [2024-09-09T17:58:32.238-0300] {override.py:1900} INFO - Created Permission View: can delete on DAG Run:dat_dbt_raw_model
[2024-09-09T17:58:32.240-0300] {logging_mixin.py:190} INFO - [2024-09-09T17:58:32.240-0300] {dag.py:3229} INFO - Sync 1 DAGs
[2024-09-09T17:58:32.252-0300] {logging_mixin.py:190} INFO - [2024-09-09T17:58:32.251-0300] {dag.py:3252} INFO - Creating ORM DAG for dat_dbt_raw_model
[2024-09-09T17:58:32.258-0300] {logging_mixin.py:190} INFO - [2024-09-09T17:58:32.258-0300] {dag.py:4156} INFO - Setting next_dagrun for dat_dbt_raw_model to 2024-08-09 08:15:00+00:00, run_after=2024-08-10 08:15:00+00:00
[2024-09-09T17:58:32.294-0300] {processor.py:208} INFO - Processing /mnt/c/Users/teu20/Documents/Poli/Repo/eEDB011-20243/atividade 6 - WSL/airflow/dags/dat_dbt_raw_model.py took 1.015 seconds
[2024-09-09T17:59:07.503-0300] {processor.py:186} INFO - Started process (PID=166900) to work on /mnt/c/Users/teu20/Documents/Poli/Repo/eEDB011-20243/atividade 6 - WSL/airflow/dags/dat_dbt_raw_model.py
[2024-09-09T17:59:07.504-0300] {processor.py:914} INFO - Processing file /mnt/c/Users/teu20/Documents/Poli/Repo/eEDB011-20243/atividade 6 - WSL/airflow/dags/dat_dbt_raw_model.py for tasks to queue
[2024-09-09T17:59:07.505-0300] {logging_mixin.py:190} INFO - [2024-09-09T17:59:07.505-0300] {dagbag.py:587} INFO - Filling up the DagBag from /mnt/c/Users/teu20/Documents/Poli/Repo/eEDB011-20243/atividade 6 - WSL/airflow/dags/dat_dbt_raw_model.py
[2024-09-09T17:59:07.520-0300] {processor.py:925} INFO - DAG(s) 'dat_dbt_raw_model' retrieved from /mnt/c/Users/teu20/Documents/Poli/Repo/eEDB011-20243/atividade 6 - WSL/airflow/dags/dat_dbt_raw_model.py
[2024-09-09T17:59:07.536-0300] {logging_mixin.py:190} INFO - [2024-09-09T17:59:07.535-0300] {dag.py:3229} INFO - Sync 1 DAGs
[2024-09-09T17:59:07.552-0300] {logging_mixin.py:190} INFO - [2024-09-09T17:59:07.552-0300] {dag.py:4156} INFO - Setting next_dagrun for dat_dbt_raw_model to 2024-08-09 08:15:00+00:00, run_after=2024-08-10 08:15:00+00:00
[2024-09-09T17:59:07.586-0300] {processor.py:208} INFO - Processing /mnt/c/Users/teu20/Documents/Poli/Repo/eEDB011-20243/atividade 6 - WSL/airflow/dags/dat_dbt_raw_model.py took 0.091 seconds
[2024-09-09T17:59:43.452-0300] {processor.py:186} INFO - Started process (PID=167075) to work on /mnt/c/Users/teu20/Documents/Poli/Repo/eEDB011-20243/atividade 6 - WSL/airflow/dags/dat_dbt_raw_model.py
[2024-09-09T17:59:43.453-0300] {processor.py:914} INFO - Processing file /mnt/c/Users/teu20/Documents/Poli/Repo/eEDB011-20243/atividade 6 - WSL/airflow/dags/dat_dbt_raw_model.py for tasks to queue
[2024-09-09T17:59:43.455-0300] {logging_mixin.py:190} INFO - [2024-09-09T17:59:43.455-0300] {dagbag.py:587} INFO - Filling up the DagBag from /mnt/c/Users/teu20/Documents/Poli/Repo/eEDB011-20243/atividade 6 - WSL/airflow/dags/dat_dbt_raw_model.py
[2024-09-09T17:59:43.471-0300] {processor.py:925} INFO - DAG(s) 'dat_dbt_raw_model' retrieved from /mnt/c/Users/teu20/Documents/Poli/Repo/eEDB011-20243/atividade 6 - WSL/airflow/dags/dat_dbt_raw_model.py
[2024-09-09T17:59:43.491-0300] {logging_mixin.py:190} INFO - [2024-09-09T17:59:43.490-0300] {dag.py:3229} INFO - Sync 1 DAGs
[2024-09-09T17:59:43.507-0300] {logging_mixin.py:190} INFO - [2024-09-09T17:59:43.506-0300] {dag.py:4156} INFO - Setting next_dagrun for dat_dbt_raw_model to 2024-08-09 08:15:00+00:00, run_after=2024-08-10 08:15:00+00:00
[2024-09-09T17:59:43.543-0300] {processor.py:208} INFO - Processing /mnt/c/Users/teu20/Documents/Poli/Repo/eEDB011-20243/atividade 6 - WSL/airflow/dags/dat_dbt_raw_model.py took 0.098 seconds
[2024-09-09T18:00:18.510-0300] {processor.py:186} INFO - Started process (PID=167247) to work on /mnt/c/Users/teu20/Documents/Poli/Repo/eEDB011-20243/atividade 6 - WSL/airflow/dags/dat_dbt_raw_model.py
[2024-09-09T18:00:18.511-0300] {processor.py:914} INFO - Processing file /mnt/c/Users/teu20/Documents/Poli/Repo/eEDB011-20243/atividade 6 - WSL/airflow/dags/dat_dbt_raw_model.py for tasks to queue
[2024-09-09T18:00:18.513-0300] {logging_mixin.py:190} INFO - [2024-09-09T18:00:18.512-0300] {dagbag.py:587} INFO - Filling up the DagBag from /mnt/c/Users/teu20/Documents/Poli/Repo/eEDB011-20243/atividade 6 - WSL/airflow/dags/dat_dbt_raw_model.py
[2024-09-09T18:00:18.527-0300] {processor.py:925} INFO - DAG(s) 'dat_dbt_raw_model' retrieved from /mnt/c/Users/teu20/Documents/Poli/Repo/eEDB011-20243/atividade 6 - WSL/airflow/dags/dat_dbt_raw_model.py
[2024-09-09T18:00:18.545-0300] {logging_mixin.py:190} INFO - [2024-09-09T18:00:18.544-0300] {dag.py:3229} INFO - Sync 1 DAGs
[2024-09-09T18:00:18.560-0300] {logging_mixin.py:190} INFO - [2024-09-09T18:00:18.559-0300] {dag.py:4156} INFO - Setting next_dagrun for dat_dbt_raw_model to 2024-08-09 08:15:00+00:00, run_after=2024-08-10 08:15:00+00:00
[2024-09-09T18:00:18.595-0300] {processor.py:208} INFO - Processing /mnt/c/Users/teu20/Documents/Poli/Repo/eEDB011-20243/atividade 6 - WSL/airflow/dags/dat_dbt_raw_model.py took 0.092 seconds
[2024-09-09T18:00:52.454-0300] {processor.py:186} INFO - Started process (PID=167419) to work on /mnt/c/Users/teu20/Documents/Poli/Repo/eEDB011-20243/atividade 6 - WSL/airflow/dags/dat_dbt_raw_model.py
[2024-09-09T18:00:52.456-0300] {processor.py:914} INFO - Processing file /mnt/c/Users/teu20/Documents/Poli/Repo/eEDB011-20243/atividade 6 - WSL/airflow/dags/dat_dbt_raw_model.py for tasks to queue
[2024-09-09T18:00:52.458-0300] {logging_mixin.py:190} INFO - [2024-09-09T18:00:52.457-0300] {dagbag.py:587} INFO - Filling up the DagBag from /mnt/c/Users/teu20/Documents/Poli/Repo/eEDB011-20243/atividade 6 - WSL/airflow/dags/dat_dbt_raw_model.py
[2024-09-09T18:00:52.476-0300] {processor.py:925} INFO - DAG(s) 'dat_dbt_raw_model' retrieved from /mnt/c/Users/teu20/Documents/Poli/Repo/eEDB011-20243/atividade 6 - WSL/airflow/dags/dat_dbt_raw_model.py
[2024-09-09T18:00:52.495-0300] {logging_mixin.py:190} INFO - [2024-09-09T18:00:52.495-0300] {dag.py:3229} INFO - Sync 1 DAGs
[2024-09-09T18:00:52.512-0300] {logging_mixin.py:190} INFO - [2024-09-09T18:00:52.511-0300] {dag.py:4156} INFO - Setting next_dagrun for dat_dbt_raw_model to 2024-08-09 08:15:00+00:00, run_after=2024-08-10 08:15:00+00:00
[2024-09-09T18:00:52.551-0300] {processor.py:208} INFO - Processing /mnt/c/Users/teu20/Documents/Poli/Repo/eEDB011-20243/atividade 6 - WSL/airflow/dags/dat_dbt_raw_model.py took 0.107 seconds
[2024-09-09T18:01:30.286-0300] {processor.py:186} INFO - Started process (PID=167604) to work on /mnt/c/Users/teu20/Documents/Poli/Repo/eEDB011-20243/atividade 6 - WSL/airflow/dags/dat_dbt_raw_model.py
[2024-09-09T18:01:30.288-0300] {processor.py:914} INFO - Processing file /mnt/c/Users/teu20/Documents/Poli/Repo/eEDB011-20243/atividade 6 - WSL/airflow/dags/dat_dbt_raw_model.py for tasks to queue
[2024-09-09T18:01:30.290-0300] {logging_mixin.py:190} INFO - [2024-09-09T18:01:30.289-0300] {dagbag.py:587} INFO - Filling up the DagBag from /mnt/c/Users/teu20/Documents/Poli/Repo/eEDB011-20243/atividade 6 - WSL/airflow/dags/dat_dbt_raw_model.py
[2024-09-09T18:01:30.305-0300] {processor.py:925} INFO - DAG(s) 'dat_dbt_raw_model' retrieved from /mnt/c/Users/teu20/Documents/Poli/Repo/eEDB011-20243/atividade 6 - WSL/airflow/dags/dat_dbt_raw_model.py
[2024-09-09T18:01:30.315-0300] {logging_mixin.py:190} INFO - [2024-09-09T18:01:30.315-0300] {dag.py:3229} INFO - Sync 1 DAGs
[2024-09-09T18:01:30.330-0300] {logging_mixin.py:190} INFO - [2024-09-09T18:01:30.329-0300] {dag.py:4156} INFO - Setting next_dagrun for dat_dbt_raw_model to 2024-08-09 08:15:00+00:00, run_after=2024-08-10 08:15:00+00:00
[2024-09-09T18:01:30.363-0300] {processor.py:208} INFO - Processing /mnt/c/Users/teu20/Documents/Poli/Repo/eEDB011-20243/atividade 6 - WSL/airflow/dags/dat_dbt_raw_model.py took 0.085 seconds
[2024-09-09T18:02:11.635-0300] {processor.py:186} INFO - Started process (PID=167824) to work on /mnt/c/Users/teu20/Documents/Poli/Repo/eEDB011-20243/atividade 6 - WSL/airflow/dags/dat_dbt_raw_model.py
[2024-09-09T18:02:11.637-0300] {processor.py:914} INFO - Processing file /mnt/c/Users/teu20/Documents/Poli/Repo/eEDB011-20243/atividade 6 - WSL/airflow/dags/dat_dbt_raw_model.py for tasks to queue
[2024-09-09T18:02:11.639-0300] {logging_mixin.py:190} INFO - [2024-09-09T18:02:11.638-0300] {dagbag.py:587} INFO - Filling up the DagBag from /mnt/c/Users/teu20/Documents/Poli/Repo/eEDB011-20243/atividade 6 - WSL/airflow/dags/dat_dbt_raw_model.py
[2024-09-09T18:02:11.655-0300] {processor.py:925} INFO - DAG(s) 'dat_dbt_raw_model' retrieved from /mnt/c/Users/teu20/Documents/Poli/Repo/eEDB011-20243/atividade 6 - WSL/airflow/dags/dat_dbt_raw_model.py
[2024-09-09T18:02:11.667-0300] {logging_mixin.py:190} INFO - [2024-09-09T18:02:11.666-0300] {dag.py:3229} INFO - Sync 1 DAGs
[2024-09-09T18:02:11.683-0300] {logging_mixin.py:190} INFO - [2024-09-09T18:02:11.682-0300] {dag.py:4156} INFO - Setting next_dagrun for dat_dbt_raw_model to 2024-08-09 08:15:00+00:00, run_after=2024-08-10 08:15:00+00:00
[2024-09-09T18:02:11.716-0300] {processor.py:208} INFO - Processing /mnt/c/Users/teu20/Documents/Poli/Repo/eEDB011-20243/atividade 6 - WSL/airflow/dags/dat_dbt_raw_model.py took 0.089 seconds
[2024-09-09T18:02:49.020-0300] {processor.py:186} INFO - Started process (PID=168012) to work on /mnt/c/Users/teu20/Documents/Poli/Repo/eEDB011-20243/atividade 6 - WSL/airflow/dags/dat_dbt_raw_model.py
[2024-09-09T18:02:49.021-0300] {processor.py:914} INFO - Processing file /mnt/c/Users/teu20/Documents/Poli/Repo/eEDB011-20243/atividade 6 - WSL/airflow/dags/dat_dbt_raw_model.py for tasks to queue
[2024-09-09T18:02:49.024-0300] {logging_mixin.py:190} INFO - [2024-09-09T18:02:49.023-0300] {dagbag.py:587} INFO - Filling up the DagBag from /mnt/c/Users/teu20/Documents/Poli/Repo/eEDB011-20243/atividade 6 - WSL/airflow/dags/dat_dbt_raw_model.py
[2024-09-09T18:02:49.038-0300] {processor.py:925} INFO - DAG(s) 'dat_dbt_raw_model' retrieved from /mnt/c/Users/teu20/Documents/Poli/Repo/eEDB011-20243/atividade 6 - WSL/airflow/dags/dat_dbt_raw_model.py
[2024-09-09T18:02:49.049-0300] {logging_mixin.py:190} INFO - [2024-09-09T18:02:49.048-0300] {dag.py:3229} INFO - Sync 1 DAGs
[2024-09-09T18:02:49.066-0300] {logging_mixin.py:190} INFO - [2024-09-09T18:02:49.065-0300] {dag.py:4156} INFO - Setting next_dagrun for dat_dbt_raw_model to 2024-08-09 08:15:00+00:00, run_after=2024-08-10 08:15:00+00:00
[2024-09-09T18:02:49.103-0300] {processor.py:208} INFO - Processing /mnt/c/Users/teu20/Documents/Poli/Repo/eEDB011-20243/atividade 6 - WSL/airflow/dags/dat_dbt_raw_model.py took 0.091 seconds
[2024-09-09T18:05:04.280-0300] {processor.py:186} INFO - Started process (PID=168633) to work on /mnt/c/Users/teu20/Documents/Poli/Repo/eEDB011-20243/atividade 6 - WSL/airflow/dags/dat_dbt_raw_model.py
[2024-09-09T18:05:04.281-0300] {processor.py:914} INFO - Processing file /mnt/c/Users/teu20/Documents/Poli/Repo/eEDB011-20243/atividade 6 - WSL/airflow/dags/dat_dbt_raw_model.py for tasks to queue
[2024-09-09T18:05:04.283-0300] {logging_mixin.py:190} INFO - [2024-09-09T18:05:04.282-0300] {dagbag.py:587} INFO - Filling up the DagBag from /mnt/c/Users/teu20/Documents/Poli/Repo/eEDB011-20243/atividade 6 - WSL/airflow/dags/dat_dbt_raw_model.py
[2024-09-09T18:05:04.297-0300] {processor.py:925} INFO - DAG(s) 'dat_dbt_raw_model' retrieved from /mnt/c/Users/teu20/Documents/Poli/Repo/eEDB011-20243/atividade 6 - WSL/airflow/dags/dat_dbt_raw_model.py
[2024-09-09T18:05:04.307-0300] {logging_mixin.py:190} INFO - [2024-09-09T18:05:04.306-0300] {dag.py:3229} INFO - Sync 1 DAGs
[2024-09-09T18:05:04.323-0300] {logging_mixin.py:190} INFO - [2024-09-09T18:05:04.322-0300] {dag.py:4156} INFO - Setting next_dagrun for dat_dbt_raw_model to 2024-08-15 08:15:00+00:00, run_after=2024-08-16 08:15:00+00:00
[2024-09-09T18:05:04.360-0300] {processor.py:208} INFO - Processing /mnt/c/Users/teu20/Documents/Poli/Repo/eEDB011-20243/atividade 6 - WSL/airflow/dags/dat_dbt_raw_model.py took 0.088 seconds
[2024-09-09T18:07:39.107-0300] {processor.py:186} INFO - Started process (PID=169356) to work on /mnt/c/Users/teu20/Documents/Poli/Repo/eEDB011-20243/atividade 6 - WSL/airflow/dags/dat_dbt_raw_model.py
[2024-09-09T18:07:39.109-0300] {processor.py:914} INFO - Processing file /mnt/c/Users/teu20/Documents/Poli/Repo/eEDB011-20243/atividade 6 - WSL/airflow/dags/dat_dbt_raw_model.py for tasks to queue
[2024-09-09T18:07:39.111-0300] {logging_mixin.py:190} INFO - [2024-09-09T18:07:39.110-0300] {dagbag.py:587} INFO - Filling up the DagBag from /mnt/c/Users/teu20/Documents/Poli/Repo/eEDB011-20243/atividade 6 - WSL/airflow/dags/dat_dbt_raw_model.py
[2024-09-09T18:07:39.127-0300] {processor.py:925} INFO - DAG(s) 'dat_dbt_raw_model' retrieved from /mnt/c/Users/teu20/Documents/Poli/Repo/eEDB011-20243/atividade 6 - WSL/airflow/dags/dat_dbt_raw_model.py
[2024-09-09T18:07:39.915-0300] {logging_mixin.py:190} INFO - [2024-09-09T18:07:39.914-0300] {dag.py:3229} INFO - Sync 1 DAGs
[2024-09-09T18:07:39.929-0300] {logging_mixin.py:190} INFO - [2024-09-09T18:07:39.928-0300] {dag.py:4156} INFO - Setting next_dagrun for dat_dbt_raw_model to 2024-08-21 08:15:00+00:00, run_after=2024-08-22 08:15:00+00:00
[2024-09-09T18:07:39.966-0300] {processor.py:208} INFO - Processing /mnt/c/Users/teu20/Documents/Poli/Repo/eEDB011-20243/atividade 6 - WSL/airflow/dags/dat_dbt_raw_model.py took 0.867 seconds
[2024-09-09T18:08:18.772-0300] {processor.py:186} INFO - Started process (PID=169896) to work on /mnt/c/Users/teu20/Documents/Poli/Repo/eEDB011-20243/atividade 6 - WSL/airflow/dags/dat_dbt_raw_model.py
[2024-09-09T18:08:18.773-0300] {processor.py:914} INFO - Processing file /mnt/c/Users/teu20/Documents/Poli/Repo/eEDB011-20243/atividade 6 - WSL/airflow/dags/dat_dbt_raw_model.py for tasks to queue
[2024-09-09T18:08:18.775-0300] {logging_mixin.py:190} INFO - [2024-09-09T18:08:18.774-0300] {dagbag.py:587} INFO - Filling up the DagBag from /mnt/c/Users/teu20/Documents/Poli/Repo/eEDB011-20243/atividade 6 - WSL/airflow/dags/dat_dbt_raw_model.py
[2024-09-09T18:08:18.789-0300] {processor.py:925} INFO - DAG(s) 'dat_dbt_raw_model' retrieved from /mnt/c/Users/teu20/Documents/Poli/Repo/eEDB011-20243/atividade 6 - WSL/airflow/dags/dat_dbt_raw_model.py
[2024-09-09T18:08:18.805-0300] {logging_mixin.py:190} INFO - [2024-09-09T18:08:18.805-0300] {dag.py:3229} INFO - Sync 1 DAGs
[2024-09-09T18:08:18.821-0300] {logging_mixin.py:190} INFO - [2024-09-09T18:08:18.820-0300] {dag.py:4156} INFO - Setting next_dagrun for dat_dbt_raw_model to 2024-08-21 08:15:00+00:00, run_after=2024-08-22 08:15:00+00:00
[2024-09-09T18:08:18.855-0300] {processor.py:208} INFO - Processing /mnt/c/Users/teu20/Documents/Poli/Repo/eEDB011-20243/atividade 6 - WSL/airflow/dags/dat_dbt_raw_model.py took 0.090 seconds
[2024-09-09T18:08:56.689-0300] {processor.py:186} INFO - Started process (PID=170081) to work on /mnt/c/Users/teu20/Documents/Poli/Repo/eEDB011-20243/atividade 6 - WSL/airflow/dags/dat_dbt_raw_model.py
[2024-09-09T18:08:56.691-0300] {processor.py:914} INFO - Processing file /mnt/c/Users/teu20/Documents/Poli/Repo/eEDB011-20243/atividade 6 - WSL/airflow/dags/dat_dbt_raw_model.py for tasks to queue
[2024-09-09T18:08:56.692-0300] {logging_mixin.py:190} INFO - [2024-09-09T18:08:56.692-0300] {dagbag.py:587} INFO - Filling up the DagBag from /mnt/c/Users/teu20/Documents/Poli/Repo/eEDB011-20243/atividade 6 - WSL/airflow/dags/dat_dbt_raw_model.py
[2024-09-09T18:08:56.706-0300] {processor.py:925} INFO - DAG(s) 'dat_dbt_raw_model' retrieved from /mnt/c/Users/teu20/Documents/Poli/Repo/eEDB011-20243/atividade 6 - WSL/airflow/dags/dat_dbt_raw_model.py
[2024-09-09T18:08:56.723-0300] {logging_mixin.py:190} INFO - [2024-09-09T18:08:56.723-0300] {dag.py:3229} INFO - Sync 1 DAGs
[2024-09-09T18:08:56.740-0300] {logging_mixin.py:190} INFO - [2024-09-09T18:08:56.739-0300] {dag.py:4156} INFO - Setting next_dagrun for dat_dbt_raw_model to 2024-08-21 08:15:00+00:00, run_after=2024-08-22 08:15:00+00:00
[2024-09-09T18:08:56.772-0300] {processor.py:208} INFO - Processing /mnt/c/Users/teu20/Documents/Poli/Repo/eEDB011-20243/atividade 6 - WSL/airflow/dags/dat_dbt_raw_model.py took 0.090 seconds
[2024-09-09T18:09:30.678-0300] {processor.py:186} INFO - Started process (PID=170248) to work on /mnt/c/Users/teu20/Documents/Poli/Repo/eEDB011-20243/atividade 6 - WSL/airflow/dags/dat_dbt_raw_model.py
[2024-09-09T18:09:30.679-0300] {processor.py:914} INFO - Processing file /mnt/c/Users/teu20/Documents/Poli/Repo/eEDB011-20243/atividade 6 - WSL/airflow/dags/dat_dbt_raw_model.py for tasks to queue
[2024-09-09T18:09:30.681-0300] {logging_mixin.py:190} INFO - [2024-09-09T18:09:30.680-0300] {dagbag.py:587} INFO - Filling up the DagBag from /mnt/c/Users/teu20/Documents/Poli/Repo/eEDB011-20243/atividade 6 - WSL/airflow/dags/dat_dbt_raw_model.py
[2024-09-09T18:09:30.704-0300] {processor.py:925} INFO - DAG(s) 'dat_dbt_raw_model' retrieved from /mnt/c/Users/teu20/Documents/Poli/Repo/eEDB011-20243/atividade 6 - WSL/airflow/dags/dat_dbt_raw_model.py
[2024-09-09T18:09:31.517-0300] {logging_mixin.py:190} INFO - [2024-09-09T18:09:31.517-0300] {dag.py:3229} INFO - Sync 1 DAGs
[2024-09-09T18:09:31.532-0300] {logging_mixin.py:190} INFO - [2024-09-09T18:09:31.531-0300] {dag.py:4156} INFO - Setting next_dagrun for dat_dbt_raw_model to 2024-08-21 08:15:00+00:00, run_after=2024-08-22 08:15:00+00:00
[2024-09-09T18:09:31.569-0300] {processor.py:208} INFO - Processing /mnt/c/Users/teu20/Documents/Poli/Repo/eEDB011-20243/atividade 6 - WSL/airflow/dags/dat_dbt_raw_model.py took 0.899 seconds
[2024-09-09T18:10:11.959-0300] {processor.py:186} INFO - Started process (PID=170449) to work on /mnt/c/Users/teu20/Documents/Poli/Repo/eEDB011-20243/atividade 6 - WSL/airflow/dags/dat_dbt_raw_model.py
[2024-09-09T18:10:11.960-0300] {processor.py:914} INFO - Processing file /mnt/c/Users/teu20/Documents/Poli/Repo/eEDB011-20243/atividade 6 - WSL/airflow/dags/dat_dbt_raw_model.py for tasks to queue
[2024-09-09T18:10:11.962-0300] {logging_mixin.py:190} INFO - [2024-09-09T18:10:11.961-0300] {dagbag.py:587} INFO - Filling up the DagBag from /mnt/c/Users/teu20/Documents/Poli/Repo/eEDB011-20243/atividade 6 - WSL/airflow/dags/dat_dbt_raw_model.py
[2024-09-09T18:10:11.977-0300] {processor.py:925} INFO - DAG(s) 'dat_dbt_raw_model' retrieved from /mnt/c/Users/teu20/Documents/Poli/Repo/eEDB011-20243/atividade 6 - WSL/airflow/dags/dat_dbt_raw_model.py
[2024-09-09T18:10:11.993-0300] {logging_mixin.py:190} INFO - [2024-09-09T18:10:11.992-0300] {dag.py:3229} INFO - Sync 1 DAGs
[2024-09-09T18:10:12.007-0300] {logging_mixin.py:190} INFO - [2024-09-09T18:10:12.007-0300] {dag.py:4156} INFO - Setting next_dagrun for dat_dbt_raw_model to 2024-08-21 08:15:00+00:00, run_after=2024-08-22 08:15:00+00:00
[2024-09-09T18:10:12.037-0300] {processor.py:208} INFO - Processing /mnt/c/Users/teu20/Documents/Poli/Repo/eEDB011-20243/atividade 6 - WSL/airflow/dags/dat_dbt_raw_model.py took 0.086 seconds
[2024-09-09T18:10:51.073-0300] {processor.py:186} INFO - Started process (PID=170670) to work on /mnt/c/Users/teu20/Documents/Poli/Repo/eEDB011-20243/atividade 6 - WSL/airflow/dags/dat_dbt_raw_model.py
[2024-09-09T18:10:51.074-0300] {processor.py:914} INFO - Processing file /mnt/c/Users/teu20/Documents/Poli/Repo/eEDB011-20243/atividade 6 - WSL/airflow/dags/dat_dbt_raw_model.py for tasks to queue
[2024-09-09T18:10:51.077-0300] {logging_mixin.py:190} INFO - [2024-09-09T18:10:51.076-0300] {dagbag.py:587} INFO - Filling up the DagBag from /mnt/c/Users/teu20/Documents/Poli/Repo/eEDB011-20243/atividade 6 - WSL/airflow/dags/dat_dbt_raw_model.py
[2024-09-09T18:10:51.103-0300] {processor.py:925} INFO - DAG(s) 'dat_dbt_raw_model' retrieved from /mnt/c/Users/teu20/Documents/Poli/Repo/eEDB011-20243/atividade 6 - WSL/airflow/dags/dat_dbt_raw_model.py
[2024-09-09T18:10:51.122-0300] {logging_mixin.py:190} INFO - [2024-09-09T18:10:51.121-0300] {dag.py:3229} INFO - Sync 1 DAGs
[2024-09-09T18:10:51.141-0300] {logging_mixin.py:190} INFO - [2024-09-09T18:10:51.140-0300] {dag.py:4156} INFO - Setting next_dagrun for dat_dbt_raw_model to 2024-08-21 08:15:00+00:00, run_after=2024-08-22 08:15:00+00:00
[2024-09-09T18:10:51.181-0300] {processor.py:208} INFO - Processing /mnt/c/Users/teu20/Documents/Poli/Repo/eEDB011-20243/atividade 6 - WSL/airflow/dags/dat_dbt_raw_model.py took 0.118 seconds
[2024-09-09T18:14:47.526-0300] {processor.py:186} INFO - Started process (PID=171733) to work on /mnt/c/Users/teu20/Documents/Poli/Repo/eEDB011-20243/atividade 6 - WSL/airflow/dags/dat_dbt_raw_model.py
[2024-09-09T18:14:47.527-0300] {processor.py:914} INFO - Processing file /mnt/c/Users/teu20/Documents/Poli/Repo/eEDB011-20243/atividade 6 - WSL/airflow/dags/dat_dbt_raw_model.py for tasks to queue
[2024-09-09T18:14:47.529-0300] {logging_mixin.py:190} INFO - [2024-09-09T18:14:47.529-0300] {dagbag.py:587} INFO - Filling up the DagBag from /mnt/c/Users/teu20/Documents/Poli/Repo/eEDB011-20243/atividade 6 - WSL/airflow/dags/dat_dbt_raw_model.py
[2024-09-09T18:14:47.544-0300] {processor.py:925} INFO - DAG(s) 'dat_dbt_raw_model' retrieved from /mnt/c/Users/teu20/Documents/Poli/Repo/eEDB011-20243/atividade 6 - WSL/airflow/dags/dat_dbt_raw_model.py
[2024-09-09T18:14:47.561-0300] {logging_mixin.py:190} INFO - [2024-09-09T18:14:47.561-0300] {dag.py:3229} INFO - Sync 1 DAGs
[2024-09-09T18:14:47.576-0300] {logging_mixin.py:190} INFO - [2024-09-09T18:14:47.575-0300] {dag.py:4156} INFO - Setting next_dagrun for dat_dbt_raw_model to 2024-09-03 08:15:00+00:00, run_after=2024-09-04 08:15:00+00:00
[2024-09-09T18:14:47.611-0300] {processor.py:208} INFO - Processing /mnt/c/Users/teu20/Documents/Poli/Repo/eEDB011-20243/atividade 6 - WSL/airflow/dags/dat_dbt_raw_model.py took 0.093 seconds
[2024-09-09T18:15:42.522-0300] {processor.py:186} INFO - Started process (PID=172082) to work on /mnt/c/Users/teu20/Documents/Poli/Repo/eEDB011-20243/atividade 6 - WSL/airflow/dags/dat_dbt_raw_model.py
[2024-09-09T18:15:42.523-0300] {processor.py:914} INFO - Processing file /mnt/c/Users/teu20/Documents/Poli/Repo/eEDB011-20243/atividade 6 - WSL/airflow/dags/dat_dbt_raw_model.py for tasks to queue
[2024-09-09T18:15:42.525-0300] {logging_mixin.py:190} INFO - [2024-09-09T18:15:42.524-0300] {dagbag.py:587} INFO - Filling up the DagBag from /mnt/c/Users/teu20/Documents/Poli/Repo/eEDB011-20243/atividade 6 - WSL/airflow/dags/dat_dbt_raw_model.py
[2024-09-09T18:15:42.540-0300] {processor.py:925} INFO - DAG(s) 'dat_dbt_raw_model' retrieved from /mnt/c/Users/teu20/Documents/Poli/Repo/eEDB011-20243/atividade 6 - WSL/airflow/dags/dat_dbt_raw_model.py
[2024-09-09T18:15:42.557-0300] {logging_mixin.py:190} INFO - [2024-09-09T18:15:42.556-0300] {dag.py:3229} INFO - Sync 1 DAGs
[2024-09-09T18:15:42.572-0300] {logging_mixin.py:190} INFO - [2024-09-09T18:15:42.571-0300] {dag.py:4156} INFO - Setting next_dagrun for dat_dbt_raw_model to 2024-09-03 08:15:00+00:00, run_after=2024-09-04 08:15:00+00:00
[2024-09-09T18:15:42.602-0300] {processor.py:208} INFO - Processing /mnt/c/Users/teu20/Documents/Poli/Repo/eEDB011-20243/atividade 6 - WSL/airflow/dags/dat_dbt_raw_model.py took 0.088 seconds
[2024-09-09T18:16:17.685-0300] {processor.py:186} INFO - Started process (PID=172335) to work on /mnt/c/Users/teu20/Documents/Poli/Repo/eEDB011-20243/atividade 6 - WSL/airflow/dags/dat_dbt_raw_model.py
[2024-09-09T18:16:17.687-0300] {processor.py:914} INFO - Processing file /mnt/c/Users/teu20/Documents/Poli/Repo/eEDB011-20243/atividade 6 - WSL/airflow/dags/dat_dbt_raw_model.py for tasks to queue
[2024-09-09T18:16:17.689-0300] {logging_mixin.py:190} INFO - [2024-09-09T18:16:17.688-0300] {dagbag.py:587} INFO - Filling up the DagBag from /mnt/c/Users/teu20/Documents/Poli/Repo/eEDB011-20243/atividade 6 - WSL/airflow/dags/dat_dbt_raw_model.py
[2024-09-09T18:16:17.712-0300] {processor.py:925} INFO - DAG(s) 'dat_dbt_raw_model' retrieved from /mnt/c/Users/teu20/Documents/Poli/Repo/eEDB011-20243/atividade 6 - WSL/airflow/dags/dat_dbt_raw_model.py
[2024-09-09T18:16:17.729-0300] {logging_mixin.py:190} INFO - [2024-09-09T18:16:17.729-0300] {dag.py:3229} INFO - Sync 1 DAGs
[2024-09-09T18:16:17.746-0300] {logging_mixin.py:190} INFO - [2024-09-09T18:16:17.745-0300] {dag.py:4156} INFO - Setting next_dagrun for dat_dbt_raw_model to 2024-09-03 08:15:00+00:00, run_after=2024-09-04 08:15:00+00:00
[2024-09-09T18:16:17.784-0300] {processor.py:208} INFO - Processing /mnt/c/Users/teu20/Documents/Poli/Repo/eEDB011-20243/atividade 6 - WSL/airflow/dags/dat_dbt_raw_model.py took 0.107 seconds
[2024-09-09T18:16:58.032-0300] {processor.py:186} INFO - Started process (PID=172881) to work on /mnt/c/Users/teu20/Documents/Poli/Repo/eEDB011-20243/atividade 6 - WSL/airflow/dags/dat_dbt_raw_model.py
[2024-09-09T18:16:58.034-0300] {processor.py:914} INFO - Processing file /mnt/c/Users/teu20/Documents/Poli/Repo/eEDB011-20243/atividade 6 - WSL/airflow/dags/dat_dbt_raw_model.py for tasks to queue
[2024-09-09T18:16:58.035-0300] {logging_mixin.py:190} INFO - [2024-09-09T18:16:58.035-0300] {dagbag.py:587} INFO - Filling up the DagBag from /mnt/c/Users/teu20/Documents/Poli/Repo/eEDB011-20243/atividade 6 - WSL/airflow/dags/dat_dbt_raw_model.py
[2024-09-09T18:16:58.051-0300] {processor.py:925} INFO - DAG(s) 'dat_dbt_raw_model' retrieved from /mnt/c/Users/teu20/Documents/Poli/Repo/eEDB011-20243/atividade 6 - WSL/airflow/dags/dat_dbt_raw_model.py
[2024-09-09T18:16:58.070-0300] {logging_mixin.py:190} INFO - [2024-09-09T18:16:58.069-0300] {dag.py:3229} INFO - Sync 1 DAGs
[2024-09-09T18:16:58.086-0300] {logging_mixin.py:190} INFO - [2024-09-09T18:16:58.085-0300] {dag.py:4156} INFO - Setting next_dagrun for dat_dbt_raw_model to 2024-09-03 08:15:00+00:00, run_after=2024-09-04 08:15:00+00:00
[2024-09-09T18:16:58.122-0300] {processor.py:208} INFO - Processing /mnt/c/Users/teu20/Documents/Poli/Repo/eEDB011-20243/atividade 6 - WSL/airflow/dags/dat_dbt_raw_model.py took 0.098 seconds
[2024-09-09T18:18:46.033-0300] {processor.py:186} INFO - Started process (PID=173382) to work on /mnt/c/Users/teu20/Documents/Poli/Repo/eEDB011-20243/atividade 6 - WSL/airflow/dags/dat_dbt_raw_model.py
[2024-09-09T18:18:46.034-0300] {processor.py:914} INFO - Processing file /mnt/c/Users/teu20/Documents/Poli/Repo/eEDB011-20243/atividade 6 - WSL/airflow/dags/dat_dbt_raw_model.py for tasks to queue
[2024-09-09T18:18:46.036-0300] {logging_mixin.py:190} INFO - [2024-09-09T18:18:46.035-0300] {dagbag.py:587} INFO - Filling up the DagBag from /mnt/c/Users/teu20/Documents/Poli/Repo/eEDB011-20243/atividade 6 - WSL/airflow/dags/dat_dbt_raw_model.py
[2024-09-09T18:18:46.050-0300] {processor.py:925} INFO - DAG(s) 'dat_dbt_raw_model' retrieved from /mnt/c/Users/teu20/Documents/Poli/Repo/eEDB011-20243/atividade 6 - WSL/airflow/dags/dat_dbt_raw_model.py
[2024-09-09T18:18:46.065-0300] {logging_mixin.py:190} INFO - [2024-09-09T18:18:46.064-0300] {dag.py:3229} INFO - Sync 1 DAGs
[2024-09-09T18:18:46.080-0300] {logging_mixin.py:190} INFO - [2024-09-09T18:18:46.079-0300] {dag.py:4156} INFO - Setting next_dagrun for dat_dbt_raw_model to 2024-09-07 08:15:00+00:00, run_after=2024-09-08 08:15:00+00:00
[2024-09-09T18:18:46.112-0300] {processor.py:208} INFO - Processing /mnt/c/Users/teu20/Documents/Poli/Repo/eEDB011-20243/atividade 6 - WSL/airflow/dags/dat_dbt_raw_model.py took 0.086 seconds
[2024-09-09T18:19:48.161-0300] {processor.py:186} INFO - Started process (PID=173746) to work on /mnt/c/Users/teu20/Documents/Poli/Repo/eEDB011-20243/atividade 6 - WSL/airflow/dags/dat_dbt_raw_model.py
[2024-09-09T18:19:48.162-0300] {processor.py:914} INFO - Processing file /mnt/c/Users/teu20/Documents/Poli/Repo/eEDB011-20243/atividade 6 - WSL/airflow/dags/dat_dbt_raw_model.py for tasks to queue
[2024-09-09T18:19:48.164-0300] {logging_mixin.py:190} INFO - [2024-09-09T18:19:48.163-0300] {dagbag.py:587} INFO - Filling up the DagBag from /mnt/c/Users/teu20/Documents/Poli/Repo/eEDB011-20243/atividade 6 - WSL/airflow/dags/dat_dbt_raw_model.py
[2024-09-09T18:19:48.184-0300] {processor.py:925} INFO - DAG(s) 'dat_dbt_raw_model' retrieved from /mnt/c/Users/teu20/Documents/Poli/Repo/eEDB011-20243/atividade 6 - WSL/airflow/dags/dat_dbt_raw_model.py
[2024-09-09T18:19:48.200-0300] {logging_mixin.py:190} INFO - [2024-09-09T18:19:48.199-0300] {dag.py:3229} INFO - Sync 1 DAGs
[2024-09-09T18:19:48.215-0300] {logging_mixin.py:190} INFO - [2024-09-09T18:19:48.214-0300] {dag.py:4156} INFO - Setting next_dagrun for dat_dbt_raw_model to 2024-09-07 08:15:00+00:00, run_after=2024-09-08 08:15:00+00:00
[2024-09-09T18:19:48.249-0300] {processor.py:208} INFO - Processing /mnt/c/Users/teu20/Documents/Poli/Repo/eEDB011-20243/atividade 6 - WSL/airflow/dags/dat_dbt_raw_model.py took 0.095 seconds
[2024-09-09T18:20:25.689-0300] {processor.py:186} INFO - Started process (PID=174159) to work on /mnt/c/Users/teu20/Documents/Poli/Repo/eEDB011-20243/atividade 6 - WSL/airflow/dags/dat_dbt_raw_model.py
[2024-09-09T18:20:25.690-0300] {processor.py:914} INFO - Processing file /mnt/c/Users/teu20/Documents/Poli/Repo/eEDB011-20243/atividade 6 - WSL/airflow/dags/dat_dbt_raw_model.py for tasks to queue
[2024-09-09T18:20:25.692-0300] {logging_mixin.py:190} INFO - [2024-09-09T18:20:25.691-0300] {dagbag.py:587} INFO - Filling up the DagBag from /mnt/c/Users/teu20/Documents/Poli/Repo/eEDB011-20243/atividade 6 - WSL/airflow/dags/dat_dbt_raw_model.py
[2024-09-09T18:20:25.707-0300] {processor.py:925} INFO - DAG(s) 'dat_dbt_raw_model' retrieved from /mnt/c/Users/teu20/Documents/Poli/Repo/eEDB011-20243/atividade 6 - WSL/airflow/dags/dat_dbt_raw_model.py
[2024-09-09T18:20:25.725-0300] {logging_mixin.py:190} INFO - [2024-09-09T18:20:25.724-0300] {dag.py:3229} INFO - Sync 1 DAGs
[2024-09-09T18:20:25.741-0300] {logging_mixin.py:190} INFO - [2024-09-09T18:20:25.741-0300] {dag.py:4156} INFO - Setting next_dagrun for dat_dbt_raw_model to 2024-09-07 08:15:00+00:00, run_after=2024-09-08 08:15:00+00:00
[2024-09-09T18:20:25.777-0300] {processor.py:208} INFO - Processing /mnt/c/Users/teu20/Documents/Poli/Repo/eEDB011-20243/atividade 6 - WSL/airflow/dags/dat_dbt_raw_model.py took 0.097 seconds
[2024-09-09T18:21:04.623-0300] {processor.py:186} INFO - Started process (PID=174351) to work on /mnt/c/Users/teu20/Documents/Poli/Repo/eEDB011-20243/atividade 6 - WSL/airflow/dags/dat_dbt_raw_model.py
[2024-09-09T18:21:04.624-0300] {processor.py:914} INFO - Processing file /mnt/c/Users/teu20/Documents/Poli/Repo/eEDB011-20243/atividade 6 - WSL/airflow/dags/dat_dbt_raw_model.py for tasks to queue
[2024-09-09T18:21:04.627-0300] {logging_mixin.py:190} INFO - [2024-09-09T18:21:04.626-0300] {dagbag.py:587} INFO - Filling up the DagBag from /mnt/c/Users/teu20/Documents/Poli/Repo/eEDB011-20243/atividade 6 - WSL/airflow/dags/dat_dbt_raw_model.py
[2024-09-09T18:21:04.653-0300] {processor.py:925} INFO - DAG(s) 'dat_dbt_raw_model' retrieved from /mnt/c/Users/teu20/Documents/Poli/Repo/eEDB011-20243/atividade 6 - WSL/airflow/dags/dat_dbt_raw_model.py
[2024-09-09T18:21:05.515-0300] {logging_mixin.py:190} INFO - [2024-09-09T18:21:05.514-0300] {dag.py:3229} INFO - Sync 1 DAGs
[2024-09-09T18:21:05.531-0300] {logging_mixin.py:190} INFO - [2024-09-09T18:21:05.530-0300] {dag.py:4156} INFO - Setting next_dagrun for dat_dbt_raw_model to 2024-09-07 08:15:00+00:00, run_after=2024-09-08 08:15:00+00:00
[2024-09-09T18:21:05.569-0300] {processor.py:208} INFO - Processing /mnt/c/Users/teu20/Documents/Poli/Repo/eEDB011-20243/atividade 6 - WSL/airflow/dags/dat_dbt_raw_model.py took 0.955 seconds
[2024-09-09T18:22:29.986-0300] {processor.py:186} INFO - Started process (PID=174744) to work on /mnt/c/Users/teu20/Documents/Poli/Repo/eEDB011-20243/atividade 6 - WSL/airflow/dags/dat_dbt_raw_model.py
[2024-09-09T18:22:29.987-0300] {processor.py:914} INFO - Processing file /mnt/c/Users/teu20/Documents/Poli/Repo/eEDB011-20243/atividade 6 - WSL/airflow/dags/dat_dbt_raw_model.py for tasks to queue
[2024-09-09T18:22:29.989-0300] {logging_mixin.py:190} INFO - [2024-09-09T18:22:29.988-0300] {dagbag.py:587} INFO - Filling up the DagBag from /mnt/c/Users/teu20/Documents/Poli/Repo/eEDB011-20243/atividade 6 - WSL/airflow/dags/dat_dbt_raw_model.py
[2024-09-09T18:22:30.003-0300] {processor.py:925} INFO - DAG(s) 'dat_dbt_raw_model' retrieved from /mnt/c/Users/teu20/Documents/Poli/Repo/eEDB011-20243/atividade 6 - WSL/airflow/dags/dat_dbt_raw_model.py
[2024-09-09T18:22:30.019-0300] {logging_mixin.py:190} INFO - [2024-09-09T18:22:30.018-0300] {dag.py:3229} INFO - Sync 1 DAGs
[2024-09-09T18:22:30.034-0300] {logging_mixin.py:190} INFO - [2024-09-09T18:22:30.033-0300] {dag.py:4156} INFO - Setting next_dagrun for dat_dbt_raw_model to 2024-09-09 08:15:00+00:00, run_after=2024-09-10 08:15:00+00:00
[2024-09-09T18:22:30.068-0300] {processor.py:208} INFO - Processing /mnt/c/Users/teu20/Documents/Poli/Repo/eEDB011-20243/atividade 6 - WSL/airflow/dags/dat_dbt_raw_model.py took 0.090 seconds
[2024-09-09T18:23:27.577-0300] {processor.py:186} INFO - Started process (PID=175023) to work on /mnt/c/Users/teu20/Documents/Poli/Repo/eEDB011-20243/atividade 6 - WSL/airflow/dags/dat_dbt_raw_model.py
[2024-09-09T18:23:27.578-0300] {processor.py:914} INFO - Processing file /mnt/c/Users/teu20/Documents/Poli/Repo/eEDB011-20243/atividade 6 - WSL/airflow/dags/dat_dbt_raw_model.py for tasks to queue
[2024-09-09T18:23:27.579-0300] {logging_mixin.py:190} INFO - [2024-09-09T18:23:27.579-0300] {dagbag.py:587} INFO - Filling up the DagBag from /mnt/c/Users/teu20/Documents/Poli/Repo/eEDB011-20243/atividade 6 - WSL/airflow/dags/dat_dbt_raw_model.py
[2024-09-09T18:23:27.593-0300] {processor.py:925} INFO - DAG(s) 'dat_dbt_raw_model' retrieved from /mnt/c/Users/teu20/Documents/Poli/Repo/eEDB011-20243/atividade 6 - WSL/airflow/dags/dat_dbt_raw_model.py
[2024-09-09T18:23:27.609-0300] {logging_mixin.py:190} INFO - [2024-09-09T18:23:27.608-0300] {dag.py:3229} INFO - Sync 1 DAGs
[2024-09-09T18:23:27.623-0300] {logging_mixin.py:190} INFO - [2024-09-09T18:23:27.622-0300] {dag.py:4156} INFO - Setting next_dagrun for dat_dbt_raw_model to 2024-09-09 08:15:00+00:00, run_after=2024-09-10 08:15:00+00:00
[2024-09-09T18:23:27.654-0300] {processor.py:208} INFO - Processing /mnt/c/Users/teu20/Documents/Poli/Repo/eEDB011-20243/atividade 6 - WSL/airflow/dags/dat_dbt_raw_model.py took 0.084 seconds
[2024-09-09T18:24:08.031-0300] {processor.py:186} INFO - Started process (PID=175236) to work on /mnt/c/Users/teu20/Documents/Poli/Repo/eEDB011-20243/atividade 6 - WSL/airflow/dags/dat_dbt_raw_model.py
[2024-09-09T18:24:08.032-0300] {processor.py:914} INFO - Processing file /mnt/c/Users/teu20/Documents/Poli/Repo/eEDB011-20243/atividade 6 - WSL/airflow/dags/dat_dbt_raw_model.py for tasks to queue
[2024-09-09T18:24:08.034-0300] {logging_mixin.py:190} INFO - [2024-09-09T18:24:08.033-0300] {dagbag.py:587} INFO - Filling up the DagBag from /mnt/c/Users/teu20/Documents/Poli/Repo/eEDB011-20243/atividade 6 - WSL/airflow/dags/dat_dbt_raw_model.py
[2024-09-09T18:24:08.046-0300] {processor.py:925} INFO - DAG(s) 'dat_dbt_raw_model' retrieved from /mnt/c/Users/teu20/Documents/Poli/Repo/eEDB011-20243/atividade 6 - WSL/airflow/dags/dat_dbt_raw_model.py
[2024-09-09T18:24:08.061-0300] {logging_mixin.py:190} INFO - [2024-09-09T18:24:08.061-0300] {dag.py:3229} INFO - Sync 1 DAGs
[2024-09-09T18:24:08.075-0300] {logging_mixin.py:190} INFO - [2024-09-09T18:24:08.075-0300] {dag.py:4156} INFO - Setting next_dagrun for dat_dbt_raw_model to 2024-09-09 08:15:00+00:00, run_after=2024-09-10 08:15:00+00:00
[2024-09-09T18:24:08.105-0300] {processor.py:208} INFO - Processing /mnt/c/Users/teu20/Documents/Poli/Repo/eEDB011-20243/atividade 6 - WSL/airflow/dags/dat_dbt_raw_model.py took 0.081 seconds
[2024-09-09T18:24:45.321-0300] {processor.py:186} INFO - Started process (PID=175425) to work on /mnt/c/Users/teu20/Documents/Poli/Repo/eEDB011-20243/atividade 6 - WSL/airflow/dags/dat_dbt_raw_model.py
[2024-09-09T18:24:45.322-0300] {processor.py:914} INFO - Processing file /mnt/c/Users/teu20/Documents/Poli/Repo/eEDB011-20243/atividade 6 - WSL/airflow/dags/dat_dbt_raw_model.py for tasks to queue
[2024-09-09T18:24:45.324-0300] {logging_mixin.py:190} INFO - [2024-09-09T18:24:45.323-0300] {dagbag.py:587} INFO - Filling up the DagBag from /mnt/c/Users/teu20/Documents/Poli/Repo/eEDB011-20243/atividade 6 - WSL/airflow/dags/dat_dbt_raw_model.py
[2024-09-09T18:24:45.337-0300] {processor.py:925} INFO - DAG(s) 'dat_dbt_raw_model' retrieved from /mnt/c/Users/teu20/Documents/Poli/Repo/eEDB011-20243/atividade 6 - WSL/airflow/dags/dat_dbt_raw_model.py
[2024-09-09T18:24:45.353-0300] {logging_mixin.py:190} INFO - [2024-09-09T18:24:45.352-0300] {dag.py:3229} INFO - Sync 1 DAGs
[2024-09-09T18:24:45.367-0300] {logging_mixin.py:190} INFO - [2024-09-09T18:24:45.366-0300] {dag.py:4156} INFO - Setting next_dagrun for dat_dbt_raw_model to 2024-09-09 08:15:00+00:00, run_after=2024-09-10 08:15:00+00:00
[2024-09-09T18:24:45.400-0300] {processor.py:208} INFO - Processing /mnt/c/Users/teu20/Documents/Poli/Repo/eEDB011-20243/atividade 6 - WSL/airflow/dags/dat_dbt_raw_model.py took 0.087 seconds
[2024-09-09T18:25:22.115-0300] {processor.py:186} INFO - Started process (PID=175609) to work on /mnt/c/Users/teu20/Documents/Poli/Repo/eEDB011-20243/atividade 6 - WSL/airflow/dags/dat_dbt_raw_model.py
[2024-09-09T18:25:22.117-0300] {processor.py:914} INFO - Processing file /mnt/c/Users/teu20/Documents/Poli/Repo/eEDB011-20243/atividade 6 - WSL/airflow/dags/dat_dbt_raw_model.py for tasks to queue
[2024-09-09T18:25:22.119-0300] {logging_mixin.py:190} INFO - [2024-09-09T18:25:22.118-0300] {dagbag.py:587} INFO - Filling up the DagBag from /mnt/c/Users/teu20/Documents/Poli/Repo/eEDB011-20243/atividade 6 - WSL/airflow/dags/dat_dbt_raw_model.py
[2024-09-09T18:25:22.133-0300] {processor.py:925} INFO - DAG(s) 'dat_dbt_raw_model' retrieved from /mnt/c/Users/teu20/Documents/Poli/Repo/eEDB011-20243/atividade 6 - WSL/airflow/dags/dat_dbt_raw_model.py
[2024-09-09T18:25:22.151-0300] {logging_mixin.py:190} INFO - [2024-09-09T18:25:22.150-0300] {dag.py:3229} INFO - Sync 1 DAGs
[2024-09-09T18:25:22.166-0300] {logging_mixin.py:190} INFO - [2024-09-09T18:25:22.166-0300] {dag.py:4156} INFO - Setting next_dagrun for dat_dbt_raw_model to 2024-09-09 08:15:00+00:00, run_after=2024-09-10 08:15:00+00:00
[2024-09-09T18:25:22.199-0300] {processor.py:208} INFO - Processing /mnt/c/Users/teu20/Documents/Poli/Repo/eEDB011-20243/atividade 6 - WSL/airflow/dags/dat_dbt_raw_model.py took 0.092 seconds
[2024-09-09T18:26:00.331-0300] {processor.py:186} INFO - Started process (PID=175794) to work on /mnt/c/Users/teu20/Documents/Poli/Repo/eEDB011-20243/atividade 6 - WSL/airflow/dags/dat_dbt_raw_model.py
[2024-09-09T18:26:00.333-0300] {processor.py:914} INFO - Processing file /mnt/c/Users/teu20/Documents/Poli/Repo/eEDB011-20243/atividade 6 - WSL/airflow/dags/dat_dbt_raw_model.py for tasks to queue
[2024-09-09T18:26:00.334-0300] {logging_mixin.py:190} INFO - [2024-09-09T18:26:00.334-0300] {dagbag.py:587} INFO - Filling up the DagBag from /mnt/c/Users/teu20/Documents/Poli/Repo/eEDB011-20243/atividade 6 - WSL/airflow/dags/dat_dbt_raw_model.py
[2024-09-09T18:26:00.349-0300] {processor.py:925} INFO - DAG(s) 'dat_dbt_raw_model' retrieved from /mnt/c/Users/teu20/Documents/Poli/Repo/eEDB011-20243/atividade 6 - WSL/airflow/dags/dat_dbt_raw_model.py
[2024-09-09T18:26:00.365-0300] {logging_mixin.py:190} INFO - [2024-09-09T18:26:00.365-0300] {dag.py:3229} INFO - Sync 1 DAGs
[2024-09-09T18:26:00.380-0300] {logging_mixin.py:190} INFO - [2024-09-09T18:26:00.380-0300] {dag.py:4156} INFO - Setting next_dagrun for dat_dbt_raw_model to 2024-09-09 08:15:00+00:00, run_after=2024-09-10 08:15:00+00:00
[2024-09-09T18:26:00.414-0300] {processor.py:208} INFO - Processing /mnt/c/Users/teu20/Documents/Poli/Repo/eEDB011-20243/atividade 6 - WSL/airflow/dags/dat_dbt_raw_model.py took 0.090 seconds
[2024-09-09T18:26:39.498-0300] {processor.py:186} INFO - Started process (PID=175986) to work on /mnt/c/Users/teu20/Documents/Poli/Repo/eEDB011-20243/atividade 6 - WSL/airflow/dags/dat_dbt_raw_model.py
[2024-09-09T18:26:39.499-0300] {processor.py:914} INFO - Processing file /mnt/c/Users/teu20/Documents/Poli/Repo/eEDB011-20243/atividade 6 - WSL/airflow/dags/dat_dbt_raw_model.py for tasks to queue
[2024-09-09T18:26:39.502-0300] {logging_mixin.py:190} INFO - [2024-09-09T18:26:39.501-0300] {dagbag.py:587} INFO - Filling up the DagBag from /mnt/c/Users/teu20/Documents/Poli/Repo/eEDB011-20243/atividade 6 - WSL/airflow/dags/dat_dbt_raw_model.py
[2024-09-09T18:26:39.519-0300] {processor.py:925} INFO - DAG(s) 'dat_dbt_raw_model' retrieved from /mnt/c/Users/teu20/Documents/Poli/Repo/eEDB011-20243/atividade 6 - WSL/airflow/dags/dat_dbt_raw_model.py
[2024-09-09T18:26:39.543-0300] {logging_mixin.py:190} INFO - [2024-09-09T18:26:39.542-0300] {dag.py:3229} INFO - Sync 1 DAGs
[2024-09-09T18:26:39.563-0300] {logging_mixin.py:190} INFO - [2024-09-09T18:26:39.562-0300] {dag.py:4156} INFO - Setting next_dagrun for dat_dbt_raw_model to 2024-09-09 08:15:00+00:00, run_after=2024-09-10 08:15:00+00:00
[2024-09-09T18:26:39.607-0300] {processor.py:208} INFO - Processing /mnt/c/Users/teu20/Documents/Poli/Repo/eEDB011-20243/atividade 6 - WSL/airflow/dags/dat_dbt_raw_model.py took 0.118 seconds
[2024-09-09T18:27:17.504-0300] {processor.py:186} INFO - Started process (PID=176172) to work on /mnt/c/Users/teu20/Documents/Poli/Repo/eEDB011-20243/atividade 6 - WSL/airflow/dags/dat_dbt_raw_model.py
[2024-09-09T18:27:17.505-0300] {processor.py:914} INFO - Processing file /mnt/c/Users/teu20/Documents/Poli/Repo/eEDB011-20243/atividade 6 - WSL/airflow/dags/dat_dbt_raw_model.py for tasks to queue
[2024-09-09T18:27:17.507-0300] {logging_mixin.py:190} INFO - [2024-09-09T18:27:17.506-0300] {dagbag.py:587} INFO - Filling up the DagBag from /mnt/c/Users/teu20/Documents/Poli/Repo/eEDB011-20243/atividade 6 - WSL/airflow/dags/dat_dbt_raw_model.py
[2024-09-09T18:27:17.520-0300] {processor.py:925} INFO - DAG(s) 'dat_dbt_raw_model' retrieved from /mnt/c/Users/teu20/Documents/Poli/Repo/eEDB011-20243/atividade 6 - WSL/airflow/dags/dat_dbt_raw_model.py
[2024-09-09T18:27:17.535-0300] {logging_mixin.py:190} INFO - [2024-09-09T18:27:17.535-0300] {dag.py:3229} INFO - Sync 1 DAGs
[2024-09-09T18:27:17.550-0300] {logging_mixin.py:190} INFO - [2024-09-09T18:27:17.549-0300] {dag.py:4156} INFO - Setting next_dagrun for dat_dbt_raw_model to 2024-09-09 08:15:00+00:00, run_after=2024-09-10 08:15:00+00:00
[2024-09-09T18:27:17.582-0300] {processor.py:208} INFO - Processing /mnt/c/Users/teu20/Documents/Poli/Repo/eEDB011-20243/atividade 6 - WSL/airflow/dags/dat_dbt_raw_model.py took 0.085 seconds
[2024-09-09T18:27:55.197-0300] {processor.py:186} INFO - Started process (PID=176355) to work on /mnt/c/Users/teu20/Documents/Poli/Repo/eEDB011-20243/atividade 6 - WSL/airflow/dags/dat_dbt_raw_model.py
[2024-09-09T18:27:55.198-0300] {processor.py:914} INFO - Processing file /mnt/c/Users/teu20/Documents/Poli/Repo/eEDB011-20243/atividade 6 - WSL/airflow/dags/dat_dbt_raw_model.py for tasks to queue
[2024-09-09T18:27:55.200-0300] {logging_mixin.py:190} INFO - [2024-09-09T18:27:55.199-0300] {dagbag.py:587} INFO - Filling up the DagBag from /mnt/c/Users/teu20/Documents/Poli/Repo/eEDB011-20243/atividade 6 - WSL/airflow/dags/dat_dbt_raw_model.py
[2024-09-09T18:27:55.214-0300] {processor.py:925} INFO - DAG(s) 'dat_dbt_raw_model' retrieved from /mnt/c/Users/teu20/Documents/Poli/Repo/eEDB011-20243/atividade 6 - WSL/airflow/dags/dat_dbt_raw_model.py
[2024-09-09T18:27:55.231-0300] {logging_mixin.py:190} INFO - [2024-09-09T18:27:55.230-0300] {dag.py:3229} INFO - Sync 1 DAGs
[2024-09-09T18:27:55.246-0300] {logging_mixin.py:190} INFO - [2024-09-09T18:27:55.245-0300] {dag.py:4156} INFO - Setting next_dagrun for dat_dbt_raw_model to 2024-09-09 08:15:00+00:00, run_after=2024-09-10 08:15:00+00:00
[2024-09-09T18:27:55.280-0300] {processor.py:208} INFO - Processing /mnt/c/Users/teu20/Documents/Poli/Repo/eEDB011-20243/atividade 6 - WSL/airflow/dags/dat_dbt_raw_model.py took 0.092 seconds
[2024-09-09T18:28:34.246-0300] {processor.py:186} INFO - Started process (PID=176620) to work on /mnt/c/Users/teu20/Documents/Poli/Repo/eEDB011-20243/atividade 6 - WSL/airflow/dags/dat_dbt_raw_model.py
[2024-09-09T18:28:34.247-0300] {processor.py:914} INFO - Processing file /mnt/c/Users/teu20/Documents/Poli/Repo/eEDB011-20243/atividade 6 - WSL/airflow/dags/dat_dbt_raw_model.py for tasks to queue
[2024-09-09T18:28:34.249-0300] {logging_mixin.py:190} INFO - [2024-09-09T18:28:34.248-0300] {dagbag.py:587} INFO - Filling up the DagBag from /mnt/c/Users/teu20/Documents/Poli/Repo/eEDB011-20243/atividade 6 - WSL/airflow/dags/dat_dbt_raw_model.py
[2024-09-09T18:28:34.262-0300] {processor.py:925} INFO - DAG(s) 'dat_dbt_raw_model' retrieved from /mnt/c/Users/teu20/Documents/Poli/Repo/eEDB011-20243/atividade 6 - WSL/airflow/dags/dat_dbt_raw_model.py
[2024-09-09T18:28:34.277-0300] {logging_mixin.py:190} INFO - [2024-09-09T18:28:34.276-0300] {dag.py:3229} INFO - Sync 1 DAGs
[2024-09-09T18:28:34.291-0300] {logging_mixin.py:190} INFO - [2024-09-09T18:28:34.290-0300] {dag.py:4156} INFO - Setting next_dagrun for dat_dbt_raw_model to 2024-09-09 08:15:00+00:00, run_after=2024-09-10 08:15:00+00:00
[2024-09-09T18:28:34.322-0300] {processor.py:208} INFO - Processing /mnt/c/Users/teu20/Documents/Poli/Repo/eEDB011-20243/atividade 6 - WSL/airflow/dags/dat_dbt_raw_model.py took 0.084 seconds
[2024-09-09T18:29:11.908-0300] {processor.py:186} INFO - Started process (PID=176805) to work on /mnt/c/Users/teu20/Documents/Poli/Repo/eEDB011-20243/atividade 6 - WSL/airflow/dags/dat_dbt_raw_model.py
[2024-09-09T18:29:11.909-0300] {processor.py:914} INFO - Processing file /mnt/c/Users/teu20/Documents/Poli/Repo/eEDB011-20243/atividade 6 - WSL/airflow/dags/dat_dbt_raw_model.py for tasks to queue
[2024-09-09T18:29:11.911-0300] {logging_mixin.py:190} INFO - [2024-09-09T18:29:11.911-0300] {dagbag.py:587} INFO - Filling up the DagBag from /mnt/c/Users/teu20/Documents/Poli/Repo/eEDB011-20243/atividade 6 - WSL/airflow/dags/dat_dbt_raw_model.py
[2024-09-09T18:29:11.926-0300] {processor.py:925} INFO - DAG(s) 'dat_dbt_raw_model' retrieved from /mnt/c/Users/teu20/Documents/Poli/Repo/eEDB011-20243/atividade 6 - WSL/airflow/dags/dat_dbt_raw_model.py
[2024-09-09T18:29:11.942-0300] {logging_mixin.py:190} INFO - [2024-09-09T18:29:11.941-0300] {dag.py:3229} INFO - Sync 1 DAGs
[2024-09-09T18:29:11.956-0300] {logging_mixin.py:190} INFO - [2024-09-09T18:29:11.955-0300] {dag.py:4156} INFO - Setting next_dagrun for dat_dbt_raw_model to 2024-09-09 08:15:00+00:00, run_after=2024-09-10 08:15:00+00:00
[2024-09-09T18:29:11.987-0300] {processor.py:208} INFO - Processing /mnt/c/Users/teu20/Documents/Poli/Repo/eEDB011-20243/atividade 6 - WSL/airflow/dags/dat_dbt_raw_model.py took 0.087 seconds
[2024-09-09T18:29:49.503-0300] {processor.py:186} INFO - Started process (PID=177010) to work on /mnt/c/Users/teu20/Documents/Poli/Repo/eEDB011-20243/atividade 6 - WSL/airflow/dags/dat_dbt_raw_model.py
[2024-09-09T18:29:49.504-0300] {processor.py:914} INFO - Processing file /mnt/c/Users/teu20/Documents/Poli/Repo/eEDB011-20243/atividade 6 - WSL/airflow/dags/dat_dbt_raw_model.py for tasks to queue
[2024-09-09T18:29:49.506-0300] {logging_mixin.py:190} INFO - [2024-09-09T18:29:49.505-0300] {dagbag.py:587} INFO - Filling up the DagBag from /mnt/c/Users/teu20/Documents/Poli/Repo/eEDB011-20243/atividade 6 - WSL/airflow/dags/dat_dbt_raw_model.py
[2024-09-09T18:29:49.519-0300] {processor.py:925} INFO - DAG(s) 'dat_dbt_raw_model' retrieved from /mnt/c/Users/teu20/Documents/Poli/Repo/eEDB011-20243/atividade 6 - WSL/airflow/dags/dat_dbt_raw_model.py
[2024-09-09T18:29:49.534-0300] {logging_mixin.py:190} INFO - [2024-09-09T18:29:49.533-0300] {dag.py:3229} INFO - Sync 1 DAGs
[2024-09-09T18:29:49.548-0300] {logging_mixin.py:190} INFO - [2024-09-09T18:29:49.548-0300] {dag.py:4156} INFO - Setting next_dagrun for dat_dbt_raw_model to 2024-09-09 08:15:00+00:00, run_after=2024-09-10 08:15:00+00:00
[2024-09-09T18:29:49.579-0300] {processor.py:208} INFO - Processing /mnt/c/Users/teu20/Documents/Poli/Repo/eEDB011-20243/atividade 6 - WSL/airflow/dags/dat_dbt_raw_model.py took 0.084 seconds
[2024-09-09T18:30:24.197-0300] {processor.py:186} INFO - Started process (PID=177745) to work on /mnt/c/Users/teu20/Documents/Poli/Repo/eEDB011-20243/atividade 6 - WSL/airflow/dags/dat_dbt_raw_model.py
[2024-09-09T18:30:24.198-0300] {processor.py:914} INFO - Processing file /mnt/c/Users/teu20/Documents/Poli/Repo/eEDB011-20243/atividade 6 - WSL/airflow/dags/dat_dbt_raw_model.py for tasks to queue
[2024-09-09T18:30:24.199-0300] {logging_mixin.py:190} INFO - [2024-09-09T18:30:24.198-0300] {dagbag.py:587} INFO - Filling up the DagBag from /mnt/c/Users/teu20/Documents/Poli/Repo/eEDB011-20243/atividade 6 - WSL/airflow/dags/dat_dbt_raw_model.py
[2024-09-09T18:30:24.211-0300] {processor.py:925} INFO - DAG(s) 'dat_dbt_raw_model' retrieved from /mnt/c/Users/teu20/Documents/Poli/Repo/eEDB011-20243/atividade 6 - WSL/airflow/dags/dat_dbt_raw_model.py
[2024-09-09T18:30:24.227-0300] {logging_mixin.py:190} INFO - [2024-09-09T18:30:24.226-0300] {dag.py:3229} INFO - Sync 1 DAGs
[2024-09-09T18:30:24.240-0300] {logging_mixin.py:190} INFO - [2024-09-09T18:30:24.240-0300] {dag.py:4156} INFO - Setting next_dagrun for dat_dbt_raw_model to 2024-09-09 08:15:00+00:00, run_after=2024-09-10 08:15:00+00:00
[2024-09-09T18:30:24.273-0300] {processor.py:208} INFO - Processing /mnt/c/Users/teu20/Documents/Poli/Repo/eEDB011-20243/atividade 6 - WSL/airflow/dags/dat_dbt_raw_model.py took 0.083 seconds
[2024-09-09T18:30:58.855-0300] {processor.py:186} INFO - Started process (PID=178052) to work on /mnt/c/Users/teu20/Documents/Poli/Repo/eEDB011-20243/atividade 6 - WSL/airflow/dags/dat_dbt_raw_model.py
[2024-09-09T18:30:58.856-0300] {processor.py:914} INFO - Processing file /mnt/c/Users/teu20/Documents/Poli/Repo/eEDB011-20243/atividade 6 - WSL/airflow/dags/dat_dbt_raw_model.py for tasks to queue
[2024-09-09T18:30:58.858-0300] {logging_mixin.py:190} INFO - [2024-09-09T18:30:58.858-0300] {dagbag.py:587} INFO - Filling up the DagBag from /mnt/c/Users/teu20/Documents/Poli/Repo/eEDB011-20243/atividade 6 - WSL/airflow/dags/dat_dbt_raw_model.py
[2024-09-09T18:30:58.871-0300] {processor.py:925} INFO - DAG(s) 'dat_dbt_raw_model' retrieved from /mnt/c/Users/teu20/Documents/Poli/Repo/eEDB011-20243/atividade 6 - WSL/airflow/dags/dat_dbt_raw_model.py
[2024-09-09T18:30:58.887-0300] {logging_mixin.py:190} INFO - [2024-09-09T18:30:58.886-0300] {dag.py:3229} INFO - Sync 1 DAGs
[2024-09-09T18:30:58.902-0300] {logging_mixin.py:190} INFO - [2024-09-09T18:30:58.901-0300] {dag.py:4156} INFO - Setting next_dagrun for dat_dbt_raw_model to 2024-09-09 08:15:00+00:00, run_after=2024-09-10 08:15:00+00:00
[2024-09-09T18:30:58.937-0300] {processor.py:208} INFO - Processing /mnt/c/Users/teu20/Documents/Poli/Repo/eEDB011-20243/atividade 6 - WSL/airflow/dags/dat_dbt_raw_model.py took 0.089 seconds
[2024-09-09T18:31:33.866-0300] {processor.py:186} INFO - Started process (PID=178257) to work on /mnt/c/Users/teu20/Documents/Poli/Repo/eEDB011-20243/atividade 6 - WSL/airflow/dags/dat_dbt_raw_model.py
[2024-09-09T18:31:33.867-0300] {processor.py:914} INFO - Processing file /mnt/c/Users/teu20/Documents/Poli/Repo/eEDB011-20243/atividade 6 - WSL/airflow/dags/dat_dbt_raw_model.py for tasks to queue
[2024-09-09T18:31:33.869-0300] {logging_mixin.py:190} INFO - [2024-09-09T18:31:33.868-0300] {dagbag.py:587} INFO - Filling up the DagBag from /mnt/c/Users/teu20/Documents/Poli/Repo/eEDB011-20243/atividade 6 - WSL/airflow/dags/dat_dbt_raw_model.py
[2024-09-09T18:31:33.882-0300] {processor.py:925} INFO - DAG(s) 'dat_dbt_raw_model' retrieved from /mnt/c/Users/teu20/Documents/Poli/Repo/eEDB011-20243/atividade 6 - WSL/airflow/dags/dat_dbt_raw_model.py
[2024-09-09T18:31:33.898-0300] {logging_mixin.py:190} INFO - [2024-09-09T18:31:33.897-0300] {dag.py:3229} INFO - Sync 1 DAGs
[2024-09-09T18:31:33.911-0300] {logging_mixin.py:190} INFO - [2024-09-09T18:31:33.911-0300] {dag.py:4156} INFO - Setting next_dagrun for dat_dbt_raw_model to 2024-09-09 08:15:00+00:00, run_after=2024-09-10 08:15:00+00:00
[2024-09-09T18:31:33.942-0300] {processor.py:208} INFO - Processing /mnt/c/Users/teu20/Documents/Poli/Repo/eEDB011-20243/atividade 6 - WSL/airflow/dags/dat_dbt_raw_model.py took 0.083 seconds
[2024-09-09T18:32:10.580-0300] {processor.py:186} INFO - Started process (PID=178435) to work on /mnt/c/Users/teu20/Documents/Poli/Repo/eEDB011-20243/atividade 6 - WSL/airflow/dags/dat_dbt_raw_model.py
[2024-09-09T18:32:10.581-0300] {processor.py:914} INFO - Processing file /mnt/c/Users/teu20/Documents/Poli/Repo/eEDB011-20243/atividade 6 - WSL/airflow/dags/dat_dbt_raw_model.py for tasks to queue
[2024-09-09T18:32:10.583-0300] {logging_mixin.py:190} INFO - [2024-09-09T18:32:10.582-0300] {dagbag.py:587} INFO - Filling up the DagBag from /mnt/c/Users/teu20/Documents/Poli/Repo/eEDB011-20243/atividade 6 - WSL/airflow/dags/dat_dbt_raw_model.py
[2024-09-09T18:32:10.605-0300] {processor.py:925} INFO - DAG(s) 'simple_dbt_dag' retrieved from /mnt/c/Users/teu20/Documents/Poli/Repo/eEDB011-20243/atividade 6 - WSL/airflow/dags/dat_dbt_raw_model.py
[2024-09-09T18:32:11.540-0300] {logging_mixin.py:190} INFO - [2024-09-09T18:32:11.539-0300] {override.py:1900} INFO - Created Permission View: can edit on DAG:simple_dbt_dag
[2024-09-09T18:32:11.563-0300] {logging_mixin.py:190} INFO - [2024-09-09T18:32:11.562-0300] {override.py:1900} INFO - Created Permission View: can read on DAG:simple_dbt_dag
[2024-09-09T18:32:11.584-0300] {logging_mixin.py:190} INFO - [2024-09-09T18:32:11.584-0300] {override.py:1900} INFO - Created Permission View: can delete on DAG:simple_dbt_dag
[2024-09-09T18:32:11.619-0300] {logging_mixin.py:190} INFO - [2024-09-09T18:32:11.618-0300] {override.py:1900} INFO - Created Permission View: can create on DAG Run:simple_dbt_dag
[2024-09-09T18:32:11.643-0300] {logging_mixin.py:190} INFO - [2024-09-09T18:32:11.642-0300] {override.py:1900} INFO - Created Permission View: menu access on DAG Run:simple_dbt_dag
[2024-09-09T18:32:11.666-0300] {logging_mixin.py:190} INFO - [2024-09-09T18:32:11.665-0300] {override.py:1900} INFO - Created Permission View: can read on DAG Run:simple_dbt_dag
[2024-09-09T18:32:11.690-0300] {logging_mixin.py:190} INFO - [2024-09-09T18:32:11.689-0300] {override.py:1900} INFO - Created Permission View: can delete on DAG Run:simple_dbt_dag
[2024-09-09T18:32:11.691-0300] {logging_mixin.py:190} INFO - [2024-09-09T18:32:11.691-0300] {dag.py:3229} INFO - Sync 1 DAGs
[2024-09-09T18:32:11.703-0300] {logging_mixin.py:190} INFO - [2024-09-09T18:32:11.702-0300] {dag.py:3252} INFO - Creating ORM DAG for simple_dbt_dag
[2024-09-09T18:32:11.710-0300] {logging_mixin.py:190} INFO - [2024-09-09T18:32:11.710-0300] {dag.py:4156} INFO - Setting next_dagrun for simple_dbt_dag to 2024-09-08 00:00:00+00:00, run_after=2024-09-09 00:00:00+00:00
[2024-09-09T18:32:11.747-0300] {processor.py:208} INFO - Processing /mnt/c/Users/teu20/Documents/Poli/Repo/eEDB011-20243/atividade 6 - WSL/airflow/dags/dat_dbt_raw_model.py took 1.174 seconds
[2024-09-09T18:32:49.712-0300] {processor.py:186} INFO - Started process (PID=178626) to work on /mnt/c/Users/teu20/Documents/Poli/Repo/eEDB011-20243/atividade 6 - WSL/airflow/dags/dat_dbt_raw_model.py
[2024-09-09T18:32:49.714-0300] {processor.py:914} INFO - Processing file /mnt/c/Users/teu20/Documents/Poli/Repo/eEDB011-20243/atividade 6 - WSL/airflow/dags/dat_dbt_raw_model.py for tasks to queue
[2024-09-09T18:32:49.716-0300] {logging_mixin.py:190} INFO - [2024-09-09T18:32:49.715-0300] {dagbag.py:587} INFO - Filling up the DagBag from /mnt/c/Users/teu20/Documents/Poli/Repo/eEDB011-20243/atividade 6 - WSL/airflow/dags/dat_dbt_raw_model.py
[2024-09-09T18:32:49.743-0300] {processor.py:925} INFO - DAG(s) 'simple_dbt_dag' retrieved from /mnt/c/Users/teu20/Documents/Poli/Repo/eEDB011-20243/atividade 6 - WSL/airflow/dags/dat_dbt_raw_model.py
[2024-09-09T18:32:50.573-0300] {logging_mixin.py:190} INFO - [2024-09-09T18:32:50.573-0300] {dag.py:3229} INFO - Sync 1 DAGs
[2024-09-09T18:32:50.694-0300] {logging_mixin.py:190} INFO - [2024-09-09T18:32:50.693-0300] {dag.py:4156} INFO - Setting next_dagrun for simple_dbt_dag to 2024-09-09 00:00:00+00:00, run_after=2024-09-10 00:00:00+00:00
[2024-09-09T18:32:50.733-0300] {processor.py:208} INFO - Processing /mnt/c/Users/teu20/Documents/Poli/Repo/eEDB011-20243/atividade 6 - WSL/airflow/dags/dat_dbt_raw_model.py took 1.032 seconds
[2024-09-09T18:33:42.817-0300] {processor.py:186} INFO - Started process (PID=178879) to work on /mnt/c/Users/teu20/Documents/Poli/Repo/eEDB011-20243/atividade 6 - WSL/airflow/dags/dat_dbt_raw_model.py
[2024-09-09T18:33:42.819-0300] {processor.py:914} INFO - Processing file /mnt/c/Users/teu20/Documents/Poli/Repo/eEDB011-20243/atividade 6 - WSL/airflow/dags/dat_dbt_raw_model.py for tasks to queue
[2024-09-09T18:33:42.821-0300] {logging_mixin.py:190} INFO - [2024-09-09T18:33:42.820-0300] {dagbag.py:587} INFO - Filling up the DagBag from /mnt/c/Users/teu20/Documents/Poli/Repo/eEDB011-20243/atividade 6 - WSL/airflow/dags/dat_dbt_raw_model.py
[2024-09-09T18:33:42.837-0300] {processor.py:925} INFO - DAG(s) 'simple_dbt_dag' retrieved from /mnt/c/Users/teu20/Documents/Poli/Repo/eEDB011-20243/atividade 6 - WSL/airflow/dags/dat_dbt_raw_model.py
[2024-09-09T18:33:42.852-0300] {logging_mixin.py:190} INFO - [2024-09-09T18:33:42.852-0300] {dag.py:3229} INFO - Sync 1 DAGs
[2024-09-09T18:33:42.867-0300] {logging_mixin.py:190} INFO - [2024-09-09T18:33:42.866-0300] {dag.py:4156} INFO - Setting next_dagrun for simple_dbt_dag to 2024-09-09 00:00:00+00:00, run_after=2024-09-10 00:00:00+00:00
[2024-09-09T18:33:42.900-0300] {processor.py:208} INFO - Processing /mnt/c/Users/teu20/Documents/Poli/Repo/eEDB011-20243/atividade 6 - WSL/airflow/dags/dat_dbt_raw_model.py took 0.090 seconds
[2024-09-09T18:34:29.586-0300] {processor.py:186} INFO - Started process (PID=179112) to work on /mnt/c/Users/teu20/Documents/Poli/Repo/eEDB011-20243/atividade 6 - WSL/airflow/dags/dat_dbt_raw_model.py
[2024-09-09T18:34:29.587-0300] {processor.py:914} INFO - Processing file /mnt/c/Users/teu20/Documents/Poli/Repo/eEDB011-20243/atividade 6 - WSL/airflow/dags/dat_dbt_raw_model.py for tasks to queue
[2024-09-09T18:34:29.589-0300] {logging_mixin.py:190} INFO - [2024-09-09T18:34:29.588-0300] {dagbag.py:587} INFO - Filling up the DagBag from /mnt/c/Users/teu20/Documents/Poli/Repo/eEDB011-20243/atividade 6 - WSL/airflow/dags/dat_dbt_raw_model.py
[2024-09-09T18:34:29.605-0300] {processor.py:925} INFO - DAG(s) 'simple_dbt_dag' retrieved from /mnt/c/Users/teu20/Documents/Poli/Repo/eEDB011-20243/atividade 6 - WSL/airflow/dags/dat_dbt_raw_model.py
[2024-09-09T18:34:29.621-0300] {logging_mixin.py:190} INFO - [2024-09-09T18:34:29.620-0300] {dag.py:3229} INFO - Sync 1 DAGs
[2024-09-09T18:34:29.635-0300] {logging_mixin.py:190} INFO - [2024-09-09T18:34:29.634-0300] {dag.py:4156} INFO - Setting next_dagrun for simple_dbt_dag to 2024-09-09 00:00:00+00:00, run_after=2024-09-10 00:00:00+00:00
[2024-09-09T18:34:29.665-0300] {processor.py:208} INFO - Processing /mnt/c/Users/teu20/Documents/Poli/Repo/eEDB011-20243/atividade 6 - WSL/airflow/dags/dat_dbt_raw_model.py took 0.086 seconds
[2024-09-09T18:35:09.725-0300] {processor.py:186} INFO - Started process (PID=179651) to work on /mnt/c/Users/teu20/Documents/Poli/Repo/eEDB011-20243/atividade 6 - WSL/airflow/dags/dat_dbt_raw_model.py
[2024-09-09T18:35:09.726-0300] {processor.py:914} INFO - Processing file /mnt/c/Users/teu20/Documents/Poli/Repo/eEDB011-20243/atividade 6 - WSL/airflow/dags/dat_dbt_raw_model.py for tasks to queue
[2024-09-09T18:35:09.728-0300] {logging_mixin.py:190} INFO - [2024-09-09T18:35:09.727-0300] {dagbag.py:587} INFO - Filling up the DagBag from /mnt/c/Users/teu20/Documents/Poli/Repo/eEDB011-20243/atividade 6 - WSL/airflow/dags/dat_dbt_raw_model.py
[2024-09-09T18:35:09.742-0300] {processor.py:925} INFO - DAG(s) 'simple_dbt_dag' retrieved from /mnt/c/Users/teu20/Documents/Poli/Repo/eEDB011-20243/atividade 6 - WSL/airflow/dags/dat_dbt_raw_model.py
[2024-09-09T18:35:09.757-0300] {logging_mixin.py:190} INFO - [2024-09-09T18:35:09.756-0300] {dag.py:3229} INFO - Sync 1 DAGs
[2024-09-09T18:35:09.771-0300] {logging_mixin.py:190} INFO - [2024-09-09T18:35:09.771-0300] {dag.py:4156} INFO - Setting next_dagrun for simple_dbt_dag to 2024-09-09 00:00:00+00:00, run_after=2024-09-10 00:00:00+00:00
[2024-09-09T18:35:09.804-0300] {processor.py:208} INFO - Processing /mnt/c/Users/teu20/Documents/Poli/Repo/eEDB011-20243/atividade 6 - WSL/airflow/dags/dat_dbt_raw_model.py took 0.086 seconds
[2024-09-09T18:35:48.035-0300] {processor.py:186} INFO - Started process (PID=179842) to work on /mnt/c/Users/teu20/Documents/Poli/Repo/eEDB011-20243/atividade 6 - WSL/airflow/dags/dat_dbt_raw_model.py
[2024-09-09T18:35:48.036-0300] {processor.py:914} INFO - Processing file /mnt/c/Users/teu20/Documents/Poli/Repo/eEDB011-20243/atividade 6 - WSL/airflow/dags/dat_dbt_raw_model.py for tasks to queue
[2024-09-09T18:35:48.038-0300] {logging_mixin.py:190} INFO - [2024-09-09T18:35:48.037-0300] {dagbag.py:587} INFO - Filling up the DagBag from /mnt/c/Users/teu20/Documents/Poli/Repo/eEDB011-20243/atividade 6 - WSL/airflow/dags/dat_dbt_raw_model.py
[2024-09-09T18:35:48.054-0300] {processor.py:925} INFO - DAG(s) 'simple_dbt_dag' retrieved from /mnt/c/Users/teu20/Documents/Poli/Repo/eEDB011-20243/atividade 6 - WSL/airflow/dags/dat_dbt_raw_model.py
[2024-09-09T18:35:48.072-0300] {logging_mixin.py:190} INFO - [2024-09-09T18:35:48.072-0300] {dag.py:3229} INFO - Sync 1 DAGs
[2024-09-09T18:35:48.088-0300] {logging_mixin.py:190} INFO - [2024-09-09T18:35:48.087-0300] {dag.py:4156} INFO - Setting next_dagrun for simple_dbt_dag to 2024-09-09 00:00:00+00:00, run_after=2024-09-10 00:00:00+00:00
[2024-09-09T18:35:48.121-0300] {processor.py:208} INFO - Processing /mnt/c/Users/teu20/Documents/Poli/Repo/eEDB011-20243/atividade 6 - WSL/airflow/dags/dat_dbt_raw_model.py took 0.094 seconds
[2024-09-09T18:36:26.867-0300] {processor.py:186} INFO - Started process (PID=180037) to work on /mnt/c/Users/teu20/Documents/Poli/Repo/eEDB011-20243/atividade 6 - WSL/airflow/dags/dat_dbt_raw_model.py
[2024-09-09T18:36:26.868-0300] {processor.py:914} INFO - Processing file /mnt/c/Users/teu20/Documents/Poli/Repo/eEDB011-20243/atividade 6 - WSL/airflow/dags/dat_dbt_raw_model.py for tasks to queue
[2024-09-09T18:36:26.869-0300] {logging_mixin.py:190} INFO - [2024-09-09T18:36:26.869-0300] {dagbag.py:587} INFO - Filling up the DagBag from /mnt/c/Users/teu20/Documents/Poli/Repo/eEDB011-20243/atividade 6 - WSL/airflow/dags/dat_dbt_raw_model.py
[2024-09-09T18:36:26.885-0300] {processor.py:925} INFO - DAG(s) 'simple_dbt_dag' retrieved from /mnt/c/Users/teu20/Documents/Poli/Repo/eEDB011-20243/atividade 6 - WSL/airflow/dags/dat_dbt_raw_model.py
[2024-09-09T18:36:26.902-0300] {logging_mixin.py:190} INFO - [2024-09-09T18:36:26.902-0300] {dag.py:3229} INFO - Sync 1 DAGs
[2024-09-09T18:36:26.916-0300] {logging_mixin.py:190} INFO - [2024-09-09T18:36:26.916-0300] {dag.py:4156} INFO - Setting next_dagrun for simple_dbt_dag to 2024-09-09 00:00:00+00:00, run_after=2024-09-10 00:00:00+00:00
[2024-09-09T18:36:26.946-0300] {processor.py:208} INFO - Processing /mnt/c/Users/teu20/Documents/Poli/Repo/eEDB011-20243/atividade 6 - WSL/airflow/dags/dat_dbt_raw_model.py took 0.086 seconds
[2024-09-09T18:37:09.075-0300] {processor.py:186} INFO - Started process (PID=180249) to work on /mnt/c/Users/teu20/Documents/Poli/Repo/eEDB011-20243/atividade 6 - WSL/airflow/dags/dat_dbt_raw_model.py
[2024-09-09T18:37:09.076-0300] {processor.py:914} INFO - Processing file /mnt/c/Users/teu20/Documents/Poli/Repo/eEDB011-20243/atividade 6 - WSL/airflow/dags/dat_dbt_raw_model.py for tasks to queue
[2024-09-09T18:37:09.077-0300] {logging_mixin.py:190} INFO - [2024-09-09T18:37:09.077-0300] {dagbag.py:587} INFO - Filling up the DagBag from /mnt/c/Users/teu20/Documents/Poli/Repo/eEDB011-20243/atividade 6 - WSL/airflow/dags/dat_dbt_raw_model.py
[2024-09-09T18:37:09.102-0300] {processor.py:925} INFO - DAG(s) 'simple_dbt_dag' retrieved from /mnt/c/Users/teu20/Documents/Poli/Repo/eEDB011-20243/atividade 6 - WSL/airflow/dags/dat_dbt_raw_model.py
[2024-09-09T18:37:09.845-0300] {logging_mixin.py:190} INFO - [2024-09-09T18:37:09.845-0300] {dag.py:3229} INFO - Sync 1 DAGs
[2024-09-09T18:37:09.933-0300] {logging_mixin.py:190} INFO - [2024-09-09T18:37:09.933-0300] {dag.py:4156} INFO - Setting next_dagrun for simple_dbt_dag to 2024-09-09 00:00:00+00:00, run_after=2024-09-10 00:00:00+00:00
[2024-09-09T18:37:09.969-0300] {processor.py:208} INFO - Processing /mnt/c/Users/teu20/Documents/Poli/Repo/eEDB011-20243/atividade 6 - WSL/airflow/dags/dat_dbt_raw_model.py took 0.902 seconds
[2024-09-09T18:37:47.301-0300] {processor.py:186} INFO - Started process (PID=180437) to work on /mnt/c/Users/teu20/Documents/Poli/Repo/eEDB011-20243/atividade 6 - WSL/airflow/dags/dat_dbt_raw_model.py
[2024-09-09T18:37:47.303-0300] {processor.py:914} INFO - Processing file /mnt/c/Users/teu20/Documents/Poli/Repo/eEDB011-20243/atividade 6 - WSL/airflow/dags/dat_dbt_raw_model.py for tasks to queue
[2024-09-09T18:37:47.304-0300] {logging_mixin.py:190} INFO - [2024-09-09T18:37:47.303-0300] {dagbag.py:587} INFO - Filling up the DagBag from /mnt/c/Users/teu20/Documents/Poli/Repo/eEDB011-20243/atividade 6 - WSL/airflow/dags/dat_dbt_raw_model.py
[2024-09-09T18:37:47.319-0300] {processor.py:925} INFO - DAG(s) 'simple_dbt_dag' retrieved from /mnt/c/Users/teu20/Documents/Poli/Repo/eEDB011-20243/atividade 6 - WSL/airflow/dags/dat_dbt_raw_model.py
[2024-09-09T18:37:47.334-0300] {logging_mixin.py:190} INFO - [2024-09-09T18:37:47.333-0300] {dag.py:3229} INFO - Sync 1 DAGs
[2024-09-09T18:37:47.348-0300] {logging_mixin.py:190} INFO - [2024-09-09T18:37:47.348-0300] {dag.py:4156} INFO - Setting next_dagrun for simple_dbt_dag to 2024-09-09 00:00:00+00:00, run_after=2024-09-10 00:00:00+00:00
[2024-09-09T18:37:47.383-0300] {processor.py:208} INFO - Processing /mnt/c/Users/teu20/Documents/Poli/Repo/eEDB011-20243/atividade 6 - WSL/airflow/dags/dat_dbt_raw_model.py took 0.088 seconds
[2024-09-09T18:38:24.703-0300] {processor.py:186} INFO - Started process (PID=180619) to work on /mnt/c/Users/teu20/Documents/Poli/Repo/eEDB011-20243/atividade 6 - WSL/airflow/dags/dat_dbt_raw_model.py
[2024-09-09T18:38:24.704-0300] {processor.py:914} INFO - Processing file /mnt/c/Users/teu20/Documents/Poli/Repo/eEDB011-20243/atividade 6 - WSL/airflow/dags/dat_dbt_raw_model.py for tasks to queue
[2024-09-09T18:38:24.706-0300] {logging_mixin.py:190} INFO - [2024-09-09T18:38:24.705-0300] {dagbag.py:587} INFO - Filling up the DagBag from /mnt/c/Users/teu20/Documents/Poli/Repo/eEDB011-20243/atividade 6 - WSL/airflow/dags/dat_dbt_raw_model.py
[2024-09-09T18:38:24.721-0300] {processor.py:925} INFO - DAG(s) 'simple_dbt_dag' retrieved from /mnt/c/Users/teu20/Documents/Poli/Repo/eEDB011-20243/atividade 6 - WSL/airflow/dags/dat_dbt_raw_model.py
[2024-09-09T18:38:24.736-0300] {logging_mixin.py:190} INFO - [2024-09-09T18:38:24.736-0300] {dag.py:3229} INFO - Sync 1 DAGs
[2024-09-09T18:38:24.809-0300] {logging_mixin.py:190} INFO - [2024-09-09T18:38:24.808-0300] {dag.py:4156} INFO - Setting next_dagrun for simple_dbt_dag to 2024-09-09 00:00:00+00:00, run_after=2024-09-10 00:00:00+00:00
[2024-09-09T18:38:24.840-0300] {processor.py:208} INFO - Processing /mnt/c/Users/teu20/Documents/Poli/Repo/eEDB011-20243/atividade 6 - WSL/airflow/dags/dat_dbt_raw_model.py took 0.144 seconds
[2024-09-09T18:39:05.342-0300] {processor.py:186} INFO - Started process (PID=180818) to work on /mnt/c/Users/teu20/Documents/Poli/Repo/eEDB011-20243/atividade 6 - WSL/airflow/dags/dat_dbt_raw_model.py
[2024-09-09T18:39:05.343-0300] {processor.py:914} INFO - Processing file /mnt/c/Users/teu20/Documents/Poli/Repo/eEDB011-20243/atividade 6 - WSL/airflow/dags/dat_dbt_raw_model.py for tasks to queue
[2024-09-09T18:39:05.344-0300] {logging_mixin.py:190} INFO - [2024-09-09T18:39:05.344-0300] {dagbag.py:587} INFO - Filling up the DagBag from /mnt/c/Users/teu20/Documents/Poli/Repo/eEDB011-20243/atividade 6 - WSL/airflow/dags/dat_dbt_raw_model.py
[2024-09-09T18:39:05.360-0300] {processor.py:925} INFO - DAG(s) 'simple_dbt_dag' retrieved from /mnt/c/Users/teu20/Documents/Poli/Repo/eEDB011-20243/atividade 6 - WSL/airflow/dags/dat_dbt_raw_model.py
[2024-09-09T18:39:05.375-0300] {logging_mixin.py:190} INFO - [2024-09-09T18:39:05.375-0300] {dag.py:3229} INFO - Sync 1 DAGs
[2024-09-09T18:39:05.390-0300] {logging_mixin.py:190} INFO - [2024-09-09T18:39:05.389-0300] {dag.py:4156} INFO - Setting next_dagrun for simple_dbt_dag to 2024-09-09 00:00:00+00:00, run_after=2024-09-10 00:00:00+00:00
[2024-09-09T18:39:05.421-0300] {processor.py:208} INFO - Processing /mnt/c/Users/teu20/Documents/Poli/Repo/eEDB011-20243/atividade 6 - WSL/airflow/dags/dat_dbt_raw_model.py took 0.087 seconds
