[2024-09-09T21:00:21.061-0300] {processor.py:186} INFO - Started process (PID=261345) to work on /mnt/c/Users/teu20/Documents/Poli/Repo/eEDB011-20243/atividade 6 - WSL/airflow/dags/dag_save_database_raw.py
[2024-09-09T21:00:21.062-0300] {processor.py:914} INFO - Processing file /mnt/c/Users/teu20/Documents/Poli/Repo/eEDB011-20243/atividade 6 - WSL/airflow/dags/dag_save_database_raw.py for tasks to queue
[2024-09-09T21:00:21.064-0300] {logging_mixin.py:190} INFO - [2024-09-09T21:00:21.064-0300] {dagbag.py:587} INFO - Filling up the DagBag from /mnt/c/Users/teu20/Documents/Poli/Repo/eEDB011-20243/atividade 6 - WSL/airflow/dags/dag_save_database_raw.py
[2024-09-09T21:00:21.078-0300] {processor.py:925} INFO - DAG(s) 'dag_save_database_raw' retrieved from /mnt/c/Users/teu20/Documents/Poli/Repo/eEDB011-20243/atividade 6 - WSL/airflow/dags/dag_save_database_raw.py
[2024-09-09T21:00:21.096-0300] {logging_mixin.py:190} INFO - [2024-09-09T21:00:21.095-0300] {dag.py:3229} INFO - Sync 1 DAGs
[2024-09-09T21:00:21.108-0300] {logging_mixin.py:190} INFO - [2024-09-09T21:00:21.107-0300] {dag.py:4156} INFO - Setting next_dagrun for dag_save_database_raw to 2024-08-09 08:15:00+00:00, run_after=2024-08-10 08:15:00+00:00
[2024-09-09T21:00:21.122-0300] {processor.py:208} INFO - Processing /mnt/c/Users/teu20/Documents/Poli/Repo/eEDB011-20243/atividade 6 - WSL/airflow/dags/dag_save_database_raw.py took 0.068 seconds
[2024-09-09T21:00:51.603-0300] {processor.py:186} INFO - Started process (PID=261997) to work on /mnt/c/Users/teu20/Documents/Poli/Repo/eEDB011-20243/atividade 6 - WSL/airflow/dags/dag_save_database_raw.py
[2024-09-09T21:00:51.604-0300] {processor.py:914} INFO - Processing file /mnt/c/Users/teu20/Documents/Poli/Repo/eEDB011-20243/atividade 6 - WSL/airflow/dags/dag_save_database_raw.py for tasks to queue
[2024-09-09T21:00:51.606-0300] {logging_mixin.py:190} INFO - [2024-09-09T21:00:51.606-0300] {dagbag.py:587} INFO - Filling up the DagBag from /mnt/c/Users/teu20/Documents/Poli/Repo/eEDB011-20243/atividade 6 - WSL/airflow/dags/dag_save_database_raw.py
[2024-09-09T21:00:51.621-0300] {processor.py:925} INFO - DAG(s) 'dag_save_database_raw' retrieved from /mnt/c/Users/teu20/Documents/Poli/Repo/eEDB011-20243/atividade 6 - WSL/airflow/dags/dag_save_database_raw.py
[2024-09-09T21:00:51.638-0300] {logging_mixin.py:190} INFO - [2024-09-09T21:00:51.638-0300] {dag.py:3229} INFO - Sync 1 DAGs
[2024-09-09T21:00:51.650-0300] {logging_mixin.py:190} INFO - [2024-09-09T21:00:51.650-0300] {dag.py:4156} INFO - Setting next_dagrun for dag_save_database_raw to 2024-08-09 08:15:00+00:00, run_after=2024-08-10 08:15:00+00:00
[2024-09-09T21:00:51.664-0300] {processor.py:208} INFO - Processing /mnt/c/Users/teu20/Documents/Poli/Repo/eEDB011-20243/atividade 6 - WSL/airflow/dags/dag_save_database_raw.py took 0.069 seconds
[2024-09-09T21:01:22.123-0300] {processor.py:186} INFO - Started process (PID=262487) to work on /mnt/c/Users/teu20/Documents/Poli/Repo/eEDB011-20243/atividade 6 - WSL/airflow/dags/dag_save_database_raw.py
[2024-09-09T21:01:22.124-0300] {processor.py:914} INFO - Processing file /mnt/c/Users/teu20/Documents/Poli/Repo/eEDB011-20243/atividade 6 - WSL/airflow/dags/dag_save_database_raw.py for tasks to queue
[2024-09-09T21:01:22.126-0300] {logging_mixin.py:190} INFO - [2024-09-09T21:01:22.125-0300] {dagbag.py:587} INFO - Filling up the DagBag from /mnt/c/Users/teu20/Documents/Poli/Repo/eEDB011-20243/atividade 6 - WSL/airflow/dags/dag_save_database_raw.py
[2024-09-09T21:01:22.141-0300] {processor.py:925} INFO - DAG(s) 'dag_save_database_raw' retrieved from /mnt/c/Users/teu20/Documents/Poli/Repo/eEDB011-20243/atividade 6 - WSL/airflow/dags/dag_save_database_raw.py
[2024-09-09T21:01:22.160-0300] {logging_mixin.py:190} INFO - [2024-09-09T21:01:22.159-0300] {dag.py:3229} INFO - Sync 1 DAGs
[2024-09-09T21:01:22.173-0300] {logging_mixin.py:190} INFO - [2024-09-09T21:01:22.172-0300] {dag.py:4156} INFO - Setting next_dagrun for dag_save_database_raw to 2024-08-09 08:15:00+00:00, run_after=2024-08-10 08:15:00+00:00
[2024-09-09T21:01:22.188-0300] {processor.py:208} INFO - Processing /mnt/c/Users/teu20/Documents/Poli/Repo/eEDB011-20243/atividade 6 - WSL/airflow/dags/dag_save_database_raw.py took 0.074 seconds
[2024-09-09T21:01:53.185-0300] {processor.py:186} INFO - Started process (PID=262922) to work on /mnt/c/Users/teu20/Documents/Poli/Repo/eEDB011-20243/atividade 6 - WSL/airflow/dags/dag_save_database_raw.py
[2024-09-09T21:01:53.186-0300] {processor.py:914} INFO - Processing file /mnt/c/Users/teu20/Documents/Poli/Repo/eEDB011-20243/atividade 6 - WSL/airflow/dags/dag_save_database_raw.py for tasks to queue
[2024-09-09T21:01:53.187-0300] {logging_mixin.py:190} INFO - [2024-09-09T21:01:53.187-0300] {dagbag.py:587} INFO - Filling up the DagBag from /mnt/c/Users/teu20/Documents/Poli/Repo/eEDB011-20243/atividade 6 - WSL/airflow/dags/dag_save_database_raw.py
[2024-09-09T21:01:53.201-0300] {processor.py:925} INFO - DAG(s) 'dag_save_database_raw' retrieved from /mnt/c/Users/teu20/Documents/Poli/Repo/eEDB011-20243/atividade 6 - WSL/airflow/dags/dag_save_database_raw.py
[2024-09-09T21:01:53.218-0300] {logging_mixin.py:190} INFO - [2024-09-09T21:01:53.217-0300] {dag.py:3229} INFO - Sync 1 DAGs
[2024-09-09T21:01:53.230-0300] {logging_mixin.py:190} INFO - [2024-09-09T21:01:53.230-0300] {dag.py:4156} INFO - Setting next_dagrun for dag_save_database_raw to 2024-08-09 08:15:00+00:00, run_after=2024-08-10 08:15:00+00:00
[2024-09-09T21:01:53.244-0300] {processor.py:208} INFO - Processing /mnt/c/Users/teu20/Documents/Poli/Repo/eEDB011-20243/atividade 6 - WSL/airflow/dags/dag_save_database_raw.py took 0.067 seconds
[2024-09-09T21:02:23.509-0300] {processor.py:186} INFO - Started process (PID=263352) to work on /mnt/c/Users/teu20/Documents/Poli/Repo/eEDB011-20243/atividade 6 - WSL/airflow/dags/dag_save_database_raw.py
[2024-09-09T21:02:23.510-0300] {processor.py:914} INFO - Processing file /mnt/c/Users/teu20/Documents/Poli/Repo/eEDB011-20243/atividade 6 - WSL/airflow/dags/dag_save_database_raw.py for tasks to queue
[2024-09-09T21:02:23.513-0300] {logging_mixin.py:190} INFO - [2024-09-09T21:02:23.511-0300] {dagbag.py:587} INFO - Filling up the DagBag from /mnt/c/Users/teu20/Documents/Poli/Repo/eEDB011-20243/atividade 6 - WSL/airflow/dags/dag_save_database_raw.py
[2024-09-09T21:02:23.526-0300] {processor.py:925} INFO - DAG(s) 'dag_save_database_raw' retrieved from /mnt/c/Users/teu20/Documents/Poli/Repo/eEDB011-20243/atividade 6 - WSL/airflow/dags/dag_save_database_raw.py
[2024-09-09T21:02:23.543-0300] {logging_mixin.py:190} INFO - [2024-09-09T21:02:23.542-0300] {dag.py:3229} INFO - Sync 1 DAGs
[2024-09-09T21:02:23.556-0300] {logging_mixin.py:190} INFO - [2024-09-09T21:02:23.555-0300] {dag.py:4156} INFO - Setting next_dagrun for dag_save_database_raw to 2024-08-09 08:15:00+00:00, run_after=2024-08-10 08:15:00+00:00
[2024-09-09T21:02:23.569-0300] {processor.py:208} INFO - Processing /mnt/c/Users/teu20/Documents/Poli/Repo/eEDB011-20243/atividade 6 - WSL/airflow/dags/dag_save_database_raw.py took 0.068 seconds
[2024-09-09T21:02:54.288-0300] {processor.py:186} INFO - Started process (PID=263783) to work on /mnt/c/Users/teu20/Documents/Poli/Repo/eEDB011-20243/atividade 6 - WSL/airflow/dags/dag_save_database_raw.py
[2024-09-09T21:02:54.289-0300] {processor.py:914} INFO - Processing file /mnt/c/Users/teu20/Documents/Poli/Repo/eEDB011-20243/atividade 6 - WSL/airflow/dags/dag_save_database_raw.py for tasks to queue
[2024-09-09T21:02:54.291-0300] {logging_mixin.py:190} INFO - [2024-09-09T21:02:54.290-0300] {dagbag.py:587} INFO - Filling up the DagBag from /mnt/c/Users/teu20/Documents/Poli/Repo/eEDB011-20243/atividade 6 - WSL/airflow/dags/dag_save_database_raw.py
[2024-09-09T21:02:54.305-0300] {processor.py:925} INFO - DAG(s) 'dag_save_database_raw' retrieved from /mnt/c/Users/teu20/Documents/Poli/Repo/eEDB011-20243/atividade 6 - WSL/airflow/dags/dag_save_database_raw.py
[2024-09-09T21:02:54.322-0300] {logging_mixin.py:190} INFO - [2024-09-09T21:02:54.321-0300] {dag.py:3229} INFO - Sync 1 DAGs
[2024-09-09T21:02:54.334-0300] {logging_mixin.py:190} INFO - [2024-09-09T21:02:54.333-0300] {dag.py:4156} INFO - Setting next_dagrun for dag_save_database_raw to 2024-08-09 08:15:00+00:00, run_after=2024-08-10 08:15:00+00:00
[2024-09-09T21:02:54.347-0300] {processor.py:208} INFO - Processing /mnt/c/Users/teu20/Documents/Poli/Repo/eEDB011-20243/atividade 6 - WSL/airflow/dags/dag_save_database_raw.py took 0.066 seconds
[2024-09-09T21:03:24.878-0300] {processor.py:186} INFO - Started process (PID=264216) to work on /mnt/c/Users/teu20/Documents/Poli/Repo/eEDB011-20243/atividade 6 - WSL/airflow/dags/dag_save_database_raw.py
[2024-09-09T21:03:24.880-0300] {processor.py:914} INFO - Processing file /mnt/c/Users/teu20/Documents/Poli/Repo/eEDB011-20243/atividade 6 - WSL/airflow/dags/dag_save_database_raw.py for tasks to queue
[2024-09-09T21:03:24.881-0300] {logging_mixin.py:190} INFO - [2024-09-09T21:03:24.881-0300] {dagbag.py:587} INFO - Filling up the DagBag from /mnt/c/Users/teu20/Documents/Poli/Repo/eEDB011-20243/atividade 6 - WSL/airflow/dags/dag_save_database_raw.py
[2024-09-09T21:03:24.895-0300] {processor.py:925} INFO - DAG(s) 'dag_save_database_raw' retrieved from /mnt/c/Users/teu20/Documents/Poli/Repo/eEDB011-20243/atividade 6 - WSL/airflow/dags/dag_save_database_raw.py
[2024-09-09T21:03:24.912-0300] {logging_mixin.py:190} INFO - [2024-09-09T21:03:24.911-0300] {dag.py:3229} INFO - Sync 1 DAGs
[2024-09-09T21:03:24.925-0300] {logging_mixin.py:190} INFO - [2024-09-09T21:03:24.924-0300] {dag.py:4156} INFO - Setting next_dagrun for dag_save_database_raw to 2024-08-09 08:15:00+00:00, run_after=2024-08-10 08:15:00+00:00
[2024-09-09T21:03:24.939-0300] {processor.py:208} INFO - Processing /mnt/c/Users/teu20/Documents/Poli/Repo/eEDB011-20243/atividade 6 - WSL/airflow/dags/dag_save_database_raw.py took 0.069 seconds
[2024-09-09T21:03:55.212-0300] {processor.py:186} INFO - Started process (PID=264654) to work on /mnt/c/Users/teu20/Documents/Poli/Repo/eEDB011-20243/atividade 6 - WSL/airflow/dags/dag_save_database_raw.py
[2024-09-09T21:03:55.214-0300] {processor.py:914} INFO - Processing file /mnt/c/Users/teu20/Documents/Poli/Repo/eEDB011-20243/atividade 6 - WSL/airflow/dags/dag_save_database_raw.py for tasks to queue
[2024-09-09T21:03:55.215-0300] {logging_mixin.py:190} INFO - [2024-09-09T21:03:55.215-0300] {dagbag.py:587} INFO - Filling up the DagBag from /mnt/c/Users/teu20/Documents/Poli/Repo/eEDB011-20243/atividade 6 - WSL/airflow/dags/dag_save_database_raw.py
[2024-09-09T21:03:55.230-0300] {processor.py:925} INFO - DAG(s) 'dag_save_database_raw' retrieved from /mnt/c/Users/teu20/Documents/Poli/Repo/eEDB011-20243/atividade 6 - WSL/airflow/dags/dag_save_database_raw.py
[2024-09-09T21:03:55.248-0300] {logging_mixin.py:190} INFO - [2024-09-09T21:03:55.247-0300] {dag.py:3229} INFO - Sync 1 DAGs
[2024-09-09T21:03:55.262-0300] {logging_mixin.py:190} INFO - [2024-09-09T21:03:55.261-0300] {dag.py:4156} INFO - Setting next_dagrun for dag_save_database_raw to 2024-08-09 08:15:00+00:00, run_after=2024-08-10 08:15:00+00:00
[2024-09-09T21:03:55.276-0300] {processor.py:208} INFO - Processing /mnt/c/Users/teu20/Documents/Poli/Repo/eEDB011-20243/atividade 6 - WSL/airflow/dags/dag_save_database_raw.py took 0.072 seconds
[2024-09-09T21:04:25.465-0300] {processor.py:186} INFO - Started process (PID=265088) to work on /mnt/c/Users/teu20/Documents/Poli/Repo/eEDB011-20243/atividade 6 - WSL/airflow/dags/dag_save_database_raw.py
[2024-09-09T21:04:25.466-0300] {processor.py:914} INFO - Processing file /mnt/c/Users/teu20/Documents/Poli/Repo/eEDB011-20243/atividade 6 - WSL/airflow/dags/dag_save_database_raw.py for tasks to queue
[2024-09-09T21:04:25.468-0300] {logging_mixin.py:190} INFO - [2024-09-09T21:04:25.468-0300] {dagbag.py:587} INFO - Filling up the DagBag from /mnt/c/Users/teu20/Documents/Poli/Repo/eEDB011-20243/atividade 6 - WSL/airflow/dags/dag_save_database_raw.py
[2024-09-09T21:04:25.482-0300] {processor.py:925} INFO - DAG(s) 'dag_save_database_raw' retrieved from /mnt/c/Users/teu20/Documents/Poli/Repo/eEDB011-20243/atividade 6 - WSL/airflow/dags/dag_save_database_raw.py
[2024-09-09T21:04:25.500-0300] {logging_mixin.py:190} INFO - [2024-09-09T21:04:25.500-0300] {dag.py:3229} INFO - Sync 1 DAGs
[2024-09-09T21:04:25.518-0300] {logging_mixin.py:190} INFO - [2024-09-09T21:04:25.517-0300] {dag.py:4156} INFO - Setting next_dagrun for dag_save_database_raw to 2024-08-09 08:15:00+00:00, run_after=2024-08-10 08:15:00+00:00
[2024-09-09T21:04:25.541-0300] {processor.py:208} INFO - Processing /mnt/c/Users/teu20/Documents/Poli/Repo/eEDB011-20243/atividade 6 - WSL/airflow/dags/dag_save_database_raw.py took 0.084 seconds
[2024-09-09T21:04:55.822-0300] {processor.py:186} INFO - Started process (PID=266239) to work on /mnt/c/Users/teu20/Documents/Poli/Repo/eEDB011-20243/atividade 6 - WSL/airflow/dags/dag_save_database_raw.py
[2024-09-09T21:04:55.823-0300] {processor.py:914} INFO - Processing file /mnt/c/Users/teu20/Documents/Poli/Repo/eEDB011-20243/atividade 6 - WSL/airflow/dags/dag_save_database_raw.py for tasks to queue
[2024-09-09T21:04:55.825-0300] {logging_mixin.py:190} INFO - [2024-09-09T21:04:55.824-0300] {dagbag.py:587} INFO - Filling up the DagBag from /mnt/c/Users/teu20/Documents/Poli/Repo/eEDB011-20243/atividade 6 - WSL/airflow/dags/dag_save_database_raw.py
[2024-09-09T21:04:55.839-0300] {processor.py:925} INFO - DAG(s) 'dag_save_database_raw' retrieved from /mnt/c/Users/teu20/Documents/Poli/Repo/eEDB011-20243/atividade 6 - WSL/airflow/dags/dag_save_database_raw.py
[2024-09-09T21:04:55.856-0300] {logging_mixin.py:190} INFO - [2024-09-09T21:04:55.855-0300] {dag.py:3229} INFO - Sync 1 DAGs
[2024-09-09T21:04:55.868-0300] {logging_mixin.py:190} INFO - [2024-09-09T21:04:55.867-0300] {dag.py:4156} INFO - Setting next_dagrun for dag_save_database_raw to 2024-08-09 08:15:00+00:00, run_after=2024-08-10 08:15:00+00:00
[2024-09-09T21:04:55.882-0300] {processor.py:208} INFO - Processing /mnt/c/Users/teu20/Documents/Poli/Repo/eEDB011-20243/atividade 6 - WSL/airflow/dags/dag_save_database_raw.py took 0.067 seconds
[2024-09-09T21:05:26.361-0300] {processor.py:186} INFO - Started process (PID=266831) to work on /mnt/c/Users/teu20/Documents/Poli/Repo/eEDB011-20243/atividade 6 - WSL/airflow/dags/dag_save_database_raw.py
[2024-09-09T21:05:26.362-0300] {processor.py:914} INFO - Processing file /mnt/c/Users/teu20/Documents/Poli/Repo/eEDB011-20243/atividade 6 - WSL/airflow/dags/dag_save_database_raw.py for tasks to queue
[2024-09-09T21:05:26.364-0300] {logging_mixin.py:190} INFO - [2024-09-09T21:05:26.363-0300] {dagbag.py:587} INFO - Filling up the DagBag from /mnt/c/Users/teu20/Documents/Poli/Repo/eEDB011-20243/atividade 6 - WSL/airflow/dags/dag_save_database_raw.py
[2024-09-09T21:05:26.379-0300] {processor.py:925} INFO - DAG(s) 'dag_save_database_raw' retrieved from /mnt/c/Users/teu20/Documents/Poli/Repo/eEDB011-20243/atividade 6 - WSL/airflow/dags/dag_save_database_raw.py
[2024-09-09T21:05:26.395-0300] {logging_mixin.py:190} INFO - [2024-09-09T21:05:26.394-0300] {dag.py:3229} INFO - Sync 1 DAGs
[2024-09-09T21:05:26.407-0300] {logging_mixin.py:190} INFO - [2024-09-09T21:05:26.407-0300] {dag.py:4156} INFO - Setting next_dagrun for dag_save_database_raw to 2024-08-09 08:15:00+00:00, run_after=2024-08-10 08:15:00+00:00
[2024-09-09T21:05:26.421-0300] {processor.py:208} INFO - Processing /mnt/c/Users/teu20/Documents/Poli/Repo/eEDB011-20243/atividade 6 - WSL/airflow/dags/dag_save_database_raw.py took 0.068 seconds
[2024-09-09T21:05:56.948-0300] {processor.py:186} INFO - Started process (PID=267262) to work on /mnt/c/Users/teu20/Documents/Poli/Repo/eEDB011-20243/atividade 6 - WSL/airflow/dags/dag_save_database_raw.py
[2024-09-09T21:05:56.949-0300] {processor.py:914} INFO - Processing file /mnt/c/Users/teu20/Documents/Poli/Repo/eEDB011-20243/atividade 6 - WSL/airflow/dags/dag_save_database_raw.py for tasks to queue
[2024-09-09T21:05:56.950-0300] {logging_mixin.py:190} INFO - [2024-09-09T21:05:56.950-0300] {dagbag.py:587} INFO - Filling up the DagBag from /mnt/c/Users/teu20/Documents/Poli/Repo/eEDB011-20243/atividade 6 - WSL/airflow/dags/dag_save_database_raw.py
[2024-09-09T21:05:56.964-0300] {processor.py:925} INFO - DAG(s) 'dag_save_database_raw' retrieved from /mnt/c/Users/teu20/Documents/Poli/Repo/eEDB011-20243/atividade 6 - WSL/airflow/dags/dag_save_database_raw.py
[2024-09-09T21:05:56.981-0300] {logging_mixin.py:190} INFO - [2024-09-09T21:05:56.980-0300] {dag.py:3229} INFO - Sync 1 DAGs
[2024-09-09T21:05:56.993-0300] {logging_mixin.py:190} INFO - [2024-09-09T21:05:56.992-0300] {dag.py:4156} INFO - Setting next_dagrun for dag_save_database_raw to 2024-08-09 08:15:00+00:00, run_after=2024-08-10 08:15:00+00:00
[2024-09-09T21:05:57.006-0300] {processor.py:208} INFO - Processing /mnt/c/Users/teu20/Documents/Poli/Repo/eEDB011-20243/atividade 6 - WSL/airflow/dags/dag_save_database_raw.py took 0.067 seconds
[2024-09-09T21:06:27.456-0300] {processor.py:186} INFO - Started process (PID=267693) to work on /mnt/c/Users/teu20/Documents/Poli/Repo/eEDB011-20243/atividade 6 - WSL/airflow/dags/dag_save_database_raw.py
[2024-09-09T21:06:27.457-0300] {processor.py:914} INFO - Processing file /mnt/c/Users/teu20/Documents/Poli/Repo/eEDB011-20243/atividade 6 - WSL/airflow/dags/dag_save_database_raw.py for tasks to queue
[2024-09-09T21:06:27.459-0300] {logging_mixin.py:190} INFO - [2024-09-09T21:06:27.458-0300] {dagbag.py:587} INFO - Filling up the DagBag from /mnt/c/Users/teu20/Documents/Poli/Repo/eEDB011-20243/atividade 6 - WSL/airflow/dags/dag_save_database_raw.py
[2024-09-09T21:06:27.472-0300] {processor.py:925} INFO - DAG(s) 'dag_save_database_raw' retrieved from /mnt/c/Users/teu20/Documents/Poli/Repo/eEDB011-20243/atividade 6 - WSL/airflow/dags/dag_save_database_raw.py
[2024-09-09T21:06:27.489-0300] {logging_mixin.py:190} INFO - [2024-09-09T21:06:27.489-0300] {dag.py:3229} INFO - Sync 1 DAGs
[2024-09-09T21:06:27.502-0300] {logging_mixin.py:190} INFO - [2024-09-09T21:06:27.502-0300] {dag.py:4156} INFO - Setting next_dagrun for dag_save_database_raw to 2024-08-09 08:15:00+00:00, run_after=2024-08-10 08:15:00+00:00
[2024-09-09T21:06:27.516-0300] {processor.py:208} INFO - Processing /mnt/c/Users/teu20/Documents/Poli/Repo/eEDB011-20243/atividade 6 - WSL/airflow/dags/dag_save_database_raw.py took 0.068 seconds
[2024-09-09T21:06:57.932-0300] {processor.py:186} INFO - Started process (PID=268337) to work on /mnt/c/Users/teu20/Documents/Poli/Repo/eEDB011-20243/atividade 6 - WSL/airflow/dags/dag_save_database_raw.py
[2024-09-09T21:06:57.933-0300] {processor.py:914} INFO - Processing file /mnt/c/Users/teu20/Documents/Poli/Repo/eEDB011-20243/atividade 6 - WSL/airflow/dags/dag_save_database_raw.py for tasks to queue
[2024-09-09T21:06:57.935-0300] {logging_mixin.py:190} INFO - [2024-09-09T21:06:57.934-0300] {dagbag.py:587} INFO - Filling up the DagBag from /mnt/c/Users/teu20/Documents/Poli/Repo/eEDB011-20243/atividade 6 - WSL/airflow/dags/dag_save_database_raw.py
[2024-09-09T21:06:57.948-0300] {processor.py:925} INFO - DAG(s) 'dag_save_database_raw' retrieved from /mnt/c/Users/teu20/Documents/Poli/Repo/eEDB011-20243/atividade 6 - WSL/airflow/dags/dag_save_database_raw.py
[2024-09-09T21:06:57.966-0300] {logging_mixin.py:190} INFO - [2024-09-09T21:06:57.965-0300] {dag.py:3229} INFO - Sync 1 DAGs
[2024-09-09T21:06:57.978-0300] {logging_mixin.py:190} INFO - [2024-09-09T21:06:57.977-0300] {dag.py:4156} INFO - Setting next_dagrun for dag_save_database_raw to 2024-08-09 08:15:00+00:00, run_after=2024-08-10 08:15:00+00:00
[2024-09-09T21:06:57.992-0300] {processor.py:208} INFO - Processing /mnt/c/Users/teu20/Documents/Poli/Repo/eEDB011-20243/atividade 6 - WSL/airflow/dags/dag_save_database_raw.py took 0.068 seconds
[2024-09-09T21:07:28.327-0300] {processor.py:186} INFO - Started process (PID=269007) to work on /mnt/c/Users/teu20/Documents/Poli/Repo/eEDB011-20243/atividade 6 - WSL/airflow/dags/dag_save_database_raw.py
[2024-09-09T21:07:28.328-0300] {processor.py:914} INFO - Processing file /mnt/c/Users/teu20/Documents/Poli/Repo/eEDB011-20243/atividade 6 - WSL/airflow/dags/dag_save_database_raw.py for tasks to queue
[2024-09-09T21:07:28.330-0300] {logging_mixin.py:190} INFO - [2024-09-09T21:07:28.329-0300] {dagbag.py:587} INFO - Filling up the DagBag from /mnt/c/Users/teu20/Documents/Poli/Repo/eEDB011-20243/atividade 6 - WSL/airflow/dags/dag_save_database_raw.py
[2024-09-09T21:07:28.345-0300] {processor.py:925} INFO - DAG(s) 'dag_save_database_raw' retrieved from /mnt/c/Users/teu20/Documents/Poli/Repo/eEDB011-20243/atividade 6 - WSL/airflow/dags/dag_save_database_raw.py
[2024-09-09T21:07:28.365-0300] {logging_mixin.py:190} INFO - [2024-09-09T21:07:28.364-0300] {dag.py:3229} INFO - Sync 1 DAGs
[2024-09-09T21:07:28.380-0300] {logging_mixin.py:190} INFO - [2024-09-09T21:07:28.379-0300] {dag.py:4156} INFO - Setting next_dagrun for dag_save_database_raw to 2024-08-09 08:15:00+00:00, run_after=2024-08-10 08:15:00+00:00
[2024-09-09T21:07:28.396-0300] {processor.py:208} INFO - Processing /mnt/c/Users/teu20/Documents/Poli/Repo/eEDB011-20243/atividade 6 - WSL/airflow/dags/dag_save_database_raw.py took 0.079 seconds
[2024-09-09T21:07:58.992-0300] {processor.py:186} INFO - Started process (PID=269504) to work on /mnt/c/Users/teu20/Documents/Poli/Repo/eEDB011-20243/atividade 6 - WSL/airflow/dags/dag_save_database_raw.py
[2024-09-09T21:07:58.993-0300] {processor.py:914} INFO - Processing file /mnt/c/Users/teu20/Documents/Poli/Repo/eEDB011-20243/atividade 6 - WSL/airflow/dags/dag_save_database_raw.py for tasks to queue
[2024-09-09T21:07:58.994-0300] {logging_mixin.py:190} INFO - [2024-09-09T21:07:58.994-0300] {dagbag.py:587} INFO - Filling up the DagBag from /mnt/c/Users/teu20/Documents/Poli/Repo/eEDB011-20243/atividade 6 - WSL/airflow/dags/dag_save_database_raw.py
[2024-09-09T21:07:59.008-0300] {processor.py:925} INFO - DAG(s) 'dag_save_database_raw' retrieved from /mnt/c/Users/teu20/Documents/Poli/Repo/eEDB011-20243/atividade 6 - WSL/airflow/dags/dag_save_database_raw.py
[2024-09-09T21:07:59.026-0300] {logging_mixin.py:190} INFO - [2024-09-09T21:07:59.025-0300] {dag.py:3229} INFO - Sync 1 DAGs
[2024-09-09T21:07:59.038-0300] {logging_mixin.py:190} INFO - [2024-09-09T21:07:59.037-0300] {dag.py:4156} INFO - Setting next_dagrun for dag_save_database_raw to 2024-08-09 08:15:00+00:00, run_after=2024-08-10 08:15:00+00:00
[2024-09-09T21:07:59.052-0300] {processor.py:208} INFO - Processing /mnt/c/Users/teu20/Documents/Poli/Repo/eEDB011-20243/atividade 6 - WSL/airflow/dags/dag_save_database_raw.py took 0.068 seconds
