[2024-09-09T21:00:11.293-0300] {processor.py:186} INFO - Started process (PID=261287) to work on /mnt/c/Users/teu20/Documents/Poli/Repo/eEDB011-20243/atividade 6 - WSL/airflow/dags/dag_dbt_raw_model.py
[2024-09-09T21:00:11.295-0300] {processor.py:914} INFO - Processing file /mnt/c/Users/teu20/Documents/Poli/Repo/eEDB011-20243/atividade 6 - WSL/airflow/dags/dag_dbt_raw_model.py for tasks to queue
[2024-09-09T21:00:11.296-0300] {logging_mixin.py:190} INFO - [2024-09-09T21:00:11.295-0300] {dagbag.py:587} INFO - Filling up the DagBag from /mnt/c/Users/teu20/Documents/Poli/Repo/eEDB011-20243/atividade 6 - WSL/airflow/dags/dag_dbt_raw_model.py
[2024-09-09T21:00:11.313-0300] {processor.py:925} INFO - DAG(s) 'simple_dbt_dag' retrieved from /mnt/c/Users/teu20/Documents/Poli/Repo/eEDB011-20243/atividade 6 - WSL/airflow/dags/dag_dbt_raw_model.py
[2024-09-09T21:00:11.330-0300] {logging_mixin.py:190} INFO - [2024-09-09T21:00:11.330-0300] {dag.py:3229} INFO - Sync 1 DAGs
[2024-09-09T21:00:11.344-0300] {logging_mixin.py:190} INFO - [2024-09-09T21:00:11.344-0300] {dag.py:4156} INFO - Setting next_dagrun for simple_dbt_dag to 2024-09-10 00:00:00+00:00, run_after=2024-09-11 00:00:00+00:00
[2024-09-09T21:00:11.358-0300] {processor.py:208} INFO - Processing /mnt/c/Users/teu20/Documents/Poli/Repo/eEDB011-20243/atividade 6 - WSL/airflow/dags/dag_dbt_raw_model.py took 0.072 seconds
[2024-09-09T21:00:41.856-0300] {processor.py:186} INFO - Started process (PID=261772) to work on /mnt/c/Users/teu20/Documents/Poli/Repo/eEDB011-20243/atividade 6 - WSL/airflow/dags/dag_dbt_raw_model.py
[2024-09-09T21:00:41.857-0300] {processor.py:914} INFO - Processing file /mnt/c/Users/teu20/Documents/Poli/Repo/eEDB011-20243/atividade 6 - WSL/airflow/dags/dag_dbt_raw_model.py for tasks to queue
[2024-09-09T21:00:41.859-0300] {logging_mixin.py:190} INFO - [2024-09-09T21:00:41.858-0300] {dagbag.py:587} INFO - Filling up the DagBag from /mnt/c/Users/teu20/Documents/Poli/Repo/eEDB011-20243/atividade 6 - WSL/airflow/dags/dag_dbt_raw_model.py
[2024-09-09T21:00:41.875-0300] {processor.py:925} INFO - DAG(s) 'simple_dbt_dag' retrieved from /mnt/c/Users/teu20/Documents/Poli/Repo/eEDB011-20243/atividade 6 - WSL/airflow/dags/dag_dbt_raw_model.py
[2024-09-09T21:00:41.890-0300] {logging_mixin.py:190} INFO - [2024-09-09T21:00:41.889-0300] {dag.py:3229} INFO - Sync 1 DAGs
[2024-09-09T21:00:41.903-0300] {logging_mixin.py:190} INFO - [2024-09-09T21:00:41.902-0300] {dag.py:4156} INFO - Setting next_dagrun for simple_dbt_dag to 2024-09-10 00:00:00+00:00, run_after=2024-09-11 00:00:00+00:00
[2024-09-09T21:00:41.917-0300] {processor.py:208} INFO - Processing /mnt/c/Users/teu20/Documents/Poli/Repo/eEDB011-20243/atividade 6 - WSL/airflow/dags/dag_dbt_raw_model.py took 0.068 seconds
[2024-09-09T21:01:12.336-0300] {processor.py:186} INFO - Started process (PID=262429) to work on /mnt/c/Users/teu20/Documents/Poli/Repo/eEDB011-20243/atividade 6 - WSL/airflow/dags/dag_dbt_raw_model.py
[2024-09-09T21:01:12.337-0300] {processor.py:914} INFO - Processing file /mnt/c/Users/teu20/Documents/Poli/Repo/eEDB011-20243/atividade 6 - WSL/airflow/dags/dag_dbt_raw_model.py for tasks to queue
[2024-09-09T21:01:12.339-0300] {logging_mixin.py:190} INFO - [2024-09-09T21:01:12.338-0300] {dagbag.py:587} INFO - Filling up the DagBag from /mnt/c/Users/teu20/Documents/Poli/Repo/eEDB011-20243/atividade 6 - WSL/airflow/dags/dag_dbt_raw_model.py
[2024-09-09T21:01:12.357-0300] {processor.py:925} INFO - DAG(s) 'simple_dbt_dag' retrieved from /mnt/c/Users/teu20/Documents/Poli/Repo/eEDB011-20243/atividade 6 - WSL/airflow/dags/dag_dbt_raw_model.py
[2024-09-09T21:01:12.375-0300] {logging_mixin.py:190} INFO - [2024-09-09T21:01:12.374-0300] {dag.py:3229} INFO - Sync 1 DAGs
[2024-09-09T21:01:12.389-0300] {logging_mixin.py:190} INFO - [2024-09-09T21:01:12.388-0300] {dag.py:4156} INFO - Setting next_dagrun for simple_dbt_dag to 2024-09-10 00:00:00+00:00, run_after=2024-09-11 00:00:00+00:00
[2024-09-09T21:01:12.405-0300] {processor.py:208} INFO - Processing /mnt/c/Users/teu20/Documents/Poli/Repo/eEDB011-20243/atividade 6 - WSL/airflow/dags/dag_dbt_raw_model.py took 0.077 seconds
[2024-09-09T21:01:43.394-0300] {processor.py:186} INFO - Started process (PID=262861) to work on /mnt/c/Users/teu20/Documents/Poli/Repo/eEDB011-20243/atividade 6 - WSL/airflow/dags/dag_dbt_raw_model.py
[2024-09-09T21:01:43.395-0300] {processor.py:914} INFO - Processing file /mnt/c/Users/teu20/Documents/Poli/Repo/eEDB011-20243/atividade 6 - WSL/airflow/dags/dag_dbt_raw_model.py for tasks to queue
[2024-09-09T21:01:43.397-0300] {logging_mixin.py:190} INFO - [2024-09-09T21:01:43.396-0300] {dagbag.py:587} INFO - Filling up the DagBag from /mnt/c/Users/teu20/Documents/Poli/Repo/eEDB011-20243/atividade 6 - WSL/airflow/dags/dag_dbt_raw_model.py
[2024-09-09T21:01:43.413-0300] {processor.py:925} INFO - DAG(s) 'simple_dbt_dag' retrieved from /mnt/c/Users/teu20/Documents/Poli/Repo/eEDB011-20243/atividade 6 - WSL/airflow/dags/dag_dbt_raw_model.py
[2024-09-09T21:01:43.430-0300] {logging_mixin.py:190} INFO - [2024-09-09T21:01:43.429-0300] {dag.py:3229} INFO - Sync 1 DAGs
[2024-09-09T21:01:43.442-0300] {logging_mixin.py:190} INFO - [2024-09-09T21:01:43.442-0300] {dag.py:4156} INFO - Setting next_dagrun for simple_dbt_dag to 2024-09-10 00:00:00+00:00, run_after=2024-09-11 00:00:00+00:00
[2024-09-09T21:01:43.456-0300] {processor.py:208} INFO - Processing /mnt/c/Users/teu20/Documents/Poli/Repo/eEDB011-20243/atividade 6 - WSL/airflow/dags/dag_dbt_raw_model.py took 0.069 seconds
[2024-09-09T21:02:13.647-0300] {processor.py:186} INFO - Started process (PID=263293) to work on /mnt/c/Users/teu20/Documents/Poli/Repo/eEDB011-20243/atividade 6 - WSL/airflow/dags/dag_dbt_raw_model.py
[2024-09-09T21:02:13.648-0300] {processor.py:914} INFO - Processing file /mnt/c/Users/teu20/Documents/Poli/Repo/eEDB011-20243/atividade 6 - WSL/airflow/dags/dag_dbt_raw_model.py for tasks to queue
[2024-09-09T21:02:13.650-0300] {logging_mixin.py:190} INFO - [2024-09-09T21:02:13.650-0300] {dagbag.py:587} INFO - Filling up the DagBag from /mnt/c/Users/teu20/Documents/Poli/Repo/eEDB011-20243/atividade 6 - WSL/airflow/dags/dag_dbt_raw_model.py
[2024-09-09T21:02:13.668-0300] {processor.py:925} INFO - DAG(s) 'simple_dbt_dag' retrieved from /mnt/c/Users/teu20/Documents/Poli/Repo/eEDB011-20243/atividade 6 - WSL/airflow/dags/dag_dbt_raw_model.py
[2024-09-09T21:02:13.686-0300] {logging_mixin.py:190} INFO - [2024-09-09T21:02:13.685-0300] {dag.py:3229} INFO - Sync 1 DAGs
[2024-09-09T21:02:13.701-0300] {logging_mixin.py:190} INFO - [2024-09-09T21:02:13.700-0300] {dag.py:4156} INFO - Setting next_dagrun for simple_dbt_dag to 2024-09-10 00:00:00+00:00, run_after=2024-09-11 00:00:00+00:00
[2024-09-09T21:02:13.714-0300] {processor.py:208} INFO - Processing /mnt/c/Users/teu20/Documents/Poli/Repo/eEDB011-20243/atividade 6 - WSL/airflow/dags/dag_dbt_raw_model.py took 0.076 seconds
[2024-09-09T21:02:44.509-0300] {processor.py:186} INFO - Started process (PID=263725) to work on /mnt/c/Users/teu20/Documents/Poli/Repo/eEDB011-20243/atividade 6 - WSL/airflow/dags/dag_dbt_raw_model.py
[2024-09-09T21:02:44.510-0300] {processor.py:914} INFO - Processing file /mnt/c/Users/teu20/Documents/Poli/Repo/eEDB011-20243/atividade 6 - WSL/airflow/dags/dag_dbt_raw_model.py for tasks to queue
[2024-09-09T21:02:44.512-0300] {logging_mixin.py:190} INFO - [2024-09-09T21:02:44.511-0300] {dagbag.py:587} INFO - Filling up the DagBag from /mnt/c/Users/teu20/Documents/Poli/Repo/eEDB011-20243/atividade 6 - WSL/airflow/dags/dag_dbt_raw_model.py
[2024-09-09T21:02:44.528-0300] {processor.py:925} INFO - DAG(s) 'simple_dbt_dag' retrieved from /mnt/c/Users/teu20/Documents/Poli/Repo/eEDB011-20243/atividade 6 - WSL/airflow/dags/dag_dbt_raw_model.py
[2024-09-09T21:02:44.545-0300] {logging_mixin.py:190} INFO - [2024-09-09T21:02:44.544-0300] {dag.py:3229} INFO - Sync 1 DAGs
[2024-09-09T21:02:44.558-0300] {logging_mixin.py:190} INFO - [2024-09-09T21:02:44.557-0300] {dag.py:4156} INFO - Setting next_dagrun for simple_dbt_dag to 2024-09-10 00:00:00+00:00, run_after=2024-09-11 00:00:00+00:00
[2024-09-09T21:02:44.572-0300] {processor.py:208} INFO - Processing /mnt/c/Users/teu20/Documents/Poli/Repo/eEDB011-20243/atividade 6 - WSL/airflow/dags/dag_dbt_raw_model.py took 0.070 seconds
[2024-09-09T21:03:15.092-0300] {processor.py:186} INFO - Started process (PID=264155) to work on /mnt/c/Users/teu20/Documents/Poli/Repo/eEDB011-20243/atividade 6 - WSL/airflow/dags/dag_dbt_raw_model.py
[2024-09-09T21:03:15.093-0300] {processor.py:914} INFO - Processing file /mnt/c/Users/teu20/Documents/Poli/Repo/eEDB011-20243/atividade 6 - WSL/airflow/dags/dag_dbt_raw_model.py for tasks to queue
[2024-09-09T21:03:15.095-0300] {logging_mixin.py:190} INFO - [2024-09-09T21:03:15.094-0300] {dagbag.py:587} INFO - Filling up the DagBag from /mnt/c/Users/teu20/Documents/Poli/Repo/eEDB011-20243/atividade 6 - WSL/airflow/dags/dag_dbt_raw_model.py
[2024-09-09T21:03:15.118-0300] {processor.py:925} INFO - DAG(s) 'simple_dbt_dag' retrieved from /mnt/c/Users/teu20/Documents/Poli/Repo/eEDB011-20243/atividade 6 - WSL/airflow/dags/dag_dbt_raw_model.py
[2024-09-09T21:03:15.143-0300] {logging_mixin.py:190} INFO - [2024-09-09T21:03:15.142-0300] {dag.py:3229} INFO - Sync 1 DAGs
[2024-09-09T21:03:15.158-0300] {logging_mixin.py:190} INFO - [2024-09-09T21:03:15.157-0300] {dag.py:4156} INFO - Setting next_dagrun for simple_dbt_dag to 2024-09-10 00:00:00+00:00, run_after=2024-09-11 00:00:00+00:00
[2024-09-09T21:03:15.187-0300] {processor.py:208} INFO - Processing /mnt/c/Users/teu20/Documents/Poli/Repo/eEDB011-20243/atividade 6 - WSL/airflow/dags/dag_dbt_raw_model.py took 0.103 seconds
[2024-09-09T21:03:45.375-0300] {processor.py:186} INFO - Started process (PID=264595) to work on /mnt/c/Users/teu20/Documents/Poli/Repo/eEDB011-20243/atividade 6 - WSL/airflow/dags/dag_dbt_raw_model.py
[2024-09-09T21:03:45.376-0300] {processor.py:914} INFO - Processing file /mnt/c/Users/teu20/Documents/Poli/Repo/eEDB011-20243/atividade 6 - WSL/airflow/dags/dag_dbt_raw_model.py for tasks to queue
[2024-09-09T21:03:45.378-0300] {logging_mixin.py:190} INFO - [2024-09-09T21:03:45.377-0300] {dagbag.py:587} INFO - Filling up the DagBag from /mnt/c/Users/teu20/Documents/Poli/Repo/eEDB011-20243/atividade 6 - WSL/airflow/dags/dag_dbt_raw_model.py
[2024-09-09T21:03:45.396-0300] {processor.py:925} INFO - DAG(s) 'simple_dbt_dag' retrieved from /mnt/c/Users/teu20/Documents/Poli/Repo/eEDB011-20243/atividade 6 - WSL/airflow/dags/dag_dbt_raw_model.py
[2024-09-09T21:03:46.255-0300] {logging_mixin.py:190} INFO - [2024-09-09T21:03:46.255-0300] {dag.py:3229} INFO - Sync 1 DAGs
[2024-09-09T21:03:46.270-0300] {logging_mixin.py:190} INFO - [2024-09-09T21:03:46.269-0300] {dag.py:4156} INFO - Setting next_dagrun for simple_dbt_dag to 2024-09-10 00:00:00+00:00, run_after=2024-09-11 00:00:00+00:00
[2024-09-09T21:03:46.289-0300] {processor.py:208} INFO - Processing /mnt/c/Users/teu20/Documents/Poli/Repo/eEDB011-20243/atividade 6 - WSL/airflow/dags/dag_dbt_raw_model.py took 0.922 seconds
[2024-09-09T21:04:16.625-0300] {processor.py:186} INFO - Started process (PID=265030) to work on /mnt/c/Users/teu20/Documents/Poli/Repo/eEDB011-20243/atividade 6 - WSL/airflow/dags/dag_dbt_raw_model.py
[2024-09-09T21:04:16.627-0300] {processor.py:914} INFO - Processing file /mnt/c/Users/teu20/Documents/Poli/Repo/eEDB011-20243/atividade 6 - WSL/airflow/dags/dag_dbt_raw_model.py for tasks to queue
[2024-09-09T21:04:16.628-0300] {logging_mixin.py:190} INFO - [2024-09-09T21:04:16.628-0300] {dagbag.py:587} INFO - Filling up the DagBag from /mnt/c/Users/teu20/Documents/Poli/Repo/eEDB011-20243/atividade 6 - WSL/airflow/dags/dag_dbt_raw_model.py
[2024-09-09T21:04:16.645-0300] {processor.py:925} INFO - DAG(s) 'simple_dbt_dag' retrieved from /mnt/c/Users/teu20/Documents/Poli/Repo/eEDB011-20243/atividade 6 - WSL/airflow/dags/dag_dbt_raw_model.py
[2024-09-09T21:04:16.662-0300] {logging_mixin.py:190} INFO - [2024-09-09T21:04:16.661-0300] {dag.py:3229} INFO - Sync 1 DAGs
[2024-09-09T21:04:16.675-0300] {logging_mixin.py:190} INFO - [2024-09-09T21:04:16.674-0300] {dag.py:4156} INFO - Setting next_dagrun for simple_dbt_dag to 2024-09-10 00:00:00+00:00, run_after=2024-09-11 00:00:00+00:00
[2024-09-09T21:04:16.688-0300] {processor.py:208} INFO - Processing /mnt/c/Users/teu20/Documents/Poli/Repo/eEDB011-20243/atividade 6 - WSL/airflow/dags/dag_dbt_raw_model.py took 0.071 seconds
[2024-09-09T21:04:47.129-0300] {processor.py:186} INFO - Started process (PID=266129) to work on /mnt/c/Users/teu20/Documents/Poli/Repo/eEDB011-20243/atividade 6 - WSL/airflow/dags/dag_dbt_raw_model.py
[2024-09-09T21:04:47.130-0300] {processor.py:914} INFO - Processing file /mnt/c/Users/teu20/Documents/Poli/Repo/eEDB011-20243/atividade 6 - WSL/airflow/dags/dag_dbt_raw_model.py for tasks to queue
[2024-09-09T21:04:47.132-0300] {logging_mixin.py:190} INFO - [2024-09-09T21:04:47.131-0300] {dagbag.py:587} INFO - Filling up the DagBag from /mnt/c/Users/teu20/Documents/Poli/Repo/eEDB011-20243/atividade 6 - WSL/airflow/dags/dag_dbt_raw_model.py
[2024-09-09T21:04:47.148-0300] {processor.py:925} INFO - DAG(s) 'simple_dbt_dag' retrieved from /mnt/c/Users/teu20/Documents/Poli/Repo/eEDB011-20243/atividade 6 - WSL/airflow/dags/dag_dbt_raw_model.py
[2024-09-09T21:04:47.166-0300] {logging_mixin.py:190} INFO - [2024-09-09T21:04:47.165-0300] {dag.py:3229} INFO - Sync 1 DAGs
[2024-09-09T21:04:47.179-0300] {logging_mixin.py:190} INFO - [2024-09-09T21:04:47.178-0300] {dag.py:4156} INFO - Setting next_dagrun for simple_dbt_dag to 2024-09-10 00:00:00+00:00, run_after=2024-09-11 00:00:00+00:00
[2024-09-09T21:04:47.192-0300] {processor.py:208} INFO - Processing /mnt/c/Users/teu20/Documents/Poli/Repo/eEDB011-20243/atividade 6 - WSL/airflow/dags/dag_dbt_raw_model.py took 0.071 seconds
[2024-09-09T21:05:17.705-0300] {processor.py:186} INFO - Started process (PID=266777) to work on /mnt/c/Users/teu20/Documents/Poli/Repo/eEDB011-20243/atividade 6 - WSL/airflow/dags/dag_dbt_raw_model.py
[2024-09-09T21:05:17.706-0300] {processor.py:914} INFO - Processing file /mnt/c/Users/teu20/Documents/Poli/Repo/eEDB011-20243/atividade 6 - WSL/airflow/dags/dag_dbt_raw_model.py for tasks to queue
[2024-09-09T21:05:17.707-0300] {logging_mixin.py:190} INFO - [2024-09-09T21:05:17.707-0300] {dagbag.py:587} INFO - Filling up the DagBag from /mnt/c/Users/teu20/Documents/Poli/Repo/eEDB011-20243/atividade 6 - WSL/airflow/dags/dag_dbt_raw_model.py
[2024-09-09T21:05:17.723-0300] {processor.py:925} INFO - DAG(s) 'simple_dbt_dag' retrieved from /mnt/c/Users/teu20/Documents/Poli/Repo/eEDB011-20243/atividade 6 - WSL/airflow/dags/dag_dbt_raw_model.py
[2024-09-09T21:05:17.739-0300] {logging_mixin.py:190} INFO - [2024-09-09T21:05:17.739-0300] {dag.py:3229} INFO - Sync 1 DAGs
[2024-09-09T21:05:17.752-0300] {logging_mixin.py:190} INFO - [2024-09-09T21:05:17.751-0300] {dag.py:4156} INFO - Setting next_dagrun for simple_dbt_dag to 2024-09-10 00:00:00+00:00, run_after=2024-09-11 00:00:00+00:00
[2024-09-09T21:05:17.767-0300] {processor.py:208} INFO - Processing /mnt/c/Users/teu20/Documents/Poli/Repo/eEDB011-20243/atividade 6 - WSL/airflow/dags/dag_dbt_raw_model.py took 0.069 seconds
[2024-09-09T21:05:48.228-0300] {processor.py:186} INFO - Started process (PID=267208) to work on /mnt/c/Users/teu20/Documents/Poli/Repo/eEDB011-20243/atividade 6 - WSL/airflow/dags/dag_dbt_raw_model.py
[2024-09-09T21:05:48.229-0300] {processor.py:914} INFO - Processing file /mnt/c/Users/teu20/Documents/Poli/Repo/eEDB011-20243/atividade 6 - WSL/airflow/dags/dag_dbt_raw_model.py for tasks to queue
[2024-09-09T21:05:48.231-0300] {logging_mixin.py:190} INFO - [2024-09-09T21:05:48.230-0300] {dagbag.py:587} INFO - Filling up the DagBag from /mnt/c/Users/teu20/Documents/Poli/Repo/eEDB011-20243/atividade 6 - WSL/airflow/dags/dag_dbt_raw_model.py
[2024-09-09T21:05:48.248-0300] {processor.py:925} INFO - DAG(s) 'simple_dbt_dag' retrieved from /mnt/c/Users/teu20/Documents/Poli/Repo/eEDB011-20243/atividade 6 - WSL/airflow/dags/dag_dbt_raw_model.py
[2024-09-09T21:05:48.266-0300] {logging_mixin.py:190} INFO - [2024-09-09T21:05:48.265-0300] {dag.py:3229} INFO - Sync 1 DAGs
[2024-09-09T21:05:48.281-0300] {logging_mixin.py:190} INFO - [2024-09-09T21:05:48.280-0300] {dag.py:4156} INFO - Setting next_dagrun for simple_dbt_dag to 2024-09-10 00:00:00+00:00, run_after=2024-09-11 00:00:00+00:00
[2024-09-09T21:05:48.297-0300] {processor.py:208} INFO - Processing /mnt/c/Users/teu20/Documents/Poli/Repo/eEDB011-20243/atividade 6 - WSL/airflow/dags/dag_dbt_raw_model.py took 0.077 seconds
[2024-09-09T21:06:18.751-0300] {processor.py:186} INFO - Started process (PID=267638) to work on /mnt/c/Users/teu20/Documents/Poli/Repo/eEDB011-20243/atividade 6 - WSL/airflow/dags/dag_dbt_raw_model.py
[2024-09-09T21:06:18.753-0300] {processor.py:914} INFO - Processing file /mnt/c/Users/teu20/Documents/Poli/Repo/eEDB011-20243/atividade 6 - WSL/airflow/dags/dag_dbt_raw_model.py for tasks to queue
[2024-09-09T21:06:18.754-0300] {logging_mixin.py:190} INFO - [2024-09-09T21:06:18.754-0300] {dagbag.py:587} INFO - Filling up the DagBag from /mnt/c/Users/teu20/Documents/Poli/Repo/eEDB011-20243/atividade 6 - WSL/airflow/dags/dag_dbt_raw_model.py
[2024-09-09T21:06:18.770-0300] {processor.py:925} INFO - DAG(s) 'simple_dbt_dag' retrieved from /mnt/c/Users/teu20/Documents/Poli/Repo/eEDB011-20243/atividade 6 - WSL/airflow/dags/dag_dbt_raw_model.py
[2024-09-09T21:06:18.787-0300] {logging_mixin.py:190} INFO - [2024-09-09T21:06:18.786-0300] {dag.py:3229} INFO - Sync 1 DAGs
[2024-09-09T21:06:18.799-0300] {logging_mixin.py:190} INFO - [2024-09-09T21:06:18.799-0300] {dag.py:4156} INFO - Setting next_dagrun for simple_dbt_dag to 2024-09-10 00:00:00+00:00, run_after=2024-09-11 00:00:00+00:00
[2024-09-09T21:06:18.813-0300] {processor.py:208} INFO - Processing /mnt/c/Users/teu20/Documents/Poli/Repo/eEDB011-20243/atividade 6 - WSL/airflow/dags/dag_dbt_raw_model.py took 0.069 seconds
[2024-09-09T21:06:49.224-0300] {processor.py:186} INFO - Started process (PID=268228) to work on /mnt/c/Users/teu20/Documents/Poli/Repo/eEDB011-20243/atividade 6 - WSL/airflow/dags/dag_dbt_raw_model.py
[2024-09-09T21:06:49.225-0300] {processor.py:914} INFO - Processing file /mnt/c/Users/teu20/Documents/Poli/Repo/eEDB011-20243/atividade 6 - WSL/airflow/dags/dag_dbt_raw_model.py for tasks to queue
[2024-09-09T21:06:49.226-0300] {logging_mixin.py:190} INFO - [2024-09-09T21:06:49.226-0300] {dagbag.py:587} INFO - Filling up the DagBag from /mnt/c/Users/teu20/Documents/Poli/Repo/eEDB011-20243/atividade 6 - WSL/airflow/dags/dag_dbt_raw_model.py
[2024-09-09T21:06:49.242-0300] {processor.py:925} INFO - DAG(s) 'simple_dbt_dag' retrieved from /mnt/c/Users/teu20/Documents/Poli/Repo/eEDB011-20243/atividade 6 - WSL/airflow/dags/dag_dbt_raw_model.py
[2024-09-09T21:06:49.259-0300] {logging_mixin.py:190} INFO - [2024-09-09T21:06:49.258-0300] {dag.py:3229} INFO - Sync 1 DAGs
[2024-09-09T21:06:49.271-0300] {logging_mixin.py:190} INFO - [2024-09-09T21:06:49.270-0300] {dag.py:4156} INFO - Setting next_dagrun for simple_dbt_dag to 2024-09-10 00:00:00+00:00, run_after=2024-09-11 00:00:00+00:00
[2024-09-09T21:06:49.285-0300] {processor.py:208} INFO - Processing /mnt/c/Users/teu20/Documents/Poli/Repo/eEDB011-20243/atividade 6 - WSL/airflow/dags/dag_dbt_raw_model.py took 0.069 seconds
[2024-09-09T21:07:19.623-0300] {processor.py:186} INFO - Started process (PID=268935) to work on /mnt/c/Users/teu20/Documents/Poli/Repo/eEDB011-20243/atividade 6 - WSL/airflow/dags/dag_dbt_raw_model.py
[2024-09-09T21:07:19.624-0300] {processor.py:914} INFO - Processing file /mnt/c/Users/teu20/Documents/Poli/Repo/eEDB011-20243/atividade 6 - WSL/airflow/dags/dag_dbt_raw_model.py for tasks to queue
[2024-09-09T21:07:19.626-0300] {logging_mixin.py:190} INFO - [2024-09-09T21:07:19.625-0300] {dagbag.py:587} INFO - Filling up the DagBag from /mnt/c/Users/teu20/Documents/Poli/Repo/eEDB011-20243/atividade 6 - WSL/airflow/dags/dag_dbt_raw_model.py
[2024-09-09T21:07:19.641-0300] {processor.py:925} INFO - DAG(s) 'simple_dbt_dag' retrieved from /mnt/c/Users/teu20/Documents/Poli/Repo/eEDB011-20243/atividade 6 - WSL/airflow/dags/dag_dbt_raw_model.py
[2024-09-09T21:07:19.658-0300] {logging_mixin.py:190} INFO - [2024-09-09T21:07:19.658-0300] {dag.py:3229} INFO - Sync 1 DAGs
[2024-09-09T21:07:19.671-0300] {logging_mixin.py:190} INFO - [2024-09-09T21:07:19.670-0300] {dag.py:4156} INFO - Setting next_dagrun for simple_dbt_dag to 2024-09-10 00:00:00+00:00, run_after=2024-09-11 00:00:00+00:00
[2024-09-09T21:07:19.684-0300] {processor.py:208} INFO - Processing /mnt/c/Users/teu20/Documents/Poli/Repo/eEDB011-20243/atividade 6 - WSL/airflow/dags/dag_dbt_raw_model.py took 0.070 seconds
[2024-09-09T21:07:50.282-0300] {processor.py:186} INFO - Started process (PID=269450) to work on /mnt/c/Users/teu20/Documents/Poli/Repo/eEDB011-20243/atividade 6 - WSL/airflow/dags/dag_dbt_raw_model.py
[2024-09-09T21:07:50.283-0300] {processor.py:914} INFO - Processing file /mnt/c/Users/teu20/Documents/Poli/Repo/eEDB011-20243/atividade 6 - WSL/airflow/dags/dag_dbt_raw_model.py for tasks to queue
[2024-09-09T21:07:50.285-0300] {logging_mixin.py:190} INFO - [2024-09-09T21:07:50.284-0300] {dagbag.py:587} INFO - Filling up the DagBag from /mnt/c/Users/teu20/Documents/Poli/Repo/eEDB011-20243/atividade 6 - WSL/airflow/dags/dag_dbt_raw_model.py
[2024-09-09T21:07:50.301-0300] {processor.py:925} INFO - DAG(s) 'simple_dbt_dag' retrieved from /mnt/c/Users/teu20/Documents/Poli/Repo/eEDB011-20243/atividade 6 - WSL/airflow/dags/dag_dbt_raw_model.py
[2024-09-09T21:07:50.318-0300] {logging_mixin.py:190} INFO - [2024-09-09T21:07:50.317-0300] {dag.py:3229} INFO - Sync 1 DAGs
[2024-09-09T21:07:50.331-0300] {logging_mixin.py:190} INFO - [2024-09-09T21:07:50.330-0300] {dag.py:4156} INFO - Setting next_dagrun for simple_dbt_dag to 2024-09-10 00:00:00+00:00, run_after=2024-09-11 00:00:00+00:00
[2024-09-09T21:07:50.346-0300] {processor.py:208} INFO - Processing /mnt/c/Users/teu20/Documents/Poli/Repo/eEDB011-20243/atividade 6 - WSL/airflow/dags/dag_dbt_raw_model.py took 0.072 seconds
[2024-09-09T21:08:20.510-0300] {processor.py:186} INFO - Started process (PID=270058) to work on /mnt/c/Users/teu20/Documents/Poli/Repo/eEDB011-20243/atividade 6 - WSL/airflow/dags/dag_dbt_raw_model.py
[2024-09-09T21:08:20.511-0300] {processor.py:914} INFO - Processing file /mnt/c/Users/teu20/Documents/Poli/Repo/eEDB011-20243/atividade 6 - WSL/airflow/dags/dag_dbt_raw_model.py for tasks to queue
[2024-09-09T21:08:20.513-0300] {logging_mixin.py:190} INFO - [2024-09-09T21:08:20.512-0300] {dagbag.py:587} INFO - Filling up the DagBag from /mnt/c/Users/teu20/Documents/Poli/Repo/eEDB011-20243/atividade 6 - WSL/airflow/dags/dag_dbt_raw_model.py
[2024-09-09T21:08:20.528-0300] {processor.py:925} INFO - DAG(s) 'simple_dbt_dag' retrieved from /mnt/c/Users/teu20/Documents/Poli/Repo/eEDB011-20243/atividade 6 - WSL/airflow/dags/dag_dbt_raw_model.py
[2024-09-09T21:08:20.546-0300] {logging_mixin.py:190} INFO - [2024-09-09T21:08:20.546-0300] {dag.py:3229} INFO - Sync 1 DAGs
[2024-09-09T21:08:20.559-0300] {logging_mixin.py:190} INFO - [2024-09-09T21:08:20.558-0300] {dag.py:4156} INFO - Setting next_dagrun for simple_dbt_dag to 2024-09-10 00:00:00+00:00, run_after=2024-09-11 00:00:00+00:00
[2024-09-09T21:08:20.573-0300] {processor.py:208} INFO - Processing /mnt/c/Users/teu20/Documents/Poli/Repo/eEDB011-20243/atividade 6 - WSL/airflow/dags/dag_dbt_raw_model.py took 0.071 seconds
