[2024-09-09T21:00:19.886-0300] {processor.py:186} INFO - Started process (PID=261326) to work on /mnt/c/Users/teu20/Documents/Poli/Repo/eEDB011-20243/atividade 6 - WSL/airflow/dags/dat_dbt_delivery_model.py
[2024-09-09T21:00:19.888-0300] {processor.py:914} INFO - Processing file /mnt/c/Users/teu20/Documents/Poli/Repo/eEDB011-20243/atividade 6 - WSL/airflow/dags/dat_dbt_delivery_model.py for tasks to queue
[2024-09-09T21:00:19.889-0300] {logging_mixin.py:190} INFO - [2024-09-09T21:00:19.889-0300] {dagbag.py:587} INFO - Filling up the DagBag from /mnt/c/Users/teu20/Documents/Poli/Repo/eEDB011-20243/atividade 6 - WSL/airflow/dags/dat_dbt_delivery_model.py
[2024-09-09T21:00:19.903-0300] {processor.py:925} INFO - DAG(s) 'dat_dbt_delivery_model' retrieved from /mnt/c/Users/teu20/Documents/Poli/Repo/eEDB011-20243/atividade 6 - WSL/airflow/dags/dat_dbt_delivery_model.py
[2024-09-09T21:00:19.920-0300] {logging_mixin.py:190} INFO - [2024-09-09T21:00:19.919-0300] {dag.py:3229} INFO - Sync 1 DAGs
[2024-09-09T21:00:19.932-0300] {logging_mixin.py:190} INFO - [2024-09-09T21:00:19.931-0300] {dag.py:4156} INFO - Setting next_dagrun for dat_dbt_delivery_model to 2024-08-09 08:15:00+00:00, run_after=2024-08-10 08:15:00+00:00
[2024-09-09T21:00:19.945-0300] {processor.py:208} INFO - Processing /mnt/c/Users/teu20/Documents/Poli/Repo/eEDB011-20243/atividade 6 - WSL/airflow/dags/dat_dbt_delivery_model.py took 0.066 seconds
[2024-09-09T21:00:50.429-0300] {processor.py:186} INFO - Started process (PID=261922) to work on /mnt/c/Users/teu20/Documents/Poli/Repo/eEDB011-20243/atividade 6 - WSL/airflow/dags/dat_dbt_delivery_model.py
[2024-09-09T21:00:50.430-0300] {processor.py:914} INFO - Processing file /mnt/c/Users/teu20/Documents/Poli/Repo/eEDB011-20243/atividade 6 - WSL/airflow/dags/dat_dbt_delivery_model.py for tasks to queue
[2024-09-09T21:00:50.432-0300] {logging_mixin.py:190} INFO - [2024-09-09T21:00:50.431-0300] {dagbag.py:587} INFO - Filling up the DagBag from /mnt/c/Users/teu20/Documents/Poli/Repo/eEDB011-20243/atividade 6 - WSL/airflow/dags/dat_dbt_delivery_model.py
[2024-09-09T21:00:50.445-0300] {processor.py:925} INFO - DAG(s) 'dat_dbt_delivery_model' retrieved from /mnt/c/Users/teu20/Documents/Poli/Repo/eEDB011-20243/atividade 6 - WSL/airflow/dags/dat_dbt_delivery_model.py
[2024-09-09T21:00:50.462-0300] {logging_mixin.py:190} INFO - [2024-09-09T21:00:50.462-0300] {dag.py:3229} INFO - Sync 1 DAGs
[2024-09-09T21:00:50.475-0300] {logging_mixin.py:190} INFO - [2024-09-09T21:00:50.474-0300] {dag.py:4156} INFO - Setting next_dagrun for dat_dbt_delivery_model to 2024-08-09 08:15:00+00:00, run_after=2024-08-10 08:15:00+00:00
[2024-09-09T21:00:50.488-0300] {processor.py:208} INFO - Processing /mnt/c/Users/teu20/Documents/Poli/Repo/eEDB011-20243/atividade 6 - WSL/airflow/dags/dat_dbt_delivery_model.py took 0.067 seconds
[2024-09-09T21:01:20.937-0300] {processor.py:186} INFO - Started process (PID=262468) to work on /mnt/c/Users/teu20/Documents/Poli/Repo/eEDB011-20243/atividade 6 - WSL/airflow/dags/dat_dbt_delivery_model.py
[2024-09-09T21:01:20.938-0300] {processor.py:914} INFO - Processing file /mnt/c/Users/teu20/Documents/Poli/Repo/eEDB011-20243/atividade 6 - WSL/airflow/dags/dat_dbt_delivery_model.py for tasks to queue
[2024-09-09T21:01:20.940-0300] {logging_mixin.py:190} INFO - [2024-09-09T21:01:20.940-0300] {dagbag.py:587} INFO - Filling up the DagBag from /mnt/c/Users/teu20/Documents/Poli/Repo/eEDB011-20243/atividade 6 - WSL/airflow/dags/dat_dbt_delivery_model.py
[2024-09-09T21:01:20.955-0300] {processor.py:925} INFO - DAG(s) 'dat_dbt_delivery_model' retrieved from /mnt/c/Users/teu20/Documents/Poli/Repo/eEDB011-20243/atividade 6 - WSL/airflow/dags/dat_dbt_delivery_model.py
[2024-09-09T21:01:20.974-0300] {logging_mixin.py:190} INFO - [2024-09-09T21:01:20.973-0300] {dag.py:3229} INFO - Sync 1 DAGs
[2024-09-09T21:01:20.986-0300] {logging_mixin.py:190} INFO - [2024-09-09T21:01:20.985-0300] {dag.py:4156} INFO - Setting next_dagrun for dat_dbt_delivery_model to 2024-08-09 08:15:00+00:00, run_after=2024-08-10 08:15:00+00:00
[2024-09-09T21:01:21.002-0300] {processor.py:208} INFO - Processing /mnt/c/Users/teu20/Documents/Poli/Repo/eEDB011-20243/atividade 6 - WSL/airflow/dags/dat_dbt_delivery_model.py took 0.073 seconds
[2024-09-09T21:01:52.007-0300] {processor.py:186} INFO - Started process (PID=262902) to work on /mnt/c/Users/teu20/Documents/Poli/Repo/eEDB011-20243/atividade 6 - WSL/airflow/dags/dat_dbt_delivery_model.py
[2024-09-09T21:01:52.008-0300] {processor.py:914} INFO - Processing file /mnt/c/Users/teu20/Documents/Poli/Repo/eEDB011-20243/atividade 6 - WSL/airflow/dags/dat_dbt_delivery_model.py for tasks to queue
[2024-09-09T21:01:52.010-0300] {logging_mixin.py:190} INFO - [2024-09-09T21:01:52.009-0300] {dagbag.py:587} INFO - Filling up the DagBag from /mnt/c/Users/teu20/Documents/Poli/Repo/eEDB011-20243/atividade 6 - WSL/airflow/dags/dat_dbt_delivery_model.py
[2024-09-09T21:01:52.024-0300] {processor.py:925} INFO - DAG(s) 'dat_dbt_delivery_model' retrieved from /mnt/c/Users/teu20/Documents/Poli/Repo/eEDB011-20243/atividade 6 - WSL/airflow/dags/dat_dbt_delivery_model.py
[2024-09-09T21:01:52.041-0300] {logging_mixin.py:190} INFO - [2024-09-09T21:01:52.041-0300] {dag.py:3229} INFO - Sync 1 DAGs
[2024-09-09T21:01:52.053-0300] {logging_mixin.py:190} INFO - [2024-09-09T21:01:52.053-0300] {dag.py:4156} INFO - Setting next_dagrun for dat_dbt_delivery_model to 2024-08-09 08:15:00+00:00, run_after=2024-08-10 08:15:00+00:00
[2024-09-09T21:01:52.067-0300] {processor.py:208} INFO - Processing /mnt/c/Users/teu20/Documents/Poli/Repo/eEDB011-20243/atividade 6 - WSL/airflow/dags/dat_dbt_delivery_model.py took 0.068 seconds
[2024-09-09T21:02:22.332-0300] {processor.py:186} INFO - Started process (PID=263332) to work on /mnt/c/Users/teu20/Documents/Poli/Repo/eEDB011-20243/atividade 6 - WSL/airflow/dags/dat_dbt_delivery_model.py
[2024-09-09T21:02:22.333-0300] {processor.py:914} INFO - Processing file /mnt/c/Users/teu20/Documents/Poli/Repo/eEDB011-20243/atividade 6 - WSL/airflow/dags/dat_dbt_delivery_model.py for tasks to queue
[2024-09-09T21:02:22.335-0300] {logging_mixin.py:190} INFO - [2024-09-09T21:02:22.334-0300] {dagbag.py:587} INFO - Filling up the DagBag from /mnt/c/Users/teu20/Documents/Poli/Repo/eEDB011-20243/atividade 6 - WSL/airflow/dags/dat_dbt_delivery_model.py
[2024-09-09T21:02:22.349-0300] {processor.py:925} INFO - DAG(s) 'dat_dbt_delivery_model' retrieved from /mnt/c/Users/teu20/Documents/Poli/Repo/eEDB011-20243/atividade 6 - WSL/airflow/dags/dat_dbt_delivery_model.py
[2024-09-09T21:02:22.367-0300] {logging_mixin.py:190} INFO - [2024-09-09T21:02:22.366-0300] {dag.py:3229} INFO - Sync 1 DAGs
[2024-09-09T21:02:22.379-0300] {logging_mixin.py:190} INFO - [2024-09-09T21:02:22.378-0300] {dag.py:4156} INFO - Setting next_dagrun for dat_dbt_delivery_model to 2024-08-09 08:15:00+00:00, run_after=2024-08-10 08:15:00+00:00
[2024-09-09T21:02:22.394-0300] {processor.py:208} INFO - Processing /mnt/c/Users/teu20/Documents/Poli/Repo/eEDB011-20243/atividade 6 - WSL/airflow/dags/dat_dbt_delivery_model.py took 0.070 seconds
[2024-09-09T21:02:53.111-0300] {processor.py:186} INFO - Started process (PID=263764) to work on /mnt/c/Users/teu20/Documents/Poli/Repo/eEDB011-20243/atividade 6 - WSL/airflow/dags/dat_dbt_delivery_model.py
[2024-09-09T21:02:53.112-0300] {processor.py:914} INFO - Processing file /mnt/c/Users/teu20/Documents/Poli/Repo/eEDB011-20243/atividade 6 - WSL/airflow/dags/dat_dbt_delivery_model.py for tasks to queue
[2024-09-09T21:02:53.114-0300] {logging_mixin.py:190} INFO - [2024-09-09T21:02:53.113-0300] {dagbag.py:587} INFO - Filling up the DagBag from /mnt/c/Users/teu20/Documents/Poli/Repo/eEDB011-20243/atividade 6 - WSL/airflow/dags/dat_dbt_delivery_model.py
[2024-09-09T21:02:53.127-0300] {processor.py:925} INFO - DAG(s) 'dat_dbt_delivery_model' retrieved from /mnt/c/Users/teu20/Documents/Poli/Repo/eEDB011-20243/atividade 6 - WSL/airflow/dags/dat_dbt_delivery_model.py
[2024-09-09T21:02:53.144-0300] {logging_mixin.py:190} INFO - [2024-09-09T21:02:53.143-0300] {dag.py:3229} INFO - Sync 1 DAGs
[2024-09-09T21:02:53.155-0300] {logging_mixin.py:190} INFO - [2024-09-09T21:02:53.155-0300] {dag.py:4156} INFO - Setting next_dagrun for dat_dbt_delivery_model to 2024-08-09 08:15:00+00:00, run_after=2024-08-10 08:15:00+00:00
[2024-09-09T21:02:53.168-0300] {processor.py:208} INFO - Processing /mnt/c/Users/teu20/Documents/Poli/Repo/eEDB011-20243/atividade 6 - WSL/airflow/dags/dat_dbt_delivery_model.py took 0.065 seconds
[2024-09-09T21:03:23.702-0300] {processor.py:186} INFO - Started process (PID=264196) to work on /mnt/c/Users/teu20/Documents/Poli/Repo/eEDB011-20243/atividade 6 - WSL/airflow/dags/dat_dbt_delivery_model.py
[2024-09-09T21:03:23.703-0300] {processor.py:914} INFO - Processing file /mnt/c/Users/teu20/Documents/Poli/Repo/eEDB011-20243/atividade 6 - WSL/airflow/dags/dat_dbt_delivery_model.py for tasks to queue
[2024-09-09T21:03:23.705-0300] {logging_mixin.py:190} INFO - [2024-09-09T21:03:23.704-0300] {dagbag.py:587} INFO - Filling up the DagBag from /mnt/c/Users/teu20/Documents/Poli/Repo/eEDB011-20243/atividade 6 - WSL/airflow/dags/dat_dbt_delivery_model.py
[2024-09-09T21:03:23.719-0300] {processor.py:925} INFO - DAG(s) 'dat_dbt_delivery_model' retrieved from /mnt/c/Users/teu20/Documents/Poli/Repo/eEDB011-20243/atividade 6 - WSL/airflow/dags/dat_dbt_delivery_model.py
[2024-09-09T21:03:23.738-0300] {logging_mixin.py:190} INFO - [2024-09-09T21:03:23.737-0300] {dag.py:3229} INFO - Sync 1 DAGs
[2024-09-09T21:03:23.752-0300] {logging_mixin.py:190} INFO - [2024-09-09T21:03:23.751-0300] {dag.py:4156} INFO - Setting next_dagrun for dat_dbt_delivery_model to 2024-08-09 08:15:00+00:00, run_after=2024-08-10 08:15:00+00:00
[2024-09-09T21:03:23.766-0300] {processor.py:208} INFO - Processing /mnt/c/Users/teu20/Documents/Poli/Repo/eEDB011-20243/atividade 6 - WSL/airflow/dags/dat_dbt_delivery_model.py took 0.072 seconds
[2024-09-09T21:03:53.954-0300] {processor.py:186} INFO - Started process (PID=264634) to work on /mnt/c/Users/teu20/Documents/Poli/Repo/eEDB011-20243/atividade 6 - WSL/airflow/dags/dat_dbt_delivery_model.py
[2024-09-09T21:03:53.955-0300] {processor.py:914} INFO - Processing file /mnt/c/Users/teu20/Documents/Poli/Repo/eEDB011-20243/atividade 6 - WSL/airflow/dags/dat_dbt_delivery_model.py for tasks to queue
[2024-09-09T21:03:53.957-0300] {logging_mixin.py:190} INFO - [2024-09-09T21:03:53.956-0300] {dagbag.py:587} INFO - Filling up the DagBag from /mnt/c/Users/teu20/Documents/Poli/Repo/eEDB011-20243/atividade 6 - WSL/airflow/dags/dat_dbt_delivery_model.py
[2024-09-09T21:03:53.971-0300] {processor.py:925} INFO - DAG(s) 'dat_dbt_delivery_model' retrieved from /mnt/c/Users/teu20/Documents/Poli/Repo/eEDB011-20243/atividade 6 - WSL/airflow/dags/dat_dbt_delivery_model.py
[2024-09-09T21:03:53.989-0300] {logging_mixin.py:190} INFO - [2024-09-09T21:03:53.988-0300] {dag.py:3229} INFO - Sync 1 DAGs
[2024-09-09T21:03:54.002-0300] {logging_mixin.py:190} INFO - [2024-09-09T21:03:54.001-0300] {dag.py:4156} INFO - Setting next_dagrun for dat_dbt_delivery_model to 2024-08-09 08:15:00+00:00, run_after=2024-08-10 08:15:00+00:00
[2024-09-09T21:03:54.018-0300] {processor.py:208} INFO - Processing /mnt/c/Users/teu20/Documents/Poli/Repo/eEDB011-20243/atividade 6 - WSL/airflow/dags/dat_dbt_delivery_model.py took 0.072 seconds
[2024-09-09T21:04:24.269-0300] {processor.py:186} INFO - Started process (PID=265068) to work on /mnt/c/Users/teu20/Documents/Poli/Repo/eEDB011-20243/atividade 6 - WSL/airflow/dags/dat_dbt_delivery_model.py
[2024-09-09T21:04:24.270-0300] {processor.py:914} INFO - Processing file /mnt/c/Users/teu20/Documents/Poli/Repo/eEDB011-20243/atividade 6 - WSL/airflow/dags/dat_dbt_delivery_model.py for tasks to queue
[2024-09-09T21:04:24.273-0300] {logging_mixin.py:190} INFO - [2024-09-09T21:04:24.272-0300] {dagbag.py:587} INFO - Filling up the DagBag from /mnt/c/Users/teu20/Documents/Poli/Repo/eEDB011-20243/atividade 6 - WSL/airflow/dags/dat_dbt_delivery_model.py
[2024-09-09T21:04:24.289-0300] {processor.py:925} INFO - DAG(s) 'dat_dbt_delivery_model' retrieved from /mnt/c/Users/teu20/Documents/Poli/Repo/eEDB011-20243/atividade 6 - WSL/airflow/dags/dat_dbt_delivery_model.py
[2024-09-09T21:04:24.310-0300] {logging_mixin.py:190} INFO - [2024-09-09T21:04:24.309-0300] {dag.py:3229} INFO - Sync 1 DAGs
[2024-09-09T21:04:24.326-0300] {logging_mixin.py:190} INFO - [2024-09-09T21:04:24.326-0300] {dag.py:4156} INFO - Setting next_dagrun for dat_dbt_delivery_model to 2024-08-09 08:15:00+00:00, run_after=2024-08-10 08:15:00+00:00
[2024-09-09T21:04:24.342-0300] {processor.py:208} INFO - Processing /mnt/c/Users/teu20/Documents/Poli/Repo/eEDB011-20243/atividade 6 - WSL/airflow/dags/dat_dbt_delivery_model.py took 0.082 seconds
[2024-09-09T21:04:54.645-0300] {processor.py:186} INFO - Started process (PID=266219) to work on /mnt/c/Users/teu20/Documents/Poli/Repo/eEDB011-20243/atividade 6 - WSL/airflow/dags/dat_dbt_delivery_model.py
[2024-09-09T21:04:54.646-0300] {processor.py:914} INFO - Processing file /mnt/c/Users/teu20/Documents/Poli/Repo/eEDB011-20243/atividade 6 - WSL/airflow/dags/dat_dbt_delivery_model.py for tasks to queue
[2024-09-09T21:04:54.648-0300] {logging_mixin.py:190} INFO - [2024-09-09T21:04:54.647-0300] {dagbag.py:587} INFO - Filling up the DagBag from /mnt/c/Users/teu20/Documents/Poli/Repo/eEDB011-20243/atividade 6 - WSL/airflow/dags/dat_dbt_delivery_model.py
[2024-09-09T21:04:54.661-0300] {processor.py:925} INFO - DAG(s) 'dat_dbt_delivery_model' retrieved from /mnt/c/Users/teu20/Documents/Poli/Repo/eEDB011-20243/atividade 6 - WSL/airflow/dags/dat_dbt_delivery_model.py
[2024-09-09T21:04:54.679-0300] {logging_mixin.py:190} INFO - [2024-09-09T21:04:54.679-0300] {dag.py:3229} INFO - Sync 1 DAGs
[2024-09-09T21:04:54.692-0300] {logging_mixin.py:190} INFO - [2024-09-09T21:04:54.692-0300] {dag.py:4156} INFO - Setting next_dagrun for dat_dbt_delivery_model to 2024-08-09 08:15:00+00:00, run_after=2024-08-10 08:15:00+00:00
[2024-09-09T21:04:54.707-0300] {processor.py:208} INFO - Processing /mnt/c/Users/teu20/Documents/Poli/Repo/eEDB011-20243/atividade 6 - WSL/airflow/dags/dat_dbt_delivery_model.py took 0.070 seconds
[2024-09-09T21:05:25.190-0300] {processor.py:186} INFO - Started process (PID=266812) to work on /mnt/c/Users/teu20/Documents/Poli/Repo/eEDB011-20243/atividade 6 - WSL/airflow/dags/dat_dbt_delivery_model.py
[2024-09-09T21:05:25.191-0300] {processor.py:914} INFO - Processing file /mnt/c/Users/teu20/Documents/Poli/Repo/eEDB011-20243/atividade 6 - WSL/airflow/dags/dat_dbt_delivery_model.py for tasks to queue
[2024-09-09T21:05:25.193-0300] {logging_mixin.py:190} INFO - [2024-09-09T21:05:25.192-0300] {dagbag.py:587} INFO - Filling up the DagBag from /mnt/c/Users/teu20/Documents/Poli/Repo/eEDB011-20243/atividade 6 - WSL/airflow/dags/dat_dbt_delivery_model.py
[2024-09-09T21:05:25.207-0300] {processor.py:925} INFO - DAG(s) 'dat_dbt_delivery_model' retrieved from /mnt/c/Users/teu20/Documents/Poli/Repo/eEDB011-20243/atividade 6 - WSL/airflow/dags/dat_dbt_delivery_model.py
[2024-09-09T21:05:25.224-0300] {logging_mixin.py:190} INFO - [2024-09-09T21:05:25.223-0300] {dag.py:3229} INFO - Sync 1 DAGs
[2024-09-09T21:05:25.236-0300] {logging_mixin.py:190} INFO - [2024-09-09T21:05:25.235-0300] {dag.py:4156} INFO - Setting next_dagrun for dat_dbt_delivery_model to 2024-08-09 08:15:00+00:00, run_after=2024-08-10 08:15:00+00:00
[2024-09-09T21:05:25.249-0300] {processor.py:208} INFO - Processing /mnt/c/Users/teu20/Documents/Poli/Repo/eEDB011-20243/atividade 6 - WSL/airflow/dags/dat_dbt_delivery_model.py took 0.067 seconds
[2024-09-09T21:05:55.776-0300] {processor.py:186} INFO - Started process (PID=267243) to work on /mnt/c/Users/teu20/Documents/Poli/Repo/eEDB011-20243/atividade 6 - WSL/airflow/dags/dat_dbt_delivery_model.py
[2024-09-09T21:05:55.777-0300] {processor.py:914} INFO - Processing file /mnt/c/Users/teu20/Documents/Poli/Repo/eEDB011-20243/atividade 6 - WSL/airflow/dags/dat_dbt_delivery_model.py for tasks to queue
[2024-09-09T21:05:55.779-0300] {logging_mixin.py:190} INFO - [2024-09-09T21:05:55.778-0300] {dagbag.py:587} INFO - Filling up the DagBag from /mnt/c/Users/teu20/Documents/Poli/Repo/eEDB011-20243/atividade 6 - WSL/airflow/dags/dat_dbt_delivery_model.py
[2024-09-09T21:05:55.793-0300] {processor.py:925} INFO - DAG(s) 'dat_dbt_delivery_model' retrieved from /mnt/c/Users/teu20/Documents/Poli/Repo/eEDB011-20243/atividade 6 - WSL/airflow/dags/dat_dbt_delivery_model.py
[2024-09-09T21:05:55.810-0300] {logging_mixin.py:190} INFO - [2024-09-09T21:05:55.809-0300] {dag.py:3229} INFO - Sync 1 DAGs
[2024-09-09T21:05:55.822-0300] {logging_mixin.py:190} INFO - [2024-09-09T21:05:55.821-0300] {dag.py:4156} INFO - Setting next_dagrun for dat_dbt_delivery_model to 2024-08-09 08:15:00+00:00, run_after=2024-08-10 08:15:00+00:00
[2024-09-09T21:05:55.835-0300] {processor.py:208} INFO - Processing /mnt/c/Users/teu20/Documents/Poli/Repo/eEDB011-20243/atividade 6 - WSL/airflow/dags/dat_dbt_delivery_model.py took 0.067 seconds
[2024-09-09T21:06:26.289-0300] {processor.py:186} INFO - Started process (PID=267673) to work on /mnt/c/Users/teu20/Documents/Poli/Repo/eEDB011-20243/atividade 6 - WSL/airflow/dags/dat_dbt_delivery_model.py
[2024-09-09T21:06:26.290-0300] {processor.py:914} INFO - Processing file /mnt/c/Users/teu20/Documents/Poli/Repo/eEDB011-20243/atividade 6 - WSL/airflow/dags/dat_dbt_delivery_model.py for tasks to queue
[2024-09-09T21:06:26.292-0300] {logging_mixin.py:190} INFO - [2024-09-09T21:06:26.291-0300] {dagbag.py:587} INFO - Filling up the DagBag from /mnt/c/Users/teu20/Documents/Poli/Repo/eEDB011-20243/atividade 6 - WSL/airflow/dags/dat_dbt_delivery_model.py
[2024-09-09T21:06:26.306-0300] {processor.py:925} INFO - DAG(s) 'dat_dbt_delivery_model' retrieved from /mnt/c/Users/teu20/Documents/Poli/Repo/eEDB011-20243/atividade 6 - WSL/airflow/dags/dat_dbt_delivery_model.py
[2024-09-09T21:06:26.323-0300] {logging_mixin.py:190} INFO - [2024-09-09T21:06:26.322-0300] {dag.py:3229} INFO - Sync 1 DAGs
[2024-09-09T21:06:26.337-0300] {logging_mixin.py:190} INFO - [2024-09-09T21:06:26.336-0300] {dag.py:4156} INFO - Setting next_dagrun for dat_dbt_delivery_model to 2024-08-09 08:15:00+00:00, run_after=2024-08-10 08:15:00+00:00
[2024-09-09T21:06:26.352-0300] {processor.py:208} INFO - Processing /mnt/c/Users/teu20/Documents/Poli/Repo/eEDB011-20243/atividade 6 - WSL/airflow/dags/dat_dbt_delivery_model.py took 0.072 seconds
[2024-09-09T21:06:56.766-0300] {processor.py:186} INFO - Started process (PID=268317) to work on /mnt/c/Users/teu20/Documents/Poli/Repo/eEDB011-20243/atividade 6 - WSL/airflow/dags/dat_dbt_delivery_model.py
[2024-09-09T21:06:56.767-0300] {processor.py:914} INFO - Processing file /mnt/c/Users/teu20/Documents/Poli/Repo/eEDB011-20243/atividade 6 - WSL/airflow/dags/dat_dbt_delivery_model.py for tasks to queue
[2024-09-09T21:06:56.769-0300] {logging_mixin.py:190} INFO - [2024-09-09T21:06:56.768-0300] {dagbag.py:587} INFO - Filling up the DagBag from /mnt/c/Users/teu20/Documents/Poli/Repo/eEDB011-20243/atividade 6 - WSL/airflow/dags/dat_dbt_delivery_model.py
[2024-09-09T21:06:56.783-0300] {processor.py:925} INFO - DAG(s) 'dat_dbt_delivery_model' retrieved from /mnt/c/Users/teu20/Documents/Poli/Repo/eEDB011-20243/atividade 6 - WSL/airflow/dags/dat_dbt_delivery_model.py
[2024-09-09T21:06:56.800-0300] {logging_mixin.py:190} INFO - [2024-09-09T21:06:56.799-0300] {dag.py:3229} INFO - Sync 1 DAGs
[2024-09-09T21:06:56.813-0300] {logging_mixin.py:190} INFO - [2024-09-09T21:06:56.812-0300] {dag.py:4156} INFO - Setting next_dagrun for dat_dbt_delivery_model to 2024-08-09 08:15:00+00:00, run_after=2024-08-10 08:15:00+00:00
[2024-09-09T21:06:56.828-0300] {processor.py:208} INFO - Processing /mnt/c/Users/teu20/Documents/Poli/Repo/eEDB011-20243/atividade 6 - WSL/airflow/dags/dat_dbt_delivery_model.py took 0.071 seconds
[2024-09-09T21:07:27.144-0300] {processor.py:186} INFO - Started process (PID=268987) to work on /mnt/c/Users/teu20/Documents/Poli/Repo/eEDB011-20243/atividade 6 - WSL/airflow/dags/dat_dbt_delivery_model.py
[2024-09-09T21:07:27.145-0300] {processor.py:914} INFO - Processing file /mnt/c/Users/teu20/Documents/Poli/Repo/eEDB011-20243/atividade 6 - WSL/airflow/dags/dat_dbt_delivery_model.py for tasks to queue
[2024-09-09T21:07:27.147-0300] {logging_mixin.py:190} INFO - [2024-09-09T21:07:27.146-0300] {dagbag.py:587} INFO - Filling up the DagBag from /mnt/c/Users/teu20/Documents/Poli/Repo/eEDB011-20243/atividade 6 - WSL/airflow/dags/dat_dbt_delivery_model.py
[2024-09-09T21:07:27.162-0300] {processor.py:925} INFO - DAG(s) 'dat_dbt_delivery_model' retrieved from /mnt/c/Users/teu20/Documents/Poli/Repo/eEDB011-20243/atividade 6 - WSL/airflow/dags/dat_dbt_delivery_model.py
[2024-09-09T21:07:27.181-0300] {logging_mixin.py:190} INFO - [2024-09-09T21:07:27.180-0300] {dag.py:3229} INFO - Sync 1 DAGs
[2024-09-09T21:07:27.193-0300] {logging_mixin.py:190} INFO - [2024-09-09T21:07:27.193-0300] {dag.py:4156} INFO - Setting next_dagrun for dat_dbt_delivery_model to 2024-08-09 08:15:00+00:00, run_after=2024-08-10 08:15:00+00:00
[2024-09-09T21:07:27.207-0300] {processor.py:208} INFO - Processing /mnt/c/Users/teu20/Documents/Poli/Repo/eEDB011-20243/atividade 6 - WSL/airflow/dags/dat_dbt_delivery_model.py took 0.072 seconds
[2024-09-09T21:07:57.820-0300] {processor.py:186} INFO - Started process (PID=269484) to work on /mnt/c/Users/teu20/Documents/Poli/Repo/eEDB011-20243/atividade 6 - WSL/airflow/dags/dat_dbt_delivery_model.py
[2024-09-09T21:07:57.821-0300] {processor.py:914} INFO - Processing file /mnt/c/Users/teu20/Documents/Poli/Repo/eEDB011-20243/atividade 6 - WSL/airflow/dags/dat_dbt_delivery_model.py for tasks to queue
[2024-09-09T21:07:57.822-0300] {logging_mixin.py:190} INFO - [2024-09-09T21:07:57.822-0300] {dagbag.py:587} INFO - Filling up the DagBag from /mnt/c/Users/teu20/Documents/Poli/Repo/eEDB011-20243/atividade 6 - WSL/airflow/dags/dat_dbt_delivery_model.py
[2024-09-09T21:07:57.835-0300] {processor.py:925} INFO - DAG(s) 'dat_dbt_delivery_model' retrieved from /mnt/c/Users/teu20/Documents/Poli/Repo/eEDB011-20243/atividade 6 - WSL/airflow/dags/dat_dbt_delivery_model.py
[2024-09-09T21:07:57.852-0300] {logging_mixin.py:190} INFO - [2024-09-09T21:07:57.852-0300] {dag.py:3229} INFO - Sync 1 DAGs
[2024-09-09T21:07:57.865-0300] {logging_mixin.py:190} INFO - [2024-09-09T21:07:57.864-0300] {dag.py:4156} INFO - Setting next_dagrun for dat_dbt_delivery_model to 2024-08-09 08:15:00+00:00, run_after=2024-08-10 08:15:00+00:00
[2024-09-09T21:07:57.879-0300] {processor.py:208} INFO - Processing /mnt/c/Users/teu20/Documents/Poli/Repo/eEDB011-20243/atividade 6 - WSL/airflow/dags/dat_dbt_delivery_model.py took 0.066 seconds
