[2024-09-09T21:00:19.891-0300] {processor.py:186} INFO - Started process (PID=261329) to work on /mnt/c/Users/teu20/Documents/Poli/Repo/eEDB011-20243/atividade 6 - WSL/airflow/dags/dat_dbt_trusted_model.py
[2024-09-09T21:00:19.892-0300] {processor.py:914} INFO - Processing file /mnt/c/Users/teu20/Documents/Poli/Repo/eEDB011-20243/atividade 6 - WSL/airflow/dags/dat_dbt_trusted_model.py for tasks to queue
[2024-09-09T21:00:19.894-0300] {logging_mixin.py:190} INFO - [2024-09-09T21:00:19.894-0300] {dagbag.py:587} INFO - Filling up the DagBag from /mnt/c/Users/teu20/Documents/Poli/Repo/eEDB011-20243/atividade 6 - WSL/airflow/dags/dat_dbt_trusted_model.py
[2024-09-09T21:00:19.907-0300] {processor.py:925} INFO - DAG(s) 'dat_dbt_trusted_model' retrieved from /mnt/c/Users/teu20/Documents/Poli/Repo/eEDB011-20243/atividade 6 - WSL/airflow/dags/dat_dbt_trusted_model.py
[2024-09-09T21:00:19.923-0300] {logging_mixin.py:190} INFO - [2024-09-09T21:00:19.922-0300] {dag.py:3229} INFO - Sync 1 DAGs
[2024-09-09T21:00:19.934-0300] {logging_mixin.py:190} INFO - [2024-09-09T21:00:19.934-0300] {dag.py:4156} INFO - Setting next_dagrun for dat_dbt_trusted_model to 2024-08-09 08:15:00+00:00, run_after=2024-08-10 08:15:00+00:00
[2024-09-09T21:00:19.947-0300] {processor.py:208} INFO - Processing /mnt/c/Users/teu20/Documents/Poli/Repo/eEDB011-20243/atividade 6 - WSL/airflow/dags/dat_dbt_trusted_model.py took 0.063 seconds
[2024-09-09T21:00:50.434-0300] {processor.py:186} INFO - Started process (PID=261925) to work on /mnt/c/Users/teu20/Documents/Poli/Repo/eEDB011-20243/atividade 6 - WSL/airflow/dags/dat_dbt_trusted_model.py
[2024-09-09T21:00:50.435-0300] {processor.py:914} INFO - Processing file /mnt/c/Users/teu20/Documents/Poli/Repo/eEDB011-20243/atividade 6 - WSL/airflow/dags/dat_dbt_trusted_model.py for tasks to queue
[2024-09-09T21:00:50.437-0300] {logging_mixin.py:190} INFO - [2024-09-09T21:00:50.436-0300] {dagbag.py:587} INFO - Filling up the DagBag from /mnt/c/Users/teu20/Documents/Poli/Repo/eEDB011-20243/atividade 6 - WSL/airflow/dags/dat_dbt_trusted_model.py
[2024-09-09T21:00:50.450-0300] {processor.py:925} INFO - DAG(s) 'dat_dbt_trusted_model' retrieved from /mnt/c/Users/teu20/Documents/Poli/Repo/eEDB011-20243/atividade 6 - WSL/airflow/dags/dat_dbt_trusted_model.py
[2024-09-09T21:00:50.465-0300] {logging_mixin.py:190} INFO - [2024-09-09T21:00:50.465-0300] {dag.py:3229} INFO - Sync 1 DAGs
[2024-09-09T21:00:50.477-0300] {logging_mixin.py:190} INFO - [2024-09-09T21:00:50.477-0300] {dag.py:4156} INFO - Setting next_dagrun for dat_dbt_trusted_model to 2024-08-09 08:15:00+00:00, run_after=2024-08-10 08:15:00+00:00
[2024-09-09T21:00:50.491-0300] {processor.py:208} INFO - Processing /mnt/c/Users/teu20/Documents/Poli/Repo/eEDB011-20243/atividade 6 - WSL/airflow/dags/dat_dbt_trusted_model.py took 0.063 seconds
[2024-09-09T21:01:20.943-0300] {processor.py:186} INFO - Started process (PID=262471) to work on /mnt/c/Users/teu20/Documents/Poli/Repo/eEDB011-20243/atividade 6 - WSL/airflow/dags/dat_dbt_trusted_model.py
[2024-09-09T21:01:20.944-0300] {processor.py:914} INFO - Processing file /mnt/c/Users/teu20/Documents/Poli/Repo/eEDB011-20243/atividade 6 - WSL/airflow/dags/dat_dbt_trusted_model.py for tasks to queue
[2024-09-09T21:01:20.946-0300] {logging_mixin.py:190} INFO - [2024-09-09T21:01:20.945-0300] {dagbag.py:587} INFO - Filling up the DagBag from /mnt/c/Users/teu20/Documents/Poli/Repo/eEDB011-20243/atividade 6 - WSL/airflow/dags/dat_dbt_trusted_model.py
[2024-09-09T21:01:20.960-0300] {processor.py:925} INFO - DAG(s) 'dat_dbt_trusted_model' retrieved from /mnt/c/Users/teu20/Documents/Poli/Repo/eEDB011-20243/atividade 6 - WSL/airflow/dags/dat_dbt_trusted_model.py
[2024-09-09T21:01:20.977-0300] {logging_mixin.py:190} INFO - [2024-09-09T21:01:20.976-0300] {dag.py:3229} INFO - Sync 1 DAGs
[2024-09-09T21:01:20.990-0300] {logging_mixin.py:190} INFO - [2024-09-09T21:01:20.990-0300] {dag.py:4156} INFO - Setting next_dagrun for dat_dbt_trusted_model to 2024-08-09 08:15:00+00:00, run_after=2024-08-10 08:15:00+00:00
[2024-09-09T21:01:21.005-0300] {processor.py:208} INFO - Processing /mnt/c/Users/teu20/Documents/Poli/Repo/eEDB011-20243/atividade 6 - WSL/airflow/dags/dat_dbt_trusted_model.py took 0.070 seconds
[2024-09-09T21:01:52.014-0300] {processor.py:186} INFO - Started process (PID=262905) to work on /mnt/c/Users/teu20/Documents/Poli/Repo/eEDB011-20243/atividade 6 - WSL/airflow/dags/dat_dbt_trusted_model.py
[2024-09-09T21:01:52.015-0300] {processor.py:914} INFO - Processing file /mnt/c/Users/teu20/Documents/Poli/Repo/eEDB011-20243/atividade 6 - WSL/airflow/dags/dat_dbt_trusted_model.py for tasks to queue
[2024-09-09T21:01:52.017-0300] {logging_mixin.py:190} INFO - [2024-09-09T21:01:52.016-0300] {dagbag.py:587} INFO - Filling up the DagBag from /mnt/c/Users/teu20/Documents/Poli/Repo/eEDB011-20243/atividade 6 - WSL/airflow/dags/dat_dbt_trusted_model.py
[2024-09-09T21:01:52.030-0300] {processor.py:925} INFO - DAG(s) 'dat_dbt_trusted_model' retrieved from /mnt/c/Users/teu20/Documents/Poli/Repo/eEDB011-20243/atividade 6 - WSL/airflow/dags/dat_dbt_trusted_model.py
[2024-09-09T21:01:52.046-0300] {logging_mixin.py:190} INFO - [2024-09-09T21:01:52.046-0300] {dag.py:3229} INFO - Sync 1 DAGs
[2024-09-09T21:01:52.059-0300] {logging_mixin.py:190} INFO - [2024-09-09T21:01:52.058-0300] {dag.py:4156} INFO - Setting next_dagrun for dat_dbt_trusted_model to 2024-08-09 08:15:00+00:00, run_after=2024-08-10 08:15:00+00:00
[2024-09-09T21:01:52.073-0300] {processor.py:208} INFO - Processing /mnt/c/Users/teu20/Documents/Poli/Repo/eEDB011-20243/atividade 6 - WSL/airflow/dags/dat_dbt_trusted_model.py took 0.067 seconds
[2024-09-09T21:02:22.338-0300] {processor.py:186} INFO - Started process (PID=263335) to work on /mnt/c/Users/teu20/Documents/Poli/Repo/eEDB011-20243/atividade 6 - WSL/airflow/dags/dat_dbt_trusted_model.py
[2024-09-09T21:02:22.339-0300] {processor.py:914} INFO - Processing file /mnt/c/Users/teu20/Documents/Poli/Repo/eEDB011-20243/atividade 6 - WSL/airflow/dags/dat_dbt_trusted_model.py for tasks to queue
[2024-09-09T21:02:22.341-0300] {logging_mixin.py:190} INFO - [2024-09-09T21:02:22.340-0300] {dagbag.py:587} INFO - Filling up the DagBag from /mnt/c/Users/teu20/Documents/Poli/Repo/eEDB011-20243/atividade 6 - WSL/airflow/dags/dat_dbt_trusted_model.py
[2024-09-09T21:02:22.354-0300] {processor.py:925} INFO - DAG(s) 'dat_dbt_trusted_model' retrieved from /mnt/c/Users/teu20/Documents/Poli/Repo/eEDB011-20243/atividade 6 - WSL/airflow/dags/dat_dbt_trusted_model.py
[2024-09-09T21:02:22.372-0300] {logging_mixin.py:190} INFO - [2024-09-09T21:02:22.371-0300] {dag.py:3229} INFO - Sync 1 DAGs
[2024-09-09T21:02:22.384-0300] {logging_mixin.py:190} INFO - [2024-09-09T21:02:22.383-0300] {dag.py:4156} INFO - Setting next_dagrun for dat_dbt_trusted_model to 2024-08-09 08:15:00+00:00, run_after=2024-08-10 08:15:00+00:00
[2024-09-09T21:02:22.397-0300] {processor.py:208} INFO - Processing /mnt/c/Users/teu20/Documents/Poli/Repo/eEDB011-20243/atividade 6 - WSL/airflow/dags/dat_dbt_trusted_model.py took 0.067 seconds
[2024-09-09T21:02:53.117-0300] {processor.py:186} INFO - Started process (PID=263767) to work on /mnt/c/Users/teu20/Documents/Poli/Repo/eEDB011-20243/atividade 6 - WSL/airflow/dags/dat_dbt_trusted_model.py
[2024-09-09T21:02:53.118-0300] {processor.py:914} INFO - Processing file /mnt/c/Users/teu20/Documents/Poli/Repo/eEDB011-20243/atividade 6 - WSL/airflow/dags/dat_dbt_trusted_model.py for tasks to queue
[2024-09-09T21:02:53.120-0300] {logging_mixin.py:190} INFO - [2024-09-09T21:02:53.119-0300] {dagbag.py:587} INFO - Filling up the DagBag from /mnt/c/Users/teu20/Documents/Poli/Repo/eEDB011-20243/atividade 6 - WSL/airflow/dags/dat_dbt_trusted_model.py
[2024-09-09T21:02:53.132-0300] {processor.py:925} INFO - DAG(s) 'dat_dbt_trusted_model' retrieved from /mnt/c/Users/teu20/Documents/Poli/Repo/eEDB011-20243/atividade 6 - WSL/airflow/dags/dat_dbt_trusted_model.py
[2024-09-09T21:02:53.148-0300] {logging_mixin.py:190} INFO - [2024-09-09T21:02:53.147-0300] {dag.py:3229} INFO - Sync 1 DAGs
[2024-09-09T21:02:53.159-0300] {logging_mixin.py:190} INFO - [2024-09-09T21:02:53.158-0300] {dag.py:4156} INFO - Setting next_dagrun for dat_dbt_trusted_model to 2024-08-09 08:15:00+00:00, run_after=2024-08-10 08:15:00+00:00
[2024-09-09T21:02:53.172-0300] {processor.py:208} INFO - Processing /mnt/c/Users/teu20/Documents/Poli/Repo/eEDB011-20243/atividade 6 - WSL/airflow/dags/dat_dbt_trusted_model.py took 0.063 seconds
[2024-09-09T21:03:23.707-0300] {processor.py:186} INFO - Started process (PID=264199) to work on /mnt/c/Users/teu20/Documents/Poli/Repo/eEDB011-20243/atividade 6 - WSL/airflow/dags/dat_dbt_trusted_model.py
[2024-09-09T21:03:23.708-0300] {processor.py:914} INFO - Processing file /mnt/c/Users/teu20/Documents/Poli/Repo/eEDB011-20243/atividade 6 - WSL/airflow/dags/dat_dbt_trusted_model.py for tasks to queue
[2024-09-09T21:03:23.710-0300] {logging_mixin.py:190} INFO - [2024-09-09T21:03:23.710-0300] {dagbag.py:587} INFO - Filling up the DagBag from /mnt/c/Users/teu20/Documents/Poli/Repo/eEDB011-20243/atividade 6 - WSL/airflow/dags/dat_dbt_trusted_model.py
[2024-09-09T21:03:23.724-0300] {processor.py:925} INFO - DAG(s) 'dat_dbt_trusted_model' retrieved from /mnt/c/Users/teu20/Documents/Poli/Repo/eEDB011-20243/atividade 6 - WSL/airflow/dags/dat_dbt_trusted_model.py
[2024-09-09T21:03:23.742-0300] {logging_mixin.py:190} INFO - [2024-09-09T21:03:23.741-0300] {dag.py:3229} INFO - Sync 1 DAGs
[2024-09-09T21:03:23.754-0300] {logging_mixin.py:190} INFO - [2024-09-09T21:03:23.753-0300] {dag.py:4156} INFO - Setting next_dagrun for dat_dbt_trusted_model to 2024-08-09 08:15:00+00:00, run_after=2024-08-10 08:15:00+00:00
[2024-09-09T21:03:23.768-0300] {processor.py:208} INFO - Processing /mnt/c/Users/teu20/Documents/Poli/Repo/eEDB011-20243/atividade 6 - WSL/airflow/dags/dat_dbt_trusted_model.py took 0.068 seconds
[2024-09-09T21:03:53.961-0300] {processor.py:186} INFO - Started process (PID=264637) to work on /mnt/c/Users/teu20/Documents/Poli/Repo/eEDB011-20243/atividade 6 - WSL/airflow/dags/dat_dbt_trusted_model.py
[2024-09-09T21:03:53.962-0300] {processor.py:914} INFO - Processing file /mnt/c/Users/teu20/Documents/Poli/Repo/eEDB011-20243/atividade 6 - WSL/airflow/dags/dat_dbt_trusted_model.py for tasks to queue
[2024-09-09T21:03:53.963-0300] {logging_mixin.py:190} INFO - [2024-09-09T21:03:53.963-0300] {dagbag.py:587} INFO - Filling up the DagBag from /mnt/c/Users/teu20/Documents/Poli/Repo/eEDB011-20243/atividade 6 - WSL/airflow/dags/dat_dbt_trusted_model.py
[2024-09-09T21:03:53.977-0300] {processor.py:925} INFO - DAG(s) 'dat_dbt_trusted_model' retrieved from /mnt/c/Users/teu20/Documents/Poli/Repo/eEDB011-20243/atividade 6 - WSL/airflow/dags/dat_dbt_trusted_model.py
[2024-09-09T21:03:53.995-0300] {logging_mixin.py:190} INFO - [2024-09-09T21:03:53.994-0300] {dag.py:3229} INFO - Sync 1 DAGs
[2024-09-09T21:03:54.007-0300] {logging_mixin.py:190} INFO - [2024-09-09T21:03:54.006-0300] {dag.py:4156} INFO - Setting next_dagrun for dat_dbt_trusted_model to 2024-08-09 08:15:00+00:00, run_after=2024-08-10 08:15:00+00:00
[2024-09-09T21:03:54.020-0300] {processor.py:208} INFO - Processing /mnt/c/Users/teu20/Documents/Poli/Repo/eEDB011-20243/atividade 6 - WSL/airflow/dags/dat_dbt_trusted_model.py took 0.068 seconds
[2024-09-09T21:04:24.274-0300] {processor.py:186} INFO - Started process (PID=265071) to work on /mnt/c/Users/teu20/Documents/Poli/Repo/eEDB011-20243/atividade 6 - WSL/airflow/dags/dat_dbt_trusted_model.py
[2024-09-09T21:04:24.275-0300] {processor.py:914} INFO - Processing file /mnt/c/Users/teu20/Documents/Poli/Repo/eEDB011-20243/atividade 6 - WSL/airflow/dags/dat_dbt_trusted_model.py for tasks to queue
[2024-09-09T21:04:24.277-0300] {logging_mixin.py:190} INFO - [2024-09-09T21:04:24.277-0300] {dagbag.py:587} INFO - Filling up the DagBag from /mnt/c/Users/teu20/Documents/Poli/Repo/eEDB011-20243/atividade 6 - WSL/airflow/dags/dat_dbt_trusted_model.py
[2024-09-09T21:04:24.293-0300] {processor.py:925} INFO - DAG(s) 'dat_dbt_trusted_model' retrieved from /mnt/c/Users/teu20/Documents/Poli/Repo/eEDB011-20243/atividade 6 - WSL/airflow/dags/dat_dbt_trusted_model.py
[2024-09-09T21:04:24.311-0300] {logging_mixin.py:190} INFO - [2024-09-09T21:04:24.310-0300] {dag.py:3229} INFO - Sync 1 DAGs
[2024-09-09T21:04:24.326-0300] {logging_mixin.py:190} INFO - [2024-09-09T21:04:24.326-0300] {dag.py:4156} INFO - Setting next_dagrun for dat_dbt_trusted_model to 2024-08-09 08:15:00+00:00, run_after=2024-08-10 08:15:00+00:00
[2024-09-09T21:04:24.342-0300] {processor.py:208} INFO - Processing /mnt/c/Users/teu20/Documents/Poli/Repo/eEDB011-20243/atividade 6 - WSL/airflow/dags/dat_dbt_trusted_model.py took 0.075 seconds
[2024-09-09T21:04:54.651-0300] {processor.py:186} INFO - Started process (PID=266222) to work on /mnt/c/Users/teu20/Documents/Poli/Repo/eEDB011-20243/atividade 6 - WSL/airflow/dags/dat_dbt_trusted_model.py
[2024-09-09T21:04:54.652-0300] {processor.py:914} INFO - Processing file /mnt/c/Users/teu20/Documents/Poli/Repo/eEDB011-20243/atividade 6 - WSL/airflow/dags/dat_dbt_trusted_model.py for tasks to queue
[2024-09-09T21:04:54.653-0300] {logging_mixin.py:190} INFO - [2024-09-09T21:04:54.653-0300] {dagbag.py:587} INFO - Filling up the DagBag from /mnt/c/Users/teu20/Documents/Poli/Repo/eEDB011-20243/atividade 6 - WSL/airflow/dags/dat_dbt_trusted_model.py
[2024-09-09T21:04:54.667-0300] {processor.py:925} INFO - DAG(s) 'dat_dbt_trusted_model' retrieved from /mnt/c/Users/teu20/Documents/Poli/Repo/eEDB011-20243/atividade 6 - WSL/airflow/dags/dat_dbt_trusted_model.py
[2024-09-09T21:04:54.683-0300] {logging_mixin.py:190} INFO - [2024-09-09T21:04:54.682-0300] {dag.py:3229} INFO - Sync 1 DAGs
[2024-09-09T21:04:54.695-0300] {logging_mixin.py:190} INFO - [2024-09-09T21:04:54.694-0300] {dag.py:4156} INFO - Setting next_dagrun for dat_dbt_trusted_model to 2024-08-09 08:15:00+00:00, run_after=2024-08-10 08:15:00+00:00
[2024-09-09T21:04:54.708-0300] {processor.py:208} INFO - Processing /mnt/c/Users/teu20/Documents/Poli/Repo/eEDB011-20243/atividade 6 - WSL/airflow/dags/dat_dbt_trusted_model.py took 0.065 seconds
[2024-09-09T21:05:25.197-0300] {processor.py:186} INFO - Started process (PID=266815) to work on /mnt/c/Users/teu20/Documents/Poli/Repo/eEDB011-20243/atividade 6 - WSL/airflow/dags/dat_dbt_trusted_model.py
[2024-09-09T21:05:25.198-0300] {processor.py:914} INFO - Processing file /mnt/c/Users/teu20/Documents/Poli/Repo/eEDB011-20243/atividade 6 - WSL/airflow/dags/dat_dbt_trusted_model.py for tasks to queue
[2024-09-09T21:05:25.199-0300] {logging_mixin.py:190} INFO - [2024-09-09T21:05:25.199-0300] {dagbag.py:587} INFO - Filling up the DagBag from /mnt/c/Users/teu20/Documents/Poli/Repo/eEDB011-20243/atividade 6 - WSL/airflow/dags/dat_dbt_trusted_model.py
[2024-09-09T21:05:25.212-0300] {processor.py:925} INFO - DAG(s) 'dat_dbt_trusted_model' retrieved from /mnt/c/Users/teu20/Documents/Poli/Repo/eEDB011-20243/atividade 6 - WSL/airflow/dags/dat_dbt_trusted_model.py
[2024-09-09T21:05:25.229-0300] {logging_mixin.py:190} INFO - [2024-09-09T21:05:25.228-0300] {dag.py:3229} INFO - Sync 1 DAGs
[2024-09-09T21:05:25.241-0300] {logging_mixin.py:190} INFO - [2024-09-09T21:05:25.240-0300] {dag.py:4156} INFO - Setting next_dagrun for dat_dbt_trusted_model to 2024-08-09 08:15:00+00:00, run_after=2024-08-10 08:15:00+00:00
[2024-09-09T21:05:25.254-0300] {processor.py:208} INFO - Processing /mnt/c/Users/teu20/Documents/Poli/Repo/eEDB011-20243/atividade 6 - WSL/airflow/dags/dat_dbt_trusted_model.py took 0.065 seconds
[2024-09-09T21:05:55.782-0300] {processor.py:186} INFO - Started process (PID=267246) to work on /mnt/c/Users/teu20/Documents/Poli/Repo/eEDB011-20243/atividade 6 - WSL/airflow/dags/dat_dbt_trusted_model.py
[2024-09-09T21:05:55.783-0300] {processor.py:914} INFO - Processing file /mnt/c/Users/teu20/Documents/Poli/Repo/eEDB011-20243/atividade 6 - WSL/airflow/dags/dat_dbt_trusted_model.py for tasks to queue
[2024-09-09T21:05:55.785-0300] {logging_mixin.py:190} INFO - [2024-09-09T21:05:55.784-0300] {dagbag.py:587} INFO - Filling up the DagBag from /mnt/c/Users/teu20/Documents/Poli/Repo/eEDB011-20243/atividade 6 - WSL/airflow/dags/dat_dbt_trusted_model.py
[2024-09-09T21:05:55.798-0300] {processor.py:925} INFO - DAG(s) 'dat_dbt_trusted_model' retrieved from /mnt/c/Users/teu20/Documents/Poli/Repo/eEDB011-20243/atividade 6 - WSL/airflow/dags/dat_dbt_trusted_model.py
[2024-09-09T21:05:55.814-0300] {logging_mixin.py:190} INFO - [2024-09-09T21:05:55.814-0300] {dag.py:3229} INFO - Sync 1 DAGs
[2024-09-09T21:05:55.826-0300] {logging_mixin.py:190} INFO - [2024-09-09T21:05:55.826-0300] {dag.py:4156} INFO - Setting next_dagrun for dat_dbt_trusted_model to 2024-08-09 08:15:00+00:00, run_after=2024-08-10 08:15:00+00:00
[2024-09-09T21:05:55.840-0300] {processor.py:208} INFO - Processing /mnt/c/Users/teu20/Documents/Poli/Repo/eEDB011-20243/atividade 6 - WSL/airflow/dags/dat_dbt_trusted_model.py took 0.066 seconds
[2024-09-09T21:06:26.293-0300] {processor.py:186} INFO - Started process (PID=267676) to work on /mnt/c/Users/teu20/Documents/Poli/Repo/eEDB011-20243/atividade 6 - WSL/airflow/dags/dat_dbt_trusted_model.py
[2024-09-09T21:06:26.294-0300] {processor.py:914} INFO - Processing file /mnt/c/Users/teu20/Documents/Poli/Repo/eEDB011-20243/atividade 6 - WSL/airflow/dags/dat_dbt_trusted_model.py for tasks to queue
[2024-09-09T21:06:26.296-0300] {logging_mixin.py:190} INFO - [2024-09-09T21:06:26.295-0300] {dagbag.py:587} INFO - Filling up the DagBag from /mnt/c/Users/teu20/Documents/Poli/Repo/eEDB011-20243/atividade 6 - WSL/airflow/dags/dat_dbt_trusted_model.py
[2024-09-09T21:06:26.309-0300] {processor.py:925} INFO - DAG(s) 'dat_dbt_trusted_model' retrieved from /mnt/c/Users/teu20/Documents/Poli/Repo/eEDB011-20243/atividade 6 - WSL/airflow/dags/dat_dbt_trusted_model.py
[2024-09-09T21:06:26.325-0300] {logging_mixin.py:190} INFO - [2024-09-09T21:06:26.325-0300] {dag.py:3229} INFO - Sync 1 DAGs
[2024-09-09T21:06:26.337-0300] {logging_mixin.py:190} INFO - [2024-09-09T21:06:26.337-0300] {dag.py:4156} INFO - Setting next_dagrun for dat_dbt_trusted_model to 2024-08-09 08:15:00+00:00, run_after=2024-08-10 08:15:00+00:00
[2024-09-09T21:06:26.352-0300] {processor.py:208} INFO - Processing /mnt/c/Users/teu20/Documents/Poli/Repo/eEDB011-20243/atividade 6 - WSL/airflow/dags/dat_dbt_trusted_model.py took 0.065 seconds
[2024-09-09T21:06:56.773-0300] {processor.py:186} INFO - Started process (PID=268320) to work on /mnt/c/Users/teu20/Documents/Poli/Repo/eEDB011-20243/atividade 6 - WSL/airflow/dags/dat_dbt_trusted_model.py
[2024-09-09T21:06:56.774-0300] {processor.py:914} INFO - Processing file /mnt/c/Users/teu20/Documents/Poli/Repo/eEDB011-20243/atividade 6 - WSL/airflow/dags/dat_dbt_trusted_model.py for tasks to queue
[2024-09-09T21:06:56.775-0300] {logging_mixin.py:190} INFO - [2024-09-09T21:06:56.775-0300] {dagbag.py:587} INFO - Filling up the DagBag from /mnt/c/Users/teu20/Documents/Poli/Repo/eEDB011-20243/atividade 6 - WSL/airflow/dags/dat_dbt_trusted_model.py
[2024-09-09T21:06:56.788-0300] {processor.py:925} INFO - DAG(s) 'dat_dbt_trusted_model' retrieved from /mnt/c/Users/teu20/Documents/Poli/Repo/eEDB011-20243/atividade 6 - WSL/airflow/dags/dat_dbt_trusted_model.py
[2024-09-09T21:06:56.805-0300] {logging_mixin.py:190} INFO - [2024-09-09T21:06:56.805-0300] {dag.py:3229} INFO - Sync 1 DAGs
[2024-09-09T21:06:56.818-0300] {logging_mixin.py:190} INFO - [2024-09-09T21:06:56.817-0300] {dag.py:4156} INFO - Setting next_dagrun for dat_dbt_trusted_model to 2024-08-09 08:15:00+00:00, run_after=2024-08-10 08:15:00+00:00
[2024-09-09T21:06:56.832-0300] {processor.py:208} INFO - Processing /mnt/c/Users/teu20/Documents/Poli/Repo/eEDB011-20243/atividade 6 - WSL/airflow/dags/dat_dbt_trusted_model.py took 0.068 seconds
[2024-09-09T21:07:27.150-0300] {processor.py:186} INFO - Started process (PID=268990) to work on /mnt/c/Users/teu20/Documents/Poli/Repo/eEDB011-20243/atividade 6 - WSL/airflow/dags/dat_dbt_trusted_model.py
[2024-09-09T21:07:27.151-0300] {processor.py:914} INFO - Processing file /mnt/c/Users/teu20/Documents/Poli/Repo/eEDB011-20243/atividade 6 - WSL/airflow/dags/dat_dbt_trusted_model.py for tasks to queue
[2024-09-09T21:07:27.153-0300] {logging_mixin.py:190} INFO - [2024-09-09T21:07:27.152-0300] {dagbag.py:587} INFO - Filling up the DagBag from /mnt/c/Users/teu20/Documents/Poli/Repo/eEDB011-20243/atividade 6 - WSL/airflow/dags/dat_dbt_trusted_model.py
[2024-09-09T21:07:27.167-0300] {processor.py:925} INFO - DAG(s) 'dat_dbt_trusted_model' retrieved from /mnt/c/Users/teu20/Documents/Poli/Repo/eEDB011-20243/atividade 6 - WSL/airflow/dags/dat_dbt_trusted_model.py
[2024-09-09T21:07:27.183-0300] {logging_mixin.py:190} INFO - [2024-09-09T21:07:27.182-0300] {dag.py:3229} INFO - Sync 1 DAGs
[2024-09-09T21:07:27.194-0300] {logging_mixin.py:190} INFO - [2024-09-09T21:07:27.194-0300] {dag.py:4156} INFO - Setting next_dagrun for dat_dbt_trusted_model to 2024-08-09 08:15:00+00:00, run_after=2024-08-10 08:15:00+00:00
[2024-09-09T21:07:27.208-0300] {processor.py:208} INFO - Processing /mnt/c/Users/teu20/Documents/Poli/Repo/eEDB011-20243/atividade 6 - WSL/airflow/dags/dat_dbt_trusted_model.py took 0.067 seconds
[2024-09-09T21:07:57.826-0300] {processor.py:186} INFO - Started process (PID=269487) to work on /mnt/c/Users/teu20/Documents/Poli/Repo/eEDB011-20243/atividade 6 - WSL/airflow/dags/dat_dbt_trusted_model.py
[2024-09-09T21:07:57.827-0300] {processor.py:914} INFO - Processing file /mnt/c/Users/teu20/Documents/Poli/Repo/eEDB011-20243/atividade 6 - WSL/airflow/dags/dat_dbt_trusted_model.py for tasks to queue
[2024-09-09T21:07:57.829-0300] {logging_mixin.py:190} INFO - [2024-09-09T21:07:57.828-0300] {dagbag.py:587} INFO - Filling up the DagBag from /mnt/c/Users/teu20/Documents/Poli/Repo/eEDB011-20243/atividade 6 - WSL/airflow/dags/dat_dbt_trusted_model.py
[2024-09-09T21:07:57.840-0300] {processor.py:925} INFO - DAG(s) 'dat_dbt_trusted_model' retrieved from /mnt/c/Users/teu20/Documents/Poli/Repo/eEDB011-20243/atividade 6 - WSL/airflow/dags/dat_dbt_trusted_model.py
[2024-09-09T21:07:57.856-0300] {logging_mixin.py:190} INFO - [2024-09-09T21:07:57.856-0300] {dag.py:3229} INFO - Sync 1 DAGs
[2024-09-09T21:07:57.869-0300] {logging_mixin.py:190} INFO - [2024-09-09T21:07:57.868-0300] {dag.py:4156} INFO - Setting next_dagrun for dat_dbt_trusted_model to 2024-08-09 08:15:00+00:00, run_after=2024-08-10 08:15:00+00:00
[2024-09-09T21:07:57.882-0300] {processor.py:208} INFO - Processing /mnt/c/Users/teu20/Documents/Poli/Repo/eEDB011-20243/atividade 6 - WSL/airflow/dags/dat_dbt_trusted_model.py took 0.064 seconds
