[2024-09-09T21:00:21.066-0300] {processor.py:186} INFO - Started process (PID=261348) to work on /mnt/c/Users/teu20/Documents/Poli/Repo/eEDB011-20243/atividade 6 - WSL/airflow/dags/dbt.py
[2024-09-09T21:00:21.067-0300] {processor.py:914} INFO - Processing file /mnt/c/Users/teu20/Documents/Poli/Repo/eEDB011-20243/atividade 6 - WSL/airflow/dags/dbt.py for tasks to queue
[2024-09-09T21:00:21.069-0300] {logging_mixin.py:190} INFO - [2024-09-09T21:00:21.068-0300] {dagbag.py:587} INFO - Filling up the DagBag from /mnt/c/Users/teu20/Documents/Poli/Repo/eEDB011-20243/atividade 6 - WSL/airflow/dags/dbt.py
[2024-09-09T21:00:21.086-0300] {processor.py:925} INFO - DAG(s) 'dbt_example' retrieved from /mnt/c/Users/teu20/Documents/Poli/Repo/eEDB011-20243/atividade 6 - WSL/airflow/dags/dbt.py
[2024-09-09T21:00:21.103-0300] {logging_mixin.py:190} INFO - [2024-09-09T21:00:21.103-0300] {dag.py:3229} INFO - Sync 1 DAGs
[2024-09-09T21:00:21.119-0300] {logging_mixin.py:190} INFO - [2024-09-09T21:00:21.119-0300] {dag.py:4156} INFO - Setting next_dagrun for dbt_example to 2024-09-09 03:00:00+00:00, run_after=2024-09-10 03:00:00+00:00
[2024-09-09T21:00:21.133-0300] {processor.py:208} INFO - Processing /mnt/c/Users/teu20/Documents/Poli/Repo/eEDB011-20243/atividade 6 - WSL/airflow/dags/dbt.py took 0.074 seconds
[2024-09-09T21:00:51.610-0300] {processor.py:186} INFO - Started process (PID=262000) to work on /mnt/c/Users/teu20/Documents/Poli/Repo/eEDB011-20243/atividade 6 - WSL/airflow/dags/dbt.py
[2024-09-09T21:00:51.611-0300] {processor.py:914} INFO - Processing file /mnt/c/Users/teu20/Documents/Poli/Repo/eEDB011-20243/atividade 6 - WSL/airflow/dags/dbt.py for tasks to queue
[2024-09-09T21:00:51.612-0300] {logging_mixin.py:190} INFO - [2024-09-09T21:00:51.611-0300] {dagbag.py:587} INFO - Filling up the DagBag from /mnt/c/Users/teu20/Documents/Poli/Repo/eEDB011-20243/atividade 6 - WSL/airflow/dags/dbt.py
[2024-09-09T21:00:51.630-0300] {processor.py:925} INFO - DAG(s) 'dbt_example' retrieved from /mnt/c/Users/teu20/Documents/Poli/Repo/eEDB011-20243/atividade 6 - WSL/airflow/dags/dbt.py
[2024-09-09T21:00:51.648-0300] {logging_mixin.py:190} INFO - [2024-09-09T21:00:51.647-0300] {dag.py:3229} INFO - Sync 1 DAGs
[2024-09-09T21:00:51.664-0300] {logging_mixin.py:190} INFO - [2024-09-09T21:00:51.663-0300] {dag.py:4156} INFO - Setting next_dagrun for dbt_example to 2024-09-09 03:00:00+00:00, run_after=2024-09-10 03:00:00+00:00
[2024-09-09T21:00:51.679-0300] {processor.py:208} INFO - Processing /mnt/c/Users/teu20/Documents/Poli/Repo/eEDB011-20243/atividade 6 - WSL/airflow/dags/dbt.py took 0.077 seconds
[2024-09-09T21:01:22.130-0300] {processor.py:186} INFO - Started process (PID=262490) to work on /mnt/c/Users/teu20/Documents/Poli/Repo/eEDB011-20243/atividade 6 - WSL/airflow/dags/dbt.py
[2024-09-09T21:01:22.132-0300] {processor.py:914} INFO - Processing file /mnt/c/Users/teu20/Documents/Poli/Repo/eEDB011-20243/atividade 6 - WSL/airflow/dags/dbt.py for tasks to queue
[2024-09-09T21:01:22.134-0300] {logging_mixin.py:190} INFO - [2024-09-09T21:01:22.133-0300] {dagbag.py:587} INFO - Filling up the DagBag from /mnt/c/Users/teu20/Documents/Poli/Repo/eEDB011-20243/atividade 6 - WSL/airflow/dags/dbt.py
[2024-09-09T21:01:22.151-0300] {processor.py:925} INFO - DAG(s) 'dbt_example' retrieved from /mnt/c/Users/teu20/Documents/Poli/Repo/eEDB011-20243/atividade 6 - WSL/airflow/dags/dbt.py
[2024-09-09T21:01:22.171-0300] {logging_mixin.py:190} INFO - [2024-09-09T21:01:22.170-0300] {dag.py:3229} INFO - Sync 1 DAGs
[2024-09-09T21:01:22.187-0300] {logging_mixin.py:190} INFO - [2024-09-09T21:01:22.186-0300] {dag.py:4156} INFO - Setting next_dagrun for dbt_example to 2024-09-09 03:00:00+00:00, run_after=2024-09-10 03:00:00+00:00
[2024-09-09T21:01:22.202-0300] {processor.py:208} INFO - Processing /mnt/c/Users/teu20/Documents/Poli/Repo/eEDB011-20243/atividade 6 - WSL/airflow/dags/dbt.py took 0.080 seconds
[2024-09-09T21:01:53.190-0300] {processor.py:186} INFO - Started process (PID=262925) to work on /mnt/c/Users/teu20/Documents/Poli/Repo/eEDB011-20243/atividade 6 - WSL/airflow/dags/dbt.py
[2024-09-09T21:01:53.192-0300] {processor.py:914} INFO - Processing file /mnt/c/Users/teu20/Documents/Poli/Repo/eEDB011-20243/atividade 6 - WSL/airflow/dags/dbt.py for tasks to queue
[2024-09-09T21:01:53.193-0300] {logging_mixin.py:190} INFO - [2024-09-09T21:01:53.193-0300] {dagbag.py:587} INFO - Filling up the DagBag from /mnt/c/Users/teu20/Documents/Poli/Repo/eEDB011-20243/atividade 6 - WSL/airflow/dags/dbt.py
[2024-09-09T21:01:53.210-0300] {processor.py:925} INFO - DAG(s) 'dbt_example' retrieved from /mnt/c/Users/teu20/Documents/Poli/Repo/eEDB011-20243/atividade 6 - WSL/airflow/dags/dbt.py
[2024-09-09T21:01:53.228-0300] {logging_mixin.py:190} INFO - [2024-09-09T21:01:53.227-0300] {dag.py:3229} INFO - Sync 1 DAGs
[2024-09-09T21:01:53.243-0300] {logging_mixin.py:190} INFO - [2024-09-09T21:01:53.243-0300] {dag.py:4156} INFO - Setting next_dagrun for dbt_example to 2024-09-09 03:00:00+00:00, run_after=2024-09-10 03:00:00+00:00
[2024-09-09T21:01:53.257-0300] {processor.py:208} INFO - Processing /mnt/c/Users/teu20/Documents/Poli/Repo/eEDB011-20243/atividade 6 - WSL/airflow/dags/dbt.py took 0.074 seconds
[2024-09-09T21:02:23.516-0300] {processor.py:186} INFO - Started process (PID=263355) to work on /mnt/c/Users/teu20/Documents/Poli/Repo/eEDB011-20243/atividade 6 - WSL/airflow/dags/dbt.py
[2024-09-09T21:02:23.517-0300] {processor.py:914} INFO - Processing file /mnt/c/Users/teu20/Documents/Poli/Repo/eEDB011-20243/atividade 6 - WSL/airflow/dags/dbt.py for tasks to queue
[2024-09-09T21:02:23.519-0300] {logging_mixin.py:190} INFO - [2024-09-09T21:02:23.518-0300] {dagbag.py:587} INFO - Filling up the DagBag from /mnt/c/Users/teu20/Documents/Poli/Repo/eEDB011-20243/atividade 6 - WSL/airflow/dags/dbt.py
[2024-09-09T21:02:23.536-0300] {processor.py:925} INFO - DAG(s) 'dbt_example' retrieved from /mnt/c/Users/teu20/Documents/Poli/Repo/eEDB011-20243/atividade 6 - WSL/airflow/dags/dbt.py
[2024-09-09T21:02:23.553-0300] {logging_mixin.py:190} INFO - [2024-09-09T21:02:23.553-0300] {dag.py:3229} INFO - Sync 1 DAGs
[2024-09-09T21:02:23.569-0300] {logging_mixin.py:190} INFO - [2024-09-09T21:02:23.568-0300] {dag.py:4156} INFO - Setting next_dagrun for dbt_example to 2024-09-09 03:00:00+00:00, run_after=2024-09-10 03:00:00+00:00
[2024-09-09T21:02:23.583-0300] {processor.py:208} INFO - Processing /mnt/c/Users/teu20/Documents/Poli/Repo/eEDB011-20243/atividade 6 - WSL/airflow/dags/dbt.py took 0.075 seconds
[2024-09-09T21:02:54.294-0300] {processor.py:186} INFO - Started process (PID=263786) to work on /mnt/c/Users/teu20/Documents/Poli/Repo/eEDB011-20243/atividade 6 - WSL/airflow/dags/dbt.py
[2024-09-09T21:02:54.295-0300] {processor.py:914} INFO - Processing file /mnt/c/Users/teu20/Documents/Poli/Repo/eEDB011-20243/atividade 6 - WSL/airflow/dags/dbt.py for tasks to queue
[2024-09-09T21:02:54.297-0300] {logging_mixin.py:190} INFO - [2024-09-09T21:02:54.297-0300] {dagbag.py:587} INFO - Filling up the DagBag from /mnt/c/Users/teu20/Documents/Poli/Repo/eEDB011-20243/atividade 6 - WSL/airflow/dags/dbt.py
[2024-09-09T21:02:54.314-0300] {processor.py:925} INFO - DAG(s) 'dbt_example' retrieved from /mnt/c/Users/teu20/Documents/Poli/Repo/eEDB011-20243/atividade 6 - WSL/airflow/dags/dbt.py
[2024-09-09T21:02:54.330-0300] {logging_mixin.py:190} INFO - [2024-09-09T21:02:54.330-0300] {dag.py:3229} INFO - Sync 1 DAGs
[2024-09-09T21:02:54.346-0300] {logging_mixin.py:190} INFO - [2024-09-09T21:02:54.345-0300] {dag.py:4156} INFO - Setting next_dagrun for dbt_example to 2024-09-09 03:00:00+00:00, run_after=2024-09-10 03:00:00+00:00
[2024-09-09T21:02:54.359-0300] {processor.py:208} INFO - Processing /mnt/c/Users/teu20/Documents/Poli/Repo/eEDB011-20243/atividade 6 - WSL/airflow/dags/dbt.py took 0.072 seconds
[2024-09-09T21:03:24.884-0300] {processor.py:186} INFO - Started process (PID=264219) to work on /mnt/c/Users/teu20/Documents/Poli/Repo/eEDB011-20243/atividade 6 - WSL/airflow/dags/dbt.py
[2024-09-09T21:03:24.885-0300] {processor.py:914} INFO - Processing file /mnt/c/Users/teu20/Documents/Poli/Repo/eEDB011-20243/atividade 6 - WSL/airflow/dags/dbt.py for tasks to queue
[2024-09-09T21:03:24.887-0300] {logging_mixin.py:190} INFO - [2024-09-09T21:03:24.886-0300] {dagbag.py:587} INFO - Filling up the DagBag from /mnt/c/Users/teu20/Documents/Poli/Repo/eEDB011-20243/atividade 6 - WSL/airflow/dags/dbt.py
[2024-09-09T21:03:24.904-0300] {processor.py:925} INFO - DAG(s) 'dbt_example' retrieved from /mnt/c/Users/teu20/Documents/Poli/Repo/eEDB011-20243/atividade 6 - WSL/airflow/dags/dbt.py
[2024-09-09T21:03:24.921-0300] {logging_mixin.py:190} INFO - [2024-09-09T21:03:24.921-0300] {dag.py:3229} INFO - Sync 1 DAGs
[2024-09-09T21:03:24.937-0300] {logging_mixin.py:190} INFO - [2024-09-09T21:03:24.936-0300] {dag.py:4156} INFO - Setting next_dagrun for dbt_example to 2024-09-09 03:00:00+00:00, run_after=2024-09-10 03:00:00+00:00
[2024-09-09T21:03:24.951-0300] {processor.py:208} INFO - Processing /mnt/c/Users/teu20/Documents/Poli/Repo/eEDB011-20243/atividade 6 - WSL/airflow/dags/dbt.py took 0.074 seconds
[2024-09-09T21:03:55.219-0300] {processor.py:186} INFO - Started process (PID=264657) to work on /mnt/c/Users/teu20/Documents/Poli/Repo/eEDB011-20243/atividade 6 - WSL/airflow/dags/dbt.py
[2024-09-09T21:03:55.220-0300] {processor.py:914} INFO - Processing file /mnt/c/Users/teu20/Documents/Poli/Repo/eEDB011-20243/atividade 6 - WSL/airflow/dags/dbt.py for tasks to queue
[2024-09-09T21:03:55.222-0300] {logging_mixin.py:190} INFO - [2024-09-09T21:03:55.221-0300] {dagbag.py:587} INFO - Filling up the DagBag from /mnt/c/Users/teu20/Documents/Poli/Repo/eEDB011-20243/atividade 6 - WSL/airflow/dags/dbt.py
[2024-09-09T21:03:55.240-0300] {processor.py:925} INFO - DAG(s) 'dbt_example' retrieved from /mnt/c/Users/teu20/Documents/Poli/Repo/eEDB011-20243/atividade 6 - WSL/airflow/dags/dbt.py
[2024-09-09T21:03:55.259-0300] {logging_mixin.py:190} INFO - [2024-09-09T21:03:55.258-0300] {dag.py:3229} INFO - Sync 1 DAGs
[2024-09-09T21:03:55.276-0300] {logging_mixin.py:190} INFO - [2024-09-09T21:03:55.275-0300] {dag.py:4156} INFO - Setting next_dagrun for dbt_example to 2024-09-09 03:00:00+00:00, run_after=2024-09-10 03:00:00+00:00
[2024-09-09T21:03:55.292-0300] {processor.py:208} INFO - Processing /mnt/c/Users/teu20/Documents/Poli/Repo/eEDB011-20243/atividade 6 - WSL/airflow/dags/dbt.py took 0.081 seconds
[2024-09-09T21:04:25.471-0300] {processor.py:186} INFO - Started process (PID=265091) to work on /mnt/c/Users/teu20/Documents/Poli/Repo/eEDB011-20243/atividade 6 - WSL/airflow/dags/dbt.py
[2024-09-09T21:04:25.472-0300] {processor.py:914} INFO - Processing file /mnt/c/Users/teu20/Documents/Poli/Repo/eEDB011-20243/atividade 6 - WSL/airflow/dags/dbt.py for tasks to queue
[2024-09-09T21:04:25.474-0300] {logging_mixin.py:190} INFO - [2024-09-09T21:04:25.473-0300] {dagbag.py:587} INFO - Filling up the DagBag from /mnt/c/Users/teu20/Documents/Poli/Repo/eEDB011-20243/atividade 6 - WSL/airflow/dags/dbt.py
[2024-09-09T21:04:25.492-0300] {processor.py:925} INFO - DAG(s) 'dbt_example' retrieved from /mnt/c/Users/teu20/Documents/Poli/Repo/eEDB011-20243/atividade 6 - WSL/airflow/dags/dbt.py
[2024-09-09T21:04:25.513-0300] {logging_mixin.py:190} INFO - [2024-09-09T21:04:25.512-0300] {dag.py:3229} INFO - Sync 1 DAGs
[2024-09-09T21:04:25.542-0300] {logging_mixin.py:190} INFO - [2024-09-09T21:04:25.541-0300] {dag.py:4156} INFO - Setting next_dagrun for dbt_example to 2024-09-09 03:00:00+00:00, run_after=2024-09-10 03:00:00+00:00
[2024-09-09T21:04:25.567-0300] {processor.py:208} INFO - Processing /mnt/c/Users/teu20/Documents/Poli/Repo/eEDB011-20243/atividade 6 - WSL/airflow/dags/dbt.py took 0.104 seconds
[2024-09-09T21:04:55.828-0300] {processor.py:186} INFO - Started process (PID=266242) to work on /mnt/c/Users/teu20/Documents/Poli/Repo/eEDB011-20243/atividade 6 - WSL/airflow/dags/dbt.py
[2024-09-09T21:04:55.829-0300] {processor.py:914} INFO - Processing file /mnt/c/Users/teu20/Documents/Poli/Repo/eEDB011-20243/atividade 6 - WSL/airflow/dags/dbt.py for tasks to queue
[2024-09-09T21:04:55.831-0300] {logging_mixin.py:190} INFO - [2024-09-09T21:04:55.830-0300] {dagbag.py:587} INFO - Filling up the DagBag from /mnt/c/Users/teu20/Documents/Poli/Repo/eEDB011-20243/atividade 6 - WSL/airflow/dags/dbt.py
[2024-09-09T21:04:55.848-0300] {processor.py:925} INFO - DAG(s) 'dbt_example' retrieved from /mnt/c/Users/teu20/Documents/Poli/Repo/eEDB011-20243/atividade 6 - WSL/airflow/dags/dbt.py
[2024-09-09T21:04:55.866-0300] {logging_mixin.py:190} INFO - [2024-09-09T21:04:55.865-0300] {dag.py:3229} INFO - Sync 1 DAGs
[2024-09-09T21:04:55.882-0300] {logging_mixin.py:190} INFO - [2024-09-09T21:04:55.882-0300] {dag.py:4156} INFO - Setting next_dagrun for dbt_example to 2024-09-09 03:00:00+00:00, run_after=2024-09-10 03:00:00+00:00
[2024-09-09T21:04:55.896-0300] {processor.py:208} INFO - Processing /mnt/c/Users/teu20/Documents/Poli/Repo/eEDB011-20243/atividade 6 - WSL/airflow/dags/dbt.py took 0.076 seconds
[2024-09-09T21:05:26.368-0300] {processor.py:186} INFO - Started process (PID=266834) to work on /mnt/c/Users/teu20/Documents/Poli/Repo/eEDB011-20243/atividade 6 - WSL/airflow/dags/dbt.py
[2024-09-09T21:05:26.369-0300] {processor.py:914} INFO - Processing file /mnt/c/Users/teu20/Documents/Poli/Repo/eEDB011-20243/atividade 6 - WSL/airflow/dags/dbt.py for tasks to queue
[2024-09-09T21:05:26.371-0300] {logging_mixin.py:190} INFO - [2024-09-09T21:05:26.370-0300] {dagbag.py:587} INFO - Filling up the DagBag from /mnt/c/Users/teu20/Documents/Poli/Repo/eEDB011-20243/atividade 6 - WSL/airflow/dags/dbt.py
[2024-09-09T21:05:26.388-0300] {processor.py:925} INFO - DAG(s) 'dbt_example' retrieved from /mnt/c/Users/teu20/Documents/Poli/Repo/eEDB011-20243/atividade 6 - WSL/airflow/dags/dbt.py
[2024-09-09T21:05:26.405-0300] {logging_mixin.py:190} INFO - [2024-09-09T21:05:26.404-0300] {dag.py:3229} INFO - Sync 1 DAGs
[2024-09-09T21:05:26.420-0300] {logging_mixin.py:190} INFO - [2024-09-09T21:05:26.420-0300] {dag.py:4156} INFO - Setting next_dagrun for dbt_example to 2024-09-09 03:00:00+00:00, run_after=2024-09-10 03:00:00+00:00
[2024-09-09T21:05:26.434-0300] {processor.py:208} INFO - Processing /mnt/c/Users/teu20/Documents/Poli/Repo/eEDB011-20243/atividade 6 - WSL/airflow/dags/dbt.py took 0.075 seconds
[2024-09-09T21:05:56.954-0300] {processor.py:186} INFO - Started process (PID=267265) to work on /mnt/c/Users/teu20/Documents/Poli/Repo/eEDB011-20243/atividade 6 - WSL/airflow/dags/dbt.py
[2024-09-09T21:05:56.955-0300] {processor.py:914} INFO - Processing file /mnt/c/Users/teu20/Documents/Poli/Repo/eEDB011-20243/atividade 6 - WSL/airflow/dags/dbt.py for tasks to queue
[2024-09-09T21:05:56.957-0300] {logging_mixin.py:190} INFO - [2024-09-09T21:05:56.956-0300] {dagbag.py:587} INFO - Filling up the DagBag from /mnt/c/Users/teu20/Documents/Poli/Repo/eEDB011-20243/atividade 6 - WSL/airflow/dags/dbt.py
[2024-09-09T21:05:56.974-0300] {processor.py:925} INFO - DAG(s) 'dbt_example' retrieved from /mnt/c/Users/teu20/Documents/Poli/Repo/eEDB011-20243/atividade 6 - WSL/airflow/dags/dbt.py
[2024-09-09T21:05:56.991-0300] {logging_mixin.py:190} INFO - [2024-09-09T21:05:56.990-0300] {dag.py:3229} INFO - Sync 1 DAGs
[2024-09-09T21:05:57.006-0300] {logging_mixin.py:190} INFO - [2024-09-09T21:05:57.005-0300] {dag.py:4156} INFO - Setting next_dagrun for dbt_example to 2024-09-09 03:00:00+00:00, run_after=2024-09-10 03:00:00+00:00
[2024-09-09T21:05:57.020-0300] {processor.py:208} INFO - Processing /mnt/c/Users/teu20/Documents/Poli/Repo/eEDB011-20243/atividade 6 - WSL/airflow/dags/dbt.py took 0.074 seconds
[2024-09-09T21:06:27.461-0300] {processor.py:186} INFO - Started process (PID=267696) to work on /mnt/c/Users/teu20/Documents/Poli/Repo/eEDB011-20243/atividade 6 - WSL/airflow/dags/dbt.py
[2024-09-09T21:06:27.462-0300] {processor.py:914} INFO - Processing file /mnt/c/Users/teu20/Documents/Poli/Repo/eEDB011-20243/atividade 6 - WSL/airflow/dags/dbt.py for tasks to queue
[2024-09-09T21:06:27.464-0300] {logging_mixin.py:190} INFO - [2024-09-09T21:06:27.463-0300] {dagbag.py:587} INFO - Filling up the DagBag from /mnt/c/Users/teu20/Documents/Poli/Repo/eEDB011-20243/atividade 6 - WSL/airflow/dags/dbt.py
[2024-09-09T21:06:27.480-0300] {processor.py:925} INFO - DAG(s) 'dbt_example' retrieved from /mnt/c/Users/teu20/Documents/Poli/Repo/eEDB011-20243/atividade 6 - WSL/airflow/dags/dbt.py
[2024-09-09T21:06:27.497-0300] {logging_mixin.py:190} INFO - [2024-09-09T21:06:27.497-0300] {dag.py:3229} INFO - Sync 1 DAGs
[2024-09-09T21:06:27.513-0300] {logging_mixin.py:190} INFO - [2024-09-09T21:06:27.512-0300] {dag.py:4156} INFO - Setting next_dagrun for dbt_example to 2024-09-09 03:00:00+00:00, run_after=2024-09-10 03:00:00+00:00
[2024-09-09T21:06:27.526-0300] {processor.py:208} INFO - Processing /mnt/c/Users/teu20/Documents/Poli/Repo/eEDB011-20243/atividade 6 - WSL/airflow/dags/dbt.py took 0.073 seconds
[2024-09-09T21:06:57.938-0300] {processor.py:186} INFO - Started process (PID=268340) to work on /mnt/c/Users/teu20/Documents/Poli/Repo/eEDB011-20243/atividade 6 - WSL/airflow/dags/dbt.py
[2024-09-09T21:06:57.939-0300] {processor.py:914} INFO - Processing file /mnt/c/Users/teu20/Documents/Poli/Repo/eEDB011-20243/atividade 6 - WSL/airflow/dags/dbt.py for tasks to queue
[2024-09-09T21:06:57.941-0300] {logging_mixin.py:190} INFO - [2024-09-09T21:06:57.940-0300] {dagbag.py:587} INFO - Filling up the DagBag from /mnt/c/Users/teu20/Documents/Poli/Repo/eEDB011-20243/atividade 6 - WSL/airflow/dags/dbt.py
[2024-09-09T21:06:57.958-0300] {processor.py:925} INFO - DAG(s) 'dbt_example' retrieved from /mnt/c/Users/teu20/Documents/Poli/Repo/eEDB011-20243/atividade 6 - WSL/airflow/dags/dbt.py
[2024-09-09T21:06:57.976-0300] {logging_mixin.py:190} INFO - [2024-09-09T21:06:57.976-0300] {dag.py:3229} INFO - Sync 1 DAGs
[2024-09-09T21:06:57.992-0300] {logging_mixin.py:190} INFO - [2024-09-09T21:06:57.991-0300] {dag.py:4156} INFO - Setting next_dagrun for dbt_example to 2024-09-09 03:00:00+00:00, run_after=2024-09-10 03:00:00+00:00
[2024-09-09T21:06:58.006-0300] {processor.py:208} INFO - Processing /mnt/c/Users/teu20/Documents/Poli/Repo/eEDB011-20243/atividade 6 - WSL/airflow/dags/dbt.py took 0.076 seconds
[2024-09-09T21:07:28.332-0300] {processor.py:186} INFO - Started process (PID=269010) to work on /mnt/c/Users/teu20/Documents/Poli/Repo/eEDB011-20243/atividade 6 - WSL/airflow/dags/dbt.py
[2024-09-09T21:07:28.333-0300] {processor.py:914} INFO - Processing file /mnt/c/Users/teu20/Documents/Poli/Repo/eEDB011-20243/atividade 6 - WSL/airflow/dags/dbt.py for tasks to queue
[2024-09-09T21:07:28.335-0300] {logging_mixin.py:190} INFO - [2024-09-09T21:07:28.334-0300] {dagbag.py:587} INFO - Filling up the DagBag from /mnt/c/Users/teu20/Documents/Poli/Repo/eEDB011-20243/atividade 6 - WSL/airflow/dags/dbt.py
[2024-09-09T21:07:28.353-0300] {processor.py:925} INFO - DAG(s) 'dbt_example' retrieved from /mnt/c/Users/teu20/Documents/Poli/Repo/eEDB011-20243/atividade 6 - WSL/airflow/dags/dbt.py
[2024-09-09T21:07:28.372-0300] {logging_mixin.py:190} INFO - [2024-09-09T21:07:28.371-0300] {dag.py:3229} INFO - Sync 1 DAGs
[2024-09-09T21:07:28.390-0300] {logging_mixin.py:190} INFO - [2024-09-09T21:07:28.389-0300] {dag.py:4156} INFO - Setting next_dagrun for dbt_example to 2024-09-09 03:00:00+00:00, run_after=2024-09-10 03:00:00+00:00
[2024-09-09T21:07:28.405-0300] {processor.py:208} INFO - Processing /mnt/c/Users/teu20/Documents/Poli/Repo/eEDB011-20243/atividade 6 - WSL/airflow/dags/dbt.py took 0.081 seconds
[2024-09-09T21:07:58.998-0300] {processor.py:186} INFO - Started process (PID=269507) to work on /mnt/c/Users/teu20/Documents/Poli/Repo/eEDB011-20243/atividade 6 - WSL/airflow/dags/dbt.py
[2024-09-09T21:07:58.999-0300] {processor.py:914} INFO - Processing file /mnt/c/Users/teu20/Documents/Poli/Repo/eEDB011-20243/atividade 6 - WSL/airflow/dags/dbt.py for tasks to queue
[2024-09-09T21:07:59.001-0300] {logging_mixin.py:190} INFO - [2024-09-09T21:07:59.000-0300] {dagbag.py:587} INFO - Filling up the DagBag from /mnt/c/Users/teu20/Documents/Poli/Repo/eEDB011-20243/atividade 6 - WSL/airflow/dags/dbt.py
[2024-09-09T21:07:59.018-0300] {processor.py:925} INFO - DAG(s) 'dbt_example' retrieved from /mnt/c/Users/teu20/Documents/Poli/Repo/eEDB011-20243/atividade 6 - WSL/airflow/dags/dbt.py
[2024-09-09T21:07:59.035-0300] {logging_mixin.py:190} INFO - [2024-09-09T21:07:59.035-0300] {dag.py:3229} INFO - Sync 1 DAGs
[2024-09-09T21:07:59.052-0300] {logging_mixin.py:190} INFO - [2024-09-09T21:07:59.051-0300] {dag.py:4156} INFO - Setting next_dagrun for dbt_example to 2024-09-09 03:00:00+00:00, run_after=2024-09-10 03:00:00+00:00
[2024-09-09T21:07:59.067-0300] {processor.py:208} INFO - Processing /mnt/c/Users/teu20/Documents/Poli/Repo/eEDB011-20243/atividade 6 - WSL/airflow/dags/dbt.py took 0.077 seconds
