[0m19:33:12.059151 [debug] [MainThread]: Sending event: {'category': 'dbt', 'action': 'invocation', 'label': 'start', 'context': [<snowplow_tracker.self_describing_json.SelfDescribingJson object at 0x0000028D1F07E5D0>, <snowplow_tracker.self_describing_json.SelfDescribingJson object at 0x0000028D1F07E4E0>, <snowplow_tracker.self_describing_json.SelfDescribingJson object at 0x0000028D1F07E030>]}


============================== 19:33:12.062735 | 84815da7-9f90-494e-a8a4-11869d77ef35 ==============================
[0m19:33:12.062735 [info ] [MainThread]: Running with dbt=1.7.18
[0m19:33:12.063734 [debug] [MainThread]: running dbt with arguments {'printer_width': '80', 'indirect_selection': 'eager', 'log_cache_events': 'False', 'write_json': 'True', 'partial_parse': 'True', 'cache_selected_only': 'False', 'profiles_dir': 'C:\\Users\\teu20\\.dbt', 'fail_fast': 'False', 'warn_error': 'None', 'log_path': 'logs', 'debug': 'False', 'version_check': 'True', 'use_colors': 'True', 'use_experimental_parser': 'False', 'no_print': 'None', 'quiet': 'False', 'log_format': 'default', 'static_parser': 'True', 'invocation_command': 'dbt init', 'warn_error_options': 'WarnErrorOptions(include=[], exclude=[])', 'target_path': 'None', 'introspect': 'True', 'send_anonymous_usage_stats': 'True'}
[0m19:33:22.841751 [debug] [MainThread]: Starter project path: c:\Users\teu20\Documents\Poli\Repo\eEDB011-20243\.venv\Lib\site-packages\dbt\include\starter_project
[0m19:33:22.858336 [info ] [MainThread]: 
Your new dbt project "bancos_dbt" was created!

For more information on how to configure the profiles.yml file,
please consult the dbt documentation here:

  https://docs.getdbt.com/docs/configure-your-profile

One more thing:

Need help? Don't hesitate to reach out to us via GitHub issues or on Slack:

  https://community.getdbt.com/

Happy modeling!

[0m19:33:22.860338 [info ] [MainThread]: Setting up your profile.
[0m19:33:29.901876 [debug] [MainThread]: Command `dbt init` succeeded at 19:33:29.901876 after 17.92 seconds
[0m19:33:29.902889 [debug] [MainThread]: Sending event: {'category': 'dbt', 'action': 'invocation', 'label': 'end', 'context': [<snowplow_tracker.self_describing_json.SelfDescribingJson object at 0x0000028D1ECD2840>, <snowplow_tracker.self_describing_json.SelfDescribingJson object at 0x0000028D1F5207A0>, <snowplow_tracker.self_describing_json.SelfDescribingJson object at 0x0000028D1F0EA030>]}
[0m19:33:29.902889 [debug] [MainThread]: Flushing usage events
[0m19:35:29.105440 [debug] [MainThread]: Sending event: {'category': 'dbt', 'action': 'invocation', 'label': 'start', 'context': [<snowplow_tracker.self_describing_json.SelfDescribingJson object at 0x000001E83FF5C200>, <snowplow_tracker.self_describing_json.SelfDescribingJson object at 0x000001E83FF5C5C0>, <snowplow_tracker.self_describing_json.SelfDescribingJson object at 0x000001E83FF5C0B0>]}


============================== 19:35:29.107955 | 72ef1c1e-0794-4c3b-9f9a-cdb403ae3bef ==============================
[0m19:35:29.107955 [info ] [MainThread]: Running with dbt=1.7.18
[0m19:35:29.108950 [debug] [MainThread]: running dbt with arguments {'printer_width': '80', 'indirect_selection': 'eager', 'write_json': 'True', 'log_cache_events': 'False', 'partial_parse': 'True', 'cache_selected_only': 'False', 'warn_error': 'None', 'debug': 'False', 'profiles_dir': 'C:\\Users\\teu20\\.dbt', 'log_path': 'logs', 'version_check': 'True', 'fail_fast': 'False', 'use_colors': 'True', 'use_experimental_parser': 'False', 'no_print': 'None', 'quiet': 'False', 'warn_error_options': 'WarnErrorOptions(include=[], exclude=[])', 'static_parser': 'True', 'invocation_command': 'dbt run', 'introspect': 'True', 'target_path': 'None', 'log_format': 'default', 'send_anonymous_usage_stats': 'True'}
[0m19:35:29.108950 [error] [MainThread]: Encountered an error:
Runtime Error
  No dbt_project.yml found at expected path C:\Users\teu20\Documents\Poli\Repo\eEDB011-20243\atividade 4\dbt_project\dbt_project.yml
  Verify that each entry within packages.yml (and their transitive dependencies) contains a file named dbt_project.yml
  
[0m19:35:29.110951 [debug] [MainThread]: Command `dbt run` failed at 19:35:29.109950 after 0.09 seconds
[0m19:35:29.110951 [debug] [MainThread]: Sending event: {'category': 'dbt', 'action': 'invocation', 'label': 'end', 'context': [<snowplow_tracker.self_describing_json.SelfDescribingJson object at 0x000001E83FE90380>, <snowplow_tracker.self_describing_json.SelfDescribingJson object at 0x000001E83FE66240>, <snowplow_tracker.self_describing_json.SelfDescribingJson object at 0x000001E83FE66EA0>]}
[0m19:35:29.110951 [debug] [MainThread]: Flushing usage events
[0m19:37:47.421480 [debug] [MainThread]: Sending event: {'category': 'dbt', 'action': 'invocation', 'label': 'start', 'context': [<snowplow_tracker.self_describing_json.SelfDescribingJson object at 0x00000261E149C650>, <snowplow_tracker.self_describing_json.SelfDescribingJson object at 0x00000261E149C440>, <snowplow_tracker.self_describing_json.SelfDescribingJson object at 0x00000261E149C4D0>]}


============================== 19:37:47.423989 | 6b2ad4e5-8fb0-49fd-b09b-bc77db401622 ==============================
[0m19:37:47.423989 [info ] [MainThread]: Running with dbt=1.7.18
[0m19:37:47.424989 [debug] [MainThread]: running dbt with arguments {'printer_width': '80', 'indirect_selection': 'eager', 'write_json': 'True', 'log_cache_events': 'False', 'partial_parse': 'True', 'cache_selected_only': 'False', 'profiles_dir': 'C:\\Users\\teu20\\.dbt', 'fail_fast': 'False', 'debug': 'False', 'log_path': 'logs', 'warn_error': 'None', 'version_check': 'True', 'use_colors': 'True', 'use_experimental_parser': 'False', 'no_print': 'None', 'quiet': 'False', 'log_format': 'default', 'introspect': 'True', 'static_parser': 'True', 'warn_error_options': 'WarnErrorOptions(include=[], exclude=[])', 'target_path': 'None', 'invocation_command': 'dbt run', 'send_anonymous_usage_stats': 'True'}
[0m19:37:47.424989 [error] [MainThread]: Encountered an error:
Runtime Error
  No dbt_project.yml found at expected path C:\Users\teu20\Documents\Poli\Repo\eEDB011-20243\atividade 4\dbt_project\dbt_project.yml
  Verify that each entry within packages.yml (and their transitive dependencies) contains a file named dbt_project.yml
  
[0m19:37:47.426989 [debug] [MainThread]: Command `dbt run` failed at 19:37:47.426989 after 0.08 seconds
[0m19:37:47.426989 [debug] [MainThread]: Sending event: {'category': 'dbt', 'action': 'invocation', 'label': 'end', 'context': [<snowplow_tracker.self_describing_json.SelfDescribingJson object at 0x00000261E10866F0>, <snowplow_tracker.self_describing_json.SelfDescribingJson object at 0x00000261E131A720>, <snowplow_tracker.self_describing_json.SelfDescribingJson object at 0x00000261E1372090>]}
[0m19:37:47.426989 [debug] [MainThread]: Flushing usage events
[0m19:39:13.977157 [debug] [MainThread]: Sending event: {'category': 'dbt', 'action': 'invocation', 'label': 'start', 'context': [<snowplow_tracker.self_describing_json.SelfDescribingJson object at 0x000001BE9C4CC170>, <snowplow_tracker.self_describing_json.SelfDescribingJson object at 0x000001BE9C4CC050>, <snowplow_tracker.self_describing_json.SelfDescribingJson object at 0x000001BE9C4CF020>]}


============================== 19:39:13.980157 | ac39a559-3059-4fca-b98e-194a9e0af4c8 ==============================
[0m19:39:13.980157 [info ] [MainThread]: Running with dbt=1.7.18
[0m19:39:13.981649 [debug] [MainThread]: running dbt with arguments {'printer_width': '80', 'indirect_selection': 'eager', 'write_json': 'True', 'log_cache_events': 'False', 'partial_parse': 'True', 'cache_selected_only': 'False', 'profiles_dir': 'C:\\Users\\teu20\\.dbt', 'fail_fast': 'False', 'warn_error': 'None', 'log_path': 'logs', 'debug': 'False', 'version_check': 'True', 'use_colors': 'True', 'use_experimental_parser': 'False', 'no_print': 'None', 'quiet': 'False', 'warn_error_options': 'WarnErrorOptions(include=[], exclude=[])', 'invocation_command': 'dbt run', 'static_parser': 'True', 'log_format': 'default', 'target_path': 'None', 'introspect': 'True', 'send_anonymous_usage_stats': 'True'}
[0m19:39:13.981649 [error] [MainThread]: Encountered an error:
Runtime Error
  No dbt_project.yml found at expected path C:\Users\teu20\Documents\Poli\Repo\eEDB011-20243\atividade 4\dbt_project\dbt_project.yml
  Verify that each entry within packages.yml (and their transitive dependencies) contains a file named dbt_project.yml
  
[0m19:39:13.982649 [debug] [MainThread]: Command `dbt run` failed at 19:39:13.982649 after 0.08 seconds
[0m19:39:13.983649 [debug] [MainThread]: Sending event: {'category': 'dbt', 'action': 'invocation', 'label': 'end', 'context': [<snowplow_tracker.self_describing_json.SelfDescribingJson object at 0x000001BE9C2F74A0>, <snowplow_tracker.self_describing_json.SelfDescribingJson object at 0x000001BE9C3A7C50>, <snowplow_tracker.self_describing_json.SelfDescribingJson object at 0x000001BE9C4CC3B0>]}
[0m19:39:13.983649 [debug] [MainThread]: Flushing usage events
[0m15:54:41.729389 [debug] [MainThread]: Sending event: {'category': 'dbt', 'action': 'invocation', 'label': 'start', 'context': [<snowplow_tracker.self_describing_json.SelfDescribingJson object at 0x7f68e772a890>, <snowplow_tracker.self_describing_json.SelfDescribingJson object at 0x7f68e5a5f760>, <snowplow_tracker.self_describing_json.SelfDescribingJson object at 0x7f68e5a5f700>]}


============================== 15:54:41.732523 | c404c659-db0c-4ae6-9fc5-544164209222 ==============================
[0m15:54:41.732523 [info ] [MainThread]: Running with dbt=1.7.18
[0m15:54:41.733588 [debug] [MainThread]: running dbt with arguments {'printer_width': '80', 'indirect_selection': 'eager', 'write_json': 'True', 'log_cache_events': 'False', 'partial_parse': 'True', 'cache_selected_only': 'False', 'profiles_dir': '/home/mathewsnog/.dbt', 'version_check': 'True', 'warn_error': 'None', 'log_path': 'logs', 'debug': 'False', 'fail_fast': 'False', 'use_colors': 'True', 'use_experimental_parser': 'False', 'no_print': 'None', 'quiet': 'False', 'log_format': 'default', 'static_parser': 'True', 'warn_error_options': 'WarnErrorOptions(include=[], exclude=[])', 'introspect': 'True', 'target_path': 'None', 'invocation_command': 'dbt init', 'send_anonymous_usage_stats': 'True'}
[0m15:54:41.734536 [warn ] [MainThread]: [ConfigFolderDirectory]: Unable to parse dict {'dir': PosixPath('/home/mathewsnog/.dbt')}
[0m15:54:41.735320 [info ] [MainThread]: Creating dbt configuration folder at 
[0m15:55:10.103312 [debug] [MainThread]: Starter project path: /home/mathewsnog/.pyenv/versions/3.10.4/envs/dbt_env/lib/python3.10/site-packages/dbt/include/starter_project
[0m15:55:10.215758 [info ] [MainThread]: 
Your new dbt project "bancos_airflow" was created!

For more information on how to configure the profiles.yml file,
please consult the dbt documentation here:

  https://docs.getdbt.com/docs/configure-your-profile

One more thing:

Need help? Don't hesitate to reach out to us via GitHub issues or on Slack:

  https://community.getdbt.com/

Happy modeling!

[0m15:55:10.217015 [info ] [MainThread]: Setting up your profile.
[0m15:55:19.827746 [info ] [MainThread]: Profile bancos_airflow written to /home/mathewsnog/.dbt/profiles.yml using target's sample configuration. Once updated, you'll be able to start developing with dbt.
[0m15:55:19.830120 [debug] [MainThread]: Resource report: {"command_name": "init", "command_success": true, "command_wall_clock_time": 38.146385, "process_user_time": 1.80948, "process_kernel_time": 0.068965, "process_mem_max_rss": "96076", "process_in_blocks": "2216", "process_out_blocks": "8"}
[0m15:55:19.831167 [debug] [MainThread]: Command `dbt init` succeeded at 15:55:19.830978 after 38.15 seconds
[0m15:55:19.832069 [debug] [MainThread]: Sending event: {'category': 'dbt', 'action': 'invocation', 'label': 'end', 'context': [<snowplow_tracker.self_describing_json.SelfDescribingJson object at 0x7f68e772a890>, <snowplow_tracker.self_describing_json.SelfDescribingJson object at 0x7f68e5a5f820>, <snowplow_tracker.self_describing_json.SelfDescribingJson object at 0x7f68e5a5f730>]}
[0m15:55:19.833114 [debug] [MainThread]: Flushing usage events
[0m16:00:17.447096 [debug] [MainThread]: Sending event: {'category': 'dbt', 'action': 'invocation', 'label': 'start', 'context': [<snowplow_tracker.self_describing_json.SelfDescribingJson object at 0x7fcba50eee00>, <snowplow_tracker.self_describing_json.SelfDescribingJson object at 0x7fcba341f820>, <snowplow_tracker.self_describing_json.SelfDescribingJson object at 0x7fcba341f790>]}


============================== 16:00:17.449968 | bb03b032-0cc0-4871-a877-595cbd05341b ==============================
[0m16:00:17.449968 [info ] [MainThread]: Running with dbt=1.7.18
[0m16:00:17.451147 [debug] [MainThread]: running dbt with arguments {'printer_width': '80', 'indirect_selection': 'eager', 'log_cache_events': 'False', 'write_json': 'True', 'partial_parse': 'True', 'cache_selected_only': 'False', 'warn_error': 'None', 'version_check': 'True', 'debug': 'False', 'log_path': 'logs', 'profiles_dir': '/home/mathewsnog/.dbt', 'fail_fast': 'False', 'use_colors': 'True', 'use_experimental_parser': 'False', 'no_print': 'None', 'quiet': 'False', 'warn_error_options': 'WarnErrorOptions(include=[], exclude=[])', 'introspect': 'True', 'log_format': 'default', 'invocation_command': 'dbt debug', 'target_path': 'None', 'static_parser': 'True', 'send_anonymous_usage_stats': 'True'}
[0m16:00:17.452325 [info ] [MainThread]: dbt version: 1.7.18
[0m16:00:17.453196 [info ] [MainThread]: python version: 3.10.4
[0m16:00:17.453978 [info ] [MainThread]: python path: /home/mathewsnog/.pyenv/versions/3.10.4/envs/dbt_env/bin/python
[0m16:00:17.454812 [info ] [MainThread]: os info: Linux-5.15.153.1-microsoft-standard-WSL2-x86_64-with-glibc2.35
[0m16:00:17.507872 [info ] [MainThread]: Using profiles dir at /home/mathewsnog/.dbt
[0m16:00:17.508918 [info ] [MainThread]: Using profiles.yml file at /home/mathewsnog/.dbt/profiles.yml
[0m16:00:17.509761 [info ] [MainThread]: Using dbt_project.yml file at /mnt/c/Users/teu20/Documents/Poli/Repo/eEDB011-20243/atividade 6 - WSL/dbt_project/dbt_project.yml
[0m16:00:17.510753 [info ] [MainThread]: Configuration:
[0m16:00:17.511587 [info ] [MainThread]:   profiles.yml file [[31mERROR invalid[0m]
[0m16:00:17.512356 [info ] [MainThread]:   dbt_project.yml file [[31mERROR not found[0m]
[0m16:00:17.513183 [info ] [MainThread]: Required dependencies:
[0m16:00:17.514012 [debug] [MainThread]: Executing "git --help"
[0m16:00:17.527063 [debug] [MainThread]: STDOUT: "b"usage: git [--version] [--help] [-C <path>] [-c <name>=<value>]\n           [--exec-path[=<path>]] [--html-path] [--man-path] [--info-path]\n           [-p | --paginate | -P | --no-pager] [--no-replace-objects] [--bare]\n           [--git-dir=<path>] [--work-tree=<path>] [--namespace=<name>]\n           [--super-prefix=<path>] [--config-env=<name>=<envvar>]\n           <command> [<args>]\n\nThese are common Git commands used in various situations:\n\nstart a working area (see also: git help tutorial)\n   clone     Clone a repository into a new directory\n   init      Create an empty Git repository or reinitialize an existing one\n\nwork on the current change (see also: git help everyday)\n   add       Add file contents to the index\n   mv        Move or rename a file, a directory, or a symlink\n   restore   Restore working tree files\n   rm        Remove files from the working tree and from the index\n\nexamine the history and state (see also: git help revisions)\n   bisect    Use binary search to find the commit that introduced a bug\n   diff      Show changes between commits, commit and working tree, etc\n   grep      Print lines matching a pattern\n   log       Show commit logs\n   show      Show various types of objects\n   status    Show the working tree status\n\ngrow, mark and tweak your common history\n   branch    List, create, or delete branches\n   commit    Record changes to the repository\n   merge     Join two or more development histories together\n   rebase    Reapply commits on top of another base tip\n   reset     Reset current HEAD to the specified state\n   switch    Switch branches\n   tag       Create, list, delete or verify a tag object signed with GPG\n\ncollaborate (see also: git help workflows)\n   fetch     Download objects and refs from another repository\n   pull      Fetch from and integrate with another repository or a local branch\n   push      Update remote refs along with associated objects\n\n'git help -a' and 'git help -g' list available subcommands and some\nconcept guides. See 'git help <command>' or 'git help <concept>'\nto read about a specific subcommand or concept.\nSee 'git help git' for an overview of the system.\n""
[0m16:00:17.528127 [debug] [MainThread]: STDERR: "b''"
[0m16:00:17.528898 [info ] [MainThread]:  - git [[32mOK found[0m]

[0m16:00:17.529866 [info ] [MainThread]: Connection test skipped since no profile was found
[0m16:00:17.530707 [info ] [MainThread]: [31m2 checks failed:[0m
[0m16:00:17.531557 [info ] [MainThread]: Could not load dbt_project.yml
Profile loading failed for the following reason:
Runtime Error
  Credentials in profile "bancos_airflow", target "dev" invalid: ['schema'] is not valid under any of the given schemas


[0m16:00:17.532393 [info ] [MainThread]: Project loading failed for the following reason:
 project path </mnt/c/Users/teu20/Documents/Poli/Repo/eEDB011-20243/atividade 6 - WSL/dbt_project/dbt_project.yml> not found

[0m16:00:17.533583 [debug] [MainThread]: Resource report: {"command_name": "debug", "command_wall_clock_time": 0.13254386, "process_user_time": 1.82296, "process_kernel_time": 0.06973, "process_mem_max_rss": "95844", "process_out_blocks": "8", "command_success": false, "process_in_blocks": "0"}
[0m16:00:17.534576 [debug] [MainThread]: Command `dbt debug` failed at 16:00:17.534447 after 0.13 seconds
[0m16:00:17.535455 [debug] [MainThread]: Sending event: {'category': 'dbt', 'action': 'invocation', 'label': 'end', 'context': [<snowplow_tracker.self_describing_json.SelfDescribingJson object at 0x7fcba50eee00>, <snowplow_tracker.self_describing_json.SelfDescribingJson object at 0x7fcba341fa60>, <snowplow_tracker.self_describing_json.SelfDescribingJson object at 0x7fcba2a8dcf0>]}
[0m16:00:17.536518 [debug] [MainThread]: Flushing usage events
