[2024-09-09T18:13:36.016-0300] {local_task_job_runner.py:123} INFO - ::group::Pre task execution logs
[2024-09-09T18:13:36.029-0300] {taskinstance.py:2612} INFO - Dependencies all met for dep_context=non-requeueable deps ti=<TaskInstance: dat_dbt_raw_model.dat_dbt_raw_model scheduled__2024-08-29T08:15:00+00:00 [queued]>
[2024-09-09T18:13:36.038-0300] {taskinstance.py:2612} INFO - Dependencies all met for dep_context=requeueable deps ti=<TaskInstance: dat_dbt_raw_model.dat_dbt_raw_model scheduled__2024-08-29T08:15:00+00:00 [queued]>
[2024-09-09T18:13:36.039-0300] {taskinstance.py:2865} INFO - Starting attempt 1 of 2
[2024-09-09T18:13:36.064-0300] {taskinstance.py:2888} INFO - Executing <Task(BashOperator): dat_dbt_raw_model> on 2024-08-29 08:15:00+00:00
[2024-09-09T18:13:36.067-0300] {standard_task_runner.py:72} INFO - Started process 171405 to run task
[2024-09-09T18:13:36.069-0300] {standard_task_runner.py:104} INFO - Running: ['airflow', 'tasks', 'run', 'dat_dbt_raw_model', 'dat_dbt_raw_model', 'scheduled__2024-08-29T08:15:00+00:00', '--job-id', '68', '--raw', '--subdir', 'DAGS_FOLDER/dat_dbt_raw_model.py', '--cfg-path', '/tmp/tmpmsx9xe1s']
[2024-09-09T18:13:36.070-0300] {standard_task_runner.py:105} INFO - Job 68: Subtask dat_dbt_raw_model
[2024-09-09T18:13:36.133-0300] {task_command.py:467} INFO - Running <TaskInstance: dat_dbt_raw_model.dat_dbt_raw_model scheduled__2024-08-29T08:15:00+00:00 [running]> on host DESKTOP-0CT35O1.
[2024-09-09T18:13:36.210-0300] {taskinstance.py:3131} INFO - Exporting env vars: AIRFLOW_CTX_DAG_OWNER='Matheus' AIRFLOW_CTX_DAG_ID='dat_dbt_raw_model' AIRFLOW_CTX_TASK_ID='dat_dbt_raw_model' AIRFLOW_CTX_EXECUTION_DATE='2024-08-29T08:15:00+00:00' AIRFLOW_CTX_TRY_NUMBER='1' AIRFLOW_CTX_DAG_RUN_ID='scheduled__2024-08-29T08:15:00+00:00'
[2024-09-09T18:13:36.211-0300] {logging_mixin.py:190} INFO - Task instance is in running state
[2024-09-09T18:13:36.212-0300] {logging_mixin.py:190} INFO -  Previous state of the Task instance: queued
[2024-09-09T18:13:36.213-0300] {logging_mixin.py:190} INFO - Current task name:dat_dbt_raw_model state:running start_date:2024-09-09 21:13:36.030942+00:00
[2024-09-09T18:13:36.214-0300] {logging_mixin.py:190} INFO - Dag name:dat_dbt_raw_model and current dag run status:running
[2024-09-09T18:13:36.215-0300] {taskinstance.py:731} INFO - ::endgroup::
[2024-09-09T18:13:36.217-0300] {subprocess.py:63} INFO - Tmp dir root location: /tmp
[2024-09-09T18:13:36.218-0300] {subprocess.py:75} INFO - Running command: ['/usr/bin/bash', '-c', 'cd /mnt/c/Users/teu20/Documents/Poli/Repo/eEDB011-20243/atividade 6 - WSL/dbt_project/bancos_airflow && dbt run --models bancos_raw']
[2024-09-09T18:13:36.223-0300] {subprocess.py:86} INFO - Output:
[2024-09-09T18:13:36.225-0300] {subprocess.py:93} INFO - /usr/bin/bash: line 1: cd: too many arguments
[2024-09-09T18:13:36.226-0300] {subprocess.py:97} INFO - Command exited with return code 1
[2024-09-09T18:13:36.235-0300] {taskinstance.py:3310} ERROR - Task failed with exception
Traceback (most recent call last):
  File "/mnt/c/Users/teu20/Documents/Poli/Repo/eEDB011-20243/atividade 6 - WSL/airflow/airflow_env/lib/python3.10/site-packages/airflow/models/taskinstance.py", line 767, in _execute_task
    result = _execute_callable(context=context, **execute_callable_kwargs)
  File "/mnt/c/Users/teu20/Documents/Poli/Repo/eEDB011-20243/atividade 6 - WSL/airflow/airflow_env/lib/python3.10/site-packages/airflow/models/taskinstance.py", line 733, in _execute_callable
    return ExecutionCallableRunner(
  File "/mnt/c/Users/teu20/Documents/Poli/Repo/eEDB011-20243/atividade 6 - WSL/airflow/airflow_env/lib/python3.10/site-packages/airflow/utils/operator_helpers.py", line 252, in run
    return self.func(*args, **kwargs)
  File "/mnt/c/Users/teu20/Documents/Poli/Repo/eEDB011-20243/atividade 6 - WSL/airflow/airflow_env/lib/python3.10/site-packages/airflow/models/baseoperator.py", line 406, in wrapper
    return func(self, *args, **kwargs)
  File "/mnt/c/Users/teu20/Documents/Poli/Repo/eEDB011-20243/atividade 6 - WSL/airflow/airflow_env/lib/python3.10/site-packages/airflow/operators/bash.py", line 249, in execute
    raise AirflowException(
airflow.exceptions.AirflowException: Bash command failed. The command returned a non-zero exit code 1.
[2024-09-09T18:13:36.252-0300] {logging_mixin.py:190} INFO - Task instance in failure state
[2024-09-09T18:13:36.253-0300] {logging_mixin.py:190} INFO - Task start:2024-09-09 21:13:36.030942+00:00 end:2024-09-09 21:13:36.252516+00:00 duration:0.221574
[2024-09-09T18:13:36.254-0300] {logging_mixin.py:190} INFO - Task:<Task(BashOperator): dat_dbt_raw_model> dag:<DAG: dat_dbt_raw_model> dagrun:<DagRun dat_dbt_raw_model @ 2024-08-29 08:15:00+00:00: scheduled__2024-08-29T08:15:00+00:00, state:running, queued_at: 2024-09-09 21:13:22.253344+00:00. externally triggered: False>
[2024-09-09T18:13:36.255-0300] {logging_mixin.py:190} INFO - Failure caused by Bash command failed. The command returned a non-zero exit code 1.
[2024-09-09T18:13:36.256-0300] {taskinstance.py:1225} INFO - Marking task as UP_FOR_RETRY. dag_id=dat_dbt_raw_model, task_id=dat_dbt_raw_model, run_id=scheduled__2024-08-29T08:15:00+00:00, execution_date=20240829T081500, start_date=20240909T211336, end_date=20240909T211336
[2024-09-09T18:13:36.284-0300] {taskinstance.py:340} INFO - ::group::Post task execution logs
[2024-09-09T18:13:36.285-0300] {standard_task_runner.py:124} ERROR - Failed to execute job 68 for task dat_dbt_raw_model (Bash command failed. The command returned a non-zero exit code 1.; 171405)
Traceback (most recent call last):
  File "/mnt/c/Users/teu20/Documents/Poli/Repo/eEDB011-20243/atividade 6 - WSL/airflow/airflow_env/lib/python3.10/site-packages/airflow/task/task_runner/standard_task_runner.py", line 117, in _start_by_fork
    ret = args.func(args, dag=self.dag)
  File "/mnt/c/Users/teu20/Documents/Poli/Repo/eEDB011-20243/atividade 6 - WSL/airflow/airflow_env/lib/python3.10/site-packages/airflow/cli/cli_config.py", line 49, in command
    return func(*args, **kwargs)
  File "/mnt/c/Users/teu20/Documents/Poli/Repo/eEDB011-20243/atividade 6 - WSL/airflow/airflow_env/lib/python3.10/site-packages/airflow/utils/cli.py", line 115, in wrapper
    return f(*args, **kwargs)
  File "/mnt/c/Users/teu20/Documents/Poli/Repo/eEDB011-20243/atividade 6 - WSL/airflow/airflow_env/lib/python3.10/site-packages/airflow/cli/commands/task_command.py", line 483, in task_run
    task_return_code = _run_task_by_selected_method(args, _dag, ti)
  File "/mnt/c/Users/teu20/Documents/Poli/Repo/eEDB011-20243/atividade 6 - WSL/airflow/airflow_env/lib/python3.10/site-packages/airflow/cli/commands/task_command.py", line 256, in _run_task_by_selected_method
    return _run_raw_task(args, ti)
  File "/mnt/c/Users/teu20/Documents/Poli/Repo/eEDB011-20243/atividade 6 - WSL/airflow/airflow_env/lib/python3.10/site-packages/airflow/cli/commands/task_command.py", line 341, in _run_raw_task
    return ti._run_raw_task(
  File "/mnt/c/Users/teu20/Documents/Poli/Repo/eEDB011-20243/atividade 6 - WSL/airflow/airflow_env/lib/python3.10/site-packages/airflow/utils/session.py", line 97, in wrapper
    return func(*args, session=session, **kwargs)
  File "/mnt/c/Users/teu20/Documents/Poli/Repo/eEDB011-20243/atividade 6 - WSL/airflow/airflow_env/lib/python3.10/site-packages/airflow/models/taskinstance.py", line 3004, in _run_raw_task
    return _run_raw_task(
  File "/mnt/c/Users/teu20/Documents/Poli/Repo/eEDB011-20243/atividade 6 - WSL/airflow/airflow_env/lib/python3.10/site-packages/airflow/models/taskinstance.py", line 273, in _run_raw_task
    TaskInstance._execute_task_with_callbacks(
  File "/mnt/c/Users/teu20/Documents/Poli/Repo/eEDB011-20243/atividade 6 - WSL/airflow/airflow_env/lib/python3.10/site-packages/airflow/models/taskinstance.py", line 3158, in _execute_task_with_callbacks
    result = self._execute_task(context, task_orig)
  File "/mnt/c/Users/teu20/Documents/Poli/Repo/eEDB011-20243/atividade 6 - WSL/airflow/airflow_env/lib/python3.10/site-packages/airflow/models/taskinstance.py", line 3182, in _execute_task
    return _execute_task(self, context, task_orig)
  File "/mnt/c/Users/teu20/Documents/Poli/Repo/eEDB011-20243/atividade 6 - WSL/airflow/airflow_env/lib/python3.10/site-packages/airflow/models/taskinstance.py", line 767, in _execute_task
    result = _execute_callable(context=context, **execute_callable_kwargs)
  File "/mnt/c/Users/teu20/Documents/Poli/Repo/eEDB011-20243/atividade 6 - WSL/airflow/airflow_env/lib/python3.10/site-packages/airflow/models/taskinstance.py", line 733, in _execute_callable
    return ExecutionCallableRunner(
  File "/mnt/c/Users/teu20/Documents/Poli/Repo/eEDB011-20243/atividade 6 - WSL/airflow/airflow_env/lib/python3.10/site-packages/airflow/utils/operator_helpers.py", line 252, in run
    return self.func(*args, **kwargs)
  File "/mnt/c/Users/teu20/Documents/Poli/Repo/eEDB011-20243/atividade 6 - WSL/airflow/airflow_env/lib/python3.10/site-packages/airflow/models/baseoperator.py", line 406, in wrapper
    return func(self, *args, **kwargs)
  File "/mnt/c/Users/teu20/Documents/Poli/Repo/eEDB011-20243/atividade 6 - WSL/airflow/airflow_env/lib/python3.10/site-packages/airflow/operators/bash.py", line 249, in execute
    raise AirflowException(
airflow.exceptions.AirflowException: Bash command failed. The command returned a non-zero exit code 1.
[2024-09-09T18:13:36.323-0300] {local_task_job_runner.py:266} INFO - Task exited with return code 1
[2024-09-09T18:13:36.338-0300] {taskinstance.py:3900} INFO - 0 downstream tasks scheduled from follow-on schedule check
[2024-09-09T18:13:36.339-0300] {local_task_job_runner.py:245} INFO - ::endgroup::
